[0.013s] Invoking command in '/home/guo/ITL_Auto_aim/build/auto_aim': AMENT_PREFIX_PATH=/home/guo/ITL_Auto_aim/install/deveice:/home/guo/ITL_Auto_aim/install/serial:/home/guo/ITL_Auto_aim/install/utils:/home/guo/ITL_Auto_aim/install/autoaim_msgs:${AMENT_PREFIX_PATH} CMAKE_PREFIX_PATH=/home/guo/ITL_Auto_aim/install/deveice:/home/guo/ITL_Auto_aim/install/serial:/home/guo/ITL_Auto_aim/install/utils:/home/guo/ITL_Auto_aim/install/autoaim_msgs:/opt/ros/rolling LD_LIBRARY_PATH=/home/guo/ITL_Auto_aim/install/deveice/lib:/home/guo/ITL_Auto_aim/install/serial/lib:/home/guo/ITL_Auto_aim/install/utils/lib:/home/guo/ITL_Auto_aim/install/autoaim_msgs/lib:/usr/lib/x86_64-linux-gnu:/opt/ros/rolling/opt/rviz_ogre_vendor/lib:/opt/ros/rolling/lib/x86_64-linux-gnu:/opt/ros/rolling/lib:/opt/MVS/lib/64:/opt/MVS/lib/32:/usr/local/TensorRT.10.7.0.23/lib:/usr/lib/x86_64-linux-gnu:/usr/local/cuda/lib64:/opt/MVS/lib/64:/opt/MVS/lib/32:/opt/MVS/lib/64:/opt/MVS/lib/32 PYTHONPATH=/home/guo/ITL_Auto_aim/install/autoaim_msgs/lib/python3.10/site-packages:${PYTHONPATH} /usr/local/bin/cmake /home/guo/ITL_Auto_aim/src/core/auto_aim -DCMAKE_INSTALL_PREFIX=/home/guo/ITL_Auto_aim/install/auto_aim
[0.059s] -- The CXX compiler identification is GNU 11.4.0
[0.073s] -- Detecting CXX compiler ABI info
[0.132s] -- Detecting CXX compiler ABI info - done
[0.141s] -- Check for working CXX compiler: /usr/bin/c++ - skipped
[0.141s] -- Detecting CXX compile features
[0.141s] -- Detecting CXX compile features - done
[0.143s] -- Found ament_cmake: 2.3.2 (/opt/ros/rolling/share/ament_cmake/cmake)
[0.490s] -- Found Python3: /usr/bin/python3.10 (found version "3.10.12") found components: Interpreter 
[0.557s] -- Found rclcpp: 27.0.0 (/opt/ros/rolling/share/rclcpp/cmake)
[0.589s] -- Found rosidl_generator_c: 4.5.1 (/opt/ros/rolling/share/rosidl_generator_c/cmake)
[0.600s] -- Found rosidl_generator_cpp: 4.5.1 (/opt/ros/rolling/share/rosidl_generator_cpp/cmake)
[0.616s] -- Using all available rosidl_typesupport_c: rosidl_typesupport_fastrtps_c;rosidl_typesupport_introspection_c
[0.635s] -- Using all available rosidl_typesupport_cpp: rosidl_typesupport_fastrtps_cpp;rosidl_typesupport_introspection_cpp
[0.796s] -- Found rmw_implementation_cmake: 7.3.0 (/opt/ros/rolling/share/rmw_implementation_cmake/cmake)
[0.799s] -- Found rmw_fastrtps_cpp: 8.2.0 (/opt/ros/rolling/share/rmw_fastrtps_cpp/cmake)
[0.891s] -- Found OpenSSL: /usr/lib/x86_64-linux-gnu/libcrypto.so (found version "3.0.2")  
[0.915s] -- Found FastRTPS: /opt/ros/rolling/include  
[0.958s] -- Using RMW implementation 'rmw_fastrtps_cpp' as default
[1.143s] -- Found std_msgs: 5.3.0 (/opt/ros/rolling/share/std_msgs/cmake)
[1.173s] -- Found sensor_msgs: 5.3.0 (/opt/ros/rolling/share/sensor_msgs/cmake)
[1.323s] -- Found cv_bridge: 3.4.0 (/opt/ros/rolling/share/cv_bridge/cmake)
[1.348s] -- Found std_srvs: 5.3.0 (/opt/ros/rolling/share/std_srvs/cmake)
[1.396s] -- Found autoaim_msgs: 0.0.1 (/home/guo/ITL_Auto_aim/install/autoaim_msgs/share/autoaim_msgs/cmake)
[1.524s] -- Found utils: 1.0.0 (/home/guo/ITL_Auto_aim/install/utils/share/utils/cmake)
[1.555s] -- Found deveice: 1.0.0 (/home/guo/ITL_Auto_aim/install/deveice/share/deveice/cmake)
[1.592s] -- Found OpenCV: /usr (found version "4.5.4") 
[1.598s] -- Performing Test CMAKE_HAVE_LIBC_PTHREAD
[1.659s] -- Performing Test CMAKE_HAVE_LIBC_PTHREAD - Success
[1.660s] -- Found Threads: TRUE  
[1.719s] -- Configuring done (1.7s)
[1.768s] -- Generating done (0.0s)
[1.775s] -- Build files have been written to: /home/guo/ITL_Auto_aim/build/auto_aim
[1.784s] Invoked command in '/home/guo/ITL_Auto_aim/build/auto_aim' returned '0': AMENT_PREFIX_PATH=/home/guo/ITL_Auto_aim/install/deveice:/home/guo/ITL_Auto_aim/install/serial:/home/guo/ITL_Auto_aim/install/utils:/home/guo/ITL_Auto_aim/install/autoaim_msgs:${AMENT_PREFIX_PATH} CMAKE_PREFIX_PATH=/home/guo/ITL_Auto_aim/install/deveice:/home/guo/ITL_Auto_aim/install/serial:/home/guo/ITL_Auto_aim/install/utils:/home/guo/ITL_Auto_aim/install/autoaim_msgs:/opt/ros/rolling LD_LIBRARY_PATH=/home/guo/ITL_Auto_aim/install/deveice/lib:/home/guo/ITL_Auto_aim/install/serial/lib:/home/guo/ITL_Auto_aim/install/utils/lib:/home/guo/ITL_Auto_aim/install/autoaim_msgs/lib:/usr/lib/x86_64-linux-gnu:/opt/ros/rolling/opt/rviz_ogre_vendor/lib:/opt/ros/rolling/lib/x86_64-linux-gnu:/opt/ros/rolling/lib:/opt/MVS/lib/64:/opt/MVS/lib/32:/usr/local/TensorRT.10.7.0.23/lib:/usr/lib/x86_64-linux-gnu:/usr/local/cuda/lib64:/opt/MVS/lib/64:/opt/MVS/lib/32:/opt/MVS/lib/64:/opt/MVS/lib/32 PYTHONPATH=/home/guo/ITL_Auto_aim/install/autoaim_msgs/lib/python3.10/site-packages:${PYTHONPATH} /usr/local/bin/cmake /home/guo/ITL_Auto_aim/src/core/auto_aim -DCMAKE_INSTALL_PREFIX=/home/guo/ITL_Auto_aim/install/auto_aim
[1.785s] Invoking command in '/home/guo/ITL_Auto_aim/build/auto_aim': AMENT_PREFIX_PATH=/home/guo/ITL_Auto_aim/install/deveice:/home/guo/ITL_Auto_aim/install/serial:/home/guo/ITL_Auto_aim/install/utils:/home/guo/ITL_Auto_aim/install/autoaim_msgs:${AMENT_PREFIX_PATH} CMAKE_PREFIX_PATH=/home/guo/ITL_Auto_aim/install/deveice:/home/guo/ITL_Auto_aim/install/serial:/home/guo/ITL_Auto_aim/install/utils:/home/guo/ITL_Auto_aim/install/autoaim_msgs:/opt/ros/rolling LD_LIBRARY_PATH=/home/guo/ITL_Auto_aim/install/deveice/lib:/home/guo/ITL_Auto_aim/install/serial/lib:/home/guo/ITL_Auto_aim/install/utils/lib:/home/guo/ITL_Auto_aim/install/autoaim_msgs/lib:/usr/lib/x86_64-linux-gnu:/opt/ros/rolling/opt/rviz_ogre_vendor/lib:/opt/ros/rolling/lib/x86_64-linux-gnu:/opt/ros/rolling/lib:/opt/MVS/lib/64:/opt/MVS/lib/32:/usr/local/TensorRT.10.7.0.23/lib:/usr/lib/x86_64-linux-gnu:/usr/local/cuda/lib64:/opt/MVS/lib/64:/opt/MVS/lib/32:/opt/MVS/lib/64:/opt/MVS/lib/32 PYTHONPATH=/home/guo/ITL_Auto_aim/install/autoaim_msgs/lib/python3.10/site-packages:${PYTHONPATH} /usr/local/bin/cmake --build /home/guo/ITL_Auto_aim/build/auto_aim -- -j24 -l24
[1.805s] [  3%] [32mBuilding CXX object CMakeFiles/auto_aim_detected.dir/detected/src/common/armor.cpp.o[0m
[1.806s] [  6%] [32mBuilding CXX object CMakeFiles/auto_aim_detected.dir/detected/src/detector/common_detector.cpp.o[0m
[1.806s] [ 16%] [32mBuilding CXX object CMakeFiles/auto_aim_pointer.dir/pointer/src/image_processor.cpp.o[0m
[1.806s] [ 16%] [32mBuilding CXX object CMakeFiles/auto_aim_detected.dir/detected/src/classifier/armor_classifier.cpp.o[0m
[1.806s] [ 16%] [32mBuilding CXX object CMakeFiles/auto_aim_motion_model.dir/target/motion_model/src/full_model.cpp.o[0m
[1.806s] [ 22%] [32mBuilding CXX object CMakeFiles/auto_aim_detected.dir/detected/src/detector/yolo11.cpp.o[0m
[1.806s] [ 22%] [32mBuilding CXX object CMakeFiles/auto_aim_pointer.dir/pointer/src/lightbar_detector.cpp.o[0m
[1.806s] [ 25%] [32mBuilding CXX object CMakeFiles/auto_aim_detected.dir/detected/src/node/armor_detector_node.cpp.o[0m
[4.235s] [ 29%] [32m[1mLinking CXX static library libauto_aim_pointer.a[0m
[4.262s] [ 29%] Built target auto_aim_pointer
[7.906s] [ 32%] [32m[1mLinking CXX static library libauto_aim_detected.a[0m
[7.989s] [ 32%] Built target auto_aim_detected
[7.997s] [ 35%] [32mBuilding CXX object CMakeFiles/auto_aim_solver.dir/solver/src/module/solver.cpp.o[0m
[7.997s] [ 38%] [32mBuilding CXX object CMakeFiles/auto_aim_solver.dir/solver/src/module/coord_converter.cpp.o[0m
[7.997s] [ 41%] [32mBuilding CXX object CMakeFiles/auto_aim_solver.dir/solver/src/module/pnp_solver.cpp.o[0m
[7.998s] [ 45%] [32mBuilding CXX object CMakeFiles/auto_aim_solver.dir/solver/src/solver_node.cpp.o[0m
[7.998s] [ 48%] [32mBuilding CXX object CMakeFiles/auto_aim_solver.dir/solver/src/module/optimize_yaw.cpp.o[0m
[9.130s] [ 51%] [32m[1mLinking CXX static library libauto_aim_motion_model.a[0m
[9.224s] [ 51%] Built target auto_aim_motion_model
[16.449s] [ 54%] [32m[1mLinking CXX static library libauto_aim_solver.a[0m
[16.720s] [ 54%] Built target auto_aim_solver
[16.728s] [ 58%] [32mBuilding CXX object CMakeFiles/auto_aim_predictor.dir/target/predictor/src/target.cpp.o[0m
[22.093s] [ 61%] [32m[1mLinking CXX static library libauto_aim_predictor.a[0m
[22.165s] [ 61%] Built target auto_aim_predictor
[22.173s] [ 64%] [32mBuilding CXX object CMakeFiles/auto_aim_aimer.dir/aimer/src/aimer.cpp.o[0m
[22.173s] [ 70%] [32mBuilding CXX object CMakeFiles/auto_aim_planner.dir/planner/tinympc/src/tiny_api.cpp.o[0m
[22.173s] [ 70%] [32mBuilding CXX object CMakeFiles/auto_aim_planner.dir/planner/src/planner.cpp.o[0m
[22.174s] [ 74%] [32mBuilding CXX object CMakeFiles/auto_aim_planner.dir/planner/tinympc/src/rho_benchmark.cpp.o[0m
[22.174s] [ 77%] [32mBuilding CXX object CMakeFiles/auto_aim_planner.dir/planner/tinympc/src/codegen.cpp.o[0m
[22.174s] [ 80%] [32mBuilding CXX object CMakeFiles/auto_aim_planner.dir/planner/tinympc/src/admm.cpp.o[0m
[28.095s] [ 83%] [32m[1mLinking CXX static library libauto_aim_aimer.a[0m
[28.154s] [ 83%] Built target auto_aim_aimer
[28.162s] [ 87%] [32mBuilding CXX object CMakeFiles/auto_aim_tracker.dir/tracker/src/tracker.cpp.o[0m
[28.446s] [ 90%] [32m[1mLinking CXX static library libauto_aim_planner.a[0m
[28.587s] [ 90%] Built target auto_aim_planner
[35.335s] [ 93%] [32m[1mLinking CXX static library libauto_aim_tracker.a[0m
[35.393s] [ 93%] Built target auto_aim_tracker
[35.401s] [ 96%] [32mBuilding CXX object CMakeFiles/auto_aim.dir/auto_aim_force_link.cpp.o[0m
[35.415s] [100%] [32m[1mLinking CXX shared library libauto_aim.so[0m
[37.410s] [100%] Built target auto_aim
[37.415s] Invoked command in '/home/guo/ITL_Auto_aim/build/auto_aim' returned '0': AMENT_PREFIX_PATH=/home/guo/ITL_Auto_aim/install/deveice:/home/guo/ITL_Auto_aim/install/serial:/home/guo/ITL_Auto_aim/install/utils:/home/guo/ITL_Auto_aim/install/autoaim_msgs:${AMENT_PREFIX_PATH} CMAKE_PREFIX_PATH=/home/guo/ITL_Auto_aim/install/deveice:/home/guo/ITL_Auto_aim/install/serial:/home/guo/ITL_Auto_aim/install/utils:/home/guo/ITL_Auto_aim/install/autoaim_msgs:/opt/ros/rolling LD_LIBRARY_PATH=/home/guo/ITL_Auto_aim/install/deveice/lib:/home/guo/ITL_Auto_aim/install/serial/lib:/home/guo/ITL_Auto_aim/install/utils/lib:/home/guo/ITL_Auto_aim/install/autoaim_msgs/lib:/usr/lib/x86_64-linux-gnu:/opt/ros/rolling/opt/rviz_ogre_vendor/lib:/opt/ros/rolling/lib/x86_64-linux-gnu:/opt/ros/rolling/lib:/opt/MVS/lib/64:/opt/MVS/lib/32:/usr/local/TensorRT.10.7.0.23/lib:/usr/lib/x86_64-linux-gnu:/usr/local/cuda/lib64:/opt/MVS/lib/64:/opt/MVS/lib/32:/opt/MVS/lib/64:/opt/MVS/lib/32 PYTHONPATH=/home/guo/ITL_Auto_aim/install/autoaim_msgs/lib/python3.10/site-packages:${PYTHONPATH} /usr/local/bin/cmake --build /home/guo/ITL_Auto_aim/build/auto_aim -- -j24 -l24
[37.415s] Invoking command in '/home/guo/ITL_Auto_aim/build/auto_aim': AMENT_PREFIX_PATH=/home/guo/ITL_Auto_aim/install/deveice:/home/guo/ITL_Auto_aim/install/serial:/home/guo/ITL_Auto_aim/install/utils:/home/guo/ITL_Auto_aim/install/autoaim_msgs:${AMENT_PREFIX_PATH} CMAKE_PREFIX_PATH=/home/guo/ITL_Auto_aim/install/deveice:/home/guo/ITL_Auto_aim/install/serial:/home/guo/ITL_Auto_aim/install/utils:/home/guo/ITL_Auto_aim/install/autoaim_msgs:/opt/ros/rolling LD_LIBRARY_PATH=/home/guo/ITL_Auto_aim/install/deveice/lib:/home/guo/ITL_Auto_aim/install/serial/lib:/home/guo/ITL_Auto_aim/install/utils/lib:/home/guo/ITL_Auto_aim/install/autoaim_msgs/lib:/usr/lib/x86_64-linux-gnu:/opt/ros/rolling/opt/rviz_ogre_vendor/lib:/opt/ros/rolling/lib/x86_64-linux-gnu:/opt/ros/rolling/lib:/opt/MVS/lib/64:/opt/MVS/lib/32:/usr/local/TensorRT.10.7.0.23/lib:/usr/lib/x86_64-linux-gnu:/usr/local/cuda/lib64:/opt/MVS/lib/64:/opt/MVS/lib/32:/opt/MVS/lib/64:/opt/MVS/lib/32 PYTHONPATH=/home/guo/ITL_Auto_aim/install/autoaim_msgs/lib/python3.10/site-packages:${PYTHONPATH} /usr/local/bin/cmake --install /home/guo/ITL_Auto_aim/build/auto_aim
[37.418s] -- Install configuration: ""
[37.418s] -- Installing: /home/guo/ITL_Auto_aim/install/auto_aim/lib/libauto_aim.so
[37.430s] -- Set non-toolchain portion of runtime path of "/home/guo/ITL_Auto_aim/install/auto_aim/lib/libauto_aim.so" to ""
[37.430s] -- Installing: /home/guo/ITL_Auto_aim/install/auto_aim/lib/libauto_aim_aimer.a
[37.433s] -- Installing: /home/guo/ITL_Auto_aim/install/auto_aim/lib/libauto_aim_detected.a
[37.438s] -- Installing: /home/guo/ITL_Auto_aim/install/auto_aim/lib/libauto_aim_planner.a
[37.448s] -- Installing: /home/guo/ITL_Auto_aim/install/auto_aim/lib/libauto_aim_pointer.a
[37.449s] -- Installing: /home/guo/ITL_Auto_aim/install/auto_aim/lib/libauto_aim_solver.a
[37.463s] -- Installing: /home/guo/ITL_Auto_aim/install/auto_aim/lib/libauto_aim_motion_model.a
[37.468s] -- Installing: /home/guo/ITL_Auto_aim/install/auto_aim/lib/libauto_aim_predictor.a
[37.471s] -- Installing: /home/guo/ITL_Auto_aim/install/auto_aim/lib/libauto_aim_tracker.a
[37.475s] -- Installing: /home/guo/ITL_Auto_aim/install/auto_aim/include
[37.475s] -- Installing: /home/guo/ITL_Auto_aim/install/auto_aim/include/aimer.hpp
[37.475s] -- Up-to-date: /home/guo/ITL_Auto_aim/install/auto_aim/include
[37.475s] -- Installing: /home/guo/ITL_Auto_aim/install/auto_aim/include/common
[37.475s] -- Installing: /home/guo/ITL_Auto_aim/install/auto_aim/include/common/armor.hpp
[37.475s] -- Installing: /home/guo/ITL_Auto_aim/install/auto_aim/include/node
[37.475s] -- Installing: /home/guo/ITL_Auto_aim/install/auto_aim/include/node/armor_detector_node.hpp
[37.475s] -- Installing: /home/guo/ITL_Auto_aim/install/auto_aim/include/classifier
[37.475s] -- Installing: /home/guo/ITL_Auto_aim/install/auto_aim/include/classifier/armor_classifier.hpp
[37.475s] -- Installing: /home/guo/ITL_Auto_aim/install/auto_aim/include/detector
[37.475s] -- Installing: /home/guo/ITL_Auto_aim/install/auto_aim/include/detector/common_detector.hpp
[37.475s] -- Installing: /home/guo/ITL_Auto_aim/install/auto_aim/include/detector/yolo11.hpp
[37.475s] -- Up-to-date: /home/guo/ITL_Auto_aim/install/auto_aim/include
[37.475s] -- Installing: /home/guo/ITL_Auto_aim/install/auto_aim/include/planner.hpp
[37.475s] -- Up-to-date: /home/guo/ITL_Auto_aim/install/auto_aim/include
[37.476s] -- Installing: /home/guo/ITL_Auto_aim/install/auto_aim/include/types.hpp
[37.476s] -- Installing: /home/guo/ITL_Auto_aim/install/auto_aim/include/lightbar_detector.hpp
[37.476s] -- Installing: /home/guo/ITL_Auto_aim/install/auto_aim/include/image_processor.hpp
[37.476s] -- Up-to-date: /home/guo/ITL_Auto_aim/install/auto_aim/include
[37.476s] -- Installing: /home/guo/ITL_Auto_aim/install/auto_aim/include/solver_node.hpp
[37.476s] -- Installing: /home/guo/ITL_Auto_aim/install/auto_aim/include/module
[37.476s] -- Installing: /home/guo/ITL_Auto_aim/install/auto_aim/include/module/coord_converter.hpp
[37.476s] -- Installing: /home/guo/ITL_Auto_aim/install/auto_aim/include/module/optimize_yaw.hpp
[37.477s] -- Installing: /home/guo/ITL_Auto_aim/install/auto_aim/include/module/solver.hpp
[37.477s] -- Installing: /home/guo/ITL_Auto_aim/install/auto_aim/include/module/pnp_solver.hpp
[37.477s] -- Up-to-date: /home/guo/ITL_Auto_aim/install/auto_aim/include
[37.477s] -- Installing: /home/guo/ITL_Auto_aim/install/auto_aim/include/target.hpp
[37.477s] -- Up-to-date: /home/guo/ITL_Auto_aim/install/auto_aim/include
[37.477s] -- Installing: /home/guo/ITL_Auto_aim/install/auto_aim/include/full_model.hpp
[37.477s] -- Up-to-date: /home/guo/ITL_Auto_aim/install/auto_aim/include
[37.477s] -- Installing: /home/guo/ITL_Auto_aim/install/auto_aim/include/tracker.hpp
[37.477s] -- Up-to-date: /home/guo/ITL_Auto_aim/install/auto_aim/include
[37.477s] -- Installing: /home/guo/ITL_Auto_aim/install/auto_aim/include/tinympc
[37.477s] -- Installing: /home/guo/ITL_Auto_aim/install/auto_aim/include/tinympc/admm.hpp
[37.477s] -- Installing: /home/guo/ITL_Auto_aim/install/auto_aim/include/tinympc/rho_benchmark.hpp
[37.477s] -- Installing: /home/guo/ITL_Auto_aim/install/auto_aim/include/tinympc/codegen.hpp
[37.477s] -- Installing: /home/guo/ITL_Auto_aim/install/auto_aim/include/tinympc/types.hpp
[37.477s] -- Installing: /home/guo/ITL_Auto_aim/install/auto_aim/include/tinympc/tiny_api_constants.hpp
[37.477s] -- Installing: /home/guo/ITL_Auto_aim/install/auto_aim/include/tinympc/error.hpp
[37.477s] -- Installing: /home/guo/ITL_Auto_aim/install/auto_aim/include/tinympc/tiny_api.hpp
[37.477s] -- Installing: /home/guo/ITL_Auto_aim/install/auto_aim/share/auto_aim/environment/library_path.sh
[37.477s] -- Installing: /home/guo/ITL_Auto_aim/install/auto_aim/share/auto_aim/environment/library_path.dsv
[37.477s] -- Installing: /home/guo/ITL_Auto_aim/install/auto_aim/share/auto_aim/package.xml
[37.477s] -- Installing: /home/guo/ITL_Auto_aim/install/auto_aim/share/ament_index/resource_index/package_run_dependencies/auto_aim
[37.477s] -- Installing: /home/guo/ITL_Auto_aim/install/auto_aim/share/ament_index/resource_index/parent_prefix_path/auto_aim
[37.477s] -- Installing: /home/guo/ITL_Auto_aim/install/auto_aim/share/auto_aim/environment/ament_prefix_path.sh
[37.477s] -- Installing: /home/guo/ITL_Auto_aim/install/auto_aim/share/auto_aim/environment/ament_prefix_path.dsv
[37.477s] -- Installing: /home/guo/ITL_Auto_aim/install/auto_aim/share/auto_aim/environment/path.sh
[37.477s] -- Installing: /home/guo/ITL_Auto_aim/install/auto_aim/share/auto_aim/environment/path.dsv
[37.477s] -- Installing: /home/guo/ITL_Auto_aim/install/auto_aim/share/auto_aim/local_setup.bash
[37.477s] -- Installing: /home/guo/ITL_Auto_aim/install/auto_aim/share/auto_aim/local_setup.sh
[37.477s] -- Installing: /home/guo/ITL_Auto_aim/install/auto_aim/share/auto_aim/local_setup.zsh
[37.478s] -- Installing: /home/guo/ITL_Auto_aim/install/auto_aim/share/auto_aim/local_setup.dsv
[37.478s] -- Installing: /home/guo/ITL_Auto_aim/install/auto_aim/share/auto_aim/package.dsv
[37.478s] -- Installing: /home/guo/ITL_Auto_aim/install/auto_aim/share/ament_index/resource_index/packages/auto_aim
[37.478s] -- Installing: /home/guo/ITL_Auto_aim/install/auto_aim/share/auto_aim/cmake/auto_aimTargetsExport.cmake
[37.478s] -- Installing: /home/guo/ITL_Auto_aim/install/auto_aim/share/auto_aim/cmake/auto_aimTargetsExport-noconfig.cmake
[37.478s] -- Installing: /home/guo/ITL_Auto_aim/install/auto_aim/share/auto_aim/cmake/ament_cmake_export_include_directories-extras.cmake
[37.478s] -- Installing: /home/guo/ITL_Auto_aim/install/auto_aim/share/auto_aim/cmake/ament_cmake_export_targets-extras.cmake
[37.478s] -- Installing: /home/guo/ITL_Auto_aim/install/auto_aim/share/auto_aim/cmake/ament_cmake_export_dependencies-extras.cmake
[37.478s] -- Installing: /home/guo/ITL_Auto_aim/install/auto_aim/share/auto_aim/cmake/auto_aimConfig.cmake
[37.478s] -- Installing: /home/guo/ITL_Auto_aim/install/auto_aim/share/auto_aim/cmake/auto_aimConfig-version.cmake
[37.478s] -- Up-to-date: /home/guo/ITL_Auto_aim/install/auto_aim/share/auto_aim/package.xml
[37.479s] Invoked command in '/home/guo/ITL_Auto_aim/build/auto_aim' returned '0': AMENT_PREFIX_PATH=/home/guo/ITL_Auto_aim/install/deveice:/home/guo/ITL_Auto_aim/install/serial:/home/guo/ITL_Auto_aim/install/utils:/home/guo/ITL_Auto_aim/install/autoaim_msgs:${AMENT_PREFIX_PATH} CMAKE_PREFIX_PATH=/home/guo/ITL_Auto_aim/install/deveice:/home/guo/ITL_Auto_aim/install/serial:/home/guo/ITL_Auto_aim/install/utils:/home/guo/ITL_Auto_aim/install/autoaim_msgs:/opt/ros/rolling LD_LIBRARY_PATH=/home/guo/ITL_Auto_aim/install/deveice/lib:/home/guo/ITL_Auto_aim/install/serial/lib:/home/guo/ITL_Auto_aim/install/utils/lib:/home/guo/ITL_Auto_aim/install/autoaim_msgs/lib:/usr/lib/x86_64-linux-gnu:/opt/ros/rolling/opt/rviz_ogre_vendor/lib:/opt/ros/rolling/lib/x86_64-linux-gnu:/opt/ros/rolling/lib:/opt/MVS/lib/64:/opt/MVS/lib/32:/usr/local/TensorRT.10.7.0.23/lib:/usr/lib/x86_64-linux-gnu:/usr/local/cuda/lib64:/opt/MVS/lib/64:/opt/MVS/lib/32:/opt/MVS/lib/64:/opt/MVS/lib/32 PYTHONPATH=/home/guo/ITL_Auto_aim/install/autoaim_msgs/lib/python3.10/site-packages:${PYTHONPATH} /usr/local/bin/cmake --install /home/guo/ITL_Auto_aim/build/auto_aim
