[0.012s] Invoking command in '/home/guo/ITL_sentry_auto_new/build/hikvision': AMENT_PREFIX_PATH=/home/guo/ITL_sentry_auto_new/install/utils:/home/guo/ITL_sentry_auto_new/install/autoaim_msgs:${AMENT_PREFIX_PATH} CMAKE_PREFIX_PATH=/home/guo/ITL_sentry_auto_new/install/utils:/home/guo/ITL_sentry_auto_new/install/autoaim_msgs:/opt/ros/rolling LD_LIBRARY_PATH=/home/guo/ITL_sentry_auto_new/install/utils/lib:/home/guo/ITL_sentry_auto_new/install/autoaim_msgs/lib:/usr/lib/x86_64-linux-gnu:/opt/ros/rolling/opt/rviz_ogre_vendor/lib:/opt/ros/rolling/lib/x86_64-linux-gnu:/opt/ros/rolling/lib:/opt/MVS/lib/64:/opt/MVS/lib/32:/usr/local/TensorRT.10.7.0.23/lib:/usr/lib/x86_64-linux-gnu:/usr/local/cuda/lib64:/opt/MVS/lib/64:/opt/MVS/lib/32:/opt/MVS/lib/64:/opt/MVS/lib/32 PYTHONPATH=/home/guo/ITL_sentry_auto_new/install/autoaim_msgs/lib/python3.10/site-packages:${PYTHONPATH} /usr/local/bin/cmake --build /home/guo/ITL_sentry_auto_new/build/hikvision -- -j24 -l24
[0.043s] [100%] Built target hikcamera
[0.065s] Invoked command in '/home/guo/ITL_sentry_auto_new/build/hikvision' returned '0': AMENT_PREFIX_PATH=/home/guo/ITL_sentry_auto_new/install/utils:/home/guo/ITL_sentry_auto_new/install/autoaim_msgs:${AMENT_PREFIX_PATH} CMAKE_PREFIX_PATH=/home/guo/ITL_sentry_auto_new/install/utils:/home/guo/ITL_sentry_auto_new/install/autoaim_msgs:/opt/ros/rolling LD_LIBRARY_PATH=/home/guo/ITL_sentry_auto_new/install/utils/lib:/home/guo/ITL_sentry_auto_new/install/autoaim_msgs/lib:/usr/lib/x86_64-linux-gnu:/opt/ros/rolling/opt/rviz_ogre_vendor/lib:/opt/ros/rolling/lib/x86_64-linux-gnu:/opt/ros/rolling/lib:/opt/MVS/lib/64:/opt/MVS/lib/32:/usr/local/TensorRT.10.7.0.23/lib:/usr/lib/x86_64-linux-gnu:/usr/local/cuda/lib64:/opt/MVS/lib/64:/opt/MVS/lib/32:/opt/MVS/lib/64:/opt/MVS/lib/32 PYTHONPATH=/home/guo/ITL_sentry_auto_new/install/autoaim_msgs/lib/python3.10/site-packages:${PYTHONPATH} /usr/local/bin/cmake --build /home/guo/ITL_sentry_auto_new/build/hikvision -- -j24 -l24
[0.067s] Invoking command in '/home/guo/ITL_sentry_auto_new/build/hikvision': AMENT_PREFIX_PATH=/home/guo/ITL_sentry_auto_new/install/utils:/home/guo/ITL_sentry_auto_new/install/autoaim_msgs:${AMENT_PREFIX_PATH} CMAKE_PREFIX_PATH=/home/guo/ITL_sentry_auto_new/install/utils:/home/guo/ITL_sentry_auto_new/install/autoaim_msgs:/opt/ros/rolling LD_LIBRARY_PATH=/home/guo/ITL_sentry_auto_new/install/utils/lib:/home/guo/ITL_sentry_auto_new/install/autoaim_msgs/lib:/usr/lib/x86_64-linux-gnu:/opt/ros/rolling/opt/rviz_ogre_vendor/lib:/opt/ros/rolling/lib/x86_64-linux-gnu:/opt/ros/rolling/lib:/opt/MVS/lib/64:/opt/MVS/lib/32:/usr/local/TensorRT.10.7.0.23/lib:/usr/lib/x86_64-linux-gnu:/usr/local/cuda/lib64:/opt/MVS/lib/64:/opt/MVS/lib/32:/opt/MVS/lib/64:/opt/MVS/lib/32 PYTHONPATH=/home/guo/ITL_sentry_auto_new/install/autoaim_msgs/lib/python3.10/site-packages:${PYTHONPATH} /usr/local/bin/cmake --install /home/guo/ITL_sentry_auto_new/build/hikvision
[0.083s] -- Install configuration: ""
[0.083s] -- Up-to-date: /home/guo/ITL_sentry_auto_new/install/hikvision/lib/libhikcamera.so
[0.083s] -- Up-to-date: /home/guo/ITL_sentry_auto_new/install/hikvision/include
[0.083s] -- Up-to-date: /home/guo/ITL_sentry_auto_new/install/hikvision/include/hikcamera.hpp
[0.084s] -- Up-to-date: /home/guo/ITL_sentry_auto_new/install/hikvision/share/hikvision/environment/library_path.sh
[0.084s] -- Up-to-date: /home/guo/ITL_sentry_auto_new/install/hikvision/share/hikvision/environment/library_path.dsv
[0.084s] -- Up-to-date: /home/guo/ITL_sentry_auto_new/install/hikvision/share/hikvision/cmake/hikcameraTargets.cmake
[0.084s] -- Up-to-date: /home/guo/ITL_sentry_auto_new/install/hikvision/share/hikvision/cmake/hikcameraTargets-noconfig.cmake
[0.084s] -- Up-to-date: /home/guo/ITL_sentry_auto_new/install/hikvision/share/ament_index/resource_index/package_run_dependencies/hikvision
[0.084s] -- Up-to-date: /home/guo/ITL_sentry_auto_new/install/hikvision/share/ament_index/resource_index/parent_prefix_path/hikvision
[0.084s] -- Up-to-date: /home/guo/ITL_sentry_auto_new/install/hikvision/share/hikvision/environment/ament_prefix_path.sh
[0.084s] -- Up-to-date: /home/guo/ITL_sentry_auto_new/install/hikvision/share/hikvision/environment/ament_prefix_path.dsv
[0.084s] -- Up-to-date: /home/guo/ITL_sentry_auto_new/install/hikvision/share/hikvision/environment/path.sh
[0.084s] -- Up-to-date: /home/guo/ITL_sentry_auto_new/install/hikvision/share/hikvision/environment/path.dsv
[0.084s] -- Up-to-date: /home/guo/ITL_sentry_auto_new/install/hikvision/share/hikvision/local_setup.bash
[0.084s] -- Up-to-date: /home/guo/ITL_sentry_auto_new/install/hikvision/share/hikvision/local_setup.sh
[0.084s] -- Up-to-date: /home/guo/ITL_sentry_auto_new/install/hikvision/share/hikvision/local_setup.zsh
[0.084s] -- Up-to-date: /home/guo/ITL_sentry_auto_new/install/hikvision/share/hikvision/local_setup.dsv
[0.084s] -- Installing: /home/guo/ITL_sentry_auto_new/install/hikvision/share/hikvision/package.dsv
[0.084s] -- Up-to-date: /home/guo/ITL_sentry_auto_new/install/hikvision/share/ament_index/resource_index/packages/hikvision
[0.084s] -- Up-to-date: /home/guo/ITL_sentry_auto_new/install/hikvision/share/hikvision/cmake/hikcameraTargetsExport.cmake
[0.084s] -- Up-to-date: /home/guo/ITL_sentry_auto_new/install/hikvision/share/hikvision/cmake/hikcameraTargetsExport-noconfig.cmake
[0.084s] -- Up-to-date: /home/guo/ITL_sentry_auto_new/install/hikvision/share/hikvision/cmake/ament_cmake_export_dependencies-extras.cmake
[0.084s] -- Up-to-date: /home/guo/ITL_sentry_auto_new/install/hikvision/share/hikvision/cmake/ament_cmake_export_include_directories-extras.cmake
[0.084s] -- Up-to-date: /home/guo/ITL_sentry_auto_new/install/hikvision/share/hikvision/cmake/ament_cmake_export_libraries-extras.cmake
[0.084s] -- Up-to-date: /home/guo/ITL_sentry_auto_new/install/hikvision/share/hikvision/cmake/ament_cmake_export_targets-extras.cmake
[0.084s] -- Up-to-date: /home/guo/ITL_sentry_auto_new/install/hikvision/share/hikvision/cmake/hikvisionConfig.cmake
[0.084s] -- Up-to-date: /home/guo/ITL_sentry_auto_new/install/hikvision/share/hikvision/cmake/hikvisionConfig-version.cmake
[0.085s] -- Up-to-date: /home/guo/ITL_sentry_auto_new/install/hikvision/share/hikvision/package.xml
[0.092s] Invoked command in '/home/guo/ITL_sentry_auto_new/build/hikvision' returned '0': AMENT_PREFIX_PATH=/home/guo/ITL_sentry_auto_new/install/utils:/home/guo/ITL_sentry_auto_new/install/autoaim_msgs:${AMENT_PREFIX_PATH} CMAKE_PREFIX_PATH=/home/guo/ITL_sentry_auto_new/install/utils:/home/guo/ITL_sentry_auto_new/install/autoaim_msgs:/opt/ros/rolling LD_LIBRARY_PATH=/home/guo/ITL_sentry_auto_new/install/utils/lib:/home/guo/ITL_sentry_auto_new/install/autoaim_msgs/lib:/usr/lib/x86_64-linux-gnu:/opt/ros/rolling/opt/rviz_ogre_vendor/lib:/opt/ros/rolling/lib/x86_64-linux-gnu:/opt/ros/rolling/lib:/opt/MVS/lib/64:/opt/MVS/lib/32:/usr/local/TensorRT.10.7.0.23/lib:/usr/lib/x86_64-linux-gnu:/usr/local/cuda/lib64:/opt/MVS/lib/64:/opt/MVS/lib/32:/opt/MVS/lib/64:/opt/MVS/lib/32 PYTHONPATH=/home/guo/ITL_sentry_auto_new/install/autoaim_msgs/lib/python3.10/site-packages:${PYTHONPATH} /usr/local/bin/cmake --install /home/guo/ITL_sentry_auto_new/build/hikvision
