[0.012s] Invoking command in '/home/guo/ITL_Auto_aim/build/serial': CMAKE_PREFIX_PATH=/home/guo/ITL_Auto_aim/install/autoaim_msgs:/home/guo/ITL_Auto_aim/install/pipeline:/home/guo/ITL_Auto_aim/install/auto_buff:/home/guo/ITL_Auto_aim/install/auto_aim:/home/guo/ITL_Auto_aim/install/deveice:/home/guo/ITL_Auto_aim/install/utils:/home/guo/ITL_Auto_aim/install/serial:/home/guo/ITL_Auto_aim/install/launch_node:/home/guo/ws_livox/install/livox_ros2_driver:/home/guo/ws_livox/install/livox_sdk_vendor:/home/guo/ws_livox/install/livox_interfaces:/opt/ros/rolling LD_LIBRARY_PATH=/home/guo/ITL_Auto_aim/install/autoaim_msgs/lib:/home/guo/ITL_Auto_aim/install/auto_buff/lib:/home/guo/ITL_Auto_aim/install/auto_aim/lib:/home/guo/ITL_Auto_aim/install/deveice/lib:/home/guo/ITL_Auto_aim/install/utils/lib:/home/guo/ITL_Auto_aim/install/serial/lib:/home/guo/ws_livox/install/livox_ros2_driver/lib:/home/guo/ws_livox/install/livox_interfaces/lib:/usr/lib/x86_64-linux-gnu:/opt/ros/rolling/opt/rviz_ogre_vendor/lib:/opt/ros/rolling/lib/x86_64-linux-gnu:/opt/ros/rolling/lib:/opt/MVS/lib/64:/opt/MVS/lib/32:/usr/local/TensorRT.10.7.0.23/lib:/usr/lib/x86_64-linux-gnu:/usr/local/cuda/lib64:/opt/MVS/lib/64:/opt/MVS/lib/32:/opt/MVS/lib/64:/opt/MVS/lib/32 /usr/local/bin/cmake --build /home/guo/ITL_Auto_aim/build/serial -- -j24 -l24
[0.033s] [100%] Built target serial
[0.038s] Invoked command in '/home/guo/ITL_Auto_aim/build/serial' returned '0': CMAKE_PREFIX_PATH=/home/guo/ITL_Auto_aim/install/autoaim_msgs:/home/guo/ITL_Auto_aim/install/pipeline:/home/guo/ITL_Auto_aim/install/auto_buff:/home/guo/ITL_Auto_aim/install/auto_aim:/home/guo/ITL_Auto_aim/install/deveice:/home/guo/ITL_Auto_aim/install/utils:/home/guo/ITL_Auto_aim/install/serial:/home/guo/ITL_Auto_aim/install/launch_node:/home/guo/ws_livox/install/livox_ros2_driver:/home/guo/ws_livox/install/livox_sdk_vendor:/home/guo/ws_livox/install/livox_interfaces:/opt/ros/rolling LD_LIBRARY_PATH=/home/guo/ITL_Auto_aim/install/autoaim_msgs/lib:/home/guo/ITL_Auto_aim/install/auto_buff/lib:/home/guo/ITL_Auto_aim/install/auto_aim/lib:/home/guo/ITL_Auto_aim/install/deveice/lib:/home/guo/ITL_Auto_aim/install/utils/lib:/home/guo/ITL_Auto_aim/install/serial/lib:/home/guo/ws_livox/install/livox_ros2_driver/lib:/home/guo/ws_livox/install/livox_interfaces/lib:/usr/lib/x86_64-linux-gnu:/opt/ros/rolling/opt/rviz_ogre_vendor/lib:/opt/ros/rolling/lib/x86_64-linux-gnu:/opt/ros/rolling/lib:/opt/MVS/lib/64:/opt/MVS/lib/32:/usr/local/TensorRT.10.7.0.23/lib:/usr/lib/x86_64-linux-gnu:/usr/local/cuda/lib64:/opt/MVS/lib/64:/opt/MVS/lib/32:/opt/MVS/lib/64:/opt/MVS/lib/32 /usr/local/bin/cmake --build /home/guo/ITL_Auto_aim/build/serial -- -j24 -l24
[0.039s] Invoking command in '/home/guo/ITL_Auto_aim/build/serial': CMAKE_PREFIX_PATH=/home/guo/ITL_Auto_aim/install/autoaim_msgs:/home/guo/ITL_Auto_aim/install/pipeline:/home/guo/ITL_Auto_aim/install/auto_buff:/home/guo/ITL_Auto_aim/install/auto_aim:/home/guo/ITL_Auto_aim/install/deveice:/home/guo/ITL_Auto_aim/install/utils:/home/guo/ITL_Auto_aim/install/serial:/home/guo/ITL_Auto_aim/install/launch_node:/home/guo/ws_livox/install/livox_ros2_driver:/home/guo/ws_livox/install/livox_sdk_vendor:/home/guo/ws_livox/install/livox_interfaces:/opt/ros/rolling LD_LIBRARY_PATH=/home/guo/ITL_Auto_aim/install/autoaim_msgs/lib:/home/guo/ITL_Auto_aim/install/auto_buff/lib:/home/guo/ITL_Auto_aim/install/auto_aim/lib:/home/guo/ITL_Auto_aim/install/deveice/lib:/home/guo/ITL_Auto_aim/install/utils/lib:/home/guo/ITL_Auto_aim/install/serial/lib:/home/guo/ws_livox/install/livox_ros2_driver/lib:/home/guo/ws_livox/install/livox_interfaces/lib:/usr/lib/x86_64-linux-gnu:/opt/ros/rolling/opt/rviz_ogre_vendor/lib:/opt/ros/rolling/lib/x86_64-linux-gnu:/opt/ros/rolling/lib:/opt/MVS/lib/64:/opt/MVS/lib/32:/usr/local/TensorRT.10.7.0.23/lib:/usr/lib/x86_64-linux-gnu:/usr/local/cuda/lib64:/opt/MVS/lib/64:/opt/MVS/lib/32:/opt/MVS/lib/64:/opt/MVS/lib/32 /usr/local/bin/cmake --install /home/guo/ITL_Auto_aim/build/serial
[0.042s] -- Install configuration: ""
[0.042s] -- Up-to-date: /home/guo/ITL_Auto_aim/install/serial/include
[0.042s] -- Up-to-date: /home/guo/ITL_Auto_aim/install/serial/include/serial
[0.042s] -- Up-to-date: /home/guo/ITL_Auto_aim/install/serial/include/serial/serial.h
[0.042s] -- Up-to-date: /home/guo/ITL_Auto_aim/install/serial/include/serial/v8stdint.h
[0.042s] -- Up-to-date: /home/guo/ITL_Auto_aim/install/serial/include/serial/impl
[0.042s] -- Up-to-date: /home/guo/ITL_Auto_aim/install/serial/include/serial/impl/win.h
[0.042s] -- Up-to-date: /home/guo/ITL_Auto_aim/install/serial/include/serial/impl/unix.h
[0.042s] -- Up-to-date: /home/guo/ITL_Auto_aim/install/serial/lib/libserial.so
[0.042s] -- Up-to-date: /home/guo/ITL_Auto_aim/install/serial/share/serial/environment/library_path.sh
[0.042s] -- Up-to-date: /home/guo/ITL_Auto_aim/install/serial/share/serial/environment/library_path.dsv
[0.042s] -- Up-to-date: /home/guo/ITL_Auto_aim/install/serial/share/ament_index/resource_index/package_run_dependencies/serial
[0.042s] -- Up-to-date: /home/guo/ITL_Auto_aim/install/serial/share/ament_index/resource_index/parent_prefix_path/serial
[0.042s] -- Up-to-date: /home/guo/ITL_Auto_aim/install/serial/share/serial/environment/ament_prefix_path.sh
[0.042s] -- Up-to-date: /home/guo/ITL_Auto_aim/install/serial/share/serial/environment/ament_prefix_path.dsv
[0.043s] -- Up-to-date: /home/guo/ITL_Auto_aim/install/serial/share/serial/environment/path.sh
[0.043s] -- Up-to-date: /home/guo/ITL_Auto_aim/install/serial/share/serial/environment/path.dsv
[0.043s] -- Up-to-date: /home/guo/ITL_Auto_aim/install/serial/share/serial/local_setup.bash
[0.043s] -- Up-to-date: /home/guo/ITL_Auto_aim/install/serial/share/serial/local_setup.sh
[0.043s] -- Up-to-date: /home/guo/ITL_Auto_aim/install/serial/share/serial/local_setup.zsh
[0.043s] -- Up-to-date: /home/guo/ITL_Auto_aim/install/serial/share/serial/local_setup.dsv
[0.043s] -- Installing: /home/guo/ITL_Auto_aim/install/serial/share/serial/package.dsv
[0.043s] -- Up-to-date: /home/guo/ITL_Auto_aim/install/serial/share/ament_index/resource_index/packages/serial
[0.043s] -- Up-to-date: /home/guo/ITL_Auto_aim/install/serial/share/serial/cmake/export_serialExport.cmake
[0.043s] -- Up-to-date: /home/guo/ITL_Auto_aim/install/serial/share/serial/cmake/export_serialExport-noconfig.cmake
[0.043s] -- Up-to-date: /home/guo/ITL_Auto_aim/install/serial/share/serial/cmake/ament_cmake_export_targets-extras.cmake
[0.043s] -- Up-to-date: /home/guo/ITL_Auto_aim/install/serial/share/serial/cmake/ament_cmake_export_include_directories-extras.cmake
[0.043s] -- Up-to-date: /home/guo/ITL_Auto_aim/install/serial/share/serial/cmake/ament_cmake_export_libraries-extras.cmake
[0.043s] -- Up-to-date: /home/guo/ITL_Auto_aim/install/serial/share/serial/cmake/serialConfig.cmake
[0.043s] -- Up-to-date: /home/guo/ITL_Auto_aim/install/serial/share/serial/cmake/serialConfig-version.cmake
[0.043s] -- Up-to-date: /home/guo/ITL_Auto_aim/install/serial/share/serial/package.xml
[0.044s] Invoked command in '/home/guo/ITL_Auto_aim/build/serial' returned '0': CMAKE_PREFIX_PATH=/home/guo/ITL_Auto_aim/install/autoaim_msgs:/home/guo/ITL_Auto_aim/install/pipeline:/home/guo/ITL_Auto_aim/install/auto_buff:/home/guo/ITL_Auto_aim/install/auto_aim:/home/guo/ITL_Auto_aim/install/deveice:/home/guo/ITL_Auto_aim/install/utils:/home/guo/ITL_Auto_aim/install/serial:/home/guo/ITL_Auto_aim/install/launch_node:/home/guo/ws_livox/install/livox_ros2_driver:/home/guo/ws_livox/install/livox_sdk_vendor:/home/guo/ws_livox/install/livox_interfaces:/opt/ros/rolling LD_LIBRARY_PATH=/home/guo/ITL_Auto_aim/install/autoaim_msgs/lib:/home/guo/ITL_Auto_aim/install/auto_buff/lib:/home/guo/ITL_Auto_aim/install/auto_aim/lib:/home/guo/ITL_Auto_aim/install/deveice/lib:/home/guo/ITL_Auto_aim/install/utils/lib:/home/guo/ITL_Auto_aim/install/serial/lib:/home/guo/ws_livox/install/livox_ros2_driver/lib:/home/guo/ws_livox/install/livox_interfaces/lib:/usr/lib/x86_64-linux-gnu:/opt/ros/rolling/opt/rviz_ogre_vendor/lib:/opt/ros/rolling/lib/x86_64-linux-gnu:/opt/ros/rolling/lib:/opt/MVS/lib/64:/opt/MVS/lib/32:/usr/local/TensorRT.10.7.0.23/lib:/usr/lib/x86_64-linux-gnu:/usr/local/cuda/lib64:/opt/MVS/lib/64:/opt/MVS/lib/32:/opt/MVS/lib/64:/opt/MVS/lib/32 /usr/local/bin/cmake --install /home/guo/ITL_Auto_aim/build/serial
