[0.057s] Invoking command in '/home/guo/ITL_sentry_auto_new/build/tracker': CMAKE_PREFIX_PATH=/home/guo/ITL_sentry_auto_new/install/aimer:/home/guo/ITL_sentry_auto_new/install/predictor:/home/guo/ITL_sentry_auto_new/install/solver:/home/guo/ITL_sentry_auto_new/install/gimbal:/home/guo/ITL_sentry_auto_new/install/serial:/home/guo/ITL_sentry_auto_new/install/motion_model:/home/guo/ITL_sentry_auto_new/install/detected:/home/guo/ITL_sentry_auto_new/install/cboard:/home/guo/ITL_sentry_auto_new/install/utils:/home/guo/ITL_sentry_auto_new/install/filter_lib:/home/guo/ITL_sentry_auto_new/install/autoaim_msgs:/home/guo/ITL_sentry_auto_new/install/tracker:/home/guo/ITL_sentry_auto_new/install/pipeline:/home/guo/ITL_sentry_auto_new/install/hikvision:/home/guo/ITL_sentry_auto_new/install/dm_imu:/home/guo/ITL_sentry_auto_new/install/armor_pointer:/opt/ros/rolling LD_LIBRARY_PATH=/home/guo/ITL_sentry_auto_new/install/aimer/lib:/home/guo/ITL_sentry_auto_new/install/predictor/lib:/home/guo/ITL_sentry_auto_new/install/solver/lib:/home/guo/ITL_sentry_auto_new/install/gimbal/lib:/home/guo/ITL_sentry_auto_new/install/serial/lib:/home/guo/ITL_sentry_auto_new/install/motion_model/lib:/home/guo/ITL_sentry_auto_new/install/detected/lib:/home/guo/ITL_sentry_auto_new/install/cboard/lib:/home/guo/ITL_sentry_auto_new/install/autoaim_msgs/lib:/home/guo/ITL_sentry_auto_new/install/tracker/lib:/home/guo/ITL_sentry_auto_new/install/hikvision/lib:/home/guo/ITL_sentry_auto_new/install/dm_imu/lib:/home/guo/ITL_sentry_auto_new/install/utils/lib:/home/guo/ITL_sentry_auto_new/install/filter_lib/lib:/home/guo/ITL_sentry_auto_new/install/armor_pointer/lib:/usr/lib/x86_64-linux-gnu:/opt/ros/rolling/opt/rviz_ogre_vendor/lib:/opt/ros/rolling/lib/x86_64-linux-gnu:/opt/ros/rolling/lib:/opt/MVS/lib/64:/opt/MVS/lib/32:/usr/local/TensorRT.10.7.0.23/lib:/usr/lib/x86_64-linux-gnu:/usr/local/cuda/lib64:/opt/MVS/lib/64:/opt/MVS/lib/32:/opt/MVS/lib/64:/opt/MVS/lib/32 /usr/local/bin/cmake --build /home/guo/ITL_sentry_auto_new/build/tracker -- -j24 -l24
[0.106s] [ 25%] [32mBuilding CXX object CMakeFiles/tracker_lib.dir/src/tracker.cpp.o[0m
[3.232s] In file included from [01m[K/opt/ros/rolling/include/rclcpp/rclcpp/logging.hpp:24[m[K,
[3.232s]                  from [01m[K/opt/ros/rolling/include/rclcpp/rclcpp/copy_all_parameter_values.hpp:27[m[K,
[3.232s]                  from [01m[K/opt/ros/rolling/include/rclcpp/rclcpp/rclcpp.hpp:171[m[K,
[3.232s]                  from [01m[K/home/guo/ITL_sentry_auto_new/src/core/tracker/src/tracker.cpp:5[m[K:
[3.232s] [01m[K/home/guo/ITL_sentry_auto_new/src/core/tracker/src/tracker.cpp:[m[K In member function ‘[01m[Kstd::__cxx11::list<predict::Target> tracker::Tracker::track(std::__cxx11::list<armor_auto_aim::Armor>&, std::chrono::_V2::steady_clock::time_point, bool)[m[K’:
[3.232s] [01m[K/home/guo/ITL_sentry_auto_new/src/core/tracker/src/tracker.cpp:126:19:[m[K [01;35m[Kwarning: [m[Kformat ‘[01m[K%d[m[K’ expects argument of type ‘[01m[Kint[m[K’, but argument 6 has type ‘[01m[Klong unsigned int[m[K’ [[01;35m[K]8;;https://gcc.gnu.org/onlinedocs/gcc/Warning-Options.html#index-Wformat=-Wformat=]8;;[m[K]
[3.232s]   126 |                   [01;35m[K"NIS失败率过高 (%d/%d)，重置为lost"[m[K,
[3.232s]       |                   [01;35m[K^~~~~~~~~~~~~~~~~~~~~~~~~~~~~~~~~~~[m[K
[3.232s]   127 |                   failures, [32m[Kekf.window_size[m[K);
[3.232s]       |                             [32m[K~~~~~~~~~~~~~~~[m[K
[3.232s]       |                                 [32m[K|[m[K
[3.232s]       |                                 [32m[Klong unsigned int[m[K
[3.232s] [01m[K/home/guo/ITL_sentry_auto_new/src/core/tracker/src/tracker.cpp:126:39:[m[K [01;36m[Knote: [m[Kformat string is defined here
[3.232s]   126 |                   "NIS失败率过高 (%d/[01;36m[K%d[m[K)，重置为lost",
[3.232s]       |                                      [01;36m[K~^[m[K
[3.232s]       |                                       [01;36m[K|[m[K
[3.232s]       |                                       [01;36m[Kint[m[K
[3.232s]       |                                      [32m[K%ld[m[K
[6.975s] [ 50%] [32m[1mLinking CXX static library libtracker_lib.a[0m
[7.035s] [ 50%] Built target tracker_lib
[7.054s] [ 75%] [32mBuilding CXX object CMakeFiles/tracker_node.dir/src/tracker_node.cpp.o[0m
[7.239s] In file included from [01m[K/home/guo/ITL_sentry_auto_new/src/core/tracker/include/tracker_node.hpp:9[m[K,
[7.239s]                  from [01m[K/home/guo/ITL_sentry_auto_new/src/core/tracker/src/tracker_node.cpp:1[m[K:
[7.239s] [01m[K/opt/ros/rolling/include/cv_bridge/cv_bridge/cv_bridge.h:42:2:[m[K [01;35m[Kwarning: [m[K#warning This header is obsolete, please include cv_bridge/cv_bridge.hpp instead [[01;35m[K]8;;https://gcc.gnu.org/onlinedocs/gcc/Warning-Options.html#index-Wcpp-Wcpp]8;;[m[K]
[7.239s]    42 | #[01;35m[Kwarning[m[K This header is obsolete, please include cv_bridge/cv_bridge.hpp instead
[7.239s]       |  [01;35m[K^~~~~~~[m[K
[10.392s] [01m[K/home/guo/ITL_sentry_auto_new/src/core/tracker/src/tracker_node.cpp:[m[K In member function ‘[01m[Kvoid tracker::TrackerNode::processArmors()[m[K’:
[10.392s] [01m[K/home/guo/ITL_sentry_auto_new/src/core/tracker/src/tracker_node.cpp:108:36:[m[K [01;31m[Kerror: [m[Kcannot convert ‘[01m[Kstd::__cxx11::list<autoaim_msgs::msg::Armor_<std::allocator<void> > >[m[K’ to ‘[01m[Kstd::__cxx11::list<armor_auto_aim::Armor>&[m[K’
[10.392s]   108 |     auto targets = tracker_->track([01;31m[Kcurrent_armors[m[K, now, true);
[10.392s]       |                                    [01;31m[K^~~~~~~~~~~~~~[m[K
[10.392s]       |                                    [01;31m[K|[m[K
[10.392s]       |                                    [01;31m[Kstd::__cxx11::list<autoaim_msgs::msg::Armor_<std::allocator<void> > >[m[K
[10.392s] In file included from [01m[K/home/guo/ITL_sentry_auto_new/src/core/tracker/include/tracker_node.hpp:16[m[K,
[10.393s]                  from [01m[K/home/guo/ITL_sentry_auto_new/src/core/tracker/src/tracker_node.cpp:1[m[K:
[10.393s] [01m[K/home/guo/ITL_sentry_auto_new/src/core/tracker/include/tracker.hpp:30:25:[m[K [01;36m[Knote: [m[K  initializing argument 1 of ‘[01m[Kstd::__cxx11::list<predict::Target> tracker::Tracker::track(std::__cxx11::list<armor_auto_aim::Armor>&, std::chrono::_V2::steady_clock::time_point, bool)[m[K’
[10.393s]    30 |     [01;36m[Kstd::list<Armors> & armors[m[K,
[10.393s]       |     [01;36m[K~~~~~~~~~~~~~~~~~~~~^~~~~~[m[K
[14.998s] gmake[2]: *** [CMakeFiles/tracker_node.dir/build.make:76：CMakeFiles/tracker_node.dir/src/tracker_node.cpp.o] 错误 1
[14.998s] gmake[1]: *** [CMakeFiles/Makefile2:165：CMakeFiles/tracker_node.dir/all] 错误 2
[14.998s] gmake: *** [Makefile:146：all] 错误 2
[15.000s] Invoked command in '/home/guo/ITL_sentry_auto_new/build/tracker' returned '2': CMAKE_PREFIX_PATH=/home/guo/ITL_sentry_auto_new/install/aimer:/home/guo/ITL_sentry_auto_new/install/predictor:/home/guo/ITL_sentry_auto_new/install/solver:/home/guo/ITL_sentry_auto_new/install/gimbal:/home/guo/ITL_sentry_auto_new/install/serial:/home/guo/ITL_sentry_auto_new/install/motion_model:/home/guo/ITL_sentry_auto_new/install/detected:/home/guo/ITL_sentry_auto_new/install/cboard:/home/guo/ITL_sentry_auto_new/install/utils:/home/guo/ITL_sentry_auto_new/install/filter_lib:/home/guo/ITL_sentry_auto_new/install/autoaim_msgs:/home/guo/ITL_sentry_auto_new/install/tracker:/home/guo/ITL_sentry_auto_new/install/pipeline:/home/guo/ITL_sentry_auto_new/install/hikvision:/home/guo/ITL_sentry_auto_new/install/dm_imu:/home/guo/ITL_sentry_auto_new/install/armor_pointer:/opt/ros/rolling LD_LIBRARY_PATH=/home/guo/ITL_sentry_auto_new/install/aimer/lib:/home/guo/ITL_sentry_auto_new/install/predictor/lib:/home/guo/ITL_sentry_auto_new/install/solver/lib:/home/guo/ITL_sentry_auto_new/install/gimbal/lib:/home/guo/ITL_sentry_auto_new/install/serial/lib:/home/guo/ITL_sentry_auto_new/install/motion_model/lib:/home/guo/ITL_sentry_auto_new/install/detected/lib:/home/guo/ITL_sentry_auto_new/install/cboard/lib:/home/guo/ITL_sentry_auto_new/install/autoaim_msgs/lib:/home/guo/ITL_sentry_auto_new/install/tracker/lib:/home/guo/ITL_sentry_auto_new/install/hikvision/lib:/home/guo/ITL_sentry_auto_new/install/dm_imu/lib:/home/guo/ITL_sentry_auto_new/install/utils/lib:/home/guo/ITL_sentry_auto_new/install/filter_lib/lib:/home/guo/ITL_sentry_auto_new/install/armor_pointer/lib:/usr/lib/x86_64-linux-gnu:/opt/ros/rolling/opt/rviz_ogre_vendor/lib:/opt/ros/rolling/lib/x86_64-linux-gnu:/opt/ros/rolling/lib:/opt/MVS/lib/64:/opt/MVS/lib/32:/usr/local/TensorRT.10.7.0.23/lib:/usr/lib/x86_64-linux-gnu:/usr/local/cuda/lib64:/opt/MVS/lib/64:/opt/MVS/lib/32:/opt/MVS/lib/64:/opt/MVS/lib/32 /usr/local/bin/cmake --build /home/guo/ITL_sentry_auto_new/build/tracker -- -j24 -l24
