[0.010s] Invoking command in '/home/guo/ITL_sentry_auto_new/build/motion_model': AMENT_PREFIX_PATH=/home/guo/ITL_sentry_auto_new/install/autoaim_msgs:${AMENT_PREFIX_PATH} CMAKE_PREFIX_PATH=/home/guo/ITL_sentry_auto_new/install/autoaim_msgs:/opt/ros/rolling LD_LIBRARY_PATH=/home/guo/ITL_sentry_auto_new/install/autoaim_msgs/lib:/usr/lib/x86_64-linux-gnu:/opt/ros/rolling/opt/rviz_ogre_vendor/lib:/opt/ros/rolling/lib/x86_64-linux-gnu:/opt/ros/rolling/lib:/opt/MVS/lib/64:/opt/MVS/lib/32:/usr/local/TensorRT.10.7.0.23/lib:/usr/lib/x86_64-linux-gnu:/usr/local/cuda/lib64:/opt/MVS/lib/64:/opt/MVS/lib/32:/opt/MVS/lib/64:/opt/MVS/lib/32 PYTHONPATH=/home/guo/ITL_sentry_auto_new/install/autoaim_msgs/lib/python3.10/site-packages:${PYTHONPATH} /usr/local/bin/cmake /home/guo/ITL_sentry_auto_new/src/core/target/motion_model -DCMAKE_INSTALL_PREFIX=/home/guo/ITL_sentry_auto_new/install/motion_model
[0.055s] -- The C compiler identification is GNU 11.4.0
[0.102s] -- The CXX compiler identification is GNU 11.4.0
[0.117s] -- Detecting C compiler ABI info
[0.173s] -- Detecting C compiler ABI info - done
[0.188s] -- Check for working C compiler: /usr/bin/cc - skipped
[0.188s] -- Detecting C compile features
[0.188s] -- Detecting C compile features - done
[0.197s] -- Detecting CXX compiler ABI info
[0.265s] -- Detecting CXX compiler ABI info - done
[0.276s] -- Check for working CXX compiler: /usr/bin/c++ - skipped
[0.276s] -- Detecting CXX compile features
[0.277s] -- Detecting CXX compile features - done
[0.278s] -- Found ament_cmake: 2.3.2 (/opt/ros/rolling/share/ament_cmake/cmake)
[0.703s] -- Found Python3: /usr/bin/python3.10 (found version "3.10.12") found components: Interpreter 
[0.777s] -- Found rclcpp: 27.0.0 (/opt/ros/rolling/share/rclcpp/cmake)
[0.809s] -- Found rosidl_generator_c: 4.5.1 (/opt/ros/rolling/share/rosidl_generator_c/cmake)
[0.820s] -- Found rosidl_generator_cpp: 4.5.1 (/opt/ros/rolling/share/rosidl_generator_cpp/cmake)
[0.835s] -- Using all available rosidl_typesupport_c: rosidl_typesupport_fastrtps_c;rosidl_typesupport_introspection_c
[0.855s] -- Using all available rosidl_typesupport_cpp: rosidl_typesupport_fastrtps_cpp;rosidl_typesupport_introspection_cpp
[1.041s] -- Found rmw_implementation_cmake: 7.3.0 (/opt/ros/rolling/share/rmw_implementation_cmake/cmake)
[1.043s] -- Found rmw_fastrtps_cpp: 8.2.0 (/opt/ros/rolling/share/rmw_fastrtps_cpp/cmake)
[1.140s] -- Found OpenSSL: /usr/lib/x86_64-linux-gnu/libcrypto.so (found version "3.0.2")  
[1.171s] -- Found FastRTPS: /opt/ros/rolling/include  
[1.216s] -- Using RMW implementation 'rmw_fastrtps_cpp' as default
[1.428s] -- Found OpenCV: /usr (found version "4.5.4") 
[1.429s] -- Found autoaim_msgs: 0.0.1 (/home/guo/ITL_sentry_auto_new/install/autoaim_msgs/share/autoaim_msgs/cmake)
[1.848s] -- Found ament_lint_auto: 0.16.3 (/opt/ros/rolling/share/ament_lint_auto/cmake)
[1.939s] -- Added test 'copyright' to check source files copyright and LICENSE
[1.941s] -- Added test 'cppcheck' to perform static code analysis on C / C++ code
[1.942s] -- Configured cppcheck include dirs: /home/guo/ITL_sentry_auto_new/src/core/target/motion_model/include;$<BUILD_INTERFACE:/home/guo/ITL_sentry_auto_new/src/core/target/motion_model/include>
[1.942s] -- Configured cppcheck exclude dirs and/or files: 
[1.944s] -- Added test 'cpplint' to check C / C++ code against the Google style
[1.944s] -- Configured cpplint exclude dirs and/or files: 
[1.945s] -- Added test 'lint_cmake' to check CMake code style
[1.947s] -- Added test 'uncrustify' to check C / C++ code style
[1.947s] -- Configured uncrustify additional arguments: 
[1.948s] -- Added test 'xmllint' to check XML markup files
[1.951s] -- Configuring done (1.9s)
[1.976s] -- Generating done (0.0s)
[1.983s] -- Build files have been written to: /home/guo/ITL_sentry_auto_new/build/motion_model
[1.994s] Invoked command in '/home/guo/ITL_sentry_auto_new/build/motion_model' returned '0': AMENT_PREFIX_PATH=/home/guo/ITL_sentry_auto_new/install/autoaim_msgs:${AMENT_PREFIX_PATH} CMAKE_PREFIX_PATH=/home/guo/ITL_sentry_auto_new/install/autoaim_msgs:/opt/ros/rolling LD_LIBRARY_PATH=/home/guo/ITL_sentry_auto_new/install/autoaim_msgs/lib:/usr/lib/x86_64-linux-gnu:/opt/ros/rolling/opt/rviz_ogre_vendor/lib:/opt/ros/rolling/lib/x86_64-linux-gnu:/opt/ros/rolling/lib:/opt/MVS/lib/64:/opt/MVS/lib/32:/usr/local/TensorRT.10.7.0.23/lib:/usr/lib/x86_64-linux-gnu:/usr/local/cuda/lib64:/opt/MVS/lib/64:/opt/MVS/lib/32:/opt/MVS/lib/64:/opt/MVS/lib/32 PYTHONPATH=/home/guo/ITL_sentry_auto_new/install/autoaim_msgs/lib/python3.10/site-packages:${PYTHONPATH} /usr/local/bin/cmake /home/guo/ITL_sentry_auto_new/src/core/target/motion_model -DCMAKE_INSTALL_PREFIX=/home/guo/ITL_sentry_auto_new/install/motion_model
[1.996s] Invoking command in '/home/guo/ITL_sentry_auto_new/build/motion_model': AMENT_PREFIX_PATH=/home/guo/ITL_sentry_auto_new/install/autoaim_msgs:${AMENT_PREFIX_PATH} CMAKE_PREFIX_PATH=/home/guo/ITL_sentry_auto_new/install/autoaim_msgs:/opt/ros/rolling LD_LIBRARY_PATH=/home/guo/ITL_sentry_auto_new/install/autoaim_msgs/lib:/usr/lib/x86_64-linux-gnu:/opt/ros/rolling/opt/rviz_ogre_vendor/lib:/opt/ros/rolling/lib/x86_64-linux-gnu:/opt/ros/rolling/lib:/opt/MVS/lib/64:/opt/MVS/lib/32:/usr/local/TensorRT.10.7.0.23/lib:/usr/lib/x86_64-linux-gnu:/usr/local/cuda/lib64:/opt/MVS/lib/64:/opt/MVS/lib/32:/opt/MVS/lib/64:/opt/MVS/lib/32 PYTHONPATH=/home/guo/ITL_sentry_auto_new/install/autoaim_msgs/lib/python3.10/site-packages:${PYTHONPATH} /usr/local/bin/cmake --build /home/guo/ITL_sentry_auto_new/build/motion_model -- -j24 -l24
[2.021s] [ 50%] [32mBuilding CXX object CMakeFiles/motion_model.dir/src/full_model.cpp.o[0m
[9.346s] [100%] [32m[1mLinking CXX shared library libmotion_model.so[0m
[9.788s] [100%] Built target motion_model
[9.792s] Invoked command in '/home/guo/ITL_sentry_auto_new/build/motion_model' returned '0': AMENT_PREFIX_PATH=/home/guo/ITL_sentry_auto_new/install/autoaim_msgs:${AMENT_PREFIX_PATH} CMAKE_PREFIX_PATH=/home/guo/ITL_sentry_auto_new/install/autoaim_msgs:/opt/ros/rolling LD_LIBRARY_PATH=/home/guo/ITL_sentry_auto_new/install/autoaim_msgs/lib:/usr/lib/x86_64-linux-gnu:/opt/ros/rolling/opt/rviz_ogre_vendor/lib:/opt/ros/rolling/lib/x86_64-linux-gnu:/opt/ros/rolling/lib:/opt/MVS/lib/64:/opt/MVS/lib/32:/usr/local/TensorRT.10.7.0.23/lib:/usr/lib/x86_64-linux-gnu:/usr/local/cuda/lib64:/opt/MVS/lib/64:/opt/MVS/lib/32:/opt/MVS/lib/64:/opt/MVS/lib/32 PYTHONPATH=/home/guo/ITL_sentry_auto_new/install/autoaim_msgs/lib/python3.10/site-packages:${PYTHONPATH} /usr/local/bin/cmake --build /home/guo/ITL_sentry_auto_new/build/motion_model -- -j24 -l24
[9.794s] Invoking command in '/home/guo/ITL_sentry_auto_new/build/motion_model': AMENT_PREFIX_PATH=/home/guo/ITL_sentry_auto_new/install/autoaim_msgs:${AMENT_PREFIX_PATH} CMAKE_PREFIX_PATH=/home/guo/ITL_sentry_auto_new/install/autoaim_msgs:/opt/ros/rolling LD_LIBRARY_PATH=/home/guo/ITL_sentry_auto_new/install/autoaim_msgs/lib:/usr/lib/x86_64-linux-gnu:/opt/ros/rolling/opt/rviz_ogre_vendor/lib:/opt/ros/rolling/lib/x86_64-linux-gnu:/opt/ros/rolling/lib:/opt/MVS/lib/64:/opt/MVS/lib/32:/usr/local/TensorRT.10.7.0.23/lib:/usr/lib/x86_64-linux-gnu:/usr/local/cuda/lib64:/opt/MVS/lib/64:/opt/MVS/lib/32:/opt/MVS/lib/64:/opt/MVS/lib/32 PYTHONPATH=/home/guo/ITL_sentry_auto_new/install/autoaim_msgs/lib/python3.10/site-packages:${PYTHONPATH} /usr/local/bin/cmake --install /home/guo/ITL_sentry_auto_new/build/motion_model
[9.796s] -- Install configuration: ""
[9.796s] -- Installing: /home/guo/ITL_sentry_auto_new/install/motion_model/share/motion_model/environment/library_path.sh
[9.796s] -- Installing: /home/guo/ITL_sentry_auto_new/install/motion_model/share/motion_model/environment/library_path.dsv
[9.796s] -- Installing: /home/guo/ITL_sentry_auto_new/install/motion_model/lib/libmotion_model.so
[9.800s] -- Set non-toolchain portion of runtime path of "/home/guo/ITL_sentry_auto_new/install/motion_model/lib/libmotion_model.so" to ""
[9.800s] -- Installing: /home/guo/ITL_sentry_auto_new/install/motion_model/include
[9.800s] -- Installing: /home/guo/ITL_sentry_auto_new/install/motion_model/include/full_model.hpp
[9.801s] -- Installing: /home/guo/ITL_sentry_auto_new/install/motion_model/share/ament_index/resource_index/package_run_dependencies/motion_model
[9.801s] -- Installing: /home/guo/ITL_sentry_auto_new/install/motion_model/share/ament_index/resource_index/parent_prefix_path/motion_model
[9.801s] -- Installing: /home/guo/ITL_sentry_auto_new/install/motion_model/share/motion_model/environment/ament_prefix_path.sh
[9.801s] -- Installing: /home/guo/ITL_sentry_auto_new/install/motion_model/share/motion_model/environment/ament_prefix_path.dsv
[9.801s] -- Installing: /home/guo/ITL_sentry_auto_new/install/motion_model/share/motion_model/environment/path.sh
[9.801s] -- Installing: /home/guo/ITL_sentry_auto_new/install/motion_model/share/motion_model/environment/path.dsv
[9.801s] -- Installing: /home/guo/ITL_sentry_auto_new/install/motion_model/share/motion_model/local_setup.bash
[9.801s] -- Installing: /home/guo/ITL_sentry_auto_new/install/motion_model/share/motion_model/local_setup.sh
[9.801s] -- Installing: /home/guo/ITL_sentry_auto_new/install/motion_model/share/motion_model/local_setup.zsh
[9.801s] -- Installing: /home/guo/ITL_sentry_auto_new/install/motion_model/share/motion_model/local_setup.dsv
[9.801s] -- Installing: /home/guo/ITL_sentry_auto_new/install/motion_model/share/motion_model/package.dsv
[9.802s] -- Installing: /home/guo/ITL_sentry_auto_new/install/motion_model/share/ament_index/resource_index/packages/motion_model
[9.802s] -- Installing: /home/guo/ITL_sentry_auto_new/install/motion_model/share/motion_model/cmake/motion_model_targetsExport.cmake
[9.802s] -- Installing: /home/guo/ITL_sentry_auto_new/install/motion_model/share/motion_model/cmake/motion_model_targetsExport-noconfig.cmake
[9.802s] -- Installing: /home/guo/ITL_sentry_auto_new/install/motion_model/share/motion_model/cmake/ament_cmake_export_targets-extras.cmake
[9.802s] -- Installing: /home/guo/ITL_sentry_auto_new/install/motion_model/share/motion_model/cmake/ament_cmake_export_dependencies-extras.cmake
[9.802s] -- Installing: /home/guo/ITL_sentry_auto_new/install/motion_model/share/motion_model/cmake/motion_modelConfig.cmake
[9.802s] -- Installing: /home/guo/ITL_sentry_auto_new/install/motion_model/share/motion_model/cmake/motion_modelConfig-version.cmake
[9.802s] -- Installing: /home/guo/ITL_sentry_auto_new/install/motion_model/share/motion_model/package.xml
[9.803s] Invoked command in '/home/guo/ITL_sentry_auto_new/build/motion_model' returned '0': AMENT_PREFIX_PATH=/home/guo/ITL_sentry_auto_new/install/autoaim_msgs:${AMENT_PREFIX_PATH} CMAKE_PREFIX_PATH=/home/guo/ITL_sentry_auto_new/install/autoaim_msgs:/opt/ros/rolling LD_LIBRARY_PATH=/home/guo/ITL_sentry_auto_new/install/autoaim_msgs/lib:/usr/lib/x86_64-linux-gnu:/opt/ros/rolling/opt/rviz_ogre_vendor/lib:/opt/ros/rolling/lib/x86_64-linux-gnu:/opt/ros/rolling/lib:/opt/MVS/lib/64:/opt/MVS/lib/32:/usr/local/TensorRT.10.7.0.23/lib:/usr/lib/x86_64-linux-gnu:/usr/local/cuda/lib64:/opt/MVS/lib/64:/opt/MVS/lib/32:/opt/MVS/lib/64:/opt/MVS/lib/32 PYTHONPATH=/home/guo/ITL_sentry_auto_new/install/autoaim_msgs/lib/python3.10/site-packages:${PYTHONPATH} /usr/local/bin/cmake --install /home/guo/ITL_sentry_auto_new/build/motion_model
