In file included from [01m[K/home/guo/ITL_sentry_auto_new/src/core/solver/src/solver_node.cpp:1[m[K:
[01m[K/home/guo/ITL_sentry_auto_new/src/core/solver/include/solver_node.hpp:18:16:[m[K [01;31m[Kerror: [m[K‘[01m[Karmor_auto_aom[m[K’ does not name a type
   18 | using Armors = [01;31m[Karmor_auto_aom[m[K::Armor;
      |                [01;31m[K^~~~~~~~~~~~~~[m[K
[01m[K/home/guo/ITL_sentry_auto_new/src/core/solver/include/solver_node.hpp:27:29:[m[K [01;31m[Kerror: [m[K‘[01m[KArmors[m[K’ has not been declared
   27 |     Armor_pose processArmor([01;31m[KArmors[m[K armor, double timestamp);
      |                             [01;31m[K^~~~~~[m[K
[01m[K/home/guo/ITL_sentry_auto_new/src/core/solver/src/solver_node.cpp:25:12:[m[K [01;31m[Kerror: [m[K‘[01m[Ksolver::Armor_pose solver::Solver::processArmor[m[K’ is not a static data member of ‘[01m[Kclass solver::Solver[m[K’
   25 | Armor_pose [01;31m[KSolver[m[K::processArmor(Armors armor,
      |            [01;31m[K^~~~~~[m[K
[01m[K/home/guo/ITL_sentry_auto_new/src/core/solver/src/solver_node.cpp:25:33:[m[K [01;31m[Kerror: [m[K‘[01m[KArmors[m[K’ was not declared in this scope
   25 | Armor_pose Solver::processArmor([01;31m[KArmors[m[K armor,
      |                                 [01;31m[K^~~~~~[m[K
[01m[K/home/guo/ITL_sentry_auto_new/src/core/solver/src/solver_node.cpp:26:32:[m[K [01;31m[Kerror: [m[Kexpected primary-expression before ‘[01m[Kdouble[m[K’
   26 |                                [01;31m[Kdouble[m[K timestamp) {
      |                                [01;31m[K^~~~~~[m[K
[01m[K/home/guo/ITL_sentry_auto_new/src/core/solver/src/solver_node.cpp:26:50:[m[K [01;31m[Kerror: [m[Kexpected ‘[01m[K,[m[K’ or ‘[01m[K;[m[K’ before ‘[01m[K{[m[K’ token
   26 |                                double timestamp) [01;31m[K{[m[K
      |                                                  [01;31m[K^[m[K
gmake[2]: *** [CMakeFiles/solver_interface.dir/build.make:76：CMakeFiles/solver_interface.dir/src/solver_node.cpp.o] 错误 1
gmake[1]: *** [CMakeFiles/Makefile2:252：CMakeFiles/solver_interface.dir/all] 错误 2
gmake: *** [Makefile:146：all] 错误 2
