[0.073s] colcon DEBUG Command line arguments: ['/usr/bin/colcon', 'build', '--packages-select', 'auto_aim']
[0.073s] colcon DEBUG Parsed command line arguments: Namespace(log_base=None, log_level=None, verb_name='build', build_base='build', install_base='install', merge_install=False, symlink_install=False, test_result_base=None, continue_on_error=False, executor='parallel', parallel_workers=24, event_handlers=None, ignore_user_meta=False, metas=['./colcon.meta'], base_paths=['.'], packages_ignore=None, packages_ignore_regex=None, paths=None, packages_up_to=None, packages_up_to_regex=None, packages_above=None, packages_above_and_dependencies=None, packages_above_depth=None, packages_select_by_dep=None, packages_skip_by_dep=None, packages_skip_up_to=None, packages_select_build_failed=False, packages_skip_build_finished=False, packages_select_test_failures=False, packages_skip_test_passed=False, packages_select=['auto_aim'], packages_skip=None, packages_select_regex=None, packages_skip_regex=None, packages_start=None, packages_end=None, allow_overriding=[], cmake_args=None, cmake_target=None, cmake_target_skip_unavailable=False, cmake_clean_cache=False, cmake_clean_first=False, cmake_force_configure=False, ament_cmake_args=None, catkin_cmake_args=None, catkin_skip_building_tests=False, verb_parser=<colcon_defaults.argument_parser.defaults.DefaultArgumentsDecorator object at 0x70267a915b40>, verb_extension=<colcon_core.verb.build.BuildVerb object at 0x70267abfef50>, main=<bound method BuildVerb.main of <colcon_core.verb.build.BuildVerb object at 0x70267abfef50>>)
[0.183s] colcon.colcon_core.package_discovery Level 1 discover_packages(colcon_meta) check parameters
[0.183s] colcon.colcon_core.package_discovery Level 1 discover_packages(recursive) check parameters
[0.183s] colcon.colcon_core.package_discovery Level 1 discover_packages(ignore) check parameters
[0.183s] colcon.colcon_core.package_discovery Level 1 discover_packages(path) check parameters
[0.183s] colcon.colcon_core.package_discovery Level 1 discover_packages(colcon_meta) discover
[0.183s] colcon.colcon_core.package_discovery Level 1 discover_packages(recursive) discover
[0.183s] colcon.colcon_core.package_discovery INFO Crawling recursively for packages in '/home/guo/ITL_sentry_auto_new'
[0.184s] colcon.colcon_core.package_identification Level 1 _identify(.) by extensions ['ignore', 'ignore_ament_install']
[0.184s] colcon.colcon_core.package_identification Level 1 _identify(.) by extension 'ignore'
[0.184s] colcon.colcon_core.package_identification Level 1 _identify(.) by extension 'ignore_ament_install'
[0.184s] colcon.colcon_core.package_identification Level 1 _identify(.) by extensions ['colcon_pkg']
[0.184s] colcon.colcon_core.package_identification Level 1 _identify(.) by extension 'colcon_pkg'
[0.184s] colcon.colcon_core.package_identification Level 1 _identify(.) by extensions ['colcon_meta']
[0.184s] colcon.colcon_core.package_identification Level 1 _identify(.) by extension 'colcon_meta'
[0.184s] colcon.colcon_core.package_identification Level 1 _identify(.) by extensions ['ros']
[0.184s] colcon.colcon_core.package_identification Level 1 _identify(.) by extension 'ros'
[0.198s] colcon.colcon_core.package_identification Level 1 _identify(.) by extensions ['cmake', 'python']
[0.198s] colcon.colcon_core.package_identification Level 1 _identify(.) by extension 'cmake'
[0.198s] colcon.colcon_core.package_identification Level 1 _identify(.) by extension 'python'
[0.198s] colcon.colcon_core.package_identification Level 1 _identify(.) by extensions ['python_setup_py']
[0.198s] colcon.colcon_core.package_identification Level 1 _identify(.) by extension 'python_setup_py'
[0.199s] colcon.colcon_core.package_identification Level 1 _identify(build) by extensions ['ignore', 'ignore_ament_install']
[0.199s] colcon.colcon_core.package_identification Level 1 _identify(build) by extension 'ignore'
[0.199s] colcon.colcon_core.package_identification Level 1 _identify(build) ignored
[0.199s] colcon.colcon_core.package_identification Level 1 _identify(install) by extensions ['ignore', 'ignore_ament_install']
[0.199s] colcon.colcon_core.package_identification Level 1 _identify(install) by extension 'ignore'
[0.199s] colcon.colcon_core.package_identification Level 1 _identify(install) ignored
[0.199s] colcon.colcon_core.package_identification Level 1 _identify(log) by extensions ['ignore', 'ignore_ament_install']
[0.199s] colcon.colcon_core.package_identification Level 1 _identify(log) by extension 'ignore'
[0.199s] colcon.colcon_core.package_identification Level 1 _identify(log) ignored
[0.199s] colcon.colcon_core.package_identification Level 1 _identify(logs) by extensions ['ignore', 'ignore_ament_install']
[0.199s] colcon.colcon_core.package_identification Level 1 _identify(logs) by extension 'ignore'
[0.199s] colcon.colcon_core.package_identification Level 1 _identify(logs) by extension 'ignore_ament_install'
[0.199s] colcon.colcon_core.package_identification Level 1 _identify(logs) by extensions ['colcon_pkg']
[0.199s] colcon.colcon_core.package_identification Level 1 _identify(logs) by extension 'colcon_pkg'
[0.199s] colcon.colcon_core.package_identification Level 1 _identify(logs) by extensions ['colcon_meta']
[0.199s] colcon.colcon_core.package_identification Level 1 _identify(logs) by extension 'colcon_meta'
[0.199s] colcon.colcon_core.package_identification Level 1 _identify(logs) by extensions ['ros']
[0.199s] colcon.colcon_core.package_identification Level 1 _identify(logs) by extension 'ros'
[0.199s] colcon.colcon_core.package_identification Level 1 _identify(logs) by extensions ['cmake', 'python']
[0.200s] colcon.colcon_core.package_identification Level 1 _identify(logs) by extension 'cmake'
[0.200s] colcon.colcon_core.package_identification Level 1 _identify(logs) by extension 'python'
[0.200s] colcon.colcon_core.package_identification Level 1 _identify(logs) by extensions ['python_setup_py']
[0.200s] colcon.colcon_core.package_identification Level 1 _identify(logs) by extension 'python_setup_py'
[0.200s] colcon.colcon_core.package_identification Level 1 _identify(src) by extensions ['ignore', 'ignore_ament_install']
[0.200s] colcon.colcon_core.package_identification Level 1 _identify(src) by extension 'ignore'
[0.200s] colcon.colcon_core.package_identification Level 1 _identify(src) by extension 'ignore_ament_install'
[0.200s] colcon.colcon_core.package_identification Level 1 _identify(src) by extensions ['colcon_pkg']
[0.200s] colcon.colcon_core.package_identification Level 1 _identify(src) by extension 'colcon_pkg'
[0.200s] colcon.colcon_core.package_identification Level 1 _identify(src) by extensions ['colcon_meta']
[0.200s] colcon.colcon_core.package_identification Level 1 _identify(src) by extension 'colcon_meta'
[0.200s] colcon.colcon_core.package_identification Level 1 _identify(src) by extensions ['ros']
[0.200s] colcon.colcon_core.package_identification Level 1 _identify(src) by extension 'ros'
[0.200s] colcon.colcon_core.package_identification Level 1 _identify(src) by extensions ['cmake', 'python']
[0.200s] colcon.colcon_core.package_identification Level 1 _identify(src) by extension 'cmake'
[0.200s] colcon.colcon_core.package_identification Level 1 _identify(src) by extension 'python'
[0.200s] colcon.colcon_core.package_identification Level 1 _identify(src) by extensions ['python_setup_py']
[0.200s] colcon.colcon_core.package_identification Level 1 _identify(src) by extension 'python_setup_py'
[0.200s] colcon.colcon_core.package_identification Level 1 _identify(src/Messages) by extensions ['ignore', 'ignore_ament_install']
[0.200s] colcon.colcon_core.package_identification Level 1 _identify(src/Messages) by extension 'ignore'
[0.200s] colcon.colcon_core.package_identification Level 1 _identify(src/Messages) by extension 'ignore_ament_install'
[0.200s] colcon.colcon_core.package_identification Level 1 _identify(src/Messages) by extensions ['colcon_pkg']
[0.200s] colcon.colcon_core.package_identification Level 1 _identify(src/Messages) by extension 'colcon_pkg'
[0.200s] colcon.colcon_core.package_identification Level 1 _identify(src/Messages) by extensions ['colcon_meta']
[0.200s] colcon.colcon_core.package_identification Level 1 _identify(src/Messages) by extension 'colcon_meta'
[0.200s] colcon.colcon_core.package_identification Level 1 _identify(src/Messages) by extensions ['ros']
[0.200s] colcon.colcon_core.package_identification Level 1 _identify(src/Messages) by extension 'ros'
[0.202s] colcon.colcon_core.package_identification DEBUG Package 'src/Messages' with type 'ros.ament_cmake' and name 'autoaim_msgs'
[0.202s] colcon.colcon_core.package_identification Level 1 _identify(src/config) by extensions ['ignore', 'ignore_ament_install']
[0.202s] colcon.colcon_core.package_identification Level 1 _identify(src/config) by extension 'ignore'
[0.202s] colcon.colcon_core.package_identification Level 1 _identify(src/config) by extension 'ignore_ament_install'
[0.203s] colcon.colcon_core.package_identification Level 1 _identify(src/config) by extensions ['colcon_pkg']
[0.203s] colcon.colcon_core.package_identification Level 1 _identify(src/config) by extension 'colcon_pkg'
[0.203s] colcon.colcon_core.package_identification Level 1 _identify(src/config) by extensions ['colcon_meta']
[0.203s] colcon.colcon_core.package_identification Level 1 _identify(src/config) by extension 'colcon_meta'
[0.203s] colcon.colcon_core.package_identification Level 1 _identify(src/config) by extensions ['ros']
[0.203s] colcon.colcon_core.package_identification Level 1 _identify(src/config) by extension 'ros'
[0.203s] colcon.colcon_core.package_identification Level 1 _identify(src/config) by extensions ['cmake', 'python']
[0.203s] colcon.colcon_core.package_identification Level 1 _identify(src/config) by extension 'cmake'
[0.203s] colcon.colcon_core.package_identification Level 1 _identify(src/config) by extension 'python'
[0.203s] colcon.colcon_core.package_identification Level 1 _identify(src/config) by extensions ['python_setup_py']
[0.203s] colcon.colcon_core.package_identification Level 1 _identify(src/config) by extension 'python_setup_py'
[0.203s] colcon.colcon_core.package_identification Level 1 _identify(src/core) by extensions ['ignore', 'ignore_ament_install']
[0.203s] colcon.colcon_core.package_identification Level 1 _identify(src/core) by extension 'ignore'
[0.203s] colcon.colcon_core.package_identification Level 1 _identify(src/core) by extension 'ignore_ament_install'
[0.203s] colcon.colcon_core.package_identification Level 1 _identify(src/core) by extensions ['colcon_pkg']
[0.203s] colcon.colcon_core.package_identification Level 1 _identify(src/core) by extension 'colcon_pkg'
[0.203s] colcon.colcon_core.package_identification Level 1 _identify(src/core) by extensions ['colcon_meta']
[0.203s] colcon.colcon_core.package_identification Level 1 _identify(src/core) by extension 'colcon_meta'
[0.203s] colcon.colcon_core.package_identification Level 1 _identify(src/core) by extensions ['ros']
[0.203s] colcon.colcon_core.package_identification Level 1 _identify(src/core) by extension 'ros'
[0.203s] colcon.colcon_core.package_identification Level 1 _identify(src/core) by extensions ['cmake', 'python']
[0.203s] colcon.colcon_core.package_identification Level 1 _identify(src/core) by extension 'cmake'
[0.203s] colcon.colcon_core.package_identification Level 1 _identify(src/core) by extension 'python'
[0.203s] colcon.colcon_core.package_identification Level 1 _identify(src/core) by extensions ['python_setup_py']
[0.203s] colcon.colcon_core.package_identification Level 1 _identify(src/core) by extension 'python_setup_py'
[0.203s] colcon.colcon_core.package_identification Level 1 _identify(src/core/auto_aim) by extensions ['ignore', 'ignore_ament_install']
[0.203s] colcon.colcon_core.package_identification Level 1 _identify(src/core/auto_aim) by extension 'ignore'
[0.203s] colcon.colcon_core.package_identification Level 1 _identify(src/core/auto_aim) by extension 'ignore_ament_install'
[0.203s] colcon.colcon_core.package_identification Level 1 _identify(src/core/auto_aim) by extensions ['colcon_pkg']
[0.203s] colcon.colcon_core.package_identification Level 1 _identify(src/core/auto_aim) by extension 'colcon_pkg'
[0.203s] colcon.colcon_core.package_identification Level 1 _identify(src/core/auto_aim) by extensions ['colcon_meta']
[0.203s] colcon.colcon_core.package_identification Level 1 _identify(src/core/auto_aim) by extension 'colcon_meta'
[0.204s] colcon.colcon_core.package_identification Level 1 _identify(src/core/auto_aim) by extensions ['ros']
[0.204s] colcon.colcon_core.package_identification Level 1 _identify(src/core/auto_aim) by extension 'ros'
[0.205s] colcon.colcon_core.package_identification DEBUG Package 'src/core/auto_aim' with type 'ros.ament_cmake' and name 'auto_aim'
[0.205s] colcon.colcon_core.package_identification Level 1 _identify(src/core/auto_buff) by extensions ['ignore', 'ignore_ament_install']
[0.205s] colcon.colcon_core.package_identification Level 1 _identify(src/core/auto_buff) by extension 'ignore'
[0.205s] colcon.colcon_core.package_identification Level 1 _identify(src/core/auto_buff) by extension 'ignore_ament_install'
[0.205s] colcon.colcon_core.package_identification Level 1 _identify(src/core/auto_buff) by extensions ['colcon_pkg']
[0.205s] colcon.colcon_core.package_identification Level 1 _identify(src/core/auto_buff) by extension 'colcon_pkg'
[0.205s] colcon.colcon_core.package_identification Level 1 _identify(src/core/auto_buff) by extensions ['colcon_meta']
[0.205s] colcon.colcon_core.package_identification Level 1 _identify(src/core/auto_buff) by extension 'colcon_meta'
[0.205s] colcon.colcon_core.package_identification Level 1 _identify(src/core/auto_buff) by extensions ['ros']
[0.205s] colcon.colcon_core.package_identification Level 1 _identify(src/core/auto_buff) by extension 'ros'
[0.205s] colcon.colcon_core.package_identification Level 1 _identify(src/core/auto_buff) by extensions ['cmake', 'python']
[0.205s] colcon.colcon_core.package_identification Level 1 _identify(src/core/auto_buff) by extension 'cmake'
[0.205s] colcon.colcon_core.package_identification Level 1 _identify(src/core/auto_buff) by extension 'python'
[0.205s] colcon.colcon_core.package_identification Level 1 _identify(src/core/auto_buff) by extensions ['python_setup_py']
[0.205s] colcon.colcon_core.package_identification Level 1 _identify(src/core/auto_buff) by extension 'python_setup_py'
[0.206s] colcon.colcon_core.package_identification Level 1 _identify(src/io) by extensions ['ignore', 'ignore_ament_install']
[0.206s] colcon.colcon_core.package_identification Level 1 _identify(src/io) by extension 'ignore'
[0.206s] colcon.colcon_core.package_identification Level 1 _identify(src/io) by extension 'ignore_ament_install'
[0.206s] colcon.colcon_core.package_identification Level 1 _identify(src/io) by extensions ['colcon_pkg']
[0.206s] colcon.colcon_core.package_identification Level 1 _identify(src/io) by extension 'colcon_pkg'
[0.206s] colcon.colcon_core.package_identification Level 1 _identify(src/io) by extensions ['colcon_meta']
[0.206s] colcon.colcon_core.package_identification Level 1 _identify(src/io) by extension 'colcon_meta'
[0.206s] colcon.colcon_core.package_identification Level 1 _identify(src/io) by extensions ['ros']
[0.206s] colcon.colcon_core.package_identification Level 1 _identify(src/io) by extension 'ros'
[0.206s] colcon.colcon_core.package_identification Level 1 _identify(src/io) by extensions ['cmake', 'python']
[0.206s] colcon.colcon_core.package_identification Level 1 _identify(src/io) by extension 'cmake'
[0.206s] colcon.colcon_core.package_identification Level 1 _identify(src/io) by extension 'python'
[0.206s] colcon.colcon_core.package_identification Level 1 _identify(src/io) by extensions ['python_setup_py']
[0.206s] colcon.colcon_core.package_identification Level 1 _identify(src/io) by extension 'python_setup_py'
[0.206s] colcon.colcon_core.package_identification Level 1 _identify(src/io/cboard) by extensions ['ignore', 'ignore_ament_install']
[0.206s] colcon.colcon_core.package_identification Level 1 _identify(src/io/cboard) by extension 'ignore'
[0.206s] colcon.colcon_core.package_identification Level 1 _identify(src/io/cboard) by extension 'ignore_ament_install'
[0.206s] colcon.colcon_core.package_identification Level 1 _identify(src/io/cboard) by extensions ['colcon_pkg']
[0.206s] colcon.colcon_core.package_identification Level 1 _identify(src/io/cboard) by extension 'colcon_pkg'
[0.206s] colcon.colcon_core.package_identification Level 1 _identify(src/io/cboard) by extensions ['colcon_meta']
[0.206s] colcon.colcon_core.package_identification Level 1 _identify(src/io/cboard) by extension 'colcon_meta'
[0.206s] colcon.colcon_core.package_identification Level 1 _identify(src/io/cboard) by extensions ['ros']
[0.206s] colcon.colcon_core.package_identification Level 1 _identify(src/io/cboard) by extension 'ros'
[0.207s] colcon.colcon_core.package_identification DEBUG Package 'src/io/cboard' with type 'ros.ament_cmake' and name 'cboard'
[0.207s] colcon.colcon_core.package_identification Level 1 _identify(src/io/device) by extensions ['ignore', 'ignore_ament_install']
[0.207s] colcon.colcon_core.package_identification Level 1 _identify(src/io/device) by extension 'ignore'
[0.207s] colcon.colcon_core.package_identification Level 1 _identify(src/io/device) by extension 'ignore_ament_install'
[0.207s] colcon.colcon_core.package_identification Level 1 _identify(src/io/device) by extensions ['colcon_pkg']
[0.207s] colcon.colcon_core.package_identification Level 1 _identify(src/io/device) by extension 'colcon_pkg'
[0.207s] colcon.colcon_core.package_identification Level 1 _identify(src/io/device) by extensions ['colcon_meta']
[0.207s] colcon.colcon_core.package_identification Level 1 _identify(src/io/device) by extension 'colcon_meta'
[0.207s] colcon.colcon_core.package_identification Level 1 _identify(src/io/device) by extensions ['ros']
[0.207s] colcon.colcon_core.package_identification Level 1 _identify(src/io/device) by extension 'ros'
[0.207s] colcon.colcon_core.package_identification Level 1 _identify(src/io/device) by extensions ['cmake', 'python']
[0.207s] colcon.colcon_core.package_identification Level 1 _identify(src/io/device) by extension 'cmake'
[0.207s] colcon.colcon_core.package_identification Level 1 _identify(src/io/device) by extension 'python'
[0.207s] colcon.colcon_core.package_identification Level 1 _identify(src/io/device) by extensions ['python_setup_py']
[0.207s] colcon.colcon_core.package_identification Level 1 _identify(src/io/device) by extension 'python_setup_py'
[0.207s] colcon.colcon_core.package_identification Level 1 _identify(src/io/device/camera) by extensions ['ignore', 'ignore_ament_install']
[0.207s] colcon.colcon_core.package_identification Level 1 _identify(src/io/device/camera) by extension 'ignore'
[0.207s] colcon.colcon_core.package_identification Level 1 _identify(src/io/device/camera) by extension 'ignore_ament_install'
[0.207s] colcon.colcon_core.package_identification Level 1 _identify(src/io/device/camera) by extensions ['colcon_pkg']
[0.208s] colcon.colcon_core.package_identification Level 1 _identify(src/io/device/camera) by extension 'colcon_pkg'
[0.208s] colcon.colcon_core.package_identification Level 1 _identify(src/io/device/camera) by extensions ['colcon_meta']
[0.208s] colcon.colcon_core.package_identification Level 1 _identify(src/io/device/camera) by extension 'colcon_meta'
[0.208s] colcon.colcon_core.package_identification Level 1 _identify(src/io/device/camera) by extensions ['ros']
[0.208s] colcon.colcon_core.package_identification Level 1 _identify(src/io/device/camera) by extension 'ros'
[0.208s] colcon.colcon_core.package_identification DEBUG Package 'src/io/device/camera' with type 'ros.ament_cmake' and name 'hikvision'
[0.208s] colcon.colcon_core.package_identification Level 1 _identify(src/io/device/imu) by extensions ['ignore', 'ignore_ament_install']
[0.209s] colcon.colcon_core.package_identification Level 1 _identify(src/io/device/imu) by extension 'ignore'
[0.209s] colcon.colcon_core.package_identification Level 1 _identify(src/io/device/imu) by extension 'ignore_ament_install'
[0.209s] colcon.colcon_core.package_identification Level 1 _identify(src/io/device/imu) by extensions ['colcon_pkg']
[0.209s] colcon.colcon_core.package_identification Level 1 _identify(src/io/device/imu) by extension 'colcon_pkg'
[0.209s] colcon.colcon_core.package_identification Level 1 _identify(src/io/device/imu) by extensions ['colcon_meta']
[0.209s] colcon.colcon_core.package_identification Level 1 _identify(src/io/device/imu) by extension 'colcon_meta'
[0.209s] colcon.colcon_core.package_identification Level 1 _identify(src/io/device/imu) by extensions ['ros']
[0.209s] colcon.colcon_core.package_identification Level 1 _identify(src/io/device/imu) by extension 'ros'
[0.209s] colcon.colcon_core.package_identification DEBUG Package 'src/io/device/imu' with type 'ros.ament_cmake' and name 'dm_imu'
[0.209s] colcon.colcon_core.package_identification Level 1 _identify(src/io/gimbal) by extensions ['ignore', 'ignore_ament_install']
[0.209s] colcon.colcon_core.package_identification Level 1 _identify(src/io/gimbal) by extension 'ignore'
[0.209s] colcon.colcon_core.package_identification Level 1 _identify(src/io/gimbal) by extension 'ignore_ament_install'
[0.209s] colcon.colcon_core.package_identification Level 1 _identify(src/io/gimbal) by extensions ['colcon_pkg']
[0.209s] colcon.colcon_core.package_identification Level 1 _identify(src/io/gimbal) by extension 'colcon_pkg'
[0.209s] colcon.colcon_core.package_identification Level 1 _identify(src/io/gimbal) by extensions ['colcon_meta']
[0.209s] colcon.colcon_core.package_identification Level 1 _identify(src/io/gimbal) by extension 'colcon_meta'
[0.209s] colcon.colcon_core.package_identification Level 1 _identify(src/io/gimbal) by extensions ['ros']
[0.209s] colcon.colcon_core.package_identification Level 1 _identify(src/io/gimbal) by extension 'ros'
[0.210s] colcon.colcon_core.package_identification DEBUG Package 'src/io/gimbal' with type 'ros.ament_cmake' and name 'gimbal'
[0.210s] colcon.colcon_core.package_identification Level 1 _identify(src/io/serial) by extensions ['ignore', 'ignore_ament_install']
[0.210s] colcon.colcon_core.package_identification Level 1 _identify(src/io/serial) by extension 'ignore'
[0.210s] colcon.colcon_core.package_identification Level 1 _identify(src/io/serial) by extension 'ignore_ament_install'
[0.210s] colcon.colcon_core.package_identification Level 1 _identify(src/io/serial) by extensions ['colcon_pkg']
[0.210s] colcon.colcon_core.package_identification Level 1 _identify(src/io/serial) by extension 'colcon_pkg'
[0.210s] colcon.colcon_core.package_identification Level 1 _identify(src/io/serial) by extensions ['colcon_meta']
[0.210s] colcon.colcon_core.package_identification Level 1 _identify(src/io/serial) by extension 'colcon_meta'
[0.210s] colcon.colcon_core.package_identification Level 1 _identify(src/io/serial) by extensions ['ros']
[0.210s] colcon.colcon_core.package_identification Level 1 _identify(src/io/serial) by extension 'ros'
[0.211s] colcon.colcon_core.package_identification DEBUG Package 'src/io/serial' with type 'ros.ament_cmake' and name 'serial'
[0.211s] colcon.colcon_core.package_identification Level 1 _identify(src/launch) by extensions ['ignore', 'ignore_ament_install']
[0.211s] colcon.colcon_core.package_identification Level 1 _identify(src/launch) by extension 'ignore'
[0.211s] colcon.colcon_core.package_identification Level 1 _identify(src/launch) by extension 'ignore_ament_install'
[0.211s] colcon.colcon_core.package_identification Level 1 _identify(src/launch) by extensions ['colcon_pkg']
[0.211s] colcon.colcon_core.package_identification Level 1 _identify(src/launch) by extension 'colcon_pkg'
[0.211s] colcon.colcon_core.package_identification Level 1 _identify(src/launch) by extensions ['colcon_meta']
[0.211s] colcon.colcon_core.package_identification Level 1 _identify(src/launch) by extension 'colcon_meta'
[0.211s] colcon.colcon_core.package_identification Level 1 _identify(src/launch) by extensions ['ros']
[0.211s] colcon.colcon_core.package_identification Level 1 _identify(src/launch) by extension 'ros'
[0.211s] colcon.colcon_core.package_identification DEBUG Package 'src/launch' with type 'ros.ament_cmake' and name 'launch_node'
[0.212s] colcon.colcon_core.package_identification Level 1 _identify(src/model) by extensions ['ignore', 'ignore_ament_install']
[0.212s] colcon.colcon_core.package_identification Level 1 _identify(src/model) by extension 'ignore'
[0.212s] colcon.colcon_core.package_identification Level 1 _identify(src/model) by extension 'ignore_ament_install'
[0.212s] colcon.colcon_core.package_identification Level 1 _identify(src/model) by extensions ['colcon_pkg']
[0.212s] colcon.colcon_core.package_identification Level 1 _identify(src/model) by extension 'colcon_pkg'
[0.212s] colcon.colcon_core.package_identification Level 1 _identify(src/model) by extensions ['colcon_meta']
[0.212s] colcon.colcon_core.package_identification Level 1 _identify(src/model) by extension 'colcon_meta'
[0.212s] colcon.colcon_core.package_identification Level 1 _identify(src/model) by extensions ['ros']
[0.212s] colcon.colcon_core.package_identification Level 1 _identify(src/model) by extension 'ros'
[0.212s] colcon.colcon_core.package_identification Level 1 _identify(src/model) by extensions ['cmake', 'python']
[0.212s] colcon.colcon_core.package_identification Level 1 _identify(src/model) by extension 'cmake'
[0.212s] colcon.colcon_core.package_identification Level 1 _identify(src/model) by extension 'python'
[0.212s] colcon.colcon_core.package_identification Level 1 _identify(src/model) by extensions ['python_setup_py']
[0.212s] colcon.colcon_core.package_identification Level 1 _identify(src/model) by extension 'python_setup_py'
[0.212s] colcon.colcon_core.package_identification Level 1 _identify(src/node) by extensions ['ignore', 'ignore_ament_install']
[0.212s] colcon.colcon_core.package_identification Level 1 _identify(src/node) by extension 'ignore'
[0.212s] colcon.colcon_core.package_identification Level 1 _identify(src/node) by extension 'ignore_ament_install'
[0.212s] colcon.colcon_core.package_identification Level 1 _identify(src/node) by extensions ['colcon_pkg']
[0.212s] colcon.colcon_core.package_identification Level 1 _identify(src/node) by extension 'colcon_pkg'
[0.212s] colcon.colcon_core.package_identification Level 1 _identify(src/node) by extensions ['colcon_meta']
[0.212s] colcon.colcon_core.package_identification Level 1 _identify(src/node) by extension 'colcon_meta'
[0.212s] colcon.colcon_core.package_identification Level 1 _identify(src/node) by extensions ['ros']
[0.212s] colcon.colcon_core.package_identification Level 1 _identify(src/node) by extension 'ros'
[0.215s] colcon.colcon_core.package_identification DEBUG Package 'src/node' with type 'ros.ament_cmake' and name 'pipeline'
[0.215s] colcon.colcon_core.package_identification Level 1 _identify(src/utils) by extensions ['ignore', 'ignore_ament_install']
[0.215s] colcon.colcon_core.package_identification Level 1 _identify(src/utils) by extension 'ignore'
[0.215s] colcon.colcon_core.package_identification Level 1 _identify(src/utils) by extension 'ignore_ament_install'
[0.215s] colcon.colcon_core.package_identification Level 1 _identify(src/utils) by extensions ['colcon_pkg']
[0.215s] colcon.colcon_core.package_identification Level 1 _identify(src/utils) by extension 'colcon_pkg'
[0.215s] colcon.colcon_core.package_identification Level 1 _identify(src/utils) by extensions ['colcon_meta']
[0.215s] colcon.colcon_core.package_identification Level 1 _identify(src/utils) by extension 'colcon_meta'
[0.215s] colcon.colcon_core.package_identification Level 1 _identify(src/utils) by extensions ['ros']
[0.215s] colcon.colcon_core.package_identification Level 1 _identify(src/utils) by extension 'ros'
[0.216s] colcon.colcon_core.package_identification DEBUG Package 'src/utils' with type 'ros.ament_cmake' and name 'utils'
[0.216s] colcon.colcon_core.package_discovery Level 1 discover_packages(recursive) using defaults
[0.216s] colcon.colcon_core.package_discovery Level 1 discover_packages(ignore) discover
[0.216s] colcon.colcon_core.package_discovery Level 1 discover_packages(ignore) using defaults
[0.216s] colcon.colcon_core.package_discovery Level 1 discover_packages(path) discover
[0.216s] colcon.colcon_core.package_discovery Level 1 discover_packages(path) using defaults
[0.229s] colcon.colcon_core.package_selection INFO Skipping not selected package 'autoaim_msgs' in 'src/Messages'
[0.229s] colcon.colcon_core.package_selection INFO Skipping not selected package 'launch_node' in 'src/launch'
[0.229s] colcon.colcon_core.package_selection INFO Skipping not selected package 'utils' in 'src/utils'
[0.229s] colcon.colcon_core.package_selection INFO Skipping not selected package 'cboard' in 'src/io/cboard'
[0.229s] colcon.colcon_core.package_selection INFO Skipping not selected package 'hikvision' in 'src/io/device/camera'
[0.229s] colcon.colcon_core.package_selection INFO Skipping not selected package 'serial' in 'src/io/serial'
[0.229s] colcon.colcon_core.package_selection INFO Skipping not selected package 'dm_imu' in 'src/io/device/imu'
[0.229s] colcon.colcon_core.package_selection INFO Skipping not selected package 'gimbal' in 'src/io/gimbal'
[0.229s] colcon.colcon_core.package_selection INFO Skipping not selected package 'pipeline' in 'src/node'
[0.229s] colcon.colcon_core.package_discovery Level 1 discover_packages(prefix_path) check parameters
[0.229s] colcon.colcon_core.package_discovery Level 1 discover_packages(prefix_path) discover
[0.231s] colcon.colcon_installed_package_information.package_discovery DEBUG Found 267 installed packages in /opt/ros/rolling
[0.232s] colcon.colcon_core.package_discovery Level 1 discover_packages(prefix_path) using defaults
[0.254s] colcon.colcon_core.verb Level 5 set package 'auto_aim' build argument 'cmake_args' from command line to 'None'
[0.254s] colcon.colcon_core.verb Level 5 set package 'auto_aim' build argument 'cmake_target' from command line to 'None'
[0.254s] colcon.colcon_core.verb Level 5 set package 'auto_aim' build argument 'cmake_target_skip_unavailable' from command line to 'False'
[0.254s] colcon.colcon_core.verb Level 5 set package 'auto_aim' build argument 'cmake_clean_cache' from command line to 'False'
[0.254s] colcon.colcon_core.verb Level 5 set package 'auto_aim' build argument 'cmake_clean_first' from command line to 'False'
[0.254s] colcon.colcon_core.verb Level 5 set package 'auto_aim' build argument 'cmake_force_configure' from command line to 'False'
[0.254s] colcon.colcon_core.verb Level 5 set package 'auto_aim' build argument 'ament_cmake_args' from command line to 'None'
[0.254s] colcon.colcon_core.verb Level 5 set package 'auto_aim' build argument 'catkin_cmake_args' from command line to 'None'
[0.254s] colcon.colcon_core.verb Level 5 set package 'auto_aim' build argument 'catkin_skip_building_tests' from command line to 'False'
[0.254s] colcon.colcon_core.verb DEBUG Building package 'auto_aim' with the following arguments: {'ament_cmake_args': None, 'build_base': '/home/guo/ITL_sentry_auto_new/build/auto_aim', 'catkin_cmake_args': None, 'catkin_skip_building_tests': False, 'cmake_args': None, 'cmake_clean_cache': False, 'cmake_clean_first': False, 'cmake_force_configure': False, 'cmake_target': None, 'cmake_target_skip_unavailable': False, 'install_base': '/home/guo/ITL_sentry_auto_new/install/auto_aim', 'merge_install': False, 'path': '/home/guo/ITL_sentry_auto_new/src/core/auto_aim', 'symlink_install': False, 'test_result_base': None}
[0.254s] colcon.colcon_core.executor INFO Executing jobs using 'parallel' executor
[0.255s] colcon.colcon_parallel_executor.executor.parallel DEBUG run_until_complete
[0.256s] colcon.colcon_ros.task.ament_cmake.build INFO Building ROS package in '/home/guo/ITL_sentry_auto_new/src/core/auto_aim' with build type 'ament_cmake'
[0.256s] colcon.colcon_cmake.task.cmake.build INFO Building CMake package in '/home/guo/ITL_sentry_auto_new/src/core/auto_aim'
[0.257s] colcon.colcon_core.plugin_system INFO Skipping extension 'colcon_core.shell.bat': Not used on non-Windows systems
[0.257s] colcon.colcon_core.shell INFO Skip shell extension 'powershell' for command environment: Not usable outside of PowerShell
[0.257s] colcon.colcon_core.shell DEBUG Skip shell extension 'dsv' for command environment
[0.270s] colcon.colcon_core.event_handler.log_command DEBUG Invoking command in '/home/guo/ITL_sentry_auto_new/build/auto_aim': AMENT_PREFIX_PATH=/home/guo/ITL_sentry_auto_new/install/cboard:/home/guo/ITL_sentry_auto_new/install/utils:/home/guo/ITL_sentry_auto_new/install/autoaim_msgs:${AMENT_PREFIX_PATH} CMAKE_PREFIX_PATH=/home/guo/ITL_sentry_auto_new/install/cboard:/home/guo/ITL_sentry_auto_new/install/utils:/home/guo/ITL_sentry_auto_new/install/autoaim_msgs:/opt/ros/rolling LD_LIBRARY_PATH=/home/guo/ITL_sentry_auto_new/install/cboard/lib:/home/guo/ITL_sentry_auto_new/install/utils/lib:/home/guo/ITL_sentry_auto_new/install/autoaim_msgs/lib:/opt/MVS/lib/64:/opt/MVS/lib/32:/opt/MVS/lib/64:/opt/MVS/lib/32 PYTHONPATH=/home/guo/ITL_sentry_auto_new/install/autoaim_msgs/lib/python3.10/site-packages:${PYTHONPATH} /usr/local/bin/cmake /home/guo/ITL_sentry_auto_new/src/core/auto_aim -DCMAKE_INSTALL_PREFIX=/home/guo/ITL_sentry_auto_new/install/auto_aim
[30.285s] colcon.colcon_core.event_handler.log_command DEBUG Invoked command in '/home/guo/ITL_sentry_auto_new/build/auto_aim' returned '0': AMENT_PREFIX_PATH=/home/guo/ITL_sentry_auto_new/install/cboard:/home/guo/ITL_sentry_auto_new/install/utils:/home/guo/ITL_sentry_auto_new/install/autoaim_msgs:${AMENT_PREFIX_PATH} CMAKE_PREFIX_PATH=/home/guo/ITL_sentry_auto_new/install/cboard:/home/guo/ITL_sentry_auto_new/install/utils:/home/guo/ITL_sentry_auto_new/install/autoaim_msgs:/opt/ros/rolling LD_LIBRARY_PATH=/home/guo/ITL_sentry_auto_new/install/cboard/lib:/home/guo/ITL_sentry_auto_new/install/utils/lib:/home/guo/ITL_sentry_auto_new/install/autoaim_msgs/lib:/opt/MVS/lib/64:/opt/MVS/lib/32:/opt/MVS/lib/64:/opt/MVS/lib/32 PYTHONPATH=/home/guo/ITL_sentry_auto_new/install/autoaim_msgs/lib/python3.10/site-packages:${PYTHONPATH} /usr/local/bin/cmake /home/guo/ITL_sentry_auto_new/src/core/auto_aim -DCMAKE_INSTALL_PREFIX=/home/guo/ITL_sentry_auto_new/install/auto_aim
[30.287s] colcon.colcon_core.event_handler.log_command DEBUG Invoking command in '/home/guo/ITL_sentry_auto_new/build/auto_aim': AMENT_PREFIX_PATH=/home/guo/ITL_sentry_auto_new/install/cboard:/home/guo/ITL_sentry_auto_new/install/utils:/home/guo/ITL_sentry_auto_new/install/autoaim_msgs:${AMENT_PREFIX_PATH} CMAKE_PREFIX_PATH=/home/guo/ITL_sentry_auto_new/install/cboard:/home/guo/ITL_sentry_auto_new/install/utils:/home/guo/ITL_sentry_auto_new/install/autoaim_msgs:/opt/ros/rolling LD_LIBRARY_PATH=/home/guo/ITL_sentry_auto_new/install/cboard/lib:/home/guo/ITL_sentry_auto_new/install/utils/lib:/home/guo/ITL_sentry_auto_new/install/autoaim_msgs/lib:/opt/MVS/lib/64:/opt/MVS/lib/32:/opt/MVS/lib/64:/opt/MVS/lib/32 PYTHONPATH=/home/guo/ITL_sentry_auto_new/install/autoaim_msgs/lib/python3.10/site-packages:${PYTHONPATH} /usr/local/bin/cmake --build /home/guo/ITL_sentry_auto_new/build/auto_aim -- -j24 -l24
[61.320s] colcon.colcon_core.event_handler.log_command DEBUG Invoked command in '/home/guo/ITL_sentry_auto_new/build/auto_aim' returned '2': AMENT_PREFIX_PATH=/home/guo/ITL_sentry_auto_new/install/cboard:/home/guo/ITL_sentry_auto_new/install/utils:/home/guo/ITL_sentry_auto_new/install/autoaim_msgs:${AMENT_PREFIX_PATH} CMAKE_PREFIX_PATH=/home/guo/ITL_sentry_auto_new/install/cboard:/home/guo/ITL_sentry_auto_new/install/utils:/home/guo/ITL_sentry_auto_new/install/autoaim_msgs:/opt/ros/rolling LD_LIBRARY_PATH=/home/guo/ITL_sentry_auto_new/install/cboard/lib:/home/guo/ITL_sentry_auto_new/install/utils/lib:/home/guo/ITL_sentry_auto_new/install/autoaim_msgs/lib:/opt/MVS/lib/64:/opt/MVS/lib/32:/opt/MVS/lib/64:/opt/MVS/lib/32 PYTHONPATH=/home/guo/ITL_sentry_auto_new/install/autoaim_msgs/lib/python3.10/site-packages:${PYTHONPATH} /usr/local/bin/cmake --build /home/guo/ITL_sentry_auto_new/build/auto_aim -- -j24 -l24
[61.321s] colcon.colcon_core.environment Level 1 create_environment_scripts_only(auto_aim)
[61.323s] colcon.colcon_core.environment Level 1 checking '/home/guo/ITL_sentry_auto_new/install/auto_aim' for CMake module files
[61.324s] colcon.colcon_core.environment Level 1 checking '/home/guo/ITL_sentry_auto_new/install/auto_aim' for CMake config files
[61.324s] colcon.colcon_core.environment Level 1 checking '/home/guo/ITL_sentry_auto_new/install/auto_aim/bin'
[61.324s] colcon.colcon_core.environment Level 1 checking '/home/guo/ITL_sentry_auto_new/install/auto_aim/lib/pkgconfig/auto_aim.pc'
[61.324s] colcon.colcon_core.environment Level 1 checking '/home/guo/ITL_sentry_auto_new/install/auto_aim/lib/python3.10/site-packages'
[61.324s] colcon.colcon_core.environment Level 1 checking '/home/guo/ITL_sentry_auto_new/install/auto_aim/bin'
[61.325s] colcon.colcon_core.shell INFO Creating package script '/home/guo/ITL_sentry_auto_new/install/auto_aim/share/auto_aim/package.ps1'
[61.325s] colcon.colcon_core.shell INFO Creating package descriptor '/home/guo/ITL_sentry_auto_new/install/auto_aim/share/auto_aim/package.dsv'
[61.326s] colcon.colcon_core.shell INFO Creating package script '/home/guo/ITL_sentry_auto_new/install/auto_aim/share/auto_aim/package.sh'
[61.326s] colcon.colcon_core.shell INFO Creating package script '/home/guo/ITL_sentry_auto_new/install/auto_aim/share/auto_aim/package.bash'
[61.327s] colcon.colcon_core.shell INFO Creating package script '/home/guo/ITL_sentry_auto_new/install/auto_aim/share/auto_aim/package.zsh'
[61.327s] colcon.colcon_core.environment Level 1 create_file_with_runtime_dependencies(/home/guo/ITL_sentry_auto_new/install/auto_aim/share/colcon-core/packages/auto_aim)
[61.328s] colcon.colcon_parallel_executor.executor.parallel DEBUG closing loop
[61.328s] colcon.colcon_parallel_executor.executor.parallel DEBUG loop closed
[61.328s] colcon.colcon_parallel_executor.executor.parallel DEBUG run_until_complete finished with '2'
[61.328s] colcon.colcon_core.event_reactor DEBUG joining thread
[61.335s] colcon.colcon_core.plugin_system INFO Skipping extension 'colcon_notification.desktop_notification.terminal_notifier': Not used on non-Darwin systems
[61.335s] colcon.colcon_core.plugin_system INFO Skipping extension 'colcon_notification.desktop_notification.win32': Not used on non-Windows systems
[61.335s] colcon.colcon_notification.desktop_notification INFO Sending desktop notification using 'notify2'
[61.335s] colcon.colcon_notification.desktop_notification.notify2 DEBUG Failed to initialize notify2: org.freedesktop.DBus.Error.AccessDenied: Failed to connect to socket /run/user/1000/bus: Operation not permitted
[61.336s] colcon.colcon_core.event_reactor DEBUG joined thread
[61.336s] colcon.colcon_core.shell INFO Creating prefix script '/home/guo/ITL_sentry_auto_new/install/local_setup.ps1'
[61.338s] colcon.colcon_core.shell INFO Creating prefix util module '/home/guo/ITL_sentry_auto_new/install/_local_setup_util_ps1.py'
[61.340s] colcon.colcon_core.shell INFO Creating prefix chain script '/home/guo/ITL_sentry_auto_new/install/setup.ps1'
[61.342s] colcon.colcon_core.shell INFO Creating prefix script '/home/guo/ITL_sentry_auto_new/install/local_setup.sh'
[61.343s] colcon.colcon_core.shell INFO Creating prefix util module '/home/guo/ITL_sentry_auto_new/install/_local_setup_util_sh.py'
[61.344s] colcon.colcon_core.shell INFO Creating prefix chain script '/home/guo/ITL_sentry_auto_new/install/setup.sh'
[61.346s] colcon.colcon_core.shell INFO Creating prefix script '/home/guo/ITL_sentry_auto_new/install/local_setup.bash'
[61.347s] colcon.colcon_core.shell INFO Creating prefix chain script '/home/guo/ITL_sentry_auto_new/install/setup.bash'
[61.348s] colcon.colcon_core.shell INFO Creating prefix script '/home/guo/ITL_sentry_auto_new/install/local_setup.zsh'
[61.349s] colcon.colcon_core.shell INFO Creating prefix chain script '/home/guo/ITL_sentry_auto_new/install/setup.zsh'
