[0.055s] Invoking command in '/home/guo/ITL_sentry_auto_new/build/pipeline': CMAKE_PREFIX_PATH=/home/guo/ITL_sentry_auto_new/install/tracker:/home/guo/ITL_sentry_auto_new/install/aimer:/home/guo/ITL_sentry_auto_new/install/predictor:/home/guo/ITL_sentry_auto_new/install/solver:/home/guo/ITL_sentry_auto_new/install/gimbal:/home/guo/ITL_sentry_auto_new/install/dm_imu:/home/guo/ITL_sentry_auto_new/install/serial:/home/guo/ITL_sentry_auto_new/install/motion_model:/home/guo/ITL_sentry_auto_new/install/hikvision:/home/guo/ITL_sentry_auto_new/install/detected:/home/guo/ITL_sentry_auto_new/install/cboard:/home/guo/ITL_sentry_auto_new/install/utils:/home/guo/ITL_sentry_auto_new/install/filter_lib:/home/guo/ITL_sentry_auto_new/install/autoaim_msgs:/home/guo/ITL_sentry_auto_new/install/pipeline:/home/guo/ITL_sentry_auto_new/install/armor_pointer:/opt/ros/rolling LD_LIBRARY_PATH=/home/guo/ITL_sentry_auto_new/install/aimer/lib:/home/guo/ITL_sentry_auto_new/install/predictor/lib:/home/guo/ITL_sentry_auto_new/install/solver/lib:/home/guo/ITL_sentry_auto_new/install/gimbal/lib:/home/guo/ITL_sentry_auto_new/install/dm_imu/lib:/home/guo/ITL_sentry_auto_new/install/serial/lib:/home/guo/ITL_sentry_auto_new/install/motion_model/lib:/home/guo/ITL_sentry_auto_new/install/hikvision/lib:/home/guo/ITL_sentry_auto_new/install/detected/lib:/home/guo/ITL_sentry_auto_new/install/cboard/lib:/home/guo/ITL_sentry_auto_new/install/autoaim_msgs/lib:/home/guo/ITL_sentry_auto_new/install/tracker/lib:/home/guo/ITL_sentry_auto_new/install/utils/lib:/home/guo/ITL_sentry_auto_new/install/filter_lib/lib:/home/guo/ITL_sentry_auto_new/install/armor_pointer/lib:/usr/lib/x86_64-linux-gnu:/opt/ros/rolling/opt/rviz_ogre_vendor/lib:/opt/ros/rolling/lib/x86_64-linux-gnu:/opt/ros/rolling/lib:/opt/MVS/lib/64:/opt/MVS/lib/32:/usr/local/TensorRT.10.7.0.23/lib:/usr/lib/x86_64-linux-gnu:/usr/local/cuda/lib64:/opt/MVS/lib/64:/opt/MVS/lib/32:/opt/MVS/lib/64:/opt/MVS/lib/32 /usr/local/bin/cmake --build /home/guo/ITL_sentry_auto_new/build/pipeline -- -j24 -l24
[0.093s] [ 50%] [32mBuilding CXX object CMakeFiles/pipeline_node.dir/src/test_node.cpp.o[0m
[3.851s] [01m[K/home/guo/ITL_sentry_auto_new/src/node/src/test_node.cpp:[m[K In function ‘[01m[Kint main(int, char**)[m[K’:
[3.851s] [01m[K/home/guo/ITL_sentry_auto_new/src/node/src/test_node.cpp:232:38:[m[K [01;31m[Kerror: [m[K‘[01m[KkDefaultConfigPath[m[K’ was not declared in this scope; did you mean ‘[01m[Kpipeline::{anonymous}::kDefaultConfigPath[m[K’?
[3.852s]   232 |                        : std::string{[01;31m[KkDefaultConfigPath[m[K};
[3.852s]       |                                      [01;31m[K^~~~~~~~~~~~~~~~~~[m[K
[3.852s]       |                                      [32m[Kpipeline::{anonymous}::kDefaultConfigPath[m[K
[3.852s] [01m[K/home/guo/ITL_sentry_auto_new/src/node/src/test_node.cpp:23:16:[m[K [01;36m[Knote: [m[K‘[01m[Kpipeline::{anonymous}::kDefaultConfigPath[m[K’ declared here
[3.852s]    23 | constexpr char [01;36m[KkDefaultConfigPath[m[K[] =
[3.852s]       |                [01;36m[K^~~~~~~~~~~~~~~~~~[m[K
[3.852s] [01m[K/home/guo/ITL_sentry_auto_new/src/node/src/test_node.cpp:232:56:[m[K [01;31m[Kerror: [m[Kno matching function for call to ‘[01m[Kstd::__cxx11::basic_string<char>::basic_string(<brace-enclosed initializer list>)[m[K’
[3.852s]   232 |                        : std::string{kDefaultConfigPath[01;31m[K}[m[K;
[3.852s]       |                                                        [01;31m[K^[m[K
[3.852s] In file included from [01m[K/usr/include/c++/11/string:55[m[K,
[3.852s]                  from [01m[K/home/guo/ITL_sentry_auto_new/src/node/include/test_node.hpp:8[m[K,
[3.852s]                  from [01m[K/home/guo/ITL_sentry_auto_new/src/node/src/test_node.cpp:1[m[K:
[3.852s] [01m[K/usr/include/c++/11/bits/basic_string.h:664:9:[m[K [01;36m[Knote: [m[Kcandidate: ‘[01m[Ktemplate<class _Tp, class> std::__cxx11::basic_string<_CharT, _Traits, _Alloc>::basic_string(const _Tp&, const _Alloc&) [with _Tp = _Tp; <template-parameter-2-2> = <template-parameter-1-2>; _CharT = char; _Traits = std::char_traits<char>; _Alloc = std::allocator<char>][m[K’
[3.852s]   664 |         [01;36m[Kbasic_string[m[K(const _Tp& __t, const _Alloc& __a = _Alloc())
[3.852s]       |         [01;36m[K^~~~~~~~~~~~[m[K
[3.852s] [01m[K/usr/include/c++/11/bits/basic_string.h:664:9:[m[K [01;36m[Knote: [m[K  template argument deduction/substitution failed:
[3.852s] [01m[K/usr/include/c++/11/bits/basic_string.h:653:9:[m[K [01;36m[Knote: [m[Kcandidate: ‘[01m[Ktemplate<class _Tp, class> std::__cxx11::basic_string<_CharT, _Traits, _Alloc>::basic_string(const _Tp&, std::__cxx11::basic_string<_CharT, _Traits, _Alloc>::size_type, std::__cxx11::basic_string<_CharT, _Traits, _Alloc>::size_type, const _Alloc&) [with _Tp = _Tp; <template-parameter-2-2> = <template-parameter-1-2>; _CharT = char; _Traits = std::char_traits<char>; _Alloc = std::allocator<char>][m[K’
[3.852s]   653 |         [01;36m[Kbasic_string[m[K(const _Tp& __t, size_type __pos, size_type __n,
[3.852s]       |         [01;36m[K^~~~~~~~~~~~[m[K
[3.852s] [01m[K/usr/include/c++/11/bits/basic_string.h:653:9:[m[K [01;36m[Knote: [m[K  template argument deduction/substitution failed:
[3.852s] [01m[K/usr/include/c++/11/bits/basic_string.h:638:9:[m[K [01;36m[Knote: [m[Kcandidate: ‘[01m[Ktemplate<class _InputIterator, class> std::__cxx11::basic_string<_CharT, _Traits, _Alloc>::basic_string(_InputIterator, _InputIterator, const _Alloc&) [with _InputIterator = _InputIterator; <template-parameter-2-2> = <template-parameter-1-2>; _CharT = char; _Traits = std::char_traits<char>; _Alloc = std::allocator<char>][m[K’
[3.852s]   638 |         [01;36m[Kbasic_string[m[K(_InputIterator __beg, _InputIterator __end,
[3.852s]       |         [01;36m[K^~~~~~~~~~~~[m[K
[3.852s] [01m[K/usr/include/c++/11/bits/basic_string.h:638:9:[m[K [01;36m[Knote: [m[K  template argument deduction/substitution failed:
[3.852s] [01m[K/usr/include/c++/11/bits/basic_string.h:553:7:[m[K [01;36m[Knote: [m[Kcandidate: ‘[01m[Ktemplate<class> std::__cxx11::basic_string<_CharT, _Traits, _Alloc>::basic_string(std::__cxx11::basic_string<_CharT, _Traits, _Alloc>::size_type, _CharT, const _Alloc&) [with <template-parameter-2-1> = <template-parameter-1-1>; _CharT = char; _Traits = std::char_traits<char>; _Alloc = std::allocator<char>][m[K’
[3.852s]   553 |       [01;36m[Kbasic_string[m[K(size_type __n, _CharT __c, const _Alloc& __a = _Alloc())
[3.852s]       |       [01;36m[K^~~~~~~~~~~~[m[K
[3.852s] [01m[K/usr/include/c++/11/bits/basic_string.h:553:7:[m[K [01;36m[Knote: [m[K  template argument deduction/substitution failed:
[3.852s] [01m[K/usr/include/c++/11/bits/basic_string.h:533:7:[m[K [01;36m[Knote: [m[Kcandidate: ‘[01m[Ktemplate<class> std::__cxx11::basic_string<_CharT, _Traits, _Alloc>::basic_string(const _CharT*, const _Alloc&) [with <template-parameter-2-1> = <template-parameter-1-1>; _CharT = char; _Traits = std::char_traits<char>; _Alloc = std::allocator<char>][m[K’
[3.852s]   533 |       [01;36m[Kbasic_string[m[K(const _CharT* __s, const _Alloc& __a = _Alloc())
[3.852s]       |       [01;36m[K^~~~~~~~~~~~[m[K
[3.852s] [01m[K/usr/include/c++/11/bits/basic_string.h:533:7:[m[K [01;36m[Knote: [m[K  template argument deduction/substitution failed:
[3.853s] [01m[K/usr/include/c++/11/bits/basic_string.h:600:7:[m[K [01;36m[Knote: [m[Kcandidate: ‘[01m[Kstd::__cxx11::basic_string<_CharT, _Traits, _Alloc>::basic_string(std::__cxx11::basic_string<_CharT, _Traits, _Alloc>&&, const _Alloc&) [with _CharT = char; _Traits = std::char_traits<char>; _Alloc = std::allocator<char>][m[K’
[3.853s]   600 |       [01;36m[Kbasic_string[m[K(basic_string&& __str, const _Alloc& __a)
[3.853s]       |       [01;36m[K^~~~~~~~~~~~[m[K
[3.853s] [01m[K/usr/include/c++/11/bits/basic_string.h:600:7:[m[K [01;36m[Knote: [m[K  candidate expects 2 arguments, 1 provided
[3.853s] [01m[K/usr/include/c++/11/bits/basic_string.h:596:7:[m[K [01;36m[Knote: [m[Kcandidate: ‘[01m[Kstd::__cxx11::basic_string<_CharT, _Traits, _Alloc>::basic_string(const std::__cxx11::basic_string<_CharT, _Traits, _Alloc>&, const _Alloc&) [with _CharT = char; _Traits = std::char_traits<char>; _Alloc = std::allocator<char>][m[K’
[3.853s]   596 |       [01;36m[Kbasic_string[m[K(const basic_string& __str, const _Alloc& __a)
[3.853s]       |       [01;36m[K^~~~~~~~~~~~[m[K
[3.853s] [01m[K/usr/include/c++/11/bits/basic_string.h:596:7:[m[K [01;36m[Knote: [m[K  candidate expects 2 arguments, 1 provided
[3.853s] [01m[K/usr/include/c++/11/bits/basic_string.h:592:7:[m[K [01;36m[Knote: [m[Kcandidate: ‘[01m[Kstd::__cxx11::basic_string<_CharT, _Traits, _Alloc>::basic_string(std::initializer_list<_Tp>, const _Alloc&) [with _CharT = char; _Traits = std::char_traits<char>; _Alloc = std::allocator<char>][m[K’
[3.853s]   592 |       [01;36m[Kbasic_string[m[K(initializer_list<_CharT> __l, const _Alloc& __a = _Alloc())
[3.853s]       |       [01;36m[K^~~~~~~~~~~~[m[K
[3.853s] [01m[K/usr/include/c++/11/bits/basic_string.h:592:7:[m[K [01;36m[Knote: [m[K  conversion of argument 1 would be ill-formed:
[3.853s] [01m[K/usr/include/c++/11/bits/basic_string.h:565:7:[m[K [01;36m[Knote: [m[Kcandidate: ‘[01m[Kstd::__cxx11::basic_string<_CharT, _Traits, _Alloc>::basic_string(std::__cxx11::basic_string<_CharT, _Traits, _Alloc>&&) [with _CharT = char; _Traits = std::char_traits<char>; _Alloc = std::allocator<char>][m[K’
[3.853s]   565 |       [01;36m[Kbasic_string[m[K(basic_string&& __str) noexcept
[3.853s]       |       [01;36m[K^~~~~~~~~~~~[m[K
[3.853s] [01m[K/usr/include/c++/11/bits/basic_string.h:565:7:[m[K [01;36m[Knote: [m[K  conversion of argument 1 would be ill-formed:
[3.853s] [01m[K/usr/include/c++/11/bits/basic_string.h:518:7:[m[K [01;36m[Knote: [m[Kcandidate: ‘[01m[Kstd::__cxx11::basic_string<_CharT, _Traits, _Alloc>::basic_string(const _CharT*, std::__cxx11::basic_string<_CharT, _Traits, _Alloc>::size_type, const _Alloc&) [with _CharT = char; _Traits = std::char_traits<char>; _Alloc = std::allocator<char>; std::__cxx11::basic_string<_CharT, _Traits, _Alloc>::size_type = long unsigned int][m[K’
[3.853s]   518 |       [01;36m[Kbasic_string[m[K(const _CharT* __s, size_type __n,
[3.853s]       |       [01;36m[K^~~~~~~~~~~~[m[K
[3.853s] [01m[K/usr/include/c++/11/bits/basic_string.h:518:7:[m[K [01;36m[Knote: [m[K  candidate expects 3 arguments, 1 provided
[3.853s] [01m[K/usr/include/c++/11/bits/basic_string.h:500:7:[m[K [01;36m[Knote: [m[Kcandidate: ‘[01m[Kstd::__cxx11::basic_string<_CharT, _Traits, _Alloc>::basic_string(const std::__cxx11::basic_string<_CharT, _Traits, _Alloc>&, std::__cxx11::basic_string<_CharT, _Traits, _Alloc>::size_type, std::__cxx11::basic_string<_CharT, _Traits, _Alloc>::size_type, const _Alloc&) [with _CharT = char; _Traits = std::char_traits<char>; _Alloc = std::allocator<char>; std::__cxx11::basic_string<_CharT, _Traits, _Alloc>::size_type = long unsigned int][m[K’
[3.853s]   500 |       [01;36m[Kbasic_string[m[K(const basic_string& __str, size_type __pos,
[3.853s]       |       [01;36m[K^~~~~~~~~~~~[m[K
[3.853s] [01m[K/usr/include/c++/11/bits/basic_string.h:500:7:[m[K [01;36m[Knote: [m[K  candidate expects 4 arguments, 1 provided
[3.853s] [01m[K/usr/include/c++/11/bits/basic_string.h:484:7:[m[K [01;36m[Knote: [m[Kcandidate: ‘[01m[Kstd::__cxx11::basic_string<_CharT, _Traits, _Alloc>::basic_string(const std::__cxx11::basic_string<_CharT, _Traits, _Alloc>&, std::__cxx11::basic_string<_CharT, _Traits, _Alloc>::size_type, std::__cxx11::basic_string<_CharT, _Traits, _Alloc>::size_type) [with _CharT = char; _Traits = std::char_traits<char>; _Alloc = std::allocator<char>; std::__cxx11::basic_string<_CharT, _Traits, _Alloc>::size_type = long unsigned int][m[K’
[3.853s]   484 |       [01;36m[Kbasic_string[m[K(const basic_string& __str, size_type __pos,
[3.853s]       |       [01;36m[K^~~~~~~~~~~~[m[K
[3.853s] [01m[K/usr/include/c++/11/bits/basic_string.h:484:7:[m[K [01;36m[Knote: [m[K  candidate expects 3 arguments, 1 provided
[3.853s] [01m[K/usr/include/c++/11/bits/basic_string.h:469:7:[m[K [01;36m[Knote: [m[Kcandidate: ‘[01m[Kstd::__cxx11::basic_string<_CharT, _Traits, _Alloc>::basic_string(const std::__cxx11::basic_string<_CharT, _Traits, _Alloc>&, std::__cxx11::basic_string<_CharT, _Traits, _Alloc>::size_type, const _Alloc&) [with _CharT = char; _Traits = std::char_traits<char>; _Alloc = std::allocator<char>; std::__cxx11::basic_string<_CharT, _Traits, _Alloc>::size_type = long unsigned int][m[K’
[3.853s]   469 |       [01;36m[Kbasic_string[m[K(const basic_string& __str, size_type __pos,
[3.853s]       |       [01;36m[K^~~~~~~~~~~~[m[K
[3.853s] [01m[K/usr/include/c++/11/bits/basic_string.h:469:7:[m[K [01;36m[Knote: [m[K  candidate expects 3 arguments, 1 provided
[3.853s] [01m[K/usr/include/c++/11/bits/basic_string.h:456:7:[m[K [01;36m[Knote: [m[Kcandidate: ‘[01m[Kstd::__cxx11::basic_string<_CharT, _Traits, _Alloc>::basic_string(const std::__cxx11::basic_string<_CharT, _Traits, _Alloc>&) [with _CharT = char; _Traits = std::char_traits<char>; _Alloc = std::allocator<char>][m[K’
[3.854s]   456 |       [01;36m[Kbasic_string[m[K(const basic_string& __str)
[3.854s]       |       [01;36m[K^~~~~~~~~~~~[m[K
[3.854s] [01m[K/usr/include/c++/11/bits/basic_string.h:456:7:[m[K [01;36m[Knote: [m[K  conversion of argument 1 would be ill-formed:
[3.854s] [01m[K/usr/include/c++/11/bits/basic_string.h:448:7:[m[K [01;36m[Knote: [m[Kcandidate: ‘[01m[Kstd::__cxx11::basic_string<_CharT, _Traits, _Alloc>::basic_string(const _Alloc&) [with _CharT = char; _Traits = std::char_traits<char>; _Alloc = std::allocator<char>][m[K’
[3.854s]   448 |       [01;36m[Kbasic_string[m[K(const _Alloc& __a) _GLIBCXX_NOEXCEPT
[3.854s]       |       [01;36m[K^~~~~~~~~~~~[m[K
[3.854s] [01m[K/usr/include/c++/11/bits/basic_string.h:448:7:[m[K [01;36m[Knote: [m[K  conversion of argument 1 would be ill-formed:
[3.854s] [01m[K/usr/include/c++/11/bits/basic_string.h:439:7:[m[K [01;36m[Knote: [m[Kcandidate: ‘[01m[Kstd::__cxx11::basic_string<_CharT, _Traits, _Alloc>::basic_string() [with _CharT = char; _Traits = std::char_traits<char>; _Alloc = std::allocator<char>][m[K’
[3.854s]   439 |       [01;36m[Kbasic_string[m[K()
[3.854s]       |       [01;36m[K^~~~~~~~~~~~[m[K
[3.854s] [01m[K/usr/include/c++/11/bits/basic_string.h:439:7:[m[K [01;36m[Knote: [m[K  candidate expects 0 arguments, 1 provided
[3.854s] [01m[K/usr/include/c++/11/bits/basic_string.h:153:7:[m[K [01;36m[Knote: [m[Kcandidate: ‘[01m[Kstd::__cxx11::basic_string<_CharT, _Traits, _Alloc>::basic_string(std::__cxx11::basic_string<_CharT, _Traits, _Alloc>::__sv_wrapper, const _Alloc&) [with _CharT = char; _Traits = std::char_traits<char>; _Alloc = std::allocator<char>][m[K’
[3.854s]   153 |       [01;36m[Kbasic_string[m[K(__sv_wrapper __svw, const _Alloc& __a)
[3.854s]       |       [01;36m[K^~~~~~~~~~~~[m[K
[3.854s] [01m[K/usr/include/c++/11/bits/basic_string.h:153:7:[m[K [01;36m[Knote: [m[K  candidate expects 2 arguments, 1 provided
[6.255s] gmake[2]: *** [CMakeFiles/pipeline_node.dir/build.make:76：CMakeFiles/pipeline_node.dir/src/test_node.cpp.o] 错误 1
[6.255s] gmake[1]: *** [CMakeFiles/Makefile2:137：CMakeFiles/pipeline_node.dir/all] 错误 2
[6.255s] gmake: *** [Makefile:146：all] 错误 2
[6.258s] Invoked command in '/home/guo/ITL_sentry_auto_new/build/pipeline' returned '2': CMAKE_PREFIX_PATH=/home/guo/ITL_sentry_auto_new/install/tracker:/home/guo/ITL_sentry_auto_new/install/aimer:/home/guo/ITL_sentry_auto_new/install/predictor:/home/guo/ITL_sentry_auto_new/install/solver:/home/guo/ITL_sentry_auto_new/install/gimbal:/home/guo/ITL_sentry_auto_new/install/dm_imu:/home/guo/ITL_sentry_auto_new/install/serial:/home/guo/ITL_sentry_auto_new/install/motion_model:/home/guo/ITL_sentry_auto_new/install/hikvision:/home/guo/ITL_sentry_auto_new/install/detected:/home/guo/ITL_sentry_auto_new/install/cboard:/home/guo/ITL_sentry_auto_new/install/utils:/home/guo/ITL_sentry_auto_new/install/filter_lib:/home/guo/ITL_sentry_auto_new/install/autoaim_msgs:/home/guo/ITL_sentry_auto_new/install/pipeline:/home/guo/ITL_sentry_auto_new/install/armor_pointer:/opt/ros/rolling LD_LIBRARY_PATH=/home/guo/ITL_sentry_auto_new/install/aimer/lib:/home/guo/ITL_sentry_auto_new/install/predictor/lib:/home/guo/ITL_sentry_auto_new/install/solver/lib:/home/guo/ITL_sentry_auto_new/install/gimbal/lib:/home/guo/ITL_sentry_auto_new/install/dm_imu/lib:/home/guo/ITL_sentry_auto_new/install/serial/lib:/home/guo/ITL_sentry_auto_new/install/motion_model/lib:/home/guo/ITL_sentry_auto_new/install/hikvision/lib:/home/guo/ITL_sentry_auto_new/install/detected/lib:/home/guo/ITL_sentry_auto_new/install/cboard/lib:/home/guo/ITL_sentry_auto_new/install/autoaim_msgs/lib:/home/guo/ITL_sentry_auto_new/install/tracker/lib:/home/guo/ITL_sentry_auto_new/install/utils/lib:/home/guo/ITL_sentry_auto_new/install/filter_lib/lib:/home/guo/ITL_sentry_auto_new/install/armor_pointer/lib:/usr/lib/x86_64-linux-gnu:/opt/ros/rolling/opt/rviz_ogre_vendor/lib:/opt/ros/rolling/lib/x86_64-linux-gnu:/opt/ros/rolling/lib:/opt/MVS/lib/64:/opt/MVS/lib/32:/usr/local/TensorRT.10.7.0.23/lib:/usr/lib/x86_64-linux-gnu:/usr/local/cuda/lib64:/opt/MVS/lib/64:/opt/MVS/lib/32:/opt/MVS/lib/64:/opt/MVS/lib/32 /usr/local/bin/cmake --build /home/guo/ITL_sentry_auto_new/build/pipeline -- -j24 -l24
