[100%] Built target predictor
-- Install configuration: ""
-- Up-to-date: /home/guo/ITL_sentry_auto_new/install/predictor/share/predictor/environment/library_path.sh
-- Up-to-date: /home/guo/ITL_sentry_auto_new/install/predictor/share/predictor/environment/library_path.dsv
-- Up-to-date: /home/guo/ITL_sentry_auto_new/install/predictor/lib/libpredictor.a
-- Up-to-date: /home/guo/ITL_sentry_auto_new/install/predictor/include
-- Up-to-date: /home/guo/ITL_sentry_auto_new/install/predictor/include/target.hpp
-- Up-to-date: /home/guo/ITL_sentry_auto_new/install/predictor/share/predictor/cmake/predictorTargets.cmake
-- Up-to-date: /home/guo/ITL_sentry_auto_new/install/predictor/share/predictor/cmake/predictorTargets-noconfig.cmake
-- Up-to-date: /home/guo/ITL_sentry_auto_new/install/predictor/share/ament_index/resource_index/package_run_dependencies/predictor
-- Up-to-date: /home/guo/ITL_sentry_auto_new/install/predictor/share/ament_index/resource_index/parent_prefix_path/predictor
-- Up-to-date: /home/guo/ITL_sentry_auto_new/install/predictor/share/predictor/environment/ament_prefix_path.sh
-- Up-to-date: /home/guo/ITL_sentry_auto_new/install/predictor/share/predictor/environment/ament_prefix_path.dsv
-- Up-to-date: /home/guo/ITL_sentry_auto_new/install/predictor/share/predictor/environment/path.sh
-- Up-to-date: /home/guo/ITL_sentry_auto_new/install/predictor/share/predictor/environment/path.dsv
-- Up-to-date: /home/guo/ITL_sentry_auto_new/install/predictor/share/predictor/local_setup.bash
-- Up-to-date: /home/guo/ITL_sentry_auto_new/install/predictor/share/predictor/local_setup.sh
-- Up-to-date: /home/guo/ITL_sentry_auto_new/install/predictor/share/predictor/local_setup.zsh
-- Up-to-date: /home/guo/ITL_sentry_auto_new/install/predictor/share/predictor/local_setup.dsv
-- Installing: /home/guo/ITL_sentry_auto_new/install/predictor/share/predictor/package.dsv
-- Up-to-date: /home/guo/ITL_sentry_auto_new/install/predictor/share/ament_index/resource_index/packages/predictor
-- Up-to-date: /home/guo/ITL_sentry_auto_new/install/predictor/share/predictor/cmake/predictorTargetsExport.cmake
-- Up-to-date: /home/guo/ITL_sentry_auto_new/install/predictor/share/predictor/cmake/predictorTargetsExport-noconfig.cmake
-- Up-to-date: /home/guo/ITL_sentry_auto_new/install/predictor/share/predictor/cmake/ament_cmake_export_targets-extras.cmake
-- Up-to-date: /home/guo/ITL_sentry_auto_new/install/predictor/share/predictor/cmake/ament_cmake_export_dependencies-extras.cmake
-- Up-to-date: /home/guo/ITL_sentry_auto_new/install/predictor/share/predictor/cmake/ament_cmake_export_include_directories-extras.cmake
-- Up-to-date: /home/guo/ITL_sentry_auto_new/install/predictor/share/predictor/cmake/predictorConfig.cmake
-- Up-to-date: /home/guo/ITL_sentry_auto_new/install/predictor/share/predictor/cmake/predictorConfig-version.cmake
-- Up-to-date: /home/guo/ITL_sentry_auto_new/install/predictor/share/predictor/package.xml
