-- Install configuration: ""
-- Up-to-date: /home/guo/ITL_Auto_aim/install/launch_node/share/launch_node/launch
-- Up-to-date: /home/guo/ITL_Auto_aim/install/launch_node/share/launch_node/launch/launch_node.launch.py
-- Up-to-date: /home/guo/ITL_Auto_aim/install/launch_node/share/launch_node/config
-- Up-to-date: /home/guo/ITL_Auto_aim/install/launch_node/share/launch_node/config/angle_solver_params.xml
-- Up-to-date: /home/guo/ITL_Auto_aim/install/launch_node/share/ament_index/resource_index/package_run_dependencies/launch_node
-- Up-to-date: /home/guo/ITL_Auto_aim/install/launch_node/share/ament_index/resource_index/parent_prefix_path/launch_node
-- Up-to-date: /home/guo/ITL_Auto_aim/install/launch_node/share/launch_node/environment/ament_prefix_path.sh
-- Up-to-date: /home/guo/ITL_Auto_aim/install/launch_node/share/launch_node/environment/ament_prefix_path.dsv
-- Up-to-date: /home/guo/ITL_Auto_aim/install/launch_node/share/launch_node/environment/path.sh
-- Up-to-date: /home/guo/ITL_Auto_aim/install/launch_node/share/launch_node/environment/path.dsv
-- Up-to-date: /home/guo/ITL_Auto_aim/install/launch_node/share/launch_node/local_setup.bash
-- Up-to-date: /home/guo/ITL_Auto_aim/install/launch_node/share/launch_node/local_setup.sh
-- Up-to-date: /home/guo/ITL_Auto_aim/install/launch_node/share/launch_node/local_setup.zsh
-- Up-to-date: /home/guo/ITL_Auto_aim/install/launch_node/share/launch_node/local_setup.dsv
-- Installing: /home/guo/ITL_Auto_aim/install/launch_node/share/launch_node/package.dsv
-- Up-to-date: /home/guo/ITL_Auto_aim/install/launch_node/share/ament_index/resource_index/packages/launch_node
-- Up-to-date: /home/guo/ITL_Auto_aim/install/launch_node/share/launch_node/cmake/ament_cmake_export_dependencies-extras.cmake
-- Up-to-date: /home/guo/ITL_Auto_aim/install/launch_node/share/launch_node/cmake/launch_nodeConfig.cmake
-- Up-to-date: /home/guo/ITL_Auto_aim/install/launch_node/share/launch_node/cmake/launch_nodeConfig-version.cmake
-- Up-to-date: /home/guo/ITL_Auto_aim/install/launch_node/share/launch_node/package.xml
