In file included from [01m[K/home/guo/ITL_sentry_auto_new/src/node/src/test_node.cpp:1[m[K:
[01m[K/home/guo/ITL_sentry_auto_new/src/node/include/test_node.hpp:67:19:[m[K [01;31m[Kerror: [m[K‘[01m[Kplan[m[K’ was not declared in this scope
   67 |   std::unique_ptr<[01;31m[Kplan[m[K::Planner> planner_;
      |                   [01;31m[K^~~~[m[K
[01m[K/home/guo/ITL_sentry_auto_new/src/node/include/test_node.hpp:67:32:[m[K [01;31m[Kerror: [m[Ktemplate argument 1 is invalid
   67 |   std::unique_ptr<plan::Planner[01;31m[K>[m[K planner_;
      |                                [01;31m[K^[m[K
[01m[K/home/guo/ITL_sentry_auto_new/src/node/include/test_node.hpp:67:32:[m[K [01;31m[Kerror: [m[Ktemplate argument 2 is invalid
[01m[K/home/guo/ITL_sentry_auto_new/src/node/include/test_node.hpp:69:66:[m[K [01;31m[Kerror: [m[Kexpected identifier before numeric constant
   69 |   utils::ThreadSafeQueue<DebugPacket, true> visualization_queue_([01;31m[K2[m[K);
      |                                                                  [01;31m[K^[m[K
[01m[K/home/guo/ITL_sentry_auto_new/src/node/include/test_node.hpp:69:66:[m[K [01;31m[Kerror: [m[Kexpected ‘[01m[K,[m[K’ or ‘[01m[K...[m[K’ before numeric constant
[01m[K/home/guo/ITL_sentry_auto_new/src/node/include/test_node.hpp:70:77:[m[K [01;31m[Kerror: [m[Kexpected identifier before numeric constant
   70 | ils::ThreadSafeQueue<std::optional<predict::Target>, true> target_queue([01;31m[K1[m[K);
      |                                                                         [01;31m[K^[m[K

[01m[K/home/guo/ITL_sentry_auto_new/src/node/include/test_node.hpp:70:77:[m[K [01;31m[Kerror: [m[Kexpected ‘[01m[K,[m[K’ or ‘[01m[K...[m[K’ before numeric constant
[01m[K/home/guo/ITL_sentry_auto_new/src/node/src/test_node.cpp:[m[K In member function ‘[01m[Kint pipeline::PipelineApp::run()[m[K’:
[01m[K/home/guo/ITL_sentry_auto_new/src/node/src/test_node.cpp:117:7:[m[K [01;31m[Kerror: [m[K‘[01m[Karmor[m[K’ was not declared in this scope; did you mean ‘[01m[KArmors[m[K’?
  117 |       [01;31m[Karmor[m[K.begin(), armor.end());
      |       [01;31m[K^~~~~[m[K
      |       [32m[KArmors[m[K
[01m[K/home/guo/ITL_sentry_auto_new/src/node/src/test_node.cpp:146:7:[m[K [01;31m[Kerror: [m[Kinvalid use of member function ‘[01m[Kutils::ThreadSafeQueue<pipeline::DebugPacket, true> pipeline::PipelineApp::visualization_queue_(int)[m[K’ (did you forget the ‘[01m[K()[m[K’ ?)
  146 |       [01;31m[Kvisualization_queue_[m[K.push(debug_packet);
      |       [01;31m[K^~~~~~~~~~~~~~~~~~~~[m[K
[01m[K/home/guo/ITL_sentry_auto_new/src/node/src/test_node.cpp:[m[K In member function ‘[01m[Kvoid pipeline::PipelineApp::request_stop()[m[K’:
[01m[K/home/guo/ITL_sentry_auto_new/src/node/src/test_node.cpp:165:7:[m[K [01;31m[Kerror: [m[Kinvalid use of member function ‘[01m[Kutils::ThreadSafeQueue<pipeline::DebugPacket, true> pipeline::PipelineApp::visualization_queue_(int)[m[K’ (did you forget the ‘[01m[K()[m[K’ ?)
  165 |       [01;31m[Kvisualization_queue_[m[K.push(DebugPacket{});
      |       [01;31m[K^~~~~~~~~~~~~~~~~~~~[m[K
[01m[K/home/guo/ITL_sentry_auto_new/src/node/src/test_node.cpp:165:46:[m[K [01;31m[Kerror: [m[Kexpected primary-expression before ‘[01m[K)[m[K’ token
  165 |       visualization_queue_.push(DebugPacket{}[01;31m[K)[m[K;
      |                                              [01;31m[K^[m[K
[01m[K/home/guo/ITL_sentry_auto_new/src/node/src/test_node.cpp:[m[K In member function ‘[01m[Kvoid pipeline::PipelineApp::visualization_loop()[m[K’:
[01m[K/home/guo/ITL_sentry_auto_new/src/node/src/test_node.cpp:202:5:[m[K [01;31m[Kerror: [m[Kinvalid use of member function ‘[01m[Kutils::ThreadSafeQueue<pipeline::DebugPacket, true> pipeline::PipelineApp::visualization_queue_(int)[m[K’ (did you forget the ‘[01m[K()[m[K’ ?)
  202 |     [01;31m[Kvisualization_queue_[m[K.pop(packet);
      |     [01;31m[K^~~~~~~~~~~~~~~~~~~~[m[K
gmake[2]: *** [CMakeFiles/pipeline_node.dir/build.make:76：CMakeFiles/pipeline_node.dir/src/test_node.cpp.o] 错误 1
gmake[1]: *** [CMakeFiles/Makefile2:137：CMakeFiles/pipeline_node.dir/all] 错误 2
gmake: *** [Makefile:146：all] 错误 2
