[0.400s] Invoking command in '/home/guo/ITL_sentry_auto/src/pkg02_helloworld_py': PYTHONPATH=/home/guo/ITL_sentry_auto/build/pkg02_helloworld_py/prefix_override:/usr/lib/python3/dist-packages/colcon_core/task/python/colcon_distutils_commands:/home/guo/ITL_sentry_auto/install/pkg02_helloworld_py/lib/python3.10/site-packages:${PYTHONPATH} /usr/bin/python3 -W ignore:setup.py install is deprecated -W ignore:easy_install command is deprecated setup.py egg_info --egg-base ../../build/pkg02_helloworld_py build --build-base /home/guo/ITL_sentry_auto/build/pkg02_helloworld_py/build install --record /home/guo/ITL_sentry_auto/build/pkg02_helloworld_py/install.log --single-version-externally-managed install_data
[0.577s] running egg_info
[0.577s] creating ../../build/pkg02_helloworld_py/pkg02_helloworld_py.egg-info
[0.577s] writing ../../build/pkg02_helloworld_py/pkg02_helloworld_py.egg-info/PKG-INFO
[0.577s] writing dependency_links to ../../build/pkg02_helloworld_py/pkg02_helloworld_py.egg-info/dependency_links.txt
[0.577s] writing entry points to ../../build/pkg02_helloworld_py/pkg02_helloworld_py.egg-info/entry_points.txt
[0.578s] writing requirements to ../../build/pkg02_helloworld_py/pkg02_helloworld_py.egg-info/requires.txt
[0.578s] writing top-level names to ../../build/pkg02_helloworld_py/pkg02_helloworld_py.egg-info/top_level.txt
[0.578s] writing manifest file '../../build/pkg02_helloworld_py/pkg02_helloworld_py.egg-info/SOURCES.txt'
[0.579s] reading manifest file '../../build/pkg02_helloworld_py/pkg02_helloworld_py.egg-info/SOURCES.txt'
[0.579s] writing manifest file '../../build/pkg02_helloworld_py/pkg02_helloworld_py.egg-info/SOURCES.txt'
[0.579s] running build
[0.579s] running build_py
[0.579s] creating /home/guo/ITL_sentry_auto/build/pkg02_helloworld_py/build
[0.579s] creating /home/guo/ITL_sentry_auto/build/pkg02_helloworld_py/build/lib
[0.579s] creating /home/guo/ITL_sentry_auto/build/pkg02_helloworld_py/build/lib/pkg02_helloworld_py
[0.579s] copying pkg02_helloworld_py/camera_catch.py -> /home/guo/ITL_sentry_auto/build/pkg02_helloworld_py/build/lib/pkg02_helloworld_py
[0.579s] copying pkg02_helloworld_py/sub_openvino_UKF.py -> /home/guo/ITL_sentry_auto/build/pkg02_helloworld_py/build/lib/pkg02_helloworld_py
[0.580s] copying pkg02_helloworld_py/sub_openvino_blue.py -> /home/guo/ITL_sentry_auto/build/pkg02_helloworld_py/build/lib/pkg02_helloworld_py
[0.580s] copying pkg02_helloworld_py/serial_send.py -> /home/guo/ITL_sentry_auto/build/pkg02_helloworld_py/build/lib/pkg02_helloworld_py
[0.580s] copying pkg02_helloworld_py/sub_openvino_red.py -> /home/guo/ITL_sentry_auto/build/pkg02_helloworld_py/build/lib/pkg02_helloworld_py
[0.580s] copying pkg02_helloworld_py/__init__.py -> /home/guo/ITL_sentry_auto/build/pkg02_helloworld_py/build/lib/pkg02_helloworld_py
[0.580s] running install
[0.580s] running install_lib
[0.580s] creating /home/guo/ITL_sentry_auto/install/pkg02_helloworld_py/lib/python3.10/site-packages/pkg02_helloworld_py
[0.581s] copying /home/guo/ITL_sentry_auto/build/pkg02_helloworld_py/build/lib/pkg02_helloworld_py/camera_catch.py -> /home/guo/ITL_sentry_auto/install/pkg02_helloworld_py/lib/python3.10/site-packages/pkg02_helloworld_py
[0.581s] copying /home/guo/ITL_sentry_auto/build/pkg02_helloworld_py/build/lib/pkg02_helloworld_py/sub_openvino_UKF.py -> /home/guo/ITL_sentry_auto/install/pkg02_helloworld_py/lib/python3.10/site-packages/pkg02_helloworld_py
[0.581s] copying /home/guo/ITL_sentry_auto/build/pkg02_helloworld_py/build/lib/pkg02_helloworld_py/sub_openvino_blue.py -> /home/guo/ITL_sentry_auto/install/pkg02_helloworld_py/lib/python3.10/site-packages/pkg02_helloworld_py
[0.581s] copying /home/guo/ITL_sentry_auto/build/pkg02_helloworld_py/build/lib/pkg02_helloworld_py/serial_send.py -> /home/guo/ITL_sentry_auto/install/pkg02_helloworld_py/lib/python3.10/site-packages/pkg02_helloworld_py
[0.581s] copying /home/guo/ITL_sentry_auto/build/pkg02_helloworld_py/build/lib/pkg02_helloworld_py/sub_openvino_red.py -> /home/guo/ITL_sentry_auto/install/pkg02_helloworld_py/lib/python3.10/site-packages/pkg02_helloworld_py
[0.581s] copying /home/guo/ITL_sentry_auto/build/pkg02_helloworld_py/build/lib/pkg02_helloworld_py/__init__.py -> /home/guo/ITL_sentry_auto/install/pkg02_helloworld_py/lib/python3.10/site-packages/pkg02_helloworld_py
[0.581s] byte-compiling /home/guo/ITL_sentry_auto/install/pkg02_helloworld_py/lib/python3.10/site-packages/pkg02_helloworld_py/camera_catch.py to camera_catch.cpython-310.pyc
[0.583s] byte-compiling /home/guo/ITL_sentry_auto/install/pkg02_helloworld_py/lib/python3.10/site-packages/pkg02_helloworld_py/sub_openvino_UKF.py to sub_openvino_UKF.cpython-310.pyc
[0.585s] byte-compiling /home/guo/ITL_sentry_auto/install/pkg02_helloworld_py/lib/python3.10/site-packages/pkg02_helloworld_py/sub_openvino_blue.py to sub_openvino_blue.cpython-310.pyc
[0.587s] byte-compiling /home/guo/ITL_sentry_auto/install/pkg02_helloworld_py/lib/python3.10/site-packages/pkg02_helloworld_py/serial_send.py to serial_send.cpython-310.pyc
[0.588s] byte-compiling /home/guo/ITL_sentry_auto/install/pkg02_helloworld_py/lib/python3.10/site-packages/pkg02_helloworld_py/sub_openvino_red.py to sub_openvino_red.cpython-310.pyc
[0.590s] byte-compiling /home/guo/ITL_sentry_auto/install/pkg02_helloworld_py/lib/python3.10/site-packages/pkg02_helloworld_py/__init__.py to __init__.cpython-310.pyc
[0.590s] running install_data
[0.590s] creating /home/guo/ITL_sentry_auto/install/pkg02_helloworld_py/share/ament_index
[0.590s] creating /home/guo/ITL_sentry_auto/install/pkg02_helloworld_py/share/ament_index/resource_index
[0.590s] creating /home/guo/ITL_sentry_auto/install/pkg02_helloworld_py/share/ament_index/resource_index/packages
[0.590s] copying resource/pkg02_helloworld_py -> /home/guo/ITL_sentry_auto/install/pkg02_helloworld_py/share/ament_index/resource_index/packages
[0.590s] copying package.xml -> /home/guo/ITL_sentry_auto/install/pkg02_helloworld_py/share/pkg02_helloworld_py
[0.590s] running install_egg_info
[0.591s] Copying ../../build/pkg02_helloworld_py/pkg02_helloworld_py.egg-info to /home/guo/ITL_sentry_auto/install/pkg02_helloworld_py/lib/python3.10/site-packages/pkg02_helloworld_py-0.0.0-py3.10.egg-info
[0.592s] running install_scripts
[0.606s] Installing Grabimage script to /home/guo/ITL_sentry_auto/install/pkg02_helloworld_py/lib/pkg02_helloworld_py
[0.606s] Installing camera script to /home/guo/ITL_sentry_auto/install/pkg02_helloworld_py/lib/pkg02_helloworld_py
[0.606s] Installing camera_node script to /home/guo/ITL_sentry_auto/install/pkg02_helloworld_py/lib/pkg02_helloworld_py
[0.606s] Installing serial_send script to /home/guo/ITL_sentry_auto/install/pkg02_helloworld_py/lib/pkg02_helloworld_py
[0.606s] Installing sub script to /home/guo/ITL_sentry_auto/install/pkg02_helloworld_py/lib/pkg02_helloworld_py
[0.606s] Installing sub_openvino_UKF script to /home/guo/ITL_sentry_auto/install/pkg02_helloworld_py/lib/pkg02_helloworld_py
[0.606s] Installing sub_openvino_blue script to /home/guo/ITL_sentry_auto/install/pkg02_helloworld_py/lib/pkg02_helloworld_py
[0.606s] Installing sub_openvino_red script to /home/guo/ITL_sentry_auto/install/pkg02_helloworld_py/lib/pkg02_helloworld_py
[0.607s] writing list of installed files to '/home/guo/ITL_sentry_auto/build/pkg02_helloworld_py/install.log'
[0.621s] Invoked command in '/home/guo/ITL_sentry_auto/src/pkg02_helloworld_py' returned '0': PYTHONPATH=/home/guo/ITL_sentry_auto/build/pkg02_helloworld_py/prefix_override:/usr/lib/python3/dist-packages/colcon_core/task/python/colcon_distutils_commands:/home/guo/ITL_sentry_auto/install/pkg02_helloworld_py/lib/python3.10/site-packages:${PYTHONPATH} /usr/bin/python3 -W ignore:setup.py install is deprecated -W ignore:easy_install command is deprecated setup.py egg_info --egg-base ../../build/pkg02_helloworld_py build --build-base /home/guo/ITL_sentry_auto/build/pkg02_helloworld_py/build install --record /home/guo/ITL_sentry_auto/build/pkg02_helloworld_py/install.log --single-version-externally-managed install_data
