[ 50%] Built target tracker_lib
[ 75%] [32m[1mLinking CXX executable tracker_node[0m
[100%] Built target tracker_node
-- Install configuration: ""
-- Installing: /home/guo/ITL_sentry_auto_new/install/tracker/lib/tracker/tracker_node
-- Set non-toolchain portion of runtime path of "/home/guo/ITL_sentry_auto_new/install/tracker/lib/tracker/tracker_node" to ""
-- Up-to-date: /home/guo/ITL_sentry_auto_new/install/tracker/lib/libtracker_lib.a
-- Up-to-date: /home/guo/ITL_sentry_auto_new/install/tracker/include
-- Up-to-date: /home/guo/ITL_sentry_auto_new/install/tracker/include/tracker.hpp
-- Up-to-date: /home/guo/ITL_sentry_auto_new/install/tracker/include/tracker_node.hpp
-- Up-to-date: /home/guo/ITL_sentry_auto_new/install/tracker/share/tracker/environment/library_path.sh
-- Up-to-date: /home/guo/ITL_sentry_auto_new/install/tracker/share/tracker/environment/library_path.dsv
-- Up-to-date: /home/guo/ITL_sentry_auto_new/install/tracker/share/ament_index/resource_index/package_run_dependencies/tracker
-- Up-to-date: /home/guo/ITL_sentry_auto_new/install/tracker/share/ament_index/resource_index/parent_prefix_path/tracker
-- Up-to-date: /home/guo/ITL_sentry_auto_new/install/tracker/share/tracker/environment/ament_prefix_path.sh
-- Up-to-date: /home/guo/ITL_sentry_auto_new/install/tracker/share/tracker/environment/ament_prefix_path.dsv
-- Up-to-date: /home/guo/ITL_sentry_auto_new/install/tracker/share/tracker/environment/path.sh
-- Up-to-date: /home/guo/ITL_sentry_auto_new/install/tracker/share/tracker/environment/path.dsv
-- Up-to-date: /home/guo/ITL_sentry_auto_new/install/tracker/share/tracker/local_setup.bash
-- Up-to-date: /home/guo/ITL_sentry_auto_new/install/tracker/share/tracker/local_setup.sh
-- Up-to-date: /home/guo/ITL_sentry_auto_new/install/tracker/share/tracker/local_setup.zsh
-- Up-to-date: /home/guo/ITL_sentry_auto_new/install/tracker/share/tracker/local_setup.dsv
-- Installing: /home/guo/ITL_sentry_auto_new/install/tracker/share/tracker/package.dsv
-- Up-to-date: /home/guo/ITL_sentry_auto_new/install/tracker/share/ament_index/resource_index/packages/tracker
-- Up-to-date: /home/guo/ITL_sentry_auto_new/install/tracker/share/tracker/cmake/ament_cmake_export_include_directories-extras.cmake
-- Up-to-date: /home/guo/ITL_sentry_auto_new/install/tracker/share/tracker/cmake/ament_cmake_export_libraries-extras.cmake
-- Up-to-date: /home/guo/ITL_sentry_auto_new/install/tracker/share/tracker/cmake/ament_cmake_export_dependencies-extras.cmake
-- Up-to-date: /home/guo/ITL_sentry_auto_new/install/tracker/share/tracker/cmake/trackerConfig.cmake
-- Up-to-date: /home/guo/ITL_sentry_auto_new/install/tracker/share/tracker/cmake/trackerConfig-version.cmake
-- Up-to-date: /home/guo/ITL_sentry_auto_new/install/tracker/share/tracker/package.xml
