/home/guo/ITL_sentry_auto_new/src/core/planner/src/planner.cpp: In member function ‘plan::Plan plan::Planner::plan(predict::Target, double)’:
/home/guo/ITL_sentry_auto_new/src/core/planner/src/planner.cpp:55:18: warning: missing initializer for member ‘plan::Plan::fire’ [-Wmissing-field-initializers]
   55 |     return {false};
      |                  ^
/home/guo/ITL_sentry_auto_new/src/core/planner/src/planner.cpp:55:18: warning: missing initializer for member ‘plan::Plan::target_yaw’ [-Wmissing-field-initializers]
/home/guo/ITL_sentry_auto_new/src/core/planner/src/planner.cpp:55:18: warning: missing initializer for member ‘plan::Plan::target_pitch’ [-Wmissing-field-initializers]
/home/guo/ITL_sentry_auto_new/src/core/planner/src/planner.cpp:55:18: warning: missing initializer for member ‘plan::Plan::yaw’ [-Wmissing-field-initializers]
/home/guo/ITL_sentry_auto_new/src/core/planner/src/planner.cpp:55:18: warning: missing initializer for member ‘plan::Plan::yaw_vel’ [-Wmissing-field-initializers]
/home/guo/ITL_sentry_auto_new/src/core/planner/src/planner.cpp:55:18: warning: missing initializer for member ‘plan::Plan::yaw_acc’ [-Wmissing-field-initializers]
/home/guo/ITL_sentry_auto_new/src/core/planner/src/planner.cpp:55:18: warning: missing initializer for member ‘plan::Plan::pitch’ [-Wmissing-field-initializers]
/home/guo/ITL_sentry_auto_new/src/core/planner/src/planner.cpp:55:18: warning: missing initializer for member ‘plan::Plan::pitch_vel’ [-Wmissing-field-initializers]
/home/guo/ITL_sentry_auto_new/src/core/planner/src/planner.cpp:55:18: warning: missing initializer for member ‘plan::Plan::pitch_acc’ [-Wmissing-field-initializers]
/home/guo/ITL_sentry_auto_new/src/core/planner/src/planner.cpp: In member function ‘plan::Plan plan::Planner::plan(std::optional<predict::Target>, double)’:
/home/guo/ITL_sentry_auto_new/src/core/planner/src/planner.cpp:98:41: warning: missing initializer for member ‘plan::Plan::fire’ [-Wmissing-field-initializers]
   98 |   if (!target.has_value()) return {false};
      |                                         ^
/home/guo/ITL_sentry_auto_new/src/core/planner/src/planner.cpp:98:41: warning: missing initializer for member ‘plan::Plan::target_yaw’ [-Wmissing-field-initializers]
/home/guo/ITL_sentry_auto_new/src/core/planner/src/planner.cpp:98:41: warning: missing initializer for member ‘plan::Plan::target_pitch’ [-Wmissing-field-initializers]
/home/guo/ITL_sentry_auto_new/src/core/planner/src/planner.cpp:98:41: warning: missing initializer for member ‘plan::Plan::yaw’ [-Wmissing-field-initializers]
/home/guo/ITL_sentry_auto_new/src/core/planner/src/planner.cpp:98:41: warning: missing initializer for member ‘plan::Plan::yaw_vel’ [-Wmissing-field-initializers]
/home/guo/ITL_sentry_auto_new/src/core/planner/src/planner.cpp:98:41: warning: missing initializer for member ‘plan::Plan::yaw_acc’ [-Wmissing-field-initializers]
/home/guo/ITL_sentry_auto_new/src/core/planner/src/planner.cpp:98:41: warning: missing initializer for member ‘plan::Plan::pitch’ [-Wmissing-field-initializers]
/home/guo/ITL_sentry_auto_new/src/core/planner/src/planner.cpp:98:41: warning: missing initializer for member ‘plan::Plan::pitch_vel’ [-Wmissing-field-initializers]
/home/guo/ITL_sentry_auto_new/src/core/planner/src/planner.cpp:98:41: warning: missing initializer for member ‘plan::Plan::pitch_acc’ [-Wmissing-field-initializers]
/home/guo/ITL_sentry_auto_new/src/core/planner/src/planner.cpp: In member function ‘Eigen::Matrix<double, 2, 1> plan::Planner::aim(const predict::Target&, double)’:
/home/guo/ITL_sentry_auto_new/src/core/planner/src/planner.cpp:159:10: warning: ‘yaw’ may be used uninitialized in this function [-Wmaybe-uninitialized]
  159 |   double yaw;
      |          ^~~
/home/guo/ITL_sentry_auto_new/src/core/planner/src/planner.cpp:158:19: warning: ‘xyz.Eigen::Matrix<double, 3, 1, 0, 3, 1>::<unnamed>.Eigen::PlainObjectBase<Eigen::Matrix<double, 3, 1, 0, 3, 1> >::m_storage.Eigen::DenseStorage<double, 3, 3, 1, 0>::m_data.Eigen::internal::plain_array<double, 3, 0, 0>::array[2]’ may be used uninitialized in this function [-Wmaybe-uninitialized]
  158 |   Eigen::Vector3d xyz;
      |                   ^~~
/home/guo/ITL_sentry_auto_new/src/core/planner/src/planner.cpp: In member function ‘plan::Plan plan::Planner::plan(predict::Target, double)’:
/home/guo/ITL_sentry_auto_new/src/core/planner/src/planner.cpp:44:71: warning: ‘xyz.Eigen::Matrix<double, 3, 1, 0, 3, 1>::<unnamed>.Eigen::PlainObjectBase<Eigen::Matrix<double, 3, 1, 0, 3, 1> >::m_storage.Eigen::DenseStorage<double, 3, 3, 1, 0>::m_data.Eigen::internal::plain_array<double, 3, 0, 0>::array[2]’ may be used uninitialized in this function [-Wmaybe-uninitialized]
   44 |   auto bullet_traj = utils::Trajectory(bullet_speed, min_dist, xyz.z());
      |                                                                       ^
