[0.021s] Invoking command in '/home/guo/ITL_sentry_auto_new/build/planner': AMENT_PREFIX_PATH=/home/guo/ITL_sentry_auto_new/install/predictor:/home/guo/ITL_sentry_auto_new/install/solver:/home/guo/ITL_sentry_auto_new/install/motion_model:/home/guo/ITL_sentry_auto_new/install/detected:/home/guo/ITL_sentry_auto_new/install/utils:/home/guo/ITL_sentry_auto_new/install/filter_lib:/home/guo/ITL_sentry_auto_new/install/autoaim_msgs:${AMENT_PREFIX_PATH} CMAKE_PREFIX_PATH=/home/guo/ITL_sentry_auto_new/install/predictor:/home/guo/ITL_sentry_auto_new/install/solver:/home/guo/ITL_sentry_auto_new/install/motion_model:/home/guo/ITL_sentry_auto_new/install/detected:/home/guo/ITL_sentry_auto_new/install/utils:/home/guo/ITL_sentry_auto_new/install/filter_lib:/home/guo/ITL_sentry_auto_new/install/autoaim_msgs:/opt/ros/rolling LD_LIBRARY_PATH=/home/guo/ITL_sentry_auto_new/install/predictor/lib:/home/guo/ITL_sentry_auto_new/install/solver/lib:/home/guo/ITL_sentry_auto_new/install/motion_model/lib:/home/guo/ITL_sentry_auto_new/install/detected/lib:/home/guo/ITL_sentry_auto_new/install/utils/lib:/home/guo/ITL_sentry_auto_new/install/filter_lib/lib:/home/guo/ITL_sentry_auto_new/install/autoaim_msgs/lib:/opt/MVS/lib/64:/opt/MVS/lib/32:/opt/MVS/lib/64:/opt/MVS/lib/32 PYTHONPATH=/home/guo/ITL_sentry_auto_new/install/autoaim_msgs/lib/python3.10/site-packages:${PYTHONPATH} /usr/local/bin/cmake --build /home/guo/ITL_sentry_auto_new/build/planner -- -j24 -l24
[0.062s] [ 20%] Building CXX object CMakeFiles/planner.dir/src/planner.cpp.o
[2.080s] /home/guo/ITL_sentry_auto_new/src/core/planner/src/planner.cpp: In member function ‘plan::Plan plan::Planner::plan(predict::Target, double)’:
[2.080s] /home/guo/ITL_sentry_auto_new/src/core/planner/src/planner.cpp:55:18: warning: missing initializer for member ‘plan::Plan::fire’ [-Wmissing-field-initializers]
[2.081s]    55 |     return {false};
[2.081s]       |                  ^
[2.081s] /home/guo/ITL_sentry_auto_new/src/core/planner/src/planner.cpp:55:18: warning: missing initializer for member ‘plan::Plan::target_yaw’ [-Wmissing-field-initializers]
[2.081s] /home/guo/ITL_sentry_auto_new/src/core/planner/src/planner.cpp:55:18: warning: missing initializer for member ‘plan::Plan::target_pitch’ [-Wmissing-field-initializers]
[2.081s] /home/guo/ITL_sentry_auto_new/src/core/planner/src/planner.cpp:55:18: warning: missing initializer for member ‘plan::Plan::yaw’ [-Wmissing-field-initializers]
[2.081s] /home/guo/ITL_sentry_auto_new/src/core/planner/src/planner.cpp:55:18: warning: missing initializer for member ‘plan::Plan::yaw_vel’ [-Wmissing-field-initializers]
[2.081s] /home/guo/ITL_sentry_auto_new/src/core/planner/src/planner.cpp:55:18: warning: missing initializer for member ‘plan::Plan::yaw_acc’ [-Wmissing-field-initializers]
[2.081s] /home/guo/ITL_sentry_auto_new/src/core/planner/src/planner.cpp:55:18: warning: missing initializer for member ‘plan::Plan::pitch’ [-Wmissing-field-initializers]
[2.081s] /home/guo/ITL_sentry_auto_new/src/core/planner/src/planner.cpp:55:18: warning: missing initializer for member ‘plan::Plan::pitch_vel’ [-Wmissing-field-initializers]
[2.081s] /home/guo/ITL_sentry_auto_new/src/core/planner/src/planner.cpp:55:18: warning: missing initializer for member ‘plan::Plan::pitch_acc’ [-Wmissing-field-initializers]
[2.094s] /home/guo/ITL_sentry_auto_new/src/core/planner/src/planner.cpp: In member function ‘plan::Plan plan::Planner::plan(std::optional<predict::Target>, double)’:
[2.094s] /home/guo/ITL_sentry_auto_new/src/core/planner/src/planner.cpp:98:41: warning: missing initializer for member ‘plan::Plan::fire’ [-Wmissing-field-initializers]
[2.094s]    98 |   if (!target.has_value()) return {false};
[2.094s]       |                                         ^
[2.094s] /home/guo/ITL_sentry_auto_new/src/core/planner/src/planner.cpp:98:41: warning: missing initializer for member ‘plan::Plan::target_yaw’ [-Wmissing-field-initializers]
[2.094s] /home/guo/ITL_sentry_auto_new/src/core/planner/src/planner.cpp:98:41: warning: missing initializer for member ‘plan::Plan::target_pitch’ [-Wmissing-field-initializers]
[2.094s] /home/guo/ITL_sentry_auto_new/src/core/planner/src/planner.cpp:98:41: warning: missing initializer for member ‘plan::Plan::yaw’ [-Wmissing-field-initializers]
[2.094s] /home/guo/ITL_sentry_auto_new/src/core/planner/src/planner.cpp:98:41: warning: missing initializer for member ‘plan::Plan::yaw_vel’ [-Wmissing-field-initializers]
[2.094s] /home/guo/ITL_sentry_auto_new/src/core/planner/src/planner.cpp:98:41: warning: missing initializer for member ‘plan::Plan::yaw_acc’ [-Wmissing-field-initializers]
[2.094s] /home/guo/ITL_sentry_auto_new/src/core/planner/src/planner.cpp:98:41: warning: missing initializer for member ‘plan::Plan::pitch’ [-Wmissing-field-initializers]
[2.094s] /home/guo/ITL_sentry_auto_new/src/core/planner/src/planner.cpp:98:41: warning: missing initializer for member ‘plan::Plan::pitch_vel’ [-Wmissing-field-initializers]
[2.094s] /home/guo/ITL_sentry_auto_new/src/core/planner/src/planner.cpp:98:41: warning: missing initializer for member ‘plan::Plan::pitch_acc’ [-Wmissing-field-initializers]
[5.051s] /home/guo/ITL_sentry_auto_new/src/core/planner/src/planner.cpp: In member function ‘Eigen::Matrix<double, 2, 1> plan::Planner::aim(const predict::Target&, double)’:
[5.051s] /home/guo/ITL_sentry_auto_new/src/core/planner/src/planner.cpp:159:10: warning: ‘yaw’ may be used uninitialized in this function [-Wmaybe-uninitialized]
[5.051s]   159 |   double yaw;
[5.051s]       |          ^~~
[5.051s] /home/guo/ITL_sentry_auto_new/src/core/planner/src/planner.cpp:158:19: warning: ‘xyz.Eigen::Matrix<double, 3, 1, 0, 3, 1>::<unnamed>.Eigen::PlainObjectBase<Eigen::Matrix<double, 3, 1, 0, 3, 1> >::m_storage.Eigen::DenseStorage<double, 3, 3, 1, 0>::m_data.Eigen::internal::plain_array<double, 3, 0, 0>::array[2]’ may be used uninitialized in this function [-Wmaybe-uninitialized]
[5.051s]   158 |   Eigen::Vector3d xyz;
[5.051s]       |                   ^~~
[7.290s] /home/guo/ITL_sentry_auto_new/src/core/planner/src/planner.cpp: In member function ‘plan::Plan plan::Planner::plan(predict::Target, double)’:
[7.290s] /home/guo/ITL_sentry_auto_new/src/core/planner/src/planner.cpp:44:71: warning: ‘xyz.Eigen::Matrix<double, 3, 1, 0, 3, 1>::<unnamed>.Eigen::PlainObjectBase<Eigen::Matrix<double, 3, 1, 0, 3, 1> >::m_storage.Eigen::DenseStorage<double, 3, 3, 1, 0>::m_data.Eigen::internal::plain_array<double, 3, 0, 0>::array[2]’ may be used uninitialized in this function [-Wmaybe-uninitialized]
[7.290s]    44 |   auto bullet_traj = utils::Trajectory(bullet_speed, min_dist, xyz.z());
[7.290s]       |                                                                       ^
[7.547s] [ 40%] Linking CXX shared library libplanner.so
[7.934s] [100%] Built target planner
[7.938s] Invoked command in '/home/guo/ITL_sentry_auto_new/build/planner' returned '0': AMENT_PREFIX_PATH=/home/guo/ITL_sentry_auto_new/install/predictor:/home/guo/ITL_sentry_auto_new/install/solver:/home/guo/ITL_sentry_auto_new/install/motion_model:/home/guo/ITL_sentry_auto_new/install/detected:/home/guo/ITL_sentry_auto_new/install/utils:/home/guo/ITL_sentry_auto_new/install/filter_lib:/home/guo/ITL_sentry_auto_new/install/autoaim_msgs:${AMENT_PREFIX_PATH} CMAKE_PREFIX_PATH=/home/guo/ITL_sentry_auto_new/install/predictor:/home/guo/ITL_sentry_auto_new/install/solver:/home/guo/ITL_sentry_auto_new/install/motion_model:/home/guo/ITL_sentry_auto_new/install/detected:/home/guo/ITL_sentry_auto_new/install/utils:/home/guo/ITL_sentry_auto_new/install/filter_lib:/home/guo/ITL_sentry_auto_new/install/autoaim_msgs:/opt/ros/rolling LD_LIBRARY_PATH=/home/guo/ITL_sentry_auto_new/install/predictor/lib:/home/guo/ITL_sentry_auto_new/install/solver/lib:/home/guo/ITL_sentry_auto_new/install/motion_model/lib:/home/guo/ITL_sentry_auto_new/install/detected/lib:/home/guo/ITL_sentry_auto_new/install/utils/lib:/home/guo/ITL_sentry_auto_new/install/filter_lib/lib:/home/guo/ITL_sentry_auto_new/install/autoaim_msgs/lib:/opt/MVS/lib/64:/opt/MVS/lib/32:/opt/MVS/lib/64:/opt/MVS/lib/32 PYTHONPATH=/home/guo/ITL_sentry_auto_new/install/autoaim_msgs/lib/python3.10/site-packages:${PYTHONPATH} /usr/local/bin/cmake --build /home/guo/ITL_sentry_auto_new/build/planner -- -j24 -l24
[7.942s] Invoking command in '/home/guo/ITL_sentry_auto_new/build/planner': AMENT_PREFIX_PATH=/home/guo/ITL_sentry_auto_new/install/predictor:/home/guo/ITL_sentry_auto_new/install/solver:/home/guo/ITL_sentry_auto_new/install/motion_model:/home/guo/ITL_sentry_auto_new/install/detected:/home/guo/ITL_sentry_auto_new/install/utils:/home/guo/ITL_sentry_auto_new/install/filter_lib:/home/guo/ITL_sentry_auto_new/install/autoaim_msgs:${AMENT_PREFIX_PATH} CMAKE_PREFIX_PATH=/home/guo/ITL_sentry_auto_new/install/predictor:/home/guo/ITL_sentry_auto_new/install/solver:/home/guo/ITL_sentry_auto_new/install/motion_model:/home/guo/ITL_sentry_auto_new/install/detected:/home/guo/ITL_sentry_auto_new/install/utils:/home/guo/ITL_sentry_auto_new/install/filter_lib:/home/guo/ITL_sentry_auto_new/install/autoaim_msgs:/opt/ros/rolling LD_LIBRARY_PATH=/home/guo/ITL_sentry_auto_new/install/predictor/lib:/home/guo/ITL_sentry_auto_new/install/solver/lib:/home/guo/ITL_sentry_auto_new/install/motion_model/lib:/home/guo/ITL_sentry_auto_new/install/detected/lib:/home/guo/ITL_sentry_auto_new/install/utils/lib:/home/guo/ITL_sentry_auto_new/install/filter_lib/lib:/home/guo/ITL_sentry_auto_new/install/autoaim_msgs/lib:/opt/MVS/lib/64:/opt/MVS/lib/32:/opt/MVS/lib/64:/opt/MVS/lib/32 PYTHONPATH=/home/guo/ITL_sentry_auto_new/install/autoaim_msgs/lib/python3.10/site-packages:${PYTHONPATH} /usr/local/bin/cmake --install /home/guo/ITL_sentry_auto_new/build/planner
[7.944s] -- Install configuration: "Release"
[7.944s] -- Installing: /home/guo/ITL_sentry_auto_new/install/planner/lib/libplanner.so
[7.948s] -- Set non-toolchain portion of runtime path of "/home/guo/ITL_sentry_auto_new/install/planner/lib/libplanner.so" to ""
[7.948s] -- Installing: /home/guo/ITL_sentry_auto_new/install/planner/include
[7.948s] -- Installing: /home/guo/ITL_sentry_auto_new/install/planner/include/planner.hpp
[7.948s] -- Installing: /home/guo/ITL_sentry_auto_new/install/planner/include/tinympc
[7.948s] -- Installing: /home/guo/ITL_sentry_auto_new/install/planner/include/tinympc/admm.hpp
[7.948s] -- Installing: /home/guo/ITL_sentry_auto_new/install/planner/include/tinympc/rho_benchmark.hpp
[7.949s] -- Installing: /home/guo/ITL_sentry_auto_new/install/planner/include/tinympc/codegen.hpp
[7.949s] -- Installing: /home/guo/ITL_sentry_auto_new/install/planner/include/tinympc/types.hpp
[7.949s] -- Installing: /home/guo/ITL_sentry_auto_new/install/planner/include/tinympc/tiny_api_constants.hpp
[7.949s] -- Installing: /home/guo/ITL_sentry_auto_new/install/planner/include/tinympc/error.hpp
[7.949s] -- Installing: /home/guo/ITL_sentry_auto_new/install/planner/include/tinympc/tiny_api.hpp
[7.949s] -- Installing: /home/guo/ITL_sentry_auto_new/install/planner/share/planner/cmake/plannerTargets.cmake
[7.949s] -- Installing: /home/guo/ITL_sentry_auto_new/install/planner/share/planner/cmake/plannerTargets-release.cmake
[7.949s] -- Installing: /home/guo/ITL_sentry_auto_new/install/planner/share/planner/environment/library_path.sh
[7.949s] -- Installing: /home/guo/ITL_sentry_auto_new/install/planner/share/planner/environment/library_path.dsv
[7.950s] -- Installing: /home/guo/ITL_sentry_auto_new/install/planner/share/ament_index/resource_index/package_run_dependencies/planner
[7.950s] -- Installing: /home/guo/ITL_sentry_auto_new/install/planner/share/ament_index/resource_index/parent_prefix_path/planner
[7.950s] -- Installing: /home/guo/ITL_sentry_auto_new/install/planner/share/planner/environment/ament_prefix_path.sh
[7.951s] -- Installing: /home/guo/ITL_sentry_auto_new/install/planner/share/planner/environment/ament_prefix_path.dsv
[7.951s] -- Installing: /home/guo/ITL_sentry_auto_new/install/planner/share/planner/environment/path.sh
[7.951s] -- Installing: /home/guo/ITL_sentry_auto_new/install/planner/share/planner/environment/path.dsv
[7.951s] -- Installing: /home/guo/ITL_sentry_auto_new/install/planner/share/planner/local_setup.bash
[7.951s] -- Installing: /home/guo/ITL_sentry_auto_new/install/planner/share/planner/local_setup.sh
[7.952s] -- Installing: /home/guo/ITL_sentry_auto_new/install/planner/share/planner/local_setup.zsh
[7.952s] -- Installing: /home/guo/ITL_sentry_auto_new/install/planner/share/planner/local_setup.dsv
[7.952s] -- Installing: /home/guo/ITL_sentry_auto_new/install/planner/share/planner/package.dsv
[7.952s] -- Installing: /home/guo/ITL_sentry_auto_new/install/planner/share/ament_index/resource_index/packages/planner
[7.952s] -- Installing: /home/guo/ITL_sentry_auto_new/install/planner/share/planner/cmake/plannerTargetsExport.cmake
[7.952s] -- Installing: /home/guo/ITL_sentry_auto_new/install/planner/share/planner/cmake/plannerTargetsExport-release.cmake
[7.952s] -- Installing: /home/guo/ITL_sentry_auto_new/install/planner/share/planner/cmake/ament_cmake_export_include_directories-extras.cmake
[7.952s] -- Installing: /home/guo/ITL_sentry_auto_new/install/planner/share/planner/cmake/ament_cmake_export_libraries-extras.cmake
[7.952s] -- Installing: /home/guo/ITL_sentry_auto_new/install/planner/share/planner/cmake/ament_cmake_export_targets-extras.cmake
[7.952s] -- Installing: /home/guo/ITL_sentry_auto_new/install/planner/share/planner/cmake/ament_cmake_export_dependencies-extras.cmake
[7.953s] -- Installing: /home/guo/ITL_sentry_auto_new/install/planner/share/planner/cmake/plannerConfig.cmake
[7.953s] -- Installing: /home/guo/ITL_sentry_auto_new/install/planner/share/planner/cmake/plannerConfig-version.cmake
[7.953s] -- Installing: /home/guo/ITL_sentry_auto_new/install/planner/share/planner/package.xml
[30.022s] Invoked command in '/home/guo/ITL_sentry_auto_new/build/planner' returned '0': AMENT_PREFIX_PATH=/home/guo/ITL_sentry_auto_new/install/predictor:/home/guo/ITL_sentry_auto_new/install/solver:/home/guo/ITL_sentry_auto_new/install/motion_model:/home/guo/ITL_sentry_auto_new/install/detected:/home/guo/ITL_sentry_auto_new/install/utils:/home/guo/ITL_sentry_auto_new/install/filter_lib:/home/guo/ITL_sentry_auto_new/install/autoaim_msgs:${AMENT_PREFIX_PATH} CMAKE_PREFIX_PATH=/home/guo/ITL_sentry_auto_new/install/predictor:/home/guo/ITL_sentry_auto_new/install/solver:/home/guo/ITL_sentry_auto_new/install/motion_model:/home/guo/ITL_sentry_auto_new/install/detected:/home/guo/ITL_sentry_auto_new/install/utils:/home/guo/ITL_sentry_auto_new/install/filter_lib:/home/guo/ITL_sentry_auto_new/install/autoaim_msgs:/opt/ros/rolling LD_LIBRARY_PATH=/home/guo/ITL_sentry_auto_new/install/predictor/lib:/home/guo/ITL_sentry_auto_new/install/solver/lib:/home/guo/ITL_sentry_auto_new/install/motion_model/lib:/home/guo/ITL_sentry_auto_new/install/detected/lib:/home/guo/ITL_sentry_auto_new/install/utils/lib:/home/guo/ITL_sentry_auto_new/install/filter_lib/lib:/home/guo/ITL_sentry_auto_new/install/autoaim_msgs/lib:/opt/MVS/lib/64:/opt/MVS/lib/32:/opt/MVS/lib/64:/opt/MVS/lib/32 PYTHONPATH=/home/guo/ITL_sentry_auto_new/install/autoaim_msgs/lib/python3.10/site-packages:${PYTHONPATH} /usr/local/bin/cmake --install /home/guo/ITL_sentry_auto_new/build/planner
