-- The C compiler identification is GNU 11.4.0
-- The CXX compiler identification is GNU 11.4.0
-- Detecting C compiler ABI info
-- Detecting C compiler ABI info - done
-- Check for working C compiler: /usr/bin/cc - skipped
-- Detecting C compile features
-- Detecting C compile features - done
-- Detecting CXX compiler ABI info
-- Detecting CXX compiler ABI info - done
-- Check for working CXX compiler: /usr/bin/c++ - skipped
-- Detecting CXX compile features
-- Detecting CXX compile features - done
-- Found ament_cmake: 2.3.2 (/opt/ros/rolling/share/ament_cmake/cmake)
-- Found Python3: /usr/bin/python3.10 (found version "3.10.12") found components: Interpreter 
-- Found rclcpp: 27.0.0 (/opt/ros/rolling/share/rclcpp/cmake)
-- Found rosidl_generator_c: 4.5.1 (/opt/ros/rolling/share/rosidl_generator_c/cmake)
-- Found rosidl_generator_cpp: 4.5.1 (/opt/ros/rolling/share/rosidl_generator_cpp/cmake)
-- Using all available rosidl_typesupport_c: rosidl_typesupport_fastrtps_c;rosidl_typesupport_introspection_c
-- Using all available rosidl_typesupport_cpp: rosidl_typesupport_fastrtps_cpp;rosidl_typesupport_introspection_cpp
-- Found rmw_implementation_cmake: 7.3.0 (/opt/ros/rolling/share/rmw_implementation_cmake/cmake)
-- Found rmw_fastrtps_cpp: 8.2.0 (/opt/ros/rolling/share/rmw_fastrtps_cpp/cmake)
-- Found OpenSSL: /usr/lib/x86_64-linux-gnu/libcrypto.so (found version "3.0.2")  
-- Found FastRTPS: /opt/ros/rolling/include  
-- Using RMW implementation 'rmw_fastrtps_cpp' as default
-- Found std_msgs: 5.3.0 (/opt/ros/rolling/share/std_msgs/cmake)
-- Found geometry_msgs: 5.3.0 (/opt/ros/rolling/share/geometry_msgs/cmake)
-- Found tf2_geometry_msgs: 0.36.0 (/opt/ros/rolling/share/tf2_geometry_msgs/cmake)
-- Found eigen3_cmake_module: 0.3.0 (/opt/ros/rolling/share/eigen3_cmake_module/cmake)
-- Found Eigen3: TRUE (found version "3.4.0") 
-- Ensuring Eigen3 include directory is part of orocos-kdl CMake target
-- Found autoaim_msgs: 0.0.1 (/home/guo/ITL_sentry_auto_new/install/autoaim_msgs/share/autoaim_msgs/cmake)
-- Found OpenCV: /usr (found version "4.5.4") 
-- Found utils: 1.0.0 (/home/guo/ITL_sentry_auto_new/install/utils/share/utils/cmake)
-- Found detected: 0.0.2 (/home/guo/ITL_sentry_auto_new/install/detected/share/detected/cmake)
-- Found ament_lint_auto: 0.16.3 (/opt/ros/rolling/share/ament_lint_auto/cmake)
-- Added test 'cppcheck' to perform static code analysis on C / C++ code
-- Configured cppcheck include dirs: /home/guo/ITL_sentry_auto_new/src/core/solver/include;$<BUILD_INTERFACE:/home/guo/ITL_sentry_auto_new/src/core/solver/include>
-- Configured cppcheck exclude dirs and/or files: 
-- Added test 'lint_cmake' to check CMake code style
-- Added test 'uncrustify' to check C / C++ code style
-- Configured uncrustify additional arguments: 
-- Added test 'xmllint' to check XML markup files
-- Configuring done (2.1s)
-- Generating done (0.0s)
-- Build files have been written to: /home/guo/ITL_sentry_auto_new/build/solver
[ 10%] [32mBuilding CXX object CMakeFiles/solver_base.dir/src/module/solver.cpp.o[0m
[ 20%] [32m[1mLinking CXX shared library libsolver_base.so[0m
[ 20%] Built target solver_base
[ 30%] [32mBuilding CXX object CMakeFiles/coord_converter.dir/src/module/coord_converter.cpp.o[0m
[ 50%] [32mBuilding CXX object CMakeFiles/pnp_solver_lib.dir/src/module/pnp_solver.cpp.o[0m
[ 40%] [32mBuilding CXX object CMakeFiles/yaw_optimzier_lib.dir/src/module/optimize_yaw.cpp.o[0m
[ 60%] [32m[1mLinking CXX shared library libcoord_converter.so[0m
[ 60%] Built target coord_converter
[ 70%] [32m[1mLinking CXX shared library libyaw_optimzier_lib.so[0m
[ 80%] [32m[1mLinking CXX shared library libpnp_solver_lib.so[0m
[ 80%] Built target yaw_optimzier_lib
[ 80%] Built target pnp_solver_lib
[ 90%] [32mBuilding CXX object CMakeFiles/solver_interface.dir/src/solver_node.cpp.o[0m
