[ 50%] Built target pipeline_node
[ 75%] [32mBuilding CXX object CMakeFiles/video_node.dir/src/video_node.cpp.o[0m
In file included from [01m[K/home/guo/ITL_sentry_auto_new/src/node/src/video_node.cpp:1[m[K:
[01m[K/home/guo/ITL_sentry_auto_new/src/node/include/video_node.hpp:45:19:[m[K [01;31m[Kerror: [m[K‘[01m[Kio[m[K’ was not declared in this scope
   45 |   std::unique_ptr<[01;31m[Kio[m[K::DmImu> dm_imu_;
      |                   [01;31m[K^~[m[K
[01m[K/home/guo/ITL_sentry_auto_new/src/node/include/video_node.hpp:45:28:[m[K [01;31m[Kerror: [m[Ktemplate argument 1 is invalid
   45 |   std::unique_ptr<io::DmImu[01;31m[K>[m[K dm_imu_;
      |                            [01;31m[K^[m[K
[01m[K/home/guo/ITL_sentry_auto_new/src/node/include/video_node.hpp:45:28:[m[K [01;31m[Kerror: [m[Ktemplate argument 2 is invalid
[01m[K/home/guo/ITL_sentry_auto_new/src/node/src/video_node.cpp:[m[K In constructor ‘[01m[KApplication::VideoApp::VideoApp(const string&, const string&)[m[K’:
[01m[K/home/guo/ITL_sentry_auto_new/src/node/src/video_node.cpp:40:30:[m[K [01;31m[Kerror: [m[K‘[01m[Kio[m[K’ was not declared in this scope
   40 |   dm_imu_ = std::make_unique<[01;31m[Kio[m[K::DmImu>(config_path_);
      |                              [01;31m[K^~[m[K
[01m[K/home/guo/ITL_sentry_auto_new/src/node/src/video_node.cpp:40:18:[m[K [01;31m[Kerror: [m[Kparse error in template argument list
   40 |   dm_imu_ = std::[01;31m[Kmake_unique<io::DmImu>[m[K(config_path_);
      |                  [01;31m[K^~~~~~~~~~~~~~~~~~~~~~[m[K
[01m[K/home/guo/ITL_sentry_auto_new/src/node/src/video_node.cpp:40:40:[m[K [01;31m[Kerror: [m[Kno matching function for call to ‘[01m[Kmake_unique<<expression error> >(std::string&)[m[K’
   40 |   dm_imu_ = [01;31m[Kstd::make_unique<io::DmImu>(config_path_)[m[K;
      |             [01;31m[K~~~~~~~~~~~~~~~~~~~~~~~~~~~^~~~~~~~~~~~~~[m[K
In file included from [01m[K/usr/include/c++/11/memory:76[m[K,
                 from [01m[K/home/guo/ITL_sentry_auto_new/src/node/include/video_node.hpp:6[m[K,
                 from [01m[K/home/guo/ITL_sentry_auto_new/src/node/src/video_node.cpp:1[m[K:
[01m[K/usr/include/c++/11/bits/unique_ptr.h:961:5:[m[K [01;36m[Knote: [m[Kcandidate: ‘[01m[Ktemplate<class _Tp, class ... _Args> typename std::_MakeUniq<_Tp>::__single_object std::make_unique(_Args&& ...)[m[K’
  961 |     [01;36m[Kmake_unique[m[K(_Args&&... __args)
      |     [01;36m[K^~~~~~~~~~~[m[K
[01m[K/usr/include/c++/11/bits/unique_ptr.h:961:5:[m[K [01;36m[Knote: [m[K  template argument deduction/substitution failed:
[01m[K/home/guo/ITL_sentry_auto_new/src/node/src/video_node.cpp:40:40:[m[K [01;31m[Kerror: [m[Ktemplate argument 1 is invalid
   40 |   dm_imu_ = [01;31m[Kstd::make_unique<io::DmImu>(config_path_)[m[K;
      |             [01;31m[K~~~~~~~~~~~~~~~~~~~~~~~~~~~^~~~~~~~~~~~~~[m[K
In file included from [01m[K/usr/include/c++/11/memory:76[m[K,
                 from [01m[K/home/guo/ITL_sentry_auto_new/src/node/include/video_node.hpp:6[m[K,
                 from [01m[K/home/guo/ITL_sentry_auto_new/src/node/src/video_node.cpp:1[m[K:
[01m[K/usr/include/c++/11/bits/unique_ptr.h:967:5:[m[K [01;36m[Knote: [m[Kcandidate: ‘[01m[Ktemplate<class _Tp> typename std::_MakeUniq<_Tp>::__array std::make_unique(std::size_t)[m[K’
  967 |     [01;36m[Kmake_unique[m[K(size_t __num)
      |     [01;36m[K^~~~~~~~~~~[m[K
[01m[K/usr/include/c++/11/bits/unique_ptr.h:967:5:[m[K [01;36m[Knote: [m[K  template argument deduction/substitution failed:
[01m[K/home/guo/ITL_sentry_auto_new/src/node/src/video_node.cpp:40:40:[m[K [01;31m[Kerror: [m[Ktemplate argument 1 is invalid
   40 |   dm_imu_ = [01;31m[Kstd::make_unique<io::DmImu>(config_path_)[m[K;
      |             [01;31m[K~~~~~~~~~~~~~~~~~~~~~~~~~~~^~~~~~~~~~~~~~[m[K
In file included from [01m[K/usr/include/c++/11/memory:76[m[K,
                 from [01m[K/home/guo/ITL_sentry_auto_new/src/node/include/video_node.hpp:6[m[K,
                 from [01m[K/home/guo/ITL_sentry_auto_new/src/node/src/video_node.cpp:1[m[K:
[01m[K/usr/include/c++/11/bits/unique_ptr.h:973:5:[m[K [01;36m[Knote: [m[Kcandidate: ‘[01m[Ktemplate<class _Tp, class ... _Args> typename std::_MakeUniq<_Tp>::__invalid_type std::make_unique(_Args&& ...)[m[K’ (deleted)
  973 |     [01;36m[Kmake_unique[m[K(_Args&&...) = delete;
      |     [01;36m[K^~~~~~~~~~~[m[K
[01m[K/usr/include/c++/11/bits/unique_ptr.h:973:5:[m[K [01;36m[Knote: [m[K  template argument deduction/substitution failed:
[01m[K/home/guo/ITL_sentry_auto_new/src/node/src/video_node.cpp:40:40:[m[K [01;31m[Kerror: [m[Ktemplate argument 1 is invalid
   40 |   dm_imu_ = [01;31m[Kstd::make_unique<io::DmImu>(config_path_)[m[K;
      |             [01;31m[K~~~~~~~~~~~~~~~~~~~~~~~~~~~^~~~~~~~~~~~~~[m[K
[01m[K/home/guo/ITL_sentry_auto_new/src/node/src/video_node.cpp:[m[K In member function ‘[01m[Kint Application::VideoApp::run()[m[K’:
[01m[K/home/guo/ITL_sentry_auto_new/src/node/src/video_node.cpp:78:26:[m[K [01;31m[Kerror: [m[Kbase operand of ‘[01m[K->[m[K’ is not a pointer
   78 |     orientation = dm_imu_[01;31m[K->[m[Kimu_at(timestamp);
      |                          [01;31m[K^~[m[K
gmake[2]: *** [CMakeFiles/video_node.dir/build.make:76：CMakeFiles/video_node.dir/src/video_node.cpp.o] 错误 1
gmake[1]: *** [CMakeFiles/Makefile2:165：CMakeFiles/video_node.dir/all] 错误 2
gmake: *** [Makefile:146：all] 错误 2
