-- The C compiler identification is GNU 11.4.0
-- The CXX compiler identification is GNU 11.4.0
-- Detecting C compiler ABI info
-- Detecting C compiler ABI info - done
-- Check for working C compiler: /usr/bin/cc - skipped
-- Detecting C compile features
-- Detecting C compile features - done
-- Detecting CXX compiler ABI info
-- Detecting CXX compiler ABI info - done
-- Check for working CXX compiler: /usr/bin/c++ - skipped
-- Detecting CXX compile features
-- Detecting CXX compile features - done
-- Found ament_cmake: 2.3.2 (/opt/ros/rolling/share/ament_cmake/cmake)
-- Found Python3: /usr/bin/python3.10 (found version "3.10.12") found components: Interpreter 
-- Found rclcpp: 27.0.0 (/opt/ros/rolling/share/rclcpp/cmake)
-- Found rosidl_generator_c: 4.5.1 (/opt/ros/rolling/share/rosidl_generator_c/cmake)
-- Found rosidl_generator_cpp: 4.5.1 (/opt/ros/rolling/share/rosidl_generator_cpp/cmake)
-- Using all available rosidl_typesupport_c: rosidl_typesupport_fastrtps_c;rosidl_typesupport_introspection_c
-- Using all available rosidl_typesupport_cpp: rosidl_typesupport_fastrtps_cpp;rosidl_typesupport_introspection_cpp
-- Found rmw_implementation_cmake: 7.3.0 (/opt/ros/rolling/share/rmw_implementation_cmake/cmake)
-- Found rmw_fastrtps_cpp: 8.2.0 (/opt/ros/rolling/share/rmw_fastrtps_cpp/cmake)
-- Found OpenSSL: /usr/lib/x86_64-linux-gnu/libcrypto.so (found version "3.0.2")  
-- Found FastRTPS: /opt/ros/rolling/include  
-- Using RMW implementation 'rmw_fastrtps_cpp' as default
-- Found OpenCV: /usr (found version "4.5.4") 
-- Found utils: 1.0.0 (/home/guo/ITL_sentry_auto_new/install/utils/share/utils/cmake)
-- Found PkgConfig: /usr/bin/pkg-config (found version "1.8.0") 
-- Checking for module 'libusb-1.0'
--   Found libusb-1.0, version 1.0.25
-- Found ament_lint_auto: 0.16.3 (/opt/ros/rolling/share/ament_lint_auto/cmake)
-- Added test 'cppcheck' to perform static code analysis on C / C++ code
-- Configured cppcheck include dirs: $<BUILD_INTERFACE:/home/guo/ITL_sentry_auto_new/src/io/device/camera/include>
-- Configured cppcheck exclude dirs and/or files: 
-- Added test 'lint_cmake' to check CMake code style
-- Added test 'uncrustify' to check C / C++ code style
-- Configured uncrustify additional arguments: 
-- Added test 'xmllint' to check XML markup files
-- Configuring done (2.4s)
-- Generating done (0.0s)
-- Build files have been written to: /home/guo/ITL_sentry_auto_new/build/hikvision
[ 50%] [32mBuilding CXX object CMakeFiles/hikcamera.dir/src/hikcamera.cpp.o[0m
[100%] [32m[1mLinking CXX shared library libhikcamera.so[0m
[100%] Built target hikcamera
-- Install configuration: ""
-- Installing: /home/guo/ITL_sentry_auto_new/install/hikvision/lib/libhikcamera.so
-- Set non-toolchain portion of runtime path of "/home/guo/ITL_sentry_auto_new/install/hikvision/lib/libhikcamera.so" to "/opt/MVS/lib/64"
-- Installing: /home/guo/ITL_sentry_auto_new/install/hikvision/include
-- Installing: /home/guo/ITL_sentry_auto_new/install/hikvision/include/hikcamera.hpp
-- Installing: /home/guo/ITL_sentry_auto_new/install/hikvision/share/hikvision/environment/library_path.sh
-- Installing: /home/guo/ITL_sentry_auto_new/install/hikvision/share/hikvision/environment/library_path.dsv
-- Installing: /home/guo/ITL_sentry_auto_new/install/hikvision/share/hikvision/cmake/hikcameraTargets.cmake
-- Installing: /home/guo/ITL_sentry_auto_new/install/hikvision/share/hikvision/cmake/hikcameraTargets-noconfig.cmake
-- Installing: /home/guo/ITL_sentry_auto_new/install/hikvision/share/ament_index/resource_index/package_run_dependencies/hikvision
-- Installing: /home/guo/ITL_sentry_auto_new/install/hikvision/share/ament_index/resource_index/parent_prefix_path/hikvision
-- Installing: /home/guo/ITL_sentry_auto_new/install/hikvision/share/hikvision/environment/ament_prefix_path.sh
-- Installing: /home/guo/ITL_sentry_auto_new/install/hikvision/share/hikvision/environment/ament_prefix_path.dsv
-- Installing: /home/guo/ITL_sentry_auto_new/install/hikvision/share/hikvision/environment/path.sh
-- Installing: /home/guo/ITL_sentry_auto_new/install/hikvision/share/hikvision/environment/path.dsv
-- Installing: /home/guo/ITL_sentry_auto_new/install/hikvision/share/hikvision/local_setup.bash
-- Installing: /home/guo/ITL_sentry_auto_new/install/hikvision/share/hikvision/local_setup.sh
-- Installing: /home/guo/ITL_sentry_auto_new/install/hikvision/share/hikvision/local_setup.zsh
-- Installing: /home/guo/ITL_sentry_auto_new/install/hikvision/share/hikvision/local_setup.dsv
-- Installing: /home/guo/ITL_sentry_auto_new/install/hikvision/share/hikvision/package.dsv
-- Installing: /home/guo/ITL_sentry_auto_new/install/hikvision/share/ament_index/resource_index/packages/hikvision
-- Installing: /home/guo/ITL_sentry_auto_new/install/hikvision/share/hikvision/cmake/hikcameraTargetsExport.cmake
-- Installing: /home/guo/ITL_sentry_auto_new/install/hikvision/share/hikvision/cmake/hikcameraTargetsExport-noconfig.cmake
-- Installing: /home/guo/ITL_sentry_auto_new/install/hikvision/share/hikvision/cmake/ament_cmake_export_dependencies-extras.cmake
-- Installing: /home/guo/ITL_sentry_auto_new/install/hikvision/share/hikvision/cmake/ament_cmake_export_include_directories-extras.cmake
-- Installing: /home/guo/ITL_sentry_auto_new/install/hikvision/share/hikvision/cmake/ament_cmake_export_libraries-extras.cmake
-- Installing: /home/guo/ITL_sentry_auto_new/install/hikvision/share/hikvision/cmake/ament_cmake_export_targets-extras.cmake
-- Installing: /home/guo/ITL_sentry_auto_new/install/hikvision/share/hikvision/cmake/hikvisionConfig.cmake
-- Installing: /home/guo/ITL_sentry_auto_new/install/hikvision/share/hikvision/cmake/hikvisionConfig-version.cmake
-- Installing: /home/guo/ITL_sentry_auto_new/install/hikvision/share/hikvision/package.xml
