[0.018s] Invoking command in '/home/guo/ITL_sentry_auto_new/build/solver': CMAKE_PREFIX_PATH=/home/guo/ITL_sentry_auto_new/install/detected:/home/guo/ITL_sentry_auto_new/install/utils:/home/guo/ITL_sentry_auto_new/install/autoaim_msgs:/home/guo/ITL_sentry_auto_new/install/tracker:/home/guo/ITL_sentry_auto_new/install/aimer:/home/guo/ITL_sentry_auto_new/install/predictor:/home/guo/ITL_sentry_auto_new/install/solver:/home/guo/ITL_sentry_auto_new/install/pipeline:/home/guo/ITL_sentry_auto_new/install/hikvision:/home/guo/ITL_sentry_auto_new/install/gimbal:/home/guo/ITL_sentry_auto_new/install/dm_imu:/home/guo/ITL_sentry_auto_new/install/cboard:/home/guo/ITL_sentry_auto_new/install/serial:/home/guo/ITL_sentry_auto_new/install/motion_model:/home/guo/ITL_sentry_auto_new/install/filter_lib:/home/guo/ITL_sentry_auto_new/install/armor_pointer:/opt/ros/rolling LD_LIBRARY_PATH=/home/guo/ITL_sentry_auto_new/install/detected/lib:/home/guo/ITL_sentry_auto_new/install/autoaim_msgs/lib:/home/guo/ITL_sentry_auto_new/install/tracker/lib:/home/guo/ITL_sentry_auto_new/install/aimer/lib:/home/guo/ITL_sentry_auto_new/install/predictor/lib:/home/guo/ITL_sentry_auto_new/install/solver/lib:/home/guo/ITL_sentry_auto_new/install/hikvision/lib:/home/guo/ITL_sentry_auto_new/install/gimbal/lib:/home/guo/ITL_sentry_auto_new/install/dm_imu/lib:/home/guo/ITL_sentry_auto_new/install/cboard/lib:/home/guo/ITL_sentry_auto_new/install/utils/lib:/home/guo/ITL_sentry_auto_new/install/serial/lib:/home/guo/ITL_sentry_auto_new/install/motion_model/lib:/home/guo/ITL_sentry_auto_new/install/filter_lib/lib:/home/guo/ITL_sentry_auto_new/install/armor_pointer/lib:/usr/lib/x86_64-linux-gnu:/opt/ros/rolling/opt/rviz_ogre_vendor/lib:/opt/ros/rolling/lib/x86_64-linux-gnu:/opt/ros/rolling/lib:/opt/MVS/lib/64:/opt/MVS/lib/32:/usr/local/TensorRT.10.7.0.23/lib:/usr/lib/x86_64-linux-gnu:/usr/local/cuda/lib64:/opt/MVS/lib/64:/opt/MVS/lib/32:/opt/MVS/lib/64:/opt/MVS/lib/32 /usr/local/bin/cmake --build /home/guo/ITL_sentry_auto_new/build/solver -- -j24 -l24
[0.046s] [ 20%] Built target solver_base
[0.064s] [ 40%] Built target coord_converter
[0.066s] [ 60%] Built target pnp_solver_lib
[0.067s] [ 80%] Built target yaw_optimzier_lib
[0.092s] [ 90%] [32mBuilding CXX object CMakeFiles/solver_interface.dir/src/solver_node.cpp.o[0m
[3.109s] [01m[K/home/guo/ITL_sentry_auto_new/src/core/solver/src/solver_node.cpp:[m[K In member function ‘[01m[Ksolver::Armor_pose solver::Solver::processArmor(solver::Armors, double)[m[K’:
[3.109s] [01m[K/home/guo/ITL_sentry_auto_new/src/core/solver/src/solver_node.cpp:30:27:[m[K [01;31m[Kerror: [m[K‘[01m[Kusing Armors = struct armor_auto_aim::Armor[m[K’ {aka ‘[01m[Kstruct armor_auto_aim::Armor[m[K’} has no member named ‘[01m[KArmorName[m[K’
[3.109s]    30 |     armor_pose.id = armor.[01;31m[KArmorName[m[K
[3.109s]       |                           [01;31m[K^~~~~~~~~[m[K
[3.116s] [01m[K/home/guo/ITL_sentry_auto_new/src/core/solver/src/solver_node.cpp:36:46:[m[K [01;31m[Kerror: [m[K‘[01m[Kcorners[m[K’ was not declared in this scope
[3.116s]    36 |     last_pnp_result_ = pnp_solver_->solvePnP([01;31m[Kcorners[m[K, armor_pose.type, timestamp);
[3.116s]       |                                              [01;31m[K^~~~~~~[m[K
[3.116s] In file included from [01m[K/opt/ros/rolling/include/rclcpp/rclcpp/logging.hpp:24[m[K,
[3.116s]                  from [01m[K/opt/ros/rolling/include/rclcpp/rclcpp/copy_all_parameter_values.hpp:27[m[K,
[3.116s]                  from [01m[K/opt/ros/rolling/include/rclcpp/rclcpp/rclcpp.hpp:171[m[K,
[3.116s]                  from [01m[K/home/guo/ITL_sentry_auto_new/src/core/solver/src/solver_node.cpp:2[m[K:
[3.116s] [01m[K/home/guo/ITL_sentry_auto_new/src/core/solver/src/solver_node.cpp:41:57:[m[K [01;31m[Kerror: [m[K‘[01m[Kusing Armors = struct armor_auto_aim::Armor[m[K’ {aka ‘[01m[Kstruct armor_auto_aim::Armor[m[K’} has no member named ‘[01m[Knumber[m[K’
[3.116s]    41 |                    "PnP求解失败，装甲板编号: %d", armor.[01;31m[Knumber[m[K);
[3.116s]       |                                                         [01;31m[K^~~~~~[m[K
[3.131s] [01m[K/home/guo/ITL_sentry_auto_new/src/core/solver/src/solver_node.cpp:[m[K At global scope:
[3.131s] [01m[K/home/guo/ITL_sentry_auto_new/src/core/solver/src/solver_node.cpp:305:26:[m[K [01;31m[Kerror: [m[Kno declaration matches ‘[01m[Kstd::vector<cv::Point_<float> > solver::Solver::extractCorners(solver::Armors&) const[m[K’
[3.131s]   305 | std::vector<cv::Point2f> [01;31m[KSolver[m[K::extractCorners(Armors& armor) const {
[3.131s]       |                          [01;31m[K^~~~~~[m[K
[3.131s] In file included from [01m[K/home/guo/ITL_sentry_auto_new/src/core/solver/src/solver_node.cpp:1[m[K:
[3.131s] [01m[K/home/guo/ITL_sentry_auto_new/src/core/solver/include/solver_node.hpp:42:30:[m[K [01;36m[Knote: [m[Kcandidate is: ‘[01m[Kstd::vector<cv::Point_<float> > solver::Solver::extractCorners(const Armor&) const[m[K’
[3.131s]    42 |     std::vector<cv::Point2f> [01;36m[KextractCorners[m[K(const autoaim_msgs::msg::Armor& armor_msg) const;
[3.131s]       |                              [01;36m[K^~~~~~~~~~~~~~[m[K
[3.131s] [01m[K/home/guo/ITL_sentry_auto_new/src/core/solver/include/solver_node.hpp:20:7:[m[K [01;36m[Knote: [m[K‘[01m[Kclass solver::Solver[m[K’ defined here
[3.131s]    20 | class [01;36m[KSolver[m[K {
[3.131s]       |       [01;36m[K^~~~~~[m[K
[4.940s] gmake[2]: *** [CMakeFiles/solver_interface.dir/build.make:76：CMakeFiles/solver_interface.dir/src/solver_node.cpp.o] 错误 1
[4.940s] gmake[1]: *** [CMakeFiles/Makefile2:252：CMakeFiles/solver_interface.dir/all] 错误 2
[4.941s] gmake: *** [Makefile:146：all] 错误 2
[4.942s] Invoked command in '/home/guo/ITL_sentry_auto_new/build/solver' returned '2': CMAKE_PREFIX_PATH=/home/guo/ITL_sentry_auto_new/install/detected:/home/guo/ITL_sentry_auto_new/install/utils:/home/guo/ITL_sentry_auto_new/install/autoaim_msgs:/home/guo/ITL_sentry_auto_new/install/tracker:/home/guo/ITL_sentry_auto_new/install/aimer:/home/guo/ITL_sentry_auto_new/install/predictor:/home/guo/ITL_sentry_auto_new/install/solver:/home/guo/ITL_sentry_auto_new/install/pipeline:/home/guo/ITL_sentry_auto_new/install/hikvision:/home/guo/ITL_sentry_auto_new/install/gimbal:/home/guo/ITL_sentry_auto_new/install/dm_imu:/home/guo/ITL_sentry_auto_new/install/cboard:/home/guo/ITL_sentry_auto_new/install/serial:/home/guo/ITL_sentry_auto_new/install/motion_model:/home/guo/ITL_sentry_auto_new/install/filter_lib:/home/guo/ITL_sentry_auto_new/install/armor_pointer:/opt/ros/rolling LD_LIBRARY_PATH=/home/guo/ITL_sentry_auto_new/install/detected/lib:/home/guo/ITL_sentry_auto_new/install/autoaim_msgs/lib:/home/guo/ITL_sentry_auto_new/install/tracker/lib:/home/guo/ITL_sentry_auto_new/install/aimer/lib:/home/guo/ITL_sentry_auto_new/install/predictor/lib:/home/guo/ITL_sentry_auto_new/install/solver/lib:/home/guo/ITL_sentry_auto_new/install/hikvision/lib:/home/guo/ITL_sentry_auto_new/install/gimbal/lib:/home/guo/ITL_sentry_auto_new/install/dm_imu/lib:/home/guo/ITL_sentry_auto_new/install/cboard/lib:/home/guo/ITL_sentry_auto_new/install/utils/lib:/home/guo/ITL_sentry_auto_new/install/serial/lib:/home/guo/ITL_sentry_auto_new/install/motion_model/lib:/home/guo/ITL_sentry_auto_new/install/filter_lib/lib:/home/guo/ITL_sentry_auto_new/install/armor_pointer/lib:/usr/lib/x86_64-linux-gnu:/opt/ros/rolling/opt/rviz_ogre_vendor/lib:/opt/ros/rolling/lib/x86_64-linux-gnu:/opt/ros/rolling/lib:/opt/MVS/lib/64:/opt/MVS/lib/32:/usr/local/TensorRT.10.7.0.23/lib:/usr/lib/x86_64-linux-gnu:/usr/local/cuda/lib64:/opt/MVS/lib/64:/opt/MVS/lib/32:/opt/MVS/lib/64:/opt/MVS/lib/32 /usr/local/bin/cmake --build /home/guo/ITL_sentry_auto_new/build/solver -- -j24 -l24
