[0.017s] Invoking command in '/home/guo/ITL_sentry_auto_new/build/auto_aim': CMAKE_PREFIX_PATH=/home/guo/ITL_sentry_auto_new/install/deveice:/home/guo/ITL_sentry_auto_new/install/serial:/home/guo/ITL_sentry_auto_new/install/utils:/home/guo/ITL_sentry_auto_new/install/autoaim_msgs:/home/guo/ITL_sentry_auto_new/install/pipeline:/home/guo/ITL_sentry_auto_new/install/auto_aim:/home/guo/ITL_sentry_auto_new/install/auto_buff:/home/guo/ITL_sentry_auto_new/install/launch_node:/opt/ros/rolling LD_LIBRARY_PATH=/home/guo/ITL_sentry_auto_new/install/deveice/lib:/home/guo/ITL_sentry_auto_new/install/serial/lib:/home/guo/ITL_sentry_auto_new/install/autoaim_msgs/lib:/home/guo/ITL_sentry_auto_new/install/auto_aim/lib:/home/guo/ITL_sentry_auto_new/install/auto_buff/lib:/home/guo/ITL_sentry_auto_new/install/utils/lib:/usr/lib/x86_64-linux-gnu:/opt/ros/rolling/opt/rviz_ogre_vendor/lib:/opt/ros/rolling/lib/x86_64-linux-gnu:/opt/ros/rolling/lib:/opt/MVS/lib/64:/opt/MVS/lib/32:/usr/local/TensorRT.10.7.0.23/lib:/usr/lib/x86_64-linux-gnu:/usr/local/cuda/lib64:/opt/MVS/lib/64:/opt/MVS/lib/32:/opt/MVS/lib/64:/opt/MVS/lib/32 /usr/local/bin/cmake --build /home/guo/ITL_sentry_auto_new/build/auto_aim -- -j24 -l24
[0.055s] [  6%] Built target auto_aim_motion_model
[0.056s] [ 16%] Built target auto_aim_pointer
[0.059s] [ 35%] Built target auto_aim_detected
[0.096s] [ 54%] Built target auto_aim_solver
[0.116s] [ 61%] Built target auto_aim_predictor
[0.138s] [ 80%] Built target auto_aim_planner
[0.138s] [ 83%] [32mBuilding CXX object CMakeFiles/auto_aim_aimer.dir/aimer/src/aimer.cpp.o[0m
[5.008s] [ 87%] [32m[1mLinking CXX static library libauto_aim_aimer.a[0m
[5.076s] [ 87%] Built target auto_aim_aimer
[5.090s] [ 93%] Built target auto_aim_tracker
[5.105s] [ 96%] [32m[1mLinking CXX shared library libauto_aim.so[0m
[6.982s] [100%] Built target auto_aim
[6.986s] Invoked command in '/home/guo/ITL_sentry_auto_new/build/auto_aim' returned '0': CMAKE_PREFIX_PATH=/home/guo/ITL_sentry_auto_new/install/deveice:/home/guo/ITL_sentry_auto_new/install/serial:/home/guo/ITL_sentry_auto_new/install/utils:/home/guo/ITL_sentry_auto_new/install/autoaim_msgs:/home/guo/ITL_sentry_auto_new/install/pipeline:/home/guo/ITL_sentry_auto_new/install/auto_aim:/home/guo/ITL_sentry_auto_new/install/auto_buff:/home/guo/ITL_sentry_auto_new/install/launch_node:/opt/ros/rolling LD_LIBRARY_PATH=/home/guo/ITL_sentry_auto_new/install/deveice/lib:/home/guo/ITL_sentry_auto_new/install/serial/lib:/home/guo/ITL_sentry_auto_new/install/autoaim_msgs/lib:/home/guo/ITL_sentry_auto_new/install/auto_aim/lib:/home/guo/ITL_sentry_auto_new/install/auto_buff/lib:/home/guo/ITL_sentry_auto_new/install/utils/lib:/usr/lib/x86_64-linux-gnu:/opt/ros/rolling/opt/rviz_ogre_vendor/lib:/opt/ros/rolling/lib/x86_64-linux-gnu:/opt/ros/rolling/lib:/opt/MVS/lib/64:/opt/MVS/lib/32:/usr/local/TensorRT.10.7.0.23/lib:/usr/lib/x86_64-linux-gnu:/usr/local/cuda/lib64:/opt/MVS/lib/64:/opt/MVS/lib/32:/opt/MVS/lib/64:/opt/MVS/lib/32 /usr/local/bin/cmake --build /home/guo/ITL_sentry_auto_new/build/auto_aim -- -j24 -l24
[6.987s] Invoking command in '/home/guo/ITL_sentry_auto_new/build/auto_aim': CMAKE_PREFIX_PATH=/home/guo/ITL_sentry_auto_new/install/deveice:/home/guo/ITL_sentry_auto_new/install/serial:/home/guo/ITL_sentry_auto_new/install/utils:/home/guo/ITL_sentry_auto_new/install/autoaim_msgs:/home/guo/ITL_sentry_auto_new/install/pipeline:/home/guo/ITL_sentry_auto_new/install/auto_aim:/home/guo/ITL_sentry_auto_new/install/auto_buff:/home/guo/ITL_sentry_auto_new/install/launch_node:/opt/ros/rolling LD_LIBRARY_PATH=/home/guo/ITL_sentry_auto_new/install/deveice/lib:/home/guo/ITL_sentry_auto_new/install/serial/lib:/home/guo/ITL_sentry_auto_new/install/autoaim_msgs/lib:/home/guo/ITL_sentry_auto_new/install/auto_aim/lib:/home/guo/ITL_sentry_auto_new/install/auto_buff/lib:/home/guo/ITL_sentry_auto_new/install/utils/lib:/usr/lib/x86_64-linux-gnu:/opt/ros/rolling/opt/rviz_ogre_vendor/lib:/opt/ros/rolling/lib/x86_64-linux-gnu:/opt/ros/rolling/lib:/opt/MVS/lib/64:/opt/MVS/lib/32:/usr/local/TensorRT.10.7.0.23/lib:/usr/lib/x86_64-linux-gnu:/usr/local/cuda/lib64:/opt/MVS/lib/64:/opt/MVS/lib/32:/opt/MVS/lib/64:/opt/MVS/lib/32 /usr/local/bin/cmake --install /home/guo/ITL_sentry_auto_new/build/auto_aim
[6.989s] -- Install configuration: ""
[6.989s] -- Installing: /home/guo/ITL_sentry_auto_new/install/auto_aim/lib/libauto_aim.so
[7.003s] -- Set non-toolchain portion of runtime path of "/home/guo/ITL_sentry_auto_new/install/auto_aim/lib/libauto_aim.so" to ""
[7.003s] -- Installing: /home/guo/ITL_sentry_auto_new/install/auto_aim/lib/libauto_aim_aimer.a
[7.008s] -- Up-to-date: /home/guo/ITL_sentry_auto_new/install/auto_aim/lib/libauto_aim_detected.a
[7.008s] -- Up-to-date: /home/guo/ITL_sentry_auto_new/install/auto_aim/lib/libauto_aim_planner.a
[7.008s] -- Up-to-date: /home/guo/ITL_sentry_auto_new/install/auto_aim/lib/libauto_aim_pointer.a
[7.008s] -- Up-to-date: /home/guo/ITL_sentry_auto_new/install/auto_aim/lib/libauto_aim_solver.a
[7.008s] -- Up-to-date: /home/guo/ITL_sentry_auto_new/install/auto_aim/lib/libauto_aim_motion_model.a
[7.008s] -- Up-to-date: /home/guo/ITL_sentry_auto_new/install/auto_aim/lib/libauto_aim_predictor.a
[7.008s] -- Up-to-date: /home/guo/ITL_sentry_auto_new/install/auto_aim/lib/libauto_aim_tracker.a
[7.008s] -- Up-to-date: /home/guo/ITL_sentry_auto_new/install/auto_aim/include
[7.008s] -- Up-to-date: /home/guo/ITL_sentry_auto_new/install/auto_aim/include/aimer.hpp
[7.008s] -- Up-to-date: /home/guo/ITL_sentry_auto_new/install/auto_aim/include
[7.008s] -- Up-to-date: /home/guo/ITL_sentry_auto_new/install/auto_aim/include/common
[7.008s] -- Up-to-date: /home/guo/ITL_sentry_auto_new/install/auto_aim/include/common/armor.hpp
[7.009s] -- Up-to-date: /home/guo/ITL_sentry_auto_new/install/auto_aim/include/node
[7.009s] -- Up-to-date: /home/guo/ITL_sentry_auto_new/install/auto_aim/include/node/armor_detector_node.hpp
[7.009s] -- Up-to-date: /home/guo/ITL_sentry_auto_new/install/auto_aim/include/classifier
[7.009s] -- Up-to-date: /home/guo/ITL_sentry_auto_new/install/auto_aim/include/classifier/armor_classifier.hpp
[7.009s] -- Up-to-date: /home/guo/ITL_sentry_auto_new/install/auto_aim/include/detector
[7.009s] -- Up-to-date: /home/guo/ITL_sentry_auto_new/install/auto_aim/include/detector/common_detector.hpp
[7.009s] -- Up-to-date: /home/guo/ITL_sentry_auto_new/install/auto_aim/include/detector/yolo11.hpp
[7.009s] -- Up-to-date: /home/guo/ITL_sentry_auto_new/install/auto_aim/include
[7.009s] -- Up-to-date: /home/guo/ITL_sentry_auto_new/install/auto_aim/include/planner.hpp
[7.009s] -- Up-to-date: /home/guo/ITL_sentry_auto_new/install/auto_aim/include
[7.009s] -- Up-to-date: /home/guo/ITL_sentry_auto_new/install/auto_aim/include/types.hpp
[7.009s] -- Up-to-date: /home/guo/ITL_sentry_auto_new/install/auto_aim/include/lightbar_detector.hpp
[7.009s] -- Up-to-date: /home/guo/ITL_sentry_auto_new/install/auto_aim/include/image_processor.hpp
[7.009s] -- Up-to-date: /home/guo/ITL_sentry_auto_new/install/auto_aim/include
[7.009s] -- Up-to-date: /home/guo/ITL_sentry_auto_new/install/auto_aim/include/solver_node.hpp
[7.009s] -- Up-to-date: /home/guo/ITL_sentry_auto_new/install/auto_aim/include/module
[7.009s] -- Up-to-date: /home/guo/ITL_sentry_auto_new/install/auto_aim/include/module/coord_converter.hpp
[7.009s] -- Up-to-date: /home/guo/ITL_sentry_auto_new/install/auto_aim/include/module/optimize_yaw.hpp
[7.009s] -- Up-to-date: /home/guo/ITL_sentry_auto_new/install/auto_aim/include/module/solver.hpp
[7.009s] -- Up-to-date: /home/guo/ITL_sentry_auto_new/install/auto_aim/include/module/pnp_solver.hpp
[7.009s] -- Up-to-date: /home/guo/ITL_sentry_auto_new/install/auto_aim/include
[7.010s] -- Up-to-date: /home/guo/ITL_sentry_auto_new/install/auto_aim/include/target.hpp
[7.010s] -- Up-to-date: /home/guo/ITL_sentry_auto_new/install/auto_aim/include
[7.010s] -- Up-to-date: /home/guo/ITL_sentry_auto_new/install/auto_aim/include/full_model.hpp
[7.010s] -- Up-to-date: /home/guo/ITL_sentry_auto_new/install/auto_aim/include
[7.010s] -- Up-to-date: /home/guo/ITL_sentry_auto_new/install/auto_aim/include/tracker.hpp
[7.010s] -- Up-to-date: /home/guo/ITL_sentry_auto_new/install/auto_aim/include
[7.010s] -- Up-to-date: /home/guo/ITL_sentry_auto_new/install/auto_aim/include/tinympc
[7.010s] -- Up-to-date: /home/guo/ITL_sentry_auto_new/install/auto_aim/include/tinympc/admm.hpp
[7.010s] -- Up-to-date: /home/guo/ITL_sentry_auto_new/install/auto_aim/include/tinympc/rho_benchmark.hpp
[7.010s] -- Up-to-date: /home/guo/ITL_sentry_auto_new/install/auto_aim/include/tinympc/codegen.hpp
[7.010s] -- Up-to-date: /home/guo/ITL_sentry_auto_new/install/auto_aim/include/tinympc/types.hpp
[7.010s] -- Up-to-date: /home/guo/ITL_sentry_auto_new/install/auto_aim/include/tinympc/tiny_api_constants.hpp
[7.010s] -- Up-to-date: /home/guo/ITL_sentry_auto_new/install/auto_aim/include/tinympc/error.hpp
[7.010s] -- Up-to-date: /home/guo/ITL_sentry_auto_new/install/auto_aim/include/tinympc/tiny_api.hpp
[7.010s] -- Up-to-date: /home/guo/ITL_sentry_auto_new/install/auto_aim/share/auto_aim/environment/library_path.sh
[7.010s] -- Up-to-date: /home/guo/ITL_sentry_auto_new/install/auto_aim/share/auto_aim/environment/library_path.dsv
[7.010s] -- Up-to-date: /home/guo/ITL_sentry_auto_new/install/auto_aim/share/auto_aim/package.xml
[7.010s] -- Up-to-date: /home/guo/ITL_sentry_auto_new/install/auto_aim/share/ament_index/resource_index/package_run_dependencies/auto_aim
[7.010s] -- Up-to-date: /home/guo/ITL_sentry_auto_new/install/auto_aim/share/ament_index/resource_index/parent_prefix_path/auto_aim
[7.010s] -- Up-to-date: /home/guo/ITL_sentry_auto_new/install/auto_aim/share/auto_aim/environment/ament_prefix_path.sh
[7.010s] -- Up-to-date: /home/guo/ITL_sentry_auto_new/install/auto_aim/share/auto_aim/environment/ament_prefix_path.dsv
[7.010s] -- Up-to-date: /home/guo/ITL_sentry_auto_new/install/auto_aim/share/auto_aim/environment/path.sh
[7.010s] -- Up-to-date: /home/guo/ITL_sentry_auto_new/install/auto_aim/share/auto_aim/environment/path.dsv
[7.010s] -- Up-to-date: /home/guo/ITL_sentry_auto_new/install/auto_aim/share/auto_aim/local_setup.bash
[7.010s] -- Up-to-date: /home/guo/ITL_sentry_auto_new/install/auto_aim/share/auto_aim/local_setup.sh
[7.010s] -- Up-to-date: /home/guo/ITL_sentry_auto_new/install/auto_aim/share/auto_aim/local_setup.zsh
[7.010s] -- Up-to-date: /home/guo/ITL_sentry_auto_new/install/auto_aim/share/auto_aim/local_setup.dsv
[7.011s] -- Installing: /home/guo/ITL_sentry_auto_new/install/auto_aim/share/auto_aim/package.dsv
[7.011s] -- Up-to-date: /home/guo/ITL_sentry_auto_new/install/auto_aim/share/ament_index/resource_index/packages/auto_aim
[7.011s] -- Up-to-date: /home/guo/ITL_sentry_auto_new/install/auto_aim/share/auto_aim/cmake/auto_aimTargetsExport.cmake
[7.011s] -- Up-to-date: /home/guo/ITL_sentry_auto_new/install/auto_aim/share/auto_aim/cmake/auto_aimTargetsExport-noconfig.cmake
[7.011s] -- Up-to-date: /home/guo/ITL_sentry_auto_new/install/auto_aim/share/auto_aim/cmake/ament_cmake_export_include_directories-extras.cmake
[7.011s] -- Up-to-date: /home/guo/ITL_sentry_auto_new/install/auto_aim/share/auto_aim/cmake/ament_cmake_export_targets-extras.cmake
[7.011s] -- Up-to-date: /home/guo/ITL_sentry_auto_new/install/auto_aim/share/auto_aim/cmake/ament_cmake_export_dependencies-extras.cmake
[7.011s] -- Up-to-date: /home/guo/ITL_sentry_auto_new/install/auto_aim/share/auto_aim/cmake/auto_aimConfig.cmake
[7.011s] -- Up-to-date: /home/guo/ITL_sentry_auto_new/install/auto_aim/share/auto_aim/cmake/auto_aimConfig-version.cmake
[7.011s] -- Up-to-date: /home/guo/ITL_sentry_auto_new/install/auto_aim/share/auto_aim/package.xml
[7.012s] Invoked command in '/home/guo/ITL_sentry_auto_new/build/auto_aim' returned '0': CMAKE_PREFIX_PATH=/home/guo/ITL_sentry_auto_new/install/deveice:/home/guo/ITL_sentry_auto_new/install/serial:/home/guo/ITL_sentry_auto_new/install/utils:/home/guo/ITL_sentry_auto_new/install/autoaim_msgs:/home/guo/ITL_sentry_auto_new/install/pipeline:/home/guo/ITL_sentry_auto_new/install/auto_aim:/home/guo/ITL_sentry_auto_new/install/auto_buff:/home/guo/ITL_sentry_auto_new/install/launch_node:/opt/ros/rolling LD_LIBRARY_PATH=/home/guo/ITL_sentry_auto_new/install/deveice/lib:/home/guo/ITL_sentry_auto_new/install/serial/lib:/home/guo/ITL_sentry_auto_new/install/autoaim_msgs/lib:/home/guo/ITL_sentry_auto_new/install/auto_aim/lib:/home/guo/ITL_sentry_auto_new/install/auto_buff/lib:/home/guo/ITL_sentry_auto_new/install/utils/lib:/usr/lib/x86_64-linux-gnu:/opt/ros/rolling/opt/rviz_ogre_vendor/lib:/opt/ros/rolling/lib/x86_64-linux-gnu:/opt/ros/rolling/lib:/opt/MVS/lib/64:/opt/MVS/lib/32:/usr/local/TensorRT.10.7.0.23/lib:/usr/lib/x86_64-linux-gnu:/usr/local/cuda/lib64:/opt/MVS/lib/64:/opt/MVS/lib/32:/opt/MVS/lib/64:/opt/MVS/lib/32 /usr/local/bin/cmake --install /home/guo/ITL_sentry_auto_new/build/auto_aim
