-- Found ament_cmake_auto: 1.3.11 (/opt/ros/humble/share/ament_cmake_auto/cmake)
-- Override CMake install command with custom implementation using symlinks instead of copying resources
-- Found rclcpp: 16.0.11 (/opt/ros/humble/share/rclcpp/cmake)
-- Found rosidl_generator_c: 3.1.6 (/opt/ros/humble/share/rosidl_generator_c/cmake)
-- Found rosidl_adapter: 3.1.6 (/opt/ros/humble/share/rosidl_adapter/cmake)
-- Found rosidl_generator_cpp: 3.1.6 (/opt/ros/humble/share/rosidl_generator_cpp/cmake)
-- Using all available rosidl_typesupport_c: rosidl_typesupport_fastrtps_c;rosidl_typesupport_introspection_c
-- Using all available rosidl_typesupport_cpp: rosidl_typesupport_fastrtps_cpp;rosidl_typesupport_introspection_cpp
-- Found rmw_implementation_cmake: 6.1.2 (/opt/ros/humble/share/rmw_implementation_cmake/cmake)
-- Found rmw_fastrtps_cpp: 6.2.7 (/opt/ros/humble/share/rmw_fastrtps_cpp/cmake)
-- Using RMW implementation 'rmw_fastrtps_cpp' as default
-- Found geometry_msgs: 4.2.4 (/opt/ros/humble/share/geometry_msgs/cmake)
-- Found ament_lint_auto: 0.12.11 (/opt/ros/humble/share/ament_lint_auto/cmake)
-- Added test 'flake8' to check Python code syntax and style conventions
-- Added test 'lint_cmake' to check CMake code style
-- Added test 'pep257' to check Python code against some of the docstring style conventions in PEP 257
-- Added test 'xmllint' to check XML markup files
-- Configuring done
-- Generating done
-- Build files have been written to: /home/shaobing/rm_ws/build/launch_node
-- Install configuration: ""
-- Execute custom install script
-- Symlinking: /home/shaobing/rm_ws/install/launch_node/share/launch_node/launch/launch_blue.launch.py
-- Symlinking: /home/shaobing/rm_ws/install/launch_node/share/launch_node/launch/launch_red.launch.py
-- Symlinking: /home/shaobing/rm_ws/install/launch_node/share/launch_node/config/angle_solver_params.xml
-- Symlinking: /home/shaobing/rm_ws/install/launch_node/share/ament_index/resource_index/package_run_dependencies/launch_node
-- Symlinking: /home/shaobing/rm_ws/install/launch_node/share/ament_index/resource_index/parent_prefix_path/launch_node
-- Symlinking: /home/shaobing/rm_ws/install/launch_node/share/launch_node/environment/ament_prefix_path.sh
-- Symlinking: /home/shaobing/rm_ws/install/launch_node/share/launch_node/environment/ament_prefix_path.dsv
-- Symlinking: /home/shaobing/rm_ws/install/launch_node/share/launch_node/environment/path.sh
-- Symlinking: /home/shaobing/rm_ws/install/launch_node/share/launch_node/environment/path.dsv
-- Symlinking: /home/shaobing/rm_ws/install/launch_node/share/launch_node/local_setup.bash
-- Symlinking: /home/shaobing/rm_ws/install/launch_node/share/launch_node/local_setup.sh
-- Symlinking: /home/shaobing/rm_ws/install/launch_node/share/launch_node/local_setup.zsh
-- Symlinking: /home/shaobing/rm_ws/install/launch_node/share/launch_node/local_setup.dsv
-- Symlinking: /home/shaobing/rm_ws/install/launch_node/share/launch_node/package.dsv
-- Symlinking: /home/shaobing/rm_ws/install/launch_node/share/ament_index/resource_index/packages/launch_node
-- Symlinking: /home/shaobing/rm_ws/install/launch_node/share/launch_node/cmake/ament_cmake_export_dependencies-extras.cmake
-- Symlinking: /home/shaobing/rm_ws/install/launch_node/share/launch_node/cmake/launch_nodeConfig.cmake
-- Symlinking: /home/shaobing/rm_ws/install/launch_node/share/launch_node/cmake/launch_nodeConfig-version.cmake
-- Symlinking: /home/shaobing/rm_ws/install/launch_node/share/launch_node/package.xml
