[0.014s] Invoking command in '/home/shaobing/rm_ws/build/launch_node': CMAKE_PREFIX_PATH=/opt/ros/humble /usr/bin/cmake /home/shaobing/rm_ws/src/launch -DAMENT_CMAKE_SYMLINK_INSTALL=1 -DCMAKE_INSTALL_PREFIX=/home/shaobing/rm_ws/install/launch_node
[0.027s] -- Found ament_cmake_auto: 1.3.11 (/opt/ros/humble/share/ament_cmake_auto/cmake)
[0.140s] -- Override CMake install command with custom implementation using symlinks instead of copying resources
[0.147s] -- Found rclcpp: 16.0.11 (/opt/ros/humble/share/rclcpp/cmake)
[0.170s] -- Found rosidl_generator_c: 3.1.6 (/opt/ros/humble/share/rosidl_generator_c/cmake)
[0.172s] -- Found rosidl_adapter: 3.1.6 (/opt/ros/humble/share/rosidl_adapter/cmake)
[0.175s] -- Found rosidl_generator_cpp: 3.1.6 (/opt/ros/humble/share/rosidl_generator_cpp/cmake)
[0.182s] -- Using all available rosidl_typesupport_c: rosidl_typesupport_fastrtps_c;rosidl_typesupport_introspection_c
[0.190s] -- Using all available rosidl_typesupport_cpp: rosidl_typesupport_fastrtps_cpp;rosidl_typesupport_introspection_cpp
[0.212s] -- Found rmw_implementation_cmake: 6.1.2 (/opt/ros/humble/share/rmw_implementation_cmake/cmake)
[0.213s] -- Found rmw_fastrtps_cpp: 6.2.7 (/opt/ros/humble/share/rmw_fastrtps_cpp/cmake)
[0.291s] -- Using RMW implementation 'rmw_fastrtps_cpp' as default
[0.346s] -- Found geometry_msgs: 4.2.4 (/opt/ros/humble/share/geometry_msgs/cmake)
[0.412s] -- Found ament_lint_auto: 0.12.11 (/opt/ros/humble/share/ament_lint_auto/cmake)
[0.424s] -- Added test 'flake8' to check Python code syntax and style conventions
[0.424s] -- Added test 'lint_cmake' to check CMake code style
[0.424s] -- Added test 'pep257' to check Python code against some of the docstring style conventions in PEP 257
[0.425s] -- Added test 'xmllint' to check XML markup files
[0.427s] -- Configuring done
[0.432s] -- Generating done
[0.435s] -- Build files have been written to: /home/shaobing/rm_ws/build/launch_node
[0.444s] Invoked command in '/home/shaobing/rm_ws/build/launch_node' returned '0': CMAKE_PREFIX_PATH=/opt/ros/humble /usr/bin/cmake /home/shaobing/rm_ws/src/launch -DAMENT_CMAKE_SYMLINK_INSTALL=1 -DCMAKE_INSTALL_PREFIX=/home/shaobing/rm_ws/install/launch_node
[0.446s] Invoking command in '/home/shaobing/rm_ws/build/launch_node': CMAKE_PREFIX_PATH=/opt/ros/humble /usr/bin/cmake --build /home/shaobing/rm_ws/build/launch_node -- -j16 -l16
[0.479s] Invoked command in '/home/shaobing/rm_ws/build/launch_node' returned '0': CMAKE_PREFIX_PATH=/opt/ros/humble /usr/bin/cmake --build /home/shaobing/rm_ws/build/launch_node -- -j16 -l16
[0.486s] Invoking command in '/home/shaobing/rm_ws/build/launch_node': CMAKE_PREFIX_PATH=/opt/ros/humble /usr/bin/cmake --install /home/shaobing/rm_ws/build/launch_node
[0.491s] -- Install configuration: ""
[0.491s] -- Execute custom install script
[0.491s] -- Symlinking: /home/shaobing/rm_ws/install/launch_node/share/launch_node/launch/launch_blue.launch.py
[0.500s] -- Symlinking: /home/shaobing/rm_ws/install/launch_node/share/launch_node/launch/launch_red.launch.py
[0.508s] -- Symlinking: /home/shaobing/rm_ws/install/launch_node/share/launch_node/config/angle_solver_params.xml
[0.514s] -- Symlinking: /home/shaobing/rm_ws/install/launch_node/share/ament_index/resource_index/package_run_dependencies/launch_node
[0.521s] -- Symlinking: /home/shaobing/rm_ws/install/launch_node/share/ament_index/resource_index/parent_prefix_path/launch_node
[0.529s] -- Symlinking: /home/shaobing/rm_ws/install/launch_node/share/launch_node/environment/ament_prefix_path.sh
[0.538s] -- Symlinking: /home/shaobing/rm_ws/install/launch_node/share/launch_node/environment/ament_prefix_path.dsv
[0.547s] -- Symlinking: /home/shaobing/rm_ws/install/launch_node/share/launch_node/environment/path.sh
[0.556s] -- Symlinking: /home/shaobing/rm_ws/install/launch_node/share/launch_node/environment/path.dsv
[0.565s] -- Symlinking: /home/shaobing/rm_ws/install/launch_node/share/launch_node/local_setup.bash
[0.573s] -- Symlinking: /home/shaobing/rm_ws/install/launch_node/share/launch_node/local_setup.sh
[0.583s] -- Symlinking: /home/shaobing/rm_ws/install/launch_node/share/launch_node/local_setup.zsh
[0.591s] -- Symlinking: /home/shaobing/rm_ws/install/launch_node/share/launch_node/local_setup.dsv
[0.600s] -- Symlinking: /home/shaobing/rm_ws/install/launch_node/share/launch_node/package.dsv
[0.606s] -- Symlinking: /home/shaobing/rm_ws/install/launch_node/share/ament_index/resource_index/packages/launch_node
[0.615s] -- Symlinking: /home/shaobing/rm_ws/install/launch_node/share/launch_node/cmake/ament_cmake_export_dependencies-extras.cmake
[0.624s] -- Symlinking: /home/shaobing/rm_ws/install/launch_node/share/launch_node/cmake/launch_nodeConfig.cmake
[0.634s] -- Symlinking: /home/shaobing/rm_ws/install/launch_node/share/launch_node/cmake/launch_nodeConfig-version.cmake
[0.642s] -- Symlinking: /home/shaobing/rm_ws/install/launch_node/share/launch_node/package.xml
[0.652s] Invoked command in '/home/shaobing/rm_ws/build/launch_node' returned '0': CMAKE_PREFIX_PATH=/opt/ros/humble /usr/bin/cmake --install /home/shaobing/rm_ws/build/launch_node
