-- Found ament_cmake: 2.3.2 (/opt/ros/rolling/share/ament_cmake/cmake)
-- Found rclcpp: 27.0.0 (/opt/ros/rolling/share/rclcpp/cmake)
-- Found rosidl_generator_c: 4.5.1 (/opt/ros/rolling/share/rosidl_generator_c/cmake)
-- Found rosidl_generator_cpp: 4.5.1 (/opt/ros/rolling/share/rosidl_generator_cpp/cmake)
-- Using all available rosidl_typesupport_c: rosidl_typesupport_fastrtps_c;rosidl_typesupport_introspection_c
-- Using all available rosidl_typesupport_cpp: rosidl_typesupport_fastrtps_cpp;rosidl_typesupport_introspection_cpp
-- Found rmw_implementation_cmake: 7.3.0 (/opt/ros/rolling/share/rmw_implementation_cmake/cmake)
-- Found rmw_fastrtps_cpp: 8.2.0 (/opt/ros/rolling/share/rmw_fastrtps_cpp/cmake)
-- Using RMW implementation 'rmw_fastrtps_cpp' as default
-- Found autoaim_msgs: 0.0.1 (/home/guo/ITL_sentry_auto_new/install/autoaim_msgs/share/autoaim_msgs/cmake)
-- Found filter_lib: 1.0.0 (/home/guo/ITL_sentry_auto_new/install/filter_lib/share/filter_lib/cmake)
-- Found AMD headers in: /usr/include/suitesparse
-- Found AMD library: /usr/lib/x86_64-linux-gnu/libamd.so
-- Found CAMD headers in: /usr/include/suitesparse
-- Found CAMD library: /usr/lib/x86_64-linux-gnu/libcamd.so
-- Found CCOLAMD headers in: /usr/include/suitesparse
-- Found CCOLAMD library: /usr/lib/x86_64-linux-gnu/libccolamd.so
-- Found CHOLMOD headers in: /usr/include/suitesparse
-- Found CHOLMOD library: /usr/lib/x86_64-linux-gnu/libcholmod.so
-- Found COLAMD headers in: /usr/include/suitesparse
-- Found COLAMD library: /usr/lib/x86_64-linux-gnu/libcolamd.so
-- Found SPQR headers in: /usr/include/suitesparse
-- Found SPQR library: /usr/lib/x86_64-linux-gnu/libspqr.so
-- Found Config headers in: /usr/include/suitesparse
-- Found Config library: /usr/lib/x86_64-linux-gnu/libsuitesparseconfig.so
-- Found Intel Thread Building Blocks (TBB) library (2021.5 / ) include location: . Assuming SuiteSparseQR was compiled with TBB.
-- Adding librt to SuiteSparse_config libraries (required on Linux & Unix [not OSX] if SuiteSparse is compiled with timing).
-- Could NOT find METIS (missing: METIS_INCLUDE_DIR METIS_LIBRARY) 
-- Found ament_lint_auto: 0.16.3 (/opt/ros/rolling/share/ament_lint_auto/cmake)
-- Added test 'copyright' to check source files copyright and LICENSE
-- Added test 'cppcheck' to perform static code analysis on C / C++ code
-- Configured cppcheck include dirs: /home/guo/ITL_sentry_auto_new/src/core/target/motion_model/include;$<BUILD_INTERFACE:/home/guo/ITL_sentry_auto_new/src/core/target/motion_model/include>
-- Configured cppcheck exclude dirs and/or files: 
-- Added test 'cpplint' to check C / C++ code against the Google style
-- Configured cpplint exclude dirs and/or files: 
-- Added test 'lint_cmake' to check CMake code style
-- Added test 'uncrustify' to check C / C++ code style
-- Configured uncrustify additional arguments: 
-- Added test 'xmllint' to check XML markup files
-- Configuring done (1.2s)
-- Generating done (0.0s)
-- Build files have been written to: /home/guo/ITL_sentry_auto_new/build/motion_model
[ 20%] [32m[1mLinking CXX shared library libmotion_model.so[0m
[100%] Built target motion_model
-- Install configuration: ""
-- Up-to-date: /home/guo/ITL_sentry_auto_new/install/motion_model/share/motion_model/environment/library_path.sh
-- Up-to-date: /home/guo/ITL_sentry_auto_new/install/motion_model/share/motion_model/environment/library_path.dsv
-- Installing: /home/guo/ITL_sentry_auto_new/install/motion_model/lib/libmotion_model.so
-- Set non-toolchain portion of runtime path of "/home/guo/ITL_sentry_auto_new/install/motion_model/lib/libmotion_model.so" to ""
-- Up-to-date: /home/guo/ITL_sentry_auto_new/install/motion_model/include
-- Up-to-date: /home/guo/ITL_sentry_auto_new/install/motion_model/include/common_model_v1.hpp
-- Up-to-date: /home/guo/ITL_sentry_auto_new/install/motion_model/include/rotating_model.hpp
-- Up-to-date: /home/guo/ITL_sentry_auto_new/install/motion_model/include/common_model_v2.hpp
-- Up-to-date: /home/guo/ITL_sentry_auto_new/install/motion_model/include/full_model.hpp
-- Up-to-date: /home/guo/ITL_sentry_auto_new/install/motion_model/share/ament_index/resource_index/package_run_dependencies/motion_model
-- Installing: /home/guo/ITL_sentry_auto_new/install/motion_model/share/ament_index/resource_index/parent_prefix_path/motion_model
-- Up-to-date: /home/guo/ITL_sentry_auto_new/install/motion_model/share/motion_model/environment/ament_prefix_path.sh
-- Up-to-date: /home/guo/ITL_sentry_auto_new/install/motion_model/share/motion_model/environment/ament_prefix_path.dsv
-- Up-to-date: /home/guo/ITL_sentry_auto_new/install/motion_model/share/motion_model/environment/path.sh
-- Up-to-date: /home/guo/ITL_sentry_auto_new/install/motion_model/share/motion_model/environment/path.dsv
-- Up-to-date: /home/guo/ITL_sentry_auto_new/install/motion_model/share/motion_model/local_setup.bash
-- Up-to-date: /home/guo/ITL_sentry_auto_new/install/motion_model/share/motion_model/local_setup.sh
-- Up-to-date: /home/guo/ITL_sentry_auto_new/install/motion_model/share/motion_model/local_setup.zsh
-- Up-to-date: /home/guo/ITL_sentry_auto_new/install/motion_model/share/motion_model/local_setup.dsv
-- Installing: /home/guo/ITL_sentry_auto_new/install/motion_model/share/motion_model/package.dsv
-- Up-to-date: /home/guo/ITL_sentry_auto_new/install/motion_model/share/ament_index/resource_index/packages/motion_model
-- Up-to-date: /home/guo/ITL_sentry_auto_new/install/motion_model/share/motion_model/cmake/motion_model_targetsExport.cmake
-- Up-to-date: /home/guo/ITL_sentry_auto_new/install/motion_model/share/motion_model/cmake/motion_model_targetsExport-noconfig.cmake
-- Up-to-date: /home/guo/ITL_sentry_auto_new/install/motion_model/share/motion_model/cmake/ament_cmake_export_targets-extras.cmake
-- Up-to-date: /home/guo/ITL_sentry_auto_new/install/motion_model/share/motion_model/cmake/ament_cmake_export_dependencies-extras.cmake
-- Up-to-date: /home/guo/ITL_sentry_auto_new/install/motion_model/share/motion_model/cmake/motion_modelConfig.cmake
-- Up-to-date: /home/guo/ITL_sentry_auto_new/install/motion_model/share/motion_model/cmake/motion_modelConfig-version.cmake
-- Up-to-date: /home/guo/ITL_sentry_auto_new/install/motion_model/share/motion_model/package.xml
