[0.013s] Invoking command in '/home/guo/ITL_sentry_auto_new/build/motion_model': AMENT_PREFIX_PATH=/home/guo/ITL_sentry_auto_new/install/filter_lib:/home/guo/ITL_sentry_auto_new/install/autoaim_msgs:${AMENT_PREFIX_PATH} CMAKE_PREFIX_PATH=/home/guo/ITL_sentry_auto_new/install/filter_lib:/home/guo/ITL_sentry_auto_new/install/autoaim_msgs:/opt/ros/rolling LD_LIBRARY_PATH=/home/guo/ITL_sentry_auto_new/install/filter_lib/lib:/home/guo/ITL_sentry_auto_new/install/autoaim_msgs/lib:/usr/lib/x86_64-linux-gnu:/opt/ros/rolling/opt/rviz_ogre_vendor/lib:/opt/ros/rolling/lib/x86_64-linux-gnu:/opt/ros/rolling/lib:/opt/MVS/lib/64:/opt/MVS/lib/32:/usr/local/TensorRT.10.7.0.23/lib:/usr/lib/x86_64-linux-gnu:/usr/local/cuda/lib64:/opt/MVS/lib/64:/opt/MVS/lib/32:/opt/MVS/lib/64:/opt/MVS/lib/32 PYTHONPATH=/home/guo/ITL_sentry_auto_new/install/autoaim_msgs/lib/python3.10/site-packages:${PYTHONPATH} /usr/local/bin/cmake --build /home/guo/ITL_sentry_auto_new/build/motion_model -- -j24 -l24
[0.040s] [100%] Built target motion_model
[0.051s] Invoked command in '/home/guo/ITL_sentry_auto_new/build/motion_model' returned '0': AMENT_PREFIX_PATH=/home/guo/ITL_sentry_auto_new/install/filter_lib:/home/guo/ITL_sentry_auto_new/install/autoaim_msgs:${AMENT_PREFIX_PATH} CMAKE_PREFIX_PATH=/home/guo/ITL_sentry_auto_new/install/filter_lib:/home/guo/ITL_sentry_auto_new/install/autoaim_msgs:/opt/ros/rolling LD_LIBRARY_PATH=/home/guo/ITL_sentry_auto_new/install/filter_lib/lib:/home/guo/ITL_sentry_auto_new/install/autoaim_msgs/lib:/usr/lib/x86_64-linux-gnu:/opt/ros/rolling/opt/rviz_ogre_vendor/lib:/opt/ros/rolling/lib/x86_64-linux-gnu:/opt/ros/rolling/lib:/opt/MVS/lib/64:/opt/MVS/lib/32:/usr/local/TensorRT.10.7.0.23/lib:/usr/lib/x86_64-linux-gnu:/usr/local/cuda/lib64:/opt/MVS/lib/64:/opt/MVS/lib/32:/opt/MVS/lib/64:/opt/MVS/lib/32 PYTHONPATH=/home/guo/ITL_sentry_auto_new/install/autoaim_msgs/lib/python3.10/site-packages:${PYTHONPATH} /usr/local/bin/cmake --build /home/guo/ITL_sentry_auto_new/build/motion_model -- -j24 -l24
[0.052s] Invoking command in '/home/guo/ITL_sentry_auto_new/build/motion_model': AMENT_PREFIX_PATH=/home/guo/ITL_sentry_auto_new/install/filter_lib:/home/guo/ITL_sentry_auto_new/install/autoaim_msgs:${AMENT_PREFIX_PATH} CMAKE_PREFIX_PATH=/home/guo/ITL_sentry_auto_new/install/filter_lib:/home/guo/ITL_sentry_auto_new/install/autoaim_msgs:/opt/ros/rolling LD_LIBRARY_PATH=/home/guo/ITL_sentry_auto_new/install/filter_lib/lib:/home/guo/ITL_sentry_auto_new/install/autoaim_msgs/lib:/usr/lib/x86_64-linux-gnu:/opt/ros/rolling/opt/rviz_ogre_vendor/lib:/opt/ros/rolling/lib/x86_64-linux-gnu:/opt/ros/rolling/lib:/opt/MVS/lib/64:/opt/MVS/lib/32:/usr/local/TensorRT.10.7.0.23/lib:/usr/lib/x86_64-linux-gnu:/usr/local/cuda/lib64:/opt/MVS/lib/64:/opt/MVS/lib/32:/opt/MVS/lib/64:/opt/MVS/lib/32 PYTHONPATH=/home/guo/ITL_sentry_auto_new/install/autoaim_msgs/lib/python3.10/site-packages:${PYTHONPATH} /usr/local/bin/cmake --install /home/guo/ITL_sentry_auto_new/build/motion_model
[0.053s] -- Install configuration: ""
[0.053s] -- Up-to-date: /home/guo/ITL_sentry_auto_new/install/motion_model/share/motion_model/environment/library_path.sh
[0.054s] -- Up-to-date: /home/guo/ITL_sentry_auto_new/install/motion_model/share/motion_model/environment/library_path.dsv
[0.054s] -- Up-to-date: /home/guo/ITL_sentry_auto_new/install/motion_model/lib/libmotion_model.so
[0.054s] -- Up-to-date: /home/guo/ITL_sentry_auto_new/install/motion_model/include
[0.054s] -- Up-to-date: /home/guo/ITL_sentry_auto_new/install/motion_model/include/common_model_v1.hpp
[0.054s] -- Up-to-date: /home/guo/ITL_sentry_auto_new/install/motion_model/include/rotating_model.hpp
[0.054s] -- Up-to-date: /home/guo/ITL_sentry_auto_new/install/motion_model/include/common_model_v2.hpp
[0.054s] -- Up-to-date: /home/guo/ITL_sentry_auto_new/install/motion_model/include/full_model.hpp
[0.054s] -- Up-to-date: /home/guo/ITL_sentry_auto_new/install/motion_model/share/ament_index/resource_index/package_run_dependencies/motion_model
[0.054s] -- Up-to-date: /home/guo/ITL_sentry_auto_new/install/motion_model/share/ament_index/resource_index/parent_prefix_path/motion_model
[0.055s] -- Up-to-date: /home/guo/ITL_sentry_auto_new/install/motion_model/share/motion_model/environment/ament_prefix_path.sh
[0.055s] -- Up-to-date: /home/guo/ITL_sentry_auto_new/install/motion_model/share/motion_model/environment/ament_prefix_path.dsv
[0.055s] -- Up-to-date: /home/guo/ITL_sentry_auto_new/install/motion_model/share/motion_model/environment/path.sh
[0.055s] -- Up-to-date: /home/guo/ITL_sentry_auto_new/install/motion_model/share/motion_model/environment/path.dsv
[0.055s] -- Up-to-date: /home/guo/ITL_sentry_auto_new/install/motion_model/share/motion_model/local_setup.bash
[0.055s] -- Up-to-date: /home/guo/ITL_sentry_auto_new/install/motion_model/share/motion_model/local_setup.sh
[0.055s] -- Up-to-date: /home/guo/ITL_sentry_auto_new/install/motion_model/share/motion_model/local_setup.zsh
[0.055s] -- Up-to-date: /home/guo/ITL_sentry_auto_new/install/motion_model/share/motion_model/local_setup.dsv
[0.056s] -- Installing: /home/guo/ITL_sentry_auto_new/install/motion_model/share/motion_model/package.dsv
[0.056s] -- Up-to-date: /home/guo/ITL_sentry_auto_new/install/motion_model/share/ament_index/resource_index/packages/motion_model
[0.056s] -- Up-to-date: /home/guo/ITL_sentry_auto_new/install/motion_model/share/motion_model/cmake/motion_model_targetsExport.cmake
[0.056s] -- Up-to-date: /home/guo/ITL_sentry_auto_new/install/motion_model/share/motion_model/cmake/motion_model_targetsExport-noconfig.cmake
[0.056s] -- Up-to-date: /home/guo/ITL_sentry_auto_new/install/motion_model/share/motion_model/cmake/ament_cmake_export_targets-extras.cmake
[0.056s] -- Up-to-date: /home/guo/ITL_sentry_auto_new/install/motion_model/share/motion_model/cmake/ament_cmake_export_dependencies-extras.cmake
[0.057s] -- Up-to-date: /home/guo/ITL_sentry_auto_new/install/motion_model/share/motion_model/cmake/motion_modelConfig.cmake
[0.057s] -- Up-to-date: /home/guo/ITL_sentry_auto_new/install/motion_model/share/motion_model/cmake/motion_modelConfig-version.cmake
[0.058s] -- Up-to-date: /home/guo/ITL_sentry_auto_new/install/motion_model/share/motion_model/package.xml
[0.083s] Invoked command in '/home/guo/ITL_sentry_auto_new/build/motion_model' returned '0': AMENT_PREFIX_PATH=/home/guo/ITL_sentry_auto_new/install/filter_lib:/home/guo/ITL_sentry_auto_new/install/autoaim_msgs:${AMENT_PREFIX_PATH} CMAKE_PREFIX_PATH=/home/guo/ITL_sentry_auto_new/install/filter_lib:/home/guo/ITL_sentry_auto_new/install/autoaim_msgs:/opt/ros/rolling LD_LIBRARY_PATH=/home/guo/ITL_sentry_auto_new/install/filter_lib/lib:/home/guo/ITL_sentry_auto_new/install/autoaim_msgs/lib:/usr/lib/x86_64-linux-gnu:/opt/ros/rolling/opt/rviz_ogre_vendor/lib:/opt/ros/rolling/lib/x86_64-linux-gnu:/opt/ros/rolling/lib:/opt/MVS/lib/64:/opt/MVS/lib/32:/usr/local/TensorRT.10.7.0.23/lib:/usr/lib/x86_64-linux-gnu:/usr/local/cuda/lib64:/opt/MVS/lib/64:/opt/MVS/lib/32:/opt/MVS/lib/64:/opt/MVS/lib/32 PYTHONPATH=/home/guo/ITL_sentry_auto_new/install/autoaim_msgs/lib/python3.10/site-packages:${PYTHONPATH} /usr/local/bin/cmake --install /home/guo/ITL_sentry_auto_new/build/motion_model
