[0.013s] Invoking command in '/home/guo/ITL_sentry_auto_new/build/deveice': AMENT_PREFIX_PATH=/home/guo/ITL_sentry_auto_new/install/serial:/home/guo/ITL_sentry_auto_new/install/utils:/home/guo/ITL_sentry_auto_new/install/autoaim_msgs:${AMENT_PREFIX_PATH} CMAKE_PREFIX_PATH=/home/guo/ITL_sentry_auto_new/install/serial:/home/guo/ITL_sentry_auto_new/install/utils:/home/guo/ITL_sentry_auto_new/install/autoaim_msgs:/opt/ros/rolling LD_LIBRARY_PATH=/home/guo/ITL_sentry_auto_new/install/serial/lib:/home/guo/ITL_sentry_auto_new/install/utils/lib:/home/guo/ITL_sentry_auto_new/install/autoaim_msgs/lib:/usr/lib/x86_64-linux-gnu:/opt/ros/rolling/opt/rviz_ogre_vendor/lib:/opt/ros/rolling/lib/x86_64-linux-gnu:/opt/ros/rolling/lib:/opt/MVS/lib/64:/opt/MVS/lib/32:/usr/local/TensorRT.10.7.0.23/lib:/usr/lib/x86_64-linux-gnu:/usr/local/cuda/lib64:/opt/MVS/lib/64:/opt/MVS/lib/32:/opt/MVS/lib/64:/opt/MVS/lib/32 PYTHONPATH=/home/guo/ITL_sentry_auto_new/install/autoaim_msgs/lib/python3.10/site-packages:${PYTHONPATH} /usr/local/bin/cmake /home/guo/ITL_sentry_auto_new/src/io/deveice -DCMAKE_INSTALL_PREFIX=/home/guo/ITL_sentry_auto_new/install/deveice
[0.075s] -- The CXX compiler identification is GNU 11.4.0
[0.096s] -- Detecting CXX compiler ABI info
[0.202s] -- Detecting CXX compiler ABI info - done
[0.211s] -- Check for working CXX compiler: /usr/bin/c++ - skipped
[0.211s] -- Detecting CXX compile features
[0.212s] -- Detecting CXX compile features - done
[0.213s] -- Found ament_cmake: 2.3.2 (/opt/ros/rolling/share/ament_cmake/cmake)
[0.571s] -- Found Python3: /usr/bin/python3.10 (found version "3.10.12") found components: Interpreter 
[0.636s] -- Found rclcpp: 27.0.0 (/opt/ros/rolling/share/rclcpp/cmake)
[0.665s] -- Found rosidl_generator_c: 4.5.1 (/opt/ros/rolling/share/rosidl_generator_c/cmake)
[0.675s] -- Found rosidl_generator_cpp: 4.5.1 (/opt/ros/rolling/share/rosidl_generator_cpp/cmake)
[0.690s] -- Using all available rosidl_typesupport_c: rosidl_typesupport_fastrtps_c;rosidl_typesupport_introspection_c
[0.706s] -- Using all available rosidl_typesupport_cpp: rosidl_typesupport_fastrtps_cpp;rosidl_typesupport_introspection_cpp
[0.856s] -- Found rmw_implementation_cmake: 7.3.0 (/opt/ros/rolling/share/rmw_implementation_cmake/cmake)
[0.858s] -- Found rmw_fastrtps_cpp: 8.2.0 (/opt/ros/rolling/share/rmw_fastrtps_cpp/cmake)
[0.935s] -- Found OpenSSL: /usr/lib/x86_64-linux-gnu/libcrypto.so (found version "3.0.2")  
[0.961s] -- Found FastRTPS: /opt/ros/rolling/include  
[0.999s] -- Using RMW implementation 'rmw_fastrtps_cpp' as default
[1.169s] -- Found utils: 1.0.0 (/home/guo/ITL_sentry_auto_new/install/utils/share/utils/cmake)
[1.207s] -- Found serial: 0.1.0 (/home/guo/ITL_sentry_auto_new/install/serial/share/serial/cmake)
[1.215s] -- Found OpenCV: /usr (found version "4.5.4") 
[1.219s] -- Found PkgConfig: /usr/bin/pkg-config (found version "1.8.0") 
[1.220s] -- Checking for module 'libusb-1.0'
[1.233s] --   Found libusb-1.0, version 1.0.25
[1.260s] -- Checking for module 'libserial'
[1.271s] --   Found libserial, version 1.0.0
[1.362s] -- Configuring done (1.3s)
[1.392s] -- Generating done (0.0s)
[1.397s] -- Build files have been written to: /home/guo/ITL_sentry_auto_new/build/deveice
[1.404s] Invoked command in '/home/guo/ITL_sentry_auto_new/build/deveice' returned '0': AMENT_PREFIX_PATH=/home/guo/ITL_sentry_auto_new/install/serial:/home/guo/ITL_sentry_auto_new/install/utils:/home/guo/ITL_sentry_auto_new/install/autoaim_msgs:${AMENT_PREFIX_PATH} CMAKE_PREFIX_PATH=/home/guo/ITL_sentry_auto_new/install/serial:/home/guo/ITL_sentry_auto_new/install/utils:/home/guo/ITL_sentry_auto_new/install/autoaim_msgs:/opt/ros/rolling LD_LIBRARY_PATH=/home/guo/ITL_sentry_auto_new/install/serial/lib:/home/guo/ITL_sentry_auto_new/install/utils/lib:/home/guo/ITL_sentry_auto_new/install/autoaim_msgs/lib:/usr/lib/x86_64-linux-gnu:/opt/ros/rolling/opt/rviz_ogre_vendor/lib:/opt/ros/rolling/lib/x86_64-linux-gnu:/opt/ros/rolling/lib:/opt/MVS/lib/64:/opt/MVS/lib/32:/usr/local/TensorRT.10.7.0.23/lib:/usr/lib/x86_64-linux-gnu:/usr/local/cuda/lib64:/opt/MVS/lib/64:/opt/MVS/lib/32:/opt/MVS/lib/64:/opt/MVS/lib/32 PYTHONPATH=/home/guo/ITL_sentry_auto_new/install/autoaim_msgs/lib/python3.10/site-packages:${PYTHONPATH} /usr/local/bin/cmake /home/guo/ITL_sentry_auto_new/src/io/deveice -DCMAKE_INSTALL_PREFIX=/home/guo/ITL_sentry_auto_new/install/deveice
[1.405s] Invoking command in '/home/guo/ITL_sentry_auto_new/build/deveice': AMENT_PREFIX_PATH=/home/guo/ITL_sentry_auto_new/install/serial:/home/guo/ITL_sentry_auto_new/install/utils:/home/guo/ITL_sentry_auto_new/install/autoaim_msgs:${AMENT_PREFIX_PATH} CMAKE_PREFIX_PATH=/home/guo/ITL_sentry_auto_new/install/serial:/home/guo/ITL_sentry_auto_new/install/utils:/home/guo/ITL_sentry_auto_new/install/autoaim_msgs:/opt/ros/rolling LD_LIBRARY_PATH=/home/guo/ITL_sentry_auto_new/install/serial/lib:/home/guo/ITL_sentry_auto_new/install/utils/lib:/home/guo/ITL_sentry_auto_new/install/autoaim_msgs/lib:/usr/lib/x86_64-linux-gnu:/opt/ros/rolling/opt/rviz_ogre_vendor/lib:/opt/ros/rolling/lib/x86_64-linux-gnu:/opt/ros/rolling/lib:/opt/MVS/lib/64:/opt/MVS/lib/32:/usr/local/TensorRT.10.7.0.23/lib:/usr/lib/x86_64-linux-gnu:/usr/local/cuda/lib64:/opt/MVS/lib/64:/opt/MVS/lib/32:/opt/MVS/lib/64:/opt/MVS/lib/32 PYTHONPATH=/home/guo/ITL_sentry_auto_new/install/autoaim_msgs/lib/python3.10/site-packages:${PYTHONPATH} /usr/local/bin/cmake --build /home/guo/ITL_sentry_auto_new/build/deveice -- -j24 -l24
[1.423s] [ 20%] [32mBuilding CXX object CMakeFiles/deveice_camera.dir/camera/src/hikcamera.cpp.o[0m
[1.423s] [ 20%] [32mBuilding CXX object CMakeFiles/deveice_cboard.dir/cboard/src/cboard.cpp.o[0m
[1.424s] [ 30%] [32mBuilding CXX object CMakeFiles/deveice_gimbal.dir/gimbal/src/gimbal.cpp.o[0m
[1.424s] [ 40%] [32mBuilding CXX object CMakeFiles/deveice_imu.dir/imu/src/imu_driver.cpp.o[0m
[5.940s] [ 50%] [32m[1mLinking CXX static library libdeveice_gimbal.a[0m
[6.007s] [ 50%] Built target deveice_gimbal
[6.272s] [ 60%] [32m[1mLinking CXX static library libdeveice_cboard.a[0m
[6.334s] [ 70%] [32m[1mLinking CXX static library libdeveice_imu.a[0m
[6.343s] [ 70%] Built target deveice_cboard
[6.399s] [ 70%] Built target deveice_imu
[9.066s] [ 80%] [32m[1mLinking CXX static library libdeveice_camera.a[0m
[9.124s] [ 80%] Built target deveice_camera
[9.133s] [ 90%] [32mBuilding CXX object CMakeFiles/deveice.dir/deveice_force_link.cpp.o[0m
[9.148s] [100%] [32m[1mLinking CXX shared library libdeveice.so[0m
[9.849s] [100%] Built target deveice
[9.853s] Invoked command in '/home/guo/ITL_sentry_auto_new/build/deveice' returned '0': AMENT_PREFIX_PATH=/home/guo/ITL_sentry_auto_new/install/serial:/home/guo/ITL_sentry_auto_new/install/utils:/home/guo/ITL_sentry_auto_new/install/autoaim_msgs:${AMENT_PREFIX_PATH} CMAKE_PREFIX_PATH=/home/guo/ITL_sentry_auto_new/install/serial:/home/guo/ITL_sentry_auto_new/install/utils:/home/guo/ITL_sentry_auto_new/install/autoaim_msgs:/opt/ros/rolling LD_LIBRARY_PATH=/home/guo/ITL_sentry_auto_new/install/serial/lib:/home/guo/ITL_sentry_auto_new/install/utils/lib:/home/guo/ITL_sentry_auto_new/install/autoaim_msgs/lib:/usr/lib/x86_64-linux-gnu:/opt/ros/rolling/opt/rviz_ogre_vendor/lib:/opt/ros/rolling/lib/x86_64-linux-gnu:/opt/ros/rolling/lib:/opt/MVS/lib/64:/opt/MVS/lib/32:/usr/local/TensorRT.10.7.0.23/lib:/usr/lib/x86_64-linux-gnu:/usr/local/cuda/lib64:/opt/MVS/lib/64:/opt/MVS/lib/32:/opt/MVS/lib/64:/opt/MVS/lib/32 PYTHONPATH=/home/guo/ITL_sentry_auto_new/install/autoaim_msgs/lib/python3.10/site-packages:${PYTHONPATH} /usr/local/bin/cmake --build /home/guo/ITL_sentry_auto_new/build/deveice -- -j24 -l24
[9.854s] Invoking command in '/home/guo/ITL_sentry_auto_new/build/deveice': AMENT_PREFIX_PATH=/home/guo/ITL_sentry_auto_new/install/serial:/home/guo/ITL_sentry_auto_new/install/utils:/home/guo/ITL_sentry_auto_new/install/autoaim_msgs:${AMENT_PREFIX_PATH} CMAKE_PREFIX_PATH=/home/guo/ITL_sentry_auto_new/install/serial:/home/guo/ITL_sentry_auto_new/install/utils:/home/guo/ITL_sentry_auto_new/install/autoaim_msgs:/opt/ros/rolling LD_LIBRARY_PATH=/home/guo/ITL_sentry_auto_new/install/serial/lib:/home/guo/ITL_sentry_auto_new/install/utils/lib:/home/guo/ITL_sentry_auto_new/install/autoaim_msgs/lib:/usr/lib/x86_64-linux-gnu:/opt/ros/rolling/opt/rviz_ogre_vendor/lib:/opt/ros/rolling/lib/x86_64-linux-gnu:/opt/ros/rolling/lib:/opt/MVS/lib/64:/opt/MVS/lib/32:/usr/local/TensorRT.10.7.0.23/lib:/usr/lib/x86_64-linux-gnu:/usr/local/cuda/lib64:/opt/MVS/lib/64:/opt/MVS/lib/32:/opt/MVS/lib/64:/opt/MVS/lib/32 PYTHONPATH=/home/guo/ITL_sentry_auto_new/install/autoaim_msgs/lib/python3.10/site-packages:${PYTHONPATH} /usr/local/bin/cmake --install /home/guo/ITL_sentry_auto_new/build/deveice
[9.856s] -- Install configuration: ""
[9.856s] -- Installing: /home/guo/ITL_sentry_auto_new/install/deveice/lib/libdeveice.so
[9.859s] -- Set non-toolchain portion of runtime path of "/home/guo/ITL_sentry_auto_new/install/deveice/lib/libdeveice.so" to "/opt/MVS/lib/64"
[9.859s] -- Installing: /home/guo/ITL_sentry_auto_new/install/deveice/lib/libdeveice_camera.a
[9.862s] -- Installing: /home/guo/ITL_sentry_auto_new/install/deveice/lib/libdeveice_cboard.a
[9.866s] -- Installing: /home/guo/ITL_sentry_auto_new/install/deveice/lib/libdeveice_gimbal.a
[9.869s] -- Installing: /home/guo/ITL_sentry_auto_new/install/deveice/lib/libdeveice_imu.a
[9.872s] -- Installing: /home/guo/ITL_sentry_auto_new/install/deveice/include
[9.872s] -- Installing: /home/guo/ITL_sentry_auto_new/install/deveice/include/hikcamera.hpp
[9.872s] -- Up-to-date: /home/guo/ITL_sentry_auto_new/install/deveice/include
[9.872s] -- Installing: /home/guo/ITL_sentry_auto_new/install/deveice/include/command.hpp
[9.873s] -- Installing: /home/guo/ITL_sentry_auto_new/install/deveice/include/cboard.hpp
[9.873s] -- Installing: /home/guo/ITL_sentry_auto_new/install/deveice/include/socketcan.hpp
[9.873s] -- Up-to-date: /home/guo/ITL_sentry_auto_new/install/deveice/include
[9.873s] -- Installing: /home/guo/ITL_sentry_auto_new/install/deveice/include/gimbal.hpp
[9.873s] -- Up-to-date: /home/guo/ITL_sentry_auto_new/install/deveice/include
[9.873s] -- Installing: /home/guo/ITL_sentry_auto_new/install/deveice/include/imu_driver.h
[9.874s] -- Installing: /home/guo/ITL_sentry_auto_new/install/deveice/share/deveice/imu/config
[9.874s] -- Installing: /home/guo/ITL_sentry_auto_new/install/deveice/share/deveice/imu/config/imu_params.yaml
[9.874s] -- Installing: /home/guo/ITL_sentry_auto_new/install/deveice/share/deveice/cmake/deveiceTargets.cmake
[9.874s] -- Installing: /home/guo/ITL_sentry_auto_new/install/deveice/share/deveice/cmake/deveiceTargets-noconfig.cmake
[9.874s] -- Installing: /home/guo/ITL_sentry_auto_new/install/deveice/share/deveice/environment/library_path.sh
[9.874s] -- Installing: /home/guo/ITL_sentry_auto_new/install/deveice/share/deveice/environment/library_path.dsv
[9.874s] -- Installing: /home/guo/ITL_sentry_auto_new/install/deveice/share/deveice/package.xml
[9.874s] -- Installing: /home/guo/ITL_sentry_auto_new/install/deveice/share/ament_index/resource_index/package_run_dependencies/deveice
[9.874s] -- Installing: /home/guo/ITL_sentry_auto_new/install/deveice/share/ament_index/resource_index/parent_prefix_path/deveice
[9.875s] -- Installing: /home/guo/ITL_sentry_auto_new/install/deveice/share/deveice/environment/ament_prefix_path.sh
[9.876s] -- Installing: /home/guo/ITL_sentry_auto_new/install/deveice/share/deveice/environment/ament_prefix_path.dsv
[9.876s] -- Installing: /home/guo/ITL_sentry_auto_new/install/deveice/share/deveice/environment/path.sh
[9.876s] -- Installing: /home/guo/ITL_sentry_auto_new/install/deveice/share/deveice/environment/path.dsv
[9.877s] -- Installing: /home/guo/ITL_sentry_auto_new/install/deveice/share/deveice/local_setup.bash
[9.877s] -- Installing: /home/guo/ITL_sentry_auto_new/install/deveice/share/deveice/local_setup.sh
[9.877s] -- Installing: /home/guo/ITL_sentry_auto_new/install/deveice/share/deveice/local_setup.zsh
[9.877s] -- Installing: /home/guo/ITL_sentry_auto_new/install/deveice/share/deveice/local_setup.dsv
[9.878s] -- Installing: /home/guo/ITL_sentry_auto_new/install/deveice/share/deveice/package.dsv
[9.878s] -- Installing: /home/guo/ITL_sentry_auto_new/install/deveice/share/ament_index/resource_index/packages/deveice
[9.878s] -- Installing: /home/guo/ITL_sentry_auto_new/install/deveice/share/deveice/cmake/deveiceTargetsExport.cmake
[9.878s] -- Installing: /home/guo/ITL_sentry_auto_new/install/deveice/share/deveice/cmake/deveiceTargetsExport-noconfig.cmake
[9.878s] -- Installing: /home/guo/ITL_sentry_auto_new/install/deveice/share/deveice/cmake/ament_cmake_export_include_directories-extras.cmake
[9.878s] -- Installing: /home/guo/ITL_sentry_auto_new/install/deveice/share/deveice/cmake/ament_cmake_export_targets-extras.cmake
[9.878s] -- Installing: /home/guo/ITL_sentry_auto_new/install/deveice/share/deveice/cmake/ament_cmake_export_dependencies-extras.cmake
[9.878s] -- Installing: /home/guo/ITL_sentry_auto_new/install/deveice/share/deveice/cmake/deveiceConfig.cmake
[9.878s] -- Installing: /home/guo/ITL_sentry_auto_new/install/deveice/share/deveice/cmake/deveiceConfig-version.cmake
[9.878s] -- Up-to-date: /home/guo/ITL_sentry_auto_new/install/deveice/share/deveice/package.xml
[9.878s] Invoked command in '/home/guo/ITL_sentry_auto_new/build/deveice' returned '0': AMENT_PREFIX_PATH=/home/guo/ITL_sentry_auto_new/install/serial:/home/guo/ITL_sentry_auto_new/install/utils:/home/guo/ITL_sentry_auto_new/install/autoaim_msgs:${AMENT_PREFIX_PATH} CMAKE_PREFIX_PATH=/home/guo/ITL_sentry_auto_new/install/serial:/home/guo/ITL_sentry_auto_new/install/utils:/home/guo/ITL_sentry_auto_new/install/autoaim_msgs:/opt/ros/rolling LD_LIBRARY_PATH=/home/guo/ITL_sentry_auto_new/install/serial/lib:/home/guo/ITL_sentry_auto_new/install/utils/lib:/home/guo/ITL_sentry_auto_new/install/autoaim_msgs/lib:/usr/lib/x86_64-linux-gnu:/opt/ros/rolling/opt/rviz_ogre_vendor/lib:/opt/ros/rolling/lib/x86_64-linux-gnu:/opt/ros/rolling/lib:/opt/MVS/lib/64:/opt/MVS/lib/32:/usr/local/TensorRT.10.7.0.23/lib:/usr/lib/x86_64-linux-gnu:/usr/local/cuda/lib64:/opt/MVS/lib/64:/opt/MVS/lib/32:/opt/MVS/lib/64:/opt/MVS/lib/32 PYTHONPATH=/home/guo/ITL_sentry_auto_new/install/autoaim_msgs/lib/python3.10/site-packages:${PYTHONPATH} /usr/local/bin/cmake --install /home/guo/ITL_sentry_auto_new/build/deveice
