[0.025s] Invoking command in '/home/guo/ITL_Auto_aim/build/pipeline': AMENT_PREFIX_PATH=/home/guo/ITL_Auto_aim/install/auto_buff:/home/guo/ITL_Auto_aim/install/auto_aim:/home/guo/ITL_Auto_aim/install/deveice:/home/guo/ITL_Auto_aim/install/serial:/home/guo/ITL_Auto_aim/install/utils:/home/guo/ITL_Auto_aim/install/autoaim_msgs:${AMENT_PREFIX_PATH} CMAKE_PREFIX_PATH=/home/guo/ITL_Auto_aim/install/auto_buff:/home/guo/ITL_Auto_aim/install/auto_aim:/home/guo/ITL_Auto_aim/install/deveice:/home/guo/ITL_Auto_aim/install/serial:/home/guo/ITL_Auto_aim/install/utils:/home/guo/ITL_Auto_aim/install/autoaim_msgs:/opt/ros/rolling LD_LIBRARY_PATH=/home/guo/ITL_Auto_aim/install/auto_buff/lib:/home/guo/ITL_Auto_aim/install/auto_aim/lib:/home/guo/ITL_Auto_aim/install/deveice/lib:/home/guo/ITL_Auto_aim/install/serial/lib:/home/guo/ITL_Auto_aim/install/utils/lib:/home/guo/ITL_Auto_aim/install/autoaim_msgs/lib:/usr/lib/x86_64-linux-gnu:/opt/ros/rolling/opt/rviz_ogre_vendor/lib:/opt/ros/rolling/lib/x86_64-linux-gnu:/opt/ros/rolling/lib:/opt/MVS/lib/64:/opt/MVS/lib/32:/usr/local/TensorRT.10.7.0.23/lib:/usr/lib/x86_64-linux-gnu:/usr/local/cuda/lib64:/opt/MVS/lib/64:/opt/MVS/lib/32:/opt/MVS/lib/64:/opt/MVS/lib/32 PYTHONPATH=/home/guo/ITL_Auto_aim/install/autoaim_msgs/lib/python3.10/site-packages:${PYTHONPATH} /usr/local/bin/cmake --build /home/guo/ITL_Auto_aim/build/pipeline -- -j24 -l24
[0.076s] [ 50%] Built target video_node
[0.083s] [100%] Built target pipeline_node
[0.087s] Invoked command in '/home/guo/ITL_Auto_aim/build/pipeline' returned '0': AMENT_PREFIX_PATH=/home/guo/ITL_Auto_aim/install/auto_buff:/home/guo/ITL_Auto_aim/install/auto_aim:/home/guo/ITL_Auto_aim/install/deveice:/home/guo/ITL_Auto_aim/install/serial:/home/guo/ITL_Auto_aim/install/utils:/home/guo/ITL_Auto_aim/install/autoaim_msgs:${AMENT_PREFIX_PATH} CMAKE_PREFIX_PATH=/home/guo/ITL_Auto_aim/install/auto_buff:/home/guo/ITL_Auto_aim/install/auto_aim:/home/guo/ITL_Auto_aim/install/deveice:/home/guo/ITL_Auto_aim/install/serial:/home/guo/ITL_Auto_aim/install/utils:/home/guo/ITL_Auto_aim/install/autoaim_msgs:/opt/ros/rolling LD_LIBRARY_PATH=/home/guo/ITL_Auto_aim/install/auto_buff/lib:/home/guo/ITL_Auto_aim/install/auto_aim/lib:/home/guo/ITL_Auto_aim/install/deveice/lib:/home/guo/ITL_Auto_aim/install/serial/lib:/home/guo/ITL_Auto_aim/install/utils/lib:/home/guo/ITL_Auto_aim/install/autoaim_msgs/lib:/usr/lib/x86_64-linux-gnu:/opt/ros/rolling/opt/rviz_ogre_vendor/lib:/opt/ros/rolling/lib/x86_64-linux-gnu:/opt/ros/rolling/lib:/opt/MVS/lib/64:/opt/MVS/lib/32:/usr/local/TensorRT.10.7.0.23/lib:/usr/lib/x86_64-linux-gnu:/usr/local/cuda/lib64:/opt/MVS/lib/64:/opt/MVS/lib/32:/opt/MVS/lib/64:/opt/MVS/lib/32 PYTHONPATH=/home/guo/ITL_Auto_aim/install/autoaim_msgs/lib/python3.10/site-packages:${PYTHONPATH} /usr/local/bin/cmake --build /home/guo/ITL_Auto_aim/build/pipeline -- -j24 -l24
[0.088s] Invoking command in '/home/guo/ITL_Auto_aim/build/pipeline': AMENT_PREFIX_PATH=/home/guo/ITL_Auto_aim/install/auto_buff:/home/guo/ITL_Auto_aim/install/auto_aim:/home/guo/ITL_Auto_aim/install/deveice:/home/guo/ITL_Auto_aim/install/serial:/home/guo/ITL_Auto_aim/install/utils:/home/guo/ITL_Auto_aim/install/autoaim_msgs:${AMENT_PREFIX_PATH} CMAKE_PREFIX_PATH=/home/guo/ITL_Auto_aim/install/auto_buff:/home/guo/ITL_Auto_aim/install/auto_aim:/home/guo/ITL_Auto_aim/install/deveice:/home/guo/ITL_Auto_aim/install/serial:/home/guo/ITL_Auto_aim/install/utils:/home/guo/ITL_Auto_aim/install/autoaim_msgs:/opt/ros/rolling LD_LIBRARY_PATH=/home/guo/ITL_Auto_aim/install/auto_buff/lib:/home/guo/ITL_Auto_aim/install/auto_aim/lib:/home/guo/ITL_Auto_aim/install/deveice/lib:/home/guo/ITL_Auto_aim/install/serial/lib:/home/guo/ITL_Auto_aim/install/utils/lib:/home/guo/ITL_Auto_aim/install/autoaim_msgs/lib:/usr/lib/x86_64-linux-gnu:/opt/ros/rolling/opt/rviz_ogre_vendor/lib:/opt/ros/rolling/lib/x86_64-linux-gnu:/opt/ros/rolling/lib:/opt/MVS/lib/64:/opt/MVS/lib/32:/usr/local/TensorRT.10.7.0.23/lib:/usr/lib/x86_64-linux-gnu:/usr/local/cuda/lib64:/opt/MVS/lib/64:/opt/MVS/lib/32:/opt/MVS/lib/64:/opt/MVS/lib/32 PYTHONPATH=/home/guo/ITL_Auto_aim/install/autoaim_msgs/lib/python3.10/site-packages:${PYTHONPATH} /usr/local/bin/cmake --install /home/guo/ITL_Auto_aim/build/pipeline
[0.090s] -- Install configuration: ""
[0.090s] -- Up-to-date: /home/guo/ITL_Auto_aim/install/pipeline/lib/pipeline/pipeline_node
[0.090s] -- Up-to-date: /home/guo/ITL_Auto_aim/install/pipeline/lib/pipeline/video_node
[0.090s] -- Up-to-date: /home/guo/ITL_Auto_aim/install/pipeline/include
[0.090s] -- Up-to-date: /home/guo/ITL_Auto_aim/install/pipeline/include/video_node.hpp
[0.090s] -- Up-to-date: /home/guo/ITL_Auto_aim/install/pipeline/include/test_node.hpp
[0.090s] -- Up-to-date: /home/guo/ITL_Auto_aim/install/pipeline/share/ament_index/resource_index/package_run_dependencies/pipeline
[0.090s] -- Up-to-date: /home/guo/ITL_Auto_aim/install/pipeline/share/ament_index/resource_index/parent_prefix_path/pipeline
[0.090s] -- Up-to-date: /home/guo/ITL_Auto_aim/install/pipeline/share/pipeline/environment/ament_prefix_path.sh
[0.090s] -- Up-to-date: /home/guo/ITL_Auto_aim/install/pipeline/share/pipeline/environment/ament_prefix_path.dsv
[0.090s] -- Up-to-date: /home/guo/ITL_Auto_aim/install/pipeline/share/pipeline/environment/path.sh
[0.090s] -- Up-to-date: /home/guo/ITL_Auto_aim/install/pipeline/share/pipeline/environment/path.dsv
[0.090s] -- Up-to-date: /home/guo/ITL_Auto_aim/install/pipeline/share/pipeline/local_setup.bash
[0.090s] -- Up-to-date: /home/guo/ITL_Auto_aim/install/pipeline/share/pipeline/local_setup.sh
[0.090s] -- Up-to-date: /home/guo/ITL_Auto_aim/install/pipeline/share/pipeline/local_setup.zsh
[0.090s] -- Up-to-date: /home/guo/ITL_Auto_aim/install/pipeline/share/pipeline/local_setup.dsv
[0.090s] -- Installing: /home/guo/ITL_Auto_aim/install/pipeline/share/pipeline/package.dsv
[0.091s] -- Up-to-date: /home/guo/ITL_Auto_aim/install/pipeline/share/ament_index/resource_index/packages/pipeline
[0.091s] -- Up-to-date: /home/guo/ITL_Auto_aim/install/pipeline/share/pipeline/cmake/pipelineConfig.cmake
[0.091s] -- Up-to-date: /home/guo/ITL_Auto_aim/install/pipeline/share/pipeline/cmake/pipelineConfig-version.cmake
[0.091s] -- Up-to-date: /home/guo/ITL_Auto_aim/install/pipeline/share/pipeline/package.xml
[0.092s] Invoked command in '/home/guo/ITL_Auto_aim/build/pipeline' returned '0': AMENT_PREFIX_PATH=/home/guo/ITL_Auto_aim/install/auto_buff:/home/guo/ITL_Auto_aim/install/auto_aim:/home/guo/ITL_Auto_aim/install/deveice:/home/guo/ITL_Auto_aim/install/serial:/home/guo/ITL_Auto_aim/install/utils:/home/guo/ITL_Auto_aim/install/autoaim_msgs:${AMENT_PREFIX_PATH} CMAKE_PREFIX_PATH=/home/guo/ITL_Auto_aim/install/auto_buff:/home/guo/ITL_Auto_aim/install/auto_aim:/home/guo/ITL_Auto_aim/install/deveice:/home/guo/ITL_Auto_aim/install/serial:/home/guo/ITL_Auto_aim/install/utils:/home/guo/ITL_Auto_aim/install/autoaim_msgs:/opt/ros/rolling LD_LIBRARY_PATH=/home/guo/ITL_Auto_aim/install/auto_buff/lib:/home/guo/ITL_Auto_aim/install/auto_aim/lib:/home/guo/ITL_Auto_aim/install/deveice/lib:/home/guo/ITL_Auto_aim/install/serial/lib:/home/guo/ITL_Auto_aim/install/utils/lib:/home/guo/ITL_Auto_aim/install/autoaim_msgs/lib:/usr/lib/x86_64-linux-gnu:/opt/ros/rolling/opt/rviz_ogre_vendor/lib:/opt/ros/rolling/lib/x86_64-linux-gnu:/opt/ros/rolling/lib:/opt/MVS/lib/64:/opt/MVS/lib/32:/usr/local/TensorRT.10.7.0.23/lib:/usr/lib/x86_64-linux-gnu:/usr/local/cuda/lib64:/opt/MVS/lib/64:/opt/MVS/lib/32:/opt/MVS/lib/64:/opt/MVS/lib/32 PYTHONPATH=/home/guo/ITL_Auto_aim/install/autoaim_msgs/lib/python3.10/site-packages:${PYTHONPATH} /usr/local/bin/cmake --install /home/guo/ITL_Auto_aim/build/pipeline
