-- The C compiler identification is GNU 11.4.0
-- The CXX compiler identification is GNU 11.4.0
-- Detecting C compiler ABI info
-- Detecting C compiler ABI info - done
-- Check for working C compiler: /usr/bin/cc - skipped
-- Detecting C compile features
-- Detecting C compile features - done
-- Detecting CXX compiler ABI info
-- Detecting CXX compiler ABI info - done
-- Check for working CXX compiler: /usr/bin/c++ - skipped
-- Detecting CXX compile features
-- Detecting CXX compile features - done
-- Found ament_cmake: 2.3.2 (/opt/ros/rolling/share/ament_cmake/cmake)
-- Found Python3: /usr/bin/python3.10 (found version "3.10.12") found components: Interpreter 
-- Found rclcpp: 27.0.0 (/opt/ros/rolling/share/rclcpp/cmake)
-- Found rosidl_generator_c: 4.5.1 (/opt/ros/rolling/share/rosidl_generator_c/cmake)
-- Found rosidl_generator_cpp: 4.5.1 (/opt/ros/rolling/share/rosidl_generator_cpp/cmake)
-- Using all available rosidl_typesupport_c: rosidl_typesupport_fastrtps_c;rosidl_typesupport_introspection_c
-- Using all available rosidl_typesupport_cpp: rosidl_typesupport_fastrtps_cpp;rosidl_typesupport_introspection_cpp
-- Found rmw_implementation_cmake: 7.3.0 (/opt/ros/rolling/share/rmw_implementation_cmake/cmake)
-- Found rmw_fastrtps_cpp: 8.2.0 (/opt/ros/rolling/share/rmw_fastrtps_cpp/cmake)
-- Found OpenSSL: /usr/lib/x86_64-linux-gnu/libcrypto.so (found version "3.0.2")  
-- Found FastRTPS: /opt/ros/rolling/include  
-- Using RMW implementation 'rmw_fastrtps_cpp' as default
-- Found utils: 1.0.0 (/home/guo/ITL_sentry_auto_new/install/utils/share/utils/cmake)
-- Found serial: 0.1.0 (/home/guo/ITL_sentry_auto_new/install/serial/share/serial/cmake)
-- Found PkgConfig: /usr/bin/pkg-config (found version "1.8.0") 
-- Checking for module 'libserial'
--   Found libserial, version 1.0.0
-- Configuring done (2.4s)
-- Generating done (0.0s)
-- Build files have been written to: /home/guo/ITL_sentry_auto_new/build/gimbal
[ 50%] [32mBuilding CXX object CMakeFiles/gimbal.dir/src/gimbal.cpp.o[0m
[100%] [32m[1mLinking CXX shared library libgimbal.so[0m
[100%] Built target gimbal
-- Install configuration: ""
-- Installing: /home/guo/ITL_sentry_auto_new/install/gimbal/share/gimbal/environment/library_path.sh
-- Installing: /home/guo/ITL_sentry_auto_new/install/gimbal/share/gimbal/environment/library_path.dsv
-- Installing: /home/guo/ITL_sentry_auto_new/install/gimbal/include
-- Installing: /home/guo/ITL_sentry_auto_new/install/gimbal/include/gimbal.hpp
-- Installing: /home/guo/ITL_sentry_auto_new/install/gimbal/lib/libgimbal.so
-- Set non-toolchain portion of runtime path of "/home/guo/ITL_sentry_auto_new/install/gimbal/lib/libgimbal.so" to ""
-- Installing: /home/guo/ITL_sentry_auto_new/install/gimbal/share/gimbal/cmake/gimbalTargets.cmake
-- Installing: /home/guo/ITL_sentry_auto_new/install/gimbal/share/gimbal/cmake/gimbalTargets-noconfig.cmake
-- Installing: /home/guo/ITL_sentry_auto_new/install/gimbal/share/ament_index/resource_index/package_run_dependencies/gimbal
-- Installing: /home/guo/ITL_sentry_auto_new/install/gimbal/share/ament_index/resource_index/parent_prefix_path/gimbal
-- Installing: /home/guo/ITL_sentry_auto_new/install/gimbal/share/gimbal/environment/ament_prefix_path.sh
-- Installing: /home/guo/ITL_sentry_auto_new/install/gimbal/share/gimbal/environment/ament_prefix_path.dsv
-- Installing: /home/guo/ITL_sentry_auto_new/install/gimbal/share/gimbal/environment/path.sh
-- Installing: /home/guo/ITL_sentry_auto_new/install/gimbal/share/gimbal/environment/path.dsv
-- Installing: /home/guo/ITL_sentry_auto_new/install/gimbal/share/gimbal/local_setup.bash
-- Installing: /home/guo/ITL_sentry_auto_new/install/gimbal/share/gimbal/local_setup.sh
-- Installing: /home/guo/ITL_sentry_auto_new/install/gimbal/share/gimbal/local_setup.zsh
-- Installing: /home/guo/ITL_sentry_auto_new/install/gimbal/share/gimbal/local_setup.dsv
-- Installing: /home/guo/ITL_sentry_auto_new/install/gimbal/share/gimbal/package.dsv
-- Installing: /home/guo/ITL_sentry_auto_new/install/gimbal/share/ament_index/resource_index/packages/gimbal
-- Installing: /home/guo/ITL_sentry_auto_new/install/gimbal/share/gimbal/cmake/gimbalTargetsExport.cmake
-- Installing: /home/guo/ITL_sentry_auto_new/install/gimbal/share/gimbal/cmake/gimbalTargetsExport-noconfig.cmake
-- Installing: /home/guo/ITL_sentry_auto_new/install/gimbal/share/gimbal/cmake/ament_cmake_export_include_directories-extras.cmake
-- Installing: /home/guo/ITL_sentry_auto_new/install/gimbal/share/gimbal/cmake/ament_cmake_export_libraries-extras.cmake
-- Installing: /home/guo/ITL_sentry_auto_new/install/gimbal/share/gimbal/cmake/ament_cmake_export_dependencies-extras.cmake
-- Installing: /home/guo/ITL_sentry_auto_new/install/gimbal/share/gimbal/cmake/ament_cmake_export_targets-extras.cmake
-- Installing: /home/guo/ITL_sentry_auto_new/install/gimbal/share/gimbal/cmake/gimbalConfig.cmake
-- Installing: /home/guo/ITL_sentry_auto_new/install/gimbal/share/gimbal/cmake/gimbalConfig-version.cmake
-- Installing: /home/guo/ITL_sentry_auto_new/install/gimbal/share/gimbal/package.xml
