[ 25%] [32mBuilding CXX object CMakeFiles/video_node.dir/src/video_node.cpp.o[0m
[ 50%] [32m[1mLinking CXX executable pipeline_node[0m
[01m[K/home/guo/ITL_sentry_auto_new/src/node/src/video_node.cpp:[m[K In member function ‘[01m[Kvoid Application::VideoApp::visualize(const Application::VideoDebugPacket&)[m[K’:
[01m[K/home/guo/ITL_sentry_auto_new/src/node/src/video_node.cpp:152:15:[m[K [01;35m[Kwarning: [m[Kunused variable ‘[01m[Kframe_index[m[K’ [[01;35m[K]8;;https://gcc.gnu.org/onlinedocs/gcc/Warning-Options.html#index-Wunused-variable-Wunused-variable]8;;[m[K]
  152 |     const int [01;35m[Kframe_index[m[K = visualization_frame_counter_.fetch_add(1) + 1;
      |               [01;35m[K^~~~~~~~~~~[m[K
[ 75%] Built target pipeline_node
[100%] [32m[1mLinking CXX executable video_node[0m
[100%] Built target video_node
-- Install configuration: ""
-- Installing: /home/guo/ITL_sentry_auto_new/install/pipeline/lib/pipeline/pipeline_node
-- Set non-toolchain portion of runtime path of "/home/guo/ITL_sentry_auto_new/install/pipeline/lib/pipeline/pipeline_node" to ""
-- Installing: /home/guo/ITL_sentry_auto_new/install/pipeline/lib/pipeline/video_node
-- Set non-toolchain portion of runtime path of "/home/guo/ITL_sentry_auto_new/install/pipeline/lib/pipeline/video_node" to ""
-- Up-to-date: /home/guo/ITL_sentry_auto_new/install/pipeline/include
-- Up-to-date: /home/guo/ITL_sentry_auto_new/install/pipeline/include/video_node.hpp
-- Up-to-date: /home/guo/ITL_sentry_auto_new/install/pipeline/include/test_node.hpp
-- Up-to-date: /home/guo/ITL_sentry_auto_new/install/pipeline/share/ament_index/resource_index/package_run_dependencies/pipeline
-- Up-to-date: /home/guo/ITL_sentry_auto_new/install/pipeline/share/ament_index/resource_index/parent_prefix_path/pipeline
-- Up-to-date: /home/guo/ITL_sentry_auto_new/install/pipeline/share/pipeline/environment/ament_prefix_path.sh
-- Up-to-date: /home/guo/ITL_sentry_auto_new/install/pipeline/share/pipeline/environment/ament_prefix_path.dsv
-- Up-to-date: /home/guo/ITL_sentry_auto_new/install/pipeline/share/pipeline/environment/path.sh
-- Up-to-date: /home/guo/ITL_sentry_auto_new/install/pipeline/share/pipeline/environment/path.dsv
-- Up-to-date: /home/guo/ITL_sentry_auto_new/install/pipeline/share/pipeline/local_setup.bash
-- Up-to-date: /home/guo/ITL_sentry_auto_new/install/pipeline/share/pipeline/local_setup.sh
-- Up-to-date: /home/guo/ITL_sentry_auto_new/install/pipeline/share/pipeline/local_setup.zsh
-- Up-to-date: /home/guo/ITL_sentry_auto_new/install/pipeline/share/pipeline/local_setup.dsv
-- Installing: /home/guo/ITL_sentry_auto_new/install/pipeline/share/pipeline/package.dsv
-- Up-to-date: /home/guo/ITL_sentry_auto_new/install/pipeline/share/ament_index/resource_index/packages/pipeline
-- Up-to-date: /home/guo/ITL_sentry_auto_new/install/pipeline/share/pipeline/cmake/pipelineConfig.cmake
-- Up-to-date: /home/guo/ITL_sentry_auto_new/install/pipeline/share/pipeline/cmake/pipelineConfig-version.cmake
-- Up-to-date: /home/guo/ITL_sentry_auto_new/install/pipeline/share/pipeline/package.xml
