[0.014s] Invoking command in '/home/guo/ITL_sentry_auto_new/build/deveice': CMAKE_PREFIX_PATH=/home/guo/ITL_sentry_auto_new/install/serial:/home/guo/ITL_sentry_auto_new/install/utils:/home/guo/ITL_sentry_auto_new/install/autoaim_msgs:/home/guo/ITL_sentry_auto_new/install/pipeline:/home/guo/ITL_sentry_auto_new/install/auto_aim:/home/guo/ITL_sentry_auto_new/install/deveice:/home/guo/ITL_sentry_auto_new/install/auto_buff:/home/guo/ITL_sentry_auto_new/install/launch_node:/opt/ros/rolling LD_LIBRARY_PATH=/home/guo/ITL_sentry_auto_new/install/serial/lib:/home/guo/ITL_sentry_auto_new/install/autoaim_msgs/lib:/home/guo/ITL_sentry_auto_new/install/auto_aim/lib:/home/guo/ITL_sentry_auto_new/install/deveice/lib:/home/guo/ITL_sentry_auto_new/install/auto_buff/lib:/home/guo/ITL_sentry_auto_new/install/utils/lib:/usr/lib/x86_64-linux-gnu:/opt/ros/rolling/opt/rviz_ogre_vendor/lib:/opt/ros/rolling/lib/x86_64-linux-gnu:/opt/ros/rolling/lib:/opt/MVS/lib/64:/opt/MVS/lib/32:/usr/local/TensorRT.10.7.0.23/lib:/usr/lib/x86_64-linux-gnu:/usr/local/cuda/lib64:/opt/MVS/lib/64:/opt/MVS/lib/32:/opt/MVS/lib/64:/opt/MVS/lib/32 /usr/local/bin/cmake --build /home/guo/ITL_sentry_auto_new/build/deveice -- -j24 -l24
[0.036s] [ 10%] [32mBuilding CXX object CMakeFiles/deveice_imu.dir/imu/src/imu_driver.cpp.o[0m
[0.038s] [ 20%] [32mBuilding CXX object CMakeFiles/deveice_cboard.dir/cboard/src/cboard.cpp.o[0m
[0.041s] [ 30%] [32mBuilding CXX object CMakeFiles/deveice_gimbal.dir/gimbal/src/gimbal.cpp.o[0m
[0.043s] [ 40%] [32mBuilding CXX object CMakeFiles/deveice_camera.dir/camera/src/hikcamera.cpp.o[0m
[4.202s] [ 50%] [32m[1mLinking CXX static library libdeveice_gimbal.a[0m
[4.263s] [ 50%] Built target deveice_gimbal
[4.503s] [ 60%] [32m[1mLinking CXX static library libdeveice_cboard.a[0m
[4.562s] [ 60%] Built target deveice_cboard
[4.627s] [ 70%] [32m[1mLinking CXX static library libdeveice_imu.a[0m
[4.684s] [ 70%] Built target deveice_imu
[6.982s] [ 80%] [32m[1mLinking CXX static library libdeveice_camera.a[0m
[7.044s] [ 80%] Built target deveice_camera
[7.054s] [ 90%] [32m[1mLinking CXX shared library libdeveice.so[0m
[7.659s] [100%] Built target deveice
[7.663s] Invoked command in '/home/guo/ITL_sentry_auto_new/build/deveice' returned '0': CMAKE_PREFIX_PATH=/home/guo/ITL_sentry_auto_new/install/serial:/home/guo/ITL_sentry_auto_new/install/utils:/home/guo/ITL_sentry_auto_new/install/autoaim_msgs:/home/guo/ITL_sentry_auto_new/install/pipeline:/home/guo/ITL_sentry_auto_new/install/auto_aim:/home/guo/ITL_sentry_auto_new/install/deveice:/home/guo/ITL_sentry_auto_new/install/auto_buff:/home/guo/ITL_sentry_auto_new/install/launch_node:/opt/ros/rolling LD_LIBRARY_PATH=/home/guo/ITL_sentry_auto_new/install/serial/lib:/home/guo/ITL_sentry_auto_new/install/autoaim_msgs/lib:/home/guo/ITL_sentry_auto_new/install/auto_aim/lib:/home/guo/ITL_sentry_auto_new/install/deveice/lib:/home/guo/ITL_sentry_auto_new/install/auto_buff/lib:/home/guo/ITL_sentry_auto_new/install/utils/lib:/usr/lib/x86_64-linux-gnu:/opt/ros/rolling/opt/rviz_ogre_vendor/lib:/opt/ros/rolling/lib/x86_64-linux-gnu:/opt/ros/rolling/lib:/opt/MVS/lib/64:/opt/MVS/lib/32:/usr/local/TensorRT.10.7.0.23/lib:/usr/lib/x86_64-linux-gnu:/usr/local/cuda/lib64:/opt/MVS/lib/64:/opt/MVS/lib/32:/opt/MVS/lib/64:/opt/MVS/lib/32 /usr/local/bin/cmake --build /home/guo/ITL_sentry_auto_new/build/deveice -- -j24 -l24
[7.664s] Invoking command in '/home/guo/ITL_sentry_auto_new/build/deveice': CMAKE_PREFIX_PATH=/home/guo/ITL_sentry_auto_new/install/serial:/home/guo/ITL_sentry_auto_new/install/utils:/home/guo/ITL_sentry_auto_new/install/autoaim_msgs:/home/guo/ITL_sentry_auto_new/install/pipeline:/home/guo/ITL_sentry_auto_new/install/auto_aim:/home/guo/ITL_sentry_auto_new/install/deveice:/home/guo/ITL_sentry_auto_new/install/auto_buff:/home/guo/ITL_sentry_auto_new/install/launch_node:/opt/ros/rolling LD_LIBRARY_PATH=/home/guo/ITL_sentry_auto_new/install/serial/lib:/home/guo/ITL_sentry_auto_new/install/autoaim_msgs/lib:/home/guo/ITL_sentry_auto_new/install/auto_aim/lib:/home/guo/ITL_sentry_auto_new/install/deveice/lib:/home/guo/ITL_sentry_auto_new/install/auto_buff/lib:/home/guo/ITL_sentry_auto_new/install/utils/lib:/usr/lib/x86_64-linux-gnu:/opt/ros/rolling/opt/rviz_ogre_vendor/lib:/opt/ros/rolling/lib/x86_64-linux-gnu:/opt/ros/rolling/lib:/opt/MVS/lib/64:/opt/MVS/lib/32:/usr/local/TensorRT.10.7.0.23/lib:/usr/lib/x86_64-linux-gnu:/usr/local/cuda/lib64:/opt/MVS/lib/64:/opt/MVS/lib/32:/opt/MVS/lib/64:/opt/MVS/lib/32 /usr/local/bin/cmake --install /home/guo/ITL_sentry_auto_new/build/deveice
[7.666s] -- Install configuration: ""
[7.666s] -- Installing: /home/guo/ITL_sentry_auto_new/install/deveice/lib/libdeveice.so
[7.671s] -- Set non-toolchain portion of runtime path of "/home/guo/ITL_sentry_auto_new/install/deveice/lib/libdeveice.so" to "/opt/MVS/lib/64"
[7.671s] -- Installing: /home/guo/ITL_sentry_auto_new/install/deveice/lib/libdeveice_camera.a
[7.675s] -- Installing: /home/guo/ITL_sentry_auto_new/install/deveice/lib/libdeveice_cboard.a
[7.679s] -- Installing: /home/guo/ITL_sentry_auto_new/install/deveice/lib/libdeveice_gimbal.a
[7.683s] -- Installing: /home/guo/ITL_sentry_auto_new/install/deveice/lib/libdeveice_imu.a
[7.688s] -- Up-to-date: /home/guo/ITL_sentry_auto_new/install/deveice/include
[7.688s] -- Up-to-date: /home/guo/ITL_sentry_auto_new/install/deveice/include/hikcamera.hpp
[7.688s] -- Up-to-date: /home/guo/ITL_sentry_auto_new/install/deveice/include
[7.688s] -- Up-to-date: /home/guo/ITL_sentry_auto_new/install/deveice/include/command.hpp
[7.688s] -- Up-to-date: /home/guo/ITL_sentry_auto_new/install/deveice/include/cboard.hpp
[7.688s] -- Up-to-date: /home/guo/ITL_sentry_auto_new/install/deveice/include/socketcan.hpp
[7.688s] -- Up-to-date: /home/guo/ITL_sentry_auto_new/install/deveice/include
[7.688s] -- Up-to-date: /home/guo/ITL_sentry_auto_new/install/deveice/include/gimbal.hpp
[7.688s] -- Up-to-date: /home/guo/ITL_sentry_auto_new/install/deveice/include
[7.689s] -- Up-to-date: /home/guo/ITL_sentry_auto_new/install/deveice/include/imu_driver.h
[7.689s] -- Up-to-date: /home/guo/ITL_sentry_auto_new/install/deveice/share/deveice/imu/config
[7.689s] -- Up-to-date: /home/guo/ITL_sentry_auto_new/install/deveice/share/deveice/imu/config/imu_params.yaml
[7.689s] -- Up-to-date: /home/guo/ITL_sentry_auto_new/install/deveice/share/deveice/cmake/deveiceTargets.cmake
[7.689s] -- Up-to-date: /home/guo/ITL_sentry_auto_new/install/deveice/share/deveice/cmake/deveiceTargets-noconfig.cmake
[7.689s] -- Up-to-date: /home/guo/ITL_sentry_auto_new/install/deveice/share/deveice/environment/library_path.sh
[7.689s] -- Up-to-date: /home/guo/ITL_sentry_auto_new/install/deveice/share/deveice/environment/library_path.dsv
[7.689s] -- Up-to-date: /home/guo/ITL_sentry_auto_new/install/deveice/share/deveice/package.xml
[7.689s] -- Up-to-date: /home/guo/ITL_sentry_auto_new/install/deveice/share/ament_index/resource_index/package_run_dependencies/deveice
[7.689s] -- Up-to-date: /home/guo/ITL_sentry_auto_new/install/deveice/share/ament_index/resource_index/parent_prefix_path/deveice
[7.689s] -- Up-to-date: /home/guo/ITL_sentry_auto_new/install/deveice/share/deveice/environment/ament_prefix_path.sh
[7.689s] -- Up-to-date: /home/guo/ITL_sentry_auto_new/install/deveice/share/deveice/environment/ament_prefix_path.dsv
[7.689s] -- Up-to-date: /home/guo/ITL_sentry_auto_new/install/deveice/share/deveice/environment/path.sh
[7.689s] -- Up-to-date: /home/guo/ITL_sentry_auto_new/install/deveice/share/deveice/environment/path.dsv
[7.689s] -- Up-to-date: /home/guo/ITL_sentry_auto_new/install/deveice/share/deveice/local_setup.bash
[7.690s] -- Up-to-date: /home/guo/ITL_sentry_auto_new/install/deveice/share/deveice/local_setup.sh
[7.690s] -- Up-to-date: /home/guo/ITL_sentry_auto_new/install/deveice/share/deveice/local_setup.zsh
[7.690s] -- Up-to-date: /home/guo/ITL_sentry_auto_new/install/deveice/share/deveice/local_setup.dsv
[7.690s] -- Installing: /home/guo/ITL_sentry_auto_new/install/deveice/share/deveice/package.dsv
[7.690s] -- Up-to-date: /home/guo/ITL_sentry_auto_new/install/deveice/share/ament_index/resource_index/packages/deveice
[7.690s] -- Up-to-date: /home/guo/ITL_sentry_auto_new/install/deveice/share/deveice/cmake/deveiceTargetsExport.cmake
[7.690s] -- Up-to-date: /home/guo/ITL_sentry_auto_new/install/deveice/share/deveice/cmake/deveiceTargetsExport-noconfig.cmake
[7.690s] -- Up-to-date: /home/guo/ITL_sentry_auto_new/install/deveice/share/deveice/cmake/ament_cmake_export_include_directories-extras.cmake
[7.690s] -- Up-to-date: /home/guo/ITL_sentry_auto_new/install/deveice/share/deveice/cmake/ament_cmake_export_targets-extras.cmake
[7.690s] -- Up-to-date: /home/guo/ITL_sentry_auto_new/install/deveice/share/deveice/cmake/ament_cmake_export_dependencies-extras.cmake
[7.690s] -- Up-to-date: /home/guo/ITL_sentry_auto_new/install/deveice/share/deveice/cmake/deveiceConfig.cmake
[7.690s] -- Up-to-date: /home/guo/ITL_sentry_auto_new/install/deveice/share/deveice/cmake/deveiceConfig-version.cmake
[7.691s] -- Up-to-date: /home/guo/ITL_sentry_auto_new/install/deveice/share/deveice/package.xml
[7.691s] Invoked command in '/home/guo/ITL_sentry_auto_new/build/deveice' returned '0': CMAKE_PREFIX_PATH=/home/guo/ITL_sentry_auto_new/install/serial:/home/guo/ITL_sentry_auto_new/install/utils:/home/guo/ITL_sentry_auto_new/install/autoaim_msgs:/home/guo/ITL_sentry_auto_new/install/pipeline:/home/guo/ITL_sentry_auto_new/install/auto_aim:/home/guo/ITL_sentry_auto_new/install/deveice:/home/guo/ITL_sentry_auto_new/install/auto_buff:/home/guo/ITL_sentry_auto_new/install/launch_node:/opt/ros/rolling LD_LIBRARY_PATH=/home/guo/ITL_sentry_auto_new/install/serial/lib:/home/guo/ITL_sentry_auto_new/install/autoaim_msgs/lib:/home/guo/ITL_sentry_auto_new/install/auto_aim/lib:/home/guo/ITL_sentry_auto_new/install/deveice/lib:/home/guo/ITL_sentry_auto_new/install/auto_buff/lib:/home/guo/ITL_sentry_auto_new/install/utils/lib:/usr/lib/x86_64-linux-gnu:/opt/ros/rolling/opt/rviz_ogre_vendor/lib:/opt/ros/rolling/lib/x86_64-linux-gnu:/opt/ros/rolling/lib:/opt/MVS/lib/64:/opt/MVS/lib/32:/usr/local/TensorRT.10.7.0.23/lib:/usr/lib/x86_64-linux-gnu:/usr/local/cuda/lib64:/opt/MVS/lib/64:/opt/MVS/lib/32:/opt/MVS/lib/64:/opt/MVS/lib/32 /usr/local/bin/cmake --install /home/guo/ITL_sentry_auto_new/build/deveice
