[0.438s] Invoking command in '/home/shaobing/rm_ws/src/pkg02_helloworld_py': PYTHONPATH=/home/shaobing/rm_ws/build/pkg02_helloworld_py/prefix_override:/usr/lib/python3/dist-packages/colcon_core/task/python/colcon_distutils_commands:/home/shaobing/rm_ws/install/pkg02_helloworld_py/lib/python3.10/site-packages:${PYTHONPATH} /usr/bin/python3 -W ignore:setup.py install is deprecated -W ignore:easy_install command is deprecated setup.py egg_info --egg-base ../../build/pkg02_helloworld_py build --build-base /home/shaobing/rm_ws/build/pkg02_helloworld_py/build install --record /home/shaobing/rm_ws/build/pkg02_helloworld_py/install.log --single-version-externally-managed install_data
[0.584s] running egg_info
[0.585s] writing ../../build/pkg02_helloworld_py/pkg02_helloworld_py.egg-info/PKG-INFO
[0.585s] writing dependency_links to ../../build/pkg02_helloworld_py/pkg02_helloworld_py.egg-info/dependency_links.txt
[0.585s] writing entry points to ../../build/pkg02_helloworld_py/pkg02_helloworld_py.egg-info/entry_points.txt
[0.585s] writing requirements to ../../build/pkg02_helloworld_py/pkg02_helloworld_py.egg-info/requires.txt
[0.585s] writing top-level names to ../../build/pkg02_helloworld_py/pkg02_helloworld_py.egg-info/top_level.txt
[0.586s] reading manifest file '../../build/pkg02_helloworld_py/pkg02_helloworld_py.egg-info/SOURCES.txt'
[0.587s] writing manifest file '../../build/pkg02_helloworld_py/pkg02_helloworld_py.egg-info/SOURCES.txt'
[0.587s] running build
[0.587s] running build_py
[0.587s] running install
[0.587s] running install_lib
[0.588s] running install_data
[0.588s] running install_egg_info
[0.591s] removing '/home/shaobing/rm_ws/install/pkg02_helloworld_py/lib/python3.10/site-packages/pkg02_helloworld_py-0.0.0-py3.10.egg-info' (and everything under it)
[0.591s] Copying ../../build/pkg02_helloworld_py/pkg02_helloworld_py.egg-info to /home/shaobing/rm_ws/install/pkg02_helloworld_py/lib/python3.10/site-packages/pkg02_helloworld_py-0.0.0-py3.10.egg-info
[0.592s] running install_scripts
[0.606s] Installing Grabimage script to /home/shaobing/rm_ws/install/pkg02_helloworld_py/lib/pkg02_helloworld_py
[0.606s] Installing camera script to /home/shaobing/rm_ws/install/pkg02_helloworld_py/lib/pkg02_helloworld_py
[0.606s] Installing camera_node script to /home/shaobing/rm_ws/install/pkg02_helloworld_py/lib/pkg02_helloworld_py
[0.606s] Installing serial_send script to /home/shaobing/rm_ws/install/pkg02_helloworld_py/lib/pkg02_helloworld_py
[0.606s] Installing sub script to /home/shaobing/rm_ws/install/pkg02_helloworld_py/lib/pkg02_helloworld_py
[0.607s] Installing sub_openvino_UKF script to /home/shaobing/rm_ws/install/pkg02_helloworld_py/lib/pkg02_helloworld_py
[0.607s] Installing sub_openvino_blue script to /home/shaobing/rm_ws/install/pkg02_helloworld_py/lib/pkg02_helloworld_py
[0.607s] Installing sub_openvino_red script to /home/shaobing/rm_ws/install/pkg02_helloworld_py/lib/pkg02_helloworld_py
[0.607s] writing list of installed files to '/home/shaobing/rm_ws/build/pkg02_helloworld_py/install.log'
[0.624s] Invoked command in '/home/shaobing/rm_ws/src/pkg02_helloworld_py' returned '0': PYTHONPATH=/home/shaobing/rm_ws/build/pkg02_helloworld_py/prefix_override:/usr/lib/python3/dist-packages/colcon_core/task/python/colcon_distutils_commands:/home/shaobing/rm_ws/install/pkg02_helloworld_py/lib/python3.10/site-packages:${PYTHONPATH} /usr/bin/python3 -W ignore:setup.py install is deprecated -W ignore:easy_install command is deprecated setup.py egg_info --egg-base ../../build/pkg02_helloworld_py build --build-base /home/shaobing/rm_ws/build/pkg02_helloworld_py/build install --record /home/shaobing/rm_ws/build/pkg02_helloworld_py/install.log --single-version-externally-managed install_data
