In file included from [01m[K/home/guo/ITL_sentry_auto_new/src/core/auto_buff/buff_aimer/include/buff_aimer.hpp:12[m[K,
                 from [01m[K/home/guo/ITL_sentry_auto_new/src/core/auto_buff/buff_aimer/src/buff_aimer.cpp:1[m[K:
[01m[K/home/guo/ITL_sentry_auto_new/src/core/auto_buff/buff_tagret/include/buff_target.hpp:62:10:[m[K [01;31m[Kerror: [m[K‘[01m[KExtendedKalmanFilter[m[K’ in namespace ‘[01m[Kutils[m[K’ does not name a type
   62 |   utils::[01;31m[KExtendedKalmanFilter[m[K ekf_;
      |          [01;31m[K^~~~~~~~~~~~~~~~~~~~[m[K
[01m[K/home/guo/ITL_sentry_auto_new/src/core/auto_buff/buff_aimer/src/buff_aimer.cpp:[m[K In member function ‘[01m[Kio::Command auto_buff::Aimer::aim(auto_buff::Target&, std::chrono::_V2::steady_clock::time_point&, double, bool)[m[K’:
[01m[K/home/guo/ITL_sentry_auto_new/src/core/auto_buff/buff_aimer/src/buff_aimer.cpp:36:8:[m[K [01;35m[Kwarning: [m[Kunused variable ‘[01m[Kangle_changed[m[K’ [[01;35m[K]8;;https://gcc.gnu.org/onlinedocs/gcc/Warning-Options.html#index-Wunused-variable-Wunused-variable]8;;[m[K]
   36 |   bool [01;35m[Kangle_changed[m[K =
      |        [01;35m[K^~~~~~~~~~~~~[m[K
[01m[K/home/guo/ITL_sentry_auto_new/src/core/auto_buff/buff_aimer/src/buff_aimer.cpp:[m[K At global scope:
[01m[K/home/guo/ITL_sentry_auto_new/src/core/auto_buff/buff_aimer/src/buff_aimer.cpp:69:1:[m[K [01;31m[Kerror: [m[K‘[01m[Kauto_aim[m[K’ does not name a type
   69 | [01;31m[Kauto_aim[m[K::Plan Aimer::mpc_aim(
      | [01;31m[K^~~~~~~~[m[K
[01m[K/home/guo/ITL_sentry_auto_new/src/core/auto_buff/buff_aimer/src/buff_aimer.cpp:[m[K In member function ‘[01m[Kbool auto_buff::Aimer::get_send_angle(auto_buff::Target&, double, double, bool, double&, double&)[m[K’:
[01m[K/home/guo/ITL_sentry_auto_new/src/core/auto_buff/buff_aimer/src/buff_aimer.cpp:152:14:[m[K [01;35m[Kwarning: [m[Kunused parameter ‘[01m[Kto_now[m[K’ [[01;35m[K]8;;https://gcc.gnu.org/onlinedocs/gcc/Warning-Options.html#index-Wunused-parameter-Wunused-parameter]8;;[m[K]
  152 |   [01;35m[Kconst bool to_now[m[K, double & yaw, double & pitch)
      |   [01;35m[K~~~~~~~~~~~^~~~~~[m[K
gmake[2]: *** [CMakeFiles/auto_buff_aimer.dir/build.make:76：CMakeFiles/auto_buff_aimer.dir/buff_aimer/src/buff_aimer.cpp.o] 错误 1
gmake[1]: *** [CMakeFiles/Makefile2:254：CMakeFiles/auto_buff_aimer.dir/all] 错误 2
gmake: *** [Makefile:146：all] 错误 2
