[0.012s] Invoking command in '/home/guo/ITL_sentry_auto/build/launch_node': CMAKE_PREFIX_PATH=${CMAKE_PREFIX_PATH}:/home/guo/ITL_sentry_auto/install/pkg02_helloworld_py:/opt/ros/rolling /usr/local/bin/cmake /home/guo/ITL_sentry_auto/src/launch -DCMAKE_INSTALL_PREFIX=/home/guo/ITL_sentry_auto/install/launch_node
[0.051s] -- The C compiler identification is GNU 11.4.0
[0.095s] -- The CXX compiler identification is GNU 11.4.0
[0.109s] -- Detecting C compiler ABI info
[0.161s] -- Detecting C compiler ABI info - done
[0.171s] -- Check for working C compiler: /usr/bin/cc - skipped
[0.171s] -- Detecting C compile features
[0.171s] -- Detecting C compile features - done
[0.179s] -- Detecting CXX compiler ABI info
[0.240s] -- Detecting CXX compiler ABI info - done
[0.250s] -- Check for working CXX compiler: /usr/bin/c++ - skipped
[0.250s] -- Detecting CXX compile features
[0.250s] -- Detecting CXX compile features - done
[0.252s] -- Found ament_cmake_auto: 2.3.2 (/opt/ros/rolling/share/ament_cmake_auto/cmake)
[0.649s] -- Found Python3: /usr/bin/python3.10 (found version "3.10.12") found components: Interpreter 
[0.725s] -- Found rclcpp: 27.0.0 (/opt/ros/rolling/share/rclcpp/cmake)
[0.756s] -- Found rosidl_generator_c: 4.5.1 (/opt/ros/rolling/share/rosidl_generator_c/cmake)
[0.767s] -- Found rosidl_generator_cpp: 4.5.1 (/opt/ros/rolling/share/rosidl_generator_cpp/cmake)
[0.783s] -- Using all available rosidl_typesupport_c: rosidl_typesupport_fastrtps_c;rosidl_typesupport_introspection_c
[0.804s] -- Using all available rosidl_typesupport_cpp: rosidl_typesupport_fastrtps_cpp;rosidl_typesupport_introspection_cpp
[0.981s] -- Found rmw_implementation_cmake: 7.3.0 (/opt/ros/rolling/share/rmw_implementation_cmake/cmake)
[0.983s] -- Found rmw_fastrtps_cpp: 8.2.0 (/opt/ros/rolling/share/rmw_fastrtps_cpp/cmake)
[1.088s] -- Found OpenSSL: /usr/lib/x86_64-linux-gnu/libcrypto.so (found version "3.0.2")  
[1.112s] -- Found FastRTPS: /opt/ros/rolling/include  
[1.147s] -- Using RMW implementation 'rmw_fastrtps_cpp' as default
[1.351s] -- Found std_msgs: 5.3.0 (/opt/ros/rolling/share/std_msgs/cmake)
[1.388s] -- Found geometry_msgs: 5.3.0 (/opt/ros/rolling/share/geometry_msgs/cmake)
[1.491s] -- Found ament_lint_auto: 0.16.3 (/opt/ros/rolling/share/ament_lint_auto/cmake)
[1.504s] -- Added test 'flake8' to check Python code syntax and style conventions
[1.504s] -- Configured 'flake8' exclude dirs and/or files: 
[1.504s] -- Added test 'lint_cmake' to check CMake code style
[1.504s] -- Added test 'pep257' to check Python code against some of the docstring style conventions in PEP 257
[1.505s] -- Added test 'xmllint' to check XML markup files
[1.506s] -- Configuring done (1.5s)
[1.509s] -- Generating done (0.0s)
[1.512s] -- Build files have been written to: /home/guo/ITL_sentry_auto/build/launch_node
[1.519s] Invoked command in '/home/guo/ITL_sentry_auto/build/launch_node' returned '0': CMAKE_PREFIX_PATH=${CMAKE_PREFIX_PATH}:/home/guo/ITL_sentry_auto/install/pkg02_helloworld_py:/opt/ros/rolling /usr/local/bin/cmake /home/guo/ITL_sentry_auto/src/launch -DCMAKE_INSTALL_PREFIX=/home/guo/ITL_sentry_auto/install/launch_node
[1.521s] Invoking command in '/home/guo/ITL_sentry_auto/build/launch_node': CMAKE_PREFIX_PATH=${CMAKE_PREFIX_PATH}:/home/guo/ITL_sentry_auto/install/pkg02_helloworld_py:/opt/ros/rolling /usr/local/bin/cmake --build /home/guo/ITL_sentry_auto/build/launch_node -- -j24 -l24
[1.536s] Invoked command in '/home/guo/ITL_sentry_auto/build/launch_node' returned '0': CMAKE_PREFIX_PATH=${CMAKE_PREFIX_PATH}:/home/guo/ITL_sentry_auto/install/pkg02_helloworld_py:/opt/ros/rolling /usr/local/bin/cmake --build /home/guo/ITL_sentry_auto/build/launch_node -- -j24 -l24
[1.541s] Invoking command in '/home/guo/ITL_sentry_auto/build/launch_node': CMAKE_PREFIX_PATH=${CMAKE_PREFIX_PATH}:/home/guo/ITL_sentry_auto/install/pkg02_helloworld_py:/opt/ros/rolling /usr/local/bin/cmake --install /home/guo/ITL_sentry_auto/build/launch_node
[1.542s] -- Install configuration: ""
[1.542s] -- Up-to-date: /home/guo/ITL_sentry_auto/install/launch_node/share/launch_node/launch
[1.543s] -- Up-to-date: /home/guo/ITL_sentry_auto/install/launch_node/share/launch_node/launch/launch_red.launch.py
[1.543s] -- Up-to-date: /home/guo/ITL_sentry_auto/install/launch_node/share/launch_node/launch/launch_blue.launch.py
[1.543s] -- Up-to-date: /home/guo/ITL_sentry_auto/install/launch_node/share/launch_node/config
[1.543s] -- Up-to-date: /home/guo/ITL_sentry_auto/install/launch_node/share/launch_node/config/angle_solver_params.xml
[1.543s] -- Installing: /home/guo/ITL_sentry_auto/install/launch_node/share/ament_index/resource_index/package_run_dependencies/launch_node
[1.543s] -- Installing: /home/guo/ITL_sentry_auto/install/launch_node/share/ament_index/resource_index/parent_prefix_path/launch_node
[1.544s] -- Up-to-date: /home/guo/ITL_sentry_auto/install/launch_node/share/launch_node/environment/ament_prefix_path.sh
[1.544s] -- Installing: /home/guo/ITL_sentry_auto/install/launch_node/share/launch_node/environment/ament_prefix_path.dsv
[1.544s] -- Up-to-date: /home/guo/ITL_sentry_auto/install/launch_node/share/launch_node/environment/path.sh
[1.544s] -- Installing: /home/guo/ITL_sentry_auto/install/launch_node/share/launch_node/environment/path.dsv
[1.545s] -- Installing: /home/guo/ITL_sentry_auto/install/launch_node/share/launch_node/local_setup.bash
[1.545s] -- Installing: /home/guo/ITL_sentry_auto/install/launch_node/share/launch_node/local_setup.sh
[1.547s] -- Installing: /home/guo/ITL_sentry_auto/install/launch_node/share/launch_node/local_setup.zsh
[1.547s] -- Installing: /home/guo/ITL_sentry_auto/install/launch_node/share/launch_node/local_setup.dsv
[1.547s] -- Installing: /home/guo/ITL_sentry_auto/install/launch_node/share/launch_node/package.dsv
[1.547s] -- Installing: /home/guo/ITL_sentry_auto/install/launch_node/share/ament_index/resource_index/packages/launch_node
[1.548s] -- Installing: /home/guo/ITL_sentry_auto/install/launch_node/share/launch_node/cmake/ament_cmake_export_dependencies-extras.cmake
[1.548s] -- Installing: /home/guo/ITL_sentry_auto/install/launch_node/share/launch_node/cmake/launch_nodeConfig.cmake
[1.548s] -- Installing: /home/guo/ITL_sentry_auto/install/launch_node/share/launch_node/cmake/launch_nodeConfig-version.cmake
[1.548s] -- Up-to-date: /home/guo/ITL_sentry_auto/install/launch_node/share/launch_node/package.xml
[1.548s] Invoked command in '/home/guo/ITL_sentry_auto/build/launch_node' returned '0': CMAKE_PREFIX_PATH=${CMAKE_PREFIX_PATH}:/home/guo/ITL_sentry_auto/install/pkg02_helloworld_py:/opt/ros/rolling /usr/local/bin/cmake --install /home/guo/ITL_sentry_auto/build/launch_node
