[100%] Built target utils
-- Install configuration: ""
-- Up-to-date: /home/guo/ITL_sentry_auto_new/install/utils/share/utils/environment/library_path.sh
-- Up-to-date: /home/guo/ITL_sentry_auto_new/install/utils/share/utils/environment/library_path.dsv
-- Up-to-date: /home/guo/ITL_sentry_auto_new/install/utils/include
-- Up-to-date: /home/guo/ITL_sentry_auto_new/install/utils/include/draw_tools.hpp
-- Up-to-date: /home/guo/ITL_sentry_auto_new/install/utils/include/thread_safe_queue.hpp
-- Up-to-date: /home/guo/ITL_sentry_auto_new/install/utils/include/math_tools.hpp
-- Up-to-date: /home/guo/ITL_sentry_auto_new/install/utils/include/yaml.hpp
-- Up-to-date: /home/guo/ITL_sentry_auto_new/install/utils/include/detector_tools.hpp
-- Up-to-date: /home/guo/ITL_sentry_auto_new/install/utils/include/trajectory.hpp
-- Up-to-date: /home/guo/ITL_sentry_auto_new/install/utils/include/performance_monitor.hpp
-- Up-to-date: /home/guo/ITL_sentry_auto_new/install/utils/include/logger.hpp
-- Up-to-date: /home/guo/ITL_sentry_auto_new/install/utils/include/crc.hpp
-- Up-to-date: /home/guo/ITL_sentry_auto_new/install/utils/include/imu_data_processor.hpp
-- Up-to-date: /home/guo/ITL_sentry_auto_new/install/utils/include/roi_tools.hpp
-- Up-to-date: /home/guo/ITL_sentry_auto_new/install/utils/lib/libutils.a
-- Up-to-date: /home/guo/ITL_sentry_auto_new/install/utils/share/utils/cmake/utilsTargets.cmake
-- Up-to-date: /home/guo/ITL_sentry_auto_new/install/utils/share/utils/cmake/utilsTargets-noconfig.cmake
-- Up-to-date: /home/guo/ITL_sentry_auto_new/install/utils/share/ament_index/resource_index/package_run_dependencies/utils
-- Up-to-date: /home/guo/ITL_sentry_auto_new/install/utils/share/ament_index/resource_index/parent_prefix_path/utils
-- Up-to-date: /home/guo/ITL_sentry_auto_new/install/utils/share/utils/environment/ament_prefix_path.sh
-- Up-to-date: /home/guo/ITL_sentry_auto_new/install/utils/share/utils/environment/ament_prefix_path.dsv
-- Up-to-date: /home/guo/ITL_sentry_auto_new/install/utils/share/utils/environment/path.sh
-- Up-to-date: /home/guo/ITL_sentry_auto_new/install/utils/share/utils/environment/path.dsv
-- Up-to-date: /home/guo/ITL_sentry_auto_new/install/utils/share/utils/local_setup.bash
-- Up-to-date: /home/guo/ITL_sentry_auto_new/install/utils/share/utils/local_setup.sh
-- Up-to-date: /home/guo/ITL_sentry_auto_new/install/utils/share/utils/local_setup.zsh
-- Up-to-date: /home/guo/ITL_sentry_auto_new/install/utils/share/utils/local_setup.dsv
-- Installing: /home/guo/ITL_sentry_auto_new/install/utils/share/utils/package.dsv
-- Up-to-date: /home/guo/ITL_sentry_auto_new/install/utils/share/ament_index/resource_index/packages/utils
-- Up-to-date: /home/guo/ITL_sentry_auto_new/install/utils/share/utils/cmake/utilsTargetsExport.cmake
-- Up-to-date: /home/guo/ITL_sentry_auto_new/install/utils/share/utils/cmake/utilsTargetsExport-noconfig.cmake
-- Up-to-date: /home/guo/ITL_sentry_auto_new/install/utils/share/utils/cmake/ament_cmake_export_include_directories-extras.cmake
-- Up-to-date: /home/guo/ITL_sentry_auto_new/install/utils/share/utils/cmake/ament_cmake_export_libraries-extras.cmake
-- Up-to-date: /home/guo/ITL_sentry_auto_new/install/utils/share/utils/cmake/ament_cmake_export_dependencies-extras.cmake
-- Up-to-date: /home/guo/ITL_sentry_auto_new/install/utils/share/utils/cmake/ament_cmake_export_targets-extras.cmake
-- Up-to-date: /home/guo/ITL_sentry_auto_new/install/utils/share/utils/cmake/utilsConfig.cmake
-- Up-to-date: /home/guo/ITL_sentry_auto_new/install/utils/share/utils/cmake/utilsConfig-version.cmake
-- Up-to-date: /home/guo/ITL_sentry_auto_new/install/utils/share/utils/package.xml
