[0.018s] Invoking command in '/home/guo/ITL_sentry_auto_new/build/gimbal': AMENT_PREFIX_PATH=/home/guo/ITL_sentry_auto_new/install/serial:/home/guo/ITL_sentry_auto_new/install/utils:/home/guo/ITL_sentry_auto_new/install/autoaim_msgs:${AMENT_PREFIX_PATH} CMAKE_PREFIX_PATH=/home/guo/ITL_sentry_auto_new/install/serial:/home/guo/ITL_sentry_auto_new/install/utils:/home/guo/ITL_sentry_auto_new/install/autoaim_msgs:/opt/ros/rolling LD_LIBRARY_PATH=/home/guo/ITL_sentry_auto_new/install/serial/lib:/home/guo/ITL_sentry_auto_new/install/utils/lib:/home/guo/ITL_sentry_auto_new/install/autoaim_msgs/lib:/usr/lib/x86_64-linux-gnu:/opt/ros/rolling/opt/rviz_ogre_vendor/lib:/opt/ros/rolling/lib/x86_64-linux-gnu:/opt/ros/rolling/lib:/opt/MVS/lib/64:/opt/MVS/lib/32:/usr/local/TensorRT.10.7.0.23/lib:/usr/lib/x86_64-linux-gnu:/usr/local/cuda/lib64:/opt/MVS/lib/64:/opt/MVS/lib/32:/opt/MVS/lib/64:/opt/MVS/lib/32 PYTHONPATH=/home/guo/ITL_sentry_auto_new/install/autoaim_msgs/lib/python3.10/site-packages:${PYTHONPATH} /usr/local/bin/cmake /home/guo/ITL_sentry_auto_new/src/io/gimbal -DCMAKE_INSTALL_PREFIX=/home/guo/ITL_sentry_auto_new/install/gimbal
[0.062s] -- The C compiler identification is GNU 11.4.0
[0.115s] -- The CXX compiler identification is GNU 11.4.0
[0.130s] -- Detecting C compiler ABI info
[0.198s] -- Detecting C compiler ABI info - done
[0.212s] -- Check for working C compiler: /usr/bin/cc - skipped
[0.212s] -- Detecting C compile features
[0.212s] -- Detecting C compile features - done
[0.222s] -- Detecting CXX compiler ABI info
[0.290s] -- Detecting CXX compiler ABI info - done
[0.301s] -- Check for working CXX compiler: /usr/bin/c++ - skipped
[0.302s] -- Detecting CXX compile features
[0.302s] -- Detecting CXX compile features - done
[0.304s] -- Found ament_cmake: 2.3.2 (/opt/ros/rolling/share/ament_cmake/cmake)
[0.721s] -- Found Python3: /usr/bin/python3.10 (found version "3.10.12") found components: Interpreter 
[0.808s] -- Found rclcpp: 27.0.0 (/opt/ros/rolling/share/rclcpp/cmake)
[0.848s] -- Found rosidl_generator_c: 4.5.1 (/opt/ros/rolling/share/rosidl_generator_c/cmake)
[0.860s] -- Found rosidl_generator_cpp: 4.5.1 (/opt/ros/rolling/share/rosidl_generator_cpp/cmake)
[0.877s] -- Using all available rosidl_typesupport_c: rosidl_typesupport_fastrtps_c;rosidl_typesupport_introspection_c
[0.897s] -- Using all available rosidl_typesupport_cpp: rosidl_typesupport_fastrtps_cpp;rosidl_typesupport_introspection_cpp
[1.090s] -- Found rmw_implementation_cmake: 7.3.0 (/opt/ros/rolling/share/rmw_implementation_cmake/cmake)
[1.092s] -- Found rmw_fastrtps_cpp: 8.2.0 (/opt/ros/rolling/share/rmw_fastrtps_cpp/cmake)
[1.183s] -- Found OpenSSL: /usr/lib/x86_64-linux-gnu/libcrypto.so (found version "3.0.2")  
[1.219s] -- Found FastRTPS: /opt/ros/rolling/include  
[1.262s] -- Using RMW implementation 'rmw_fastrtps_cpp' as default
[1.464s] -- Found utils: 1.0.0 (/home/guo/ITL_sentry_auto_new/install/utils/share/utils/cmake)
[1.508s] -- Found serial: 0.1.0 (/home/guo/ITL_sentry_auto_new/install/serial/share/serial/cmake)
[1.516s] -- Found PkgConfig: /usr/bin/pkg-config (found version "1.8.0") 
[1.518s] -- Checking for module 'libserial'
[1.532s] --   Found libserial, version 1.0.0
[1.627s] -- Configuring done (1.6s)
[1.639s] -- Generating done (0.0s)
[1.643s] -- Build files have been written to: /home/guo/ITL_sentry_auto_new/build/gimbal
[1.653s] Invoked command in '/home/guo/ITL_sentry_auto_new/build/gimbal' returned '0': AMENT_PREFIX_PATH=/home/guo/ITL_sentry_auto_new/install/serial:/home/guo/ITL_sentry_auto_new/install/utils:/home/guo/ITL_sentry_auto_new/install/autoaim_msgs:${AMENT_PREFIX_PATH} CMAKE_PREFIX_PATH=/home/guo/ITL_sentry_auto_new/install/serial:/home/guo/ITL_sentry_auto_new/install/utils:/home/guo/ITL_sentry_auto_new/install/autoaim_msgs:/opt/ros/rolling LD_LIBRARY_PATH=/home/guo/ITL_sentry_auto_new/install/serial/lib:/home/guo/ITL_sentry_auto_new/install/utils/lib:/home/guo/ITL_sentry_auto_new/install/autoaim_msgs/lib:/usr/lib/x86_64-linux-gnu:/opt/ros/rolling/opt/rviz_ogre_vendor/lib:/opt/ros/rolling/lib/x86_64-linux-gnu:/opt/ros/rolling/lib:/opt/MVS/lib/64:/opt/MVS/lib/32:/usr/local/TensorRT.10.7.0.23/lib:/usr/lib/x86_64-linux-gnu:/usr/local/cuda/lib64:/opt/MVS/lib/64:/opt/MVS/lib/32:/opt/MVS/lib/64:/opt/MVS/lib/32 PYTHONPATH=/home/guo/ITL_sentry_auto_new/install/autoaim_msgs/lib/python3.10/site-packages:${PYTHONPATH} /usr/local/bin/cmake /home/guo/ITL_sentry_auto_new/src/io/gimbal -DCMAKE_INSTALL_PREFIX=/home/guo/ITL_sentry_auto_new/install/gimbal
[1.655s] Invoking command in '/home/guo/ITL_sentry_auto_new/build/gimbal': AMENT_PREFIX_PATH=/home/guo/ITL_sentry_auto_new/install/serial:/home/guo/ITL_sentry_auto_new/install/utils:/home/guo/ITL_sentry_auto_new/install/autoaim_msgs:${AMENT_PREFIX_PATH} CMAKE_PREFIX_PATH=/home/guo/ITL_sentry_auto_new/install/serial:/home/guo/ITL_sentry_auto_new/install/utils:/home/guo/ITL_sentry_auto_new/install/autoaim_msgs:/opt/ros/rolling LD_LIBRARY_PATH=/home/guo/ITL_sentry_auto_new/install/serial/lib:/home/guo/ITL_sentry_auto_new/install/utils/lib:/home/guo/ITL_sentry_auto_new/install/autoaim_msgs/lib:/usr/lib/x86_64-linux-gnu:/opt/ros/rolling/opt/rviz_ogre_vendor/lib:/opt/ros/rolling/lib/x86_64-linux-gnu:/opt/ros/rolling/lib:/opt/MVS/lib/64:/opt/MVS/lib/32:/usr/local/TensorRT.10.7.0.23/lib:/usr/lib/x86_64-linux-gnu:/usr/local/cuda/lib64:/opt/MVS/lib/64:/opt/MVS/lib/32:/opt/MVS/lib/64:/opt/MVS/lib/32 PYTHONPATH=/home/guo/ITL_sentry_auto_new/install/autoaim_msgs/lib/python3.10/site-packages:${PYTHONPATH} /usr/local/bin/cmake --build /home/guo/ITL_sentry_auto_new/build/gimbal -- -j24 -l24
[1.676s] [ 50%] [32mBuilding CXX object CMakeFiles/gimbal.dir/src/gimbal.cpp.o[0m
[6.871s] [100%] [32m[1mLinking CXX shared library libgimbal.so[0m
[7.336s] [100%] Built target gimbal
[7.352s] Invoked command in '/home/guo/ITL_sentry_auto_new/build/gimbal' returned '0': AMENT_PREFIX_PATH=/home/guo/ITL_sentry_auto_new/install/serial:/home/guo/ITL_sentry_auto_new/install/utils:/home/guo/ITL_sentry_auto_new/install/autoaim_msgs:${AMENT_PREFIX_PATH} CMAKE_PREFIX_PATH=/home/guo/ITL_sentry_auto_new/install/serial:/home/guo/ITL_sentry_auto_new/install/utils:/home/guo/ITL_sentry_auto_new/install/autoaim_msgs:/opt/ros/rolling LD_LIBRARY_PATH=/home/guo/ITL_sentry_auto_new/install/serial/lib:/home/guo/ITL_sentry_auto_new/install/utils/lib:/home/guo/ITL_sentry_auto_new/install/autoaim_msgs/lib:/usr/lib/x86_64-linux-gnu:/opt/ros/rolling/opt/rviz_ogre_vendor/lib:/opt/ros/rolling/lib/x86_64-linux-gnu:/opt/ros/rolling/lib:/opt/MVS/lib/64:/opt/MVS/lib/32:/usr/local/TensorRT.10.7.0.23/lib:/usr/lib/x86_64-linux-gnu:/usr/local/cuda/lib64:/opt/MVS/lib/64:/opt/MVS/lib/32:/opt/MVS/lib/64:/opt/MVS/lib/32 PYTHONPATH=/home/guo/ITL_sentry_auto_new/install/autoaim_msgs/lib/python3.10/site-packages:${PYTHONPATH} /usr/local/bin/cmake --build /home/guo/ITL_sentry_auto_new/build/gimbal -- -j24 -l24
[7.355s] Invoking command in '/home/guo/ITL_sentry_auto_new/build/gimbal': AMENT_PREFIX_PATH=/home/guo/ITL_sentry_auto_new/install/serial:/home/guo/ITL_sentry_auto_new/install/utils:/home/guo/ITL_sentry_auto_new/install/autoaim_msgs:${AMENT_PREFIX_PATH} CMAKE_PREFIX_PATH=/home/guo/ITL_sentry_auto_new/install/serial:/home/guo/ITL_sentry_auto_new/install/utils:/home/guo/ITL_sentry_auto_new/install/autoaim_msgs:/opt/ros/rolling LD_LIBRARY_PATH=/home/guo/ITL_sentry_auto_new/install/serial/lib:/home/guo/ITL_sentry_auto_new/install/utils/lib:/home/guo/ITL_sentry_auto_new/install/autoaim_msgs/lib:/usr/lib/x86_64-linux-gnu:/opt/ros/rolling/opt/rviz_ogre_vendor/lib:/opt/ros/rolling/lib/x86_64-linux-gnu:/opt/ros/rolling/lib:/opt/MVS/lib/64:/opt/MVS/lib/32:/usr/local/TensorRT.10.7.0.23/lib:/usr/lib/x86_64-linux-gnu:/usr/local/cuda/lib64:/opt/MVS/lib/64:/opt/MVS/lib/32:/opt/MVS/lib/64:/opt/MVS/lib/32 PYTHONPATH=/home/guo/ITL_sentry_auto_new/install/autoaim_msgs/lib/python3.10/site-packages:${PYTHONPATH} /usr/local/bin/cmake --install /home/guo/ITL_sentry_auto_new/build/gimbal
[7.357s] -- Install configuration: ""
[7.357s] -- Installing: /home/guo/ITL_sentry_auto_new/install/gimbal/share/gimbal/environment/library_path.sh
[7.357s] -- Installing: /home/guo/ITL_sentry_auto_new/install/gimbal/share/gimbal/environment/library_path.dsv
[7.357s] -- Installing: /home/guo/ITL_sentry_auto_new/install/gimbal/include
[7.357s] -- Installing: /home/guo/ITL_sentry_auto_new/install/gimbal/include/gimbal.hpp
[7.358s] -- Installing: /home/guo/ITL_sentry_auto_new/install/gimbal/lib/libgimbal.so
[7.361s] -- Set non-toolchain portion of runtime path of "/home/guo/ITL_sentry_auto_new/install/gimbal/lib/libgimbal.so" to ""
[7.361s] -- Installing: /home/guo/ITL_sentry_auto_new/install/gimbal/share/gimbal/cmake/gimbalTargets.cmake
[7.361s] -- Installing: /home/guo/ITL_sentry_auto_new/install/gimbal/share/gimbal/cmake/gimbalTargets-noconfig.cmake
[7.362s] -- Installing: /home/guo/ITL_sentry_auto_new/install/gimbal/share/ament_index/resource_index/package_run_dependencies/gimbal
[7.362s] -- Installing: /home/guo/ITL_sentry_auto_new/install/gimbal/share/ament_index/resource_index/parent_prefix_path/gimbal
[7.362s] -- Installing: /home/guo/ITL_sentry_auto_new/install/gimbal/share/gimbal/environment/ament_prefix_path.sh
[7.362s] -- Installing: /home/guo/ITL_sentry_auto_new/install/gimbal/share/gimbal/environment/ament_prefix_path.dsv
[7.362s] -- Installing: /home/guo/ITL_sentry_auto_new/install/gimbal/share/gimbal/environment/path.sh
[7.362s] -- Installing: /home/guo/ITL_sentry_auto_new/install/gimbal/share/gimbal/environment/path.dsv
[7.362s] -- Installing: /home/guo/ITL_sentry_auto_new/install/gimbal/share/gimbal/local_setup.bash
[7.362s] -- Installing: /home/guo/ITL_sentry_auto_new/install/gimbal/share/gimbal/local_setup.sh
[7.363s] -- Installing: /home/guo/ITL_sentry_auto_new/install/gimbal/share/gimbal/local_setup.zsh
[7.363s] -- Installing: /home/guo/ITL_sentry_auto_new/install/gimbal/share/gimbal/local_setup.dsv
[7.363s] -- Installing: /home/guo/ITL_sentry_auto_new/install/gimbal/share/gimbal/package.dsv
[7.363s] -- Installing: /home/guo/ITL_sentry_auto_new/install/gimbal/share/ament_index/resource_index/packages/gimbal
[7.363s] -- Installing: /home/guo/ITL_sentry_auto_new/install/gimbal/share/gimbal/cmake/gimbalTargetsExport.cmake
[7.363s] -- Installing: /home/guo/ITL_sentry_auto_new/install/gimbal/share/gimbal/cmake/gimbalTargetsExport-noconfig.cmake
[7.363s] -- Installing: /home/guo/ITL_sentry_auto_new/install/gimbal/share/gimbal/cmake/ament_cmake_export_include_directories-extras.cmake
[7.363s] -- Installing: /home/guo/ITL_sentry_auto_new/install/gimbal/share/gimbal/cmake/ament_cmake_export_libraries-extras.cmake
[7.363s] -- Installing: /home/guo/ITL_sentry_auto_new/install/gimbal/share/gimbal/cmake/ament_cmake_export_dependencies-extras.cmake
[7.364s] -- Installing: /home/guo/ITL_sentry_auto_new/install/gimbal/share/gimbal/cmake/ament_cmake_export_targets-extras.cmake
[7.364s] -- Installing: /home/guo/ITL_sentry_auto_new/install/gimbal/share/gimbal/cmake/gimbalConfig.cmake
[7.364s] -- Installing: /home/guo/ITL_sentry_auto_new/install/gimbal/share/gimbal/cmake/gimbalConfig-version.cmake
[7.364s] -- Installing: /home/guo/ITL_sentry_auto_new/install/gimbal/share/gimbal/package.xml
[7.366s] Invoked command in '/home/guo/ITL_sentry_auto_new/build/gimbal' returned '0': AMENT_PREFIX_PATH=/home/guo/ITL_sentry_auto_new/install/serial:/home/guo/ITL_sentry_auto_new/install/utils:/home/guo/ITL_sentry_auto_new/install/autoaim_msgs:${AMENT_PREFIX_PATH} CMAKE_PREFIX_PATH=/home/guo/ITL_sentry_auto_new/install/serial:/home/guo/ITL_sentry_auto_new/install/utils:/home/guo/ITL_sentry_auto_new/install/autoaim_msgs:/opt/ros/rolling LD_LIBRARY_PATH=/home/guo/ITL_sentry_auto_new/install/serial/lib:/home/guo/ITL_sentry_auto_new/install/utils/lib:/home/guo/ITL_sentry_auto_new/install/autoaim_msgs/lib:/usr/lib/x86_64-linux-gnu:/opt/ros/rolling/opt/rviz_ogre_vendor/lib:/opt/ros/rolling/lib/x86_64-linux-gnu:/opt/ros/rolling/lib:/opt/MVS/lib/64:/opt/MVS/lib/32:/usr/local/TensorRT.10.7.0.23/lib:/usr/lib/x86_64-linux-gnu:/usr/local/cuda/lib64:/opt/MVS/lib/64:/opt/MVS/lib/32:/opt/MVS/lib/64:/opt/MVS/lib/32 PYTHONPATH=/home/guo/ITL_sentry_auto_new/install/autoaim_msgs/lib/python3.10/site-packages:${PYTHONPATH} /usr/local/bin/cmake --install /home/guo/ITL_sentry_auto_new/build/gimbal
