[0.014s] Invoking command in '/home/guo/ITL_sentry_auto_new/build/autoaim_msgs': CMAKE_PREFIX_PATH=${CMAKE_PREFIX_PATH}:/opt/ros/rolling /usr/local/bin/cmake --build /home/guo/ITL_sentry_auto_new/build/autoaim_msgs -- -j24 -l24
[0.028s] -- Found ament_cmake: 2.3.2 (/opt/ros/rolling/share/ament_cmake/cmake)
[0.198s] -- Found rosidl_default_generators: 1.6.0 (/opt/ros/rolling/share/rosidl_default_generators/cmake)
[0.201s] -- Using all available rosidl_typesupport_c: rosidl_typesupport_fastrtps_c;rosidl_typesupport_introspection_c
[0.230s] -- Using all available rosidl_typesupport_cpp: rosidl_typesupport_fastrtps_cpp;rosidl_typesupport_introspection_cpp
[0.254s] -- Found rosidl_adapter: 4.5.1 (/opt/ros/rolling/share/rosidl_adapter/cmake)
[0.258s] -- Found std_msgs: 5.3.0 (/opt/ros/rolling/share/std_msgs/cmake)
[0.307s] -- Found geometry_msgs: 5.3.0 (/opt/ros/rolling/share/geometry_msgs/cmake)
[0.341s] -- Found sensor_msgs: 5.3.0 (/opt/ros/rolling/share/sensor_msgs/cmake)
[0.954s] -- Found ament_cmake_ros: 0.12.0 (/opt/ros/rolling/share/ament_cmake_ros/cmake)
[1.424s] -- Using all available rosidl_typesupport_c: rosidl_typesupport_fastrtps_c;rosidl_typesupport_introspection_c
[2.059s] -- Using all available rosidl_typesupport_cpp: rosidl_typesupport_fastrtps_cpp;rosidl_typesupport_introspection_cpp
[2.088s] -- Found python_cmake_module: 0.11.0 (/opt/ros/rolling/share/python_cmake_module/cmake)
[2.121s] -- Using PYTHON_EXECUTABLE: /usr/bin/python3
[2.121s] -- Using PYTHON_INCLUDE_DIRS: /usr/include/python3.10
[2.122s] -- Using PYTHON_LIBRARIES: /usr/lib/x86_64-linux-gnu/libpython3.10.so
[2.189s] -- Configuring done (2.2s)
[2.234s] -- Generating done (0.0s)
[2.244s] -- Build files have been written to: /home/guo/ITL_sentry_auto_new/build/autoaim_msgs
[2.262s] [  1%] [34m[1mGenerating type hashes for ROS interfaces[0m
[2.267s] [  1%] Built target ament_cmake_python_copy_autoaim_msgs
[2.430s] running egg_info
[2.430s] writing autoaim_msgs.egg-info/PKG-INFO
[2.430s] writing dependency_links to autoaim_msgs.egg-info/dependency_links.txt
[2.430s] writing top-level names to autoaim_msgs.egg-info/top_level.txt
[2.432s] reading manifest file 'autoaim_msgs.egg-info/SOURCES.txt'
[2.432s] writing manifest file 'autoaim_msgs.egg-info/SOURCES.txt'
[2.448s] [  1%] Built target ament_cmake_python_build_autoaim_msgs_egg
[2.685s] [  1%] Built target autoaim_msgs__rosidl_generator_type_description
[2.691s] [  2%] [34m[1mGenerating C code for ROS interfaces[0m
[2.695s] [  2%] [34m[1mGenerating C++ code for ROS interfaces[0m
[3.288s] [  2%] Built target autoaim_msgs__cpp
[3.404s] [  3%] [32mBuilding C object CMakeFiles/autoaim_msgs__rosidl_generator_c.dir/rosidl_generator_c/autoaim_msgs/msg/detail/target__description.c.o[0m
[3.404s] [  4%] [32mBuilding C object CMakeFiles/autoaim_msgs__rosidl_generator_c.dir/rosidl_generator_c/autoaim_msgs/msg/detail/target__type_support.c.o[0m
[3.405s] [  5%] [32mBuilding C object CMakeFiles/autoaim_msgs__rosidl_generator_c.dir/rosidl_generator_c/autoaim_msgs/msg/detail/target__functions.c.o[0m
[3.405s] [  7%] [32mBuilding C object CMakeFiles/autoaim_msgs__rosidl_generator_c.dir/rosidl_generator_c/autoaim_msgs/msg/detail/targets__description.c.o[0m
[3.405s] [  7%] [32mBuilding C object CMakeFiles/autoaim_msgs__rosidl_generator_c.dir/rosidl_generator_c/autoaim_msgs/msg/detail/targets__type_support.c.o[0m
[3.405s] [  9%] [32mBuilding C object CMakeFiles/autoaim_msgs__rosidl_generator_c.dir/rosidl_generator_c/autoaim_msgs/msg/detail/armor__description.c.o[0m
[3.405s] [  9%] [32mBuilding C object CMakeFiles/autoaim_msgs__rosidl_generator_c.dir/rosidl_generator_c/autoaim_msgs/msg/detail/targets__functions.c.o[0m
[3.405s] [ 10%] [32mBuilding C object CMakeFiles/autoaim_msgs__rosidl_generator_c.dir/rosidl_generator_c/autoaim_msgs/msg/detail/armor__functions.c.o[0m
[3.406s] [ 11%] [32mBuilding C object CMakeFiles/autoaim_msgs__rosidl_generator_c.dir/rosidl_generator_c/autoaim_msgs/msg/detail/armorresult__description.c.o[0m
[3.407s] [ 12%] [32mBuilding C object CMakeFiles/autoaim_msgs__rosidl_generator_c.dir/rosidl_generator_c/autoaim_msgs/msg/detail/armor__type_support.c.o[0m
[3.407s] [ 13%] [32mBuilding C object CMakeFiles/autoaim_msgs__rosidl_generator_c.dir/rosidl_generator_c/autoaim_msgs/msg/detail/armorresult__type_support.c.o[0m
[3.407s] [ 14%] [32mBuilding C object CMakeFiles/autoaim_msgs__rosidl_generator_c.dir/rosidl_generator_c/autoaim_msgs/msg/detail/armorresult__functions.c.o[0m
[3.409s] [ 15%] [32mBuilding C object CMakeFiles/autoaim_msgs__rosidl_generator_c.dir/rosidl_generator_c/autoaim_msgs/msg/detail/prediction__description.c.o[0m
[3.409s] [ 16%] [32mBuilding C object CMakeFiles/autoaim_msgs__rosidl_generator_c.dir/rosidl_generator_c/autoaim_msgs/msg/detail/prediction__functions.c.o[0m
[3.412s] [ 17%] [32mBuilding C object CMakeFiles/autoaim_msgs__rosidl_generator_c.dir/rosidl_generator_c/autoaim_msgs/msg/detail/prediction__type_support.c.o[0m
[3.412s] [ 19%] [32mBuilding C object CMakeFiles/autoaim_msgs__rosidl_generator_c.dir/rosidl_generator_c/autoaim_msgs/msg/detail/predictions__functions.c.o[0m
[3.412s] [ 21%] [32mBuilding C object CMakeFiles/autoaim_msgs__rosidl_generator_c.dir/rosidl_generator_c/autoaim_msgs/msg/detail/predictions__type_support.c.o[0m
[3.412s] [ 19%] [32mBuilding C object CMakeFiles/autoaim_msgs__rosidl_generator_c.dir/rosidl_generator_c/autoaim_msgs/msg/detail/predictions__description.c.o[0m
[3.412s] [ 20%] [32mBuilding C object CMakeFiles/autoaim_msgs__rosidl_generator_c.dir/rosidl_generator_c/autoaim_msgs/msg/detail/serialcmd__description.c.o[0m
[3.413s] [ 22%] [32mBuilding C object CMakeFiles/autoaim_msgs__rosidl_generator_c.dir/rosidl_generator_c/autoaim_msgs/msg/detail/serialcmd__functions.c.o[0m
[3.414s] [ 23%] [32mBuilding C object CMakeFiles/autoaim_msgs__rosidl_generator_c.dir/rosidl_generator_c/autoaim_msgs/msg/detail/serialcmd__type_support.c.o[0m
[3.414s] [ 24%] [32mBuilding C object CMakeFiles/autoaim_msgs__rosidl_generator_c.dir/rosidl_generator_c/autoaim_msgs/msg/detail/debug__description.c.o[0m
[3.415s] [ 25%] [32mBuilding C object CMakeFiles/autoaim_msgs__rosidl_generator_c.dir/rosidl_generator_c/autoaim_msgs/msg/detail/debug__functions.c.o[0m
[3.431s] [ 25%] [32mBuilding C object CMakeFiles/autoaim_msgs__rosidl_generator_c.dir/rosidl_generator_c/autoaim_msgs/msg/detail/debug__type_support.c.o[0m
[3.473s] [ 26%] [32m[1mLinking C shared library libautoaim_msgs__rosidl_generator_c.so[0m
[3.499s] [ 26%] Built target autoaim_msgs__rosidl_generator_c
[3.503s] [ 27%] [34m[1mGenerating C type support for eProsima Fast-RTPS[0m
[3.504s] [ 28%] [34m[1mGenerating C++ type support dispatch for ROS interfaces[0m
[3.504s] [ 31%] [34m[1mGenerating C introspection for ROS interfaces[0m
[3.505s] [ 31%] [34m[1mGenerating C++ type support for eProsima Fast-RTPS[0m
[3.505s] [ 31%] [34m[1mGenerating C type support dispatch for ROS interfaces[0m
[3.505s] [ 32%] [34m[1mGenerating C++ introspection for ROS interfaces[0m
[4.061s] [ 33%] [32mBuilding CXX object CMakeFiles/autoaim_msgs__rosidl_typesupport_c.dir/rosidl_typesupport_c/autoaim_msgs/msg/armor__type_support.cpp.o[0m
[4.062s] [ 34%] [32mBuilding CXX object CMakeFiles/autoaim_msgs__rosidl_typesupport_c.dir/rosidl_typesupport_c/autoaim_msgs/msg/target__type_support.cpp.o[0m
[4.062s] [ 35%] [32mBuilding CXX object CMakeFiles/autoaim_msgs__rosidl_typesupport_c.dir/rosidl_typesupport_c/autoaim_msgs/msg/targets__type_support.cpp.o[0m
[4.062s] [ 36%] [32mBuilding CXX object CMakeFiles/autoaim_msgs__rosidl_typesupport_c.dir/rosidl_typesupport_c/autoaim_msgs/msg/armorresult__type_support.cpp.o[0m
[4.062s] [ 37%] [32mBuilding CXX object CMakeFiles/autoaim_msgs__rosidl_typesupport_c.dir/rosidl_typesupport_c/autoaim_msgs/msg/serialcmd__type_support.cpp.o[0m
[4.063s] [ 39%] [32mBuilding CXX object CMakeFiles/autoaim_msgs__rosidl_typesupport_c.dir/rosidl_typesupport_c/autoaim_msgs/msg/debug__type_support.cpp.o[0m
[4.063s] [ 39%] [32mBuilding CXX object CMakeFiles/autoaim_msgs__rosidl_typesupport_c.dir/rosidl_typesupport_c/autoaim_msgs/msg/prediction__type_support.cpp.o[0m
[4.063s] [ 40%] [32mBuilding CXX object CMakeFiles/autoaim_msgs__rosidl_typesupport_c.dir/rosidl_typesupport_c/autoaim_msgs/msg/predictions__type_support.cpp.o[0m
[4.075s] [ 40%] [32mBuilding CXX object CMakeFiles/autoaim_msgs__rosidl_typesupport_cpp.dir/rosidl_typesupport_cpp/autoaim_msgs/msg/targets__type_support.cpp.o[0m
[4.075s] [ 41%] [32mBuilding CXX object CMakeFiles/autoaim_msgs__rosidl_typesupport_cpp.dir/rosidl_typesupport_cpp/autoaim_msgs/msg/target__type_support.cpp.o[0m
[4.076s] [ 42%] [32mBuilding CXX object CMakeFiles/autoaim_msgs__rosidl_typesupport_cpp.dir/rosidl_typesupport_cpp/autoaim_msgs/msg/armor__type_support.cpp.o[0m
[4.077s] [ 43%] [32mBuilding CXX object CMakeFiles/autoaim_msgs__rosidl_typesupport_cpp.dir/rosidl_typesupport_cpp/autoaim_msgs/msg/armorresult__type_support.cpp.o[0m
[4.077s] [ 44%] [32mBuilding CXX object CMakeFiles/autoaim_msgs__rosidl_typesupport_cpp.dir/rosidl_typesupport_cpp/autoaim_msgs/msg/predictions__type_support.cpp.o[0m
[4.077s] [ 45%] [32mBuilding CXX object CMakeFiles/autoaim_msgs__rosidl_typesupport_cpp.dir/rosidl_typesupport_cpp/autoaim_msgs/msg/prediction__type_support.cpp.o[0m
[4.077s] [ 46%] [32mBuilding CXX object CMakeFiles/autoaim_msgs__rosidl_typesupport_cpp.dir/rosidl_typesupport_cpp/autoaim_msgs/msg/serialcmd__type_support.cpp.o[0m
[4.078s] [ 47%] [32mBuilding CXX object CMakeFiles/autoaim_msgs__rosidl_typesupport_cpp.dir/rosidl_typesupport_cpp/autoaim_msgs/msg/debug__type_support.cpp.o[0m
[4.122s] [ 48%] [32m[1mLinking CXX shared library libautoaim_msgs__rosidl_typesupport_c.so[0m
[4.146s] [ 49%] [32mBuilding CXX object CMakeFiles/autoaim_msgs__rosidl_typesupport_introspection_cpp.dir/rosidl_typesupport_introspection_cpp/autoaim_msgs/msg/detail/targets__type_support.cpp.o[0m
[4.146s] [ 50%] [32mBuilding CXX object CMakeFiles/autoaim_msgs__rosidl_typesupport_introspection_cpp.dir/rosidl_typesupport_introspection_cpp/autoaim_msgs/msg/detail/target__type_support.cpp.o[0m
[4.147s] [ 51%] [32mBuilding CXX object CMakeFiles/autoaim_msgs__rosidl_typesupport_introspection_cpp.dir/rosidl_typesupport_introspection_cpp/autoaim_msgs/msg/detail/armor__type_support.cpp.o[0m
[4.147s] [ 53%] [32mBuilding CXX object CMakeFiles/autoaim_msgs__rosidl_typesupport_introspection_cpp.dir/rosidl_typesupport_introspection_cpp/autoaim_msgs/msg/detail/prediction__type_support.cpp.o[0m
[4.147s] [ 53%] [32mBuilding CXX object CMakeFiles/autoaim_msgs__rosidl_typesupport_introspection_cpp.dir/rosidl_typesupport_introspection_cpp/autoaim_msgs/msg/detail/armorresult__type_support.cpp.o[0m
[4.147s] [ 54%] [32mBuilding CXX object CMakeFiles/autoaim_msgs__rosidl_typesupport_introspection_cpp.dir/rosidl_typesupport_introspection_cpp/autoaim_msgs/msg/detail/predictions__type_support.cpp.o[0m
[4.148s] [ 56%] [32mBuilding CXX object CMakeFiles/autoaim_msgs__rosidl_typesupport_introspection_cpp.dir/rosidl_typesupport_introspection_cpp/autoaim_msgs/msg/detail/debug__type_support.cpp.o[0m
[4.148s] [ 56%] [32mBuilding CXX object CMakeFiles/autoaim_msgs__rosidl_typesupport_introspection_cpp.dir/rosidl_typesupport_introspection_cpp/autoaim_msgs/msg/detail/serialcmd__type_support.cpp.o[0m
[4.163s] [ 56%] Built target autoaim_msgs__rosidl_typesupport_c
[4.195s] [ 57%] [32mBuilding C object CMakeFiles/autoaim_msgs__rosidl_typesupport_introspection_c.dir/rosidl_typesupport_introspection_c/autoaim_msgs/msg/detail/target__type_support.c.o[0m
[4.195s] [ 58%] [32mBuilding C object CMakeFiles/autoaim_msgs__rosidl_typesupport_introspection_c.dir/rosidl_typesupport_introspection_c/autoaim_msgs/msg/detail/targets__type_support.c.o[0m
[4.195s] [ 59%] [32mBuilding C object CMakeFiles/autoaim_msgs__rosidl_typesupport_introspection_c.dir/rosidl_typesupport_introspection_c/autoaim_msgs/msg/detail/armor__type_support.c.o[0m
[4.195s] [ 60%] [32mBuilding C object CMakeFiles/autoaim_msgs__rosidl_typesupport_introspection_c.dir/rosidl_typesupport_introspection_c/autoaim_msgs/msg/detail/armorresult__type_support.c.o[0m
[4.196s] [ 61%] [32mBuilding C object CMakeFiles/autoaim_msgs__rosidl_typesupport_introspection_c.dir/rosidl_typesupport_introspection_c/autoaim_msgs/msg/detail/prediction__type_support.c.o[0m
[4.198s] [ 62%] [32mBuilding C object CMakeFiles/autoaim_msgs__rosidl_typesupport_introspection_c.dir/rosidl_typesupport_introspection_c/autoaim_msgs/msg/detail/predictions__type_support.c.o[0m
[4.253s] [ 63%] [32mBuilding C object CMakeFiles/autoaim_msgs__rosidl_typesupport_introspection_c.dir/rosidl_typesupport_introspection_c/autoaim_msgs/msg/detail/serialcmd__type_support.c.o[0m
[4.255s] [ 64%] [32mBuilding C object CMakeFiles/autoaim_msgs__rosidl_typesupport_introspection_c.dir/rosidl_typesupport_introspection_c/autoaim_msgs/msg/detail/debug__type_support.c.o[0m
[4.284s] [ 65%] [32mBuilding CXX object CMakeFiles/autoaim_msgs__rosidl_typesupport_fastrtps_c.dir/rosidl_typesupport_fastrtps_c/autoaim_msgs/msg/detail/target__type_support_c.cpp.o[0m
[4.286s] [ 66%] [32mBuilding CXX object CMakeFiles/autoaim_msgs__rosidl_typesupport_fastrtps_c.dir/rosidl_typesupport_fastrtps_c/autoaim_msgs/msg/detail/targets__type_support_c.cpp.o[0m
[4.289s] [ 67%] [32mBuilding CXX object CMakeFiles/autoaim_msgs__rosidl_typesupport_fastrtps_c.dir/rosidl_typesupport_fastrtps_c/autoaim_msgs/msg/detail/armorresult__type_support_c.cpp.o[0m
[4.289s] [ 68%] [32mBuilding CXX object CMakeFiles/autoaim_msgs__rosidl_typesupport_fastrtps_c.dir/rosidl_typesupport_fastrtps_c/autoaim_msgs/msg/detail/prediction__type_support_c.cpp.o[0m
[4.289s] [ 70%] [32mBuilding CXX object CMakeFiles/autoaim_msgs__rosidl_typesupport_fastrtps_c.dir/rosidl_typesupport_fastrtps_c/autoaim_msgs/msg/detail/predictions__type_support_c.cpp.o[0m
[4.289s] [ 70%] [32mBuilding CXX object CMakeFiles/autoaim_msgs__rosidl_typesupport_fastrtps_c.dir/rosidl_typesupport_fastrtps_c/autoaim_msgs/msg/detail/armor__type_support_c.cpp.o[0m
[4.299s] [ 71%] [32mBuilding CXX object CMakeFiles/autoaim_msgs__rosidl_typesupport_fastrtps_cpp.dir/rosidl_typesupport_fastrtps_cpp/autoaim_msgs/msg/detail/dds_fastrtps/target__type_support.cpp.o[0m
[4.316s] [ 72%] [32m[1mLinking C shared library libautoaim_msgs__rosidl_typesupport_introspection_c.so[0m
[4.370s] [ 72%] Built target autoaim_msgs__rosidl_typesupport_introspection_c
[4.378s] [ 73%] [32mBuilding CXX object CMakeFiles/autoaim_msgs__rosidl_typesupport_fastrtps_cpp.dir/rosidl_typesupport_fastrtps_cpp/autoaim_msgs/msg/detail/dds_fastrtps/targets__type_support.cpp.o[0m
[4.545s] [ 75%] [32mBuilding CXX object CMakeFiles/autoaim_msgs__rosidl_typesupport_fastrtps_cpp.dir/rosidl_typesupport_fastrtps_cpp/autoaim_msgs/msg/detail/dds_fastrtps/armor__type_support.cpp.o[0m
[4.545s] [ 75%] [32mBuilding CXX object CMakeFiles/autoaim_msgs__rosidl_typesupport_fastrtps_c.dir/rosidl_typesupport_fastrtps_c/autoaim_msgs/msg/detail/serialcmd__type_support_c.cpp.o[0m
[4.551s] [ 76%] [32mBuilding CXX object CMakeFiles/autoaim_msgs__rosidl_typesupport_fastrtps_cpp.dir/rosidl_typesupport_fastrtps_cpp/autoaim_msgs/msg/detail/dds_fastrtps/armorresult__type_support.cpp.o[0m
[4.567s] [ 77%] [32mBuilding CXX object CMakeFiles/autoaim_msgs__rosidl_typesupport_fastrtps_cpp.dir/rosidl_typesupport_fastrtps_cpp/autoaim_msgs/msg/detail/dds_fastrtps/prediction__type_support.cpp.o[0m
[4.570s] [ 78%] [32mBuilding CXX object CMakeFiles/autoaim_msgs__rosidl_typesupport_fastrtps_c.dir/rosidl_typesupport_fastrtps_c/autoaim_msgs/msg/detail/debug__type_support_c.cpp.o[0m
[4.670s] [ 78%] [32mBuilding CXX object CMakeFiles/autoaim_msgs__rosidl_typesupport_fastrtps_cpp.dir/rosidl_typesupport_fastrtps_cpp/autoaim_msgs/msg/detail/dds_fastrtps/predictions__type_support.cpp.o[0m
[4.682s] [ 79%] [32mBuilding CXX object CMakeFiles/autoaim_msgs__rosidl_typesupport_fastrtps_cpp.dir/rosidl_typesupport_fastrtps_cpp/autoaim_msgs/msg/detail/dds_fastrtps/serialcmd__type_support.cpp.o[0m
[4.706s] [ 80%] [32mBuilding CXX object CMakeFiles/autoaim_msgs__rosidl_typesupport_fastrtps_cpp.dir/rosidl_typesupport_fastrtps_cpp/autoaim_msgs/msg/detail/dds_fastrtps/debug__type_support.cpp.o[0m
[4.782s] [ 81%] [32m[1mLinking CXX shared library libautoaim_msgs__rosidl_typesupport_cpp.so[0m
[4.832s] [ 81%] Built target autoaim_msgs__rosidl_typesupport_cpp
[4.970s] [ 82%] [32m[1mLinking CXX shared library libautoaim_msgs__rosidl_typesupport_introspection_cpp.so[0m
[5.012s] [ 83%] [32m[1mLinking CXX shared library libautoaim_msgs__rosidl_typesupport_fastrtps_c.so[0m
[5.036s] [ 83%] Built target autoaim_msgs__rosidl_typesupport_introspection_cpp
[5.072s] [ 83%] Built target autoaim_msgs__rosidl_typesupport_fastrtps_c
[5.255s] [ 84%] [32m[1mLinking CXX shared library libautoaim_msgs__rosidl_typesupport_fastrtps_cpp.so[0m
[5.304s] [ 84%] Built target autoaim_msgs__rosidl_typesupport_fastrtps_cpp
[5.314s] [ 84%] Built target autoaim_msgs
[5.324s] [ 85%] [34m[1mGenerating Python code for ROS interfaces[0m
[6.338s] [ 85%] Built target autoaim_msgs__py
[6.355s] [ 86%] [32mBuilding C object CMakeFiles/autoaim_msgs__rosidl_generator_py.dir/rosidl_generator_py/autoaim_msgs/msg/_target_s.c.o[0m
[6.356s] [ 87%] [32mBuilding C object CMakeFiles/autoaim_msgs__rosidl_generator_py.dir/rosidl_generator_py/autoaim_msgs/msg/_targets_s.c.o[0m
[6.357s] [ 88%] [32mBuilding C object CMakeFiles/autoaim_msgs__rosidl_generator_py.dir/rosidl_generator_py/autoaim_msgs/msg/_armor_s.c.o[0m
[6.357s] [ 89%] [32mBuilding C object CMakeFiles/autoaim_msgs__rosidl_generator_py.dir/rosidl_generator_py/autoaim_msgs/msg/_prediction_s.c.o[0m
[6.357s] [ 91%] [32mBuilding C object CMakeFiles/autoaim_msgs__rosidl_generator_py.dir/rosidl_generator_py/autoaim_msgs/msg/_predictions_s.c.o[0m
[6.357s] [ 91%] [32mBuilding C object CMakeFiles/autoaim_msgs__rosidl_generator_py.dir/rosidl_generator_py/autoaim_msgs/msg/_armorresult_s.c.o[0m
[6.357s] [ 92%] [32mBuilding C object CMakeFiles/autoaim_msgs__rosidl_generator_py.dir/rosidl_generator_py/autoaim_msgs/msg/_serialcmd_s.c.o[0m
[6.358s] [ 93%] [32mBuilding C object CMakeFiles/autoaim_msgs__rosidl_generator_py.dir/rosidl_generator_py/autoaim_msgs/msg/_debug_s.c.o[0m
[6.456s] [ 94%] [32m[1mLinking C shared library libautoaim_msgs__rosidl_generator_py.so[0m
[6.483s] [ 94%] Built target autoaim_msgs__rosidl_generator_py
[6.496s] [ 96%] [32mBuilding C object CMakeFiles/autoaim_msgs__rosidl_typesupport_fastrtps_c__pyext.dir/rosidl_generator_py/autoaim_msgs/_autoaim_msgs_s.ep.rosidl_typesupport_fastrtps_c.c.o[0m
[6.496s] [ 96%] [32mBuilding C object CMakeFiles/autoaim_msgs__rosidl_typesupport_introspection_c__pyext.dir/rosidl_generator_py/autoaim_msgs/_autoaim_msgs_s.ep.rosidl_typesupport_introspection_c.c.o[0m
[6.496s] [ 97%] [32mBuilding C object CMakeFiles/autoaim_msgs__rosidl_typesupport_c__pyext.dir/rosidl_generator_py/autoaim_msgs/_autoaim_msgs_s.ep.rosidl_typesupport_c.c.o[0m
[6.579s] [ 98%] [32m[1mLinking C shared library autoaim_msgs_s__rosidl_typesupport_c.cpython-310-x86_64-linux-gnu.so[0m
[6.581s] [ 99%] [32m[1mLinking C shared library autoaim_msgs_s__rosidl_typesupport_fastrtps_c.cpython-310-x86_64-linux-gnu.so[0m
[6.583s] [100%] [32m[1mLinking C shared library autoaim_msgs_s__rosidl_typesupport_introspection_c.cpython-310-x86_64-linux-gnu.so[0m
[6.607s] [100%] Built target autoaim_msgs__rosidl_typesupport_c__pyext
[6.611s] [100%] Built target autoaim_msgs__rosidl_typesupport_fastrtps_c__pyext
[6.611s] [100%] Built target autoaim_msgs__rosidl_typesupport_introspection_c__pyext
[6.616s] Invoked command in '/home/guo/ITL_sentry_auto_new/build/autoaim_msgs' returned '0': CMAKE_PREFIX_PATH=${CMAKE_PREFIX_PATH}:/opt/ros/rolling /usr/local/bin/cmake --build /home/guo/ITL_sentry_auto_new/build/autoaim_msgs -- -j24 -l24
[6.618s] Invoking command in '/home/guo/ITL_sentry_auto_new/build/autoaim_msgs': CMAKE_PREFIX_PATH=${CMAKE_PREFIX_PATH}:/opt/ros/rolling /usr/local/bin/cmake --install /home/guo/ITL_sentry_auto_new/build/autoaim_msgs
[6.621s] -- Install configuration: ""
[6.621s] -- Installing: /home/guo/ITL_sentry_auto_new/install/autoaim_msgs/share/ament_index/resource_index/rosidl_interfaces/autoaim_msgs
[6.621s] -- Installing: /home/guo/ITL_sentry_auto_new/install/autoaim_msgs/share/autoaim_msgs/msg/Target.json
[6.621s] -- Installing: /home/guo/ITL_sentry_auto_new/install/autoaim_msgs/share/autoaim_msgs/msg/Targets.json
[6.621s] -- Installing: /home/guo/ITL_sentry_auto_new/install/autoaim_msgs/share/autoaim_msgs/msg/Armor.json
[6.621s] -- Installing: /home/guo/ITL_sentry_auto_new/install/autoaim_msgs/share/autoaim_msgs/msg/Armorresult.json
[6.621s] -- Installing: /home/guo/ITL_sentry_auto_new/install/autoaim_msgs/share/autoaim_msgs/msg/Prediction.json
[6.621s] -- Installing: /home/guo/ITL_sentry_auto_new/install/autoaim_msgs/share/autoaim_msgs/msg/Predictions.json
[6.621s] -- Installing: /home/guo/ITL_sentry_auto_new/install/autoaim_msgs/share/autoaim_msgs/msg/Serialcmd.json
[6.621s] -- Installing: /home/guo/ITL_sentry_auto_new/install/autoaim_msgs/share/autoaim_msgs/msg/Debug.json
[6.621s] -- Up-to-date: /home/guo/ITL_sentry_auto_new/install/autoaim_msgs/include/autoaim_msgs/autoaim_msgs
[6.622s] -- Up-to-date: /home/guo/ITL_sentry_auto_new/install/autoaim_msgs/include/autoaim_msgs/autoaim_msgs/msg
[6.622s] -- Installing: /home/guo/ITL_sentry_auto_new/install/autoaim_msgs/include/autoaim_msgs/autoaim_msgs/msg/serialcmd.h
[6.622s] -- Up-to-date: /home/guo/ITL_sentry_auto_new/install/autoaim_msgs/include/autoaim_msgs/autoaim_msgs/msg/rosidl_generator_c__visibility_control.h
[6.622s] -- Up-to-date: /home/guo/ITL_sentry_auto_new/install/autoaim_msgs/include/autoaim_msgs/autoaim_msgs/msg/detail
[6.622s] -- Installing: /home/guo/ITL_sentry_auto_new/install/autoaim_msgs/include/autoaim_msgs/autoaim_msgs/msg/detail/target__type_support.h
[6.622s] -- Installing: /home/guo/ITL_sentry_auto_new/install/autoaim_msgs/include/autoaim_msgs/autoaim_msgs/msg/detail/armorresult__type_support.c
[6.622s] -- Installing: /home/guo/ITL_sentry_auto_new/install/autoaim_msgs/include/autoaim_msgs/autoaim_msgs/msg/detail/predictions__type_support.c
[6.622s] -- Installing: /home/guo/ITL_sentry_auto_new/install/autoaim_msgs/include/autoaim_msgs/autoaim_msgs/msg/detail/targets__functions.h
[6.622s] -- Installing: /home/guo/ITL_sentry_auto_new/install/autoaim_msgs/include/autoaim_msgs/autoaim_msgs/msg/detail/target__description.c
[6.622s] -- Installing: /home/guo/ITL_sentry_auto_new/install/autoaim_msgs/include/autoaim_msgs/autoaim_msgs/msg/detail/predictions__type_support.h
[6.622s] -- Installing: /home/guo/ITL_sentry_auto_new/install/autoaim_msgs/include/autoaim_msgs/autoaim_msgs/msg/detail/prediction__type_support.h
[6.623s] -- Installing: /home/guo/ITL_sentry_auto_new/install/autoaim_msgs/include/autoaim_msgs/autoaim_msgs/msg/detail/predictions__struct.h
[6.623s] -- Installing: /home/guo/ITL_sentry_auto_new/install/autoaim_msgs/include/autoaim_msgs/autoaim_msgs/msg/detail/armor__functions.c
[6.623s] -- Installing: /home/guo/ITL_sentry_auto_new/install/autoaim_msgs/include/autoaim_msgs/autoaim_msgs/msg/detail/serialcmd__functions.h
[6.623s] -- Installing: /home/guo/ITL_sentry_auto_new/install/autoaim_msgs/include/autoaim_msgs/autoaim_msgs/msg/detail/targets__type_support.c
[6.623s] -- Installing: /home/guo/ITL_sentry_auto_new/install/autoaim_msgs/include/autoaim_msgs/autoaim_msgs/msg/detail/prediction__functions.h
[6.623s] -- Installing: /home/guo/ITL_sentry_auto_new/install/autoaim_msgs/include/autoaim_msgs/autoaim_msgs/msg/detail/serialcmd__functions.c
[6.623s] -- Installing: /home/guo/ITL_sentry_auto_new/install/autoaim_msgs/include/autoaim_msgs/autoaim_msgs/msg/detail/debug__functions.h
[6.623s] -- Installing: /home/guo/ITL_sentry_auto_new/install/autoaim_msgs/include/autoaim_msgs/autoaim_msgs/msg/detail/armor__functions.h
[6.623s] -- Installing: /home/guo/ITL_sentry_auto_new/install/autoaim_msgs/include/autoaim_msgs/autoaim_msgs/msg/detail/target__functions.c
[6.623s] -- Installing: /home/guo/ITL_sentry_auto_new/install/autoaim_msgs/include/autoaim_msgs/autoaim_msgs/msg/detail/serialcmd__type_support.c
[6.623s] -- Installing: /home/guo/ITL_sentry_auto_new/install/autoaim_msgs/include/autoaim_msgs/autoaim_msgs/msg/detail/debug__type_support.h
[6.623s] -- Installing: /home/guo/ITL_sentry_auto_new/install/autoaim_msgs/include/autoaim_msgs/autoaim_msgs/msg/detail/predictions__functions.h
[6.624s] -- Installing: /home/guo/ITL_sentry_auto_new/install/autoaim_msgs/include/autoaim_msgs/autoaim_msgs/msg/detail/armorresult__functions.c
[6.624s] -- Installing: /home/guo/ITL_sentry_auto_new/install/autoaim_msgs/include/autoaim_msgs/autoaim_msgs/msg/detail/armor__description.c
[6.624s] -- Installing: /home/guo/ITL_sentry_auto_new/install/autoaim_msgs/include/autoaim_msgs/autoaim_msgs/msg/detail/prediction__struct.h
[6.624s] -- Installing: /home/guo/ITL_sentry_auto_new/install/autoaim_msgs/include/autoaim_msgs/autoaim_msgs/msg/detail/armorresult__description.c
[6.624s] -- Installing: /home/guo/ITL_sentry_auto_new/install/autoaim_msgs/include/autoaim_msgs/autoaim_msgs/msg/detail/targets__description.c
[6.624s] -- Installing: /home/guo/ITL_sentry_auto_new/install/autoaim_msgs/include/autoaim_msgs/autoaim_msgs/msg/detail/target__functions.h
[6.624s] -- Installing: /home/guo/ITL_sentry_auto_new/install/autoaim_msgs/include/autoaim_msgs/autoaim_msgs/msg/detail/predictions__functions.c
[6.624s] -- Installing: /home/guo/ITL_sentry_auto_new/install/autoaim_msgs/include/autoaim_msgs/autoaim_msgs/msg/detail/serialcmd__struct.h
[6.624s] -- Installing: /home/guo/ITL_sentry_auto_new/install/autoaim_msgs/include/autoaim_msgs/autoaim_msgs/msg/detail/armor__struct.h
[6.624s] -- Installing: /home/guo/ITL_sentry_auto_new/install/autoaim_msgs/include/autoaim_msgs/autoaim_msgs/msg/detail/serialcmd__type_support.h
[6.624s] -- Installing: /home/guo/ITL_sentry_auto_new/install/autoaim_msgs/include/autoaim_msgs/autoaim_msgs/msg/detail/predictions__description.c
[6.624s] -- Installing: /home/guo/ITL_sentry_auto_new/install/autoaim_msgs/include/autoaim_msgs/autoaim_msgs/msg/detail/armor__type_support.c
[6.624s] -- Installing: /home/guo/ITL_sentry_auto_new/install/autoaim_msgs/include/autoaim_msgs/autoaim_msgs/msg/detail/debug__type_support.c
[6.625s] -- Installing: /home/guo/ITL_sentry_auto_new/install/autoaim_msgs/include/autoaim_msgs/autoaim_msgs/msg/detail/serialcmd__description.c
[6.625s] -- Installing: /home/guo/ITL_sentry_auto_new/install/autoaim_msgs/include/autoaim_msgs/autoaim_msgs/msg/detail/prediction__functions.c
[6.625s] -- Installing: /home/guo/ITL_sentry_auto_new/install/autoaim_msgs/include/autoaim_msgs/autoaim_msgs/msg/detail/debug__functions.c
[6.625s] -- Installing: /home/guo/ITL_sentry_auto_new/install/autoaim_msgs/include/autoaim_msgs/autoaim_msgs/msg/detail/debug__struct.h
[6.625s] -- Installing: /home/guo/ITL_sentry_auto_new/install/autoaim_msgs/include/autoaim_msgs/autoaim_msgs/msg/detail/prediction__description.c
[6.625s] -- Installing: /home/guo/ITL_sentry_auto_new/install/autoaim_msgs/include/autoaim_msgs/autoaim_msgs/msg/detail/armor__type_support.h
[6.625s] -- Installing: /home/guo/ITL_sentry_auto_new/install/autoaim_msgs/include/autoaim_msgs/autoaim_msgs/msg/detail/armorresult__type_support.h
[6.625s] -- Installing: /home/guo/ITL_sentry_auto_new/install/autoaim_msgs/include/autoaim_msgs/autoaim_msgs/msg/detail/armorresult__struct.h
[6.625s] -- Installing: /home/guo/ITL_sentry_auto_new/install/autoaim_msgs/include/autoaim_msgs/autoaim_msgs/msg/detail/target__type_support.c
[6.625s] -- Installing: /home/guo/ITL_sentry_auto_new/install/autoaim_msgs/include/autoaim_msgs/autoaim_msgs/msg/detail/targets__struct.h
[6.626s] -- Installing: /home/guo/ITL_sentry_auto_new/install/autoaim_msgs/include/autoaim_msgs/autoaim_msgs/msg/detail/debug__description.c
[6.626s] -- Installing: /home/guo/ITL_sentry_auto_new/install/autoaim_msgs/include/autoaim_msgs/autoaim_msgs/msg/detail/targets__type_support.h
[6.626s] -- Installing: /home/guo/ITL_sentry_auto_new/install/autoaim_msgs/include/autoaim_msgs/autoaim_msgs/msg/detail/targets__functions.c
[6.626s] -- Installing: /home/guo/ITL_sentry_auto_new/install/autoaim_msgs/include/autoaim_msgs/autoaim_msgs/msg/detail/armorresult__functions.h
[6.626s] -- Installing: /home/guo/ITL_sentry_auto_new/install/autoaim_msgs/include/autoaim_msgs/autoaim_msgs/msg/detail/prediction__type_support.c
[6.626s] -- Installing: /home/guo/ITL_sentry_auto_new/install/autoaim_msgs/include/autoaim_msgs/autoaim_msgs/msg/detail/target__struct.h
[6.626s] -- Installing: /home/guo/ITL_sentry_auto_new/install/autoaim_msgs/include/autoaim_msgs/autoaim_msgs/msg/target.h
[6.626s] -- Installing: /home/guo/ITL_sentry_auto_new/install/autoaim_msgs/include/autoaim_msgs/autoaim_msgs/msg/prediction.h
[6.627s] -- Installing: /home/guo/ITL_sentry_auto_new/install/autoaim_msgs/include/autoaim_msgs/autoaim_msgs/msg/armorresult.h
[6.627s] -- Installing: /home/guo/ITL_sentry_auto_new/install/autoaim_msgs/include/autoaim_msgs/autoaim_msgs/msg/predictions.h
[6.627s] -- Installing: /home/guo/ITL_sentry_auto_new/install/autoaim_msgs/include/autoaim_msgs/autoaim_msgs/msg/armor.h
[6.627s] -- Installing: /home/guo/ITL_sentry_auto_new/install/autoaim_msgs/include/autoaim_msgs/autoaim_msgs/msg/debug.h
[6.627s] -- Installing: /home/guo/ITL_sentry_auto_new/install/autoaim_msgs/include/autoaim_msgs/autoaim_msgs/msg/targets.h
[6.627s] -- Up-to-date: /home/guo/ITL_sentry_auto_new/install/autoaim_msgs/share/autoaim_msgs/environment/library_path.sh
[6.627s] -- Up-to-date: /home/guo/ITL_sentry_auto_new/install/autoaim_msgs/share/autoaim_msgs/environment/library_path.dsv
[6.627s] -- Installing: /home/guo/ITL_sentry_auto_new/install/autoaim_msgs/lib/libautoaim_msgs__rosidl_generator_c.so
[6.627s] -- Set non-toolchain portion of runtime path of "/home/guo/ITL_sentry_auto_new/install/autoaim_msgs/lib/libautoaim_msgs__rosidl_generator_c.so" to ""
[6.627s] -- Up-to-date: /home/guo/ITL_sentry_auto_new/install/autoaim_msgs/include/autoaim_msgs/autoaim_msgs
[6.628s] -- Up-to-date: /home/guo/ITL_sentry_auto_new/install/autoaim_msgs/include/autoaim_msgs/autoaim_msgs/msg
[6.628s] -- Up-to-date: /home/guo/ITL_sentry_auto_new/install/autoaim_msgs/include/autoaim_msgs/autoaim_msgs/msg/detail
[6.628s] -- Installing: /home/guo/ITL_sentry_auto_new/install/autoaim_msgs/include/autoaim_msgs/autoaim_msgs/msg/detail/predictions__rosidl_typesupport_fastrtps_c.h
[6.628s] -- Installing: /home/guo/ITL_sentry_auto_new/install/autoaim_msgs/include/autoaim_msgs/autoaim_msgs/msg/detail/debug__rosidl_typesupport_fastrtps_c.h
[6.628s] -- Installing: /home/guo/ITL_sentry_auto_new/install/autoaim_msgs/include/autoaim_msgs/autoaim_msgs/msg/detail/serialcmd__rosidl_typesupport_fastrtps_c.h
[6.628s] -- Installing: /home/guo/ITL_sentry_auto_new/install/autoaim_msgs/include/autoaim_msgs/autoaim_msgs/msg/detail/prediction__rosidl_typesupport_fastrtps_c.h
[6.628s] -- Installing: /home/guo/ITL_sentry_auto_new/install/autoaim_msgs/include/autoaim_msgs/autoaim_msgs/msg/detail/targets__rosidl_typesupport_fastrtps_c.h
[6.628s] -- Installing: /home/guo/ITL_sentry_auto_new/install/autoaim_msgs/include/autoaim_msgs/autoaim_msgs/msg/detail/armor__rosidl_typesupport_fastrtps_c.h
[6.628s] -- Installing: /home/guo/ITL_sentry_auto_new/install/autoaim_msgs/include/autoaim_msgs/autoaim_msgs/msg/detail/target__rosidl_typesupport_fastrtps_c.h
[6.628s] -- Installing: /home/guo/ITL_sentry_auto_new/install/autoaim_msgs/include/autoaim_msgs/autoaim_msgs/msg/detail/armorresult__rosidl_typesupport_fastrtps_c.h
[6.628s] -- Up-to-date: /home/guo/ITL_sentry_auto_new/install/autoaim_msgs/include/autoaim_msgs/autoaim_msgs/msg/rosidl_typesupport_fastrtps_c__visibility_control.h
[6.628s] -- Installing: /home/guo/ITL_sentry_auto_new/install/autoaim_msgs/lib/libautoaim_msgs__rosidl_typesupport_fastrtps_c.so
[6.629s] -- Set non-toolchain portion of runtime path of "/home/guo/ITL_sentry_auto_new/install/autoaim_msgs/lib/libautoaim_msgs__rosidl_typesupport_fastrtps_c.so" to ""
[6.629s] -- Up-to-date: /home/guo/ITL_sentry_auto_new/install/autoaim_msgs/include/autoaim_msgs/autoaim_msgs
[6.629s] -- Up-to-date: /home/guo/ITL_sentry_auto_new/install/autoaim_msgs/include/autoaim_msgs/autoaim_msgs/msg
[6.629s] -- Up-to-date: /home/guo/ITL_sentry_auto_new/install/autoaim_msgs/include/autoaim_msgs/autoaim_msgs/msg/rosidl_typesupport_introspection_c__visibility_control.h
[6.629s] -- Up-to-date: /home/guo/ITL_sentry_auto_new/install/autoaim_msgs/include/autoaim_msgs/autoaim_msgs/msg/detail
[6.629s] -- Installing: /home/guo/ITL_sentry_auto_new/install/autoaim_msgs/include/autoaim_msgs/autoaim_msgs/msg/detail/armorresult__type_support.c
[6.629s] -- Installing: /home/guo/ITL_sentry_auto_new/install/autoaim_msgs/include/autoaim_msgs/autoaim_msgs/msg/detail/predictions__type_support.c
[6.629s] -- Installing: /home/guo/ITL_sentry_auto_new/install/autoaim_msgs/include/autoaim_msgs/autoaim_msgs/msg/detail/prediction__rosidl_typesupport_introspection_c.h
[6.629s] -- Installing: /home/guo/ITL_sentry_auto_new/install/autoaim_msgs/include/autoaim_msgs/autoaim_msgs/msg/detail/targets__type_support.c
[6.629s] -- Installing: /home/guo/ITL_sentry_auto_new/install/autoaim_msgs/include/autoaim_msgs/autoaim_msgs/msg/detail/armor__rosidl_typesupport_introspection_c.h
[6.630s] -- Installing: /home/guo/ITL_sentry_auto_new/install/autoaim_msgs/include/autoaim_msgs/autoaim_msgs/msg/detail/serialcmd__type_support.c
[6.630s] -- Installing: /home/guo/ITL_sentry_auto_new/install/autoaim_msgs/include/autoaim_msgs/autoaim_msgs/msg/detail/armorresult__rosidl_typesupport_introspection_c.h
[6.630s] -- Installing: /home/guo/ITL_sentry_auto_new/install/autoaim_msgs/include/autoaim_msgs/autoaim_msgs/msg/detail/target__rosidl_typesupport_introspection_c.h
[6.630s] -- Installing: /home/guo/ITL_sentry_auto_new/install/autoaim_msgs/include/autoaim_msgs/autoaim_msgs/msg/detail/debug__rosidl_typesupport_introspection_c.h
[6.630s] -- Installing: /home/guo/ITL_sentry_auto_new/install/autoaim_msgs/include/autoaim_msgs/autoaim_msgs/msg/detail/predictions__rosidl_typesupport_introspection_c.h
[6.630s] -- Installing: /home/guo/ITL_sentry_auto_new/install/autoaim_msgs/include/autoaim_msgs/autoaim_msgs/msg/detail/armor__type_support.c
[6.630s] -- Installing: /home/guo/ITL_sentry_auto_new/install/autoaim_msgs/include/autoaim_msgs/autoaim_msgs/msg/detail/debug__type_support.c
[6.630s] -- Installing: /home/guo/ITL_sentry_auto_new/install/autoaim_msgs/include/autoaim_msgs/autoaim_msgs/msg/detail/serialcmd__rosidl_typesupport_introspection_c.h
[6.630s] -- Installing: /home/guo/ITL_sentry_auto_new/install/autoaim_msgs/include/autoaim_msgs/autoaim_msgs/msg/detail/target__type_support.c
[6.631s] -- Installing: /home/guo/ITL_sentry_auto_new/install/autoaim_msgs/include/autoaim_msgs/autoaim_msgs/msg/detail/prediction__type_support.c
[6.631s] -- Installing: /home/guo/ITL_sentry_auto_new/install/autoaim_msgs/include/autoaim_msgs/autoaim_msgs/msg/detail/targets__rosidl_typesupport_introspection_c.h
[6.631s] -- Installing: /home/guo/ITL_sentry_auto_new/install/autoaim_msgs/lib/libautoaim_msgs__rosidl_typesupport_introspection_c.so
[6.631s] -- Set non-toolchain portion of runtime path of "/home/guo/ITL_sentry_auto_new/install/autoaim_msgs/lib/libautoaim_msgs__rosidl_typesupport_introspection_c.so" to ""
[6.631s] -- Installing: /home/guo/ITL_sentry_auto_new/install/autoaim_msgs/lib/libautoaim_msgs__rosidl_typesupport_c.so
[6.631s] -- Set non-toolchain portion of runtime path of "/home/guo/ITL_sentry_auto_new/install/autoaim_msgs/lib/libautoaim_msgs__rosidl_typesupport_c.so" to ""
[6.631s] -- Up-to-date: /home/guo/ITL_sentry_auto_new/install/autoaim_msgs/include/autoaim_msgs/autoaim_msgs
[6.631s] -- Up-to-date: /home/guo/ITL_sentry_auto_new/install/autoaim_msgs/include/autoaim_msgs/autoaim_msgs/msg
[6.631s] -- Installing: /home/guo/ITL_sentry_auto_new/install/autoaim_msgs/include/autoaim_msgs/autoaim_msgs/msg/targets.hpp
[6.631s] -- Installing: /home/guo/ITL_sentry_auto_new/install/autoaim_msgs/include/autoaim_msgs/autoaim_msgs/msg/armor.hpp
[6.631s] -- Installing: /home/guo/ITL_sentry_auto_new/install/autoaim_msgs/include/autoaim_msgs/autoaim_msgs/msg/debug.hpp
[6.631s] -- Up-to-date: /home/guo/ITL_sentry_auto_new/install/autoaim_msgs/include/autoaim_msgs/autoaim_msgs/msg/detail
[6.631s] -- Installing: /home/guo/ITL_sentry_auto_new/install/autoaim_msgs/include/autoaim_msgs/autoaim_msgs/msg/detail/serialcmd__traits.hpp
[6.631s] -- Installing: /home/guo/ITL_sentry_auto_new/install/autoaim_msgs/include/autoaim_msgs/autoaim_msgs/msg/detail/debug__type_support.hpp
[6.631s] -- Installing: /home/guo/ITL_sentry_auto_new/install/autoaim_msgs/include/autoaim_msgs/autoaim_msgs/msg/detail/targets__type_support.hpp
[6.631s] -- Installing: /home/guo/ITL_sentry_auto_new/install/autoaim_msgs/include/autoaim_msgs/autoaim_msgs/msg/detail/predictions__builder.hpp
[6.631s] -- Installing: /home/guo/ITL_sentry_auto_new/install/autoaim_msgs/include/autoaim_msgs/autoaim_msgs/msg/detail/armor__traits.hpp
[6.631s] -- Installing: /home/guo/ITL_sentry_auto_new/install/autoaim_msgs/include/autoaim_msgs/autoaim_msgs/msg/detail/armorresult__traits.hpp
[6.631s] -- Installing: /home/guo/ITL_sentry_auto_new/install/autoaim_msgs/include/autoaim_msgs/autoaim_msgs/msg/detail/targets__struct.hpp
[6.631s] -- Installing: /home/guo/ITL_sentry_auto_new/install/autoaim_msgs/include/autoaim_msgs/autoaim_msgs/msg/detail/targets__traits.hpp
[6.631s] -- Installing: /home/guo/ITL_sentry_auto_new/install/autoaim_msgs/include/autoaim_msgs/autoaim_msgs/msg/detail/armorresult__type_support.hpp
[6.632s] -- Installing: /home/guo/ITL_sentry_auto_new/install/autoaim_msgs/include/autoaim_msgs/autoaim_msgs/msg/detail/prediction__builder.hpp
[6.632s] -- Installing: /home/guo/ITL_sentry_auto_new/install/autoaim_msgs/include/autoaim_msgs/autoaim_msgs/msg/detail/armor__type_support.hpp
[6.632s] -- Installing: /home/guo/ITL_sentry_auto_new/install/autoaim_msgs/include/autoaim_msgs/autoaim_msgs/msg/detail/serialcmd__builder.hpp
[6.632s] -- Installing: /home/guo/ITL_sentry_auto_new/install/autoaim_msgs/include/autoaim_msgs/autoaim_msgs/msg/detail/predictions__traits.hpp
[6.632s] -- Installing: /home/guo/ITL_sentry_auto_new/install/autoaim_msgs/include/autoaim_msgs/autoaim_msgs/msg/detail/armorresult__builder.hpp
[6.632s] -- Installing: /home/guo/ITL_sentry_auto_new/install/autoaim_msgs/include/autoaim_msgs/autoaim_msgs/msg/detail/predictions__struct.hpp
[6.632s] -- Installing: /home/guo/ITL_sentry_auto_new/install/autoaim_msgs/include/autoaim_msgs/autoaim_msgs/msg/detail/target__traits.hpp
[6.632s] -- Installing: /home/guo/ITL_sentry_auto_new/install/autoaim_msgs/include/autoaim_msgs/autoaim_msgs/msg/detail/prediction__type_support.hpp
[6.632s] -- Installing: /home/guo/ITL_sentry_auto_new/install/autoaim_msgs/include/autoaim_msgs/autoaim_msgs/msg/detail/serialcmd__type_support.hpp
[6.632s] -- Installing: /home/guo/ITL_sentry_auto_new/install/autoaim_msgs/include/autoaim_msgs/autoaim_msgs/msg/detail/armorresult__struct.hpp
[6.632s] -- Installing: /home/guo/ITL_sentry_auto_new/install/autoaim_msgs/include/autoaim_msgs/autoaim_msgs/msg/detail/targets__builder.hpp
[6.632s] -- Installing: /home/guo/ITL_sentry_auto_new/install/autoaim_msgs/include/autoaim_msgs/autoaim_msgs/msg/detail/target__type_support.hpp
[6.632s] -- Installing: /home/guo/ITL_sentry_auto_new/install/autoaim_msgs/include/autoaim_msgs/autoaim_msgs/msg/detail/debug__struct.hpp
[6.632s] -- Installing: /home/guo/ITL_sentry_auto_new/install/autoaim_msgs/include/autoaim_msgs/autoaim_msgs/msg/detail/prediction__traits.hpp
[6.632s] -- Installing: /home/guo/ITL_sentry_auto_new/install/autoaim_msgs/include/autoaim_msgs/autoaim_msgs/msg/detail/target__builder.hpp
[6.632s] -- Installing: /home/guo/ITL_sentry_auto_new/install/autoaim_msgs/include/autoaim_msgs/autoaim_msgs/msg/detail/debug__builder.hpp
[6.632s] -- Installing: /home/guo/ITL_sentry_auto_new/install/autoaim_msgs/include/autoaim_msgs/autoaim_msgs/msg/detail/serialcmd__struct.hpp
[6.632s] -- Installing: /home/guo/ITL_sentry_auto_new/install/autoaim_msgs/include/autoaim_msgs/autoaim_msgs/msg/detail/target__struct.hpp
[6.632s] -- Installing: /home/guo/ITL_sentry_auto_new/install/autoaim_msgs/include/autoaim_msgs/autoaim_msgs/msg/detail/prediction__struct.hpp
[6.632s] -- Installing: /home/guo/ITL_sentry_auto_new/install/autoaim_msgs/include/autoaim_msgs/autoaim_msgs/msg/detail/armor__builder.hpp
[6.632s] -- Installing: /home/guo/ITL_sentry_auto_new/install/autoaim_msgs/include/autoaim_msgs/autoaim_msgs/msg/detail/armor__struct.hpp
[6.632s] -- Installing: /home/guo/ITL_sentry_auto_new/install/autoaim_msgs/include/autoaim_msgs/autoaim_msgs/msg/detail/debug__traits.hpp
[6.632s] -- Installing: /home/guo/ITL_sentry_auto_new/install/autoaim_msgs/include/autoaim_msgs/autoaim_msgs/msg/detail/predictions__type_support.hpp
[6.632s] -- Installing: /home/guo/ITL_sentry_auto_new/install/autoaim_msgs/include/autoaim_msgs/autoaim_msgs/msg/predictions.hpp
[6.632s] -- Installing: /home/guo/ITL_sentry_auto_new/install/autoaim_msgs/include/autoaim_msgs/autoaim_msgs/msg/serialcmd.hpp
[6.633s] -- Installing: /home/guo/ITL_sentry_auto_new/install/autoaim_msgs/include/autoaim_msgs/autoaim_msgs/msg/armorresult.hpp
[6.633s] -- Installing: /home/guo/ITL_sentry_auto_new/install/autoaim_msgs/include/autoaim_msgs/autoaim_msgs/msg/target.hpp
[6.633s] -- Installing: /home/guo/ITL_sentry_auto_new/install/autoaim_msgs/include/autoaim_msgs/autoaim_msgs/msg/rosidl_generator_cpp__visibility_control.hpp
[6.633s] -- Installing: /home/guo/ITL_sentry_auto_new/install/autoaim_msgs/include/autoaim_msgs/autoaim_msgs/msg/prediction.hpp
[6.633s] -- Up-to-date: /home/guo/ITL_sentry_auto_new/install/autoaim_msgs/include/autoaim_msgs/autoaim_msgs
[6.633s] -- Up-to-date: /home/guo/ITL_sentry_auto_new/install/autoaim_msgs/include/autoaim_msgs/autoaim_msgs/msg
[6.633s] -- Up-to-date: /home/guo/ITL_sentry_auto_new/install/autoaim_msgs/include/autoaim_msgs/autoaim_msgs/msg/rosidl_typesupport_fastrtps_cpp__visibility_control.h
[6.633s] -- Up-to-date: /home/guo/ITL_sentry_auto_new/install/autoaim_msgs/include/autoaim_msgs/autoaim_msgs/msg/detail
[6.633s] -- Installing: /home/guo/ITL_sentry_auto_new/install/autoaim_msgs/include/autoaim_msgs/autoaim_msgs/msg/detail/prediction__rosidl_typesupport_fastrtps_cpp.hpp
[6.633s] -- Installing: /home/guo/ITL_sentry_auto_new/install/autoaim_msgs/include/autoaim_msgs/autoaim_msgs/msg/detail/targets__rosidl_typesupport_fastrtps_cpp.hpp
[6.633s] -- Installing: /home/guo/ITL_sentry_auto_new/install/autoaim_msgs/include/autoaim_msgs/autoaim_msgs/msg/detail/target__rosidl_typesupport_fastrtps_cpp.hpp
[6.633s] -- Installing: /home/guo/ITL_sentry_auto_new/install/autoaim_msgs/include/autoaim_msgs/autoaim_msgs/msg/detail/armorresult__rosidl_typesupport_fastrtps_cpp.hpp
[6.633s] -- Installing: /home/guo/ITL_sentry_auto_new/install/autoaim_msgs/include/autoaim_msgs/autoaim_msgs/msg/detail/serialcmd__rosidl_typesupport_fastrtps_cpp.hpp
[6.633s] -- Installing: /home/guo/ITL_sentry_auto_new/install/autoaim_msgs/include/autoaim_msgs/autoaim_msgs/msg/detail/debug__rosidl_typesupport_fastrtps_cpp.hpp
[6.633s] -- Up-to-date: /home/guo/ITL_sentry_auto_new/install/autoaim_msgs/include/autoaim_msgs/autoaim_msgs/msg/detail/dds_fastrtps
[6.633s] -- Installing: /home/guo/ITL_sentry_auto_new/install/autoaim_msgs/include/autoaim_msgs/autoaim_msgs/msg/detail/armor__rosidl_typesupport_fastrtps_cpp.hpp
[6.633s] -- Installing: /home/guo/ITL_sentry_auto_new/install/autoaim_msgs/include/autoaim_msgs/autoaim_msgs/msg/detail/predictions__rosidl_typesupport_fastrtps_cpp.hpp
[6.633s] -- Installing: /home/guo/ITL_sentry_auto_new/install/autoaim_msgs/lib/libautoaim_msgs__rosidl_typesupport_fastrtps_cpp.so
[6.633s] -- Set non-toolchain portion of runtime path of "/home/guo/ITL_sentry_auto_new/install/autoaim_msgs/lib/libautoaim_msgs__rosidl_typesupport_fastrtps_cpp.so" to ""
[6.633s] -- Up-to-date: /home/guo/ITL_sentry_auto_new/install/autoaim_msgs/include/autoaim_msgs/autoaim_msgs
[6.633s] -- Up-to-date: /home/guo/ITL_sentry_auto_new/install/autoaim_msgs/include/autoaim_msgs/autoaim_msgs/msg
[6.633s] -- Up-to-date: /home/guo/ITL_sentry_auto_new/install/autoaim_msgs/include/autoaim_msgs/autoaim_msgs/msg/detail
[6.633s] -- Installing: /home/guo/ITL_sentry_auto_new/install/autoaim_msgs/include/autoaim_msgs/autoaim_msgs/msg/detail/target__type_support.cpp
[6.633s] -- Installing: /home/guo/ITL_sentry_auto_new/install/autoaim_msgs/include/autoaim_msgs/autoaim_msgs/msg/detail/armorresult__type_support.cpp
[6.633s] -- Installing: /home/guo/ITL_sentry_auto_new/install/autoaim_msgs/include/autoaim_msgs/autoaim_msgs/msg/detail/predictions__rosidl_typesupport_introspection_cpp.hpp
[6.633s] -- Installing: /home/guo/ITL_sentry_auto_new/install/autoaim_msgs/include/autoaim_msgs/autoaim_msgs/msg/detail/serialcmd__type_support.cpp
[6.633s] -- Installing: /home/guo/ITL_sentry_auto_new/install/autoaim_msgs/include/autoaim_msgs/autoaim_msgs/msg/detail/armor__type_support.cpp
[6.634s] -- Installing: /home/guo/ITL_sentry_auto_new/install/autoaim_msgs/include/autoaim_msgs/autoaim_msgs/msg/detail/serialcmd__rosidl_typesupport_introspection_cpp.hpp
[6.634s] -- Installing: /home/guo/ITL_sentry_auto_new/install/autoaim_msgs/include/autoaim_msgs/autoaim_msgs/msg/detail/debug__type_support.cpp
[6.634s] -- Installing: /home/guo/ITL_sentry_auto_new/install/autoaim_msgs/include/autoaim_msgs/autoaim_msgs/msg/detail/armorresult__rosidl_typesupport_introspection_cpp.hpp
[6.634s] -- Installing: /home/guo/ITL_sentry_auto_new/install/autoaim_msgs/include/autoaim_msgs/autoaim_msgs/msg/detail/prediction__rosidl_typesupport_introspection_cpp.hpp
[6.634s] -- Installing: /home/guo/ITL_sentry_auto_new/install/autoaim_msgs/include/autoaim_msgs/autoaim_msgs/msg/detail/targets__rosidl_typesupport_introspection_cpp.hpp
[6.634s] -- Installing: /home/guo/ITL_sentry_auto_new/install/autoaim_msgs/include/autoaim_msgs/autoaim_msgs/msg/detail/predictions__type_support.cpp
[6.634s] -- Installing: /home/guo/ITL_sentry_auto_new/install/autoaim_msgs/include/autoaim_msgs/autoaim_msgs/msg/detail/targets__type_support.cpp
[6.634s] -- Installing: /home/guo/ITL_sentry_auto_new/install/autoaim_msgs/include/autoaim_msgs/autoaim_msgs/msg/detail/armor__rosidl_typesupport_introspection_cpp.hpp
[6.634s] -- Installing: /home/guo/ITL_sentry_auto_new/install/autoaim_msgs/include/autoaim_msgs/autoaim_msgs/msg/detail/prediction__type_support.cpp
[6.634s] -- Installing: /home/guo/ITL_sentry_auto_new/install/autoaim_msgs/include/autoaim_msgs/autoaim_msgs/msg/detail/target__rosidl_typesupport_introspection_cpp.hpp
[6.634s] -- Installing: /home/guo/ITL_sentry_auto_new/install/autoaim_msgs/include/autoaim_msgs/autoaim_msgs/msg/detail/debug__rosidl_typesupport_introspection_cpp.hpp
[6.634s] -- Installing: /home/guo/ITL_sentry_auto_new/install/autoaim_msgs/lib/libautoaim_msgs__rosidl_typesupport_introspection_cpp.so
[6.634s] -- Set non-toolchain portion of runtime path of "/home/guo/ITL_sentry_auto_new/install/autoaim_msgs/lib/libautoaim_msgs__rosidl_typesupport_introspection_cpp.so" to ""
[6.634s] -- Installing: /home/guo/ITL_sentry_auto_new/install/autoaim_msgs/lib/libautoaim_msgs__rosidl_typesupport_cpp.so
[6.634s] -- Set non-toolchain portion of runtime path of "/home/guo/ITL_sentry_auto_new/install/autoaim_msgs/lib/libautoaim_msgs__rosidl_typesupport_cpp.so" to ""
[6.634s] -- Up-to-date: /home/guo/ITL_sentry_auto_new/install/autoaim_msgs/share/autoaim_msgs/environment/pythonpath.sh
[6.634s] -- Up-to-date: /home/guo/ITL_sentry_auto_new/install/autoaim_msgs/share/autoaim_msgs/environment/pythonpath.dsv
[6.634s] -- Up-to-date: /home/guo/ITL_sentry_auto_new/install/autoaim_msgs/lib/python3.10/site-packages/autoaim_msgs-0.0.1-py3.10.egg-info
[6.634s] -- Installing: /home/guo/ITL_sentry_auto_new/install/autoaim_msgs/lib/python3.10/site-packages/autoaim_msgs-0.0.1-py3.10.egg-info/dependency_links.txt
[6.634s] -- Installing: /home/guo/ITL_sentry_auto_new/install/autoaim_msgs/lib/python3.10/site-packages/autoaim_msgs-0.0.1-py3.10.egg-info/top_level.txt
[6.634s] -- Installing: /home/guo/ITL_sentry_auto_new/install/autoaim_msgs/lib/python3.10/site-packages/autoaim_msgs-0.0.1-py3.10.egg-info/PKG-INFO
[6.634s] -- Installing: /home/guo/ITL_sentry_auto_new/install/autoaim_msgs/lib/python3.10/site-packages/autoaim_msgs-0.0.1-py3.10.egg-info/SOURCES.txt
[6.634s] -- Up-to-date: /home/guo/ITL_sentry_auto_new/install/autoaim_msgs/lib/python3.10/site-packages/autoaim_msgs
[6.634s] -- Installing: /home/guo/ITL_sentry_auto_new/install/autoaim_msgs/lib/python3.10/site-packages/autoaim_msgs/_autoaim_msgs_s.ep.rosidl_typesupport_c.c
[6.634s] -- Installing: /home/guo/ITL_sentry_auto_new/install/autoaim_msgs/lib/python3.10/site-packages/autoaim_msgs/_autoaim_msgs_s.ep.rosidl_typesupport_fastrtps_c.c
[6.634s] -- Installing: /home/guo/ITL_sentry_auto_new/install/autoaim_msgs/lib/python3.10/site-packages/autoaim_msgs/_autoaim_msgs_s.ep.rosidl_typesupport_introspection_c.c
[6.634s] -- Installing: /home/guo/ITL_sentry_auto_new/install/autoaim_msgs/lib/python3.10/site-packages/autoaim_msgs/__init__.py
[6.634s] -- Up-to-date: /home/guo/ITL_sentry_auto_new/install/autoaim_msgs/lib/python3.10/site-packages/autoaim_msgs/msg
[6.634s] -- Installing: /home/guo/ITL_sentry_auto_new/install/autoaim_msgs/lib/python3.10/site-packages/autoaim_msgs/msg/_armor.py
[6.635s] -- Installing: /home/guo/ITL_sentry_auto_new/install/autoaim_msgs/lib/python3.10/site-packages/autoaim_msgs/msg/_prediction_s.c
[6.635s] -- Installing: /home/guo/ITL_sentry_auto_new/install/autoaim_msgs/lib/python3.10/site-packages/autoaim_msgs/msg/_armorresult_s.c
[6.635s] -- Installing: /home/guo/ITL_sentry_auto_new/install/autoaim_msgs/lib/python3.10/site-packages/autoaim_msgs/msg/_predictions_s.c
[6.635s] -- Installing: /home/guo/ITL_sentry_auto_new/install/autoaim_msgs/lib/python3.10/site-packages/autoaim_msgs/msg/_predictions.py
[6.635s] -- Installing: /home/guo/ITL_sentry_auto_new/install/autoaim_msgs/lib/python3.10/site-packages/autoaim_msgs/msg/_serialcmd.py
[6.635s] -- Installing: /home/guo/ITL_sentry_auto_new/install/autoaim_msgs/lib/python3.10/site-packages/autoaim_msgs/msg/_serialcmd_s.c
[6.635s] -- Installing: /home/guo/ITL_sentry_auto_new/install/autoaim_msgs/lib/python3.10/site-packages/autoaim_msgs/msg/_target.py
[6.635s] -- Installing: /home/guo/ITL_sentry_auto_new/install/autoaim_msgs/lib/python3.10/site-packages/autoaim_msgs/msg/_targets_s.c
[6.635s] -- Installing: /home/guo/ITL_sentry_auto_new/install/autoaim_msgs/lib/python3.10/site-packages/autoaim_msgs/msg/_targets.py
[6.635s] -- Installing: /home/guo/ITL_sentry_auto_new/install/autoaim_msgs/lib/python3.10/site-packages/autoaim_msgs/msg/_prediction.py
[6.635s] -- Installing: /home/guo/ITL_sentry_auto_new/install/autoaim_msgs/lib/python3.10/site-packages/autoaim_msgs/msg/__init__.py
[6.635s] -- Installing: /home/guo/ITL_sentry_auto_new/install/autoaim_msgs/lib/python3.10/site-packages/autoaim_msgs/msg/_armor_s.c
[6.635s] -- Installing: /home/guo/ITL_sentry_auto_new/install/autoaim_msgs/lib/python3.10/site-packages/autoaim_msgs/msg/_target_s.c
[6.635s] -- Installing: /home/guo/ITL_sentry_auto_new/install/autoaim_msgs/lib/python3.10/site-packages/autoaim_msgs/msg/_debug_s.c
[6.635s] -- Installing: /home/guo/ITL_sentry_auto_new/install/autoaim_msgs/lib/python3.10/site-packages/autoaim_msgs/msg/_armorresult.py
[6.635s] -- Installing: /home/guo/ITL_sentry_auto_new/install/autoaim_msgs/lib/python3.10/site-packages/autoaim_msgs/msg/_debug.py
[6.667s] Listing '/home/guo/ITL_sentry_auto_new/install/autoaim_msgs/lib/python3.10/site-packages/autoaim_msgs'...
[6.667s] Compiling '/home/guo/ITL_sentry_auto_new/install/autoaim_msgs/lib/python3.10/site-packages/autoaim_msgs/__init__.py'...
[6.667s] Listing '/home/guo/ITL_sentry_auto_new/install/autoaim_msgs/lib/python3.10/site-packages/autoaim_msgs/msg'...
[6.667s] Compiling '/home/guo/ITL_sentry_auto_new/install/autoaim_msgs/lib/python3.10/site-packages/autoaim_msgs/msg/__init__.py'...
[6.668s] Compiling '/home/guo/ITL_sentry_auto_new/install/autoaim_msgs/lib/python3.10/site-packages/autoaim_msgs/msg/_armor.py'...
[6.668s] Compiling '/home/guo/ITL_sentry_auto_new/install/autoaim_msgs/lib/python3.10/site-packages/autoaim_msgs/msg/_armorresult.py'...
[6.668s] Compiling '/home/guo/ITL_sentry_auto_new/install/autoaim_msgs/lib/python3.10/site-packages/autoaim_msgs/msg/_debug.py'...
[6.668s] Compiling '/home/guo/ITL_sentry_auto_new/install/autoaim_msgs/lib/python3.10/site-packages/autoaim_msgs/msg/_prediction.py'...
[6.668s] Compiling '/home/guo/ITL_sentry_auto_new/install/autoaim_msgs/lib/python3.10/site-packages/autoaim_msgs/msg/_predictions.py'...
[6.668s] Compiling '/home/guo/ITL_sentry_auto_new/install/autoaim_msgs/lib/python3.10/site-packages/autoaim_msgs/msg/_serialcmd.py'...
[6.668s] Compiling '/home/guo/ITL_sentry_auto_new/install/autoaim_msgs/lib/python3.10/site-packages/autoaim_msgs/msg/_target.py'...
[6.668s] Compiling '/home/guo/ITL_sentry_auto_new/install/autoaim_msgs/lib/python3.10/site-packages/autoaim_msgs/msg/_targets.py'...
[6.671s] -- Installing: /home/guo/ITL_sentry_auto_new/install/autoaim_msgs/lib/python3.10/site-packages/autoaim_msgs/autoaim_msgs_s__rosidl_typesupport_fastrtps_c.cpython-310-x86_64-linux-gnu.so
[6.671s] -- Set non-toolchain portion of runtime path of "/home/guo/ITL_sentry_auto_new/install/autoaim_msgs/lib/python3.10/site-packages/autoaim_msgs/autoaim_msgs_s__rosidl_typesupport_fastrtps_c.cpython-310-x86_64-linux-gnu.so" to ""
[6.671s] -- Installing: /home/guo/ITL_sentry_auto_new/install/autoaim_msgs/lib/python3.10/site-packages/autoaim_msgs/autoaim_msgs_s__rosidl_typesupport_introspection_c.cpython-310-x86_64-linux-gnu.so
[6.671s] -- Set non-toolchain portion of runtime path of "/home/guo/ITL_sentry_auto_new/install/autoaim_msgs/lib/python3.10/site-packages/autoaim_msgs/autoaim_msgs_s__rosidl_typesupport_introspection_c.cpython-310-x86_64-linux-gnu.so" to ""
[6.671s] -- Installing: /home/guo/ITL_sentry_auto_new/install/autoaim_msgs/lib/python3.10/site-packages/autoaim_msgs/autoaim_msgs_s__rosidl_typesupport_c.cpython-310-x86_64-linux-gnu.so
[6.671s] -- Set non-toolchain portion of runtime path of "/home/guo/ITL_sentry_auto_new/install/autoaim_msgs/lib/python3.10/site-packages/autoaim_msgs/autoaim_msgs_s__rosidl_typesupport_c.cpython-310-x86_64-linux-gnu.so" to ""
[6.672s] -- Installing: /home/guo/ITL_sentry_auto_new/install/autoaim_msgs/lib/libautoaim_msgs__rosidl_generator_py.so
[6.672s] -- Set non-toolchain portion of runtime path of "/home/guo/ITL_sentry_auto_new/install/autoaim_msgs/lib/libautoaim_msgs__rosidl_generator_py.so" to ""
[6.672s] -- Up-to-date: /home/guo/ITL_sentry_auto_new/install/autoaim_msgs/share/autoaim_msgs/msg/Target.idl
[6.672s] -- Up-to-date: /home/guo/ITL_sentry_auto_new/install/autoaim_msgs/share/autoaim_msgs/msg/Targets.idl
[6.672s] -- Up-to-date: /home/guo/ITL_sentry_auto_new/install/autoaim_msgs/share/autoaim_msgs/msg/Armor.idl
[6.672s] -- Up-to-date: /home/guo/ITL_sentry_auto_new/install/autoaim_msgs/share/autoaim_msgs/msg/Armorresult.idl
[6.672s] -- Up-to-date: /home/guo/ITL_sentry_auto_new/install/autoaim_msgs/share/autoaim_msgs/msg/Prediction.idl
[6.672s] -- Up-to-date: /home/guo/ITL_sentry_auto_new/install/autoaim_msgs/share/autoaim_msgs/msg/Predictions.idl
[6.672s] -- Up-to-date: /home/guo/ITL_sentry_auto_new/install/autoaim_msgs/share/autoaim_msgs/msg/Serialcmd.idl
[6.672s] -- Installing: /home/guo/ITL_sentry_auto_new/install/autoaim_msgs/share/autoaim_msgs/msg/Debug.idl
[6.672s] -- Up-to-date: /home/guo/ITL_sentry_auto_new/install/autoaim_msgs/share/autoaim_msgs/msg/Target.msg
[6.672s] -- Up-to-date: /home/guo/ITL_sentry_auto_new/install/autoaim_msgs/share/autoaim_msgs/msg/Targets.msg
[6.672s] -- Up-to-date: /home/guo/ITL_sentry_auto_new/install/autoaim_msgs/share/autoaim_msgs/msg/Armor.msg
[6.673s] -- Up-to-date: /home/guo/ITL_sentry_auto_new/install/autoaim_msgs/share/autoaim_msgs/msg/Armorresult.msg
[6.673s] -- Up-to-date: /home/guo/ITL_sentry_auto_new/install/autoaim_msgs/share/autoaim_msgs/msg/Prediction.msg
[6.673s] -- Up-to-date: /home/guo/ITL_sentry_auto_new/install/autoaim_msgs/share/autoaim_msgs/msg/Predictions.msg
[6.673s] -- Installing: /home/guo/ITL_sentry_auto_new/install/autoaim_msgs/share/autoaim_msgs/msg/Serialcmd.msg
[6.673s] -- Installing: /home/guo/ITL_sentry_auto_new/install/autoaim_msgs/share/autoaim_msgs/msg/Debug.msg
[6.673s] -- Up-to-date: /home/guo/ITL_sentry_auto_new/install/autoaim_msgs/include
[6.673s] -- Up-to-date: /home/guo/ITL_sentry_auto_new/install/autoaim_msgs/include/autoaim_constants.hpp
[6.673s] -- Up-to-date: /home/guo/ITL_sentry_auto_new/install/autoaim_msgs/share/ament_index/resource_index/package_run_dependencies/autoaim_msgs
[6.673s] -- Installing: /home/guo/ITL_sentry_auto_new/install/autoaim_msgs/share/ament_index/resource_index/parent_prefix_path/autoaim_msgs
[6.673s] -- Up-to-date: /home/guo/ITL_sentry_auto_new/install/autoaim_msgs/share/autoaim_msgs/environment/ament_prefix_path.sh
[6.673s] -- Up-to-date: /home/guo/ITL_sentry_auto_new/install/autoaim_msgs/share/autoaim_msgs/environment/ament_prefix_path.dsv
[6.673s] -- Up-to-date: /home/guo/ITL_sentry_auto_new/install/autoaim_msgs/share/autoaim_msgs/environment/path.sh
[6.673s] -- Up-to-date: /home/guo/ITL_sentry_auto_new/install/autoaim_msgs/share/autoaim_msgs/environment/path.dsv
[6.673s] -- Up-to-date: /home/guo/ITL_sentry_auto_new/install/autoaim_msgs/share/autoaim_msgs/local_setup.bash
[6.673s] -- Up-to-date: /home/guo/ITL_sentry_auto_new/install/autoaim_msgs/share/autoaim_msgs/local_setup.sh
[6.673s] -- Up-to-date: /home/guo/ITL_sentry_auto_new/install/autoaim_msgs/share/autoaim_msgs/local_setup.zsh
[6.673s] -- Up-to-date: /home/guo/ITL_sentry_auto_new/install/autoaim_msgs/share/autoaim_msgs/local_setup.dsv
[6.673s] -- Installing: /home/guo/ITL_sentry_auto_new/install/autoaim_msgs/share/autoaim_msgs/package.dsv
[6.673s] -- Up-to-date: /home/guo/ITL_sentry_auto_new/install/autoaim_msgs/share/ament_index/resource_index/packages/autoaim_msgs
[6.673s] -- Up-to-date: /home/guo/ITL_sentry_auto_new/install/autoaim_msgs/share/autoaim_msgs/cmake/export_autoaim_msgs__rosidl_generator_cExport.cmake
[6.673s] -- Up-to-date: /home/guo/ITL_sentry_auto_new/install/autoaim_msgs/share/autoaim_msgs/cmake/export_autoaim_msgs__rosidl_generator_cExport-noconfig.cmake
[6.673s] -- Up-to-date: /home/guo/ITL_sentry_auto_new/install/autoaim_msgs/share/autoaim_msgs/cmake/export_autoaim_msgs__rosidl_typesupport_fastrtps_cExport.cmake
[6.673s] -- Up-to-date: /home/guo/ITL_sentry_auto_new/install/autoaim_msgs/share/autoaim_msgs/cmake/export_autoaim_msgs__rosidl_typesupport_fastrtps_cExport-noconfig.cmake
[6.673s] -- Up-to-date: /home/guo/ITL_sentry_auto_new/install/autoaim_msgs/share/autoaim_msgs/cmake/autoaim_msgs__rosidl_typesupport_introspection_cExport.cmake
[6.673s] -- Up-to-date: /home/guo/ITL_sentry_auto_new/install/autoaim_msgs/share/autoaim_msgs/cmake/autoaim_msgs__rosidl_typesupport_introspection_cExport-noconfig.cmake
[6.674s] -- Up-to-date: /home/guo/ITL_sentry_auto_new/install/autoaim_msgs/share/autoaim_msgs/cmake/autoaim_msgs__rosidl_typesupport_cExport.cmake
[6.674s] -- Up-to-date: /home/guo/ITL_sentry_auto_new/install/autoaim_msgs/share/autoaim_msgs/cmake/autoaim_msgs__rosidl_typesupport_cExport-noconfig.cmake
[6.674s] -- Up-to-date: /home/guo/ITL_sentry_auto_new/install/autoaim_msgs/share/autoaim_msgs/cmake/export_autoaim_msgs__rosidl_generator_cppExport.cmake
[6.674s] -- Up-to-date: /home/guo/ITL_sentry_auto_new/install/autoaim_msgs/share/autoaim_msgs/cmake/export_autoaim_msgs__rosidl_typesupport_fastrtps_cppExport.cmake
[6.674s] -- Up-to-date: /home/guo/ITL_sentry_auto_new/install/autoaim_msgs/share/autoaim_msgs/cmake/export_autoaim_msgs__rosidl_typesupport_fastrtps_cppExport-noconfig.cmake
[6.674s] -- Up-to-date: /home/guo/ITL_sentry_auto_new/install/autoaim_msgs/share/autoaim_msgs/cmake/autoaim_msgs__rosidl_typesupport_introspection_cppExport.cmake
[6.674s] -- Up-to-date: /home/guo/ITL_sentry_auto_new/install/autoaim_msgs/share/autoaim_msgs/cmake/autoaim_msgs__rosidl_typesupport_introspection_cppExport-noconfig.cmake
[6.674s] -- Up-to-date: /home/guo/ITL_sentry_auto_new/install/autoaim_msgs/share/autoaim_msgs/cmake/autoaim_msgs__rosidl_typesupport_cppExport.cmake
[6.674s] -- Up-to-date: /home/guo/ITL_sentry_auto_new/install/autoaim_msgs/share/autoaim_msgs/cmake/autoaim_msgs__rosidl_typesupport_cppExport-noconfig.cmake
[6.674s] -- Up-to-date: /home/guo/ITL_sentry_auto_new/install/autoaim_msgs/share/autoaim_msgs/cmake/export_autoaim_msgs__rosidl_generator_pyExport.cmake
[6.674s] -- Up-to-date: /home/guo/ITL_sentry_auto_new/install/autoaim_msgs/share/autoaim_msgs/cmake/export_autoaim_msgs__rosidl_generator_pyExport-noconfig.cmake
[6.674s] -- Installing: /home/guo/ITL_sentry_auto_new/install/autoaim_msgs/share/autoaim_msgs/cmake/rosidl_cmake-extras.cmake
[6.674s] -- Up-to-date: /home/guo/ITL_sentry_auto_new/install/autoaim_msgs/share/autoaim_msgs/cmake/ament_cmake_export_dependencies-extras.cmake
[6.674s] -- Up-to-date: /home/guo/ITL_sentry_auto_new/install/autoaim_msgs/share/autoaim_msgs/cmake/ament_cmake_export_include_directories-extras.cmake
[6.675s] -- Up-to-date: /home/guo/ITL_sentry_auto_new/install/autoaim_msgs/share/autoaim_msgs/cmake/ament_cmake_export_libraries-extras.cmake
[6.675s] -- Up-to-date: /home/guo/ITL_sentry_auto_new/install/autoaim_msgs/share/autoaim_msgs/cmake/ament_cmake_export_targets-extras.cmake
[6.675s] -- Up-to-date: /home/guo/ITL_sentry_auto_new/install/autoaim_msgs/share/autoaim_msgs/cmake/rosidl_cmake_export_typesupport_targets-extras.cmake
[6.675s] -- Up-to-date: /home/guo/ITL_sentry_auto_new/install/autoaim_msgs/share/autoaim_msgs/cmake/rosidl_cmake_export_typesupport_libraries-extras.cmake
[6.675s] -- Up-to-date: /home/guo/ITL_sentry_auto_new/install/autoaim_msgs/share/autoaim_msgs/cmake/autoaim_msgsConfig.cmake
[6.676s] -- Up-to-date: /home/guo/ITL_sentry_auto_new/install/autoaim_msgs/share/autoaim_msgs/cmake/autoaim_msgsConfig-version.cmake
[6.676s] -- Up-to-date: /home/guo/ITL_sentry_auto_new/install/autoaim_msgs/share/autoaim_msgs/package.xml
[6.676s] Invoked command in '/home/guo/ITL_sentry_auto_new/build/autoaim_msgs' returned '0': CMAKE_PREFIX_PATH=${CMAKE_PREFIX_PATH}:/opt/ros/rolling /usr/local/bin/cmake --install /home/guo/ITL_sentry_auto_new/build/autoaim_msgs
