[0.011s] Invoking command in '/home/shaobing/rm_ws/build/anlesover': CMAKE_PREFIX_PATH=${CMAKE_PREFIX_PATH}:/home/shaobing/rm_ws/install/pkg02_helloworld_py:/opt/ros/humble /usr/bin/cmake --build /home/shaobing/rm_ws/build/anlesover -- -j16 -l16
[0.054s] [35m[1mConsolidate compiler generated dependencies of target anglesolve[0m
[0.064s] [100%] Built target anglesolve
[0.201s] Invoked command in '/home/shaobing/rm_ws/build/anlesover' returned '0': CMAKE_PREFIX_PATH=${CMAKE_PREFIX_PATH}:/home/shaobing/rm_ws/install/pkg02_helloworld_py:/opt/ros/humble /usr/bin/cmake --build /home/shaobing/rm_ws/build/anlesover -- -j16 -l16
[0.209s] Invoking command in '/home/shaobing/rm_ws/build/anlesover': CMAKE_PREFIX_PATH=${CMAKE_PREFIX_PATH}:/home/shaobing/rm_ws/install/pkg02_helloworld_py:/opt/ros/humble /usr/bin/cmake --install /home/shaobing/rm_ws/build/anlesover
[0.215s] -- Install configuration: ""
[0.215s] -- Up-to-date: /home/shaobing/rm_ws/install/anlesover/lib/anlesover/anglesolve
[0.216s] -- Up-to-date: /home/shaobing/rm_ws/install/anlesover/share/ament_index/resource_index/package_run_dependencies/anlesover
[0.216s] -- Up-to-date: /home/shaobing/rm_ws/install/anlesover/share/ament_index/resource_index/parent_prefix_path/anlesover
[0.216s] -- Up-to-date: /home/shaobing/rm_ws/install/anlesover/share/anlesover/environment/ament_prefix_path.sh
[0.216s] -- Up-to-date: /home/shaobing/rm_ws/install/anlesover/share/anlesover/environment/ament_prefix_path.dsv
[0.216s] -- Up-to-date: /home/shaobing/rm_ws/install/anlesover/share/anlesover/environment/path.sh
[0.216s] -- Up-to-date: /home/shaobing/rm_ws/install/anlesover/share/anlesover/environment/path.dsv
[0.216s] -- Up-to-date: /home/shaobing/rm_ws/install/anlesover/share/anlesover/local_setup.bash
[0.216s] -- Up-to-date: /home/shaobing/rm_ws/install/anlesover/share/anlesover/local_setup.sh
[0.216s] -- Up-to-date: /home/shaobing/rm_ws/install/anlesover/share/anlesover/local_setup.zsh
[0.216s] -- Up-to-date: /home/shaobing/rm_ws/install/anlesover/share/anlesover/local_setup.dsv
[0.216s] -- Installing: /home/shaobing/rm_ws/install/anlesover/share/anlesover/package.dsv
[0.216s] -- Up-to-date: /home/shaobing/rm_ws/install/anlesover/share/ament_index/resource_index/packages/anlesover
[0.216s] -- Up-to-date: /home/shaobing/rm_ws/install/anlesover/share/anlesover/cmake/anlesoverConfig.cmake
[0.216s] -- Up-to-date: /home/shaobing/rm_ws/install/anlesover/share/anlesover/cmake/anlesoverConfig-version.cmake
[0.216s] -- Up-to-date: /home/shaobing/rm_ws/install/anlesover/share/anlesover/package.xml
[0.217s] Invoked command in '/home/shaobing/rm_ws/build/anlesover' returned '0': CMAKE_PREFIX_PATH=${CMAKE_PREFIX_PATH}:/home/shaobing/rm_ws/install/pkg02_helloworld_py:/opt/ros/humble /usr/bin/cmake --install /home/shaobing/rm_ws/build/anlesover
