-- The CXX compiler identification is GNU 11.4.0
-- Detecting CXX compiler ABI info
-- Detecting CXX compiler ABI info - done
-- Check for working CXX compiler: /usr/bin/c++ - skipped
-- Detecting CXX compile features
-- Detecting CXX compile features - done
-- Found ament_cmake: 2.3.2 (/opt/ros/rolling/share/ament_cmake/cmake)
-- Found Python3: /usr/bin/python3.10 (found version "3.10.12") found components: Interpreter 
-- Found rclcpp: 27.0.0 (/opt/ros/rolling/share/rclcpp/cmake)
-- Found rosidl_generator_c: 4.5.1 (/opt/ros/rolling/share/rosidl_generator_c/cmake)
-- Found rosidl_generator_cpp: 4.5.1 (/opt/ros/rolling/share/rosidl_generator_cpp/cmake)
-- Using all available rosidl_typesupport_c: rosidl_typesupport_fastrtps_c;rosidl_typesupport_introspection_c
-- Using all available rosidl_typesupport_cpp: rosidl_typesupport_fastrtps_cpp;rosidl_typesupport_introspection_cpp
-- Found rmw_implementation_cmake: 7.3.0 (/opt/ros/rolling/share/rmw_implementation_cmake/cmake)
-- Found rmw_fastrtps_cpp: 8.2.0 (/opt/ros/rolling/share/rmw_fastrtps_cpp/cmake)
-- Found OpenSSL: /usr/lib/x86_64-linux-gnu/libcrypto.so (found version "3.0.2")  
-- Found FastRTPS: /opt/ros/rolling/include  
-- Using RMW implementation 'rmw_fastrtps_cpp' as default
-- Found std_msgs: 5.3.0 (/opt/ros/rolling/share/std_msgs/cmake)
-- Found sensor_msgs: 5.3.0 (/opt/ros/rolling/share/sensor_msgs/cmake)
-- Found cv_bridge: 3.4.0 (/opt/ros/rolling/share/cv_bridge/cmake)
-- Found std_srvs: 5.3.0 (/opt/ros/rolling/share/std_srvs/cmake)
-- Found autoaim_msgs: 0.0.1 (/home/guo/ITL_sentry_auto_new/install/autoaim_msgs/share/autoaim_msgs/cmake)
-- Found utils: 1.0.0 (/home/guo/ITL_sentry_auto_new/install/utils/share/utils/cmake)
-- Found deveice: 1.0.0 (/home/guo/ITL_sentry_auto_new/install/deveice/share/deveice/cmake)
-- Found OpenCV: /usr (found version "4.5.4") 
-- Performing Test CMAKE_HAVE_LIBC_PTHREAD
-- Performing Test CMAKE_HAVE_LIBC_PTHREAD - Success
-- Found Threads: TRUE  
-- Configuring done (1.5s)
-- Generating done (0.0s)
-- Build files have been written to: /home/guo/ITL_sentry_auto_new/build/auto_aim
[  3%] [32mBuilding CXX object CMakeFiles/auto_aim_motion_model.dir/target/motion_model/src/full_model.cpp.o[0m
[  6%] [32mBuilding CXX object CMakeFiles/auto_aim_pointer.dir/pointer/src/image_processor.cpp.o[0m
[ 12%] [32mBuilding CXX object CMakeFiles/auto_aim_detected.dir/detected/src/detector/common_detector.cpp.o[0m
[ 12%] [32mBuilding CXX object CMakeFiles/auto_aim_detected.dir/detected/src/common/armor.cpp.o[0m
[ 16%] [32mBuilding CXX object CMakeFiles/auto_aim_pointer.dir/pointer/src/lightbar_detector.cpp.o[0m
[ 19%] [32mBuilding CXX object CMakeFiles/auto_aim_detected.dir/detected/src/detector/yolo11.cpp.o[0m
[ 22%] [32mBuilding CXX object CMakeFiles/auto_aim_detected.dir/detected/src/classifier/armor_classifier.cpp.o[0m
[ 25%] [32mBuilding CXX object CMakeFiles/auto_aim_detected.dir/detected/src/node/armor_detector_node.cpp.o[0m
[ 29%] [32m[1mLinking CXX static library libauto_aim_pointer.a[0m
[ 29%] Built target auto_aim_pointer
[ 32%] [32m[1mLinking CXX static library libauto_aim_detected.a[0m
[ 32%] Built target auto_aim_detected
[ 35%] [32mBuilding CXX object CMakeFiles/auto_aim_solver.dir/solver/src/module/solver.cpp.o[0m
[ 38%] [32mBuilding CXX object CMakeFiles/auto_aim_solver.dir/solver/src/module/coord_converter.cpp.o[0m
[ 45%] [32mBuilding CXX object CMakeFiles/auto_aim_solver.dir/solver/src/solver_node.cpp.o[0m
[ 41%] [32mBuilding CXX object CMakeFiles/auto_aim_solver.dir/solver/src/module/pnp_solver.cpp.o[0m
[ 48%] [32mBuilding CXX object CMakeFiles/auto_aim_solver.dir/solver/src/module/optimize_yaw.cpp.o[0m
[ 51%] [32m[1mLinking CXX static library libauto_aim_motion_model.a[0m
[ 51%] Built target auto_aim_motion_model
[ 54%] [32m[1mLinking CXX static library libauto_aim_solver.a[0m
[ 54%] Built target auto_aim_solver
[ 58%] [32mBuilding CXX object CMakeFiles/auto_aim_predictor.dir/target/predictor/src/target.cpp.o[0m
[ 61%] [32m[1mLinking CXX static library libauto_aim_predictor.a[0m
[ 61%] Built target auto_aim_predictor
[ 67%] [32mBuilding CXX object CMakeFiles/auto_aim_planner.dir/planner/tinympc/src/tiny_api.cpp.o[0m
[ 67%] [32mBuilding CXX object CMakeFiles/auto_aim_planner.dir/planner/src/planner.cpp.o[0m
[ 70%] [32mBuilding CXX object CMakeFiles/auto_aim_aimer.dir/aimer/src/aimer.cpp.o[0m
[ 74%] [32mBuilding CXX object CMakeFiles/auto_aim_planner.dir/planner/tinympc/src/codegen.cpp.o[0m
[ 80%] [32mBuilding CXX object CMakeFiles/auto_aim_planner.dir/planner/tinympc/src/rho_benchmark.cpp.o[0m
[ 80%] [32mBuilding CXX object CMakeFiles/auto_aim_planner.dir/planner/tinympc/src/admm.cpp.o[0m
[ 83%] [32m[1mLinking CXX static library libauto_aim_aimer.a[0m
[ 83%] Built target auto_aim_aimer
[ 87%] [32mBuilding CXX object CMakeFiles/auto_aim_tracker.dir/tracker/src/tracker.cpp.o[0m
[ 90%] [32m[1mLinking CXX static library libauto_aim_planner.a[0m
[ 90%] Built target auto_aim_planner
[ 93%] [32m[1mLinking CXX static library libauto_aim_tracker.a[0m
[ 93%] Built target auto_aim_tracker
[ 96%] [32mBuilding CXX object CMakeFiles/auto_aim.dir/auto_aim_force_link.cpp.o[0m
[100%] [32m[1mLinking CXX shared library libauto_aim.so[0m
[100%] Built target auto_aim
-- Install configuration: ""
-- Installing: /home/guo/ITL_sentry_auto_new/install/auto_aim/lib/libauto_aim.so
-- Set non-toolchain portion of runtime path of "/home/guo/ITL_sentry_auto_new/install/auto_aim/lib/libauto_aim.so" to ""
-- Installing: /home/guo/ITL_sentry_auto_new/install/auto_aim/lib/libauto_aim_aimer.a
-- Installing: /home/guo/ITL_sentry_auto_new/install/auto_aim/lib/libauto_aim_detected.a
-- Installing: /home/guo/ITL_sentry_auto_new/install/auto_aim/lib/libauto_aim_planner.a
-- Installing: /home/guo/ITL_sentry_auto_new/install/auto_aim/lib/libauto_aim_pointer.a
-- Installing: /home/guo/ITL_sentry_auto_new/install/auto_aim/lib/libauto_aim_solver.a
-- Installing: /home/guo/ITL_sentry_auto_new/install/auto_aim/lib/libauto_aim_motion_model.a
-- Installing: /home/guo/ITL_sentry_auto_new/install/auto_aim/lib/libauto_aim_predictor.a
-- Installing: /home/guo/ITL_sentry_auto_new/install/auto_aim/lib/libauto_aim_tracker.a
-- Installing: /home/guo/ITL_sentry_auto_new/install/auto_aim/include
-- Installing: /home/guo/ITL_sentry_auto_new/install/auto_aim/include/aimer.hpp
-- Up-to-date: /home/guo/ITL_sentry_auto_new/install/auto_aim/include
-- Installing: /home/guo/ITL_sentry_auto_new/install/auto_aim/include/common
-- Installing: /home/guo/ITL_sentry_auto_new/install/auto_aim/include/common/armor.hpp
-- Installing: /home/guo/ITL_sentry_auto_new/install/auto_aim/include/node
-- Installing: /home/guo/ITL_sentry_auto_new/install/auto_aim/include/node/armor_detector_node.hpp
-- Installing: /home/guo/ITL_sentry_auto_new/install/auto_aim/include/classifier
-- Installing: /home/guo/ITL_sentry_auto_new/install/auto_aim/include/classifier/armor_classifier.hpp
-- Installing: /home/guo/ITL_sentry_auto_new/install/auto_aim/include/detector
-- Installing: /home/guo/ITL_sentry_auto_new/install/auto_aim/include/detector/common_detector.hpp
-- Installing: /home/guo/ITL_sentry_auto_new/install/auto_aim/include/detector/yolo11.hpp
-- Up-to-date: /home/guo/ITL_sentry_auto_new/install/auto_aim/include
-- Installing: /home/guo/ITL_sentry_auto_new/install/auto_aim/include/planner.hpp
-- Up-to-date: /home/guo/ITL_sentry_auto_new/install/auto_aim/include
-- Installing: /home/guo/ITL_sentry_auto_new/install/auto_aim/include/types.hpp
-- Installing: /home/guo/ITL_sentry_auto_new/install/auto_aim/include/lightbar_detector.hpp
-- Installing: /home/guo/ITL_sentry_auto_new/install/auto_aim/include/image_processor.hpp
-- Up-to-date: /home/guo/ITL_sentry_auto_new/install/auto_aim/include
-- Installing: /home/guo/ITL_sentry_auto_new/install/auto_aim/include/solver_node.hpp
-- Installing: /home/guo/ITL_sentry_auto_new/install/auto_aim/include/module
-- Installing: /home/guo/ITL_sentry_auto_new/install/auto_aim/include/module/coord_converter.hpp
-- Installing: /home/guo/ITL_sentry_auto_new/install/auto_aim/include/module/optimize_yaw.hpp
-- Installing: /home/guo/ITL_sentry_auto_new/install/auto_aim/include/module/solver.hpp
-- Installing: /home/guo/ITL_sentry_auto_new/install/auto_aim/include/module/pnp_solver.hpp
-- Up-to-date: /home/guo/ITL_sentry_auto_new/install/auto_aim/include
-- Installing: /home/guo/ITL_sentry_auto_new/install/auto_aim/include/target.hpp
-- Up-to-date: /home/guo/ITL_sentry_auto_new/install/auto_aim/include
-- Installing: /home/guo/ITL_sentry_auto_new/install/auto_aim/include/full_model.hpp
-- Up-to-date: /home/guo/ITL_sentry_auto_new/install/auto_aim/include
-- Installing: /home/guo/ITL_sentry_auto_new/install/auto_aim/include/tracker.hpp
-- Up-to-date: /home/guo/ITL_sentry_auto_new/install/auto_aim/include
-- Installing: /home/guo/ITL_sentry_auto_new/install/auto_aim/include/tinympc
-- Installing: /home/guo/ITL_sentry_auto_new/install/auto_aim/include/tinympc/admm.hpp
-- Installing: /home/guo/ITL_sentry_auto_new/install/auto_aim/include/tinympc/rho_benchmark.hpp
-- Installing: /home/guo/ITL_sentry_auto_new/install/auto_aim/include/tinympc/codegen.hpp
-- Installing: /home/guo/ITL_sentry_auto_new/install/auto_aim/include/tinympc/types.hpp
-- Installing: /home/guo/ITL_sentry_auto_new/install/auto_aim/include/tinympc/tiny_api_constants.hpp
-- Installing: /home/guo/ITL_sentry_auto_new/install/auto_aim/include/tinympc/error.hpp
-- Installing: /home/guo/ITL_sentry_auto_new/install/auto_aim/include/tinympc/tiny_api.hpp
-- Installing: /home/guo/ITL_sentry_auto_new/install/auto_aim/share/auto_aim/environment/library_path.sh
-- Installing: /home/guo/ITL_sentry_auto_new/install/auto_aim/share/auto_aim/environment/library_path.dsv
-- Installing: /home/guo/ITL_sentry_auto_new/install/auto_aim/share/auto_aim/package.xml
-- Installing: /home/guo/ITL_sentry_auto_new/install/auto_aim/share/ament_index/resource_index/package_run_dependencies/auto_aim
-- Installing: /home/guo/ITL_sentry_auto_new/install/auto_aim/share/ament_index/resource_index/parent_prefix_path/auto_aim
-- Installing: /home/guo/ITL_sentry_auto_new/install/auto_aim/share/auto_aim/environment/ament_prefix_path.sh
-- Installing: /home/guo/ITL_sentry_auto_new/install/auto_aim/share/auto_aim/environment/ament_prefix_path.dsv
-- Installing: /home/guo/ITL_sentry_auto_new/install/auto_aim/share/auto_aim/environment/path.sh
-- Installing: /home/guo/ITL_sentry_auto_new/install/auto_aim/share/auto_aim/environment/path.dsv
-- Installing: /home/guo/ITL_sentry_auto_new/install/auto_aim/share/auto_aim/local_setup.bash
-- Installing: /home/guo/ITL_sentry_auto_new/install/auto_aim/share/auto_aim/local_setup.sh
-- Installing: /home/guo/ITL_sentry_auto_new/install/auto_aim/share/auto_aim/local_setup.zsh
-- Installing: /home/guo/ITL_sentry_auto_new/install/auto_aim/share/auto_aim/local_setup.dsv
-- Installing: /home/guo/ITL_sentry_auto_new/install/auto_aim/share/auto_aim/package.dsv
-- Installing: /home/guo/ITL_sentry_auto_new/install/auto_aim/share/ament_index/resource_index/packages/auto_aim
-- Installing: /home/guo/ITL_sentry_auto_new/install/auto_aim/share/auto_aim/cmake/auto_aimTargetsExport.cmake
-- Installing: /home/guo/ITL_sentry_auto_new/install/auto_aim/share/auto_aim/cmake/auto_aimTargetsExport-noconfig.cmake
-- Installing: /home/guo/ITL_sentry_auto_new/install/auto_aim/share/auto_aim/cmake/ament_cmake_export_include_directories-extras.cmake
-- Installing: /home/guo/ITL_sentry_auto_new/install/auto_aim/share/auto_aim/cmake/ament_cmake_export_targets-extras.cmake
-- Installing: /home/guo/ITL_sentry_auto_new/install/auto_aim/share/auto_aim/cmake/ament_cmake_export_dependencies-extras.cmake
-- Installing: /home/guo/ITL_sentry_auto_new/install/auto_aim/share/auto_aim/cmake/auto_aimConfig.cmake
-- Installing: /home/guo/ITL_sentry_auto_new/install/auto_aim/share/auto_aim/cmake/auto_aimConfig-version.cmake
-- Up-to-date: /home/guo/ITL_sentry_auto_new/install/auto_aim/share/auto_aim/package.xml
