[0.014s] Invoking command in '/home/guo/ITL_sentry_auto_new/build/utils': CMAKE_PREFIX_PATH=${CMAKE_PREFIX_PATH}:/opt/ros/rolling /usr/local/bin/cmake --build /home/guo/ITL_sentry_auto_new/build/utils -- -j24 -l24
[0.036s] [100%] Built target utils
[0.055s] Invoked command in '/home/guo/ITL_sentry_auto_new/build/utils' returned '0': CMAKE_PREFIX_PATH=${CMAKE_PREFIX_PATH}:/opt/ros/rolling /usr/local/bin/cmake --build /home/guo/ITL_sentry_auto_new/build/utils -- -j24 -l24
[0.056s] Invoking command in '/home/guo/ITL_sentry_auto_new/build/utils': CMAKE_PREFIX_PATH=${CMAKE_PREFIX_PATH}:/opt/ros/rolling /usr/local/bin/cmake --install /home/guo/ITL_sentry_auto_new/build/utils
[0.058s] -- Install configuration: "Release"
[0.058s] -- Up-to-date: /home/guo/ITL_sentry_auto_new/install/utils/share/utils/environment/library_path.sh
[0.058s] -- Up-to-date: /home/guo/ITL_sentry_auto_new/install/utils/share/utils/environment/library_path.dsv
[0.058s] -- Up-to-date: /home/guo/ITL_sentry_auto_new/install/utils/include
[0.058s] -- Up-to-date: /home/guo/ITL_sentry_auto_new/install/utils/include/draw_tools.hpp
[0.059s] -- Up-to-date: /home/guo/ITL_sentry_auto_new/install/utils/include/thread_safe_queue.hpp
[0.059s] -- Up-to-date: /home/guo/ITL_sentry_auto_new/install/utils/include/math_tools.hpp
[0.059s] -- Up-to-date: /home/guo/ITL_sentry_auto_new/install/utils/include/video.hpp
[0.059s] -- Up-to-date: /home/guo/ITL_sentry_auto_new/install/utils/include/yaml.hpp
[0.059s] -- Up-to-date: /home/guo/ITL_sentry_auto_new/install/utils/include/detector_tools.hpp
[0.060s] -- Up-to-date: /home/guo/ITL_sentry_auto_new/install/utils/include/trajectory.hpp
[0.060s] -- Up-to-date: /home/guo/ITL_sentry_auto_new/install/utils/include/performance_monitor.hpp
[0.060s] -- Up-to-date: /home/guo/ITL_sentry_auto_new/install/utils/include/extended_kalman_filter.hpp
[0.061s] -- Up-to-date: /home/guo/ITL_sentry_auto_new/install/utils/include/logger.hpp
[0.061s] -- Up-to-date: /home/guo/ITL_sentry_auto_new/install/utils/include/crc.hpp
[0.061s] -- Up-to-date: /home/guo/ITL_sentry_auto_new/install/utils/include/blocking_queue.hpp
[0.061s] -- Up-to-date: /home/guo/ITL_sentry_auto_new/install/utils/include/ransac_sine_fitter.hpp
[0.061s] -- Up-to-date: /home/guo/ITL_sentry_auto_new/install/utils/include/roi_tools.hpp
[0.061s] -- Up-to-date: /home/guo/ITL_sentry_auto_new/install/utils/lib/libutils.a
[0.061s] -- Up-to-date: /home/guo/ITL_sentry_auto_new/install/utils/share/utils/cmake/utilsTargets.cmake
[0.061s] -- Up-to-date: /home/guo/ITL_sentry_auto_new/install/utils/share/utils/cmake/utilsTargets-release.cmake
[0.061s] -- Up-to-date: /home/guo/ITL_sentry_auto_new/install/utils/share/ament_index/resource_index/package_run_dependencies/utils
[0.061s] -- Up-to-date: /home/guo/ITL_sentry_auto_new/install/utils/share/ament_index/resource_index/parent_prefix_path/utils
[0.061s] -- Up-to-date: /home/guo/ITL_sentry_auto_new/install/utils/share/utils/environment/ament_prefix_path.sh
[0.061s] -- Up-to-date: /home/guo/ITL_sentry_auto_new/install/utils/share/utils/environment/ament_prefix_path.dsv
[0.061s] -- Up-to-date: /home/guo/ITL_sentry_auto_new/install/utils/share/utils/environment/path.sh
[0.061s] -- Up-to-date: /home/guo/ITL_sentry_auto_new/install/utils/share/utils/environment/path.dsv
[0.062s] -- Up-to-date: /home/guo/ITL_sentry_auto_new/install/utils/share/utils/local_setup.bash
[0.062s] -- Up-to-date: /home/guo/ITL_sentry_auto_new/install/utils/share/utils/local_setup.sh
[0.062s] -- Up-to-date: /home/guo/ITL_sentry_auto_new/install/utils/share/utils/local_setup.zsh
[0.062s] -- Up-to-date: /home/guo/ITL_sentry_auto_new/install/utils/share/utils/local_setup.dsv
[0.062s] -- Installing: /home/guo/ITL_sentry_auto_new/install/utils/share/utils/package.dsv
[0.062s] -- Up-to-date: /home/guo/ITL_sentry_auto_new/install/utils/share/ament_index/resource_index/packages/utils
[0.062s] -- Up-to-date: /home/guo/ITL_sentry_auto_new/install/utils/share/utils/cmake/utilsTargetsExport.cmake
[0.064s] -- Up-to-date: /home/guo/ITL_sentry_auto_new/install/utils/share/utils/cmake/utilsTargetsExport-release.cmake
[0.064s] -- Up-to-date: /home/guo/ITL_sentry_auto_new/install/utils/share/utils/cmake/ament_cmake_export_include_directories-extras.cmake
[0.064s] -- Up-to-date: /home/guo/ITL_sentry_auto_new/install/utils/share/utils/cmake/ament_cmake_export_libraries-extras.cmake
[0.064s] -- Up-to-date: /home/guo/ITL_sentry_auto_new/install/utils/share/utils/cmake/ament_cmake_export_dependencies-extras.cmake
[0.064s] -- Up-to-date: /home/guo/ITL_sentry_auto_new/install/utils/share/utils/cmake/ament_cmake_export_targets-extras.cmake
[0.065s] -- Up-to-date: /home/guo/ITL_sentry_auto_new/install/utils/share/utils/cmake/utilsConfig.cmake
[0.065s] -- Up-to-date: /home/guo/ITL_sentry_auto_new/install/utils/share/utils/cmake/utilsConfig-version.cmake
[0.065s] -- Up-to-date: /home/guo/ITL_sentry_auto_new/install/utils/share/utils/package.xml
[0.065s] Invoked command in '/home/guo/ITL_sentry_auto_new/build/utils' returned '0': CMAKE_PREFIX_PATH=${CMAKE_PREFIX_PATH}:/opt/ros/rolling /usr/local/bin/cmake --install /home/guo/ITL_sentry_auto_new/build/utils
