[0.022s] Invoking command in '/home/guo/ITL_sentry_auto_new/build/dm_imu': CMAKE_PREFIX_PATH=${CMAKE_PREFIX_PATH}:/opt/ros/rolling /usr/local/bin/cmake --build /home/guo/ITL_sentry_auto_new/build/dm_imu -- -j24 -l24
[0.058s] [ 42%] Built target dm_imu
[0.062s] [100%] Built target dm_imu_node
[0.098s] Invoked command in '/home/guo/ITL_sentry_auto_new/build/dm_imu' returned '0': CMAKE_PREFIX_PATH=${CMAKE_PREFIX_PATH}:/opt/ros/rolling /usr/local/bin/cmake --build /home/guo/ITL_sentry_auto_new/build/dm_imu -- -j24 -l24
[0.100s] Invoking command in '/home/guo/ITL_sentry_auto_new/build/dm_imu': CMAKE_PREFIX_PATH=${CMAKE_PREFIX_PATH}:/opt/ros/rolling /usr/local/bin/cmake --install /home/guo/ITL_sentry_auto_new/build/dm_imu
[0.100s] -- Install configuration: ""
[0.100s] -- Up-to-date: /home/guo/ITL_sentry_auto_new/install/dm_imu/lib/dm_imu/dm_imu_node
[0.100s] -- Up-to-date: /home/guo/ITL_sentry_auto_new/install/dm_imu/lib/dm_imu/libdm_imu.a
[0.101s] -- Up-to-date: /home/guo/ITL_sentry_auto_new/install/dm_imu/include
[0.101s] -- Up-to-date: /home/guo/ITL_sentry_auto_new/install/dm_imu/include/bsp_crc.h
[0.101s] -- Up-to-date: /home/guo/ITL_sentry_auto_new/install/dm_imu/include/imu_driver.h
[0.101s] -- Up-to-date: /home/guo/ITL_sentry_auto_new/install/dm_imu/share/dm_imu/launch
[0.101s] -- Up-to-date: /home/guo/ITL_sentry_auto_new/install/dm_imu/share/dm_imu/launch/dm_rviz.launch.py
[0.101s] -- Up-to-date: /home/guo/ITL_sentry_auto_new/install/dm_imu/share/dm_imu/launch/__pycache__
[0.101s] -- Up-to-date: /home/guo/ITL_sentry_auto_new/install/dm_imu/share/dm_imu/launch/__pycache__/imu_with_params.launch.cpython-310.pyc
[0.101s] -- Up-to-date: /home/guo/ITL_sentry_auto_new/install/dm_imu/share/dm_imu/launch/__pycache__/dm_rviz.launch.cpython-310.pyc
[0.101s] -- Up-to-date: /home/guo/ITL_sentry_auto_new/install/dm_imu/share/dm_imu/launch/imu_launch.py
[0.102s] -- Up-to-date: /home/guo/ITL_sentry_auto_new/install/dm_imu/share/dm_imu/launch/imu_with_params.launch.py
[0.102s] -- Up-to-date: /home/guo/ITL_sentry_auto_new/install/dm_imu/share/dm_imu/rviz
[0.102s] -- Up-to-date: /home/guo/ITL_sentry_auto_new/install/dm_imu/share/dm_imu/rviz/imu.rviz
[0.102s] -- Up-to-date: /home/guo/ITL_sentry_auto_new/install/dm_imu/share/dm_imu/config
[0.103s] -- Up-to-date: /home/guo/ITL_sentry_auto_new/install/dm_imu/share/dm_imu/config/imu_params.yaml
[0.103s] -- Up-to-date: /home/guo/ITL_sentry_auto_new/install/dm_imu/share/dm_imu/environment/library_path.sh
[0.103s] -- Up-to-date: /home/guo/ITL_sentry_auto_new/install/dm_imu/share/dm_imu/environment/library_path.dsv
[0.103s] -- Up-to-date: /home/guo/ITL_sentry_auto_new/install/dm_imu/share/ament_index/resource_index/package_run_dependencies/dm_imu
[0.103s] -- Up-to-date: /home/guo/ITL_sentry_auto_new/install/dm_imu/share/ament_index/resource_index/parent_prefix_path/dm_imu
[0.103s] -- Up-to-date: /home/guo/ITL_sentry_auto_new/install/dm_imu/share/dm_imu/environment/ament_prefix_path.sh
[0.103s] -- Up-to-date: /home/guo/ITL_sentry_auto_new/install/dm_imu/share/dm_imu/environment/ament_prefix_path.dsv
[0.104s] -- Up-to-date: /home/guo/ITL_sentry_auto_new/install/dm_imu/share/dm_imu/environment/path.sh
[0.104s] -- Up-to-date: /home/guo/ITL_sentry_auto_new/install/dm_imu/share/dm_imu/environment/path.dsv
[0.104s] -- Up-to-date: /home/guo/ITL_sentry_auto_new/install/dm_imu/share/dm_imu/local_setup.bash
[0.104s] -- Up-to-date: /home/guo/ITL_sentry_auto_new/install/dm_imu/share/dm_imu/local_setup.sh
[0.104s] -- Up-to-date: /home/guo/ITL_sentry_auto_new/install/dm_imu/share/dm_imu/local_setup.zsh
[0.104s] -- Up-to-date: /home/guo/ITL_sentry_auto_new/install/dm_imu/share/dm_imu/local_setup.dsv
[0.104s] -- Installing: /home/guo/ITL_sentry_auto_new/install/dm_imu/share/dm_imu/package.dsv
[0.104s] -- Up-to-date: /home/guo/ITL_sentry_auto_new/install/dm_imu/share/ament_index/resource_index/packages/dm_imu
[0.104s] -- Up-to-date: /home/guo/ITL_sentry_auto_new/install/dm_imu/share/dm_imu/cmake/ament_cmake_export_include_directories-extras.cmake
[0.104s] -- Up-to-date: /home/guo/ITL_sentry_auto_new/install/dm_imu/share/dm_imu/cmake/ament_cmake_export_libraries-extras.cmake
[0.104s] -- Up-to-date: /home/guo/ITL_sentry_auto_new/install/dm_imu/share/dm_imu/cmake/ament_cmake_export_dependencies-extras.cmake
[0.104s] -- Up-to-date: /home/guo/ITL_sentry_auto_new/install/dm_imu/share/dm_imu/cmake/dm_imuConfig.cmake
[0.104s] -- Up-to-date: /home/guo/ITL_sentry_auto_new/install/dm_imu/share/dm_imu/cmake/dm_imuConfig-version.cmake
[0.104s] -- Up-to-date: /home/guo/ITL_sentry_auto_new/install/dm_imu/share/dm_imu/package.xml
[0.104s] Invoked command in '/home/guo/ITL_sentry_auto_new/build/dm_imu' returned '0': CMAKE_PREFIX_PATH=${CMAKE_PREFIX_PATH}:/opt/ros/rolling /usr/local/bin/cmake --install /home/guo/ITL_sentry_auto_new/build/dm_imu
