In file included from [01m[K/home/guo/ITL_sentry_auto_new/src/core/detected/src/node/armor_detector_node.cpp:1[m[K:
[01m[K/home/guo/ITL_sentry_auto_new/src/core/detected/include/node/armor_detector_node.hpp:39:1:[m[K [01;31m[Kerror: [m[Kexpected identifier before ‘[01m[Kprivate[m[K’
   39 | [01;31m[Kprivate[m[K:
      | [01;31m[K^~~~~~~[m[K
[01m[K/home/guo/ITL_sentry_auto_new/src/core/detected/include/node/armor_detector_node.hpp:39:1:[m[K [01;31m[Kerror: [m[Kexpected ‘[01m[K,[m[K’ or ‘[01m[K...[m[K’ before ‘[01m[Kprivate[m[K’
[01m[K/home/guo/ITL_sentry_auto_new/src/core/detected/include/node/armor_detector_node.hpp:40:19:[m[K [01;31m[Kerror: [m[Kexpected ‘[01m[K)[m[K’ before ‘[01m[K;[m[K’ token
   40 |     Config config_[01;31m[K;[m[K
      |                   [01;31m[K^[m[K
      |                   [32m[K)[m[K
[01m[K/home/guo/ITL_sentry_auto_new/src/core/detected/include/node/armor_detector_node.hpp:37:28:[m[K [01;36m[Knote: [m[Kto match this ‘[01m[K([m[K’
   37 |     void  visualize_results[01;36m[K([m[Kcv::Mat & canvas, const std::vector<Visualization> & armors,
      |                            [01;36m[K^[m[K
[01m[K/home/guo/ITL_sentry_auto_new/src/core/detected/include/node/armor_detector_node.hpp:47:37:[m[K [01;31m[Kerror: [m[Kexpected unqualified-id before ‘[01m[Kint[m[K’
   47 |     const cv::Point & center_point, [01;31m[Kint[m[K frame_index);
      |                                     [01;31m[K^~~[m[K
[01m[K/home/guo/ITL_sentry_auto_new/src/core/detected/include/node/armor_detector_node.hpp:[m[K In member function ‘[01m[Kconst armor_auto_aim::Detector::Config& armor_auto_aim::Detector::config() const[m[K’:
[01m[K/home/guo/ITL_sentry_auto_new/src/core/detected/include/node/armor_detector_node.hpp:34:43:[m[K [01;31m[Kerror: [m[K‘[01m[Kconfig_[m[K’ was not declared in this scope; did you mean ‘[01m[Kconfig[m[K’?
   34 |     const Config& config() const { return [01;31m[Kconfig_[m[K; }
      |                                           [01;31m[K^~~~~~~[m[K
      |                                           [32m[Kconfig[m[K
[01m[K/home/guo/ITL_sentry_auto_new/src/core/detected/src/node/armor_detector_node.cpp:[m[K In constructor ‘[01m[Karmor_auto_aim::Detector::Detector(const string&)[m[K’:
[01m[K/home/guo/ITL_sentry_auto_new/src/core/detected/src/node/armor_detector_node.cpp:32:1:[m[K [01;31m[Kerror: [m[Kuninitialized reference member in ‘[01m[Kconst Point&[m[K’ {aka ‘[01m[Kconst class cv::Point_<int>&[m[K’} [[01;31m[K]8;;https://gcc.gnu.org/onlinedocs/gcc/Warning-Options.html#index-fpermissive-fpermissive]8;;[m[K]
   32 | [01;31m[KDetector[m[K::Detector(const std::string& config_path)
      | [01;31m[K^~~~~~~~[m[K
In file included from [01m[K/home/guo/ITL_sentry_auto_new/src/core/detected/src/node/armor_detector_node.cpp:1[m[K:
[01m[K/home/guo/ITL_sentry_auto_new/src/core/detected/include/node/armor_detector_node.hpp:47:23:[m[K [01;36m[Knote: [m[K‘[01m[Kconst Point& armor_auto_aim::Detector::center_point[m[K’ should be initialized
   47 |     const cv::Point & [01;36m[Kcenter_point[m[K, int frame_index);
      |                       [01;36m[K^~~~~~~~~~~~[m[K
[01m[K/home/guo/ITL_sentry_auto_new/src/core/detected/src/node/armor_detector_node.cpp:36:9:[m[K [01;31m[Kerror: [m[K‘[01m[Kconfig_[m[K’ was not declared in this scope; did you mean ‘[01m[Kconfig[m[K’?
   36 |         [01;31m[Kconfig_[m[K = Config::from_yaml(yaml_config);
      |         [01;31m[K^~~~~~~[m[K
      |         [32m[Kconfig[m[K
[01m[K/home/guo/ITL_sentry_auto_new/src/core/detected/src/node/armor_detector_node.cpp:[m[K At global scope:
[01m[K/home/guo/ITL_sentry_auto_new/src/core/detected/src/node/armor_detector_node.cpp:114:7:[m[K [01;31m[Kerror: [m[Kno declaration matches ‘[01m[Kvoid armor_auto_aim::Detector::visualize_results(cv::Mat&, const std::vector<armor_auto_aim::Visualization>&, const Point&, int)[m[K’
  114 | void  [01;31m[KDetector[m[K::visualize_results(
      |       [01;31m[K^~~~~~~~[m[K
In file included from [01m[K/home/guo/ITL_sentry_auto_new/src/core/detected/src/node/armor_detector_node.cpp:1[m[K:
[01m[K/home/guo/ITL_sentry_auto_new/src/core/detected/include/node/armor_detector_node.hpp:37:11:[m[K [01;36m[Knote: [m[Kcandidate is: ‘[01m[Kvoid armor_auto_aim::Detector::visualize_results(cv::Mat&, const std::vector<armor_auto_aim::Visualization>&, int)[m[K’
   37 |     void  [01;36m[Kvisualize_results[m[K(cv::Mat & canvas, const std::vector<Visualization> & armors,
      |           [01;36m[K^~~~~~~~~~~~~~~~~[m[K
[01m[K/home/guo/ITL_sentry_auto_new/src/core/detected/include/node/armor_detector_node.hpp:14:7:[m[K [01;36m[Knote: [m[K‘[01m[Kclass armor_auto_aim::Detector[m[K’ defined here
   14 | class [01;36m[KDetector[m[K {
      |       [01;36m[K^~~~~~~~[m[K
gmake[2]: *** [CMakeFiles/detected.dir/build.make:76：CMakeFiles/detected.dir/src/node/armor_detector_node.cpp.o] 错误 1
gmake[1]: *** [CMakeFiles/Makefile2:222：CMakeFiles/detected.dir/all] 错误 2
gmake: *** [Makefile:146：all] 错误 2
