[0.012s] Invoking command in '/home/guo/ITL_sentry_auto_new/build/detected': CMAKE_PREFIX_PATH=/home/guo/ITL_sentry_auto_new/install/utils:/home/guo/ITL_sentry_auto_new/install/tracker:/home/guo/ITL_sentry_auto_new/install/aimer:/home/guo/ITL_sentry_auto_new/install/predictor:/home/guo/ITL_sentry_auto_new/install/solver:/home/guo/ITL_sentry_auto_new/install/pipeline:/home/guo/ITL_sentry_auto_new/install/hikvision:/home/guo/ITL_sentry_auto_new/install/gimbal:/home/guo/ITL_sentry_auto_new/install/dm_imu:/home/guo/ITL_sentry_auto_new/install/detected:/home/guo/ITL_sentry_auto_new/install/cboard:/home/guo/ITL_sentry_auto_new/install/serial:/home/guo/ITL_sentry_auto_new/install/motion_model:/home/guo/ITL_sentry_auto_new/install/filter_lib:/home/guo/ITL_sentry_auto_new/install/autoaim_msgs:/home/guo/ITL_sentry_auto_new/install/armor_pointer:/opt/ros/rolling /usr/local/bin/cmake /home/guo/ITL_sentry_auto_new/src/core/detected -DCMAKE_INSTALL_PREFIX=/home/guo/ITL_sentry_auto_new/install/detected
[0.067s] -- The C compiler identification is GNU 11.4.0
[0.130s] -- The CXX compiler identification is GNU 11.4.0
[0.152s] -- Detecting C compiler ABI info
[0.231s] -- Detecting C compiler ABI info - done
[0.248s] -- Check for working C compiler: /usr/bin/cc - skipped
[0.248s] -- Detecting C compile features
[0.249s] -- Detecting C compile features - done
[0.262s] -- Detecting CXX compiler ABI info
[0.360s] -- Detecting CXX compiler ABI info - done
[0.375s] -- Check for working CXX compiler: /usr/bin/c++ - skipped
[0.375s] -- Detecting CXX compile features
[0.376s] -- Detecting CXX compile features - done
[0.378s] -- Found ament_cmake: 2.3.2 (/opt/ros/rolling/share/ament_cmake/cmake)
[0.955s] -- Found Python3: /usr/bin/python3.10 (found version "3.10.12") found components: Interpreter 
[1.075s] -- Found OpenCV: /usr (found version "4.5.4") 
[1.081s] -- Performing Test CMAKE_HAVE_LIBC_PTHREAD
[1.151s] -- Performing Test CMAKE_HAVE_LIBC_PTHREAD - Success
[1.152s] -- Found Threads: TRUE  
[1.153s] -- Found utils: 1.0.0 (/home/guo/ITL_sentry_auto_new/install/utils/share/utils/cmake)
[1.210s] -- Found rosidl_generator_c: 4.5.1 (/opt/ros/rolling/share/rosidl_generator_c/cmake)
[1.227s] -- Found rosidl_generator_cpp: 4.5.1 (/opt/ros/rolling/share/rosidl_generator_cpp/cmake)
[1.251s] -- Using all available rosidl_typesupport_c: rosidl_typesupport_fastrtps_c;rosidl_typesupport_introspection_c
[1.280s] -- Using all available rosidl_typesupport_cpp: rosidl_typesupport_fastrtps_cpp;rosidl_typesupport_introspection_cpp
[1.539s] -- Found rmw_implementation_cmake: 7.3.0 (/opt/ros/rolling/share/rmw_implementation_cmake/cmake)
[1.543s] -- Found rmw_fastrtps_cpp: 8.2.0 (/opt/ros/rolling/share/rmw_fastrtps_cpp/cmake)
[1.668s] -- Found OpenSSL: /usr/lib/x86_64-linux-gnu/libcrypto.so (found version "3.0.2")  
[1.710s] -- Found FastRTPS: /opt/ros/rolling/include  
[1.782s] -- Using RMW implementation 'rmw_fastrtps_cpp' as default
[2.152s] -- Found ament_lint_auto: 0.16.3 (/opt/ros/rolling/share/ament_lint_auto/cmake)
[2.238s] -- Configuring done (2.2s)
[2.274s] -- Generating done (0.0s)
[2.283s] -- Build files have been written to: /home/guo/ITL_sentry_auto_new/build/detected
[2.293s] Invoked command in '/home/guo/ITL_sentry_auto_new/build/detected' returned '0': CMAKE_PREFIX_PATH=/home/guo/ITL_sentry_auto_new/install/utils:/home/guo/ITL_sentry_auto_new/install/tracker:/home/guo/ITL_sentry_auto_new/install/aimer:/home/guo/ITL_sentry_auto_new/install/predictor:/home/guo/ITL_sentry_auto_new/install/solver:/home/guo/ITL_sentry_auto_new/install/pipeline:/home/guo/ITL_sentry_auto_new/install/hikvision:/home/guo/ITL_sentry_auto_new/install/gimbal:/home/guo/ITL_sentry_auto_new/install/dm_imu:/home/guo/ITL_sentry_auto_new/install/detected:/home/guo/ITL_sentry_auto_new/install/cboard:/home/guo/ITL_sentry_auto_new/install/serial:/home/guo/ITL_sentry_auto_new/install/motion_model:/home/guo/ITL_sentry_auto_new/install/filter_lib:/home/guo/ITL_sentry_auto_new/install/autoaim_msgs:/home/guo/ITL_sentry_auto_new/install/armor_pointer:/opt/ros/rolling /usr/local/bin/cmake /home/guo/ITL_sentry_auto_new/src/core/detected -DCMAKE_INSTALL_PREFIX=/home/guo/ITL_sentry_auto_new/install/detected
[2.294s] Invoking command in '/home/guo/ITL_sentry_auto_new/build/detected': CMAKE_PREFIX_PATH=/home/guo/ITL_sentry_auto_new/install/utils:/home/guo/ITL_sentry_auto_new/install/tracker:/home/guo/ITL_sentry_auto_new/install/aimer:/home/guo/ITL_sentry_auto_new/install/predictor:/home/guo/ITL_sentry_auto_new/install/solver:/home/guo/ITL_sentry_auto_new/install/pipeline:/home/guo/ITL_sentry_auto_new/install/hikvision:/home/guo/ITL_sentry_auto_new/install/gimbal:/home/guo/ITL_sentry_auto_new/install/dm_imu:/home/guo/ITL_sentry_auto_new/install/detected:/home/guo/ITL_sentry_auto_new/install/cboard:/home/guo/ITL_sentry_auto_new/install/serial:/home/guo/ITL_sentry_auto_new/install/motion_model:/home/guo/ITL_sentry_auto_new/install/filter_lib:/home/guo/ITL_sentry_auto_new/install/autoaim_msgs:/home/guo/ITL_sentry_auto_new/install/armor_pointer:/opt/ros/rolling /usr/local/bin/cmake --build /home/guo/ITL_sentry_auto_new/build/detected -- -j24 -l24
[2.323s] [ 11%] [32mBuilding CXX object CMakeFiles/armor_data_lib.dir/src/common/armor.cpp.o[0m
[4.561s] [ 22%] [32m[1mLinking CXX shared library libarmor_data_lib.so[0m
[4.705s] [ 22%] Built target armor_data_lib
[4.716s] [ 33%] [32mBuilding CXX object CMakeFiles/armor_detector_lib.dir/src/detector/yolo11.cpp.o[0m
[4.717s] [ 44%] [32mBuilding CXX object CMakeFiles/armor_detector_lib.dir/src/detector/armor_detector.cpp.o[0m
[4.719s] [ 55%] [32mBuilding CXX object CMakeFiles/armor_classifier_lib.dir/src/classifier/armor_classifier.cpp.o[0m
[7.141s] /home/guo/ITL_sentry_auto_new/src/core/detected/src/classifier/armor_classifier.cpp: In instantiation of ‘[01m[Kvoid armor_auto_aim::{anonymous}::log_warn(const char*, Args&& ...) [with Args = {}][m[K’:
[7.141s] [01m[K/home/guo/ITL_sentry_auto_new/src/core/detected/src/classifier/armor_classifier.cpp:153:17:[m[K   required from here
[7.141s] [01m[K/home/guo/ITL_sentry_auto_new/src/core/detected/src/classifier/armor_classifier.cpp:24:18:[m[K [01;35m[Kwarning: [m[Kformat not a string literal and no format arguments [[01;35m[K]8;;https://gcc.gnu.org/onlinedocs/gcc/Warning-Options.html#index-Wformat-security-Wformat-security]8;;[m[K]
[7.142s]    24 |     [01;35m[Kstd::snprintf(buffer, sizeof(buffer), fmt, std::forward<Args>(args)...)[m[K;
[7.142s]       |     [01;35m[K~~~~~~~~~~~~~^~~~~~~~~~~~~~~~~~~~~~~~~~~~~~~~~~~~~~~~~~~~~~~~~~~~~~~~~~[m[K
[7.142s] /home/guo/ITL_sentry_auto_new/src/core/detected/src/classifier/armor_classifier.cpp: In instantiation of ‘[01m[Kvoid armor_auto_aim::{anonymous}::log_error(const char*, Args&& ...) [with Args = {}][m[K’:
[7.142s] [01m[K/home/guo/ITL_sentry_auto_new/src/core/detected/src/classifier/armor_classifier.cpp:203:18:[m[K   required from here
[7.142s] [01m[K/home/guo/ITL_sentry_auto_new/src/core/detected/src/classifier/armor_classifier.cpp:31:18:[m[K [01;35m[Kwarning: [m[Kformat not a string literal and no format arguments [[01;35m[K]8;;https://gcc.gnu.org/onlinedocs/gcc/Warning-Options.html#index-Wformat-security-Wformat-security]8;;[m[K]
[7.142s]    31 |     [01;35m[Kstd::snprintf(buffer, sizeof(buffer), fmt, std::forward<Args>(args)...)[m[K;
[7.142s]       |     [01;35m[K~~~~~~~~~~~~~^~~~~~~~~~~~~~~~~~~~~~~~~~~~~~~~~~~~~~~~~~~~~~~~~~~~~~~~~~[m[K
[9.925s] [ 66%] [32m[1mLinking CXX shared library libarmor_classifier_lib.so[0m
[10.247s] [ 66%] Built target armor_classifier_lib
[11.356s] [ 77%] [32m[1mLinking CXX shared library libarmor_detector_lib.so[0m
[11.640s] [ 77%] Built target armor_detector_lib
[11.656s] [ 88%] [32mBuilding CXX object CMakeFiles/armor_detector_module.dir/src/node/armor_detector_node.cpp.o[0m
[16.455s] [100%] [32m[1mLinking CXX shared library libarmor_detector_module.so[0m
[16.579s] [100%] Built target armor_detector_module
[16.584s] Invoked command in '/home/guo/ITL_sentry_auto_new/build/detected' returned '0': CMAKE_PREFIX_PATH=/home/guo/ITL_sentry_auto_new/install/utils:/home/guo/ITL_sentry_auto_new/install/tracker:/home/guo/ITL_sentry_auto_new/install/aimer:/home/guo/ITL_sentry_auto_new/install/predictor:/home/guo/ITL_sentry_auto_new/install/solver:/home/guo/ITL_sentry_auto_new/install/pipeline:/home/guo/ITL_sentry_auto_new/install/hikvision:/home/guo/ITL_sentry_auto_new/install/gimbal:/home/guo/ITL_sentry_auto_new/install/dm_imu:/home/guo/ITL_sentry_auto_new/install/detected:/home/guo/ITL_sentry_auto_new/install/cboard:/home/guo/ITL_sentry_auto_new/install/serial:/home/guo/ITL_sentry_auto_new/install/motion_model:/home/guo/ITL_sentry_auto_new/install/filter_lib:/home/guo/ITL_sentry_auto_new/install/autoaim_msgs:/home/guo/ITL_sentry_auto_new/install/armor_pointer:/opt/ros/rolling /usr/local/bin/cmake --build /home/guo/ITL_sentry_auto_new/build/detected -- -j24 -l24
[16.585s] Invoking command in '/home/guo/ITL_sentry_auto_new/build/detected': CMAKE_PREFIX_PATH=/home/guo/ITL_sentry_auto_new/install/utils:/home/guo/ITL_sentry_auto_new/install/tracker:/home/guo/ITL_sentry_auto_new/install/aimer:/home/guo/ITL_sentry_auto_new/install/predictor:/home/guo/ITL_sentry_auto_new/install/solver:/home/guo/ITL_sentry_auto_new/install/pipeline:/home/guo/ITL_sentry_auto_new/install/hikvision:/home/guo/ITL_sentry_auto_new/install/gimbal:/home/guo/ITL_sentry_auto_new/install/dm_imu:/home/guo/ITL_sentry_auto_new/install/detected:/home/guo/ITL_sentry_auto_new/install/cboard:/home/guo/ITL_sentry_auto_new/install/serial:/home/guo/ITL_sentry_auto_new/install/motion_model:/home/guo/ITL_sentry_auto_new/install/filter_lib:/home/guo/ITL_sentry_auto_new/install/autoaim_msgs:/home/guo/ITL_sentry_auto_new/install/armor_pointer:/opt/ros/rolling /usr/local/bin/cmake --install /home/guo/ITL_sentry_auto_new/build/detected
[16.587s] -- Install configuration: "Release"
[16.587s] -- Installing: /home/guo/ITL_sentry_auto_new/install/detected/lib/libarmor_data_lib.so
[16.587s] -- Installing: /home/guo/ITL_sentry_auto_new/install/detected/lib/libarmor_detector_lib.so
[16.588s] -- Set non-toolchain portion of runtime path of "/home/guo/ITL_sentry_auto_new/install/detected/lib/libarmor_detector_lib.so" to ""
[16.588s] -- Installing: /home/guo/ITL_sentry_auto_new/install/detected/lib/libarmor_classifier_lib.so
[16.588s] -- Set non-toolchain portion of runtime path of "/home/guo/ITL_sentry_auto_new/install/detected/lib/libarmor_classifier_lib.so" to ""
[16.588s] -- Installing: /home/guo/ITL_sentry_auto_new/install/detected/lib/libarmor_detector_module.so
[16.588s] -- Set non-toolchain portion of runtime path of "/home/guo/ITL_sentry_auto_new/install/detected/lib/libarmor_detector_module.so" to ""
[16.588s] -- Installing: /home/guo/ITL_sentry_auto_new/install/detected/include
[16.588s] -- Installing: /home/guo/ITL_sentry_auto_new/install/detected/include/common
[16.588s] -- Installing: /home/guo/ITL_sentry_auto_new/install/detected/include/common/armor.hpp
[16.588s] -- Installing: /home/guo/ITL_sentry_auto_new/install/detected/include/node
[16.588s] -- Installing: /home/guo/ITL_sentry_auto_new/install/detected/include/node/armor_detector_node.hpp
[16.588s] -- Installing: /home/guo/ITL_sentry_auto_new/install/detected/include/classifier
[16.588s] -- Installing: /home/guo/ITL_sentry_auto_new/install/detected/include/classifier/armor_classifier.hpp
[16.589s] -- Installing: /home/guo/ITL_sentry_auto_new/install/detected/include/detector
[16.589s] -- Installing: /home/guo/ITL_sentry_auto_new/install/detected/include/detector/armor_detector.hpp
[16.589s] -- Installing: /home/guo/ITL_sentry_auto_new/install/detected/include/detector/yolo11.hpp
[16.589s] -- Installing: /home/guo/ITL_sentry_auto_new/install/detected/share/detected/environment/library_path.sh
[16.589s] -- Installing: /home/guo/ITL_sentry_auto_new/install/detected/share/detected/environment/library_path.dsv
[16.589s] -- Installing: /home/guo/ITL_sentry_auto_new/install/detected/share/ament_index/resource_index/package_run_dependencies/detected
[16.589s] -- Installing: /home/guo/ITL_sentry_auto_new/install/detected/share/ament_index/resource_index/parent_prefix_path/detected
[16.589s] -- Installing: /home/guo/ITL_sentry_auto_new/install/detected/share/detected/environment/ament_prefix_path.sh
[16.589s] -- Installing: /home/guo/ITL_sentry_auto_new/install/detected/share/detected/environment/ament_prefix_path.dsv
[16.589s] -- Installing: /home/guo/ITL_sentry_auto_new/install/detected/share/detected/environment/path.sh
[16.589s] -- Installing: /home/guo/ITL_sentry_auto_new/install/detected/share/detected/environment/path.dsv
[16.589s] -- Installing: /home/guo/ITL_sentry_auto_new/install/detected/share/detected/local_setup.bash
[16.589s] -- Installing: /home/guo/ITL_sentry_auto_new/install/detected/share/detected/local_setup.sh
[16.589s] -- Installing: /home/guo/ITL_sentry_auto_new/install/detected/share/detected/local_setup.zsh
[16.589s] -- Installing: /home/guo/ITL_sentry_auto_new/install/detected/share/detected/local_setup.dsv
[16.590s] -- Installing: /home/guo/ITL_sentry_auto_new/install/detected/share/detected/package.dsv
[16.590s] -- Installing: /home/guo/ITL_sentry_auto_new/install/detected/share/ament_index/resource_index/packages/detected
[16.590s] -- Installing: /home/guo/ITL_sentry_auto_new/install/detected/share/detected/cmake/ament_cmake_export_dependencies-extras.cmake
[16.590s] -- Installing: /home/guo/ITL_sentry_auto_new/install/detected/share/detected/cmake/ament_cmake_export_libraries-extras.cmake
[16.590s] -- Installing: /home/guo/ITL_sentry_auto_new/install/detected/share/detected/cmake/ament_cmake_export_include_directories-extras.cmake
[16.590s] -- Installing: /home/guo/ITL_sentry_auto_new/install/detected/share/detected/cmake/detectedConfig.cmake
[16.590s] -- Installing: /home/guo/ITL_sentry_auto_new/install/detected/share/detected/cmake/detectedConfig-version.cmake
[16.590s] -- Installing: /home/guo/ITL_sentry_auto_new/install/detected/share/detected/package.xml
[16.592s] Invoked command in '/home/guo/ITL_sentry_auto_new/build/detected' returned '0': CMAKE_PREFIX_PATH=/home/guo/ITL_sentry_auto_new/install/utils:/home/guo/ITL_sentry_auto_new/install/tracker:/home/guo/ITL_sentry_auto_new/install/aimer:/home/guo/ITL_sentry_auto_new/install/predictor:/home/guo/ITL_sentry_auto_new/install/solver:/home/guo/ITL_sentry_auto_new/install/pipeline:/home/guo/ITL_sentry_auto_new/install/hikvision:/home/guo/ITL_sentry_auto_new/install/gimbal:/home/guo/ITL_sentry_auto_new/install/dm_imu:/home/guo/ITL_sentry_auto_new/install/detected:/home/guo/ITL_sentry_auto_new/install/cboard:/home/guo/ITL_sentry_auto_new/install/serial:/home/guo/ITL_sentry_auto_new/install/motion_model:/home/guo/ITL_sentry_auto_new/install/filter_lib:/home/guo/ITL_sentry_auto_new/install/autoaim_msgs:/home/guo/ITL_sentry_auto_new/install/armor_pointer:/opt/ros/rolling /usr/local/bin/cmake --install /home/guo/ITL_sentry_auto_new/build/detected
