[0.491s] Invoking command in '/home/guo/ITL_sentry_auto/src/pkg02_helloworld_py': PYTHONPATH=/home/guo/ITL_sentry_auto/build/pkg02_helloworld_py/prefix_override:/usr/lib/python3/dist-packages/colcon_core/task/python/colcon_distutils_commands:/home/guo/ITL_sentry_auto/install/pkg02_helloworld_py/lib/python3.10/site-packages:${PYTHONPATH} /usr/bin/python3 -W ignore:setup.py install is deprecated -W ignore:easy_install command is deprecated setup.py egg_info --egg-base ../../build/pkg02_helloworld_py build --build-base /home/guo/ITL_sentry_auto/build/pkg02_helloworld_py/build install --record /home/guo/ITL_sentry_auto/build/pkg02_helloworld_py/install.log --single-version-externally-managed install_data
[0.683s] running egg_info
[0.683s] writing ../../build/pkg02_helloworld_py/pkg02_helloworld_py.egg-info/PKG-INFO
[0.684s] writing dependency_links to ../../build/pkg02_helloworld_py/pkg02_helloworld_py.egg-info/dependency_links.txt
[0.684s] writing entry points to ../../build/pkg02_helloworld_py/pkg02_helloworld_py.egg-info/entry_points.txt
[0.684s] writing requirements to ../../build/pkg02_helloworld_py/pkg02_helloworld_py.egg-info/requires.txt
[0.684s] writing top-level names to ../../build/pkg02_helloworld_py/pkg02_helloworld_py.egg-info/top_level.txt
[0.685s] reading manifest file '../../build/pkg02_helloworld_py/pkg02_helloworld_py.egg-info/SOURCES.txt'
[0.686s] writing manifest file '../../build/pkg02_helloworld_py/pkg02_helloworld_py.egg-info/SOURCES.txt'
[0.686s] running build
[0.686s] running build_py
[0.686s] running install
[0.686s] running install_lib
[0.688s] running install_data
[0.688s] running install_egg_info
[0.689s] removing '/home/guo/ITL_sentry_auto/install/pkg02_helloworld_py/lib/python3.10/site-packages/pkg02_helloworld_py-0.0.0-py3.10.egg-info' (and everything under it)
[0.689s] Copying ../../build/pkg02_helloworld_py/pkg02_helloworld_py.egg-info to /home/guo/ITL_sentry_auto/install/pkg02_helloworld_py/lib/python3.10/site-packages/pkg02_helloworld_py-0.0.0-py3.10.egg-info
[0.690s] running install_scripts
[0.707s] Installing Grabimage script to /home/guo/ITL_sentry_auto/install/pkg02_helloworld_py/lib/pkg02_helloworld_py
[0.707s] Installing camera script to /home/guo/ITL_sentry_auto/install/pkg02_helloworld_py/lib/pkg02_helloworld_py
[0.707s] Installing camera_node script to /home/guo/ITL_sentry_auto/install/pkg02_helloworld_py/lib/pkg02_helloworld_py
[0.707s] Installing serial_send script to /home/guo/ITL_sentry_auto/install/pkg02_helloworld_py/lib/pkg02_helloworld_py
[0.707s] Installing sub script to /home/guo/ITL_sentry_auto/install/pkg02_helloworld_py/lib/pkg02_helloworld_py
[0.707s] Installing sub_openvino_UKF script to /home/guo/ITL_sentry_auto/install/pkg02_helloworld_py/lib/pkg02_helloworld_py
[0.707s] Installing sub_openvino_blue script to /home/guo/ITL_sentry_auto/install/pkg02_helloworld_py/lib/pkg02_helloworld_py
[0.707s] Installing sub_openvino_red script to /home/guo/ITL_sentry_auto/install/pkg02_helloworld_py/lib/pkg02_helloworld_py
[0.708s] writing list of installed files to '/home/guo/ITL_sentry_auto/build/pkg02_helloworld_py/install.log'
[0.726s] Invoked command in '/home/guo/ITL_sentry_auto/src/pkg02_helloworld_py' returned '0': PYTHONPATH=/home/guo/ITL_sentry_auto/build/pkg02_helloworld_py/prefix_override:/usr/lib/python3/dist-packages/colcon_core/task/python/colcon_distutils_commands:/home/guo/ITL_sentry_auto/install/pkg02_helloworld_py/lib/python3.10/site-packages:${PYTHONPATH} /usr/bin/python3 -W ignore:setup.py install is deprecated -W ignore:easy_install command is deprecated setup.py egg_info --egg-base ../../build/pkg02_helloworld_py build --build-base /home/guo/ITL_sentry_auto/build/pkg02_helloworld_py/build install --record /home/guo/ITL_sentry_auto/build/pkg02_helloworld_py/install.log --single-version-externally-managed install_data
