-- Found ament_cmake: 2.3.2 (/opt/ros/rolling/share/ament_cmake/cmake)
-- Found rclcpp: 27.0.0 (/opt/ros/rolling/share/rclcpp/cmake)
-- Found rosidl_generator_c: 4.5.1 (/opt/ros/rolling/share/rosidl_generator_c/cmake)
-- Found rosidl_generator_cpp: 4.5.1 (/opt/ros/rolling/share/rosidl_generator_cpp/cmake)
-- Using all available rosidl_typesupport_c: rosidl_typesupport_fastrtps_c;rosidl_typesupport_introspection_c
-- Using all available rosidl_typesupport_cpp: rosidl_typesupport_fastrtps_cpp;rosidl_typesupport_introspection_cpp
-- Found rmw_implementation_cmake: 7.3.0 (/opt/ros/rolling/share/rmw_implementation_cmake/cmake)
-- Found rmw_fastrtps_cpp: 8.2.0 (/opt/ros/rolling/share/rmw_fastrtps_cpp/cmake)
-- Using RMW implementation 'rmw_fastrtps_cpp' as default
-- Found hikvision: 1.0.0 (/home/guo/ITL_sentry_auto_new/install/hikvision/share/hikvision/cmake)
-- Found serial: 0.1.0 (/home/guo/ITL_sentry_auto_new/install/serial/share/serial/cmake)
-- Found dm_imu: 0.0.0 (/home/guo/ITL_sentry_auto_new/install/dm_imu/share/dm_imu/cmake)
-- Found detected: 0.0.2 (/home/guo/ITL_sentry_auto_new/install/detected/share/detected/cmake)
-- Found solver: 0.0.0 (/home/guo/ITL_sentry_auto_new/install/solver/share/solver/cmake)
-- Found eigen3_cmake_module: 0.3.0 (/opt/ros/rolling/share/eigen3_cmake_module/cmake)
-- Ensuring Eigen3 include directory is part of orocos-kdl CMake target
-- Found tracker: 0.1.0 (/home/guo/ITL_sentry_auto_new/install/tracker/share/tracker/cmake)
-- Found planner: 0.1.0 (/home/guo/ITL_sentry_auto_new/install/planner/share/planner/cmake)
-- Found ament_lint_auto: 0.16.3 (/opt/ros/rolling/share/ament_lint_auto/cmake)
-- Added test 'cppcheck' to perform static code analysis on C / C++ code
-- Configured cppcheck include dirs: /home/guo/ITL_sentry_auto_new/src/node/include
-- Configured cppcheck exclude dirs and/or files: 
-- Added test 'lint_cmake' to check CMake code style
-- Added test 'uncrustify' to check C / C++ code style
-- Configured uncrustify additional arguments: 
-- Added test 'xmllint' to check XML markup files
-- Configuring done (3.6s)
-- Generating done (0.0s)
-- Build files have been written to: /home/guo/ITL_sentry_auto_new/build/pipeline
[ 25%] [32mBuilding CXX object CMakeFiles/video_node.dir/src/video_node.cpp.o[0m
[ 50%] [32mBuilding CXX object CMakeFiles/pipeline_node.dir/src/test_node.cpp.o[0m
[ 75%] [32m[1mLinking CXX executable video_node[0m
[ 75%] Built target video_node
