[0.029s] Invoking command in '/home/guo/ITL_sentry_auto_new/build/cboard': CMAKE_PREFIX_PATH=/home/guo/ITL_sentry_auto_new/install/utils:/home/guo/ITL_sentry_auto_new/install/tracker:/home/guo/ITL_sentry_auto_new/install/aimer:/home/guo/ITL_sentry_auto_new/install/predictor:/home/guo/ITL_sentry_auto_new/install/solver:/home/guo/ITL_sentry_auto_new/install/pipeline:/home/guo/ITL_sentry_auto_new/install/hikvision:/home/guo/ITL_sentry_auto_new/install/gimbal:/home/guo/ITL_sentry_auto_new/install/dm_imu:/home/guo/ITL_sentry_auto_new/install/detected:/home/guo/ITL_sentry_auto_new/install/cboard:/home/guo/ITL_sentry_auto_new/install/serial:/home/guo/ITL_sentry_auto_new/install/motion_model:/home/guo/ITL_sentry_auto_new/install/filter_lib:/home/guo/ITL_sentry_auto_new/install/autoaim_msgs:/home/guo/ITL_sentry_auto_new/install/armor_pointer:/opt/ros/rolling /usr/local/bin/cmake --build /home/guo/ITL_sentry_auto_new/build/cboard -- -j24 -l24
[0.054s] [100%] Built target cboard
[0.058s] Invoked command in '/home/guo/ITL_sentry_auto_new/build/cboard' returned '0': CMAKE_PREFIX_PATH=/home/guo/ITL_sentry_auto_new/install/utils:/home/guo/ITL_sentry_auto_new/install/tracker:/home/guo/ITL_sentry_auto_new/install/aimer:/home/guo/ITL_sentry_auto_new/install/predictor:/home/guo/ITL_sentry_auto_new/install/solver:/home/guo/ITL_sentry_auto_new/install/pipeline:/home/guo/ITL_sentry_auto_new/install/hikvision:/home/guo/ITL_sentry_auto_new/install/gimbal:/home/guo/ITL_sentry_auto_new/install/dm_imu:/home/guo/ITL_sentry_auto_new/install/detected:/home/guo/ITL_sentry_auto_new/install/cboard:/home/guo/ITL_sentry_auto_new/install/serial:/home/guo/ITL_sentry_auto_new/install/motion_model:/home/guo/ITL_sentry_auto_new/install/filter_lib:/home/guo/ITL_sentry_auto_new/install/autoaim_msgs:/home/guo/ITL_sentry_auto_new/install/armor_pointer:/opt/ros/rolling /usr/local/bin/cmake --build /home/guo/ITL_sentry_auto_new/build/cboard -- -j24 -l24
[0.059s] Invoking command in '/home/guo/ITL_sentry_auto_new/build/cboard': CMAKE_PREFIX_PATH=/home/guo/ITL_sentry_auto_new/install/utils:/home/guo/ITL_sentry_auto_new/install/tracker:/home/guo/ITL_sentry_auto_new/install/aimer:/home/guo/ITL_sentry_auto_new/install/predictor:/home/guo/ITL_sentry_auto_new/install/solver:/home/guo/ITL_sentry_auto_new/install/pipeline:/home/guo/ITL_sentry_auto_new/install/hikvision:/home/guo/ITL_sentry_auto_new/install/gimbal:/home/guo/ITL_sentry_auto_new/install/dm_imu:/home/guo/ITL_sentry_auto_new/install/detected:/home/guo/ITL_sentry_auto_new/install/cboard:/home/guo/ITL_sentry_auto_new/install/serial:/home/guo/ITL_sentry_auto_new/install/motion_model:/home/guo/ITL_sentry_auto_new/install/filter_lib:/home/guo/ITL_sentry_auto_new/install/autoaim_msgs:/home/guo/ITL_sentry_auto_new/install/armor_pointer:/opt/ros/rolling /usr/local/bin/cmake --install /home/guo/ITL_sentry_auto_new/build/cboard
[0.062s] -- Install configuration: ""
[0.062s] -- Up-to-date: /home/guo/ITL_sentry_auto_new/install/cboard/share/cboard/environment/library_path.sh
[0.062s] -- Up-to-date: /home/guo/ITL_sentry_auto_new/install/cboard/share/cboard/environment/library_path.dsv
[0.062s] -- Up-to-date: /home/guo/ITL_sentry_auto_new/install/cboard/include
[0.062s] -- Up-to-date: /home/guo/ITL_sentry_auto_new/install/cboard/include/command.hpp
[0.062s] -- Up-to-date: /home/guo/ITL_sentry_auto_new/install/cboard/include/cboard.hpp
[0.062s] -- Up-to-date: /home/guo/ITL_sentry_auto_new/install/cboard/include/socketcan.hpp
[0.063s] -- Up-to-date: /home/guo/ITL_sentry_auto_new/install/cboard/lib/libcboard.so
[0.063s] -- Up-to-date: /home/guo/ITL_sentry_auto_new/install/cboard/share/cboard/cmake/cboardTargets.cmake
[0.063s] -- Up-to-date: /home/guo/ITL_sentry_auto_new/install/cboard/share/cboard/cmake/cboardTargets-noconfig.cmake
[0.063s] -- Up-to-date: /home/guo/ITL_sentry_auto_new/install/cboard/share/ament_index/resource_index/package_run_dependencies/cboard
[0.063s] -- Up-to-date: /home/guo/ITL_sentry_auto_new/install/cboard/share/ament_index/resource_index/parent_prefix_path/cboard
[0.063s] -- Up-to-date: /home/guo/ITL_sentry_auto_new/install/cboard/share/cboard/environment/ament_prefix_path.sh
[0.063s] -- Up-to-date: /home/guo/ITL_sentry_auto_new/install/cboard/share/cboard/environment/ament_prefix_path.dsv
[0.063s] -- Up-to-date: /home/guo/ITL_sentry_auto_new/install/cboard/share/cboard/environment/path.sh
[0.063s] -- Up-to-date: /home/guo/ITL_sentry_auto_new/install/cboard/share/cboard/environment/path.dsv
[0.063s] -- Up-to-date: /home/guo/ITL_sentry_auto_new/install/cboard/share/cboard/local_setup.bash
[0.063s] -- Up-to-date: /home/guo/ITL_sentry_auto_new/install/cboard/share/cboard/local_setup.sh
[0.064s] -- Up-to-date: /home/guo/ITL_sentry_auto_new/install/cboard/share/cboard/local_setup.zsh
[0.064s] -- Up-to-date: /home/guo/ITL_sentry_auto_new/install/cboard/share/cboard/local_setup.dsv
[0.064s] -- Installing: /home/guo/ITL_sentry_auto_new/install/cboard/share/cboard/package.dsv
[0.064s] -- Up-to-date: /home/guo/ITL_sentry_auto_new/install/cboard/share/ament_index/resource_index/packages/cboard
[0.064s] -- Up-to-date: /home/guo/ITL_sentry_auto_new/install/cboard/share/cboard/cmake/cboardTargetsExport.cmake
[0.064s] -- Up-to-date: /home/guo/ITL_sentry_auto_new/install/cboard/share/cboard/cmake/cboardTargetsExport-noconfig.cmake
[0.064s] -- Up-to-date: /home/guo/ITL_sentry_auto_new/install/cboard/share/cboard/cmake/ament_cmake_export_include_directories-extras.cmake
[0.064s] -- Up-to-date: /home/guo/ITL_sentry_auto_new/install/cboard/share/cboard/cmake/ament_cmake_export_libraries-extras.cmake
[0.064s] -- Up-to-date: /home/guo/ITL_sentry_auto_new/install/cboard/share/cboard/cmake/ament_cmake_export_dependencies-extras.cmake
[0.064s] -- Up-to-date: /home/guo/ITL_sentry_auto_new/install/cboard/share/cboard/cmake/ament_cmake_export_targets-extras.cmake
[0.064s] -- Up-to-date: /home/guo/ITL_sentry_auto_new/install/cboard/share/cboard/cmake/cboardConfig.cmake
[0.064s] -- Up-to-date: /home/guo/ITL_sentry_auto_new/install/cboard/share/cboard/cmake/cboardConfig-version.cmake
[0.064s] -- Up-to-date: /home/guo/ITL_sentry_auto_new/install/cboard/share/cboard/package.xml
[0.066s] Invoked command in '/home/guo/ITL_sentry_auto_new/build/cboard' returned '0': CMAKE_PREFIX_PATH=/home/guo/ITL_sentry_auto_new/install/utils:/home/guo/ITL_sentry_auto_new/install/tracker:/home/guo/ITL_sentry_auto_new/install/aimer:/home/guo/ITL_sentry_auto_new/install/predictor:/home/guo/ITL_sentry_auto_new/install/solver:/home/guo/ITL_sentry_auto_new/install/pipeline:/home/guo/ITL_sentry_auto_new/install/hikvision:/home/guo/ITL_sentry_auto_new/install/gimbal:/home/guo/ITL_sentry_auto_new/install/dm_imu:/home/guo/ITL_sentry_auto_new/install/detected:/home/guo/ITL_sentry_auto_new/install/cboard:/home/guo/ITL_sentry_auto_new/install/serial:/home/guo/ITL_sentry_auto_new/install/motion_model:/home/guo/ITL_sentry_auto_new/install/filter_lib:/home/guo/ITL_sentry_auto_new/install/autoaim_msgs:/home/guo/ITL_sentry_auto_new/install/armor_pointer:/opt/ros/rolling /usr/local/bin/cmake --install /home/guo/ITL_sentry_auto_new/build/cboard
