[0.044s] Invoking command in '/home/guo/ITL_sentry_auto_new/build/pipeline': CMAKE_PREFIX_PATH=/home/guo/ITL_sentry_auto_new/install/tracker:/home/guo/ITL_sentry_auto_new/install/planner:/home/guo/ITL_sentry_auto_new/install/aimer:/home/guo/ITL_sentry_auto_new/install/predictor:/home/guo/ITL_sentry_auto_new/install/solver:/home/guo/ITL_sentry_auto_new/install/gimbal:/home/guo/ITL_sentry_auto_new/install/dm_imu:/home/guo/ITL_sentry_auto_new/install/serial:/home/guo/ITL_sentry_auto_new/install/motion_model:/home/guo/ITL_sentry_auto_new/install/hikvision:/home/guo/ITL_sentry_auto_new/install/detected:/home/guo/ITL_sentry_auto_new/install/cboard:/home/guo/ITL_sentry_auto_new/install/utils:/home/guo/ITL_sentry_auto_new/install/filter_lib:/home/guo/ITL_sentry_auto_new/install/autoaim_msgs:/home/guo/ITL_sentry_auto_new/install/pipeline:/home/guo/ITL_sentry_auto_new/install/launch_node:/home/guo/ITL_sentry_auto_new/install/armor_pointer:/opt/ros/rolling LD_LIBRARY_PATH=/home/guo/ITL_sentry_auto_new/install/planner/lib:/home/guo/ITL_sentry_auto_new/install/aimer/lib:/home/guo/ITL_sentry_auto_new/install/predictor/lib:/home/guo/ITL_sentry_auto_new/install/solver/lib:/home/guo/ITL_sentry_auto_new/install/gimbal/lib:/home/guo/ITL_sentry_auto_new/install/dm_imu/lib:/home/guo/ITL_sentry_auto_new/install/serial/lib:/home/guo/ITL_sentry_auto_new/install/motion_model/lib:/home/guo/ITL_sentry_auto_new/install/hikvision/lib:/home/guo/ITL_sentry_auto_new/install/detected/lib:/home/guo/ITL_sentry_auto_new/install/cboard/lib:/home/guo/ITL_sentry_auto_new/install/autoaim_msgs/lib:/home/guo/ITL_sentry_auto_new/install/tracker/lib:/home/guo/ITL_sentry_auto_new/install/utils/lib:/home/guo/ITL_sentry_auto_new/install/filter_lib/lib:/home/guo/ITL_sentry_auto_new/install/armor_pointer/lib:/usr/lib/x86_64-linux-gnu:/opt/ros/rolling/opt/rviz_ogre_vendor/lib:/opt/ros/rolling/lib/x86_64-linux-gnu:/opt/ros/rolling/lib:/opt/MVS/lib/64:/opt/MVS/lib/32:/usr/local/TensorRT.10.7.0.23/lib:/usr/lib/x86_64-linux-gnu:/usr/local/cuda/lib64:/opt/MVS/lib/64:/opt/MVS/lib/32:/opt/MVS/lib/64:/opt/MVS/lib/32 /usr/local/bin/cmake --build /home/guo/ITL_sentry_auto_new/build/pipeline -- -j24 -l24
[0.078s] [ 25%] [32mBuilding CXX object CMakeFiles/video_node.dir/src/video_node.cpp.o[0m
[0.081s] [ 50%] [32mBuilding CXX object CMakeFiles/pipeline_node.dir/src/test_node.cpp.o[0m
[2.947s] [01m[K/home/guo/ITL_sentry_auto_new/src/node/src/video_node.cpp:[m[K In function ‘[01m[Kint main(int, char**)[m[K’:
[2.947s] [01m[K/home/guo/ITL_sentry_auto_new/src/node/src/video_node.cpp:160:47:[m[K [01;31m[Kerror: [m[K‘[01m[KkDefaultVideoPath[m[K’ was not declared in this scope; did you mean ‘[01m[KApplication::{anonymous}::kDefaultVideoPath[m[K’?
[2.947s]   160 |                              + "{video v |" + [01;31m[KkDefaultVideoPath[m[K + "| 视频文件路径}"
[2.947s]       |                                               [01;31m[K^~~~~~~~~~~~~~~~~[m[K
[2.947s]       |                                               [32m[KApplication::{anonymous}::kDefaultVideoPath[m[K
[2.947s] [01m[K/home/guo/ITL_sentry_auto_new/src/node/src/video_node.cpp:22:16:[m[K [01;36m[Knote: [m[K‘[01m[KApplication::{anonymous}::kDefaultVideoPath[m[K’ declared here
[2.947s]    22 | constexpr char [01;36m[KkDefaultVideoPath[m[K[] = "/home/guo/视频/test1.mp4";
[2.947s]       |                [01;36m[K^~~~~~~~~~~~~~~~~[m[K
[2.947s] [01m[K/home/guo/ITL_sentry_auto_new/src/node/src/video_node.cpp:161:47:[m[K [01;31m[Kerror: [m[K‘[01m[KkDefaultConfigPath[m[K’ was not declared in this scope; did you mean ‘[01m[KApplication::{anonymous}::kDefaultConfigPath[m[K’?
[2.947s]   161 |                              + "{config c|" + [01;31m[KkDefaultConfigPath[m[K + "| YAML配置文件路径}"
[2.947s]       |                                               [01;31m[K^~~~~~~~~~~~~~~~~~[m[K
[2.948s]       |                                               [32m[KApplication::{anonymous}::kDefaultConfigPath[m[K
[2.948s] [01m[K/home/guo/ITL_sentry_auto_new/src/node/src/video_node.cpp:23:16:[m[K [01;36m[Knote: [m[K‘[01m[KApplication::{anonymous}::kDefaultConfigPath[m[K’ declared here
[2.948s]    23 | constexpr char [01;36m[KkDefaultConfigPath[m[K[] =
[2.948s]       |                [01;36m[K^~~~~~~~~~~~~~~~~~[m[K
[2.949s] [01m[K/home/guo/ITL_sentry_auto_new/src/node/src/video_node.cpp:174:14:[m[K [01;35m[Kwarning: [m[Kunused variable ‘[01m[Kconfig_option_provided[m[K’ [[01;35m[K]8;;https://gcc.gnu.org/onlinedocs/gcc/Warning-Options.html#index-Wunused-variable-Wunused-variable]8;;[m[K]
[2.949s]   174 |   const bool [01;35m[Kconfig_option_provided[m[K = cli.has("config");
[2.949s]       |              [01;35m[K^~~~~~~~~~~~~~~~~~~~~~[m[K
[4.753s] gmake[2]: *** [CMakeFiles/video_node.dir/build.make:76：CMakeFiles/video_node.dir/src/video_node.cpp.o] 错误 1
[4.753s] gmake[1]: *** [CMakeFiles/Makefile2:165：CMakeFiles/video_node.dir/all] 错误 2
[4.753s] gmake[1]: *** 正在等待未完成的任务....
[10.560s] [ 75%] [32m[1mLinking CXX executable pipeline_node[0m
[11.711s] [ 75%] Built target pipeline_node
[11.711s] gmake: *** [Makefile:146：all] 错误 2
[11.713s] Invoked command in '/home/guo/ITL_sentry_auto_new/build/pipeline' returned '2': CMAKE_PREFIX_PATH=/home/guo/ITL_sentry_auto_new/install/tracker:/home/guo/ITL_sentry_auto_new/install/planner:/home/guo/ITL_sentry_auto_new/install/aimer:/home/guo/ITL_sentry_auto_new/install/predictor:/home/guo/ITL_sentry_auto_new/install/solver:/home/guo/ITL_sentry_auto_new/install/gimbal:/home/guo/ITL_sentry_auto_new/install/dm_imu:/home/guo/ITL_sentry_auto_new/install/serial:/home/guo/ITL_sentry_auto_new/install/motion_model:/home/guo/ITL_sentry_auto_new/install/hikvision:/home/guo/ITL_sentry_auto_new/install/detected:/home/guo/ITL_sentry_auto_new/install/cboard:/home/guo/ITL_sentry_auto_new/install/utils:/home/guo/ITL_sentry_auto_new/install/filter_lib:/home/guo/ITL_sentry_auto_new/install/autoaim_msgs:/home/guo/ITL_sentry_auto_new/install/pipeline:/home/guo/ITL_sentry_auto_new/install/launch_node:/home/guo/ITL_sentry_auto_new/install/armor_pointer:/opt/ros/rolling LD_LIBRARY_PATH=/home/guo/ITL_sentry_auto_new/install/planner/lib:/home/guo/ITL_sentry_auto_new/install/aimer/lib:/home/guo/ITL_sentry_auto_new/install/predictor/lib:/home/guo/ITL_sentry_auto_new/install/solver/lib:/home/guo/ITL_sentry_auto_new/install/gimbal/lib:/home/guo/ITL_sentry_auto_new/install/dm_imu/lib:/home/guo/ITL_sentry_auto_new/install/serial/lib:/home/guo/ITL_sentry_auto_new/install/motion_model/lib:/home/guo/ITL_sentry_auto_new/install/hikvision/lib:/home/guo/ITL_sentry_auto_new/install/detected/lib:/home/guo/ITL_sentry_auto_new/install/cboard/lib:/home/guo/ITL_sentry_auto_new/install/autoaim_msgs/lib:/home/guo/ITL_sentry_auto_new/install/tracker/lib:/home/guo/ITL_sentry_auto_new/install/utils/lib:/home/guo/ITL_sentry_auto_new/install/filter_lib/lib:/home/guo/ITL_sentry_auto_new/install/armor_pointer/lib:/usr/lib/x86_64-linux-gnu:/opt/ros/rolling/opt/rviz_ogre_vendor/lib:/opt/ros/rolling/lib/x86_64-linux-gnu:/opt/ros/rolling/lib:/opt/MVS/lib/64:/opt/MVS/lib/32:/usr/local/TensorRT.10.7.0.23/lib:/usr/lib/x86_64-linux-gnu:/usr/local/cuda/lib64:/opt/MVS/lib/64:/opt/MVS/lib/32:/opt/MVS/lib/64:/opt/MVS/lib/32 /usr/local/bin/cmake --build /home/guo/ITL_sentry_auto_new/build/pipeline -- -j24 -l24
