[0.020s] Invoking command in '/home/guo/ITL_sentry_auto_new/build/detected': CMAKE_PREFIX_PATH=/home/guo/ITL_sentry_auto_new/install/utils:/home/guo/ITL_sentry_auto_new/install/tracker:/home/guo/ITL_sentry_auto_new/install/aimer:/home/guo/ITL_sentry_auto_new/install/predictor:/home/guo/ITL_sentry_auto_new/install/solver:/home/guo/ITL_sentry_auto_new/install/pipeline:/home/guo/ITL_sentry_auto_new/install/hikvision:/home/guo/ITL_sentry_auto_new/install/gimbal:/home/guo/ITL_sentry_auto_new/install/dm_imu:/home/guo/ITL_sentry_auto_new/install/detected:/home/guo/ITL_sentry_auto_new/install/cboard:/home/guo/ITL_sentry_auto_new/install/serial:/home/guo/ITL_sentry_auto_new/install/motion_model:/home/guo/ITL_sentry_auto_new/install/filter_lib:/home/guo/ITL_sentry_auto_new/install/autoaim_msgs:/home/guo/ITL_sentry_auto_new/install/armor_pointer:/opt/ros/rolling /usr/local/bin/cmake --build /home/guo/ITL_sentry_auto_new/build/detected -- -j24 -l24
[0.041s] [ 22%] Built target armor_data_lib
[0.055s] [ 77%] Built target armor_detector_lib
[0.055s] [ 77%] Built target armor_classifier_lib
[0.070s] [ 88%] [32mBuilding CXX object CMakeFiles/detected.dir/src/node/armor_detector_node.cpp.o[0m
[2.830s] [100%] [32m[1mLinking CXX shared library libdetected.so[0m
[2.929s] [100%] Built target detected
[2.933s] Invoked command in '/home/guo/ITL_sentry_auto_new/build/detected' returned '0': CMAKE_PREFIX_PATH=/home/guo/ITL_sentry_auto_new/install/utils:/home/guo/ITL_sentry_auto_new/install/tracker:/home/guo/ITL_sentry_auto_new/install/aimer:/home/guo/ITL_sentry_auto_new/install/predictor:/home/guo/ITL_sentry_auto_new/install/solver:/home/guo/ITL_sentry_auto_new/install/pipeline:/home/guo/ITL_sentry_auto_new/install/hikvision:/home/guo/ITL_sentry_auto_new/install/gimbal:/home/guo/ITL_sentry_auto_new/install/dm_imu:/home/guo/ITL_sentry_auto_new/install/detected:/home/guo/ITL_sentry_auto_new/install/cboard:/home/guo/ITL_sentry_auto_new/install/serial:/home/guo/ITL_sentry_auto_new/install/motion_model:/home/guo/ITL_sentry_auto_new/install/filter_lib:/home/guo/ITL_sentry_auto_new/install/autoaim_msgs:/home/guo/ITL_sentry_auto_new/install/armor_pointer:/opt/ros/rolling /usr/local/bin/cmake --build /home/guo/ITL_sentry_auto_new/build/detected -- -j24 -l24
[2.934s] Invoking command in '/home/guo/ITL_sentry_auto_new/build/detected': CMAKE_PREFIX_PATH=/home/guo/ITL_sentry_auto_new/install/utils:/home/guo/ITL_sentry_auto_new/install/tracker:/home/guo/ITL_sentry_auto_new/install/aimer:/home/guo/ITL_sentry_auto_new/install/predictor:/home/guo/ITL_sentry_auto_new/install/solver:/home/guo/ITL_sentry_auto_new/install/pipeline:/home/guo/ITL_sentry_auto_new/install/hikvision:/home/guo/ITL_sentry_auto_new/install/gimbal:/home/guo/ITL_sentry_auto_new/install/dm_imu:/home/guo/ITL_sentry_auto_new/install/detected:/home/guo/ITL_sentry_auto_new/install/cboard:/home/guo/ITL_sentry_auto_new/install/serial:/home/guo/ITL_sentry_auto_new/install/motion_model:/home/guo/ITL_sentry_auto_new/install/filter_lib:/home/guo/ITL_sentry_auto_new/install/autoaim_msgs:/home/guo/ITL_sentry_auto_new/install/armor_pointer:/opt/ros/rolling /usr/local/bin/cmake --install /home/guo/ITL_sentry_auto_new/build/detected
[2.936s] -- Install configuration: "Release"
[2.936s] -- Up-to-date: /home/guo/ITL_sentry_auto_new/install/detected/lib/libarmor_data_lib.so
[2.936s] -- Up-to-date: /home/guo/ITL_sentry_auto_new/install/detected/lib/libarmor_detector_lib.so
[2.937s] -- Up-to-date: /home/guo/ITL_sentry_auto_new/install/detected/lib/libarmor_classifier_lib.so
[2.937s] -- Installing: /home/guo/ITL_sentry_auto_new/install/detected/lib/libdetected.so
[2.937s] -- Set non-toolchain portion of runtime path of "/home/guo/ITL_sentry_auto_new/install/detected/lib/libdetected.so" to ""
[2.937s] -- Up-to-date: /home/guo/ITL_sentry_auto_new/install/detected/include
[2.937s] -- Up-to-date: /home/guo/ITL_sentry_auto_new/install/detected/include/common
[2.937s] -- Up-to-date: /home/guo/ITL_sentry_auto_new/install/detected/include/common/armor.hpp
[2.938s] -- Up-to-date: /home/guo/ITL_sentry_auto_new/install/detected/include/node
[2.938s] -- Installing: /home/guo/ITL_sentry_auto_new/install/detected/include/node/armor_detector_node.hpp
[2.938s] -- Up-to-date: /home/guo/ITL_sentry_auto_new/install/detected/include/classifier
[2.938s] -- Up-to-date: /home/guo/ITL_sentry_auto_new/install/detected/include/classifier/armor_classifier.hpp
[2.938s] -- Up-to-date: /home/guo/ITL_sentry_auto_new/install/detected/include/detector
[2.938s] -- Up-to-date: /home/guo/ITL_sentry_auto_new/install/detected/include/detector/armor_detector.hpp
[2.938s] -- Up-to-date: /home/guo/ITL_sentry_auto_new/install/detected/include/detector/yolo11.hpp
[2.938s] -- Up-to-date: /home/guo/ITL_sentry_auto_new/install/detected/share/detected/environment/library_path.sh
[2.938s] -- Up-to-date: /home/guo/ITL_sentry_auto_new/install/detected/share/detected/environment/library_path.dsv
[2.939s] -- Up-to-date: /home/guo/ITL_sentry_auto_new/install/detected/share/ament_index/resource_index/package_run_dependencies/detected
[2.939s] -- Up-to-date: /home/guo/ITL_sentry_auto_new/install/detected/share/ament_index/resource_index/parent_prefix_path/detected
[2.939s] -- Up-to-date: /home/guo/ITL_sentry_auto_new/install/detected/share/detected/environment/ament_prefix_path.sh
[2.939s] -- Up-to-date: /home/guo/ITL_sentry_auto_new/install/detected/share/detected/environment/ament_prefix_path.dsv
[2.939s] -- Up-to-date: /home/guo/ITL_sentry_auto_new/install/detected/share/detected/environment/path.sh
[2.939s] -- Up-to-date: /home/guo/ITL_sentry_auto_new/install/detected/share/detected/environment/path.dsv
[2.939s] -- Up-to-date: /home/guo/ITL_sentry_auto_new/install/detected/share/detected/local_setup.bash
[2.939s] -- Up-to-date: /home/guo/ITL_sentry_auto_new/install/detected/share/detected/local_setup.sh
[2.939s] -- Up-to-date: /home/guo/ITL_sentry_auto_new/install/detected/share/detected/local_setup.zsh
[2.940s] -- Up-to-date: /home/guo/ITL_sentry_auto_new/install/detected/share/detected/local_setup.dsv
[2.940s] -- Installing: /home/guo/ITL_sentry_auto_new/install/detected/share/detected/package.dsv
[2.941s] -- Up-to-date: /home/guo/ITL_sentry_auto_new/install/detected/share/ament_index/resource_index/packages/detected
[2.941s] -- Up-to-date: /home/guo/ITL_sentry_auto_new/install/detected/share/detected/cmake/ament_cmake_export_dependencies-extras.cmake
[2.941s] -- Up-to-date: /home/guo/ITL_sentry_auto_new/install/detected/share/detected/cmake/ament_cmake_export_libraries-extras.cmake
[2.941s] -- Up-to-date: /home/guo/ITL_sentry_auto_new/install/detected/share/detected/cmake/ament_cmake_export_include_directories-extras.cmake
[2.941s] -- Up-to-date: /home/guo/ITL_sentry_auto_new/install/detected/share/detected/cmake/detectedConfig.cmake
[2.941s] -- Up-to-date: /home/guo/ITL_sentry_auto_new/install/detected/share/detected/cmake/detectedConfig-version.cmake
[2.941s] -- Up-to-date: /home/guo/ITL_sentry_auto_new/install/detected/share/detected/package.xml
[2.942s] Invoked command in '/home/guo/ITL_sentry_auto_new/build/detected' returned '0': CMAKE_PREFIX_PATH=/home/guo/ITL_sentry_auto_new/install/utils:/home/guo/ITL_sentry_auto_new/install/tracker:/home/guo/ITL_sentry_auto_new/install/aimer:/home/guo/ITL_sentry_auto_new/install/predictor:/home/guo/ITL_sentry_auto_new/install/solver:/home/guo/ITL_sentry_auto_new/install/pipeline:/home/guo/ITL_sentry_auto_new/install/hikvision:/home/guo/ITL_sentry_auto_new/install/gimbal:/home/guo/ITL_sentry_auto_new/install/dm_imu:/home/guo/ITL_sentry_auto_new/install/detected:/home/guo/ITL_sentry_auto_new/install/cboard:/home/guo/ITL_sentry_auto_new/install/serial:/home/guo/ITL_sentry_auto_new/install/motion_model:/home/guo/ITL_sentry_auto_new/install/filter_lib:/home/guo/ITL_sentry_auto_new/install/autoaim_msgs:/home/guo/ITL_sentry_auto_new/install/armor_pointer:/opt/ros/rolling /usr/local/bin/cmake --install /home/guo/ITL_sentry_auto_new/build/detected
