[0.012s] Invoking command in '/home/guo/ITL_sentry_auto/build/anlesover': CMAKE_PREFIX_PATH=${CMAKE_PREFIX_PATH}:/home/guo/ITL_sentry_auto/install/pkg02_helloworld_py:/opt/ros/rolling /usr/local/bin/cmake /home/guo/ITL_sentry_auto/src/anlesover -DCMAKE_INSTALL_PREFIX=/home/guo/ITL_sentry_auto/install/anlesover
[0.053s] -- The C compiler identification is GNU 11.4.0
[0.096s] -- The CXX compiler identification is GNU 11.4.0
[0.110s] -- Detecting C compiler ABI info
[0.163s] -- Detecting C compiler ABI info - done
[0.174s] -- Check for working C compiler: /usr/bin/cc - skipped
[0.174s] -- Detecting C compile features
[0.174s] -- Detecting C compile features - done
[0.183s] -- Detecting CXX compiler ABI info
[0.243s] -- Detecting CXX compiler ABI info - done
[0.252s] -- Check for working CXX compiler: /usr/bin/c++ - skipped
[0.253s] -- Detecting CXX compile features
[0.253s] -- Detecting CXX compile features - done
[0.255s] -- Found ament_cmake: 2.3.2 (/opt/ros/rolling/share/ament_cmake/cmake)
[0.640s] -- Found Python3: /usr/bin/python3.10 (found version "3.10.12") found components: Interpreter 
[0.709s] -- Found rclcpp: 27.0.0 (/opt/ros/rolling/share/rclcpp/cmake)
[0.740s] -- Found rosidl_generator_c: 4.5.1 (/opt/ros/rolling/share/rosidl_generator_c/cmake)
[0.751s] -- Found rosidl_generator_cpp: 4.5.1 (/opt/ros/rolling/share/rosidl_generator_cpp/cmake)
[0.768s] -- Using all available rosidl_typesupport_c: rosidl_typesupport_fastrtps_c;rosidl_typesupport_introspection_c
[0.787s] -- Using all available rosidl_typesupport_cpp: rosidl_typesupport_fastrtps_cpp;rosidl_typesupport_introspection_cpp
[0.963s] -- Found rmw_implementation_cmake: 7.3.0 (/opt/ros/rolling/share/rmw_implementation_cmake/cmake)
[0.965s] -- Found rmw_fastrtps_cpp: 8.2.0 (/opt/ros/rolling/share/rmw_fastrtps_cpp/cmake)
[1.065s] -- Found OpenSSL: /usr/lib/x86_64-linux-gnu/libcrypto.so (found version "3.0.2")  
[1.093s] -- Found FastRTPS: /opt/ros/rolling/include  
[1.132s] -- Using RMW implementation 'rmw_fastrtps_cpp' as default
[1.339s] -- Found OpenCV: /usr (found version "4.5.4") 
[1.340s] -- Found sensor_msgs: 5.3.0 (/opt/ros/rolling/share/sensor_msgs/cmake)
[1.558s] -- Found cv_bridge: 3.4.0 (/opt/ros/rolling/share/cv_bridge/cmake)
[1.575s] -- Found image_transport: 5.1.0 (/opt/ros/rolling/share/image_transport/cmake)
[1.627s] -- Found ament_lint_auto: 0.16.3 (/opt/ros/rolling/share/ament_lint_auto/cmake)
[1.684s] -- Added test 'cppcheck' to perform static code analysis on C / C++ code
[1.684s] -- Configured cppcheck include dirs: $<BUILD_INTERFACE:/home/guo/ITL_sentry_auto/src/anlesover/include>
[1.684s] -- Configured cppcheck exclude dirs and/or files: 
[1.684s] -- Added test 'lint_cmake' to check CMake code style
[1.685s] -- Added test 'uncrustify' to check C / C++ code style
[1.685s] -- Configured uncrustify additional arguments: 
[1.686s] -- Added test 'xmllint' to check XML markup files
[1.687s] -- Configuring done (1.7s)
[1.699s] -- Generating done (0.0s)
[1.702s] -- Build files have been written to: /home/guo/ITL_sentry_auto/build/anlesover
[1.710s] Invoked command in '/home/guo/ITL_sentry_auto/build/anlesover' returned '0': CMAKE_PREFIX_PATH=${CMAKE_PREFIX_PATH}:/home/guo/ITL_sentry_auto/install/pkg02_helloworld_py:/opt/ros/rolling /usr/local/bin/cmake /home/guo/ITL_sentry_auto/src/anlesover -DCMAKE_INSTALL_PREFIX=/home/guo/ITL_sentry_auto/install/anlesover
[1.711s] Invoking command in '/home/guo/ITL_sentry_auto/build/anlesover': CMAKE_PREFIX_PATH=${CMAKE_PREFIX_PATH}:/home/guo/ITL_sentry_auto/install/pkg02_helloworld_py:/opt/ros/rolling /usr/local/bin/cmake --build /home/guo/ITL_sentry_auto/build/anlesover -- -j24 -l24
[1.730s] [ 50%] [32mBuilding CXX object CMakeFiles/anglesolve.dir/src/anglesolve.cpp.o[0m
[8.012s] [100%] [32m[1mLinking CXX executable anglesolve[0m
[8.340s] [100%] Built target anglesolve
[8.344s] Invoked command in '/home/guo/ITL_sentry_auto/build/anlesover' returned '0': CMAKE_PREFIX_PATH=${CMAKE_PREFIX_PATH}:/home/guo/ITL_sentry_auto/install/pkg02_helloworld_py:/opt/ros/rolling /usr/local/bin/cmake --build /home/guo/ITL_sentry_auto/build/anlesover -- -j24 -l24
[8.345s] Invoking command in '/home/guo/ITL_sentry_auto/build/anlesover': CMAKE_PREFIX_PATH=${CMAKE_PREFIX_PATH}:/home/guo/ITL_sentry_auto/install/pkg02_helloworld_py:/opt/ros/rolling /usr/local/bin/cmake --install /home/guo/ITL_sentry_auto/build/anlesover
[8.346s] -- Install configuration: ""
[8.347s] -- Installing: /home/guo/ITL_sentry_auto/install/anlesover/lib/anlesover/anglesolve
[8.351s] -- Set non-toolchain portion of runtime path of "/home/guo/ITL_sentry_auto/install/anlesover/lib/anlesover/anglesolve" to ""
[8.351s] -- Installing: /home/guo/ITL_sentry_auto/install/anlesover/share/ament_index/resource_index/package_run_dependencies/anlesover
[8.351s] -- Installing: /home/guo/ITL_sentry_auto/install/anlesover/share/ament_index/resource_index/parent_prefix_path/anlesover
[8.352s] -- Up-to-date: /home/guo/ITL_sentry_auto/install/anlesover/share/anlesover/environment/ament_prefix_path.sh
[8.352s] -- Installing: /home/guo/ITL_sentry_auto/install/anlesover/share/anlesover/environment/ament_prefix_path.dsv
[8.352s] -- Up-to-date: /home/guo/ITL_sentry_auto/install/anlesover/share/anlesover/environment/path.sh
[8.352s] -- Installing: /home/guo/ITL_sentry_auto/install/anlesover/share/anlesover/environment/path.dsv
[8.352s] -- Installing: /home/guo/ITL_sentry_auto/install/anlesover/share/anlesover/local_setup.bash
[8.352s] -- Installing: /home/guo/ITL_sentry_auto/install/anlesover/share/anlesover/local_setup.sh
[8.352s] -- Installing: /home/guo/ITL_sentry_auto/install/anlesover/share/anlesover/local_setup.zsh
[8.352s] -- Installing: /home/guo/ITL_sentry_auto/install/anlesover/share/anlesover/local_setup.dsv
[8.352s] -- Installing: /home/guo/ITL_sentry_auto/install/anlesover/share/anlesover/package.dsv
[8.352s] -- Installing: /home/guo/ITL_sentry_auto/install/anlesover/share/ament_index/resource_index/packages/anlesover
[8.352s] -- Installing: /home/guo/ITL_sentry_auto/install/anlesover/share/anlesover/cmake/anlesoverConfig.cmake
[8.352s] -- Installing: /home/guo/ITL_sentry_auto/install/anlesover/share/anlesover/cmake/anlesoverConfig-version.cmake
[8.352s] -- Up-to-date: /home/guo/ITL_sentry_auto/install/anlesover/share/anlesover/package.xml
[8.353s] Invoked command in '/home/guo/ITL_sentry_auto/build/anlesover' returned '0': CMAKE_PREFIX_PATH=${CMAKE_PREFIX_PATH}:/home/guo/ITL_sentry_auto/install/pkg02_helloworld_py:/opt/ros/rolling /usr/local/bin/cmake --install /home/guo/ITL_sentry_auto/build/anlesover
