[0.015s] Invoking command in '/home/guo/ITL_sentry_auto_new/build/pipeline': AMENT_PREFIX_PATH=/home/guo/ITL_sentry_auto_new/install/auto_aim:/home/guo/ITL_sentry_auto_new/install/deveice:/home/guo/ITL_sentry_auto_new/install/serial:/home/guo/ITL_sentry_auto_new/install/utils:/home/guo/ITL_sentry_auto_new/install/autoaim_msgs:${AMENT_PREFIX_PATH} CMAKE_PREFIX_PATH=/home/guo/ITL_sentry_auto_new/install/auto_aim:/home/guo/ITL_sentry_auto_new/install/deveice:/home/guo/ITL_sentry_auto_new/install/serial:/home/guo/ITL_sentry_auto_new/install/utils:/home/guo/ITL_sentry_auto_new/install/autoaim_msgs:/opt/ros/rolling LD_LIBRARY_PATH=/home/guo/ITL_sentry_auto_new/install/auto_aim/lib:/home/guo/ITL_sentry_auto_new/install/deveice/lib:/home/guo/ITL_sentry_auto_new/install/serial/lib:/home/guo/ITL_sentry_auto_new/install/utils/lib:/home/guo/ITL_sentry_auto_new/install/autoaim_msgs/lib:/usr/lib/x86_64-linux-gnu:/opt/ros/rolling/opt/rviz_ogre_vendor/lib:/opt/ros/rolling/lib/x86_64-linux-gnu:/opt/ros/rolling/lib:/opt/MVS/lib/64:/opt/MVS/lib/32:/usr/local/TensorRT.10.7.0.23/lib:/usr/lib/x86_64-linux-gnu:/usr/local/cuda/lib64:/opt/MVS/lib/64:/opt/MVS/lib/32:/opt/MVS/lib/64:/opt/MVS/lib/32 PYTHONPATH=/home/guo/ITL_sentry_auto_new/install/autoaim_msgs/lib/python3.10/site-packages:${PYTHONPATH} /usr/local/bin/cmake --build /home/guo/ITL_sentry_auto_new/build/pipeline -- -j24 -l24
[0.045s] [ 25%] [32mBuilding CXX object CMakeFiles/video_node.dir/src/video_node.cpp.o[0m
[0.049s] [ 75%] Built target pipeline_node
[2.227s] [01m[K/home/guo/ITL_sentry_auto_new/src/node/src/video_node.cpp:[m[K In member function ‘[01m[Kint Application::VideoApp::run()[m[K’:
[2.227s] [01m[K/home/guo/ITL_sentry_auto_new/src/node/src/video_node.cpp:82:19:[m[K [01;31m[Kerror: [m[K‘[01m[Kdm_imu_[m[K’ was not declared in this scope
[2.227s]    82 |     orientation = [01;31m[Kdm_imu_[m[K->imu_at(timestamp);
[2.228s]       |                   [01;31m[K^~~~~~~[m[K
[2.232s] [01m[K/home/guo/ITL_sentry_auto_new/src/node/src/video_node.cpp:95:5:[m[K [01;31m[Kerror: [m[K‘[01m[Ksolver_[m[K’ was not declared in this scope; did you mean ‘[01m[Ksolver[m[K’?
[2.232s]    95 |     [01;31m[Ksolver_[m[K->updateIMU(orientation, timestamp_sec);
[2.232s]       |     [01;31m[K^~~~~~~[m[K
[2.232s]       |     [32m[Ksolver[m[K
[2.238s] [01m[K/home/guo/ITL_sentry_auto_new/src/node/src/video_node.cpp:99:20:[m[K [01;31m[Kerror: [m[K‘[01m[Ktracker_[m[K’ was not declared in this scope; did you mean ‘[01m[Ktracker[m[K’?
[2.238s]    99 |     auto targets = [01;31m[Ktracker_[m[K->track(armor_list, timestamp);
[2.239s]       |                    [01;31m[K^~~~~~~~[m[K
[2.239s]       |                    [32m[Ktracker[m[K
[2.244s] [01m[K/home/guo/ITL_sentry_auto_new/src/node/src/video_node.cpp:107:31:[m[K [01;31m[Kerror: [m[K‘[01m[Kyaw_optimizer_[m[K’ was not declared in this scope
[2.244s]   107 |           auto image_points = [01;31m[Kyaw_optimizer_[m[K->reproject_armor_out(
[2.244s]       |                               [01;31m[K^~~~~~~~~~~~~~[m[K
[3.613s] gmake[2]: *** [CMakeFiles/video_node.dir/build.make:76：CMakeFiles/video_node.dir/src/video_node.cpp.o] 错误 1
[3.613s] gmake[1]: *** [CMakeFiles/Makefile2:165：CMakeFiles/video_node.dir/all] 错误 2
[3.613s] gmake: *** [Makefile:146：all] 错误 2
[3.614s] Invoked command in '/home/guo/ITL_sentry_auto_new/build/pipeline' returned '2': AMENT_PREFIX_PATH=/home/guo/ITL_sentry_auto_new/install/auto_aim:/home/guo/ITL_sentry_auto_new/install/deveice:/home/guo/ITL_sentry_auto_new/install/serial:/home/guo/ITL_sentry_auto_new/install/utils:/home/guo/ITL_sentry_auto_new/install/autoaim_msgs:${AMENT_PREFIX_PATH} CMAKE_PREFIX_PATH=/home/guo/ITL_sentry_auto_new/install/auto_aim:/home/guo/ITL_sentry_auto_new/install/deveice:/home/guo/ITL_sentry_auto_new/install/serial:/home/guo/ITL_sentry_auto_new/install/utils:/home/guo/ITL_sentry_auto_new/install/autoaim_msgs:/opt/ros/rolling LD_LIBRARY_PATH=/home/guo/ITL_sentry_auto_new/install/auto_aim/lib:/home/guo/ITL_sentry_auto_new/install/deveice/lib:/home/guo/ITL_sentry_auto_new/install/serial/lib:/home/guo/ITL_sentry_auto_new/install/utils/lib:/home/guo/ITL_sentry_auto_new/install/autoaim_msgs/lib:/usr/lib/x86_64-linux-gnu:/opt/ros/rolling/opt/rviz_ogre_vendor/lib:/opt/ros/rolling/lib/x86_64-linux-gnu:/opt/ros/rolling/lib:/opt/MVS/lib/64:/opt/MVS/lib/32:/usr/local/TensorRT.10.7.0.23/lib:/usr/lib/x86_64-linux-gnu:/usr/local/cuda/lib64:/opt/MVS/lib/64:/opt/MVS/lib/32:/opt/MVS/lib/64:/opt/MVS/lib/32 PYTHONPATH=/home/guo/ITL_sentry_auto_new/install/autoaim_msgs/lib/python3.10/site-packages:${PYTHONPATH} /usr/local/bin/cmake --build /home/guo/ITL_sentry_auto_new/build/pipeline -- -j24 -l24
