[0.012s] Invoking command in '/home/guo/ITL_sentry_auto_new/build/armor_pointer': CMAKE_PREFIX_PATH=/opt/ros/rolling /usr/local/bin/cmake /home/guo/ITL_sentry_auto_new/src/core/pointer -DCMAKE_INSTALL_PREFIX=/home/guo/ITL_sentry_auto_new/install/armor_pointer
[0.049s] -- The C compiler identification is GNU 11.4.0
[0.097s] -- The CXX compiler identification is GNU 11.4.0
[0.110s] -- Detecting C compiler ABI info
[0.161s] -- Detecting C compiler ABI info - done
[0.170s] -- Check for working C compiler: /usr/bin/cc - skipped
[0.170s] -- Detecting C compile features
[0.171s] -- Detecting C compile features - done
[0.180s] -- Detecting CXX compiler ABI info
[0.244s] -- Detecting CXX compiler ABI info - done
[0.255s] -- Check for working CXX compiler: /usr/bin/c++ - skipped
[0.255s] -- Detecting CXX compile features
[0.255s] -- Detecting CXX compile features - done
[0.257s] -- Found ament_cmake: 2.3.2 (/opt/ros/rolling/share/ament_cmake/cmake)
[0.604s] -- Found Python3: /usr/bin/python3.10 (found version "3.10.12") found components: Interpreter 
[0.680s] -- Found OpenCV: /usr (found version "4.5.4") 
[0.728s] -- Configuring done (0.7s)
[0.735s] -- Generating done (0.0s)
[0.737s] -- Build files have been written to: /home/guo/ITL_sentry_auto_new/build/armor_pointer
[0.741s] Invoked command in '/home/guo/ITL_sentry_auto_new/build/armor_pointer' returned '0': CMAKE_PREFIX_PATH=/opt/ros/rolling /usr/local/bin/cmake /home/guo/ITL_sentry_auto_new/src/core/pointer -DCMAKE_INSTALL_PREFIX=/home/guo/ITL_sentry_auto_new/install/armor_pointer
[0.743s] Invoking command in '/home/guo/ITL_sentry_auto_new/build/armor_pointer': CMAKE_PREFIX_PATH=/opt/ros/rolling /usr/local/bin/cmake --build /home/guo/ITL_sentry_auto_new/build/armor_pointer -- -j24 -l24
[0.761s] [ 33%] [32mBuilding CXX object CMakeFiles/armor_pointer.dir/src/image_processor.cpp.o[0m
[0.762s] [ 66%] [32mBuilding CXX object CMakeFiles/armor_pointer.dir/src/lightbar_detector.cpp.o[0m
[2.724s] [100%] [32m[1mLinking CXX static library libarmor_pointer.a[0m
[2.744s] [100%] Built target armor_pointer
[2.749s] Invoked command in '/home/guo/ITL_sentry_auto_new/build/armor_pointer' returned '0': CMAKE_PREFIX_PATH=/opt/ros/rolling /usr/local/bin/cmake --build /home/guo/ITL_sentry_auto_new/build/armor_pointer -- -j24 -l24
[2.750s] Invoking command in '/home/guo/ITL_sentry_auto_new/build/armor_pointer': CMAKE_PREFIX_PATH=/opt/ros/rolling /usr/local/bin/cmake --install /home/guo/ITL_sentry_auto_new/build/armor_pointer
[2.753s] -- Install configuration: ""
[2.753s] -- Installing: /home/guo/ITL_sentry_auto_new/install/armor_pointer/share/armor_pointer/environment/library_path.sh
[2.753s] -- Installing: /home/guo/ITL_sentry_auto_new/install/armor_pointer/share/armor_pointer/environment/library_path.dsv
[2.753s] -- Installing: /home/guo/ITL_sentry_auto_new/install/armor_pointer/include
[2.753s] -- Installing: /home/guo/ITL_sentry_auto_new/install/armor_pointer/include/types.hpp
[2.753s] -- Installing: /home/guo/ITL_sentry_auto_new/install/armor_pointer/include/lightbar_detector.hpp
[2.754s] -- Installing: /home/guo/ITL_sentry_auto_new/install/armor_pointer/include/image_processor.hpp
[2.754s] -- Installing: /home/guo/ITL_sentry_auto_new/install/armor_pointer/lib/libarmor_pointer.a
[2.755s] -- Installing: /home/guo/ITL_sentry_auto_new/install/armor_pointer/share/ament_index/resource_index/package_run_dependencies/armor_pointer
[2.755s] -- Installing: /home/guo/ITL_sentry_auto_new/install/armor_pointer/share/ament_index/resource_index/parent_prefix_path/armor_pointer
[2.755s] -- Installing: /home/guo/ITL_sentry_auto_new/install/armor_pointer/share/armor_pointer/environment/ament_prefix_path.sh
[2.755s] -- Installing: /home/guo/ITL_sentry_auto_new/install/armor_pointer/share/armor_pointer/environment/ament_prefix_path.dsv
[2.755s] -- Installing: /home/guo/ITL_sentry_auto_new/install/armor_pointer/share/armor_pointer/environment/path.sh
[2.755s] -- Installing: /home/guo/ITL_sentry_auto_new/install/armor_pointer/share/armor_pointer/environment/path.dsv
[2.755s] -- Installing: /home/guo/ITL_sentry_auto_new/install/armor_pointer/share/armor_pointer/local_setup.bash
[2.755s] -- Installing: /home/guo/ITL_sentry_auto_new/install/armor_pointer/share/armor_pointer/local_setup.sh
[2.755s] -- Installing: /home/guo/ITL_sentry_auto_new/install/armor_pointer/share/armor_pointer/local_setup.zsh
[2.756s] -- Installing: /home/guo/ITL_sentry_auto_new/install/armor_pointer/share/armor_pointer/local_setup.dsv
[2.756s] -- Installing: /home/guo/ITL_sentry_auto_new/install/armor_pointer/share/armor_pointer/package.dsv
[2.756s] -- Installing: /home/guo/ITL_sentry_auto_new/install/armor_pointer/share/ament_index/resource_index/packages/armor_pointer
[2.756s] -- Installing: /home/guo/ITL_sentry_auto_new/install/armor_pointer/share/armor_pointer/cmake/armor_pointerTargetsExport.cmake
[2.756s] -- Installing: /home/guo/ITL_sentry_auto_new/install/armor_pointer/share/armor_pointer/cmake/armor_pointerTargetsExport-noconfig.cmake
[2.756s] -- Installing: /home/guo/ITL_sentry_auto_new/install/armor_pointer/share/armor_pointer/cmake/ament_cmake_export_targets-extras.cmake
[2.756s] -- Installing: /home/guo/ITL_sentry_auto_new/install/armor_pointer/share/armor_pointer/cmake/ament_cmake_export_dependencies-extras.cmake
[2.756s] -- Installing: /home/guo/ITL_sentry_auto_new/install/armor_pointer/share/armor_pointer/cmake/armor_pointerConfig.cmake
[2.756s] -- Installing: /home/guo/ITL_sentry_auto_new/install/armor_pointer/share/armor_pointer/cmake/armor_pointerConfig-version.cmake
[2.756s] -- Installing: /home/guo/ITL_sentry_auto_new/install/armor_pointer/share/armor_pointer/package.xml
[2.758s] Invoked command in '/home/guo/ITL_sentry_auto_new/build/armor_pointer' returned '0': CMAKE_PREFIX_PATH=/opt/ros/rolling /usr/local/bin/cmake --install /home/guo/ITL_sentry_auto_new/build/armor_pointer
