[0.018s] Invoking command in '/home/guo/ITL_sentry_auto_new/build/auto_aim': AMENT_PREFIX_PATH=/home/guo/ITL_sentry_auto_new/install/deveice:/home/guo/ITL_sentry_auto_new/install/serial:/home/guo/ITL_sentry_auto_new/install/utils:/home/guo/ITL_sentry_auto_new/install/autoaim_msgs:${AMENT_PREFIX_PATH} CMAKE_PREFIX_PATH=/home/guo/ITL_sentry_auto_new/install/deveice:/home/guo/ITL_sentry_auto_new/install/serial:/home/guo/ITL_sentry_auto_new/install/utils:/home/guo/ITL_sentry_auto_new/install/autoaim_msgs:/opt/ros/rolling LD_LIBRARY_PATH=/home/guo/ITL_sentry_auto_new/install/deveice/lib:/home/guo/ITL_sentry_auto_new/install/serial/lib:/home/guo/ITL_sentry_auto_new/install/utils/lib:/home/guo/ITL_sentry_auto_new/install/autoaim_msgs/lib:/usr/lib/x86_64-linux-gnu:/opt/ros/rolling/opt/rviz_ogre_vendor/lib:/opt/ros/rolling/lib/x86_64-linux-gnu:/opt/ros/rolling/lib:/opt/MVS/lib/64:/opt/MVS/lib/32:/usr/local/TensorRT.10.7.0.23/lib:/usr/lib/x86_64-linux-gnu:/usr/local/cuda/lib64:/opt/MVS/lib/64:/opt/MVS/lib/32:/opt/MVS/lib/64:/opt/MVS/lib/32 PYTHONPATH=/home/guo/ITL_sentry_auto_new/install/autoaim_msgs/lib/python3.10/site-packages:${PYTHONPATH} /usr/local/bin/cmake --build /home/guo/ITL_sentry_auto_new/build/auto_aim -- -j24 -l24
[0.055s] [  6%] Built target auto_aim_motion_model
[0.055s] [ 16%] Built target auto_aim_pointer
[0.063s] [ 19%] [32mBuilding CXX object CMakeFiles/auto_aim_detected.dir/detected/src/node/armor_detector_node.cpp.o[0m
[4.751s] [ 22%] [32m[1mLinking CXX static library libauto_aim_detected.a[0m
[4.842s] [ 35%] Built target auto_aim_detected
[4.864s] [ 54%] Built target auto_aim_solver
[4.877s] [ 61%] Built target auto_aim_predictor
[4.891s] [ 67%] Built target auto_aim_aimer
[4.892s] [ 87%] Built target auto_aim_planner
[4.907s] [ 93%] Built target auto_aim_tracker
[4.915s] [ 96%] [32m[1mLinking CXX shared library libauto_aim.so[0m
[6.964s] [100%] Built target auto_aim
[6.968s] Invoked command in '/home/guo/ITL_sentry_auto_new/build/auto_aim' returned '0': AMENT_PREFIX_PATH=/home/guo/ITL_sentry_auto_new/install/deveice:/home/guo/ITL_sentry_auto_new/install/serial:/home/guo/ITL_sentry_auto_new/install/utils:/home/guo/ITL_sentry_auto_new/install/autoaim_msgs:${AMENT_PREFIX_PATH} CMAKE_PREFIX_PATH=/home/guo/ITL_sentry_auto_new/install/deveice:/home/guo/ITL_sentry_auto_new/install/serial:/home/guo/ITL_sentry_auto_new/install/utils:/home/guo/ITL_sentry_auto_new/install/autoaim_msgs:/opt/ros/rolling LD_LIBRARY_PATH=/home/guo/ITL_sentry_auto_new/install/deveice/lib:/home/guo/ITL_sentry_auto_new/install/serial/lib:/home/guo/ITL_sentry_auto_new/install/utils/lib:/home/guo/ITL_sentry_auto_new/install/autoaim_msgs/lib:/usr/lib/x86_64-linux-gnu:/opt/ros/rolling/opt/rviz_ogre_vendor/lib:/opt/ros/rolling/lib/x86_64-linux-gnu:/opt/ros/rolling/lib:/opt/MVS/lib/64:/opt/MVS/lib/32:/usr/local/TensorRT.10.7.0.23/lib:/usr/lib/x86_64-linux-gnu:/usr/local/cuda/lib64:/opt/MVS/lib/64:/opt/MVS/lib/32:/opt/MVS/lib/64:/opt/MVS/lib/32 PYTHONPATH=/home/guo/ITL_sentry_auto_new/install/autoaim_msgs/lib/python3.10/site-packages:${PYTHONPATH} /usr/local/bin/cmake --build /home/guo/ITL_sentry_auto_new/build/auto_aim -- -j24 -l24
[6.969s] Invoking command in '/home/guo/ITL_sentry_auto_new/build/auto_aim': AMENT_PREFIX_PATH=/home/guo/ITL_sentry_auto_new/install/deveice:/home/guo/ITL_sentry_auto_new/install/serial:/home/guo/ITL_sentry_auto_new/install/utils:/home/guo/ITL_sentry_auto_new/install/autoaim_msgs:${AMENT_PREFIX_PATH} CMAKE_PREFIX_PATH=/home/guo/ITL_sentry_auto_new/install/deveice:/home/guo/ITL_sentry_auto_new/install/serial:/home/guo/ITL_sentry_auto_new/install/utils:/home/guo/ITL_sentry_auto_new/install/autoaim_msgs:/opt/ros/rolling LD_LIBRARY_PATH=/home/guo/ITL_sentry_auto_new/install/deveice/lib:/home/guo/ITL_sentry_auto_new/install/serial/lib:/home/guo/ITL_sentry_auto_new/install/utils/lib:/home/guo/ITL_sentry_auto_new/install/autoaim_msgs/lib:/usr/lib/x86_64-linux-gnu:/opt/ros/rolling/opt/rviz_ogre_vendor/lib:/opt/ros/rolling/lib/x86_64-linux-gnu:/opt/ros/rolling/lib:/opt/MVS/lib/64:/opt/MVS/lib/32:/usr/local/TensorRT.10.7.0.23/lib:/usr/lib/x86_64-linux-gnu:/usr/local/cuda/lib64:/opt/MVS/lib/64:/opt/MVS/lib/32:/opt/MVS/lib/64:/opt/MVS/lib/32 PYTHONPATH=/home/guo/ITL_sentry_auto_new/install/autoaim_msgs/lib/python3.10/site-packages:${PYTHONPATH} /usr/local/bin/cmake --install /home/guo/ITL_sentry_auto_new/build/auto_aim
[6.972s] -- Install configuration: ""
[6.972s] -- Installing: /home/guo/ITL_sentry_auto_new/install/auto_aim/lib/libauto_aim.so
[6.990s] -- Set non-toolchain portion of runtime path of "/home/guo/ITL_sentry_auto_new/install/auto_aim/lib/libauto_aim.so" to ""
[6.990s] -- Up-to-date: /home/guo/ITL_sentry_auto_new/install/auto_aim/lib/libauto_aim_aimer.a
[6.991s] -- Installing: /home/guo/ITL_sentry_auto_new/install/auto_aim/lib/libauto_aim_detected.a
[6.997s] -- Up-to-date: /home/guo/ITL_sentry_auto_new/install/auto_aim/lib/libauto_aim_planner.a
[6.998s] -- Up-to-date: /home/guo/ITL_sentry_auto_new/install/auto_aim/lib/libauto_aim_pointer.a
[6.998s] -- Up-to-date: /home/guo/ITL_sentry_auto_new/install/auto_aim/lib/libauto_aim_solver.a
[6.999s] -- Up-to-date: /home/guo/ITL_sentry_auto_new/install/auto_aim/lib/libauto_aim_motion_model.a
[6.999s] -- Up-to-date: /home/guo/ITL_sentry_auto_new/install/auto_aim/lib/libauto_aim_predictor.a
[6.999s] -- Up-to-date: /home/guo/ITL_sentry_auto_new/install/auto_aim/lib/libauto_aim_tracker.a
[6.999s] -- Up-to-date: /home/guo/ITL_sentry_auto_new/install/auto_aim/include
[6.999s] -- Up-to-date: /home/guo/ITL_sentry_auto_new/install/auto_aim/include/aimer.hpp
[6.999s] -- Up-to-date: /home/guo/ITL_sentry_auto_new/install/auto_aim/include
[6.999s] -- Up-to-date: /home/guo/ITL_sentry_auto_new/install/auto_aim/include/common
[6.999s] -- Up-to-date: /home/guo/ITL_sentry_auto_new/install/auto_aim/include/common/armor.hpp
[6.999s] -- Up-to-date: /home/guo/ITL_sentry_auto_new/install/auto_aim/include/node
[6.999s] -- Installing: /home/guo/ITL_sentry_auto_new/install/auto_aim/include/node/armor_detector_node.hpp
[7.000s] -- Up-to-date: /home/guo/ITL_sentry_auto_new/install/auto_aim/include/classifier
[7.000s] -- Up-to-date: /home/guo/ITL_sentry_auto_new/install/auto_aim/include/classifier/armor_classifier.hpp
[7.000s] -- Up-to-date: /home/guo/ITL_sentry_auto_new/install/auto_aim/include/detector
[7.000s] -- Up-to-date: /home/guo/ITL_sentry_auto_new/install/auto_aim/include/detector/common_detector.hpp
[7.000s] -- Up-to-date: /home/guo/ITL_sentry_auto_new/install/auto_aim/include/detector/yolo11.hpp
[7.001s] -- Up-to-date: /home/guo/ITL_sentry_auto_new/install/auto_aim/include
[7.001s] -- Up-to-date: /home/guo/ITL_sentry_auto_new/install/auto_aim/include/planner.hpp
[7.001s] -- Up-to-date: /home/guo/ITL_sentry_auto_new/install/auto_aim/include
[7.001s] -- Up-to-date: /home/guo/ITL_sentry_auto_new/install/auto_aim/include/types.hpp
[7.001s] -- Up-to-date: /home/guo/ITL_sentry_auto_new/install/auto_aim/include/lightbar_detector.hpp
[7.001s] -- Up-to-date: /home/guo/ITL_sentry_auto_new/install/auto_aim/include/image_processor.hpp
[7.001s] -- Up-to-date: /home/guo/ITL_sentry_auto_new/install/auto_aim/include
[7.001s] -- Up-to-date: /home/guo/ITL_sentry_auto_new/install/auto_aim/include/solver_node.hpp
[7.001s] -- Up-to-date: /home/guo/ITL_sentry_auto_new/install/auto_aim/include/module
[7.001s] -- Up-to-date: /home/guo/ITL_sentry_auto_new/install/auto_aim/include/module/coord_converter.hpp
[7.001s] -- Up-to-date: /home/guo/ITL_sentry_auto_new/install/auto_aim/include/module/optimize_yaw.hpp
[7.001s] -- Up-to-date: /home/guo/ITL_sentry_auto_new/install/auto_aim/include/module/solver.hpp
[7.001s] -- Up-to-date: /home/guo/ITL_sentry_auto_new/install/auto_aim/include/module/pnp_solver.hpp
[7.001s] -- Up-to-date: /home/guo/ITL_sentry_auto_new/install/auto_aim/include
[7.001s] -- Up-to-date: /home/guo/ITL_sentry_auto_new/install/auto_aim/include/target.hpp
[7.001s] -- Up-to-date: /home/guo/ITL_sentry_auto_new/install/auto_aim/include
[7.001s] -- Up-to-date: /home/guo/ITL_sentry_auto_new/install/auto_aim/include/full_model.hpp
[7.001s] -- Up-to-date: /home/guo/ITL_sentry_auto_new/install/auto_aim/include
[7.001s] -- Up-to-date: /home/guo/ITL_sentry_auto_new/install/auto_aim/include/tracker.hpp
[7.002s] -- Up-to-date: /home/guo/ITL_sentry_auto_new/install/auto_aim/include
[7.002s] -- Up-to-date: /home/guo/ITL_sentry_auto_new/install/auto_aim/include/tinympc
[7.002s] -- Up-to-date: /home/guo/ITL_sentry_auto_new/install/auto_aim/include/tinympc/admm.hpp
[7.002s] -- Up-to-date: /home/guo/ITL_sentry_auto_new/install/auto_aim/include/tinympc/rho_benchmark.hpp
[7.002s] -- Up-to-date: /home/guo/ITL_sentry_auto_new/install/auto_aim/include/tinympc/codegen.hpp
[7.002s] -- Up-to-date: /home/guo/ITL_sentry_auto_new/install/auto_aim/include/tinympc/types.hpp
[7.002s] -- Up-to-date: /home/guo/ITL_sentry_auto_new/install/auto_aim/include/tinympc/tiny_api_constants.hpp
[7.002s] -- Up-to-date: /home/guo/ITL_sentry_auto_new/install/auto_aim/include/tinympc/error.hpp
[7.002s] -- Up-to-date: /home/guo/ITL_sentry_auto_new/install/auto_aim/include/tinympc/tiny_api.hpp
[7.002s] -- Up-to-date: /home/guo/ITL_sentry_auto_new/install/auto_aim/share/auto_aim/environment/library_path.sh
[7.003s] -- Up-to-date: /home/guo/ITL_sentry_auto_new/install/auto_aim/share/auto_aim/environment/library_path.dsv
[7.003s] -- Up-to-date: /home/guo/ITL_sentry_auto_new/install/auto_aim/share/auto_aim/package.xml
[7.003s] -- Up-to-date: /home/guo/ITL_sentry_auto_new/install/auto_aim/share/ament_index/resource_index/package_run_dependencies/auto_aim
[7.003s] -- Up-to-date: /home/guo/ITL_sentry_auto_new/install/auto_aim/share/ament_index/resource_index/parent_prefix_path/auto_aim
[7.003s] -- Up-to-date: /home/guo/ITL_sentry_auto_new/install/auto_aim/share/auto_aim/environment/ament_prefix_path.sh
[7.003s] -- Up-to-date: /home/guo/ITL_sentry_auto_new/install/auto_aim/share/auto_aim/environment/ament_prefix_path.dsv
[7.003s] -- Up-to-date: /home/guo/ITL_sentry_auto_new/install/auto_aim/share/auto_aim/environment/path.sh
[7.003s] -- Up-to-date: /home/guo/ITL_sentry_auto_new/install/auto_aim/share/auto_aim/environment/path.dsv
[7.003s] -- Up-to-date: /home/guo/ITL_sentry_auto_new/install/auto_aim/share/auto_aim/local_setup.bash
[7.003s] -- Up-to-date: /home/guo/ITL_sentry_auto_new/install/auto_aim/share/auto_aim/local_setup.sh
[7.003s] -- Up-to-date: /home/guo/ITL_sentry_auto_new/install/auto_aim/share/auto_aim/local_setup.zsh
[7.003s] -- Up-to-date: /home/guo/ITL_sentry_auto_new/install/auto_aim/share/auto_aim/local_setup.dsv
[7.003s] -- Installing: /home/guo/ITL_sentry_auto_new/install/auto_aim/share/auto_aim/package.dsv
[7.003s] -- Up-to-date: /home/guo/ITL_sentry_auto_new/install/auto_aim/share/ament_index/resource_index/packages/auto_aim
[7.003s] -- Up-to-date: /home/guo/ITL_sentry_auto_new/install/auto_aim/share/auto_aim/cmake/auto_aimTargetsExport.cmake
[7.003s] -- Up-to-date: /home/guo/ITL_sentry_auto_new/install/auto_aim/share/auto_aim/cmake/auto_aimTargetsExport-noconfig.cmake
[7.003s] -- Up-to-date: /home/guo/ITL_sentry_auto_new/install/auto_aim/share/auto_aim/cmake/ament_cmake_export_include_directories-extras.cmake
[7.003s] -- Up-to-date: /home/guo/ITL_sentry_auto_new/install/auto_aim/share/auto_aim/cmake/ament_cmake_export_targets-extras.cmake
[7.003s] -- Up-to-date: /home/guo/ITL_sentry_auto_new/install/auto_aim/share/auto_aim/cmake/ament_cmake_export_dependencies-extras.cmake
[7.003s] -- Up-to-date: /home/guo/ITL_sentry_auto_new/install/auto_aim/share/auto_aim/cmake/auto_aimConfig.cmake
[7.003s] -- Up-to-date: /home/guo/ITL_sentry_auto_new/install/auto_aim/share/auto_aim/cmake/auto_aimConfig-version.cmake
[7.003s] -- Up-to-date: /home/guo/ITL_sentry_auto_new/install/auto_aim/share/auto_aim/package.xml
[7.003s] Invoked command in '/home/guo/ITL_sentry_auto_new/build/auto_aim' returned '0': AMENT_PREFIX_PATH=/home/guo/ITL_sentry_auto_new/install/deveice:/home/guo/ITL_sentry_auto_new/install/serial:/home/guo/ITL_sentry_auto_new/install/utils:/home/guo/ITL_sentry_auto_new/install/autoaim_msgs:${AMENT_PREFIX_PATH} CMAKE_PREFIX_PATH=/home/guo/ITL_sentry_auto_new/install/deveice:/home/guo/ITL_sentry_auto_new/install/serial:/home/guo/ITL_sentry_auto_new/install/utils:/home/guo/ITL_sentry_auto_new/install/autoaim_msgs:/opt/ros/rolling LD_LIBRARY_PATH=/home/guo/ITL_sentry_auto_new/install/deveice/lib:/home/guo/ITL_sentry_auto_new/install/serial/lib:/home/guo/ITL_sentry_auto_new/install/utils/lib:/home/guo/ITL_sentry_auto_new/install/autoaim_msgs/lib:/usr/lib/x86_64-linux-gnu:/opt/ros/rolling/opt/rviz_ogre_vendor/lib:/opt/ros/rolling/lib/x86_64-linux-gnu:/opt/ros/rolling/lib:/opt/MVS/lib/64:/opt/MVS/lib/32:/usr/local/TensorRT.10.7.0.23/lib:/usr/lib/x86_64-linux-gnu:/usr/local/cuda/lib64:/opt/MVS/lib/64:/opt/MVS/lib/32:/opt/MVS/lib/64:/opt/MVS/lib/32 PYTHONPATH=/home/guo/ITL_sentry_auto_new/install/autoaim_msgs/lib/python3.10/site-packages:${PYTHONPATH} /usr/local/bin/cmake --install /home/guo/ITL_sentry_auto_new/build/auto_aim
