[0.021s] Invoking command in '/home/guo/ITL_sentry_auto_new/build/planner': AMENT_PREFIX_PATH=/home/guo/ITL_sentry_auto_new/install/predictor:/home/guo/ITL_sentry_auto_new/install/solver:/home/guo/ITL_sentry_auto_new/install/motion_model:/home/guo/ITL_sentry_auto_new/install/detected:/home/guo/ITL_sentry_auto_new/install/utils:/home/guo/ITL_sentry_auto_new/install/autoaim_msgs:${AMENT_PREFIX_PATH} CMAKE_PREFIX_PATH=/home/guo/ITL_sentry_auto_new/install/predictor:/home/guo/ITL_sentry_auto_new/install/solver:/home/guo/ITL_sentry_auto_new/install/motion_model:/home/guo/ITL_sentry_auto_new/install/detected:/home/guo/ITL_sentry_auto_new/install/utils:/home/guo/ITL_sentry_auto_new/install/autoaim_msgs:/opt/ros/rolling LD_LIBRARY_PATH=/home/guo/ITL_sentry_auto_new/install/predictor/lib:/home/guo/ITL_sentry_auto_new/install/solver/lib:/home/guo/ITL_sentry_auto_new/install/motion_model/lib:/home/guo/ITL_sentry_auto_new/install/detected/lib:/home/guo/ITL_sentry_auto_new/install/utils/lib:/home/guo/ITL_sentry_auto_new/install/autoaim_msgs/lib:/usr/lib/x86_64-linux-gnu:/opt/ros/rolling/opt/rviz_ogre_vendor/lib:/opt/ros/rolling/lib/x86_64-linux-gnu:/opt/ros/rolling/lib:/opt/MVS/lib/64:/opt/MVS/lib/32:/usr/local/TensorRT.10.7.0.23/lib:/usr/lib/x86_64-linux-gnu:/usr/local/cuda/lib64:/opt/MVS/lib/64:/opt/MVS/lib/32:/opt/MVS/lib/64:/opt/MVS/lib/32 PYTHONPATH=/home/guo/ITL_sentry_auto_new/install/autoaim_msgs/lib/python3.10/site-packages:${PYTHONPATH} /usr/local/bin/cmake --build /home/guo/ITL_sentry_auto_new/build/planner -- -j24 -l24
[0.051s] [100%] Built target planner
[0.070s] Invoked command in '/home/guo/ITL_sentry_auto_new/build/planner' returned '0': AMENT_PREFIX_PATH=/home/guo/ITL_sentry_auto_new/install/predictor:/home/guo/ITL_sentry_auto_new/install/solver:/home/guo/ITL_sentry_auto_new/install/motion_model:/home/guo/ITL_sentry_auto_new/install/detected:/home/guo/ITL_sentry_auto_new/install/utils:/home/guo/ITL_sentry_auto_new/install/autoaim_msgs:${AMENT_PREFIX_PATH} CMAKE_PREFIX_PATH=/home/guo/ITL_sentry_auto_new/install/predictor:/home/guo/ITL_sentry_auto_new/install/solver:/home/guo/ITL_sentry_auto_new/install/motion_model:/home/guo/ITL_sentry_auto_new/install/detected:/home/guo/ITL_sentry_auto_new/install/utils:/home/guo/ITL_sentry_auto_new/install/autoaim_msgs:/opt/ros/rolling LD_LIBRARY_PATH=/home/guo/ITL_sentry_auto_new/install/predictor/lib:/home/guo/ITL_sentry_auto_new/install/solver/lib:/home/guo/ITL_sentry_auto_new/install/motion_model/lib:/home/guo/ITL_sentry_auto_new/install/detected/lib:/home/guo/ITL_sentry_auto_new/install/utils/lib:/home/guo/ITL_sentry_auto_new/install/autoaim_msgs/lib:/usr/lib/x86_64-linux-gnu:/opt/ros/rolling/opt/rviz_ogre_vendor/lib:/opt/ros/rolling/lib/x86_64-linux-gnu:/opt/ros/rolling/lib:/opt/MVS/lib/64:/opt/MVS/lib/32:/usr/local/TensorRT.10.7.0.23/lib:/usr/lib/x86_64-linux-gnu:/usr/local/cuda/lib64:/opt/MVS/lib/64:/opt/MVS/lib/32:/opt/MVS/lib/64:/opt/MVS/lib/32 PYTHONPATH=/home/guo/ITL_sentry_auto_new/install/autoaim_msgs/lib/python3.10/site-packages:${PYTHONPATH} /usr/local/bin/cmake --build /home/guo/ITL_sentry_auto_new/build/planner -- -j24 -l24
[0.072s] Invoking command in '/home/guo/ITL_sentry_auto_new/build/planner': AMENT_PREFIX_PATH=/home/guo/ITL_sentry_auto_new/install/predictor:/home/guo/ITL_sentry_auto_new/install/solver:/home/guo/ITL_sentry_auto_new/install/motion_model:/home/guo/ITL_sentry_auto_new/install/detected:/home/guo/ITL_sentry_auto_new/install/utils:/home/guo/ITL_sentry_auto_new/install/autoaim_msgs:${AMENT_PREFIX_PATH} CMAKE_PREFIX_PATH=/home/guo/ITL_sentry_auto_new/install/predictor:/home/guo/ITL_sentry_auto_new/install/solver:/home/guo/ITL_sentry_auto_new/install/motion_model:/home/guo/ITL_sentry_auto_new/install/detected:/home/guo/ITL_sentry_auto_new/install/utils:/home/guo/ITL_sentry_auto_new/install/autoaim_msgs:/opt/ros/rolling LD_LIBRARY_PATH=/home/guo/ITL_sentry_auto_new/install/predictor/lib:/home/guo/ITL_sentry_auto_new/install/solver/lib:/home/guo/ITL_sentry_auto_new/install/motion_model/lib:/home/guo/ITL_sentry_auto_new/install/detected/lib:/home/guo/ITL_sentry_auto_new/install/utils/lib:/home/guo/ITL_sentry_auto_new/install/autoaim_msgs/lib:/usr/lib/x86_64-linux-gnu:/opt/ros/rolling/opt/rviz_ogre_vendor/lib:/opt/ros/rolling/lib/x86_64-linux-gnu:/opt/ros/rolling/lib:/opt/MVS/lib/64:/opt/MVS/lib/32:/usr/local/TensorRT.10.7.0.23/lib:/usr/lib/x86_64-linux-gnu:/usr/local/cuda/lib64:/opt/MVS/lib/64:/opt/MVS/lib/32:/opt/MVS/lib/64:/opt/MVS/lib/32 PYTHONPATH=/home/guo/ITL_sentry_auto_new/install/autoaim_msgs/lib/python3.10/site-packages:${PYTHONPATH} /usr/local/bin/cmake --install /home/guo/ITL_sentry_auto_new/build/planner
[0.074s] -- Install configuration: "Release"
[0.074s] -- Up-to-date: /home/guo/ITL_sentry_auto_new/install/planner/lib/libplanner.so
[0.074s] -- Up-to-date: /home/guo/ITL_sentry_auto_new/install/planner/include
[0.074s] -- Up-to-date: /home/guo/ITL_sentry_auto_new/install/planner/include/planner.hpp
[0.075s] -- Up-to-date: /home/guo/ITL_sentry_auto_new/install/planner/include/tinympc
[0.075s] -- Up-to-date: /home/guo/ITL_sentry_auto_new/install/planner/include/tinympc/admm.hpp
[0.075s] -- Up-to-date: /home/guo/ITL_sentry_auto_new/install/planner/include/tinympc/rho_benchmark.hpp
[0.075s] -- Up-to-date: /home/guo/ITL_sentry_auto_new/install/planner/include/tinympc/codegen.hpp
[0.075s] -- Up-to-date: /home/guo/ITL_sentry_auto_new/install/planner/include/tinympc/types.hpp
[0.075s] -- Up-to-date: /home/guo/ITL_sentry_auto_new/install/planner/include/tinympc/tiny_api_constants.hpp
[0.075s] -- Up-to-date: /home/guo/ITL_sentry_auto_new/install/planner/include/tinympc/error.hpp
[0.075s] -- Up-to-date: /home/guo/ITL_sentry_auto_new/install/planner/include/tinympc/tiny_api.hpp
[0.075s] -- Up-to-date: /home/guo/ITL_sentry_auto_new/install/planner/share/planner/cmake/plannerTargets.cmake
[0.075s] -- Up-to-date: /home/guo/ITL_sentry_auto_new/install/planner/share/planner/cmake/plannerTargets-release.cmake
[0.075s] -- Up-to-date: /home/guo/ITL_sentry_auto_new/install/planner/share/planner/environment/library_path.sh
[0.075s] -- Up-to-date: /home/guo/ITL_sentry_auto_new/install/planner/share/planner/environment/library_path.dsv
[0.075s] -- Up-to-date: /home/guo/ITL_sentry_auto_new/install/planner/share/ament_index/resource_index/package_run_dependencies/planner
[0.075s] -- Up-to-date: /home/guo/ITL_sentry_auto_new/install/planner/share/ament_index/resource_index/parent_prefix_path/planner
[0.075s] -- Up-to-date: /home/guo/ITL_sentry_auto_new/install/planner/share/planner/environment/ament_prefix_path.sh
[0.075s] -- Up-to-date: /home/guo/ITL_sentry_auto_new/install/planner/share/planner/environment/ament_prefix_path.dsv
[0.075s] -- Up-to-date: /home/guo/ITL_sentry_auto_new/install/planner/share/planner/environment/path.sh
[0.075s] -- Up-to-date: /home/guo/ITL_sentry_auto_new/install/planner/share/planner/environment/path.dsv
[0.076s] -- Up-to-date: /home/guo/ITL_sentry_auto_new/install/planner/share/planner/local_setup.bash
[0.076s] -- Up-to-date: /home/guo/ITL_sentry_auto_new/install/planner/share/planner/local_setup.sh
[0.076s] -- Up-to-date: /home/guo/ITL_sentry_auto_new/install/planner/share/planner/local_setup.zsh
[0.076s] -- Up-to-date: /home/guo/ITL_sentry_auto_new/install/planner/share/planner/local_setup.dsv
[0.076s] -- Installing: /home/guo/ITL_sentry_auto_new/install/planner/share/planner/package.dsv
[0.076s] -- Up-to-date: /home/guo/ITL_sentry_auto_new/install/planner/share/ament_index/resource_index/packages/planner
[0.076s] -- Up-to-date: /home/guo/ITL_sentry_auto_new/install/planner/share/planner/cmake/plannerTargetsExport.cmake
[0.076s] -- Up-to-date: /home/guo/ITL_sentry_auto_new/install/planner/share/planner/cmake/plannerTargetsExport-release.cmake
[0.076s] -- Up-to-date: /home/guo/ITL_sentry_auto_new/install/planner/share/planner/cmake/ament_cmake_export_include_directories-extras.cmake
[0.076s] -- Up-to-date: /home/guo/ITL_sentry_auto_new/install/planner/share/planner/cmake/ament_cmake_export_libraries-extras.cmake
[0.076s] -- Up-to-date: /home/guo/ITL_sentry_auto_new/install/planner/share/planner/cmake/ament_cmake_export_targets-extras.cmake
[0.076s] -- Up-to-date: /home/guo/ITL_sentry_auto_new/install/planner/share/planner/cmake/ament_cmake_export_dependencies-extras.cmake
[0.076s] -- Up-to-date: /home/guo/ITL_sentry_auto_new/install/planner/share/planner/cmake/plannerConfig.cmake
[0.076s] -- Up-to-date: /home/guo/ITL_sentry_auto_new/install/planner/share/planner/cmake/plannerConfig-version.cmake
[0.076s] -- Up-to-date: /home/guo/ITL_sentry_auto_new/install/planner/share/planner/package.xml
[0.077s] Invoked command in '/home/guo/ITL_sentry_auto_new/build/planner' returned '0': AMENT_PREFIX_PATH=/home/guo/ITL_sentry_auto_new/install/predictor:/home/guo/ITL_sentry_auto_new/install/solver:/home/guo/ITL_sentry_auto_new/install/motion_model:/home/guo/ITL_sentry_auto_new/install/detected:/home/guo/ITL_sentry_auto_new/install/utils:/home/guo/ITL_sentry_auto_new/install/autoaim_msgs:${AMENT_PREFIX_PATH} CMAKE_PREFIX_PATH=/home/guo/ITL_sentry_auto_new/install/predictor:/home/guo/ITL_sentry_auto_new/install/solver:/home/guo/ITL_sentry_auto_new/install/motion_model:/home/guo/ITL_sentry_auto_new/install/detected:/home/guo/ITL_sentry_auto_new/install/utils:/home/guo/ITL_sentry_auto_new/install/autoaim_msgs:/opt/ros/rolling LD_LIBRARY_PATH=/home/guo/ITL_sentry_auto_new/install/predictor/lib:/home/guo/ITL_sentry_auto_new/install/solver/lib:/home/guo/ITL_sentry_auto_new/install/motion_model/lib:/home/guo/ITL_sentry_auto_new/install/detected/lib:/home/guo/ITL_sentry_auto_new/install/utils/lib:/home/guo/ITL_sentry_auto_new/install/autoaim_msgs/lib:/usr/lib/x86_64-linux-gnu:/opt/ros/rolling/opt/rviz_ogre_vendor/lib:/opt/ros/rolling/lib/x86_64-linux-gnu:/opt/ros/rolling/lib:/opt/MVS/lib/64:/opt/MVS/lib/32:/usr/local/TensorRT.10.7.0.23/lib:/usr/lib/x86_64-linux-gnu:/usr/local/cuda/lib64:/opt/MVS/lib/64:/opt/MVS/lib/32:/opt/MVS/lib/64:/opt/MVS/lib/32 PYTHONPATH=/home/guo/ITL_sentry_auto_new/install/autoaim_msgs/lib/python3.10/site-packages:${PYTHONPATH} /usr/local/bin/cmake --install /home/guo/ITL_sentry_auto_new/build/planner
