[0.026s] Invoking command in '/home/guo/ITL_sentry_auto_new/build/detected': CMAKE_PREFIX_PATH=/home/guo/ITL_sentry_auto_new/install/utils:/home/guo/ITL_sentry_auto_new/install/pipeline:/home/guo/ITL_sentry_auto_new/install/tracker:/home/guo/ITL_sentry_auto_new/install/planner:/home/guo/ITL_sentry_auto_new/install/aimer:/home/guo/ITL_sentry_auto_new/install/predictor:/home/guo/ITL_sentry_auto_new/install/solver:/home/guo/ITL_sentry_auto_new/install/hikvision:/home/guo/ITL_sentry_auto_new/install/gimbal:/home/guo/ITL_sentry_auto_new/install/dm_imu:/home/guo/ITL_sentry_auto_new/install/detected:/home/guo/ITL_sentry_auto_new/install/cboard:/home/guo/ITL_sentry_auto_new/install/serial:/home/guo/ITL_sentry_auto_new/install/motion_model:/home/guo/ITL_sentry_auto_new/install/filter_lib:/home/guo/ITL_sentry_auto_new/install/autoaim_msgs:/home/guo/ITL_sentry_auto_new/install/armor_pointer:/opt/ros/rolling /usr/local/bin/cmake --build /home/guo/ITL_sentry_auto_new/build/detected -- -j24 -l24
[0.049s] [ 11%] [32mBuilding CXX object CMakeFiles/armor_data_lib.dir/src/common/armor.cpp.o[0m
[1.399s] [ 22%] [32m[1mLinking CXX shared library libarmor_data_lib.so[0m
[1.487s] [ 22%] Built target armor_data_lib
[1.501s] [ 33%] [32mBuilding CXX object CMakeFiles/armor_detector_lib.dir/src/detector/yolo11.cpp.o[0m
[1.501s] [ 55%] [32mBuilding CXX object CMakeFiles/armor_detector_lib.dir/src/detector/armor_detector.cpp.o[0m
[1.501s] [ 55%] [32mBuilding CXX object CMakeFiles/armor_classifier_lib.dir/src/classifier/armor_classifier.cpp.o[0m
[3.256s] /home/guo/ITL_sentry_auto_new/src/core/detected/src/classifier/armor_classifier.cpp: In instantiation of ‘[01m[Kvoid armor_auto_aim::{anonymous}::log_warn(const char*, Args&& ...) [with Args = {}][m[K’:
[3.256s] [01m[K/home/guo/ITL_sentry_auto_new/src/core/detected/src/classifier/armor_classifier.cpp:153:17:[m[K   required from here
[3.256s] [01m[K/home/guo/ITL_sentry_auto_new/src/core/detected/src/classifier/armor_classifier.cpp:24:18:[m[K [01;35m[Kwarning: [m[Kformat not a string literal and no format arguments [[01;35m[K]8;;https://gcc.gnu.org/onlinedocs/gcc/Warning-Options.html#index-Wformat-security-Wformat-security]8;;[m[K]
[3.256s]    24 |     [01;35m[Kstd::snprintf(buffer, sizeof(buffer), fmt, std::forward<Args>(args)...)[m[K;
[3.256s]       |     [01;35m[K~~~~~~~~~~~~~^~~~~~~~~~~~~~~~~~~~~~~~~~~~~~~~~~~~~~~~~~~~~~~~~~~~~~~~~~[m[K
[3.256s] /home/guo/ITL_sentry_auto_new/src/core/detected/src/classifier/armor_classifier.cpp: In instantiation of ‘[01m[Kvoid armor_auto_aim::{anonymous}::log_error(const char*, Args&& ...) [with Args = {}][m[K’:
[3.257s] [01m[K/home/guo/ITL_sentry_auto_new/src/core/detected/src/classifier/armor_classifier.cpp:203:18:[m[K   required from here
[3.257s] [01m[K/home/guo/ITL_sentry_auto_new/src/core/detected/src/classifier/armor_classifier.cpp:31:18:[m[K [01;35m[Kwarning: [m[Kformat not a string literal and no format arguments [[01;35m[K]8;;https://gcc.gnu.org/onlinedocs/gcc/Warning-Options.html#index-Wformat-security-Wformat-security]8;;[m[K]
[3.257s]    31 |     [01;35m[Kstd::snprintf(buffer, sizeof(buffer), fmt, std::forward<Args>(args)...)[m[K;
[3.257s]       |     [01;35m[K~~~~~~~~~~~~~^~~~~~~~~~~~~~~~~~~~~~~~~~~~~~~~~~~~~~~~~~~~~~~~~~~~~~~~~~[m[K
[5.073s] [ 66%] [32m[1mLinking CXX shared library libarmor_classifier_lib.so[0m
[5.275s] [ 66%] Built target armor_classifier_lib
[6.068s] [ 77%] [32m[1mLinking CXX shared library libarmor_detector_lib.so[0m
[6.276s] [ 77%] Built target armor_detector_lib
[6.288s] [ 88%] [32mBuilding CXX object CMakeFiles/detected.dir/src/node/armor_detector_node.cpp.o[0m
[13.449s] [100%] [32m[1mLinking CXX shared library libdetected.so[0m
[13.566s] [100%] Built target detected
[13.571s] Invoked command in '/home/guo/ITL_sentry_auto_new/build/detected' returned '0': CMAKE_PREFIX_PATH=/home/guo/ITL_sentry_auto_new/install/utils:/home/guo/ITL_sentry_auto_new/install/pipeline:/home/guo/ITL_sentry_auto_new/install/tracker:/home/guo/ITL_sentry_auto_new/install/planner:/home/guo/ITL_sentry_auto_new/install/aimer:/home/guo/ITL_sentry_auto_new/install/predictor:/home/guo/ITL_sentry_auto_new/install/solver:/home/guo/ITL_sentry_auto_new/install/hikvision:/home/guo/ITL_sentry_auto_new/install/gimbal:/home/guo/ITL_sentry_auto_new/install/dm_imu:/home/guo/ITL_sentry_auto_new/install/detected:/home/guo/ITL_sentry_auto_new/install/cboard:/home/guo/ITL_sentry_auto_new/install/serial:/home/guo/ITL_sentry_auto_new/install/motion_model:/home/guo/ITL_sentry_auto_new/install/filter_lib:/home/guo/ITL_sentry_auto_new/install/autoaim_msgs:/home/guo/ITL_sentry_auto_new/install/armor_pointer:/opt/ros/rolling /usr/local/bin/cmake --build /home/guo/ITL_sentry_auto_new/build/detected -- -j24 -l24
[13.572s] Invoking command in '/home/guo/ITL_sentry_auto_new/build/detected': CMAKE_PREFIX_PATH=/home/guo/ITL_sentry_auto_new/install/utils:/home/guo/ITL_sentry_auto_new/install/pipeline:/home/guo/ITL_sentry_auto_new/install/tracker:/home/guo/ITL_sentry_auto_new/install/planner:/home/guo/ITL_sentry_auto_new/install/aimer:/home/guo/ITL_sentry_auto_new/install/predictor:/home/guo/ITL_sentry_auto_new/install/solver:/home/guo/ITL_sentry_auto_new/install/hikvision:/home/guo/ITL_sentry_auto_new/install/gimbal:/home/guo/ITL_sentry_auto_new/install/dm_imu:/home/guo/ITL_sentry_auto_new/install/detected:/home/guo/ITL_sentry_auto_new/install/cboard:/home/guo/ITL_sentry_auto_new/install/serial:/home/guo/ITL_sentry_auto_new/install/motion_model:/home/guo/ITL_sentry_auto_new/install/filter_lib:/home/guo/ITL_sentry_auto_new/install/autoaim_msgs:/home/guo/ITL_sentry_auto_new/install/armor_pointer:/opt/ros/rolling /usr/local/bin/cmake --install /home/guo/ITL_sentry_auto_new/build/detected
[13.574s] -- Install configuration: "Release"
[13.574s] -- Installing: /home/guo/ITL_sentry_auto_new/install/detected/lib/libarmor_data_lib.so
[13.574s] -- Installing: /home/guo/ITL_sentry_auto_new/install/detected/lib/libarmor_detector_lib.so
[13.575s] -- Set non-toolchain portion of runtime path of "/home/guo/ITL_sentry_auto_new/install/detected/lib/libarmor_detector_lib.so" to ""
[13.575s] -- Installing: /home/guo/ITL_sentry_auto_new/install/detected/lib/libarmor_classifier_lib.so
[13.575s] -- Set non-toolchain portion of runtime path of "/home/guo/ITL_sentry_auto_new/install/detected/lib/libarmor_classifier_lib.so" to ""
[13.576s] -- Installing: /home/guo/ITL_sentry_auto_new/install/detected/lib/libdetected.so
[13.576s] -- Set non-toolchain portion of runtime path of "/home/guo/ITL_sentry_auto_new/install/detected/lib/libdetected.so" to ""
[13.577s] -- Up-to-date: /home/guo/ITL_sentry_auto_new/install/detected/include
[13.577s] -- Up-to-date: /home/guo/ITL_sentry_auto_new/install/detected/include/common
[13.577s] -- Installing: /home/guo/ITL_sentry_auto_new/install/detected/include/common/armor.hpp
[13.577s] -- Up-to-date: /home/guo/ITL_sentry_auto_new/install/detected/include/node
[13.577s] -- Installing: /home/guo/ITL_sentry_auto_new/install/detected/include/node/armor_detector_node.hpp
[13.577s] -- Up-to-date: /home/guo/ITL_sentry_auto_new/install/detected/include/classifier
[13.577s] -- Up-to-date: /home/guo/ITL_sentry_auto_new/install/detected/include/classifier/armor_classifier.hpp
[13.577s] -- Up-to-date: /home/guo/ITL_sentry_auto_new/install/detected/include/detector
[13.577s] -- Up-to-date: /home/guo/ITL_sentry_auto_new/install/detected/include/detector/armor_detector.hpp
[13.577s] -- Up-to-date: /home/guo/ITL_sentry_auto_new/install/detected/include/detector/yolo11.hpp
[13.577s] -- Up-to-date: /home/guo/ITL_sentry_auto_new/install/detected/share/detected/environment/library_path.sh
[13.577s] -- Up-to-date: /home/guo/ITL_sentry_auto_new/install/detected/share/detected/environment/library_path.dsv
[13.577s] -- Up-to-date: /home/guo/ITL_sentry_auto_new/install/detected/share/ament_index/resource_index/package_run_dependencies/detected
[13.577s] -- Up-to-date: /home/guo/ITL_sentry_auto_new/install/detected/share/ament_index/resource_index/parent_prefix_path/detected
[13.577s] -- Up-to-date: /home/guo/ITL_sentry_auto_new/install/detected/share/detected/environment/ament_prefix_path.sh
[13.577s] -- Up-to-date: /home/guo/ITL_sentry_auto_new/install/detected/share/detected/environment/ament_prefix_path.dsv
[13.578s] -- Up-to-date: /home/guo/ITL_sentry_auto_new/install/detected/share/detected/environment/path.sh
[13.578s] -- Up-to-date: /home/guo/ITL_sentry_auto_new/install/detected/share/detected/environment/path.dsv
[13.578s] -- Up-to-date: /home/guo/ITL_sentry_auto_new/install/detected/share/detected/local_setup.bash
[13.578s] -- Up-to-date: /home/guo/ITL_sentry_auto_new/install/detected/share/detected/local_setup.sh
[13.578s] -- Up-to-date: /home/guo/ITL_sentry_auto_new/install/detected/share/detected/local_setup.zsh
[13.578s] -- Up-to-date: /home/guo/ITL_sentry_auto_new/install/detected/share/detected/local_setup.dsv
[13.578s] -- Installing: /home/guo/ITL_sentry_auto_new/install/detected/share/detected/package.dsv
[13.578s] -- Up-to-date: /home/guo/ITL_sentry_auto_new/install/detected/share/ament_index/resource_index/packages/detected
[13.578s] -- Up-to-date: /home/guo/ITL_sentry_auto_new/install/detected/share/detected/cmake/ament_cmake_export_dependencies-extras.cmake
[13.578s] -- Up-to-date: /home/guo/ITL_sentry_auto_new/install/detected/share/detected/cmake/ament_cmake_export_libraries-extras.cmake
[13.578s] -- Up-to-date: /home/guo/ITL_sentry_auto_new/install/detected/share/detected/cmake/ament_cmake_export_include_directories-extras.cmake
[13.578s] -- Up-to-date: /home/guo/ITL_sentry_auto_new/install/detected/share/detected/cmake/detectedConfig.cmake
[13.578s] -- Up-to-date: /home/guo/ITL_sentry_auto_new/install/detected/share/detected/cmake/detectedConfig-version.cmake
[13.579s] -- Up-to-date: /home/guo/ITL_sentry_auto_new/install/detected/share/detected/package.xml
[13.579s] Invoked command in '/home/guo/ITL_sentry_auto_new/build/detected' returned '0': CMAKE_PREFIX_PATH=/home/guo/ITL_sentry_auto_new/install/utils:/home/guo/ITL_sentry_auto_new/install/pipeline:/home/guo/ITL_sentry_auto_new/install/tracker:/home/guo/ITL_sentry_auto_new/install/planner:/home/guo/ITL_sentry_auto_new/install/aimer:/home/guo/ITL_sentry_auto_new/install/predictor:/home/guo/ITL_sentry_auto_new/install/solver:/home/guo/ITL_sentry_auto_new/install/hikvision:/home/guo/ITL_sentry_auto_new/install/gimbal:/home/guo/ITL_sentry_auto_new/install/dm_imu:/home/guo/ITL_sentry_auto_new/install/detected:/home/guo/ITL_sentry_auto_new/install/cboard:/home/guo/ITL_sentry_auto_new/install/serial:/home/guo/ITL_sentry_auto_new/install/motion_model:/home/guo/ITL_sentry_auto_new/install/filter_lib:/home/guo/ITL_sentry_auto_new/install/autoaim_msgs:/home/guo/ITL_sentry_auto_new/install/armor_pointer:/opt/ros/rolling /usr/local/bin/cmake --install /home/guo/ITL_sentry_auto_new/build/detected
