[ 28%] Built target auto_buff_data_type
[ 71%] Built target auto_buff_detect
[100%] Built target auto_buff
-- Install configuration: ""
-- Installing: /home/guo/ITL_sentry_auto_new/install/auto_buff/lib/libauto_buff.so
-- Set non-toolchain portion of runtime path of "/home/guo/ITL_sentry_auto_new/install/auto_buff/lib/libauto_buff.so" to ""
-- Up-to-date: /home/guo/ITL_sentry_auto_new/install/auto_buff/lib/libauto_buff_data_type.a
-- Installing: /home/guo/ITL_sentry_auto_new/install/auto_buff/lib/libauto_buff_detect.a
-- Up-to-date: /home/guo/ITL_sentry_auto_new/install/auto_buff/include
-- Up-to-date: /home/guo/ITL_sentry_auto_new/install/auto_buff/include/buff_type.hpp
-- Up-to-date: /home/guo/ITL_sentry_auto_new/install/auto_buff/include
-- Up-to-date: /home/guo/ITL_sentry_auto_new/install/auto_buff/include/buff_detector.hpp
-- Up-to-date: /home/guo/ITL_sentry_auto_new/install/auto_buff/include/yolo11_buff.hpp
-- Up-to-date: /home/guo/ITL_sentry_auto_new/install/auto_buff/share/auto_buff/environment/library_path.sh
-- Up-to-date: /home/guo/ITL_sentry_auto_new/install/auto_buff/share/auto_buff/environment/library_path.dsv
-- Up-to-date: /home/guo/ITL_sentry_auto_new/install/auto_buff/share/auto_buff/package.xml
-- Up-to-date: /home/guo/ITL_sentry_auto_new/install/auto_buff/share/ament_index/resource_index/package_run_dependencies/auto_buff
-- Up-to-date: /home/guo/ITL_sentry_auto_new/install/auto_buff/share/ament_index/resource_index/parent_prefix_path/auto_buff
-- Up-to-date: /home/guo/ITL_sentry_auto_new/install/auto_buff/share/auto_buff/environment/ament_prefix_path.sh
-- Up-to-date: /home/guo/ITL_sentry_auto_new/install/auto_buff/share/auto_buff/environment/ament_prefix_path.dsv
-- Up-to-date: /home/guo/ITL_sentry_auto_new/install/auto_buff/share/auto_buff/environment/path.sh
-- Up-to-date: /home/guo/ITL_sentry_auto_new/install/auto_buff/share/auto_buff/environment/path.dsv
-- Up-to-date: /home/guo/ITL_sentry_auto_new/install/auto_buff/share/auto_buff/local_setup.bash
-- Up-to-date: /home/guo/ITL_sentry_auto_new/install/auto_buff/share/auto_buff/local_setup.sh
-- Up-to-date: /home/guo/ITL_sentry_auto_new/install/auto_buff/share/auto_buff/local_setup.zsh
-- Up-to-date: /home/guo/ITL_sentry_auto_new/install/auto_buff/share/auto_buff/local_setup.dsv
-- Installing: /home/guo/ITL_sentry_auto_new/install/auto_buff/share/auto_buff/package.dsv
-- Up-to-date: /home/guo/ITL_sentry_auto_new/install/auto_buff/share/ament_index/resource_index/packages/auto_buff
-- Up-to-date: /home/guo/ITL_sentry_auto_new/install/auto_buff/share/auto_buff/cmake/auto_buffTargetsExport.cmake
-- Up-to-date: /home/guo/ITL_sentry_auto_new/install/auto_buff/share/auto_buff/cmake/auto_buffTargetsExport-noconfig.cmake
-- Up-to-date: /home/guo/ITL_sentry_auto_new/install/auto_buff/share/auto_buff/cmake/ament_cmake_export_include_directories-extras.cmake
-- Up-to-date: /home/guo/ITL_sentry_auto_new/install/auto_buff/share/auto_buff/cmake/ament_cmake_export_targets-extras.cmake
-- Up-to-date: /home/guo/ITL_sentry_auto_new/install/auto_buff/share/auto_buff/cmake/ament_cmake_export_dependencies-extras.cmake
-- Up-to-date: /home/guo/ITL_sentry_auto_new/install/auto_buff/share/auto_buff/cmake/auto_buffConfig.cmake
-- Up-to-date: /home/guo/ITL_sentry_auto_new/install/auto_buff/share/auto_buff/cmake/auto_buffConfig-version.cmake
-- Up-to-date: /home/guo/ITL_sentry_auto_new/install/auto_buff/share/auto_buff/package.xml
