[100%] Built target dm_imu
-- Install configuration: ""
-- Up-to-date: /home/guo/ITL_sentry_auto_new/install/dm_imu/lib/libdm_imu.so
-- Up-to-date: /home/guo/ITL_sentry_auto_new/install/dm_imu/include
-- Up-to-date: /home/guo/ITL_sentry_auto_new/install/dm_imu/include/imu_driver.h
-- Up-to-date: /home/guo/ITL_sentry_auto_new/install/dm_imu/share/dm_imu/config
-- Up-to-date: /home/guo/ITL_sentry_auto_new/install/dm_imu/share/dm_imu/config/imu_params.yaml
-- Up-to-date: /home/guo/ITL_sentry_auto_new/install/dm_imu/share/dm_imu/environment/library_path.sh
-- Up-to-date: /home/guo/ITL_sentry_auto_new/install/dm_imu/share/dm_imu/environment/library_path.dsv
-- Up-to-date: /home/guo/ITL_sentry_auto_new/install/dm_imu/share/ament_index/resource_index/package_run_dependencies/dm_imu
-- Up-to-date: /home/guo/ITL_sentry_auto_new/install/dm_imu/share/ament_index/resource_index/parent_prefix_path/dm_imu
-- Up-to-date: /home/guo/ITL_sentry_auto_new/install/dm_imu/share/dm_imu/environment/ament_prefix_path.sh
-- Up-to-date: /home/guo/ITL_sentry_auto_new/install/dm_imu/share/dm_imu/environment/ament_prefix_path.dsv
-- Up-to-date: /home/guo/ITL_sentry_auto_new/install/dm_imu/share/dm_imu/environment/path.sh
-- Up-to-date: /home/guo/ITL_sentry_auto_new/install/dm_imu/share/dm_imu/environment/path.dsv
-- Up-to-date: /home/guo/ITL_sentry_auto_new/install/dm_imu/share/dm_imu/local_setup.bash
-- Up-to-date: /home/guo/ITL_sentry_auto_new/install/dm_imu/share/dm_imu/local_setup.sh
-- Up-to-date: /home/guo/ITL_sentry_auto_new/install/dm_imu/share/dm_imu/local_setup.zsh
-- Up-to-date: /home/guo/ITL_sentry_auto_new/install/dm_imu/share/dm_imu/local_setup.dsv
-- Installing: /home/guo/ITL_sentry_auto_new/install/dm_imu/share/dm_imu/package.dsv
-- Up-to-date: /home/guo/ITL_sentry_auto_new/install/dm_imu/share/ament_index/resource_index/packages/dm_imu
-- Up-to-date: /home/guo/ITL_sentry_auto_new/install/dm_imu/share/dm_imu/cmake/export_dm_imuExport.cmake
-- Up-to-date: /home/guo/ITL_sentry_auto_new/install/dm_imu/share/dm_imu/cmake/export_dm_imuExport-noconfig.cmake
-- Up-to-date: /home/guo/ITL_sentry_auto_new/install/dm_imu/share/dm_imu/cmake/ament_cmake_export_include_directories-extras.cmake
-- Up-to-date: /home/guo/ITL_sentry_auto_new/install/dm_imu/share/dm_imu/cmake/ament_cmake_export_dependencies-extras.cmake
-- Up-to-date: /home/guo/ITL_sentry_auto_new/install/dm_imu/share/dm_imu/cmake/ament_cmake_export_targets-extras.cmake
-- Up-to-date: /home/guo/ITL_sentry_auto_new/install/dm_imu/share/dm_imu/cmake/dm_imuConfig.cmake
-- Up-to-date: /home/guo/ITL_sentry_auto_new/install/dm_imu/share/dm_imu/cmake/dm_imuConfig-version.cmake
-- Up-to-date: /home/guo/ITL_sentry_auto_new/install/dm_imu/share/dm_imu/package.xml
