[0.019s] Invoking command in '/home/guo/ITL_Auto_aim/build/pipeline': AMENT_PREFIX_PATH=/home/guo/ITL_Auto_aim/install/auto_buff:/home/guo/ITL_Auto_aim/install/auto_aim:/home/guo/ITL_Auto_aim/install/deveice:/home/guo/ITL_Auto_aim/install/serial:/home/guo/ITL_Auto_aim/install/utils:/home/guo/ITL_Auto_aim/install/autoaim_msgs:${AMENT_PREFIX_PATH} CMAKE_PREFIX_PATH=/home/guo/ITL_Auto_aim/install/auto_buff:/home/guo/ITL_Auto_aim/install/auto_aim:/home/guo/ITL_Auto_aim/install/deveice:/home/guo/ITL_Auto_aim/install/serial:/home/guo/ITL_Auto_aim/install/utils:/home/guo/ITL_Auto_aim/install/autoaim_msgs:/opt/ros/rolling LD_LIBRARY_PATH=/home/guo/ITL_Auto_aim/install/auto_buff/lib:/home/guo/ITL_Auto_aim/install/auto_aim/lib:/home/guo/ITL_Auto_aim/install/deveice/lib:/home/guo/ITL_Auto_aim/install/serial/lib:/home/guo/ITL_Auto_aim/install/utils/lib:/home/guo/ITL_Auto_aim/install/autoaim_msgs/lib:/usr/lib/x86_64-linux-gnu:/opt/ros/rolling/opt/rviz_ogre_vendor/lib:/opt/ros/rolling/lib/x86_64-linux-gnu:/opt/ros/rolling/lib:/opt/MVS/lib/64:/opt/MVS/lib/32:/usr/local/TensorRT.10.7.0.23/lib:/usr/lib/x86_64-linux-gnu:/usr/local/cuda/lib64:/opt/MVS/lib/64:/opt/MVS/lib/32:/opt/MVS/lib/64:/opt/MVS/lib/32 PYTHONPATH=/home/guo/ITL_Auto_aim/install/autoaim_msgs/lib/python3.10/site-packages:${PYTHONPATH} /usr/local/bin/cmake /home/guo/ITL_Auto_aim/src/node -DCMAKE_INSTALL_PREFIX=/home/guo/ITL_Auto_aim/install/pipeline
[0.065s] -- The C compiler identification is GNU 11.4.0
[0.112s] -- The CXX compiler identification is GNU 11.4.0
[0.127s] -- Detecting C compiler ABI info
[0.180s] -- Detecting C compiler ABI info - done
[0.189s] -- Check for working C compiler: /usr/bin/cc - skipped
[0.190s] -- Detecting C compile features
[0.190s] -- Detecting C compile features - done
[0.198s] -- Detecting CXX compiler ABI info
[0.257s] -- Detecting CXX compiler ABI info - done
[0.266s] -- Check for working CXX compiler: /usr/bin/c++ - skipped
[0.266s] -- Detecting CXX compile features
[0.267s] -- Detecting CXX compile features - done
[0.269s] -- Found ament_cmake: 2.3.2 (/opt/ros/rolling/share/ament_cmake/cmake)
[0.622s] -- Found Python3: /usr/bin/python3.10 (found version "3.10.12") found components: Interpreter 
[0.686s] -- Found rclcpp: 27.0.0 (/opt/ros/rolling/share/rclcpp/cmake)
[0.715s] -- Found rosidl_generator_c: 4.5.1 (/opt/ros/rolling/share/rosidl_generator_c/cmake)
[0.725s] -- Found rosidl_generator_cpp: 4.5.1 (/opt/ros/rolling/share/rosidl_generator_cpp/cmake)
[0.740s] -- Using all available rosidl_typesupport_c: rosidl_typesupport_fastrtps_c;rosidl_typesupport_introspection_c
[0.756s] -- Using all available rosidl_typesupport_cpp: rosidl_typesupport_fastrtps_cpp;rosidl_typesupport_introspection_cpp
[0.900s] -- Found rmw_implementation_cmake: 7.3.0 (/opt/ros/rolling/share/rmw_implementation_cmake/cmake)
[0.902s] -- Found rmw_fastrtps_cpp: 8.2.0 (/opt/ros/rolling/share/rmw_fastrtps_cpp/cmake)
[0.977s] -- Found OpenSSL: /usr/lib/x86_64-linux-gnu/libcrypto.so (found version "3.0.2")  
[1.000s] -- Found FastRTPS: /opt/ros/rolling/include  
[1.036s] -- Using RMW implementation 'rmw_fastrtps_cpp' as default
[1.208s] -- Found OpenCV: /usr (found version "4.5.4") 
[1.208s] -- Found utils: 1.0.0 (/home/guo/ITL_Auto_aim/install/utils/share/utils/cmake)
[1.238s] -- Found serial: 0.1.0 (/home/guo/ITL_Auto_aim/install/serial/share/serial/cmake)
[1.242s] -- Found autoaim_msgs: 0.0.1 (/home/guo/ITL_Auto_aim/install/autoaim_msgs/share/autoaim_msgs/cmake)
[1.550s] -- Found deveice: 1.0.0 (/home/guo/ITL_Auto_aim/install/deveice/share/deveice/cmake)
[1.576s] -- Found auto_aim: 0.1.0 (/home/guo/ITL_Auto_aim/install/auto_aim/share/auto_aim/cmake)
[1.809s] -- Found auto_buff: 0.1.0 (/home/guo/ITL_Auto_aim/install/auto_buff/share/auto_buff/cmake)
[1.890s] -- Found ament_lint_auto: 0.16.3 (/opt/ros/rolling/share/ament_lint_auto/cmake)
[1.946s] -- Added test 'cppcheck' to perform static code analysis on C / C++ code
[1.946s] -- Configured cppcheck include dirs: /home/guo/ITL_Auto_aim/src/node/include
[1.946s] -- Configured cppcheck exclude dirs and/or files: 
[1.947s] -- Added test 'lint_cmake' to check CMake code style
[1.947s] -- Added test 'uncrustify' to check C / C++ code style
[1.947s] -- Configured uncrustify additional arguments: 
[1.948s] -- Added test 'xmllint' to check XML markup files
[1.949s] -- Configuring done (1.9s)
[1.973s] -- Generating done (0.0s)
[1.978s] -- Build files have been written to: /home/guo/ITL_Auto_aim/build/pipeline
[1.986s] Invoked command in '/home/guo/ITL_Auto_aim/build/pipeline' returned '0': AMENT_PREFIX_PATH=/home/guo/ITL_Auto_aim/install/auto_buff:/home/guo/ITL_Auto_aim/install/auto_aim:/home/guo/ITL_Auto_aim/install/deveice:/home/guo/ITL_Auto_aim/install/serial:/home/guo/ITL_Auto_aim/install/utils:/home/guo/ITL_Auto_aim/install/autoaim_msgs:${AMENT_PREFIX_PATH} CMAKE_PREFIX_PATH=/home/guo/ITL_Auto_aim/install/auto_buff:/home/guo/ITL_Auto_aim/install/auto_aim:/home/guo/ITL_Auto_aim/install/deveice:/home/guo/ITL_Auto_aim/install/serial:/home/guo/ITL_Auto_aim/install/utils:/home/guo/ITL_Auto_aim/install/autoaim_msgs:/opt/ros/rolling LD_LIBRARY_PATH=/home/guo/ITL_Auto_aim/install/auto_buff/lib:/home/guo/ITL_Auto_aim/install/auto_aim/lib:/home/guo/ITL_Auto_aim/install/deveice/lib:/home/guo/ITL_Auto_aim/install/serial/lib:/home/guo/ITL_Auto_aim/install/utils/lib:/home/guo/ITL_Auto_aim/install/autoaim_msgs/lib:/usr/lib/x86_64-linux-gnu:/opt/ros/rolling/opt/rviz_ogre_vendor/lib:/opt/ros/rolling/lib/x86_64-linux-gnu:/opt/ros/rolling/lib:/opt/MVS/lib/64:/opt/MVS/lib/32:/usr/local/TensorRT.10.7.0.23/lib:/usr/lib/x86_64-linux-gnu:/usr/local/cuda/lib64:/opt/MVS/lib/64:/opt/MVS/lib/32:/opt/MVS/lib/64:/opt/MVS/lib/32 PYTHONPATH=/home/guo/ITL_Auto_aim/install/autoaim_msgs/lib/python3.10/site-packages:${PYTHONPATH} /usr/local/bin/cmake /home/guo/ITL_Auto_aim/src/node -DCMAKE_INSTALL_PREFIX=/home/guo/ITL_Auto_aim/install/pipeline
[1.987s] Invoking command in '/home/guo/ITL_Auto_aim/build/pipeline': AMENT_PREFIX_PATH=/home/guo/ITL_Auto_aim/install/auto_buff:/home/guo/ITL_Auto_aim/install/auto_aim:/home/guo/ITL_Auto_aim/install/deveice:/home/guo/ITL_Auto_aim/install/serial:/home/guo/ITL_Auto_aim/install/utils:/home/guo/ITL_Auto_aim/install/autoaim_msgs:${AMENT_PREFIX_PATH} CMAKE_PREFIX_PATH=/home/guo/ITL_Auto_aim/install/auto_buff:/home/guo/ITL_Auto_aim/install/auto_aim:/home/guo/ITL_Auto_aim/install/deveice:/home/guo/ITL_Auto_aim/install/serial:/home/guo/ITL_Auto_aim/install/utils:/home/guo/ITL_Auto_aim/install/autoaim_msgs:/opt/ros/rolling LD_LIBRARY_PATH=/home/guo/ITL_Auto_aim/install/auto_buff/lib:/home/guo/ITL_Auto_aim/install/auto_aim/lib:/home/guo/ITL_Auto_aim/install/deveice/lib:/home/guo/ITL_Auto_aim/install/serial/lib:/home/guo/ITL_Auto_aim/install/utils/lib:/home/guo/ITL_Auto_aim/install/autoaim_msgs/lib:/usr/lib/x86_64-linux-gnu:/opt/ros/rolling/opt/rviz_ogre_vendor/lib:/opt/ros/rolling/lib/x86_64-linux-gnu:/opt/ros/rolling/lib:/opt/MVS/lib/64:/opt/MVS/lib/32:/usr/local/TensorRT.10.7.0.23/lib:/usr/lib/x86_64-linux-gnu:/usr/local/cuda/lib64:/opt/MVS/lib/64:/opt/MVS/lib/32:/opt/MVS/lib/64:/opt/MVS/lib/32 PYTHONPATH=/home/guo/ITL_Auto_aim/install/autoaim_msgs/lib/python3.10/site-packages:${PYTHONPATH} /usr/local/bin/cmake --build /home/guo/ITL_Auto_aim/build/pipeline -- -j24 -l24
[2.006s] [ 25%] [32mBuilding CXX object CMakeFiles/pipeline_node.dir/src/test_node.cpp.o[0m
[2.006s] [ 50%] [32mBuilding CXX object CMakeFiles/video_node.dir/src/video_node.cpp.o[0m
[4.402s] [01m[K/home/guo/ITL_Auto_aim/src/node/src/video_node.cpp:[m[K In member function ‘[01m[Kvoid Application::VideoApp::visualize(const Application::VideoDebugPacket&)[m[K’:
[4.402s] [01m[K/home/guo/ITL_Auto_aim/src/node/src/video_node.cpp:152:15:[m[K [01;35m[Kwarning: [m[Kunused variable ‘[01m[Kframe_index[m[K’ [[01;35m[K]8;;https://gcc.gnu.org/onlinedocs/gcc/Warning-Options.html#index-Wunused-variable-Wunused-variable]8;;[m[K]
[4.402s]   152 |     const int [01;35m[Kframe_index[m[K = visualization_frame_counter_.fetch_add(1) + 1;
[4.402s]       |               [01;35m[K^~~~~~~~~~~[m[K
[7.923s] [ 75%] [32m[1mLinking CXX executable video_node[0m
[9.322s] [ 75%] Built target video_node
[11.325s] [100%] [32m[1mLinking CXX executable pipeline_node[0m
[13.783s] [100%] Built target pipeline_node
[13.788s] Invoked command in '/home/guo/ITL_Auto_aim/build/pipeline' returned '0': AMENT_PREFIX_PATH=/home/guo/ITL_Auto_aim/install/auto_buff:/home/guo/ITL_Auto_aim/install/auto_aim:/home/guo/ITL_Auto_aim/install/deveice:/home/guo/ITL_Auto_aim/install/serial:/home/guo/ITL_Auto_aim/install/utils:/home/guo/ITL_Auto_aim/install/autoaim_msgs:${AMENT_PREFIX_PATH} CMAKE_PREFIX_PATH=/home/guo/ITL_Auto_aim/install/auto_buff:/home/guo/ITL_Auto_aim/install/auto_aim:/home/guo/ITL_Auto_aim/install/deveice:/home/guo/ITL_Auto_aim/install/serial:/home/guo/ITL_Auto_aim/install/utils:/home/guo/ITL_Auto_aim/install/autoaim_msgs:/opt/ros/rolling LD_LIBRARY_PATH=/home/guo/ITL_Auto_aim/install/auto_buff/lib:/home/guo/ITL_Auto_aim/install/auto_aim/lib:/home/guo/ITL_Auto_aim/install/deveice/lib:/home/guo/ITL_Auto_aim/install/serial/lib:/home/guo/ITL_Auto_aim/install/utils/lib:/home/guo/ITL_Auto_aim/install/autoaim_msgs/lib:/usr/lib/x86_64-linux-gnu:/opt/ros/rolling/opt/rviz_ogre_vendor/lib:/opt/ros/rolling/lib/x86_64-linux-gnu:/opt/ros/rolling/lib:/opt/MVS/lib/64:/opt/MVS/lib/32:/usr/local/TensorRT.10.7.0.23/lib:/usr/lib/x86_64-linux-gnu:/usr/local/cuda/lib64:/opt/MVS/lib/64:/opt/MVS/lib/32:/opt/MVS/lib/64:/opt/MVS/lib/32 PYTHONPATH=/home/guo/ITL_Auto_aim/install/autoaim_msgs/lib/python3.10/site-packages:${PYTHONPATH} /usr/local/bin/cmake --build /home/guo/ITL_Auto_aim/build/pipeline -- -j24 -l24
[13.789s] Invoking command in '/home/guo/ITL_Auto_aim/build/pipeline': AMENT_PREFIX_PATH=/home/guo/ITL_Auto_aim/install/auto_buff:/home/guo/ITL_Auto_aim/install/auto_aim:/home/guo/ITL_Auto_aim/install/deveice:/home/guo/ITL_Auto_aim/install/serial:/home/guo/ITL_Auto_aim/install/utils:/home/guo/ITL_Auto_aim/install/autoaim_msgs:${AMENT_PREFIX_PATH} CMAKE_PREFIX_PATH=/home/guo/ITL_Auto_aim/install/auto_buff:/home/guo/ITL_Auto_aim/install/auto_aim:/home/guo/ITL_Auto_aim/install/deveice:/home/guo/ITL_Auto_aim/install/serial:/home/guo/ITL_Auto_aim/install/utils:/home/guo/ITL_Auto_aim/install/autoaim_msgs:/opt/ros/rolling LD_LIBRARY_PATH=/home/guo/ITL_Auto_aim/install/auto_buff/lib:/home/guo/ITL_Auto_aim/install/auto_aim/lib:/home/guo/ITL_Auto_aim/install/deveice/lib:/home/guo/ITL_Auto_aim/install/serial/lib:/home/guo/ITL_Auto_aim/install/utils/lib:/home/guo/ITL_Auto_aim/install/autoaim_msgs/lib:/usr/lib/x86_64-linux-gnu:/opt/ros/rolling/opt/rviz_ogre_vendor/lib:/opt/ros/rolling/lib/x86_64-linux-gnu:/opt/ros/rolling/lib:/opt/MVS/lib/64:/opt/MVS/lib/32:/usr/local/TensorRT.10.7.0.23/lib:/usr/lib/x86_64-linux-gnu:/usr/local/cuda/lib64:/opt/MVS/lib/64:/opt/MVS/lib/32:/opt/MVS/lib/64:/opt/MVS/lib/32 PYTHONPATH=/home/guo/ITL_Auto_aim/install/autoaim_msgs/lib/python3.10/site-packages:${PYTHONPATH} /usr/local/bin/cmake --install /home/guo/ITL_Auto_aim/build/pipeline
[13.791s] -- Install configuration: ""
[13.791s] -- Installing: /home/guo/ITL_Auto_aim/install/pipeline/lib/pipeline/pipeline_node
[13.799s] -- Set non-toolchain portion of runtime path of "/home/guo/ITL_Auto_aim/install/pipeline/lib/pipeline/pipeline_node" to ""
[13.799s] -- Installing: /home/guo/ITL_Auto_aim/install/pipeline/lib/pipeline/video_node
[13.801s] -- Set non-toolchain portion of runtime path of "/home/guo/ITL_Auto_aim/install/pipeline/lib/pipeline/video_node" to ""
[13.801s] -- Installing: /home/guo/ITL_Auto_aim/install/pipeline/include
[13.801s] -- Installing: /home/guo/ITL_Auto_aim/install/pipeline/include/video_node.hpp
[13.801s] -- Installing: /home/guo/ITL_Auto_aim/install/pipeline/include/test_node.hpp
[13.801s] -- Installing: /home/guo/ITL_Auto_aim/install/pipeline/share/ament_index/resource_index/package_run_dependencies/pipeline
[13.802s] -- Installing: /home/guo/ITL_Auto_aim/install/pipeline/share/ament_index/resource_index/parent_prefix_path/pipeline
[13.802s] -- Installing: /home/guo/ITL_Auto_aim/install/pipeline/share/pipeline/environment/ament_prefix_path.sh
[13.802s] -- Installing: /home/guo/ITL_Auto_aim/install/pipeline/share/pipeline/environment/ament_prefix_path.dsv
[13.802s] -- Installing: /home/guo/ITL_Auto_aim/install/pipeline/share/pipeline/environment/path.sh
[13.802s] -- Installing: /home/guo/ITL_Auto_aim/install/pipeline/share/pipeline/environment/path.dsv
[13.802s] -- Installing: /home/guo/ITL_Auto_aim/install/pipeline/share/pipeline/local_setup.bash
[13.802s] -- Installing: /home/guo/ITL_Auto_aim/install/pipeline/share/pipeline/local_setup.sh
[13.802s] -- Installing: /home/guo/ITL_Auto_aim/install/pipeline/share/pipeline/local_setup.zsh
[13.802s] -- Installing: /home/guo/ITL_Auto_aim/install/pipeline/share/pipeline/local_setup.dsv
[13.802s] -- Installing: /home/guo/ITL_Auto_aim/install/pipeline/share/pipeline/package.dsv
[13.802s] -- Installing: /home/guo/ITL_Auto_aim/install/pipeline/share/ament_index/resource_index/packages/pipeline
[13.802s] -- Installing: /home/guo/ITL_Auto_aim/install/pipeline/share/pipeline/cmake/pipelineConfig.cmake
[13.802s] -- Installing: /home/guo/ITL_Auto_aim/install/pipeline/share/pipeline/cmake/pipelineConfig-version.cmake
[13.802s] -- Installing: /home/guo/ITL_Auto_aim/install/pipeline/share/pipeline/package.xml
[13.804s] Invoked command in '/home/guo/ITL_Auto_aim/build/pipeline' returned '0': AMENT_PREFIX_PATH=/home/guo/ITL_Auto_aim/install/auto_buff:/home/guo/ITL_Auto_aim/install/auto_aim:/home/guo/ITL_Auto_aim/install/deveice:/home/guo/ITL_Auto_aim/install/serial:/home/guo/ITL_Auto_aim/install/utils:/home/guo/ITL_Auto_aim/install/autoaim_msgs:${AMENT_PREFIX_PATH} CMAKE_PREFIX_PATH=/home/guo/ITL_Auto_aim/install/auto_buff:/home/guo/ITL_Auto_aim/install/auto_aim:/home/guo/ITL_Auto_aim/install/deveice:/home/guo/ITL_Auto_aim/install/serial:/home/guo/ITL_Auto_aim/install/utils:/home/guo/ITL_Auto_aim/install/autoaim_msgs:/opt/ros/rolling LD_LIBRARY_PATH=/home/guo/ITL_Auto_aim/install/auto_buff/lib:/home/guo/ITL_Auto_aim/install/auto_aim/lib:/home/guo/ITL_Auto_aim/install/deveice/lib:/home/guo/ITL_Auto_aim/install/serial/lib:/home/guo/ITL_Auto_aim/install/utils/lib:/home/guo/ITL_Auto_aim/install/autoaim_msgs/lib:/usr/lib/x86_64-linux-gnu:/opt/ros/rolling/opt/rviz_ogre_vendor/lib:/opt/ros/rolling/lib/x86_64-linux-gnu:/opt/ros/rolling/lib:/opt/MVS/lib/64:/opt/MVS/lib/32:/usr/local/TensorRT.10.7.0.23/lib:/usr/lib/x86_64-linux-gnu:/usr/local/cuda/lib64:/opt/MVS/lib/64:/opt/MVS/lib/32:/opt/MVS/lib/64:/opt/MVS/lib/32 PYTHONPATH=/home/guo/ITL_Auto_aim/install/autoaim_msgs/lib/python3.10/site-packages:${PYTHONPATH} /usr/local/bin/cmake --install /home/guo/ITL_Auto_aim/build/pipeline
