[0.009s] Invoking command in '/home/shaobing/rm_ws/build/launch_node': CMAKE_PREFIX_PATH=/opt/ros/humble /usr/bin/cmake --build /home/shaobing/rm_ws/build/launch_node -- -j16 -l16
[0.169s] Invoked command in '/home/shaobing/rm_ws/build/launch_node' returned '0': CMAKE_PREFIX_PATH=/opt/ros/humble /usr/bin/cmake --build /home/shaobing/rm_ws/build/launch_node -- -j16 -l16
[0.170s] Invoking command in '/home/shaobing/rm_ws/build/launch_node': CMAKE_PREFIX_PATH=/opt/ros/humble /usr/bin/cmake --install /home/shaobing/rm_ws/build/launch_node
[0.177s] -- Install configuration: ""
[0.177s] -- Execute custom install script
[0.178s] -- Up-to-date symlink: /home/shaobing/rm_ws/install/launch_node/share/launch_node/launch/launch_blue.launch.py
[0.178s] -- Up-to-date symlink: /home/shaobing/rm_ws/install/launch_node/share/launch_node/launch/launch_red.launch.py
[0.178s] -- Up-to-date symlink: /home/shaobing/rm_ws/install/launch_node/share/launch_node/config/angle_solver_params.xml
[0.178s] -- Up-to-date symlink: /home/shaobing/rm_ws/install/launch_node/share/ament_index/resource_index/package_run_dependencies/launch_node
[0.178s] -- Up-to-date symlink: /home/shaobing/rm_ws/install/launch_node/share/ament_index/resource_index/parent_prefix_path/launch_node
[0.178s] -- Up-to-date symlink: /home/shaobing/rm_ws/install/launch_node/share/launch_node/environment/ament_prefix_path.sh
[0.179s] -- Up-to-date symlink: /home/shaobing/rm_ws/install/launch_node/share/launch_node/environment/ament_prefix_path.dsv
[0.179s] -- Up-to-date symlink: /home/shaobing/rm_ws/install/launch_node/share/launch_node/environment/path.sh
[0.179s] -- Up-to-date symlink: /home/shaobing/rm_ws/install/launch_node/share/launch_node/environment/path.dsv
[0.179s] -- Up-to-date symlink: /home/shaobing/rm_ws/install/launch_node/share/launch_node/local_setup.bash
[0.179s] -- Up-to-date symlink: /home/shaobing/rm_ws/install/launch_node/share/launch_node/local_setup.sh
[0.179s] -- Up-to-date symlink: /home/shaobing/rm_ws/install/launch_node/share/launch_node/local_setup.zsh
[0.179s] -- Up-to-date symlink: /home/shaobing/rm_ws/install/launch_node/share/launch_node/local_setup.dsv
[0.179s] -- Symlinking: /home/shaobing/rm_ws/install/launch_node/share/launch_node/package.dsv
[0.185s] -- Up-to-date symlink: /home/shaobing/rm_ws/install/launch_node/share/ament_index/resource_index/packages/launch_node
[0.185s] -- Up-to-date symlink: /home/shaobing/rm_ws/install/launch_node/share/launch_node/cmake/ament_cmake_export_dependencies-extras.cmake
[0.185s] -- Up-to-date symlink: /home/shaobing/rm_ws/install/launch_node/share/launch_node/cmake/launch_nodeConfig.cmake
[0.186s] -- Up-to-date symlink: /home/shaobing/rm_ws/install/launch_node/share/launch_node/cmake/launch_nodeConfig-version.cmake
[0.186s] -- Up-to-date symlink: /home/shaobing/rm_ws/install/launch_node/share/launch_node/package.xml
[0.187s] Invoked command in '/home/shaobing/rm_ws/build/launch_node' returned '0': CMAKE_PREFIX_PATH=/opt/ros/humble /usr/bin/cmake --install /home/shaobing/rm_ws/build/launch_node
