[0.014s] Invoking command in '/home/guo/ITL_sentry_auto_new/build/utils': CMAKE_PREFIX_PATH=${CMAKE_PREFIX_PATH}:/opt/ros/rolling /usr/local/bin/cmake /home/guo/ITL_sentry_auto_new/src/core/utils -DCMAKE_INSTALL_PREFIX=/home/guo/ITL_sentry_auto_new/install/utils
[0.061s] -- The C compiler identification is GNU 11.4.0
[0.115s] -- The CXX compiler identification is GNU 11.4.0
[0.131s] -- Detecting C compiler ABI info
[0.197s] -- Detecting C compiler ABI info - done
[0.209s] -- Check for working C compiler: /usr/bin/cc - skipped
[0.209s] -- Detecting C compile features
[0.209s] -- Detecting C compile features - done
[0.222s] -- Detecting CXX compiler ABI info
[0.290s] -- Detecting CXX compiler ABI info - done
[0.300s] -- Check for working CXX compiler: /usr/bin/c++ - skipped
[0.300s] -- Detecting CXX compile features
[0.301s] -- Detecting CXX compile features - done
[0.303s] -- Found ament_cmake: 2.3.2 (/opt/ros/rolling/share/ament_cmake/cmake)
[0.734s] -- Found Python3: /usr/bin/python3.10 (found version "3.10.12") found components: Interpreter 
[0.805s] -- Found rclcpp: 27.0.0 (/opt/ros/rolling/share/rclcpp/cmake)
[0.838s] -- Found rosidl_generator_c: 4.5.1 (/opt/ros/rolling/share/rosidl_generator_c/cmake)
[0.849s] -- Found rosidl_generator_cpp: 4.5.1 (/opt/ros/rolling/share/rosidl_generator_cpp/cmake)
[0.866s] -- Using all available rosidl_typesupport_c: rosidl_typesupport_fastrtps_c;rosidl_typesupport_introspection_c
[0.888s] -- Using all available rosidl_typesupport_cpp: rosidl_typesupport_fastrtps_cpp;rosidl_typesupport_introspection_cpp
[1.066s] -- Found rmw_implementation_cmake: 7.3.0 (/opt/ros/rolling/share/rmw_implementation_cmake/cmake)
[1.069s] -- Found rmw_fastrtps_cpp: 8.2.0 (/opt/ros/rolling/share/rmw_fastrtps_cpp/cmake)
[1.162s] -- Found OpenSSL: /usr/lib/x86_64-linux-gnu/libcrypto.so (found version "3.0.2")  
[1.194s] -- Found FastRTPS: /opt/ros/rolling/include  
[1.242s] -- Using RMW implementation 'rmw_fastrtps_cpp' as default
[1.500s] -- Found OpenCV: /usr (found version "4.5.4") 
[1.581s] -- Configuring done (1.6s)
[1.592s] -- Generating done (0.0s)
[1.595s] -- Build files have been written to: /home/guo/ITL_sentry_auto_new/build/utils
[1.601s] Invoked command in '/home/guo/ITL_sentry_auto_new/build/utils' returned '0': CMAKE_PREFIX_PATH=${CMAKE_PREFIX_PATH}:/opt/ros/rolling /usr/local/bin/cmake /home/guo/ITL_sentry_auto_new/src/core/utils -DCMAKE_INSTALL_PREFIX=/home/guo/ITL_sentry_auto_new/install/utils
[1.603s] Invoking command in '/home/guo/ITL_sentry_auto_new/build/utils': CMAKE_PREFIX_PATH=${CMAKE_PREFIX_PATH}:/opt/ros/rolling /usr/local/bin/cmake --build /home/guo/ITL_sentry_auto_new/build/utils -- -j24 -l24
[1.628s] [ 25%] [32mBuilding CXX object CMakeFiles/utils.dir/src/imu_data_processor.cpp.o[0m
[1.629s] [ 75%] [32mBuilding CXX object CMakeFiles/utils.dir/src/math_tools.cpp.o[0m
[1.629s] [ 75%] [32mBuilding CXX object CMakeFiles/utils.dir/src/logger.cpp.o[0m
[9.093s] [100%] [32m[1mLinking CXX static library libutils.a[0m
[9.221s] [100%] Built target utils
[9.225s] Invoked command in '/home/guo/ITL_sentry_auto_new/build/utils' returned '0': CMAKE_PREFIX_PATH=${CMAKE_PREFIX_PATH}:/opt/ros/rolling /usr/local/bin/cmake --build /home/guo/ITL_sentry_auto_new/build/utils -- -j24 -l24
[9.228s] Invoking command in '/home/guo/ITL_sentry_auto_new/build/utils': CMAKE_PREFIX_PATH=${CMAKE_PREFIX_PATH}:/opt/ros/rolling /usr/local/bin/cmake --install /home/guo/ITL_sentry_auto_new/build/utils
[9.231s] -- Install configuration: ""
[9.231s] -- Installing: /home/guo/ITL_sentry_auto_new/install/utils/share/utils/environment/library_path.sh
[9.232s] -- Installing: /home/guo/ITL_sentry_auto_new/install/utils/share/utils/environment/library_path.dsv
[9.232s] -- Installing: /home/guo/ITL_sentry_auto_new/install/utils/include
[9.232s] -- Installing: /home/guo/ITL_sentry_auto_new/install/utils/include/draw_tools.hpp
[9.232s] -- Installing: /home/guo/ITL_sentry_auto_new/install/utils/include/thread_safe_queue.hpp
[9.232s] -- Installing: /home/guo/ITL_sentry_auto_new/install/utils/include/math_tools.hpp
[9.233s] -- Installing: /home/guo/ITL_sentry_auto_new/install/utils/include/detector_tools.hpp
[9.233s] -- Installing: /home/guo/ITL_sentry_auto_new/install/utils/include/performance_monitor.hpp
[9.233s] -- Installing: /home/guo/ITL_sentry_auto_new/install/utils/include/logger.hpp
[9.233s] -- Installing: /home/guo/ITL_sentry_auto_new/install/utils/include/imu_data_processor.hpp
[9.233s] -- Installing: /home/guo/ITL_sentry_auto_new/install/utils/include/roi_tools.hpp
[9.234s] -- Installing: /home/guo/ITL_sentry_auto_new/install/utils/lib/libutils.a
[9.244s] -- Installing: /home/guo/ITL_sentry_auto_new/install/utils/share/utils/cmake/utilsTargets.cmake
[9.244s] -- Installing: /home/guo/ITL_sentry_auto_new/install/utils/share/utils/cmake/utilsTargets-noconfig.cmake
[9.244s] -- Installing: /home/guo/ITL_sentry_auto_new/install/utils/share/ament_index/resource_index/package_run_dependencies/utils
[9.244s] -- Installing: /home/guo/ITL_sentry_auto_new/install/utils/share/ament_index/resource_index/parent_prefix_path/utils
[9.244s] -- Installing: /home/guo/ITL_sentry_auto_new/install/utils/share/utils/environment/ament_prefix_path.sh
[9.245s] -- Installing: /home/guo/ITL_sentry_auto_new/install/utils/share/utils/environment/ament_prefix_path.dsv
[9.245s] -- Installing: /home/guo/ITL_sentry_auto_new/install/utils/share/utils/environment/path.sh
[9.245s] -- Installing: /home/guo/ITL_sentry_auto_new/install/utils/share/utils/environment/path.dsv
[9.245s] -- Installing: /home/guo/ITL_sentry_auto_new/install/utils/share/utils/local_setup.bash
[9.245s] -- Installing: /home/guo/ITL_sentry_auto_new/install/utils/share/utils/local_setup.sh
[9.245s] -- Installing: /home/guo/ITL_sentry_auto_new/install/utils/share/utils/local_setup.zsh
[9.245s] -- Installing: /home/guo/ITL_sentry_auto_new/install/utils/share/utils/local_setup.dsv
[9.246s] -- Installing: /home/guo/ITL_sentry_auto_new/install/utils/share/utils/package.dsv
[9.246s] -- Installing: /home/guo/ITL_sentry_auto_new/install/utils/share/ament_index/resource_index/packages/utils
[9.246s] -- Installing: /home/guo/ITL_sentry_auto_new/install/utils/share/utils/cmake/utilsTargetsExport.cmake
[9.246s] -- Installing: /home/guo/ITL_sentry_auto_new/install/utils/share/utils/cmake/utilsTargetsExport-noconfig.cmake
[9.246s] -- Installing: /home/guo/ITL_sentry_auto_new/install/utils/share/utils/cmake/ament_cmake_export_include_directories-extras.cmake
[9.246s] -- Installing: /home/guo/ITL_sentry_auto_new/install/utils/share/utils/cmake/ament_cmake_export_libraries-extras.cmake
[9.246s] -- Installing: /home/guo/ITL_sentry_auto_new/install/utils/share/utils/cmake/ament_cmake_export_dependencies-extras.cmake
[9.246s] -- Installing: /home/guo/ITL_sentry_auto_new/install/utils/share/utils/cmake/ament_cmake_export_targets-extras.cmake
[9.246s] -- Installing: /home/guo/ITL_sentry_auto_new/install/utils/share/utils/cmake/utilsConfig.cmake
[9.247s] -- Installing: /home/guo/ITL_sentry_auto_new/install/utils/share/utils/cmake/utilsConfig-version.cmake
[9.247s] -- Installing: /home/guo/ITL_sentry_auto_new/install/utils/share/utils/package.xml
[9.249s] Invoked command in '/home/guo/ITL_sentry_auto_new/build/utils' returned '0': CMAKE_PREFIX_PATH=${CMAKE_PREFIX_PATH}:/opt/ros/rolling /usr/local/bin/cmake --install /home/guo/ITL_sentry_auto_new/build/utils
