[0.015s] Invoking command in '/home/guo/ITL_sentry_auto_new/build/solver': AMENT_PREFIX_PATH=/home/guo/ITL_sentry_auto_new/install/detected:/home/guo/ITL_sentry_auto_new/install/utils:/home/guo/ITL_sentry_auto_new/install/autoaim_msgs:${AMENT_PREFIX_PATH} CMAKE_PREFIX_PATH=/home/guo/ITL_sentry_auto_new/install/detected:/home/guo/ITL_sentry_auto_new/install/utils:/home/guo/ITL_sentry_auto_new/install/autoaim_msgs:/opt/ros/rolling LD_LIBRARY_PATH=/home/guo/ITL_sentry_auto_new/install/detected/lib:/home/guo/ITL_sentry_auto_new/install/utils/lib:/home/guo/ITL_sentry_auto_new/install/autoaim_msgs/lib:/opt/MVS/lib/64:/opt/MVS/lib/32:/opt/MVS/lib/64:/opt/MVS/lib/32 PYTHONPATH=/home/guo/ITL_sentry_auto_new/install/autoaim_msgs/lib/python3.10/site-packages:${PYTHONPATH} /usr/local/bin/cmake --build /home/guo/ITL_sentry_auto_new/build/solver -- -j24 -l24
[0.051s] [ 20%] Built target solver_base
[0.071s] [ 40%] Built target coord_converter
[0.073s] [ 60%] Built target yaw_optimzier_lib
[0.075s] [ 80%] Built target pnp_solver_lib
[0.092s] [100%] Built target solver_interface
[0.259s] Invoked command in '/home/guo/ITL_sentry_auto_new/build/solver' returned '0': AMENT_PREFIX_PATH=/home/guo/ITL_sentry_auto_new/install/detected:/home/guo/ITL_sentry_auto_new/install/utils:/home/guo/ITL_sentry_auto_new/install/autoaim_msgs:${AMENT_PREFIX_PATH} CMAKE_PREFIX_PATH=/home/guo/ITL_sentry_auto_new/install/detected:/home/guo/ITL_sentry_auto_new/install/utils:/home/guo/ITL_sentry_auto_new/install/autoaim_msgs:/opt/ros/rolling LD_LIBRARY_PATH=/home/guo/ITL_sentry_auto_new/install/detected/lib:/home/guo/ITL_sentry_auto_new/install/utils/lib:/home/guo/ITL_sentry_auto_new/install/autoaim_msgs/lib:/opt/MVS/lib/64:/opt/MVS/lib/32:/opt/MVS/lib/64:/opt/MVS/lib/32 PYTHONPATH=/home/guo/ITL_sentry_auto_new/install/autoaim_msgs/lib/python3.10/site-packages:${PYTHONPATH} /usr/local/bin/cmake --build /home/guo/ITL_sentry_auto_new/build/solver -- -j24 -l24
[0.262s] Invoking command in '/home/guo/ITL_sentry_auto_new/build/solver': AMENT_PREFIX_PATH=/home/guo/ITL_sentry_auto_new/install/detected:/home/guo/ITL_sentry_auto_new/install/utils:/home/guo/ITL_sentry_auto_new/install/autoaim_msgs:${AMENT_PREFIX_PATH} CMAKE_PREFIX_PATH=/home/guo/ITL_sentry_auto_new/install/detected:/home/guo/ITL_sentry_auto_new/install/utils:/home/guo/ITL_sentry_auto_new/install/autoaim_msgs:/opt/ros/rolling LD_LIBRARY_PATH=/home/guo/ITL_sentry_auto_new/install/detected/lib:/home/guo/ITL_sentry_auto_new/install/utils/lib:/home/guo/ITL_sentry_auto_new/install/autoaim_msgs/lib:/opt/MVS/lib/64:/opt/MVS/lib/32:/opt/MVS/lib/64:/opt/MVS/lib/32 PYTHONPATH=/home/guo/ITL_sentry_auto_new/install/autoaim_msgs/lib/python3.10/site-packages:${PYTHONPATH} /usr/local/bin/cmake --install /home/guo/ITL_sentry_auto_new/build/solver
[0.265s] -- Install configuration: "Release"
[0.266s] -- Up-to-date: /home/guo/ITL_sentry_auto_new/install/solver/lib/libsolver_base.so
[0.266s] -- Up-to-date: /home/guo/ITL_sentry_auto_new/install/solver/lib/libcoord_converter.so
[0.266s] -- Up-to-date: /home/guo/ITL_sentry_auto_new/install/solver/lib/libpnp_solver_lib.so
[0.267s] -- Up-to-date: /home/guo/ITL_sentry_auto_new/install/solver/lib/libyaw_optimzier_lib.so
[0.267s] -- Up-to-date: /home/guo/ITL_sentry_auto_new/install/solver/lib/libsolver_interface.so
[0.268s] -- Up-to-date: /home/guo/ITL_sentry_auto_new/install/solver/share/solver/cmake/solverTargets.cmake
[0.268s] -- Up-to-date: /home/guo/ITL_sentry_auto_new/install/solver/share/solver/cmake/solverTargets-release.cmake
[0.268s] -- Up-to-date: /home/guo/ITL_sentry_auto_new/install/solver/include
[0.268s] -- Up-to-date: /home/guo/ITL_sentry_auto_new/install/solver/include/solver_node.hpp
[0.268s] -- Up-to-date: /home/guo/ITL_sentry_auto_new/install/solver/include/module
[0.268s] -- Up-to-date: /home/guo/ITL_sentry_auto_new/install/solver/include/module/coord_converter.hpp
[0.268s] -- Up-to-date: /home/guo/ITL_sentry_auto_new/install/solver/include/module/optimize_yaw.hpp
[0.268s] -- Up-to-date: /home/guo/ITL_sentry_auto_new/install/solver/include/module/solver.hpp
[0.268s] -- Up-to-date: /home/guo/ITL_sentry_auto_new/install/solver/include/module/pnp_solver.hpp
[0.268s] -- Up-to-date: /home/guo/ITL_sentry_auto_new/install/solver/share/solver/environment/library_path.sh
[0.268s] -- Up-to-date: /home/guo/ITL_sentry_auto_new/install/solver/share/solver/environment/library_path.dsv
[0.268s] -- Up-to-date: /home/guo/ITL_sentry_auto_new/install/solver/share/ament_index/resource_index/package_run_dependencies/solver
[0.268s] -- Up-to-date: /home/guo/ITL_sentry_auto_new/install/solver/share/ament_index/resource_index/parent_prefix_path/solver
[0.268s] -- Up-to-date: /home/guo/ITL_sentry_auto_new/install/solver/share/solver/environment/ament_prefix_path.sh
[0.268s] -- Up-to-date: /home/guo/ITL_sentry_auto_new/install/solver/share/solver/environment/ament_prefix_path.dsv
[0.268s] -- Up-to-date: /home/guo/ITL_sentry_auto_new/install/solver/share/solver/environment/path.sh
[0.268s] -- Up-to-date: /home/guo/ITL_sentry_auto_new/install/solver/share/solver/environment/path.dsv
[0.268s] -- Up-to-date: /home/guo/ITL_sentry_auto_new/install/solver/share/solver/local_setup.bash
[0.268s] -- Up-to-date: /home/guo/ITL_sentry_auto_new/install/solver/share/solver/local_setup.sh
[0.269s] -- Up-to-date: /home/guo/ITL_sentry_auto_new/install/solver/share/solver/local_setup.zsh
[0.269s] -- Up-to-date: /home/guo/ITL_sentry_auto_new/install/solver/share/solver/local_setup.dsv
[0.269s] -- Installing: /home/guo/ITL_sentry_auto_new/install/solver/share/solver/package.dsv
[0.269s] -- Up-to-date: /home/guo/ITL_sentry_auto_new/install/solver/share/ament_index/resource_index/packages/solver
[0.269s] -- Up-to-date: /home/guo/ITL_sentry_auto_new/install/solver/share/solver/cmake/solver_targetsExport.cmake
[0.269s] -- Up-to-date: /home/guo/ITL_sentry_auto_new/install/solver/share/solver/cmake/solver_targetsExport-release.cmake
[0.269s] -- Up-to-date: /home/guo/ITL_sentry_auto_new/install/solver/share/solver/cmake/ament_cmake_export_include_directories-extras.cmake
[0.269s] -- Up-to-date: /home/guo/ITL_sentry_auto_new/install/solver/share/solver/cmake/ament_cmake_export_libraries-extras.cmake
[0.269s] -- Up-to-date: /home/guo/ITL_sentry_auto_new/install/solver/share/solver/cmake/ament_cmake_export_targets-extras.cmake
[0.270s] -- Up-to-date: /home/guo/ITL_sentry_auto_new/install/solver/share/solver/cmake/ament_cmake_export_dependencies-extras.cmake
[0.270s] -- Up-to-date: /home/guo/ITL_sentry_auto_new/install/solver/share/solver/cmake/solverConfig.cmake
[0.270s] -- Up-to-date: /home/guo/ITL_sentry_auto_new/install/solver/share/solver/cmake/solverConfig-version.cmake
[0.270s] -- Up-to-date: /home/guo/ITL_sentry_auto_new/install/solver/share/solver/package.xml
[0.270s] Invoked command in '/home/guo/ITL_sentry_auto_new/build/solver' returned '0': AMENT_PREFIX_PATH=/home/guo/ITL_sentry_auto_new/install/detected:/home/guo/ITL_sentry_auto_new/install/utils:/home/guo/ITL_sentry_auto_new/install/autoaim_msgs:${AMENT_PREFIX_PATH} CMAKE_PREFIX_PATH=/home/guo/ITL_sentry_auto_new/install/detected:/home/guo/ITL_sentry_auto_new/install/utils:/home/guo/ITL_sentry_auto_new/install/autoaim_msgs:/opt/ros/rolling LD_LIBRARY_PATH=/home/guo/ITL_sentry_auto_new/install/detected/lib:/home/guo/ITL_sentry_auto_new/install/utils/lib:/home/guo/ITL_sentry_auto_new/install/autoaim_msgs/lib:/opt/MVS/lib/64:/opt/MVS/lib/32:/opt/MVS/lib/64:/opt/MVS/lib/32 PYTHONPATH=/home/guo/ITL_sentry_auto_new/install/autoaim_msgs/lib/python3.10/site-packages:${PYTHONPATH} /usr/local/bin/cmake --install /home/guo/ITL_sentry_auto_new/build/solver
