[100%] Built target aimer
-- Install configuration: ""
-- Up-to-date: /home/guo/ITL_sentry_auto_new/install/aimer/share/aimer/environment/library_path.sh
-- Up-to-date: /home/guo/ITL_sentry_auto_new/install/aimer/share/aimer/environment/library_path.dsv
-- Up-to-date: /home/guo/ITL_sentry_auto_new/install/aimer/include
-- Up-to-date: /home/guo/ITL_sentry_auto_new/install/aimer/include/aimer.hpp
-- Up-to-date: /home/guo/ITL_sentry_auto_new/install/aimer/lib/libaimer.so
-- Up-to-date: /home/guo/ITL_sentry_auto_new/install/aimer/share/aimer/cmake/aimerTargets.cmake
-- Up-to-date: /home/guo/ITL_sentry_auto_new/install/aimer/share/aimer/cmake/aimerTargets-noconfig.cmake
-- Up-to-date: /home/guo/ITL_sentry_auto_new/install/aimer/share/ament_index/resource_index/package_run_dependencies/aimer
-- Up-to-date: /home/guo/ITL_sentry_auto_new/install/aimer/share/ament_index/resource_index/parent_prefix_path/aimer
-- Up-to-date: /home/guo/ITL_sentry_auto_new/install/aimer/share/aimer/environment/ament_prefix_path.sh
-- Up-to-date: /home/guo/ITL_sentry_auto_new/install/aimer/share/aimer/environment/ament_prefix_path.dsv
-- Up-to-date: /home/guo/ITL_sentry_auto_new/install/aimer/share/aimer/environment/path.sh
-- Up-to-date: /home/guo/ITL_sentry_auto_new/install/aimer/share/aimer/environment/path.dsv
-- Up-to-date: /home/guo/ITL_sentry_auto_new/install/aimer/share/aimer/local_setup.bash
-- Up-to-date: /home/guo/ITL_sentry_auto_new/install/aimer/share/aimer/local_setup.sh
-- Up-to-date: /home/guo/ITL_sentry_auto_new/install/aimer/share/aimer/local_setup.zsh
-- Up-to-date: /home/guo/ITL_sentry_auto_new/install/aimer/share/aimer/local_setup.dsv
-- Installing: /home/guo/ITL_sentry_auto_new/install/aimer/share/aimer/package.dsv
-- Up-to-date: /home/guo/ITL_sentry_auto_new/install/aimer/share/ament_index/resource_index/packages/aimer
-- Up-to-date: /home/guo/ITL_sentry_auto_new/install/aimer/share/aimer/cmake/aimerTargetsExport.cmake
-- Up-to-date: /home/guo/ITL_sentry_auto_new/install/aimer/share/aimer/cmake/aimerTargetsExport-noconfig.cmake
-- Up-to-date: /home/guo/ITL_sentry_auto_new/install/aimer/share/aimer/cmake/ament_cmake_export_include_directories-extras.cmake
-- Up-to-date: /home/guo/ITL_sentry_auto_new/install/aimer/share/aimer/cmake/ament_cmake_export_libraries-extras.cmake
-- Up-to-date: /home/guo/ITL_sentry_auto_new/install/aimer/share/aimer/cmake/ament_cmake_export_dependencies-extras.cmake
-- Up-to-date: /home/guo/ITL_sentry_auto_new/install/aimer/share/aimer/cmake/ament_cmake_export_targets-extras.cmake
-- Up-to-date: /home/guo/ITL_sentry_auto_new/install/aimer/share/aimer/cmake/aimerConfig.cmake
-- Up-to-date: /home/guo/ITL_sentry_auto_new/install/aimer/share/aimer/cmake/aimerConfig-version.cmake
-- Up-to-date: /home/guo/ITL_sentry_auto_new/install/aimer/share/aimer/package.xml
