[0.062s] Invoking command in '/home/guo/ITL_sentry_auto_new/build/tracker': CMAKE_PREFIX_PATH=/home/guo/ITL_sentry_auto_new/install/aimer:/home/guo/ITL_sentry_auto_new/install/predictor:/home/guo/ITL_sentry_auto_new/install/solver:/home/guo/ITL_sentry_auto_new/install/gimbal:/home/guo/ITL_sentry_auto_new/install/serial:/home/guo/ITL_sentry_auto_new/install/motion_model:/home/guo/ITL_sentry_auto_new/install/detected:/home/guo/ITL_sentry_auto_new/install/cboard:/home/guo/ITL_sentry_auto_new/install/utils:/home/guo/ITL_sentry_auto_new/install/filter_lib:/home/guo/ITL_sentry_auto_new/install/autoaim_msgs:/home/guo/ITL_sentry_auto_new/install/tracker:/home/guo/ITL_sentry_auto_new/install/pipeline:/home/guo/ITL_sentry_auto_new/install/hikvision:/home/guo/ITL_sentry_auto_new/install/dm_imu:/home/guo/ITL_sentry_auto_new/install/armor_pointer:/opt/ros/rolling LD_LIBRARY_PATH=/home/guo/ITL_sentry_auto_new/install/aimer/lib:/home/guo/ITL_sentry_auto_new/install/predictor/lib:/home/guo/ITL_sentry_auto_new/install/solver/lib:/home/guo/ITL_sentry_auto_new/install/gimbal/lib:/home/guo/ITL_sentry_auto_new/install/serial/lib:/home/guo/ITL_sentry_auto_new/install/motion_model/lib:/home/guo/ITL_sentry_auto_new/install/detected/lib:/home/guo/ITL_sentry_auto_new/install/cboard/lib:/home/guo/ITL_sentry_auto_new/install/autoaim_msgs/lib:/home/guo/ITL_sentry_auto_new/install/tracker/lib:/home/guo/ITL_sentry_auto_new/install/hikvision/lib:/home/guo/ITL_sentry_auto_new/install/dm_imu/lib:/home/guo/ITL_sentry_auto_new/install/utils/lib:/home/guo/ITL_sentry_auto_new/install/filter_lib/lib:/home/guo/ITL_sentry_auto_new/install/armor_pointer/lib:/usr/lib/x86_64-linux-gnu:/opt/ros/rolling/opt/rviz_ogre_vendor/lib:/opt/ros/rolling/lib/x86_64-linux-gnu:/opt/ros/rolling/lib:/opt/MVS/lib/64:/opt/MVS/lib/32:/usr/local/TensorRT.10.7.0.23/lib:/usr/lib/x86_64-linux-gnu:/usr/local/cuda/lib64:/opt/MVS/lib/64:/opt/MVS/lib/32:/opt/MVS/lib/64:/opt/MVS/lib/32 /usr/local/bin/cmake --build /home/guo/ITL_sentry_auto_new/build/tracker -- -j24 -l24
[0.089s] -- Found ament_cmake: 2.3.2 (/opt/ros/rolling/share/ament_cmake/cmake)
[0.263s] -- Found rclcpp: 27.0.0 (/opt/ros/rolling/share/rclcpp/cmake)
[0.285s] -- Found rosidl_generator_c: 4.5.1 (/opt/ros/rolling/share/rosidl_generator_c/cmake)
[0.292s] -- Found rosidl_generator_cpp: 4.5.1 (/opt/ros/rolling/share/rosidl_generator_cpp/cmake)
[0.303s] -- Using all available rosidl_typesupport_c: rosidl_typesupport_fastrtps_c;rosidl_typesupport_introspection_c
[0.317s] -- Using all available rosidl_typesupport_cpp: rosidl_typesupport_fastrtps_cpp;rosidl_typesupport_introspection_cpp
[0.447s] -- Found rmw_implementation_cmake: 7.3.0 (/opt/ros/rolling/share/rmw_implementation_cmake/cmake)
[0.448s] -- Found rmw_fastrtps_cpp: 8.2.0 (/opt/ros/rolling/share/rmw_fastrtps_cpp/cmake)
[0.548s] -- Using RMW implementation 'rmw_fastrtps_cpp' as default
[0.703s] -- Found sensor_msgs: 5.3.0 (/opt/ros/rolling/share/sensor_msgs/cmake)
[0.873s] -- Found tf2: 0.36.0 (/opt/ros/rolling/share/tf2/cmake)
[0.880s] -- Found tf2_ros: 0.36.0 (/opt/ros/rolling/share/tf2_ros/cmake)
[1.229s] -- Found autoaim_msgs: 0.0.1 (/home/guo/ITL_sentry_auto_new/install/autoaim_msgs/share/autoaim_msgs/cmake)
[1.340s] -- Found cv_bridge: 3.4.0 (/opt/ros/rolling/share/cv_bridge/cmake)
[1.364s] -- Found utils: 1.0.0 (/home/guo/ITL_sentry_auto_new/install/utils/share/utils/cmake)
[1.386s] -- Found solver: 0.0.0 (/home/guo/ITL_sentry_auto_new/install/solver/share/solver/cmake)
[1.403s] -- Found eigen3_cmake_module: 0.3.0 (/opt/ros/rolling/share/eigen3_cmake_module/cmake)
[1.404s] -- Ensuring Eigen3 include directory is part of orocos-kdl CMake target
[1.471s] -- Found predictor: 1.0.0 (/home/guo/ITL_sentry_auto_new/install/predictor/share/predictor/cmake)
[1.831s] -- Found AMD headers in: /usr/include/suitesparse
[1.832s] -- Found AMD library: /usr/lib/x86_64-linux-gnu/libamd.so
[1.832s] -- Found CAMD headers in: /usr/include/suitesparse
[1.832s] -- Found CAMD library: /usr/lib/x86_64-linux-gnu/libcamd.so
[1.832s] -- Found CCOLAMD headers in: /usr/include/suitesparse
[1.832s] -- Found CCOLAMD library: /usr/lib/x86_64-linux-gnu/libccolamd.so
[1.832s] -- Found CHOLMOD headers in: /usr/include/suitesparse
[1.832s] -- Found CHOLMOD library: /usr/lib/x86_64-linux-gnu/libcholmod.so
[1.832s] -- Found COLAMD headers in: /usr/include/suitesparse
[1.832s] -- Found COLAMD library: /usr/lib/x86_64-linux-gnu/libcolamd.so
[1.832s] -- Found SPQR headers in: /usr/include/suitesparse
[1.832s] -- Found SPQR library: /usr/lib/x86_64-linux-gnu/libspqr.so
[1.833s] -- Found Config headers in: /usr/include/suitesparse
[1.833s] -- Found Config library: /usr/lib/x86_64-linux-gnu/libsuitesparseconfig.so
[1.833s] -- Found Intel Thread Building Blocks (TBB) library (2021.5 / ) include location: . Assuming SuiteSparseQR was compiled with TBB.
[1.833s] -- Adding librt to SuiteSparse_config libraries (required on Linux & Unix [not OSX] if SuiteSparse is compiled with timing).
[1.836s] -- Could NOT find METIS (missing: METIS_INCLUDE_DIR METIS_LIBRARY) 
[1.940s] -- Found serial: 0.1.0 (/home/guo/ITL_sentry_auto_new/install/serial/share/serial/cmake)
[1.943s] -- Found gimbal: 1.0.0 (/home/guo/ITL_sentry_auto_new/install/gimbal/share/gimbal/cmake)
[1.968s] -- Found ament_lint_auto: 0.16.3 (/opt/ros/rolling/share/ament_lint_auto/cmake)
[2.016s] -- Added test 'copyright' to check source files copyright and LICENSE
[2.016s] -- Added test 'cppcheck' to perform static code analysis on C / C++ code
[2.016s] -- Configured cppcheck include dirs: /home/guo/ITL_sentry_auto_new/src/core/tracker/include
[2.017s] -- Configured cppcheck exclude dirs and/or files: 
[2.017s] -- Added test 'cpplint' to check C / C++ code against the Google style
[2.017s] -- Configured cpplint exclude dirs and/or files: 
[2.017s] -- Added test 'lint_cmake' to check CMake code style
[2.018s] -- Added test 'uncrustify' to check C / C++ code style
[2.018s] -- Configured uncrustify additional arguments: 
[2.018s] -- Added test 'xmllint' to check XML markup files
[2.019s] -- Configuring done (1.9s)
[2.043s] -- Generating done (0.0s)
[2.046s] -- Build files have been written to: /home/guo/ITL_sentry_auto_new/build/tracker
[2.078s] [100%] Built target tracker_lib
[2.084s] Invoked command in '/home/guo/ITL_sentry_auto_new/build/tracker' returned '0': CMAKE_PREFIX_PATH=/home/guo/ITL_sentry_auto_new/install/aimer:/home/guo/ITL_sentry_auto_new/install/predictor:/home/guo/ITL_sentry_auto_new/install/solver:/home/guo/ITL_sentry_auto_new/install/gimbal:/home/guo/ITL_sentry_auto_new/install/serial:/home/guo/ITL_sentry_auto_new/install/motion_model:/home/guo/ITL_sentry_auto_new/install/detected:/home/guo/ITL_sentry_auto_new/install/cboard:/home/guo/ITL_sentry_auto_new/install/utils:/home/guo/ITL_sentry_auto_new/install/filter_lib:/home/guo/ITL_sentry_auto_new/install/autoaim_msgs:/home/guo/ITL_sentry_auto_new/install/tracker:/home/guo/ITL_sentry_auto_new/install/pipeline:/home/guo/ITL_sentry_auto_new/install/hikvision:/home/guo/ITL_sentry_auto_new/install/dm_imu:/home/guo/ITL_sentry_auto_new/install/armor_pointer:/opt/ros/rolling LD_LIBRARY_PATH=/home/guo/ITL_sentry_auto_new/install/aimer/lib:/home/guo/ITL_sentry_auto_new/install/predictor/lib:/home/guo/ITL_sentry_auto_new/install/solver/lib:/home/guo/ITL_sentry_auto_new/install/gimbal/lib:/home/guo/ITL_sentry_auto_new/install/serial/lib:/home/guo/ITL_sentry_auto_new/install/motion_model/lib:/home/guo/ITL_sentry_auto_new/install/detected/lib:/home/guo/ITL_sentry_auto_new/install/cboard/lib:/home/guo/ITL_sentry_auto_new/install/autoaim_msgs/lib:/home/guo/ITL_sentry_auto_new/install/tracker/lib:/home/guo/ITL_sentry_auto_new/install/hikvision/lib:/home/guo/ITL_sentry_auto_new/install/dm_imu/lib:/home/guo/ITL_sentry_auto_new/install/utils/lib:/home/guo/ITL_sentry_auto_new/install/filter_lib/lib:/home/guo/ITL_sentry_auto_new/install/armor_pointer/lib:/usr/lib/x86_64-linux-gnu:/opt/ros/rolling/opt/rviz_ogre_vendor/lib:/opt/ros/rolling/lib/x86_64-linux-gnu:/opt/ros/rolling/lib:/opt/MVS/lib/64:/opt/MVS/lib/32:/usr/local/TensorRT.10.7.0.23/lib:/usr/lib/x86_64-linux-gnu:/usr/local/cuda/lib64:/opt/MVS/lib/64:/opt/MVS/lib/32:/opt/MVS/lib/64:/opt/MVS/lib/32 /usr/local/bin/cmake --build /home/guo/ITL_sentry_auto_new/build/tracker -- -j24 -l24
[2.087s] Invoking command in '/home/guo/ITL_sentry_auto_new/build/tracker': CMAKE_PREFIX_PATH=/home/guo/ITL_sentry_auto_new/install/aimer:/home/guo/ITL_sentry_auto_new/install/predictor:/home/guo/ITL_sentry_auto_new/install/solver:/home/guo/ITL_sentry_auto_new/install/gimbal:/home/guo/ITL_sentry_auto_new/install/serial:/home/guo/ITL_sentry_auto_new/install/motion_model:/home/guo/ITL_sentry_auto_new/install/detected:/home/guo/ITL_sentry_auto_new/install/cboard:/home/guo/ITL_sentry_auto_new/install/utils:/home/guo/ITL_sentry_auto_new/install/filter_lib:/home/guo/ITL_sentry_auto_new/install/autoaim_msgs:/home/guo/ITL_sentry_auto_new/install/tracker:/home/guo/ITL_sentry_auto_new/install/pipeline:/home/guo/ITL_sentry_auto_new/install/hikvision:/home/guo/ITL_sentry_auto_new/install/dm_imu:/home/guo/ITL_sentry_auto_new/install/armor_pointer:/opt/ros/rolling LD_LIBRARY_PATH=/home/guo/ITL_sentry_auto_new/install/aimer/lib:/home/guo/ITL_sentry_auto_new/install/predictor/lib:/home/guo/ITL_sentry_auto_new/install/solver/lib:/home/guo/ITL_sentry_auto_new/install/gimbal/lib:/home/guo/ITL_sentry_auto_new/install/serial/lib:/home/guo/ITL_sentry_auto_new/install/motion_model/lib:/home/guo/ITL_sentry_auto_new/install/detected/lib:/home/guo/ITL_sentry_auto_new/install/cboard/lib:/home/guo/ITL_sentry_auto_new/install/autoaim_msgs/lib:/home/guo/ITL_sentry_auto_new/install/tracker/lib:/home/guo/ITL_sentry_auto_new/install/hikvision/lib:/home/guo/ITL_sentry_auto_new/install/dm_imu/lib:/home/guo/ITL_sentry_auto_new/install/utils/lib:/home/guo/ITL_sentry_auto_new/install/filter_lib/lib:/home/guo/ITL_sentry_auto_new/install/armor_pointer/lib:/usr/lib/x86_64-linux-gnu:/opt/ros/rolling/opt/rviz_ogre_vendor/lib:/opt/ros/rolling/lib/x86_64-linux-gnu:/opt/ros/rolling/lib:/opt/MVS/lib/64:/opt/MVS/lib/32:/usr/local/TensorRT.10.7.0.23/lib:/usr/lib/x86_64-linux-gnu:/usr/local/cuda/lib64:/opt/MVS/lib/64:/opt/MVS/lib/32:/opt/MVS/lib/64:/opt/MVS/lib/32 /usr/local/bin/cmake --install /home/guo/ITL_sentry_auto_new/build/tracker
[2.090s] -- Install configuration: ""
[2.090s] -- Installing: /home/guo/ITL_sentry_auto_new/install/tracker/lib/libtracker_lib.a
[2.099s] -- Up-to-date: /home/guo/ITL_sentry_auto_new/install/tracker/include
[2.099s] -- Installing: /home/guo/ITL_sentry_auto_new/install/tracker/include/tracker.hpp
[2.100s] -- Up-to-date: /home/guo/ITL_sentry_auto_new/install/tracker/share/tracker/environment/library_path.sh
[2.100s] -- Up-to-date: /home/guo/ITL_sentry_auto_new/install/tracker/share/tracker/environment/library_path.dsv
[2.100s] -- Up-to-date: /home/guo/ITL_sentry_auto_new/install/tracker/share/ament_index/resource_index/package_run_dependencies/tracker
[2.100s] -- Up-to-date: /home/guo/ITL_sentry_auto_new/install/tracker/share/ament_index/resource_index/parent_prefix_path/tracker
[2.100s] -- Up-to-date: /home/guo/ITL_sentry_auto_new/install/tracker/share/tracker/environment/ament_prefix_path.sh
[2.100s] -- Up-to-date: /home/guo/ITL_sentry_auto_new/install/tracker/share/tracker/environment/ament_prefix_path.dsv
[2.100s] -- Up-to-date: /home/guo/ITL_sentry_auto_new/install/tracker/share/tracker/environment/path.sh
[2.100s] -- Up-to-date: /home/guo/ITL_sentry_auto_new/install/tracker/share/tracker/environment/path.dsv
[2.100s] -- Up-to-date: /home/guo/ITL_sentry_auto_new/install/tracker/share/tracker/local_setup.bash
[2.100s] -- Up-to-date: /home/guo/ITL_sentry_auto_new/install/tracker/share/tracker/local_setup.sh
[2.100s] -- Up-to-date: /home/guo/ITL_sentry_auto_new/install/tracker/share/tracker/local_setup.zsh
[2.100s] -- Up-to-date: /home/guo/ITL_sentry_auto_new/install/tracker/share/tracker/local_setup.dsv
[2.100s] -- Installing: /home/guo/ITL_sentry_auto_new/install/tracker/share/tracker/package.dsv
[2.100s] -- Up-to-date: /home/guo/ITL_sentry_auto_new/install/tracker/share/ament_index/resource_index/packages/tracker
[2.100s] -- Up-to-date: /home/guo/ITL_sentry_auto_new/install/tracker/share/tracker/cmake/ament_cmake_export_include_directories-extras.cmake
[2.100s] -- Up-to-date: /home/guo/ITL_sentry_auto_new/install/tracker/share/tracker/cmake/ament_cmake_export_libraries-extras.cmake
[2.100s] -- Up-to-date: /home/guo/ITL_sentry_auto_new/install/tracker/share/tracker/cmake/ament_cmake_export_dependencies-extras.cmake
[2.100s] -- Up-to-date: /home/guo/ITL_sentry_auto_new/install/tracker/share/tracker/cmake/trackerConfig.cmake
[2.101s] -- Up-to-date: /home/guo/ITL_sentry_auto_new/install/tracker/share/tracker/cmake/trackerConfig-version.cmake
[2.101s] -- Up-to-date: /home/guo/ITL_sentry_auto_new/install/tracker/share/tracker/package.xml
[2.102s] Invoked command in '/home/guo/ITL_sentry_auto_new/build/tracker' returned '0': CMAKE_PREFIX_PATH=/home/guo/ITL_sentry_auto_new/install/aimer:/home/guo/ITL_sentry_auto_new/install/predictor:/home/guo/ITL_sentry_auto_new/install/solver:/home/guo/ITL_sentry_auto_new/install/gimbal:/home/guo/ITL_sentry_auto_new/install/serial:/home/guo/ITL_sentry_auto_new/install/motion_model:/home/guo/ITL_sentry_auto_new/install/detected:/home/guo/ITL_sentry_auto_new/install/cboard:/home/guo/ITL_sentry_auto_new/install/utils:/home/guo/ITL_sentry_auto_new/install/filter_lib:/home/guo/ITL_sentry_auto_new/install/autoaim_msgs:/home/guo/ITL_sentry_auto_new/install/tracker:/home/guo/ITL_sentry_auto_new/install/pipeline:/home/guo/ITL_sentry_auto_new/install/hikvision:/home/guo/ITL_sentry_auto_new/install/dm_imu:/home/guo/ITL_sentry_auto_new/install/armor_pointer:/opt/ros/rolling LD_LIBRARY_PATH=/home/guo/ITL_sentry_auto_new/install/aimer/lib:/home/guo/ITL_sentry_auto_new/install/predictor/lib:/home/guo/ITL_sentry_auto_new/install/solver/lib:/home/guo/ITL_sentry_auto_new/install/gimbal/lib:/home/guo/ITL_sentry_auto_new/install/serial/lib:/home/guo/ITL_sentry_auto_new/install/motion_model/lib:/home/guo/ITL_sentry_auto_new/install/detected/lib:/home/guo/ITL_sentry_auto_new/install/cboard/lib:/home/guo/ITL_sentry_auto_new/install/autoaim_msgs/lib:/home/guo/ITL_sentry_auto_new/install/tracker/lib:/home/guo/ITL_sentry_auto_new/install/hikvision/lib:/home/guo/ITL_sentry_auto_new/install/dm_imu/lib:/home/guo/ITL_sentry_auto_new/install/utils/lib:/home/guo/ITL_sentry_auto_new/install/filter_lib/lib:/home/guo/ITL_sentry_auto_new/install/armor_pointer/lib:/usr/lib/x86_64-linux-gnu:/opt/ros/rolling/opt/rviz_ogre_vendor/lib:/opt/ros/rolling/lib/x86_64-linux-gnu:/opt/ros/rolling/lib:/opt/MVS/lib/64:/opt/MVS/lib/32:/usr/local/TensorRT.10.7.0.23/lib:/usr/lib/x86_64-linux-gnu:/usr/local/cuda/lib64:/opt/MVS/lib/64:/opt/MVS/lib/32:/opt/MVS/lib/64:/opt/MVS/lib/32 /usr/local/bin/cmake --install /home/guo/ITL_sentry_auto_new/build/tracker
