[0.032s] Invoking command in '/home/guo/ITL_sentry_auto_new/build/gimbal': AMENT_PREFIX_PATH=/home/guo/ITL_sentry_auto_new/install/serial:/home/guo/ITL_sentry_auto_new/install/utils:/home/guo/ITL_sentry_auto_new/install/autoaim_msgs:${AMENT_PREFIX_PATH} CMAKE_PREFIX_PATH=/home/guo/ITL_sentry_auto_new/install/serial:/home/guo/ITL_sentry_auto_new/install/utils:/home/guo/ITL_sentry_auto_new/install/autoaim_msgs:/opt/ros/rolling LD_LIBRARY_PATH=/home/guo/ITL_sentry_auto_new/install/serial/lib:/home/guo/ITL_sentry_auto_new/install/utils/lib:/home/guo/ITL_sentry_auto_new/install/autoaim_msgs/lib:/usr/lib/x86_64-linux-gnu:/opt/ros/rolling/opt/rviz_ogre_vendor/lib:/opt/ros/rolling/lib/x86_64-linux-gnu:/opt/ros/rolling/lib:/opt/MVS/lib/64:/opt/MVS/lib/32:/usr/local/TensorRT.10.7.0.23/lib:/usr/lib/x86_64-linux-gnu:/usr/local/cuda/lib64:/opt/MVS/lib/64:/opt/MVS/lib/32:/opt/MVS/lib/64:/opt/MVS/lib/32 PYTHONPATH=/home/guo/ITL_sentry_auto_new/install/autoaim_msgs/lib/python3.10/site-packages:${PYTHONPATH} /usr/local/bin/cmake --build /home/guo/ITL_sentry_auto_new/build/gimbal -- -j24 -l24
[0.054s] [100%] Built target gimbal
[0.072s] Invoked command in '/home/guo/ITL_sentry_auto_new/build/gimbal' returned '0': AMENT_PREFIX_PATH=/home/guo/ITL_sentry_auto_new/install/serial:/home/guo/ITL_sentry_auto_new/install/utils:/home/guo/ITL_sentry_auto_new/install/autoaim_msgs:${AMENT_PREFIX_PATH} CMAKE_PREFIX_PATH=/home/guo/ITL_sentry_auto_new/install/serial:/home/guo/ITL_sentry_auto_new/install/utils:/home/guo/ITL_sentry_auto_new/install/autoaim_msgs:/opt/ros/rolling LD_LIBRARY_PATH=/home/guo/ITL_sentry_auto_new/install/serial/lib:/home/guo/ITL_sentry_auto_new/install/utils/lib:/home/guo/ITL_sentry_auto_new/install/autoaim_msgs/lib:/usr/lib/x86_64-linux-gnu:/opt/ros/rolling/opt/rviz_ogre_vendor/lib:/opt/ros/rolling/lib/x86_64-linux-gnu:/opt/ros/rolling/lib:/opt/MVS/lib/64:/opt/MVS/lib/32:/usr/local/TensorRT.10.7.0.23/lib:/usr/lib/x86_64-linux-gnu:/usr/local/cuda/lib64:/opt/MVS/lib/64:/opt/MVS/lib/32:/opt/MVS/lib/64:/opt/MVS/lib/32 PYTHONPATH=/home/guo/ITL_sentry_auto_new/install/autoaim_msgs/lib/python3.10/site-packages:${PYTHONPATH} /usr/local/bin/cmake --build /home/guo/ITL_sentry_auto_new/build/gimbal -- -j24 -l24
[0.074s] Invoking command in '/home/guo/ITL_sentry_auto_new/build/gimbal': AMENT_PREFIX_PATH=/home/guo/ITL_sentry_auto_new/install/serial:/home/guo/ITL_sentry_auto_new/install/utils:/home/guo/ITL_sentry_auto_new/install/autoaim_msgs:${AMENT_PREFIX_PATH} CMAKE_PREFIX_PATH=/home/guo/ITL_sentry_auto_new/install/serial:/home/guo/ITL_sentry_auto_new/install/utils:/home/guo/ITL_sentry_auto_new/install/autoaim_msgs:/opt/ros/rolling LD_LIBRARY_PATH=/home/guo/ITL_sentry_auto_new/install/serial/lib:/home/guo/ITL_sentry_auto_new/install/utils/lib:/home/guo/ITL_sentry_auto_new/install/autoaim_msgs/lib:/usr/lib/x86_64-linux-gnu:/opt/ros/rolling/opt/rviz_ogre_vendor/lib:/opt/ros/rolling/lib/x86_64-linux-gnu:/opt/ros/rolling/lib:/opt/MVS/lib/64:/opt/MVS/lib/32:/usr/local/TensorRT.10.7.0.23/lib:/usr/lib/x86_64-linux-gnu:/usr/local/cuda/lib64:/opt/MVS/lib/64:/opt/MVS/lib/32:/opt/MVS/lib/64:/opt/MVS/lib/32 PYTHONPATH=/home/guo/ITL_sentry_auto_new/install/autoaim_msgs/lib/python3.10/site-packages:${PYTHONPATH} /usr/local/bin/cmake --install /home/guo/ITL_sentry_auto_new/build/gimbal
[0.077s] -- Install configuration: ""
[0.077s] -- Up-to-date: /home/guo/ITL_sentry_auto_new/install/gimbal/share/gimbal/environment/library_path.sh
[0.077s] -- Up-to-date: /home/guo/ITL_sentry_auto_new/install/gimbal/share/gimbal/environment/library_path.dsv
[0.077s] -- Up-to-date: /home/guo/ITL_sentry_auto_new/install/gimbal/include
[0.078s] -- Up-to-date: /home/guo/ITL_sentry_auto_new/install/gimbal/include/gimbal.hpp
[0.078s] -- Up-to-date: /home/guo/ITL_sentry_auto_new/install/gimbal/lib/libgimbal.so
[0.078s] -- Up-to-date: /home/guo/ITL_sentry_auto_new/install/gimbal/share/gimbal/cmake/gimbalTargets.cmake
[0.078s] -- Up-to-date: /home/guo/ITL_sentry_auto_new/install/gimbal/share/gimbal/cmake/gimbalTargets-noconfig.cmake
[0.078s] -- Up-to-date: /home/guo/ITL_sentry_auto_new/install/gimbal/share/ament_index/resource_index/package_run_dependencies/gimbal
[0.079s] -- Up-to-date: /home/guo/ITL_sentry_auto_new/install/gimbal/share/ament_index/resource_index/parent_prefix_path/gimbal
[0.079s] -- Up-to-date: /home/guo/ITL_sentry_auto_new/install/gimbal/share/gimbal/environment/ament_prefix_path.sh
[0.079s] -- Up-to-date: /home/guo/ITL_sentry_auto_new/install/gimbal/share/gimbal/environment/ament_prefix_path.dsv
[0.079s] -- Up-to-date: /home/guo/ITL_sentry_auto_new/install/gimbal/share/gimbal/environment/path.sh
[0.079s] -- Up-to-date: /home/guo/ITL_sentry_auto_new/install/gimbal/share/gimbal/environment/path.dsv
[0.079s] -- Up-to-date: /home/guo/ITL_sentry_auto_new/install/gimbal/share/gimbal/local_setup.bash
[0.079s] -- Up-to-date: /home/guo/ITL_sentry_auto_new/install/gimbal/share/gimbal/local_setup.sh
[0.079s] -- Up-to-date: /home/guo/ITL_sentry_auto_new/install/gimbal/share/gimbal/local_setup.zsh
[0.080s] -- Up-to-date: /home/guo/ITL_sentry_auto_new/install/gimbal/share/gimbal/local_setup.dsv
[0.080s] -- Installing: /home/guo/ITL_sentry_auto_new/install/gimbal/share/gimbal/package.dsv
[0.080s] -- Up-to-date: /home/guo/ITL_sentry_auto_new/install/gimbal/share/ament_index/resource_index/packages/gimbal
[0.081s] -- Up-to-date: /home/guo/ITL_sentry_auto_new/install/gimbal/share/gimbal/cmake/gimbalTargetsExport.cmake
[0.081s] -- Up-to-date: /home/guo/ITL_sentry_auto_new/install/gimbal/share/gimbal/cmake/gimbalTargetsExport-noconfig.cmake
[0.081s] -- Up-to-date: /home/guo/ITL_sentry_auto_new/install/gimbal/share/gimbal/cmake/ament_cmake_export_include_directories-extras.cmake
[0.081s] -- Up-to-date: /home/guo/ITL_sentry_auto_new/install/gimbal/share/gimbal/cmake/ament_cmake_export_libraries-extras.cmake
[0.081s] -- Up-to-date: /home/guo/ITL_sentry_auto_new/install/gimbal/share/gimbal/cmake/ament_cmake_export_dependencies-extras.cmake
[0.081s] -- Up-to-date: /home/guo/ITL_sentry_auto_new/install/gimbal/share/gimbal/cmake/ament_cmake_export_targets-extras.cmake
[0.081s] -- Up-to-date: /home/guo/ITL_sentry_auto_new/install/gimbal/share/gimbal/cmake/gimbalConfig.cmake
[0.081s] -- Up-to-date: /home/guo/ITL_sentry_auto_new/install/gimbal/share/gimbal/cmake/gimbalConfig-version.cmake
[0.081s] -- Up-to-date: /home/guo/ITL_sentry_auto_new/install/gimbal/share/gimbal/package.xml
[0.083s] Invoked command in '/home/guo/ITL_sentry_auto_new/build/gimbal' returned '0': AMENT_PREFIX_PATH=/home/guo/ITL_sentry_auto_new/install/serial:/home/guo/ITL_sentry_auto_new/install/utils:/home/guo/ITL_sentry_auto_new/install/autoaim_msgs:${AMENT_PREFIX_PATH} CMAKE_PREFIX_PATH=/home/guo/ITL_sentry_auto_new/install/serial:/home/guo/ITL_sentry_auto_new/install/utils:/home/guo/ITL_sentry_auto_new/install/autoaim_msgs:/opt/ros/rolling LD_LIBRARY_PATH=/home/guo/ITL_sentry_auto_new/install/serial/lib:/home/guo/ITL_sentry_auto_new/install/utils/lib:/home/guo/ITL_sentry_auto_new/install/autoaim_msgs/lib:/usr/lib/x86_64-linux-gnu:/opt/ros/rolling/opt/rviz_ogre_vendor/lib:/opt/ros/rolling/lib/x86_64-linux-gnu:/opt/ros/rolling/lib:/opt/MVS/lib/64:/opt/MVS/lib/32:/usr/local/TensorRT.10.7.0.23/lib:/usr/lib/x86_64-linux-gnu:/usr/local/cuda/lib64:/opt/MVS/lib/64:/opt/MVS/lib/32:/opt/MVS/lib/64:/opt/MVS/lib/32 PYTHONPATH=/home/guo/ITL_sentry_auto_new/install/autoaim_msgs/lib/python3.10/site-packages:${PYTHONPATH} /usr/local/bin/cmake --install /home/guo/ITL_sentry_auto_new/build/gimbal
