[0.009s] Invoking command in '/home/guo/ITL_Auto_aim/build/autoaim_msgs': CMAKE_PREFIX_PATH=/opt/ros/rolling /usr/local/bin/cmake /home/guo/ITL_Auto_aim/src/Messages -DCMAKE_INSTALL_PREFIX=/home/guo/ITL_Auto_aim/install/autoaim_msgs
[0.077s] -- The C compiler identification is GNU 11.4.0
[0.126s] -- The CXX compiler identification is GNU 11.4.0
[0.141s] -- Detecting C compiler ABI info
[0.196s] -- Detecting C compiler ABI info - done
[0.204s] -- Check for working C compiler: /usr/bin/cc - skipped
[0.205s] -- Detecting C compile features
[0.205s] -- Detecting C compile features - done
[0.214s] -- Detecting CXX compiler ABI info
[0.277s] -- Detecting CXX compiler ABI info - done
[0.287s] -- Check for working CXX compiler: /usr/bin/c++ - skipped
[0.287s] -- Detecting CXX compile features
[0.287s] -- Detecting CXX compile features - done
[0.293s] -- Found ament_cmake: 2.3.2 (/opt/ros/rolling/share/ament_cmake/cmake)
[0.639s] -- Found Python3: /usr/bin/python3.10 (found version "3.10.12") found components: Interpreter 
[0.708s] -- Found rosidl_default_generators: 1.6.0 (/opt/ros/rolling/share/rosidl_default_generators/cmake)
[0.713s] -- Using all available rosidl_typesupport_c: rosidl_typesupport_fastrtps_c;rosidl_typesupport_introspection_c
[0.761s] -- Using all available rosidl_typesupport_cpp: rosidl_typesupport_fastrtps_cpp;rosidl_typesupport_introspection_cpp
[0.803s] -- Found rosidl_adapter: 4.5.1 (/opt/ros/rolling/share/rosidl_adapter/cmake)
[0.809s] -- Found std_msgs: 5.3.0 (/opt/ros/rolling/share/std_msgs/cmake)
[0.873s] -- Found geometry_msgs: 5.3.0 (/opt/ros/rolling/share/geometry_msgs/cmake)
[0.916s] -- Found sensor_msgs: 5.3.0 (/opt/ros/rolling/share/sensor_msgs/cmake)
[1.536s] -- Found ament_cmake_ros: 0.12.0 (/opt/ros/rolling/share/ament_cmake_ros/cmake)
[2.105s] -- Using all available rosidl_typesupport_c: rosidl_typesupport_fastrtps_c;rosidl_typesupport_introspection_c
[2.801s] -- Using all available rosidl_typesupport_cpp: rosidl_typesupport_fastrtps_cpp;rosidl_typesupport_introspection_cpp
[2.822s] -- Found PythonInterp: /usr/bin/python3 (found suitable version "3.10.12", minimum required is "3.6") 
[2.823s] -- Found python_cmake_module: 0.11.0 (/opt/ros/rolling/share/python_cmake_module/cmake)
[2.850s] -- Found PythonLibs: /usr/lib/x86_64-linux-gnu/libpython3.10.so (found suitable version "3.10.12", minimum required is "3.5") 
[2.850s] -- Using PYTHON_EXECUTABLE: /usr/bin/python3
[2.850s] -- Using PYTHON_INCLUDE_DIRS: /usr/include/python3.10
[2.851s] -- Using PYTHON_LIBRARIES: /usr/lib/x86_64-linux-gnu/libpython3.10.so
[2.869s] -- Found PythonExtra: .so  
[2.956s] -- Configuring done (2.9s)
[2.994s] -- Generating done (0.0s)
[3.007s] -- Build files have been written to: /home/guo/ITL_Auto_aim/build/autoaim_msgs
[3.017s] Invoked command in '/home/guo/ITL_Auto_aim/build/autoaim_msgs' returned '0': CMAKE_PREFIX_PATH=/opt/ros/rolling /usr/local/bin/cmake /home/guo/ITL_Auto_aim/src/Messages -DCMAKE_INSTALL_PREFIX=/home/guo/ITL_Auto_aim/install/autoaim_msgs
[3.019s] Invoking command in '/home/guo/ITL_Auto_aim/build/autoaim_msgs': CMAKE_PREFIX_PATH=/opt/ros/rolling /usr/local/bin/cmake --build /home/guo/ITL_Auto_aim/build/autoaim_msgs -- -j24 -l24
[3.041s] [  2%] [34m[1mGenerating type hashes for ROS interfaces[0m
[3.043s] [  2%] Built target ament_cmake_python_copy_autoaim_msgs
[3.228s] [  2%] Built target autoaim_msgs__rosidl_generator_type_description
[3.234s] [  5%] [34m[1mGenerating C code for ROS interfaces[0m
[3.239s] [  8%] [34m[1mGenerating C++ code for ROS interfaces[0m
[3.284s] running egg_info
[3.285s] creating autoaim_msgs.egg-info
[3.285s] writing autoaim_msgs.egg-info/PKG-INFO
[3.285s] writing dependency_links to autoaim_msgs.egg-info/dependency_links.txt
[3.285s] writing top-level names to autoaim_msgs.egg-info/top_level.txt
[3.286s] writing manifest file 'autoaim_msgs.egg-info/SOURCES.txt'
[3.287s] reading manifest file 'autoaim_msgs.egg-info/SOURCES.txt'
[3.288s] writing manifest file 'autoaim_msgs.egg-info/SOURCES.txt'
[3.307s] [  8%] Built target ament_cmake_python_build_autoaim_msgs_egg
[3.456s] [  8%] Built target autoaim_msgs__cpp
[3.488s] [ 11%] [32mBuilding C object CMakeFiles/autoaim_msgs__rosidl_generator_c.dir/rosidl_generator_c/autoaim_msgs/msg/detail/debug__description.c.o[0m
[3.488s] [ 14%] [32mBuilding C object CMakeFiles/autoaim_msgs__rosidl_generator_c.dir/rosidl_generator_c/autoaim_msgs/msg/detail/debug__functions.c.o[0m
[3.489s] [ 17%] [32mBuilding C object CMakeFiles/autoaim_msgs__rosidl_generator_c.dir/rosidl_generator_c/autoaim_msgs/msg/detail/debug__type_support.c.o[0m
[3.538s] [ 20%] [32m[1mLinking C shared library libautoaim_msgs__rosidl_generator_c.so[0m
[3.564s] [ 20%] Built target autoaim_msgs__rosidl_generator_c
[3.570s] [ 23%] [34m[1mGenerating C++ introspection for ROS interfaces[0m
[3.570s] [ 26%] [34m[1mGenerating C++ type support for eProsima Fast-RTPS[0m
[3.570s] [ 29%] [34m[1mGenerating C introspection for ROS interfaces[0m
[3.570s] [ 32%] [34m[1mGenerating C++ type support dispatch for ROS interfaces[0m
[3.571s] [ 35%] [34m[1mGenerating C type support for eProsima Fast-RTPS[0m
[3.571s] [ 38%] [34m[1mGenerating C type support dispatch for ROS interfaces[0m
[3.773s] [ 41%] [32mBuilding CXX object CMakeFiles/autoaim_msgs__rosidl_typesupport_c.dir/rosidl_typesupport_c/autoaim_msgs/msg/debug__type_support.cpp.o[0m
[3.788s] [ 44%] [32mBuilding CXX object CMakeFiles/autoaim_msgs__rosidl_typesupport_fastrtps_cpp.dir/rosidl_typesupport_fastrtps_cpp/autoaim_msgs/msg/detail/dds_fastrtps/debug__type_support.cpp.o[0m
[3.809s] [ 47%] [32mBuilding C object CMakeFiles/autoaim_msgs__rosidl_typesupport_introspection_c.dir/rosidl_typesupport_introspection_c/autoaim_msgs/msg/detail/debug__type_support.c.o[0m
[3.810s] [ 50%] [32m[1mLinking CXX shared library libautoaim_msgs__rosidl_typesupport_c.so[0m
[3.840s] [ 52%] [32m[1mLinking C shared library libautoaim_msgs__rosidl_typesupport_introspection_c.so[0m
[3.841s] [ 52%] Built target autoaim_msgs__rosidl_typesupport_c
[3.858s] [ 55%] [32mBuilding CXX object CMakeFiles/autoaim_msgs__rosidl_typesupport_introspection_cpp.dir/rosidl_typesupport_introspection_cpp/autoaim_msgs/msg/detail/debug__type_support.cpp.o[0m
[3.861s] [ 55%] Built target autoaim_msgs__rosidl_typesupport_introspection_c
[3.904s] [ 58%] [32mBuilding CXX object CMakeFiles/autoaim_msgs__rosidl_typesupport_cpp.dir/rosidl_typesupport_cpp/autoaim_msgs/msg/debug__type_support.cpp.o[0m
[3.924s] [ 61%] [32mBuilding CXX object CMakeFiles/autoaim_msgs__rosidl_typesupport_fastrtps_c.dir/rosidl_typesupport_fastrtps_c/autoaim_msgs/msg/detail/debug__type_support_c.cpp.o[0m
[4.167s] [ 64%] [32m[1mLinking CXX shared library libautoaim_msgs__rosidl_typesupport_introspection_cpp.so[0m
[4.212s] [ 64%] Built target autoaim_msgs__rosidl_typesupport_introspection_cpp
[4.228s] [ 67%] [32m[1mLinking CXX shared library libautoaim_msgs__rosidl_typesupport_cpp.so[0m
[4.265s] [ 67%] Built target autoaim_msgs__rosidl_typesupport_cpp
[4.287s] [ 70%] [32m[1mLinking CXX shared library libautoaim_msgs__rosidl_typesupport_fastrtps_cpp.so[0m
[4.346s] [ 70%] Built target autoaim_msgs__rosidl_typesupport_fastrtps_cpp
[4.386s] [ 73%] [32m[1mLinking CXX shared library libautoaim_msgs__rosidl_typesupport_fastrtps_c.so[0m
[4.447s] [ 73%] Built target autoaim_msgs__rosidl_typesupport_fastrtps_c
[4.457s] [ 73%] Built target autoaim_msgs
[4.467s] [ 76%] [34m[1mGenerating Python code for ROS interfaces[0m
[4.727s] [ 76%] Built target autoaim_msgs__py
[4.737s] [ 79%] [32mBuilding C object CMakeFiles/autoaim_msgs__rosidl_generator_py.dir/rosidl_generator_py/autoaim_msgs/msg/_debug_s.c.o[0m
[4.849s] [ 82%] [32m[1mLinking C shared library libautoaim_msgs__rosidl_generator_py.so[0m
[4.881s] [ 82%] Built target autoaim_msgs__rosidl_generator_py
[4.890s] [ 85%] [32mBuilding C object CMakeFiles/autoaim_msgs__rosidl_typesupport_fastrtps_c__pyext.dir/rosidl_generator_py/autoaim_msgs/_autoaim_msgs_s.ep.rosidl_typesupport_fastrtps_c.c.o[0m
[4.890s] [ 88%] [32mBuilding C object CMakeFiles/autoaim_msgs__rosidl_typesupport_introspection_c__pyext.dir/rosidl_generator_py/autoaim_msgs/_autoaim_msgs_s.ep.rosidl_typesupport_introspection_c.c.o[0m
[4.890s] [ 91%] [32mBuilding C object CMakeFiles/autoaim_msgs__rosidl_typesupport_c__pyext.dir/rosidl_generator_py/autoaim_msgs/_autoaim_msgs_s.ep.rosidl_typesupport_c.c.o[0m
[4.972s] [ 97%] [32m[1mLinking C shared library autoaim_msgs_s__rosidl_typesupport_introspection_c.cpython-310-x86_64-linux-gnu.so[0m
[4.972s] [ 97%] [32m[1mLinking C shared library autoaim_msgs_s__rosidl_typesupport_c.cpython-310-x86_64-linux-gnu.so[0m
[4.978s] [100%] [32m[1mLinking C shared library autoaim_msgs_s__rosidl_typesupport_fastrtps_c.cpython-310-x86_64-linux-gnu.so[0m
[5.003s] [100%] Built target autoaim_msgs__rosidl_typesupport_c__pyext
[5.007s] [100%] Built target autoaim_msgs__rosidl_typesupport_introspection_c__pyext
[5.012s] [100%] Built target autoaim_msgs__rosidl_typesupport_fastrtps_c__pyext
[5.016s] Invoked command in '/home/guo/ITL_Auto_aim/build/autoaim_msgs' returned '0': CMAKE_PREFIX_PATH=/opt/ros/rolling /usr/local/bin/cmake --build /home/guo/ITL_Auto_aim/build/autoaim_msgs -- -j24 -l24
[5.018s] Invoking command in '/home/guo/ITL_Auto_aim/build/autoaim_msgs': CMAKE_PREFIX_PATH=/opt/ros/rolling /usr/local/bin/cmake --install /home/guo/ITL_Auto_aim/build/autoaim_msgs
[5.021s] -- Install configuration: ""
[5.021s] -- Installing: /home/guo/ITL_Auto_aim/install/autoaim_msgs/share/ament_index/resource_index/rosidl_interfaces/autoaim_msgs
[5.022s] -- Installing: /home/guo/ITL_Auto_aim/install/autoaim_msgs/share/autoaim_msgs/msg/Debug.json
[5.022s] -- Installing: /home/guo/ITL_Auto_aim/install/autoaim_msgs/include/autoaim_msgs/autoaim_msgs
[5.022s] -- Installing: /home/guo/ITL_Auto_aim/install/autoaim_msgs/include/autoaim_msgs/autoaim_msgs/msg
[5.022s] -- Installing: /home/guo/ITL_Auto_aim/install/autoaim_msgs/include/autoaim_msgs/autoaim_msgs/msg/rosidl_generator_c__visibility_control.h
[5.022s] -- Installing: /home/guo/ITL_Auto_aim/install/autoaim_msgs/include/autoaim_msgs/autoaim_msgs/msg/detail
[5.023s] -- Installing: /home/guo/ITL_Auto_aim/install/autoaim_msgs/include/autoaim_msgs/autoaim_msgs/msg/detail/debug__functions.h
[5.023s] -- Installing: /home/guo/ITL_Auto_aim/install/autoaim_msgs/include/autoaim_msgs/autoaim_msgs/msg/detail/debug__type_support.h
[5.023s] -- Installing: /home/guo/ITL_Auto_aim/install/autoaim_msgs/include/autoaim_msgs/autoaim_msgs/msg/detail/debug__type_support.c
[5.023s] -- Installing: /home/guo/ITL_Auto_aim/install/autoaim_msgs/include/autoaim_msgs/autoaim_msgs/msg/detail/debug__functions.c
[5.023s] -- Installing: /home/guo/ITL_Auto_aim/install/autoaim_msgs/include/autoaim_msgs/autoaim_msgs/msg/detail/debug__struct.h
[5.023s] -- Installing: /home/guo/ITL_Auto_aim/install/autoaim_msgs/include/autoaim_msgs/autoaim_msgs/msg/detail/debug__description.c
[5.023s] -- Installing: /home/guo/ITL_Auto_aim/install/autoaim_msgs/include/autoaim_msgs/autoaim_msgs/msg/debug.h
[5.023s] -- Installing: /home/guo/ITL_Auto_aim/install/autoaim_msgs/share/autoaim_msgs/environment/library_path.sh
[5.023s] -- Installing: /home/guo/ITL_Auto_aim/install/autoaim_msgs/share/autoaim_msgs/environment/library_path.dsv
[5.024s] -- Installing: /home/guo/ITL_Auto_aim/install/autoaim_msgs/lib/libautoaim_msgs__rosidl_generator_c.so
[5.024s] -- Set non-toolchain portion of runtime path of "/home/guo/ITL_Auto_aim/install/autoaim_msgs/lib/libautoaim_msgs__rosidl_generator_c.so" to ""
[5.024s] -- Up-to-date: /home/guo/ITL_Auto_aim/install/autoaim_msgs/include/autoaim_msgs/autoaim_msgs
[5.024s] -- Up-to-date: /home/guo/ITL_Auto_aim/install/autoaim_msgs/include/autoaim_msgs/autoaim_msgs/msg
[5.025s] -- Up-to-date: /home/guo/ITL_Auto_aim/install/autoaim_msgs/include/autoaim_msgs/autoaim_msgs/msg/detail
[5.025s] -- Installing: /home/guo/ITL_Auto_aim/install/autoaim_msgs/include/autoaim_msgs/autoaim_msgs/msg/detail/debug__rosidl_typesupport_fastrtps_c.h
[5.025s] -- Installing: /home/guo/ITL_Auto_aim/install/autoaim_msgs/include/autoaim_msgs/autoaim_msgs/msg/rosidl_typesupport_fastrtps_c__visibility_control.h
[5.025s] -- Installing: /home/guo/ITL_Auto_aim/install/autoaim_msgs/lib/libautoaim_msgs__rosidl_typesupport_fastrtps_c.so
[5.025s] -- Set non-toolchain portion of runtime path of "/home/guo/ITL_Auto_aim/install/autoaim_msgs/lib/libautoaim_msgs__rosidl_typesupport_fastrtps_c.so" to ""
[5.025s] -- Up-to-date: /home/guo/ITL_Auto_aim/install/autoaim_msgs/include/autoaim_msgs/autoaim_msgs
[5.025s] -- Up-to-date: /home/guo/ITL_Auto_aim/install/autoaim_msgs/include/autoaim_msgs/autoaim_msgs/msg
[5.025s] -- Installing: /home/guo/ITL_Auto_aim/install/autoaim_msgs/include/autoaim_msgs/autoaim_msgs/msg/rosidl_typesupport_introspection_c__visibility_control.h
[5.025s] -- Up-to-date: /home/guo/ITL_Auto_aim/install/autoaim_msgs/include/autoaim_msgs/autoaim_msgs/msg/detail
[5.025s] -- Installing: /home/guo/ITL_Auto_aim/install/autoaim_msgs/include/autoaim_msgs/autoaim_msgs/msg/detail/debug__rosidl_typesupport_introspection_c.h
[5.026s] -- Installing: /home/guo/ITL_Auto_aim/install/autoaim_msgs/include/autoaim_msgs/autoaim_msgs/msg/detail/debug__type_support.c
[5.026s] -- Installing: /home/guo/ITL_Auto_aim/install/autoaim_msgs/lib/libautoaim_msgs__rosidl_typesupport_introspection_c.so
[5.026s] -- Set non-toolchain portion of runtime path of "/home/guo/ITL_Auto_aim/install/autoaim_msgs/lib/libautoaim_msgs__rosidl_typesupport_introspection_c.so" to ""
[5.026s] -- Installing: /home/guo/ITL_Auto_aim/install/autoaim_msgs/lib/libautoaim_msgs__rosidl_typesupport_c.so
[5.026s] -- Set non-toolchain portion of runtime path of "/home/guo/ITL_Auto_aim/install/autoaim_msgs/lib/libautoaim_msgs__rosidl_typesupport_c.so" to ""
[5.026s] -- Up-to-date: /home/guo/ITL_Auto_aim/install/autoaim_msgs/include/autoaim_msgs/autoaim_msgs
[5.026s] -- Up-to-date: /home/guo/ITL_Auto_aim/install/autoaim_msgs/include/autoaim_msgs/autoaim_msgs/msg
[5.026s] -- Installing: /home/guo/ITL_Auto_aim/install/autoaim_msgs/include/autoaim_msgs/autoaim_msgs/msg/debug.hpp
[5.026s] -- Up-to-date: /home/guo/ITL_Auto_aim/install/autoaim_msgs/include/autoaim_msgs/autoaim_msgs/msg/detail
[5.027s] -- Installing: /home/guo/ITL_Auto_aim/install/autoaim_msgs/include/autoaim_msgs/autoaim_msgs/msg/detail/debug__type_support.hpp
[5.027s] -- Installing: /home/guo/ITL_Auto_aim/install/autoaim_msgs/include/autoaim_msgs/autoaim_msgs/msg/detail/debug__struct.hpp
[5.027s] -- Installing: /home/guo/ITL_Auto_aim/install/autoaim_msgs/include/autoaim_msgs/autoaim_msgs/msg/detail/debug__builder.hpp
[5.027s] -- Installing: /home/guo/ITL_Auto_aim/install/autoaim_msgs/include/autoaim_msgs/autoaim_msgs/msg/detail/debug__traits.hpp
[5.027s] -- Installing: /home/guo/ITL_Auto_aim/install/autoaim_msgs/include/autoaim_msgs/autoaim_msgs/msg/rosidl_generator_cpp__visibility_control.hpp
[5.027s] -- Up-to-date: /home/guo/ITL_Auto_aim/install/autoaim_msgs/include/autoaim_msgs/autoaim_msgs
[5.027s] -- Up-to-date: /home/guo/ITL_Auto_aim/install/autoaim_msgs/include/autoaim_msgs/autoaim_msgs/msg
[5.027s] -- Installing: /home/guo/ITL_Auto_aim/install/autoaim_msgs/include/autoaim_msgs/autoaim_msgs/msg/rosidl_typesupport_fastrtps_cpp__visibility_control.h
[5.027s] -- Up-to-date: /home/guo/ITL_Auto_aim/install/autoaim_msgs/include/autoaim_msgs/autoaim_msgs/msg/detail
[5.028s] -- Installing: /home/guo/ITL_Auto_aim/install/autoaim_msgs/include/autoaim_msgs/autoaim_msgs/msg/detail/debug__rosidl_typesupport_fastrtps_cpp.hpp
[5.028s] -- Installing: /home/guo/ITL_Auto_aim/install/autoaim_msgs/include/autoaim_msgs/autoaim_msgs/msg/detail/dds_fastrtps
[5.028s] -- Installing: /home/guo/ITL_Auto_aim/install/autoaim_msgs/lib/libautoaim_msgs__rosidl_typesupport_fastrtps_cpp.so
[5.028s] -- Set non-toolchain portion of runtime path of "/home/guo/ITL_Auto_aim/install/autoaim_msgs/lib/libautoaim_msgs__rosidl_typesupport_fastrtps_cpp.so" to ""
[5.028s] -- Up-to-date: /home/guo/ITL_Auto_aim/install/autoaim_msgs/include/autoaim_msgs/autoaim_msgs
[5.028s] -- Up-to-date: /home/guo/ITL_Auto_aim/install/autoaim_msgs/include/autoaim_msgs/autoaim_msgs/msg
[5.028s] -- Up-to-date: /home/guo/ITL_Auto_aim/install/autoaim_msgs/include/autoaim_msgs/autoaim_msgs/msg/detail
[5.028s] -- Installing: /home/guo/ITL_Auto_aim/install/autoaim_msgs/include/autoaim_msgs/autoaim_msgs/msg/detail/debug__type_support.cpp
[5.028s] -- Installing: /home/guo/ITL_Auto_aim/install/autoaim_msgs/include/autoaim_msgs/autoaim_msgs/msg/detail/debug__rosidl_typesupport_introspection_cpp.hpp
[5.028s] -- Installing: /home/guo/ITL_Auto_aim/install/autoaim_msgs/lib/libautoaim_msgs__rosidl_typesupport_introspection_cpp.so
[5.029s] -- Set non-toolchain portion of runtime path of "/home/guo/ITL_Auto_aim/install/autoaim_msgs/lib/libautoaim_msgs__rosidl_typesupport_introspection_cpp.so" to ""
[5.029s] -- Installing: /home/guo/ITL_Auto_aim/install/autoaim_msgs/lib/libautoaim_msgs__rosidl_typesupport_cpp.so
[5.029s] -- Set non-toolchain portion of runtime path of "/home/guo/ITL_Auto_aim/install/autoaim_msgs/lib/libautoaim_msgs__rosidl_typesupport_cpp.so" to ""
[5.029s] -- Installing: /home/guo/ITL_Auto_aim/install/autoaim_msgs/share/autoaim_msgs/environment/pythonpath.sh
[5.029s] -- Installing: /home/guo/ITL_Auto_aim/install/autoaim_msgs/share/autoaim_msgs/environment/pythonpath.dsv
[5.029s] -- Installing: /home/guo/ITL_Auto_aim/install/autoaim_msgs/lib/python3.10/site-packages/autoaim_msgs-0.0.1-py3.10.egg-info
[5.029s] -- Installing: /home/guo/ITL_Auto_aim/install/autoaim_msgs/lib/python3.10/site-packages/autoaim_msgs-0.0.1-py3.10.egg-info/dependency_links.txt
[5.029s] -- Installing: /home/guo/ITL_Auto_aim/install/autoaim_msgs/lib/python3.10/site-packages/autoaim_msgs-0.0.1-py3.10.egg-info/top_level.txt
[5.029s] -- Installing: /home/guo/ITL_Auto_aim/install/autoaim_msgs/lib/python3.10/site-packages/autoaim_msgs-0.0.1-py3.10.egg-info/PKG-INFO
[5.029s] -- Installing: /home/guo/ITL_Auto_aim/install/autoaim_msgs/lib/python3.10/site-packages/autoaim_msgs-0.0.1-py3.10.egg-info/SOURCES.txt
[5.029s] -- Installing: /home/guo/ITL_Auto_aim/install/autoaim_msgs/lib/python3.10/site-packages/autoaim_msgs
[5.030s] -- Installing: /home/guo/ITL_Auto_aim/install/autoaim_msgs/lib/python3.10/site-packages/autoaim_msgs/_autoaim_msgs_s.ep.rosidl_typesupport_c.c
[5.030s] -- Installing: /home/guo/ITL_Auto_aim/install/autoaim_msgs/lib/python3.10/site-packages/autoaim_msgs/_autoaim_msgs_s.ep.rosidl_typesupport_fastrtps_c.c
[5.030s] -- Installing: /home/guo/ITL_Auto_aim/install/autoaim_msgs/lib/python3.10/site-packages/autoaim_msgs/_autoaim_msgs_s.ep.rosidl_typesupport_introspection_c.c
[5.030s] -- Installing: /home/guo/ITL_Auto_aim/install/autoaim_msgs/lib/python3.10/site-packages/autoaim_msgs/__init__.py
[5.030s] -- Installing: /home/guo/ITL_Auto_aim/install/autoaim_msgs/lib/python3.10/site-packages/autoaim_msgs/msg
[5.030s] -- Installing: /home/guo/ITL_Auto_aim/install/autoaim_msgs/lib/python3.10/site-packages/autoaim_msgs/msg/__init__.py
[5.030s] -- Installing: /home/guo/ITL_Auto_aim/install/autoaim_msgs/lib/python3.10/site-packages/autoaim_msgs/msg/_debug_s.c
[5.030s] -- Installing: /home/guo/ITL_Auto_aim/install/autoaim_msgs/lib/python3.10/site-packages/autoaim_msgs/msg/_debug.py
[5.060s] Listing '/home/guo/ITL_Auto_aim/install/autoaim_msgs/lib/python3.10/site-packages/autoaim_msgs'...
[5.060s] Compiling '/home/guo/ITL_Auto_aim/install/autoaim_msgs/lib/python3.10/site-packages/autoaim_msgs/__init__.py'...
[5.060s] Listing '/home/guo/ITL_Auto_aim/install/autoaim_msgs/lib/python3.10/site-packages/autoaim_msgs/msg'...
[5.060s] Compiling '/home/guo/ITL_Auto_aim/install/autoaim_msgs/lib/python3.10/site-packages/autoaim_msgs/msg/__init__.py'...
[5.060s] Compiling '/home/guo/ITL_Auto_aim/install/autoaim_msgs/lib/python3.10/site-packages/autoaim_msgs/msg/_debug.py'...
[5.064s] -- Installing: /home/guo/ITL_Auto_aim/install/autoaim_msgs/lib/python3.10/site-packages/autoaim_msgs/autoaim_msgs_s__rosidl_typesupport_fastrtps_c.cpython-310-x86_64-linux-gnu.so
[5.064s] -- Set non-toolchain portion of runtime path of "/home/guo/ITL_Auto_aim/install/autoaim_msgs/lib/python3.10/site-packages/autoaim_msgs/autoaim_msgs_s__rosidl_typesupport_fastrtps_c.cpython-310-x86_64-linux-gnu.so" to ""
[5.065s] -- Installing: /home/guo/ITL_Auto_aim/install/autoaim_msgs/lib/python3.10/site-packages/autoaim_msgs/autoaim_msgs_s__rosidl_typesupport_introspection_c.cpython-310-x86_64-linux-gnu.so
[5.065s] -- Set non-toolchain portion of runtime path of "/home/guo/ITL_Auto_aim/install/autoaim_msgs/lib/python3.10/site-packages/autoaim_msgs/autoaim_msgs_s__rosidl_typesupport_introspection_c.cpython-310-x86_64-linux-gnu.so" to ""
[5.065s] -- Installing: /home/guo/ITL_Auto_aim/install/autoaim_msgs/lib/python3.10/site-packages/autoaim_msgs/autoaim_msgs_s__rosidl_typesupport_c.cpython-310-x86_64-linux-gnu.so
[5.065s] -- Set non-toolchain portion of runtime path of "/home/guo/ITL_Auto_aim/install/autoaim_msgs/lib/python3.10/site-packages/autoaim_msgs/autoaim_msgs_s__rosidl_typesupport_c.cpython-310-x86_64-linux-gnu.so" to ""
[5.065s] -- Installing: /home/guo/ITL_Auto_aim/install/autoaim_msgs/lib/libautoaim_msgs__rosidl_generator_py.so
[5.066s] -- Set non-toolchain portion of runtime path of "/home/guo/ITL_Auto_aim/install/autoaim_msgs/lib/libautoaim_msgs__rosidl_generator_py.so" to ""
[5.066s] -- Installing: /home/guo/ITL_Auto_aim/install/autoaim_msgs/share/autoaim_msgs/msg/Debug.idl
[5.066s] -- Installing: /home/guo/ITL_Auto_aim/install/autoaim_msgs/share/autoaim_msgs/msg/Debug.msg
[5.066s] -- Installing: /home/guo/ITL_Auto_aim/install/autoaim_msgs/share/ament_index/resource_index/package_run_dependencies/autoaim_msgs
[5.066s] -- Installing: /home/guo/ITL_Auto_aim/install/autoaim_msgs/share/ament_index/resource_index/parent_prefix_path/autoaim_msgs
[5.066s] -- Installing: /home/guo/ITL_Auto_aim/install/autoaim_msgs/share/autoaim_msgs/environment/ament_prefix_path.sh
[5.066s] -- Installing: /home/guo/ITL_Auto_aim/install/autoaim_msgs/share/autoaim_msgs/environment/ament_prefix_path.dsv
[5.066s] -- Installing: /home/guo/ITL_Auto_aim/install/autoaim_msgs/share/autoaim_msgs/environment/path.sh
[5.066s] -- Installing: /home/guo/ITL_Auto_aim/install/autoaim_msgs/share/autoaim_msgs/environment/path.dsv
[5.066s] -- Installing: /home/guo/ITL_Auto_aim/install/autoaim_msgs/share/autoaim_msgs/local_setup.bash
[5.067s] -- Installing: /home/guo/ITL_Auto_aim/install/autoaim_msgs/share/autoaim_msgs/local_setup.sh
[5.067s] -- Installing: /home/guo/ITL_Auto_aim/install/autoaim_msgs/share/autoaim_msgs/local_setup.zsh
[5.067s] -- Installing: /home/guo/ITL_Auto_aim/install/autoaim_msgs/share/autoaim_msgs/local_setup.dsv
[5.067s] -- Installing: /home/guo/ITL_Auto_aim/install/autoaim_msgs/share/autoaim_msgs/package.dsv
[5.067s] -- Installing: /home/guo/ITL_Auto_aim/install/autoaim_msgs/share/ament_index/resource_index/packages/autoaim_msgs
[5.068s] -- Installing: /home/guo/ITL_Auto_aim/install/autoaim_msgs/share/autoaim_msgs/cmake/export_autoaim_msgs__rosidl_generator_cExport.cmake
[5.068s] -- Installing: /home/guo/ITL_Auto_aim/install/autoaim_msgs/share/autoaim_msgs/cmake/export_autoaim_msgs__rosidl_generator_cExport-noconfig.cmake
[5.068s] -- Installing: /home/guo/ITL_Auto_aim/install/autoaim_msgs/share/autoaim_msgs/cmake/export_autoaim_msgs__rosidl_typesupport_fastrtps_cExport.cmake
[5.068s] -- Installing: /home/guo/ITL_Auto_aim/install/autoaim_msgs/share/autoaim_msgs/cmake/export_autoaim_msgs__rosidl_typesupport_fastrtps_cExport-noconfig.cmake
[5.068s] -- Installing: /home/guo/ITL_Auto_aim/install/autoaim_msgs/share/autoaim_msgs/cmake/autoaim_msgs__rosidl_typesupport_introspection_cExport.cmake
[5.068s] -- Installing: /home/guo/ITL_Auto_aim/install/autoaim_msgs/share/autoaim_msgs/cmake/autoaim_msgs__rosidl_typesupport_introspection_cExport-noconfig.cmake
[5.068s] -- Installing: /home/guo/ITL_Auto_aim/install/autoaim_msgs/share/autoaim_msgs/cmake/autoaim_msgs__rosidl_typesupport_cExport.cmake
[5.068s] -- Installing: /home/guo/ITL_Auto_aim/install/autoaim_msgs/share/autoaim_msgs/cmake/autoaim_msgs__rosidl_typesupport_cExport-noconfig.cmake
[5.068s] -- Installing: /home/guo/ITL_Auto_aim/install/autoaim_msgs/share/autoaim_msgs/cmake/export_autoaim_msgs__rosidl_generator_cppExport.cmake
[5.069s] -- Installing: /home/guo/ITL_Auto_aim/install/autoaim_msgs/share/autoaim_msgs/cmake/export_autoaim_msgs__rosidl_typesupport_fastrtps_cppExport.cmake
[5.069s] -- Installing: /home/guo/ITL_Auto_aim/install/autoaim_msgs/share/autoaim_msgs/cmake/export_autoaim_msgs__rosidl_typesupport_fastrtps_cppExport-noconfig.cmake
[5.069s] -- Installing: /home/guo/ITL_Auto_aim/install/autoaim_msgs/share/autoaim_msgs/cmake/autoaim_msgs__rosidl_typesupport_introspection_cppExport.cmake
[5.069s] -- Installing: /home/guo/ITL_Auto_aim/install/autoaim_msgs/share/autoaim_msgs/cmake/autoaim_msgs__rosidl_typesupport_introspection_cppExport-noconfig.cmake
[5.069s] -- Installing: /home/guo/ITL_Auto_aim/install/autoaim_msgs/share/autoaim_msgs/cmake/autoaim_msgs__rosidl_typesupport_cppExport.cmake
[5.069s] -- Installing: /home/guo/ITL_Auto_aim/install/autoaim_msgs/share/autoaim_msgs/cmake/autoaim_msgs__rosidl_typesupport_cppExport-noconfig.cmake
[5.069s] -- Installing: /home/guo/ITL_Auto_aim/install/autoaim_msgs/share/autoaim_msgs/cmake/export_autoaim_msgs__rosidl_generator_pyExport.cmake
[5.069s] -- Installing: /home/guo/ITL_Auto_aim/install/autoaim_msgs/share/autoaim_msgs/cmake/export_autoaim_msgs__rosidl_generator_pyExport-noconfig.cmake
[5.069s] -- Installing: /home/guo/ITL_Auto_aim/install/autoaim_msgs/share/autoaim_msgs/cmake/rosidl_cmake-extras.cmake
[5.069s] -- Installing: /home/guo/ITL_Auto_aim/install/autoaim_msgs/share/autoaim_msgs/cmake/ament_cmake_export_dependencies-extras.cmake
[5.069s] -- Installing: /home/guo/ITL_Auto_aim/install/autoaim_msgs/share/autoaim_msgs/cmake/ament_cmake_export_include_directories-extras.cmake
[5.069s] -- Installing: /home/guo/ITL_Auto_aim/install/autoaim_msgs/share/autoaim_msgs/cmake/ament_cmake_export_libraries-extras.cmake
[5.069s] -- Installing: /home/guo/ITL_Auto_aim/install/autoaim_msgs/share/autoaim_msgs/cmake/ament_cmake_export_targets-extras.cmake
[5.070s] -- Installing: /home/guo/ITL_Auto_aim/install/autoaim_msgs/share/autoaim_msgs/cmake/rosidl_cmake_export_typesupport_targets-extras.cmake
[5.070s] -- Installing: /home/guo/ITL_Auto_aim/install/autoaim_msgs/share/autoaim_msgs/cmake/rosidl_cmake_export_typesupport_libraries-extras.cmake
[5.070s] -- Installing: /home/guo/ITL_Auto_aim/install/autoaim_msgs/share/autoaim_msgs/cmake/autoaim_msgsConfig.cmake
[5.070s] -- Installing: /home/guo/ITL_Auto_aim/install/autoaim_msgs/share/autoaim_msgs/cmake/autoaim_msgsConfig-version.cmake
[5.070s] -- Installing: /home/guo/ITL_Auto_aim/install/autoaim_msgs/share/autoaim_msgs/package.xml
[5.072s] Invoked command in '/home/guo/ITL_Auto_aim/build/autoaim_msgs' returned '0': CMAKE_PREFIX_PATH=/opt/ros/rolling /usr/local/bin/cmake --install /home/guo/ITL_Auto_aim/build/autoaim_msgs
