[0.020s] Invoking command in '/home/guo/ITL_sentry_auto_new/build/auto_buff': AMENT_PREFIX_PATH=/home/guo/ITL_sentry_auto_new/install/auto_aim:/home/guo/ITL_sentry_auto_new/install/deveice:/home/guo/ITL_sentry_auto_new/install/serial:/home/guo/ITL_sentry_auto_new/install/utils:/home/guo/ITL_sentry_auto_new/install/autoaim_msgs:${AMENT_PREFIX_PATH} CMAKE_PREFIX_PATH=/home/guo/ITL_sentry_auto_new/install/auto_aim:/home/guo/ITL_sentry_auto_new/install/deveice:/home/guo/ITL_sentry_auto_new/install/serial:/home/guo/ITL_sentry_auto_new/install/utils:/home/guo/ITL_sentry_auto_new/install/autoaim_msgs:/opt/ros/rolling LD_LIBRARY_PATH=/home/guo/ITL_sentry_auto_new/install/auto_aim/lib:/home/guo/ITL_sentry_auto_new/install/deveice/lib:/home/guo/ITL_sentry_auto_new/install/serial/lib:/home/guo/ITL_sentry_auto_new/install/utils/lib:/home/guo/ITL_sentry_auto_new/install/autoaim_msgs/lib:/opt/MVS/lib/64:/opt/MVS/lib/32:/usr/lib/x86_64-linux-gnu:/opt/MVS/lib/64:/opt/MVS/lib/32:/usr/local/TensorRT.10.7.0.23/lib:/usr/lib/x86_64-linux-gnu:/usr/local/cuda/lib64:/usr/lib/x86_64-linux-gnu:/opt/MVS/lib/64:/opt/MVS/lib/32:/usr/local/TensorRT.10.7.0.23/lib:/usr/lib/x86_64-linux-gnu:/usr/local/cuda/lib64:/usr/lib/x86_64-linux-gnu:/opt/MVS/lib/64:/opt/MVS/lib/32:/usr/local/TensorRT.10.7.0.23/lib:/usr/lib/x86_64-linux-gnu:/usr/local/cuda/lib64:/usr/lib/x86_64-linux-gnu:/opt/ros/rolling/opt/rviz_ogre_vendor/lib:/opt/ros/rolling/lib/x86_64-linux-gnu:/opt/ros/rolling/lib:/opt/MVS/lib/64:/opt/MVS/lib/32:/usr/local/TensorRT.10.7.0.23/lib:/usr/lib/x86_64-linux-gnu:/usr/local/cuda/lib64:/opt/MVS/lib/64:/opt/MVS/lib/32:/opt/MVS/lib/64:/opt/MVS/lib/32 PYTHONPATH=/home/guo/ITL_sentry_auto_new/install/autoaim_msgs/lib/python3.10/site-packages:${PYTHONPATH} /usr/local/bin/cmake --build /home/guo/ITL_sentry_auto_new/build/auto_buff -- -j24 -l24
[0.069s] [ 15%] Built target auto_buff_data_type
[0.091s] [ 30%] Built target auto_buff_solver
[0.094s] [ 53%] Built target auto_buff_detect
[0.123s] [ 69%] Built target auto_buff_tagret
[0.159s] [ 76%] Building CXX object CMakeFiles/auto_buff_aimer.dir/buff_aimer/src/buff_aimer.cpp.o
[1.894s] In file included from /home/guo/ITL_sentry_auto_new/install/auto_aim/include/planner.hpp:8,
[1.894s]                  from /home/guo/ITL_sentry_auto_new/src/core/auto_buff/buff_aimer/include/buff_aimer.hpp:12,
[1.894s]                  from /home/guo/ITL_sentry_auto_new/src/core/auto_buff/buff_aimer/src/buff_aimer.cpp:1:
[1.894s] /home/guo/ITL_sentry_auto_new/install/auto_aim/include/target.hpp:46:9: error: ‘motion_model’ does not name a type
[1.894s]    46 |   const motion_model::ExtendedKalmanFilter & ekf() const;
[1.894s]       |         ^~~~~~~~~~~~
[1.895s] /home/guo/ITL_sentry_auto_new/install/auto_aim/include/target.hpp:61:3: error: ‘motion_model’ does not name a type
[1.895s]    61 |   motion_model::ExtendedKalmanFilter ekf_;
[1.896s]       |   ^~~~~~~~~~~~
[2.487s] /home/guo/ITL_sentry_auto_new/src/core/auto_buff/buff_aimer/src/buff_aimer.cpp: In member function ‘io::Command auto_buff::Aimer::aim(auto_buff::Target&, std::chrono::_V2::steady_clock::time_point&, double, bool)’:
[2.487s] /home/guo/ITL_sentry_auto_new/src/core/auto_buff/buff_aimer/src/buff_aimer.cpp:36:8: warning: unused variable ‘angle_changed’ [-Wunused-variable]
[2.487s]    36 |   bool angle_changed =
[2.487s]       |        ^~~~~~~~~~~~~
[2.488s] /home/guo/ITL_sentry_auto_new/src/core/auto_buff/buff_aimer/src/buff_aimer.cpp: In member function ‘plan::Plan auto_buff::Aimer::mpc_aim(auto_buff::Target&, std::chrono::_V2::steady_clock::time_point&, io::GimbalState, bool)’:
[2.488s] /home/guo/ITL_sentry_auto_new/src/core/auto_buff/buff_aimer/src/buff_aimer.cpp:89:8: warning: unused variable ‘angle_changed’ [-Wunused-variable]
[2.488s]    89 |   bool angle_changed =
[2.488s]       |        ^~~~~~~~~~~~~
[2.489s] /home/guo/ITL_sentry_auto_new/src/core/auto_buff/buff_aimer/src/buff_aimer.cpp: In member function ‘bool auto_buff::Aimer::get_send_angle(auto_buff::Target&, double, double, bool, double&, double&)’:
[2.489s] /home/guo/ITL_sentry_auto_new/src/core/auto_buff/buff_aimer/src/buff_aimer.cpp:152:14: warning: unused parameter ‘to_now’ [-Wunused-parameter]
[2.489s]   152 |   const bool to_now, double & yaw, double & pitch)
[2.489s]       |   ~~~~~~~~~~~^~~~~~
[3.944s] gmake[2]: *** [CMakeFiles/auto_buff_aimer.dir/build.make:76：CMakeFiles/auto_buff_aimer.dir/buff_aimer/src/buff_aimer.cpp.o] 错误 1
[3.945s] gmake[1]: *** [CMakeFiles/Makefile2:254：CMakeFiles/auto_buff_aimer.dir/all] 错误 2
[3.945s] gmake: *** [Makefile:146：all] 错误 2
[3.946s] Invoked command in '/home/guo/ITL_sentry_auto_new/build/auto_buff' returned '2': AMENT_PREFIX_PATH=/home/guo/ITL_sentry_auto_new/install/auto_aim:/home/guo/ITL_sentry_auto_new/install/deveice:/home/guo/ITL_sentry_auto_new/install/serial:/home/guo/ITL_sentry_auto_new/install/utils:/home/guo/ITL_sentry_auto_new/install/autoaim_msgs:${AMENT_PREFIX_PATH} CMAKE_PREFIX_PATH=/home/guo/ITL_sentry_auto_new/install/auto_aim:/home/guo/ITL_sentry_auto_new/install/deveice:/home/guo/ITL_sentry_auto_new/install/serial:/home/guo/ITL_sentry_auto_new/install/utils:/home/guo/ITL_sentry_auto_new/install/autoaim_msgs:/opt/ros/rolling LD_LIBRARY_PATH=/home/guo/ITL_sentry_auto_new/install/auto_aim/lib:/home/guo/ITL_sentry_auto_new/install/deveice/lib:/home/guo/ITL_sentry_auto_new/install/serial/lib:/home/guo/ITL_sentry_auto_new/install/utils/lib:/home/guo/ITL_sentry_auto_new/install/autoaim_msgs/lib:/opt/MVS/lib/64:/opt/MVS/lib/32:/usr/lib/x86_64-linux-gnu:/opt/MVS/lib/64:/opt/MVS/lib/32:/usr/local/TensorRT.10.7.0.23/lib:/usr/lib/x86_64-linux-gnu:/usr/local/cuda/lib64:/usr/lib/x86_64-linux-gnu:/opt/MVS/lib/64:/opt/MVS/lib/32:/usr/local/TensorRT.10.7.0.23/lib:/usr/lib/x86_64-linux-gnu:/usr/local/cuda/lib64:/usr/lib/x86_64-linux-gnu:/opt/MVS/lib/64:/opt/MVS/lib/32:/usr/local/TensorRT.10.7.0.23/lib:/usr/lib/x86_64-linux-gnu:/usr/local/cuda/lib64:/usr/lib/x86_64-linux-gnu:/opt/ros/rolling/opt/rviz_ogre_vendor/lib:/opt/ros/rolling/lib/x86_64-linux-gnu:/opt/ros/rolling/lib:/opt/MVS/lib/64:/opt/MVS/lib/32:/usr/local/TensorRT.10.7.0.23/lib:/usr/lib/x86_64-linux-gnu:/usr/local/cuda/lib64:/opt/MVS/lib/64:/opt/MVS/lib/32:/opt/MVS/lib/64:/opt/MVS/lib/32 PYTHONPATH=/home/guo/ITL_sentry_auto_new/install/autoaim_msgs/lib/python3.10/site-packages:${PYTHONPATH} /usr/local/bin/cmake --build /home/guo/ITL_sentry_auto_new/build/auto_buff -- -j24 -l24
