-- The C compiler identification is GNU 11.4.0
-- The CXX compiler identification is GNU 11.4.0
-- Detecting C compiler ABI info
-- Detecting C compiler ABI info - done
-- Check for working C compiler: /usr/bin/cc - skipped
-- Detecting C compile features
-- Detecting C compile features - done
-- Detecting CXX compiler ABI info
-- Detecting CXX compiler ABI info - done
-- Check for working CXX compiler: /usr/bin/c++ - skipped
-- Detecting CXX compile features
-- Detecting CXX compile features - done
-- Found ament_cmake: 2.3.2 (/opt/ros/rolling/share/ament_cmake/cmake)
-- Found Python3: /usr/bin/python3.10 (found version "3.10.12") found components: Interpreter 
-- Found OpenCV: /usr (found version "4.5.4") 
-- Performing Test CMAKE_HAVE_LIBC_PTHREAD
-- Performing Test CMAKE_HAVE_LIBC_PTHREAD - Success
-- Found Threads: TRUE  
-- Found utils: 1.0.0 (/home/guo/ITL_sentry_auto_new/install/utils/share/utils/cmake)
-- Found rosidl_generator_c: 4.5.1 (/opt/ros/rolling/share/rosidl_generator_c/cmake)
-- Found rosidl_generator_cpp: 4.5.1 (/opt/ros/rolling/share/rosidl_generator_cpp/cmake)
-- Using all available rosidl_typesupport_c: rosidl_typesupport_fastrtps_c;rosidl_typesupport_introspection_c
-- Using all available rosidl_typesupport_cpp: rosidl_typesupport_fastrtps_cpp;rosidl_typesupport_introspection_cpp
-- Found rmw_implementation_cmake: 7.3.0 (/opt/ros/rolling/share/rmw_implementation_cmake/cmake)
-- Found rmw_fastrtps_cpp: 8.2.0 (/opt/ros/rolling/share/rmw_fastrtps_cpp/cmake)
-- Found OpenSSL: /usr/lib/x86_64-linux-gnu/libcrypto.so (found version "3.0.2")  
-- Found FastRTPS: /opt/ros/rolling/include  
-- Using RMW implementation 'rmw_fastrtps_cpp' as default
-- Found ament_lint_auto: 0.16.3 (/opt/ros/rolling/share/ament_lint_auto/cmake)
-- Configuring done (1.5s)
-- Generating done (0.0s)
-- Build files have been written to: /home/guo/ITL_sentry_auto_new/build/detected
[ 11%] [32mBuilding CXX object CMakeFiles/armor_data_lib.dir/src/common/armor.cpp.o[0m
[ 22%] [32m[1mLinking CXX shared library libarmor_data_lib.so[0m
[ 22%] Built target armor_data_lib
[ 33%] [32mBuilding CXX object CMakeFiles/armor_detector_lib.dir/src/detector/yolo11.cpp.o[0m
[ 44%] [32mBuilding CXX object CMakeFiles/armor_classifier_lib.dir/src/classifier/armor_classifier.cpp.o[0m
[ 55%] [32mBuilding CXX object CMakeFiles/armor_detector_lib.dir/src/detector/common_detector.cpp.o[0m
/home/guo/ITL_sentry_auto_new/src/core/detected/src/classifier/armor_classifier.cpp: In instantiation of ‘[01m[Kvoid armor_auto_aim::{anonymous}::log_warn(const char*, Args&& ...) [with Args = {}][m[K’:
[01m[K/home/guo/ITL_sentry_auto_new/src/core/detected/src/classifier/armor_classifier.cpp:153:17:[m[K   required from here
[01m[K/home/guo/ITL_sentry_auto_new/src/core/detected/src/classifier/armor_classifier.cpp:24:18:[m[K [01;35m[Kwarning: [m[Kformat not a string literal and no format arguments [[01;35m[K]8;;https://gcc.gnu.org/onlinedocs/gcc/Warning-Options.html#index-Wformat-security-Wformat-security]8;;[m[K]
   24 |     [01;35m[Kstd::snprintf(buffer, sizeof(buffer), fmt, std::forward<Args>(args)...)[m[K;
      |     [01;35m[K~~~~~~~~~~~~~^~~~~~~~~~~~~~~~~~~~~~~~~~~~~~~~~~~~~~~~~~~~~~~~~~~~~~~~~~[m[K
/home/guo/ITL_sentry_auto_new/src/core/detected/src/classifier/armor_classifier.cpp: In instantiation of ‘[01m[Kvoid armor_auto_aim::{anonymous}::log_error(const char*, Args&& ...) [with Args = {}][m[K’:
[01m[K/home/guo/ITL_sentry_auto_new/src/core/detected/src/classifier/armor_classifier.cpp:203:18:[m[K   required from here
[01m[K/home/guo/ITL_sentry_auto_new/src/core/detected/src/classifier/armor_classifier.cpp:31:18:[m[K [01;35m[Kwarning: [m[Kformat not a string literal and no format arguments [[01;35m[K]8;;https://gcc.gnu.org/onlinedocs/gcc/Warning-Options.html#index-Wformat-security-Wformat-security]8;;[m[K]
   31 |     [01;35m[Kstd::snprintf(buffer, sizeof(buffer), fmt, std::forward<Args>(args)...)[m[K;
      |     [01;35m[K~~~~~~~~~~~~~^~~~~~~~~~~~~~~~~~~~~~~~~~~~~~~~~~~~~~~~~~~~~~~~~~~~~~~~~~[m[K
[ 66%] [32m[1mLinking CXX shared library libarmor_classifier_lib.so[0m
[ 66%] Built target armor_classifier_lib
[ 77%] [32m[1mLinking CXX shared library libarmor_detector_lib.so[0m
[ 77%] Built target armor_detector_lib
[ 88%] [32mBuilding CXX object CMakeFiles/detected.dir/src/node/armor_detector_node.cpp.o[0m
[100%] [32m[1mLinking CXX shared library libdetected.so[0m
[100%] Built target detected
-- Install configuration: "Release"
-- Installing: /home/guo/ITL_sentry_auto_new/install/detected/lib/libarmor_data_lib.so
-- Installing: /home/guo/ITL_sentry_auto_new/install/detected/lib/libarmor_detector_lib.so
-- Set non-toolchain portion of runtime path of "/home/guo/ITL_sentry_auto_new/install/detected/lib/libarmor_detector_lib.so" to ""
-- Installing: /home/guo/ITL_sentry_auto_new/install/detected/lib/libarmor_classifier_lib.so
-- Set non-toolchain portion of runtime path of "/home/guo/ITL_sentry_auto_new/install/detected/lib/libarmor_classifier_lib.so" to ""
-- Installing: /home/guo/ITL_sentry_auto_new/install/detected/lib/libdetected.so
-- Set non-toolchain portion of runtime path of "/home/guo/ITL_sentry_auto_new/install/detected/lib/libdetected.so" to ""
-- Installing: /home/guo/ITL_sentry_auto_new/install/detected/include
-- Installing: /home/guo/ITL_sentry_auto_new/install/detected/include/common
-- Installing: /home/guo/ITL_sentry_auto_new/install/detected/include/common/armor.hpp
-- Installing: /home/guo/ITL_sentry_auto_new/install/detected/include/node
-- Installing: /home/guo/ITL_sentry_auto_new/install/detected/include/node/armor_detector_node.hpp
-- Installing: /home/guo/ITL_sentry_auto_new/install/detected/include/classifier
-- Installing: /home/guo/ITL_sentry_auto_new/install/detected/include/classifier/armor_classifier.hpp
-- Installing: /home/guo/ITL_sentry_auto_new/install/detected/include/detector
-- Installing: /home/guo/ITL_sentry_auto_new/install/detected/include/detector/common_detector.hpp
-- Installing: /home/guo/ITL_sentry_auto_new/install/detected/include/detector/yolo11.hpp
-- Installing: /home/guo/ITL_sentry_auto_new/install/detected/share/detected/environment/library_path.sh
-- Installing: /home/guo/ITL_sentry_auto_new/install/detected/share/detected/environment/library_path.dsv
-- Installing: /home/guo/ITL_sentry_auto_new/install/detected/share/ament_index/resource_index/package_run_dependencies/detected
-- Installing: /home/guo/ITL_sentry_auto_new/install/detected/share/ament_index/resource_index/parent_prefix_path/detected
-- Installing: /home/guo/ITL_sentry_auto_new/install/detected/share/detected/environment/ament_prefix_path.sh
-- Installing: /home/guo/ITL_sentry_auto_new/install/detected/share/detected/environment/ament_prefix_path.dsv
-- Installing: /home/guo/ITL_sentry_auto_new/install/detected/share/detected/environment/path.sh
-- Installing: /home/guo/ITL_sentry_auto_new/install/detected/share/detected/environment/path.dsv
-- Installing: /home/guo/ITL_sentry_auto_new/install/detected/share/detected/local_setup.bash
-- Installing: /home/guo/ITL_sentry_auto_new/install/detected/share/detected/local_setup.sh
-- Installing: /home/guo/ITL_sentry_auto_new/install/detected/share/detected/local_setup.zsh
-- Installing: /home/guo/ITL_sentry_auto_new/install/detected/share/detected/local_setup.dsv
-- Installing: /home/guo/ITL_sentry_auto_new/install/detected/share/detected/package.dsv
-- Installing: /home/guo/ITL_sentry_auto_new/install/detected/share/ament_index/resource_index/packages/detected
-- Installing: /home/guo/ITL_sentry_auto_new/install/detected/share/detected/cmake/ament_cmake_export_dependencies-extras.cmake
-- Installing: /home/guo/ITL_sentry_auto_new/install/detected/share/detected/cmake/ament_cmake_export_libraries-extras.cmake
-- Installing: /home/guo/ITL_sentry_auto_new/install/detected/share/detected/cmake/ament_cmake_export_include_directories-extras.cmake
-- Installing: /home/guo/ITL_sentry_auto_new/install/detected/share/detected/cmake/detectedConfig.cmake
-- Installing: /home/guo/ITL_sentry_auto_new/install/detected/share/detected/cmake/detectedConfig-version.cmake
-- Installing: /home/guo/ITL_sentry_auto_new/install/detected/share/detected/package.xml
