[0.009s] Invoking command in '/home/guo/ITL_sentry_auto_new/build/detected': AMENT_PREFIX_PATH=/home/guo/ITL_sentry_auto_new/install/utils:${AMENT_PREFIX_PATH} CMAKE_PREFIX_PATH=/home/guo/ITL_sentry_auto_new/install/utils:/opt/ros/rolling LD_LIBRARY_PATH=/home/guo/ITL_sentry_auto_new/install/utils/lib:${LD_LIBRARY_PATH} /usr/local/bin/cmake /home/guo/ITL_sentry_auto_new/src/core/detected -DCMAKE_INSTALL_PREFIX=/home/guo/ITL_sentry_auto_new/install/detected
[0.055s] -- The C compiler identification is GNU 11.4.0
[0.099s] -- The CXX compiler identification is GNU 11.4.0
[0.113s] -- Detecting C compiler ABI info
[0.164s] -- Detecting C compiler ABI info - done
[0.174s] -- Check for working C compiler: /usr/bin/cc - skipped
[0.174s] -- Detecting C compile features
[0.174s] -- Detecting C compile features - done
[0.182s] -- Detecting CXX compiler ABI info
[0.248s] -- Detecting CXX compiler ABI info - done
[0.260s] -- Check for working CXX compiler: /usr/bin/c++ - skipped
[0.260s] -- Detecting CXX compile features
[0.261s] -- Detecting CXX compile features - done
[0.262s] -- Found ament_cmake: 2.3.2 (/opt/ros/rolling/share/ament_cmake/cmake)
[0.654s] -- Found Python3: /usr/bin/python3.10 (found version "3.10.12") found components: Interpreter 
[0.736s] -- Found OpenCV: /usr (found version "4.5.4") 
[0.741s] -- Performing Test CMAKE_HAVE_LIBC_PTHREAD
[0.796s] -- Performing Test CMAKE_HAVE_LIBC_PTHREAD - Success
[0.797s] -- Found Threads: TRUE  
[0.798s] -- Found utils: 1.0.0 (/home/guo/ITL_sentry_auto_new/install/utils/share/utils/cmake)
[0.831s] -- Found rosidl_generator_c: 4.5.1 (/opt/ros/rolling/share/rosidl_generator_c/cmake)
[0.842s] -- Found rosidl_generator_cpp: 4.5.1 (/opt/ros/rolling/share/rosidl_generator_cpp/cmake)
[0.855s] -- Using all available rosidl_typesupport_c: rosidl_typesupport_fastrtps_c;rosidl_typesupport_introspection_c
[0.872s] -- Using all available rosidl_typesupport_cpp: rosidl_typesupport_fastrtps_cpp;rosidl_typesupport_introspection_cpp
[1.017s] -- Found rmw_implementation_cmake: 7.3.0 (/opt/ros/rolling/share/rmw_implementation_cmake/cmake)
[1.018s] -- Found rmw_fastrtps_cpp: 8.2.0 (/opt/ros/rolling/share/rmw_fastrtps_cpp/cmake)
[1.099s] -- Found OpenSSL: /usr/lib/x86_64-linux-gnu/libcrypto.so (found version "3.0.2")  
[1.138s] -- Found FastRTPS: /opt/ros/rolling/include  
[1.183s] -- Using RMW implementation 'rmw_fastrtps_cpp' as default
[1.426s] -- Found ament_lint_auto: 0.16.3 (/opt/ros/rolling/share/ament_lint_auto/cmake)
[1.485s] -- Configuring done (1.5s)
[1.510s] -- Generating done (0.0s)
[1.517s] -- Build files have been written to: /home/guo/ITL_sentry_auto_new/build/detected
[1.525s] Invoked command in '/home/guo/ITL_sentry_auto_new/build/detected' returned '0': AMENT_PREFIX_PATH=/home/guo/ITL_sentry_auto_new/install/utils:${AMENT_PREFIX_PATH} CMAKE_PREFIX_PATH=/home/guo/ITL_sentry_auto_new/install/utils:/opt/ros/rolling LD_LIBRARY_PATH=/home/guo/ITL_sentry_auto_new/install/utils/lib:${LD_LIBRARY_PATH} /usr/local/bin/cmake /home/guo/ITL_sentry_auto_new/src/core/detected -DCMAKE_INSTALL_PREFIX=/home/guo/ITL_sentry_auto_new/install/detected
[1.527s] Invoking command in '/home/guo/ITL_sentry_auto_new/build/detected': AMENT_PREFIX_PATH=/home/guo/ITL_sentry_auto_new/install/utils:${AMENT_PREFIX_PATH} CMAKE_PREFIX_PATH=/home/guo/ITL_sentry_auto_new/install/utils:/opt/ros/rolling LD_LIBRARY_PATH=/home/guo/ITL_sentry_auto_new/install/utils/lib:${LD_LIBRARY_PATH} /usr/local/bin/cmake --build /home/guo/ITL_sentry_auto_new/build/detected -- -j24 -l24
[1.545s] [ 11%] [32mBuilding CXX object CMakeFiles/armor_data_lib.dir/src/common/armor.cpp.o[0m
[3.016s] [ 22%] [32m[1mLinking CXX shared library libarmor_data_lib.so[0m
[3.119s] [ 22%] Built target armor_data_lib
[3.128s] [ 33%] [32mBuilding CXX object CMakeFiles/armor_detector_lib.dir/src/detector/yolo11.cpp.o[0m
[3.128s] [ 44%] [32mBuilding CXX object CMakeFiles/armor_classifier_lib.dir/src/classifier/armor_classifier.cpp.o[0m
[3.128s] [ 55%] [32mBuilding CXX object CMakeFiles/armor_detector_lib.dir/src/detector/common_detector.cpp.o[0m
[5.074s] /home/guo/ITL_sentry_auto_new/src/core/detected/src/classifier/armor_classifier.cpp: In instantiation of ‘[01m[Kvoid armor_auto_aim::{anonymous}::log_warn(const char*, Args&& ...) [with Args = {}][m[K’:
[5.074s] [01m[K/home/guo/ITL_sentry_auto_new/src/core/detected/src/classifier/armor_classifier.cpp:153:17:[m[K   required from here
[5.074s] [01m[K/home/guo/ITL_sentry_auto_new/src/core/detected/src/classifier/armor_classifier.cpp:24:18:[m[K [01;35m[Kwarning: [m[Kformat not a string literal and no format arguments [[01;35m[K]8;;https://gcc.gnu.org/onlinedocs/gcc/Warning-Options.html#index-Wformat-security-Wformat-security]8;;[m[K]
[5.074s]    24 |     [01;35m[Kstd::snprintf(buffer, sizeof(buffer), fmt, std::forward<Args>(args)...)[m[K;
[5.074s]       |     [01;35m[K~~~~~~~~~~~~~^~~~~~~~~~~~~~~~~~~~~~~~~~~~~~~~~~~~~~~~~~~~~~~~~~~~~~~~~~[m[K
[5.074s] /home/guo/ITL_sentry_auto_new/src/core/detected/src/classifier/armor_classifier.cpp: In instantiation of ‘[01m[Kvoid armor_auto_aim::{anonymous}::log_error(const char*, Args&& ...) [with Args = {}][m[K’:
[5.074s] [01m[K/home/guo/ITL_sentry_auto_new/src/core/detected/src/classifier/armor_classifier.cpp:203:18:[m[K   required from here
[5.075s] [01m[K/home/guo/ITL_sentry_auto_new/src/core/detected/src/classifier/armor_classifier.cpp:31:18:[m[K [01;35m[Kwarning: [m[Kformat not a string literal and no format arguments [[01;35m[K]8;;https://gcc.gnu.org/onlinedocs/gcc/Warning-Options.html#index-Wformat-security-Wformat-security]8;;[m[K]
[5.075s]    31 |     [01;35m[Kstd::snprintf(buffer, sizeof(buffer), fmt, std::forward<Args>(args)...)[m[K;
[5.075s]       |     [01;35m[K~~~~~~~~~~~~~^~~~~~~~~~~~~~~~~~~~~~~~~~~~~~~~~~~~~~~~~~~~~~~~~~~~~~~~~~[m[K
[7.100s] [ 66%] [32m[1mLinking CXX shared library libarmor_classifier_lib.so[0m
[7.330s] [ 66%] Built target armor_classifier_lib
[8.128s] [ 77%] [32m[1mLinking CXX shared library libarmor_detector_lib.so[0m
[8.341s] [ 77%] Built target armor_detector_lib
[8.350s] [ 88%] [32mBuilding CXX object CMakeFiles/detected.dir/src/node/armor_detector_node.cpp.o[0m
[15.221s] [100%] [32m[1mLinking CXX shared library libdetected.so[0m
[15.324s] [100%] Built target detected
[15.329s] Invoked command in '/home/guo/ITL_sentry_auto_new/build/detected' returned '0': AMENT_PREFIX_PATH=/home/guo/ITL_sentry_auto_new/install/utils:${AMENT_PREFIX_PATH} CMAKE_PREFIX_PATH=/home/guo/ITL_sentry_auto_new/install/utils:/opt/ros/rolling LD_LIBRARY_PATH=/home/guo/ITL_sentry_auto_new/install/utils/lib:${LD_LIBRARY_PATH} /usr/local/bin/cmake --build /home/guo/ITL_sentry_auto_new/build/detected -- -j24 -l24
[15.330s] Invoking command in '/home/guo/ITL_sentry_auto_new/build/detected': AMENT_PREFIX_PATH=/home/guo/ITL_sentry_auto_new/install/utils:${AMENT_PREFIX_PATH} CMAKE_PREFIX_PATH=/home/guo/ITL_sentry_auto_new/install/utils:/opt/ros/rolling LD_LIBRARY_PATH=/home/guo/ITL_sentry_auto_new/install/utils/lib:${LD_LIBRARY_PATH} /usr/local/bin/cmake --install /home/guo/ITL_sentry_auto_new/build/detected
[15.332s] -- Install configuration: "Release"
[15.332s] -- Installing: /home/guo/ITL_sentry_auto_new/install/detected/lib/libarmor_data_lib.so
[15.333s] -- Installing: /home/guo/ITL_sentry_auto_new/install/detected/lib/libarmor_detector_lib.so
[15.333s] -- Set non-toolchain portion of runtime path of "/home/guo/ITL_sentry_auto_new/install/detected/lib/libarmor_detector_lib.so" to ""
[15.333s] -- Installing: /home/guo/ITL_sentry_auto_new/install/detected/lib/libarmor_classifier_lib.so
[15.333s] -- Set non-toolchain portion of runtime path of "/home/guo/ITL_sentry_auto_new/install/detected/lib/libarmor_classifier_lib.so" to ""
[15.333s] -- Installing: /home/guo/ITL_sentry_auto_new/install/detected/lib/libdetected.so
[15.334s] -- Set non-toolchain portion of runtime path of "/home/guo/ITL_sentry_auto_new/install/detected/lib/libdetected.so" to ""
[15.334s] -- Installing: /home/guo/ITL_sentry_auto_new/install/detected/include
[15.334s] -- Installing: /home/guo/ITL_sentry_auto_new/install/detected/include/common
[15.334s] -- Installing: /home/guo/ITL_sentry_auto_new/install/detected/include/common/armor.hpp
[15.334s] -- Installing: /home/guo/ITL_sentry_auto_new/install/detected/include/node
[15.334s] -- Installing: /home/guo/ITL_sentry_auto_new/install/detected/include/node/armor_detector_node.hpp
[15.334s] -- Installing: /home/guo/ITL_sentry_auto_new/install/detected/include/classifier
[15.334s] -- Installing: /home/guo/ITL_sentry_auto_new/install/detected/include/classifier/armor_classifier.hpp
[15.334s] -- Installing: /home/guo/ITL_sentry_auto_new/install/detected/include/detector
[15.334s] -- Installing: /home/guo/ITL_sentry_auto_new/install/detected/include/detector/common_detector.hpp
[15.334s] -- Installing: /home/guo/ITL_sentry_auto_new/install/detected/include/detector/yolo11.hpp
[15.334s] -- Installing: /home/guo/ITL_sentry_auto_new/install/detected/share/detected/environment/library_path.sh
[15.334s] -- Installing: /home/guo/ITL_sentry_auto_new/install/detected/share/detected/environment/library_path.dsv
[15.334s] -- Installing: /home/guo/ITL_sentry_auto_new/install/detected/share/ament_index/resource_index/package_run_dependencies/detected
[15.334s] -- Installing: /home/guo/ITL_sentry_auto_new/install/detected/share/ament_index/resource_index/parent_prefix_path/detected
[15.334s] -- Installing: /home/guo/ITL_sentry_auto_new/install/detected/share/detected/environment/ament_prefix_path.sh
[15.335s] -- Installing: /home/guo/ITL_sentry_auto_new/install/detected/share/detected/environment/ament_prefix_path.dsv
[15.335s] -- Installing: /home/guo/ITL_sentry_auto_new/install/detected/share/detected/environment/path.sh
[15.335s] -- Installing: /home/guo/ITL_sentry_auto_new/install/detected/share/detected/environment/path.dsv
[15.335s] -- Installing: /home/guo/ITL_sentry_auto_new/install/detected/share/detected/local_setup.bash
[15.335s] -- Installing: /home/guo/ITL_sentry_auto_new/install/detected/share/detected/local_setup.sh
[15.335s] -- Installing: /home/guo/ITL_sentry_auto_new/install/detected/share/detected/local_setup.zsh
[15.335s] -- Installing: /home/guo/ITL_sentry_auto_new/install/detected/share/detected/local_setup.dsv
[15.335s] -- Installing: /home/guo/ITL_sentry_auto_new/install/detected/share/detected/package.dsv
[15.335s] -- Installing: /home/guo/ITL_sentry_auto_new/install/detected/share/ament_index/resource_index/packages/detected
[15.335s] -- Installing: /home/guo/ITL_sentry_auto_new/install/detected/share/detected/cmake/ament_cmake_export_dependencies-extras.cmake
[15.335s] -- Installing: /home/guo/ITL_sentry_auto_new/install/detected/share/detected/cmake/ament_cmake_export_libraries-extras.cmake
[15.336s] -- Installing: /home/guo/ITL_sentry_auto_new/install/detected/share/detected/cmake/ament_cmake_export_include_directories-extras.cmake
[15.336s] -- Installing: /home/guo/ITL_sentry_auto_new/install/detected/share/detected/cmake/detectedConfig.cmake
[15.336s] -- Installing: /home/guo/ITL_sentry_auto_new/install/detected/share/detected/cmake/detectedConfig-version.cmake
[15.336s] -- Installing: /home/guo/ITL_sentry_auto_new/install/detected/share/detected/package.xml
[15.337s] Invoked command in '/home/guo/ITL_sentry_auto_new/build/detected' returned '0': AMENT_PREFIX_PATH=/home/guo/ITL_sentry_auto_new/install/utils:${AMENT_PREFIX_PATH} CMAKE_PREFIX_PATH=/home/guo/ITL_sentry_auto_new/install/utils:/opt/ros/rolling LD_LIBRARY_PATH=/home/guo/ITL_sentry_auto_new/install/utils/lib:${LD_LIBRARY_PATH} /usr/local/bin/cmake --install /home/guo/ITL_sentry_auto_new/build/detected
