[0.017s] Invoking command in '/home/guo/ITL_sentry_auto_new/build/deveice': AMENT_PREFIX_PATH=/home/guo/ITL_sentry_auto_new/install/serial:/home/guo/ITL_sentry_auto_new/install/utils:/home/guo/ITL_sentry_auto_new/install/autoaim_msgs:${AMENT_PREFIX_PATH} CMAKE_PREFIX_PATH=/home/guo/ITL_sentry_auto_new/install/serial:/home/guo/ITL_sentry_auto_new/install/utils:/home/guo/ITL_sentry_auto_new/install/autoaim_msgs:/opt/ros/rolling LD_LIBRARY_PATH=/home/guo/ITL_sentry_auto_new/install/serial/lib:/home/guo/ITL_sentry_auto_new/install/utils/lib:/home/guo/ITL_sentry_auto_new/install/autoaim_msgs/lib:/usr/lib/x86_64-linux-gnu:/opt/ros/rolling/opt/rviz_ogre_vendor/lib:/opt/ros/rolling/lib/x86_64-linux-gnu:/opt/ros/rolling/lib:/opt/MVS/lib/64:/opt/MVS/lib/32:/usr/local/TensorRT.10.7.0.23/lib:/usr/lib/x86_64-linux-gnu:/usr/local/cuda/lib64:/opt/MVS/lib/64:/opt/MVS/lib/32:/opt/MVS/lib/64:/opt/MVS/lib/32 PYTHONPATH=/home/guo/ITL_sentry_auto_new/install/autoaim_msgs/lib/python3.10/site-packages:${PYTHONPATH} /usr/local/bin/cmake --build /home/guo/ITL_sentry_auto_new/build/deveice -- -j24 -l24
[0.061s] [ 20%] Built target deveice_gimbal
[0.061s] [ 40%] Built target deveice_cboard
[0.062s] [ 60%] Built target deveice_imu
[0.064s] [ 80%] Built target deveice_camera
[0.073s] [100%] Built target deveice
[0.077s] Invoked command in '/home/guo/ITL_sentry_auto_new/build/deveice' returned '0': AMENT_PREFIX_PATH=/home/guo/ITL_sentry_auto_new/install/serial:/home/guo/ITL_sentry_auto_new/install/utils:/home/guo/ITL_sentry_auto_new/install/autoaim_msgs:${AMENT_PREFIX_PATH} CMAKE_PREFIX_PATH=/home/guo/ITL_sentry_auto_new/install/serial:/home/guo/ITL_sentry_auto_new/install/utils:/home/guo/ITL_sentry_auto_new/install/autoaim_msgs:/opt/ros/rolling LD_LIBRARY_PATH=/home/guo/ITL_sentry_auto_new/install/serial/lib:/home/guo/ITL_sentry_auto_new/install/utils/lib:/home/guo/ITL_sentry_auto_new/install/autoaim_msgs/lib:/usr/lib/x86_64-linux-gnu:/opt/ros/rolling/opt/rviz_ogre_vendor/lib:/opt/ros/rolling/lib/x86_64-linux-gnu:/opt/ros/rolling/lib:/opt/MVS/lib/64:/opt/MVS/lib/32:/usr/local/TensorRT.10.7.0.23/lib:/usr/lib/x86_64-linux-gnu:/usr/local/cuda/lib64:/opt/MVS/lib/64:/opt/MVS/lib/32:/opt/MVS/lib/64:/opt/MVS/lib/32 PYTHONPATH=/home/guo/ITL_sentry_auto_new/install/autoaim_msgs/lib/python3.10/site-packages:${PYTHONPATH} /usr/local/bin/cmake --build /home/guo/ITL_sentry_auto_new/build/deveice -- -j24 -l24
[0.078s] Invoking command in '/home/guo/ITL_sentry_auto_new/build/deveice': AMENT_PREFIX_PATH=/home/guo/ITL_sentry_auto_new/install/serial:/home/guo/ITL_sentry_auto_new/install/utils:/home/guo/ITL_sentry_auto_new/install/autoaim_msgs:${AMENT_PREFIX_PATH} CMAKE_PREFIX_PATH=/home/guo/ITL_sentry_auto_new/install/serial:/home/guo/ITL_sentry_auto_new/install/utils:/home/guo/ITL_sentry_auto_new/install/autoaim_msgs:/opt/ros/rolling LD_LIBRARY_PATH=/home/guo/ITL_sentry_auto_new/install/serial/lib:/home/guo/ITL_sentry_auto_new/install/utils/lib:/home/guo/ITL_sentry_auto_new/install/autoaim_msgs/lib:/usr/lib/x86_64-linux-gnu:/opt/ros/rolling/opt/rviz_ogre_vendor/lib:/opt/ros/rolling/lib/x86_64-linux-gnu:/opt/ros/rolling/lib:/opt/MVS/lib/64:/opt/MVS/lib/32:/usr/local/TensorRT.10.7.0.23/lib:/usr/lib/x86_64-linux-gnu:/usr/local/cuda/lib64:/opt/MVS/lib/64:/opt/MVS/lib/32:/opt/MVS/lib/64:/opt/MVS/lib/32 PYTHONPATH=/home/guo/ITL_sentry_auto_new/install/autoaim_msgs/lib/python3.10/site-packages:${PYTHONPATH} /usr/local/bin/cmake --install /home/guo/ITL_sentry_auto_new/build/deveice
[0.079s] -- Install configuration: ""
[0.080s] -- Up-to-date: /home/guo/ITL_sentry_auto_new/install/deveice/lib/libdeveice.so
[0.080s] -- Up-to-date: /home/guo/ITL_sentry_auto_new/install/deveice/lib/libdeveice_camera.a
[0.080s] -- Up-to-date: /home/guo/ITL_sentry_auto_new/install/deveice/lib/libdeveice_cboard.a
[0.080s] -- Up-to-date: /home/guo/ITL_sentry_auto_new/install/deveice/lib/libdeveice_gimbal.a
[0.080s] -- Up-to-date: /home/guo/ITL_sentry_auto_new/install/deveice/lib/libdeveice_imu.a
[0.080s] -- Up-to-date: /home/guo/ITL_sentry_auto_new/install/deveice/include
[0.080s] -- Up-to-date: /home/guo/ITL_sentry_auto_new/install/deveice/include/hikcamera.hpp
[0.080s] -- Up-to-date: /home/guo/ITL_sentry_auto_new/install/deveice/include
[0.080s] -- Up-to-date: /home/guo/ITL_sentry_auto_new/install/deveice/include/command.hpp
[0.080s] -- Up-to-date: /home/guo/ITL_sentry_auto_new/install/deveice/include/cboard.hpp
[0.080s] -- Up-to-date: /home/guo/ITL_sentry_auto_new/install/deveice/include/socketcan.hpp
[0.080s] -- Up-to-date: /home/guo/ITL_sentry_auto_new/install/deveice/include
[0.080s] -- Up-to-date: /home/guo/ITL_sentry_auto_new/install/deveice/include/gimbal.hpp
[0.080s] -- Up-to-date: /home/guo/ITL_sentry_auto_new/install/deveice/include
[0.080s] -- Up-to-date: /home/guo/ITL_sentry_auto_new/install/deveice/include/imu_driver.h
[0.080s] -- Up-to-date: /home/guo/ITL_sentry_auto_new/install/deveice/share/deveice/imu/config
[0.080s] -- Up-to-date: /home/guo/ITL_sentry_auto_new/install/deveice/share/deveice/imu/config/imu_params.yaml
[0.081s] -- Up-to-date: /home/guo/ITL_sentry_auto_new/install/deveice/share/deveice/cmake/deveiceTargets.cmake
[0.081s] -- Up-to-date: /home/guo/ITL_sentry_auto_new/install/deveice/share/deveice/cmake/deveiceTargets-noconfig.cmake
[0.081s] -- Up-to-date: /home/guo/ITL_sentry_auto_new/install/deveice/share/deveice/environment/library_path.sh
[0.081s] -- Up-to-date: /home/guo/ITL_sentry_auto_new/install/deveice/share/deveice/environment/library_path.dsv
[0.081s] -- Up-to-date: /home/guo/ITL_sentry_auto_new/install/deveice/share/deveice/package.xml
[0.081s] -- Up-to-date: /home/guo/ITL_sentry_auto_new/install/deveice/share/ament_index/resource_index/package_run_dependencies/deveice
[0.081s] -- Up-to-date: /home/guo/ITL_sentry_auto_new/install/deveice/share/ament_index/resource_index/parent_prefix_path/deveice
[0.081s] -- Up-to-date: /home/guo/ITL_sentry_auto_new/install/deveice/share/deveice/environment/ament_prefix_path.sh
[0.081s] -- Up-to-date: /home/guo/ITL_sentry_auto_new/install/deveice/share/deveice/environment/ament_prefix_path.dsv
[0.081s] -- Up-to-date: /home/guo/ITL_sentry_auto_new/install/deveice/share/deveice/environment/path.sh
[0.081s] -- Up-to-date: /home/guo/ITL_sentry_auto_new/install/deveice/share/deveice/environment/path.dsv
[0.081s] -- Up-to-date: /home/guo/ITL_sentry_auto_new/install/deveice/share/deveice/local_setup.bash
[0.081s] -- Up-to-date: /home/guo/ITL_sentry_auto_new/install/deveice/share/deveice/local_setup.sh
[0.081s] -- Up-to-date: /home/guo/ITL_sentry_auto_new/install/deveice/share/deveice/local_setup.zsh
[0.081s] -- Up-to-date: /home/guo/ITL_sentry_auto_new/install/deveice/share/deveice/local_setup.dsv
[0.081s] -- Installing: /home/guo/ITL_sentry_auto_new/install/deveice/share/deveice/package.dsv
[0.081s] -- Up-to-date: /home/guo/ITL_sentry_auto_new/install/deveice/share/ament_index/resource_index/packages/deveice
[0.081s] -- Up-to-date: /home/guo/ITL_sentry_auto_new/install/deveice/share/deveice/cmake/deveiceTargetsExport.cmake
[0.082s] -- Up-to-date: /home/guo/ITL_sentry_auto_new/install/deveice/share/deveice/cmake/deveiceTargetsExport-noconfig.cmake
[0.082s] -- Up-to-date: /home/guo/ITL_sentry_auto_new/install/deveice/share/deveice/cmake/ament_cmake_export_include_directories-extras.cmake
[0.082s] -- Up-to-date: /home/guo/ITL_sentry_auto_new/install/deveice/share/deveice/cmake/ament_cmake_export_targets-extras.cmake
[0.082s] -- Up-to-date: /home/guo/ITL_sentry_auto_new/install/deveice/share/deveice/cmake/ament_cmake_export_dependencies-extras.cmake
[0.082s] -- Up-to-date: /home/guo/ITL_sentry_auto_new/install/deveice/share/deveice/cmake/deveiceConfig.cmake
[0.082s] -- Up-to-date: /home/guo/ITL_sentry_auto_new/install/deveice/share/deveice/cmake/deveiceConfig-version.cmake
[0.082s] -- Up-to-date: /home/guo/ITL_sentry_auto_new/install/deveice/share/deveice/package.xml
[0.084s] Invoked command in '/home/guo/ITL_sentry_auto_new/build/deveice' returned '0': AMENT_PREFIX_PATH=/home/guo/ITL_sentry_auto_new/install/serial:/home/guo/ITL_sentry_auto_new/install/utils:/home/guo/ITL_sentry_auto_new/install/autoaim_msgs:${AMENT_PREFIX_PATH} CMAKE_PREFIX_PATH=/home/guo/ITL_sentry_auto_new/install/serial:/home/guo/ITL_sentry_auto_new/install/utils:/home/guo/ITL_sentry_auto_new/install/autoaim_msgs:/opt/ros/rolling LD_LIBRARY_PATH=/home/guo/ITL_sentry_auto_new/install/serial/lib:/home/guo/ITL_sentry_auto_new/install/utils/lib:/home/guo/ITL_sentry_auto_new/install/autoaim_msgs/lib:/usr/lib/x86_64-linux-gnu:/opt/ros/rolling/opt/rviz_ogre_vendor/lib:/opt/ros/rolling/lib/x86_64-linux-gnu:/opt/ros/rolling/lib:/opt/MVS/lib/64:/opt/MVS/lib/32:/usr/local/TensorRT.10.7.0.23/lib:/usr/lib/x86_64-linux-gnu:/usr/local/cuda/lib64:/opt/MVS/lib/64:/opt/MVS/lib/32:/opt/MVS/lib/64:/opt/MVS/lib/32 PYTHONPATH=/home/guo/ITL_sentry_auto_new/install/autoaim_msgs/lib/python3.10/site-packages:${PYTHONPATH} /usr/local/bin/cmake --install /home/guo/ITL_sentry_auto_new/build/deveice
