[0.028s] Invoking command in '/home/guo/ITL_sentry_auto_new/build/planner': CMAKE_PREFIX_PATH=/home/guo/ITL_sentry_auto_new/install/predictor:/home/guo/ITL_sentry_auto_new/install/solver:/home/guo/ITL_sentry_auto_new/install/motion_model:/home/guo/ITL_sentry_auto_new/install/detected:/home/guo/ITL_sentry_auto_new/install/utils:/home/guo/ITL_sentry_auto_new/install/filter_lib:/home/guo/ITL_sentry_auto_new/install/autoaim_msgs:/home/guo/ITL_sentry_auto_new/install/pipeline:/home/guo/ITL_sentry_auto_new/install/tracker:/home/guo/ITL_sentry_auto_new/install/planner:/home/guo/ITL_sentry_auto_new/install/aimer:/home/guo/ITL_sentry_auto_new/install/hikvision:/home/guo/ITL_sentry_auto_new/install/gimbal:/home/guo/ITL_sentry_auto_new/install/dm_imu:/home/guo/ITL_sentry_auto_new/install/cboard:/home/guo/ITL_sentry_auto_new/install/serial:/home/guo/ITL_sentry_auto_new/install/armor_pointer:/opt/ros/rolling LD_LIBRARY_PATH=/home/guo/ITL_sentry_auto_new/install/predictor/lib:/home/guo/ITL_sentry_auto_new/install/solver/lib:/home/guo/ITL_sentry_auto_new/install/motion_model/lib:/home/guo/ITL_sentry_auto_new/install/detected/lib:/home/guo/ITL_sentry_auto_new/install/autoaim_msgs/lib:/home/guo/ITL_sentry_auto_new/install/tracker/lib:/home/guo/ITL_sentry_auto_new/install/planner/lib:/home/guo/ITL_sentry_auto_new/install/aimer/lib:/home/guo/ITL_sentry_auto_new/install/hikvision/lib:/home/guo/ITL_sentry_auto_new/install/gimbal/lib:/home/guo/ITL_sentry_auto_new/install/dm_imu/lib:/home/guo/ITL_sentry_auto_new/install/cboard/lib:/home/guo/ITL_sentry_auto_new/install/utils/lib:/home/guo/ITL_sentry_auto_new/install/serial/lib:/home/guo/ITL_sentry_auto_new/install/filter_lib/lib:/home/guo/ITL_sentry_auto_new/install/armor_pointer/lib:/usr/lib/x86_64-linux-gnu:/opt/ros/rolling/opt/rviz_ogre_vendor/lib:/opt/ros/rolling/lib/x86_64-linux-gnu:/opt/ros/rolling/lib:/opt/MVS/lib/64:/opt/MVS/lib/32:/usr/local/TensorRT.10.7.0.23/lib:/usr/lib/x86_64-linux-gnu:/usr/local/cuda/lib64:/opt/MVS/lib/64:/opt/MVS/lib/32:/opt/MVS/lib/64:/opt/MVS/lib/32 /usr/local/bin/cmake --build /home/guo/ITL_sentry_auto_new/build/planner -- -j24 -l24
[0.070s] [100%] Built target planner
[0.095s] Invoked command in '/home/guo/ITL_sentry_auto_new/build/planner' returned '0': CMAKE_PREFIX_PATH=/home/guo/ITL_sentry_auto_new/install/predictor:/home/guo/ITL_sentry_auto_new/install/solver:/home/guo/ITL_sentry_auto_new/install/motion_model:/home/guo/ITL_sentry_auto_new/install/detected:/home/guo/ITL_sentry_auto_new/install/utils:/home/guo/ITL_sentry_auto_new/install/filter_lib:/home/guo/ITL_sentry_auto_new/install/autoaim_msgs:/home/guo/ITL_sentry_auto_new/install/pipeline:/home/guo/ITL_sentry_auto_new/install/tracker:/home/guo/ITL_sentry_auto_new/install/planner:/home/guo/ITL_sentry_auto_new/install/aimer:/home/guo/ITL_sentry_auto_new/install/hikvision:/home/guo/ITL_sentry_auto_new/install/gimbal:/home/guo/ITL_sentry_auto_new/install/dm_imu:/home/guo/ITL_sentry_auto_new/install/cboard:/home/guo/ITL_sentry_auto_new/install/serial:/home/guo/ITL_sentry_auto_new/install/armor_pointer:/opt/ros/rolling LD_LIBRARY_PATH=/home/guo/ITL_sentry_auto_new/install/predictor/lib:/home/guo/ITL_sentry_auto_new/install/solver/lib:/home/guo/ITL_sentry_auto_new/install/motion_model/lib:/home/guo/ITL_sentry_auto_new/install/detected/lib:/home/guo/ITL_sentry_auto_new/install/autoaim_msgs/lib:/home/guo/ITL_sentry_auto_new/install/tracker/lib:/home/guo/ITL_sentry_auto_new/install/planner/lib:/home/guo/ITL_sentry_auto_new/install/aimer/lib:/home/guo/ITL_sentry_auto_new/install/hikvision/lib:/home/guo/ITL_sentry_auto_new/install/gimbal/lib:/home/guo/ITL_sentry_auto_new/install/dm_imu/lib:/home/guo/ITL_sentry_auto_new/install/cboard/lib:/home/guo/ITL_sentry_auto_new/install/utils/lib:/home/guo/ITL_sentry_auto_new/install/serial/lib:/home/guo/ITL_sentry_auto_new/install/filter_lib/lib:/home/guo/ITL_sentry_auto_new/install/armor_pointer/lib:/usr/lib/x86_64-linux-gnu:/opt/ros/rolling/opt/rviz_ogre_vendor/lib:/opt/ros/rolling/lib/x86_64-linux-gnu:/opt/ros/rolling/lib:/opt/MVS/lib/64:/opt/MVS/lib/32:/usr/local/TensorRT.10.7.0.23/lib:/usr/lib/x86_64-linux-gnu:/usr/local/cuda/lib64:/opt/MVS/lib/64:/opt/MVS/lib/32:/opt/MVS/lib/64:/opt/MVS/lib/32 /usr/local/bin/cmake --build /home/guo/ITL_sentry_auto_new/build/planner -- -j24 -l24
[0.097s] Invoking command in '/home/guo/ITL_sentry_auto_new/build/planner': CMAKE_PREFIX_PATH=/home/guo/ITL_sentry_auto_new/install/predictor:/home/guo/ITL_sentry_auto_new/install/solver:/home/guo/ITL_sentry_auto_new/install/motion_model:/home/guo/ITL_sentry_auto_new/install/detected:/home/guo/ITL_sentry_auto_new/install/utils:/home/guo/ITL_sentry_auto_new/install/filter_lib:/home/guo/ITL_sentry_auto_new/install/autoaim_msgs:/home/guo/ITL_sentry_auto_new/install/pipeline:/home/guo/ITL_sentry_auto_new/install/tracker:/home/guo/ITL_sentry_auto_new/install/planner:/home/guo/ITL_sentry_auto_new/install/aimer:/home/guo/ITL_sentry_auto_new/install/hikvision:/home/guo/ITL_sentry_auto_new/install/gimbal:/home/guo/ITL_sentry_auto_new/install/dm_imu:/home/guo/ITL_sentry_auto_new/install/cboard:/home/guo/ITL_sentry_auto_new/install/serial:/home/guo/ITL_sentry_auto_new/install/armor_pointer:/opt/ros/rolling LD_LIBRARY_PATH=/home/guo/ITL_sentry_auto_new/install/predictor/lib:/home/guo/ITL_sentry_auto_new/install/solver/lib:/home/guo/ITL_sentry_auto_new/install/motion_model/lib:/home/guo/ITL_sentry_auto_new/install/detected/lib:/home/guo/ITL_sentry_auto_new/install/autoaim_msgs/lib:/home/guo/ITL_sentry_auto_new/install/tracker/lib:/home/guo/ITL_sentry_auto_new/install/planner/lib:/home/guo/ITL_sentry_auto_new/install/aimer/lib:/home/guo/ITL_sentry_auto_new/install/hikvision/lib:/home/guo/ITL_sentry_auto_new/install/gimbal/lib:/home/guo/ITL_sentry_auto_new/install/dm_imu/lib:/home/guo/ITL_sentry_auto_new/install/cboard/lib:/home/guo/ITL_sentry_auto_new/install/utils/lib:/home/guo/ITL_sentry_auto_new/install/serial/lib:/home/guo/ITL_sentry_auto_new/install/filter_lib/lib:/home/guo/ITL_sentry_auto_new/install/armor_pointer/lib:/usr/lib/x86_64-linux-gnu:/opt/ros/rolling/opt/rviz_ogre_vendor/lib:/opt/ros/rolling/lib/x86_64-linux-gnu:/opt/ros/rolling/lib:/opt/MVS/lib/64:/opt/MVS/lib/32:/usr/local/TensorRT.10.7.0.23/lib:/usr/lib/x86_64-linux-gnu:/usr/local/cuda/lib64:/opt/MVS/lib/64:/opt/MVS/lib/32:/opt/MVS/lib/64:/opt/MVS/lib/32 /usr/local/bin/cmake --install /home/guo/ITL_sentry_auto_new/build/planner
[0.099s] -- Install configuration: "Release"
[0.099s] -- Up-to-date: /home/guo/ITL_sentry_auto_new/install/planner/lib/libplanner.so
[0.100s] -- Up-to-date: /home/guo/ITL_sentry_auto_new/install/planner/include
[0.100s] -- Up-to-date: /home/guo/ITL_sentry_auto_new/install/planner/include/planner.hpp
[0.100s] -- Up-to-date: /home/guo/ITL_sentry_auto_new/install/planner/include/tinympc
[0.100s] -- Up-to-date: /home/guo/ITL_sentry_auto_new/install/planner/include/tinympc/admm.hpp
[0.100s] -- Up-to-date: /home/guo/ITL_sentry_auto_new/install/planner/include/tinympc/rho_benchmark.hpp
[0.100s] -- Up-to-date: /home/guo/ITL_sentry_auto_new/install/planner/include/tinympc/codegen.hpp
[0.100s] -- Up-to-date: /home/guo/ITL_sentry_auto_new/install/planner/include/tinympc/types.hpp
[0.101s] -- Up-to-date: /home/guo/ITL_sentry_auto_new/install/planner/include/tinympc/tiny_api_constants.hpp
[0.101s] -- Up-to-date: /home/guo/ITL_sentry_auto_new/install/planner/include/tinympc/error.hpp
[0.101s] -- Up-to-date: /home/guo/ITL_sentry_auto_new/install/planner/include/tinympc/tiny_api.hpp
[0.101s] -- Up-to-date: /home/guo/ITL_sentry_auto_new/install/planner/share/planner/cmake/plannerTargets.cmake
[0.101s] -- Up-to-date: /home/guo/ITL_sentry_auto_new/install/planner/share/planner/cmake/plannerTargets-release.cmake
[0.101s] -- Up-to-date: /home/guo/ITL_sentry_auto_new/install/planner/share/planner/environment/library_path.sh
[0.101s] -- Up-to-date: /home/guo/ITL_sentry_auto_new/install/planner/share/planner/environment/library_path.dsv
[0.101s] -- Up-to-date: /home/guo/ITL_sentry_auto_new/install/planner/share/ament_index/resource_index/package_run_dependencies/planner
[0.102s] -- Up-to-date: /home/guo/ITL_sentry_auto_new/install/planner/share/ament_index/resource_index/parent_prefix_path/planner
[0.102s] -- Up-to-date: /home/guo/ITL_sentry_auto_new/install/planner/share/planner/environment/ament_prefix_path.sh
[0.102s] -- Up-to-date: /home/guo/ITL_sentry_auto_new/install/planner/share/planner/environment/ament_prefix_path.dsv
[0.102s] -- Up-to-date: /home/guo/ITL_sentry_auto_new/install/planner/share/planner/environment/path.sh
[0.103s] -- Up-to-date: /home/guo/ITL_sentry_auto_new/install/planner/share/planner/environment/path.dsv
[0.104s] -- Up-to-date: /home/guo/ITL_sentry_auto_new/install/planner/share/planner/local_setup.bash
[0.104s] -- Up-to-date: /home/guo/ITL_sentry_auto_new/install/planner/share/planner/local_setup.sh
[0.104s] -- Up-to-date: /home/guo/ITL_sentry_auto_new/install/planner/share/planner/local_setup.zsh
[0.104s] -- Up-to-date: /home/guo/ITL_sentry_auto_new/install/planner/share/planner/local_setup.dsv
[0.104s] -- Installing: /home/guo/ITL_sentry_auto_new/install/planner/share/planner/package.dsv
[0.104s] -- Up-to-date: /home/guo/ITL_sentry_auto_new/install/planner/share/ament_index/resource_index/packages/planner
[0.104s] -- Up-to-date: /home/guo/ITL_sentry_auto_new/install/planner/share/planner/cmake/plannerTargetsExport.cmake
[0.104s] -- Up-to-date: /home/guo/ITL_sentry_auto_new/install/planner/share/planner/cmake/plannerTargetsExport-release.cmake
[0.104s] -- Up-to-date: /home/guo/ITL_sentry_auto_new/install/planner/share/planner/cmake/ament_cmake_export_include_directories-extras.cmake
[0.104s] -- Up-to-date: /home/guo/ITL_sentry_auto_new/install/planner/share/planner/cmake/ament_cmake_export_libraries-extras.cmake
[0.104s] -- Up-to-date: /home/guo/ITL_sentry_auto_new/install/planner/share/planner/cmake/ament_cmake_export_targets-extras.cmake
[0.105s] -- Up-to-date: /home/guo/ITL_sentry_auto_new/install/planner/share/planner/cmake/ament_cmake_export_dependencies-extras.cmake
[0.105s] -- Up-to-date: /home/guo/ITL_sentry_auto_new/install/planner/share/planner/cmake/plannerConfig.cmake
[0.105s] -- Up-to-date: /home/guo/ITL_sentry_auto_new/install/planner/share/planner/cmake/plannerConfig-version.cmake
[0.105s] -- Up-to-date: /home/guo/ITL_sentry_auto_new/install/planner/share/planner/package.xml
[0.105s] Invoked command in '/home/guo/ITL_sentry_auto_new/build/planner' returned '0': CMAKE_PREFIX_PATH=/home/guo/ITL_sentry_auto_new/install/predictor:/home/guo/ITL_sentry_auto_new/install/solver:/home/guo/ITL_sentry_auto_new/install/motion_model:/home/guo/ITL_sentry_auto_new/install/detected:/home/guo/ITL_sentry_auto_new/install/utils:/home/guo/ITL_sentry_auto_new/install/filter_lib:/home/guo/ITL_sentry_auto_new/install/autoaim_msgs:/home/guo/ITL_sentry_auto_new/install/pipeline:/home/guo/ITL_sentry_auto_new/install/tracker:/home/guo/ITL_sentry_auto_new/install/planner:/home/guo/ITL_sentry_auto_new/install/aimer:/home/guo/ITL_sentry_auto_new/install/hikvision:/home/guo/ITL_sentry_auto_new/install/gimbal:/home/guo/ITL_sentry_auto_new/install/dm_imu:/home/guo/ITL_sentry_auto_new/install/cboard:/home/guo/ITL_sentry_auto_new/install/serial:/home/guo/ITL_sentry_auto_new/install/armor_pointer:/opt/ros/rolling LD_LIBRARY_PATH=/home/guo/ITL_sentry_auto_new/install/predictor/lib:/home/guo/ITL_sentry_auto_new/install/solver/lib:/home/guo/ITL_sentry_auto_new/install/motion_model/lib:/home/guo/ITL_sentry_auto_new/install/detected/lib:/home/guo/ITL_sentry_auto_new/install/autoaim_msgs/lib:/home/guo/ITL_sentry_auto_new/install/tracker/lib:/home/guo/ITL_sentry_auto_new/install/planner/lib:/home/guo/ITL_sentry_auto_new/install/aimer/lib:/home/guo/ITL_sentry_auto_new/install/hikvision/lib:/home/guo/ITL_sentry_auto_new/install/gimbal/lib:/home/guo/ITL_sentry_auto_new/install/dm_imu/lib:/home/guo/ITL_sentry_auto_new/install/cboard/lib:/home/guo/ITL_sentry_auto_new/install/utils/lib:/home/guo/ITL_sentry_auto_new/install/serial/lib:/home/guo/ITL_sentry_auto_new/install/filter_lib/lib:/home/guo/ITL_sentry_auto_new/install/armor_pointer/lib:/usr/lib/x86_64-linux-gnu:/opt/ros/rolling/opt/rviz_ogre_vendor/lib:/opt/ros/rolling/lib/x86_64-linux-gnu:/opt/ros/rolling/lib:/opt/MVS/lib/64:/opt/MVS/lib/32:/usr/local/TensorRT.10.7.0.23/lib:/usr/lib/x86_64-linux-gnu:/usr/local/cuda/lib64:/opt/MVS/lib/64:/opt/MVS/lib/32:/opt/MVS/lib/64:/opt/MVS/lib/32 /usr/local/bin/cmake --install /home/guo/ITL_sentry_auto_new/build/planner
