[0.018s] Invoking command in '/home/guo/ITL_sentry_auto_new/build/detected': CMAKE_PREFIX_PATH=/home/guo/ITL_sentry_auto_new/install/utils:/home/guo/ITL_sentry_auto_new/install/tracker:/home/guo/ITL_sentry_auto_new/install/aimer:/home/guo/ITL_sentry_auto_new/install/predictor:/home/guo/ITL_sentry_auto_new/install/solver:/home/guo/ITL_sentry_auto_new/install/pipeline:/home/guo/ITL_sentry_auto_new/install/hikvision:/home/guo/ITL_sentry_auto_new/install/gimbal:/home/guo/ITL_sentry_auto_new/install/dm_imu:/home/guo/ITL_sentry_auto_new/install/detected:/home/guo/ITL_sentry_auto_new/install/cboard:/home/guo/ITL_sentry_auto_new/install/serial:/home/guo/ITL_sentry_auto_new/install/motion_model:/home/guo/ITL_sentry_auto_new/install/filter_lib:/home/guo/ITL_sentry_auto_new/install/autoaim_msgs:/home/guo/ITL_sentry_auto_new/install/armor_pointer:/opt/ros/rolling /usr/local/bin/cmake --build /home/guo/ITL_sentry_auto_new/build/detected -- -j24 -l24
[0.035s] -- Found ament_cmake: 2.3.2 (/opt/ros/rolling/share/ament_cmake/cmake)
[0.234s] -- Found utils: 1.0.0 (/home/guo/ITL_sentry_auto_new/install/utils/share/utils/cmake)
[0.277s] -- Found rosidl_generator_c: 4.5.1 (/opt/ros/rolling/share/rosidl_generator_c/cmake)
[0.287s] -- Found rosidl_generator_cpp: 4.5.1 (/opt/ros/rolling/share/rosidl_generator_cpp/cmake)
[0.301s] -- Using all available rosidl_typesupport_c: rosidl_typesupport_fastrtps_c;rosidl_typesupport_introspection_c
[0.318s] -- Using all available rosidl_typesupport_cpp: rosidl_typesupport_fastrtps_cpp;rosidl_typesupport_introspection_cpp
[0.449s] -- Found rmw_implementation_cmake: 7.3.0 (/opt/ros/rolling/share/rmw_implementation_cmake/cmake)
[0.451s] -- Found rmw_fastrtps_cpp: 8.2.0 (/opt/ros/rolling/share/rmw_fastrtps_cpp/cmake)
[0.544s] -- Using RMW implementation 'rmw_fastrtps_cpp' as default
[0.733s] -- Found ament_lint_auto: 0.16.3 (/opt/ros/rolling/share/ament_lint_auto/cmake)
[0.776s] -- Configuring done (0.7s)
[0.796s] -- Generating done (0.0s)
[0.802s] -- Build files have been written to: /home/guo/ITL_sentry_auto_new/build/detected
[0.823s] [ 22%] Built target armor_data_lib
[0.844s] [ 44%] Built target armor_classifier_lib
[0.846s] [ 77%] Built target armor_detector_lib
[0.855s] [ 88%] [32mBuilding CXX object CMakeFiles/detected.dir/src/node/armor_detector_node.cpp.o[0m
[3.499s] [100%] [32m[1mLinking CXX shared library libdetected.so[0m
[3.591s] [100%] Built target detected
[3.595s] Invoked command in '/home/guo/ITL_sentry_auto_new/build/detected' returned '0': CMAKE_PREFIX_PATH=/home/guo/ITL_sentry_auto_new/install/utils:/home/guo/ITL_sentry_auto_new/install/tracker:/home/guo/ITL_sentry_auto_new/install/aimer:/home/guo/ITL_sentry_auto_new/install/predictor:/home/guo/ITL_sentry_auto_new/install/solver:/home/guo/ITL_sentry_auto_new/install/pipeline:/home/guo/ITL_sentry_auto_new/install/hikvision:/home/guo/ITL_sentry_auto_new/install/gimbal:/home/guo/ITL_sentry_auto_new/install/dm_imu:/home/guo/ITL_sentry_auto_new/install/detected:/home/guo/ITL_sentry_auto_new/install/cboard:/home/guo/ITL_sentry_auto_new/install/serial:/home/guo/ITL_sentry_auto_new/install/motion_model:/home/guo/ITL_sentry_auto_new/install/filter_lib:/home/guo/ITL_sentry_auto_new/install/autoaim_msgs:/home/guo/ITL_sentry_auto_new/install/armor_pointer:/opt/ros/rolling /usr/local/bin/cmake --build /home/guo/ITL_sentry_auto_new/build/detected -- -j24 -l24
[3.596s] Invoking command in '/home/guo/ITL_sentry_auto_new/build/detected': CMAKE_PREFIX_PATH=/home/guo/ITL_sentry_auto_new/install/utils:/home/guo/ITL_sentry_auto_new/install/tracker:/home/guo/ITL_sentry_auto_new/install/aimer:/home/guo/ITL_sentry_auto_new/install/predictor:/home/guo/ITL_sentry_auto_new/install/solver:/home/guo/ITL_sentry_auto_new/install/pipeline:/home/guo/ITL_sentry_auto_new/install/hikvision:/home/guo/ITL_sentry_auto_new/install/gimbal:/home/guo/ITL_sentry_auto_new/install/dm_imu:/home/guo/ITL_sentry_auto_new/install/detected:/home/guo/ITL_sentry_auto_new/install/cboard:/home/guo/ITL_sentry_auto_new/install/serial:/home/guo/ITL_sentry_auto_new/install/motion_model:/home/guo/ITL_sentry_auto_new/install/filter_lib:/home/guo/ITL_sentry_auto_new/install/autoaim_msgs:/home/guo/ITL_sentry_auto_new/install/armor_pointer:/opt/ros/rolling /usr/local/bin/cmake --install /home/guo/ITL_sentry_auto_new/build/detected
[3.598s] -- Install configuration: "Release"
[3.598s] -- Up-to-date: /home/guo/ITL_sentry_auto_new/install/detected/lib/libarmor_data_lib.so
[3.598s] -- Up-to-date: /home/guo/ITL_sentry_auto_new/install/detected/lib/libarmor_detector_lib.so
[3.599s] -- Up-to-date: /home/guo/ITL_sentry_auto_new/install/detected/lib/libarmor_classifier_lib.so
[3.599s] -- Installing: /home/guo/ITL_sentry_auto_new/install/detected/lib/libdetected.so
[3.599s] -- Set non-toolchain portion of runtime path of "/home/guo/ITL_sentry_auto_new/install/detected/lib/libdetected.so" to ""
[3.599s] -- Up-to-date: /home/guo/ITL_sentry_auto_new/install/detected/include
[3.599s] -- Up-to-date: /home/guo/ITL_sentry_auto_new/install/detected/include/common
[3.599s] -- Up-to-date: /home/guo/ITL_sentry_auto_new/install/detected/include/common/armor.hpp
[3.599s] -- Up-to-date: /home/guo/ITL_sentry_auto_new/install/detected/include/node
[3.599s] -- Installing: /home/guo/ITL_sentry_auto_new/install/detected/include/node/armor_detector_node.hpp
[3.600s] -- Up-to-date: /home/guo/ITL_sentry_auto_new/install/detected/include/classifier
[3.600s] -- Up-to-date: /home/guo/ITL_sentry_auto_new/install/detected/include/classifier/armor_classifier.hpp
[3.600s] -- Up-to-date: /home/guo/ITL_sentry_auto_new/install/detected/include/detector
[3.600s] -- Up-to-date: /home/guo/ITL_sentry_auto_new/install/detected/include/detector/armor_detector.hpp
[3.600s] -- Up-to-date: /home/guo/ITL_sentry_auto_new/install/detected/include/detector/yolo11.hpp
[3.600s] -- Up-to-date: /home/guo/ITL_sentry_auto_new/install/detected/share/detected/environment/library_path.sh
[3.600s] -- Up-to-date: /home/guo/ITL_sentry_auto_new/install/detected/share/detected/environment/library_path.dsv
[3.600s] -- Up-to-date: /home/guo/ITL_sentry_auto_new/install/detected/share/ament_index/resource_index/package_run_dependencies/detected
[3.600s] -- Up-to-date: /home/guo/ITL_sentry_auto_new/install/detected/share/ament_index/resource_index/parent_prefix_path/detected
[3.600s] -- Up-to-date: /home/guo/ITL_sentry_auto_new/install/detected/share/detected/environment/ament_prefix_path.sh
[3.600s] -- Up-to-date: /home/guo/ITL_sentry_auto_new/install/detected/share/detected/environment/ament_prefix_path.dsv
[3.600s] -- Up-to-date: /home/guo/ITL_sentry_auto_new/install/detected/share/detected/environment/path.sh
[3.600s] -- Up-to-date: /home/guo/ITL_sentry_auto_new/install/detected/share/detected/environment/path.dsv
[3.600s] -- Up-to-date: /home/guo/ITL_sentry_auto_new/install/detected/share/detected/local_setup.bash
[3.600s] -- Up-to-date: /home/guo/ITL_sentry_auto_new/install/detected/share/detected/local_setup.sh
[3.600s] -- Up-to-date: /home/guo/ITL_sentry_auto_new/install/detected/share/detected/local_setup.zsh
[3.600s] -- Up-to-date: /home/guo/ITL_sentry_auto_new/install/detected/share/detected/local_setup.dsv
[3.600s] -- Installing: /home/guo/ITL_sentry_auto_new/install/detected/share/detected/package.dsv
[3.600s] -- Up-to-date: /home/guo/ITL_sentry_auto_new/install/detected/share/ament_index/resource_index/packages/detected
[3.600s] -- Up-to-date: /home/guo/ITL_sentry_auto_new/install/detected/share/detected/cmake/ament_cmake_export_dependencies-extras.cmake
[3.600s] -- Installing: /home/guo/ITL_sentry_auto_new/install/detected/share/detected/cmake/ament_cmake_export_libraries-extras.cmake
[3.600s] -- Up-to-date: /home/guo/ITL_sentry_auto_new/install/detected/share/detected/cmake/ament_cmake_export_include_directories-extras.cmake
[3.601s] -- Up-to-date: /home/guo/ITL_sentry_auto_new/install/detected/share/detected/cmake/detectedConfig.cmake
[3.601s] -- Up-to-date: /home/guo/ITL_sentry_auto_new/install/detected/share/detected/cmake/detectedConfig-version.cmake
[3.601s] -- Up-to-date: /home/guo/ITL_sentry_auto_new/install/detected/share/detected/package.xml
[3.602s] Invoked command in '/home/guo/ITL_sentry_auto_new/build/detected' returned '0': CMAKE_PREFIX_PATH=/home/guo/ITL_sentry_auto_new/install/utils:/home/guo/ITL_sentry_auto_new/install/tracker:/home/guo/ITL_sentry_auto_new/install/aimer:/home/guo/ITL_sentry_auto_new/install/predictor:/home/guo/ITL_sentry_auto_new/install/solver:/home/guo/ITL_sentry_auto_new/install/pipeline:/home/guo/ITL_sentry_auto_new/install/hikvision:/home/guo/ITL_sentry_auto_new/install/gimbal:/home/guo/ITL_sentry_auto_new/install/dm_imu:/home/guo/ITL_sentry_auto_new/install/detected:/home/guo/ITL_sentry_auto_new/install/cboard:/home/guo/ITL_sentry_auto_new/install/serial:/home/guo/ITL_sentry_auto_new/install/motion_model:/home/guo/ITL_sentry_auto_new/install/filter_lib:/home/guo/ITL_sentry_auto_new/install/autoaim_msgs:/home/guo/ITL_sentry_auto_new/install/armor_pointer:/opt/ros/rolling /usr/local/bin/cmake --install /home/guo/ITL_sentry_auto_new/build/detected
