[0.454s] Invoking command in '/home/guo/ITL_sentry_auto/src/pkg02_helloworld_py': PYTHONPATH=/home/guo/ITL_sentry_auto/build/pkg02_helloworld_py/prefix_override:/usr/lib/python3/dist-packages/colcon_core/task/python/colcon_distutils_commands:/home/guo/ITL_sentry_auto/install/pkg02_helloworld_py/lib/python3.10/site-packages:${PYTHONPATH} /usr/bin/python3 -W ignore:setup.py install is deprecated -W ignore:easy_install command is deprecated setup.py egg_info --egg-base ../../build/pkg02_helloworld_py build --build-base /home/guo/ITL_sentry_auto/build/pkg02_helloworld_py/build install --record /home/guo/ITL_sentry_auto/build/pkg02_helloworld_py/install.log --single-version-externally-managed install_data
[0.650s] running egg_info
[0.650s] creating ../../build/pkg02_helloworld_py/pkg02_helloworld_py.egg-info
[0.651s] writing ../../build/pkg02_helloworld_py/pkg02_helloworld_py.egg-info/PKG-INFO
[0.651s] writing dependency_links to ../../build/pkg02_helloworld_py/pkg02_helloworld_py.egg-info/dependency_links.txt
[0.651s] writing entry points to ../../build/pkg02_helloworld_py/pkg02_helloworld_py.egg-info/entry_points.txt
[0.651s] writing requirements to ../../build/pkg02_helloworld_py/pkg02_helloworld_py.egg-info/requires.txt
[0.651s] writing top-level names to ../../build/pkg02_helloworld_py/pkg02_helloworld_py.egg-info/top_level.txt
[0.651s] writing manifest file '../../build/pkg02_helloworld_py/pkg02_helloworld_py.egg-info/SOURCES.txt'
[0.652s] reading manifest file '../../build/pkg02_helloworld_py/pkg02_helloworld_py.egg-info/SOURCES.txt'
[0.653s] writing manifest file '../../build/pkg02_helloworld_py/pkg02_helloworld_py.egg-info/SOURCES.txt'
[0.653s] running build
[0.653s] running build_py
[0.653s] creating /home/guo/ITL_sentry_auto/build/pkg02_helloworld_py/build
[0.653s] creating /home/guo/ITL_sentry_auto/build/pkg02_helloworld_py/build/lib
[0.653s] creating /home/guo/ITL_sentry_auto/build/pkg02_helloworld_py/build/lib/pkg02_helloworld_py
[0.653s] copying pkg02_helloworld_py/camera_catch.py -> /home/guo/ITL_sentry_auto/build/pkg02_helloworld_py/build/lib/pkg02_helloworld_py
[0.653s] copying pkg02_helloworld_py/sub_openvino_UKF.py -> /home/guo/ITL_sentry_auto/build/pkg02_helloworld_py/build/lib/pkg02_helloworld_py
[0.653s] copying pkg02_helloworld_py/sub_openvino_blue.py -> /home/guo/ITL_sentry_auto/build/pkg02_helloworld_py/build/lib/pkg02_helloworld_py
[0.654s] copying pkg02_helloworld_py/serial_send.py -> /home/guo/ITL_sentry_auto/build/pkg02_helloworld_py/build/lib/pkg02_helloworld_py
[0.654s] copying pkg02_helloworld_py/sub_openvino_red.py -> /home/guo/ITL_sentry_auto/build/pkg02_helloworld_py/build/lib/pkg02_helloworld_py
[0.654s] copying pkg02_helloworld_py/__init__.py -> /home/guo/ITL_sentry_auto/build/pkg02_helloworld_py/build/lib/pkg02_helloworld_py
[0.654s] running install
[0.654s] running install_lib
[0.655s] copying /home/guo/ITL_sentry_auto/build/pkg02_helloworld_py/build/lib/pkg02_helloworld_py/sub_openvino_blue.py -> /home/guo/ITL_sentry_auto/install/pkg02_helloworld_py/lib/python3.10/site-packages/pkg02_helloworld_py
[0.655s] byte-compiling /home/guo/ITL_sentry_auto/install/pkg02_helloworld_py/lib/python3.10/site-packages/pkg02_helloworld_py/sub_openvino_blue.py to sub_openvino_blue.cpython-310.pyc
[0.658s] running install_data
[0.658s] running install_egg_info
[0.660s] removing '/home/guo/ITL_sentry_auto/install/pkg02_helloworld_py/lib/python3.10/site-packages/pkg02_helloworld_py-0.0.0-py3.10.egg-info' (and everything under it)
[0.660s] Copying ../../build/pkg02_helloworld_py/pkg02_helloworld_py.egg-info to /home/guo/ITL_sentry_auto/install/pkg02_helloworld_py/lib/python3.10/site-packages/pkg02_helloworld_py-0.0.0-py3.10.egg-info
[0.660s] running install_scripts
[0.678s] Installing Grabimage script to /home/guo/ITL_sentry_auto/install/pkg02_helloworld_py/lib/pkg02_helloworld_py
[0.678s] Installing camera script to /home/guo/ITL_sentry_auto/install/pkg02_helloworld_py/lib/pkg02_helloworld_py
[0.678s] Installing camera_node script to /home/guo/ITL_sentry_auto/install/pkg02_helloworld_py/lib/pkg02_helloworld_py
[0.678s] Installing serial_send script to /home/guo/ITL_sentry_auto/install/pkg02_helloworld_py/lib/pkg02_helloworld_py
[0.679s] Installing sub script to /home/guo/ITL_sentry_auto/install/pkg02_helloworld_py/lib/pkg02_helloworld_py
[0.679s] Installing sub_openvino_UKF script to /home/guo/ITL_sentry_auto/install/pkg02_helloworld_py/lib/pkg02_helloworld_py
[0.679s] Installing sub_openvino_blue script to /home/guo/ITL_sentry_auto/install/pkg02_helloworld_py/lib/pkg02_helloworld_py
[0.679s] Installing sub_openvino_red script to /home/guo/ITL_sentry_auto/install/pkg02_helloworld_py/lib/pkg02_helloworld_py
[0.679s] writing list of installed files to '/home/guo/ITL_sentry_auto/build/pkg02_helloworld_py/install.log'
[0.697s] Invoked command in '/home/guo/ITL_sentry_auto/src/pkg02_helloworld_py' returned '0': PYTHONPATH=/home/guo/ITL_sentry_auto/build/pkg02_helloworld_py/prefix_override:/usr/lib/python3/dist-packages/colcon_core/task/python/colcon_distutils_commands:/home/guo/ITL_sentry_auto/install/pkg02_helloworld_py/lib/python3.10/site-packages:${PYTHONPATH} /usr/bin/python3 -W ignore:setup.py install is deprecated -W ignore:easy_install command is deprecated setup.py egg_info --egg-base ../../build/pkg02_helloworld_py build --build-base /home/guo/ITL_sentry_auto/build/pkg02_helloworld_py/build install --record /home/guo/ITL_sentry_auto/build/pkg02_helloworld_py/install.log --single-version-externally-managed install_data
