[01m[K/home/guo/ITL_sentry_auto_new/src/core/solver/src/solver_node.cpp:[m[K In member function ‘[01m[Ksolver::Armor_pose solver::Solver::processArmor(solver::Armors, double)[m[K’:
[01m[K/home/guo/ITL_sentry_auto_new/src/core/solver/src/solver_node.cpp:31:29:[m[K [01;31m[Kerror: [m[Kexpected unqualified-id before ‘[01m[K=[m[K’ token
   31 |     armor_pose.type = armor.[01;31m[K=[m[Ktype;
      |                             [01;31m[K^[m[K
[01m[K/home/guo/ITL_sentry_auto_new/src/core/solver/src/solver_node.cpp:31:30:[m[K [01;31m[Kerror: [m[K‘[01m[Ktype[m[K’ was not declared in this scope; did you mean ‘[01m[Kwctype[m[K’?
   31 |     armor_pose.type = armor.=[01;31m[Ktype[m[K;
      |                              [01;31m[K^~~~[m[K
      |                              [32m[Kwctype[m[K
[01m[K/home/guo/ITL_sentry_auto_new/src/core/solver/src/solver_node.cpp:33:55:[m[K [01;31m[Kerror: [m[Kcannot convert ‘[01m[Ksolver::Armors[m[K’ {aka ‘[01m[Karmor_auto_aim::Armor[m[K’} to ‘[01m[Kconst Armor&[m[K’ {aka ‘[01m[Kconst autoaim_msgs::msg::Armor_<std::allocator<void> >&[m[K’}
   33 |     std::vector<cv::Point2f> corners = extractCorners([01;31m[Karmor[m[K);
      |                                                       [01;31m[K^~~~~[m[K
      |                                                       [01;31m[K|[m[K
      |                                                       [01;31m[Ksolver::Armors {aka armor_auto_aim::Armor}[m[K
In file included from [01m[K/home/guo/ITL_sentry_auto_new/src/core/solver/src/solver_node.cpp:1[m[K:
[01m[K/home/guo/ITL_sentry_auto_new/src/core/solver/include/solver_node.hpp:42:77:[m[K [01;36m[Knote: [m[K  initializing argument 1 of ‘[01m[Kstd::vector<cv::Point_<float> > solver::Solver::extractCorners(const Armor&) const[m[K’
   42 | or<cv::Point2f> extractCorners([01;36m[Kconst autoaim_msgs::msg::Armor& armor_msg[m[K) const;
      |                                [01;36m[K~~~~~~~~~~~~~~~~~~~~~~~~~~~~~~~~^~~~~~~~~[m[K

[01m[K/home/guo/ITL_sentry_auto_new/src/core/solver/src/solver_node.cpp:[m[K At global scope:
[01m[K/home/guo/ITL_sentry_auto_new/src/core/solver/src/solver_node.cpp:305:26:[m[K [01;31m[Kerror: [m[Kno declaration matches ‘[01m[Kstd::vector<cv::Point_<float> > solver::Solver::extractCorners(solver::Armors&) const[m[K’
  305 | std::vector<cv::Point2f> [01;31m[KSolver[m[K::extractCorners(Armors& armor) const {
      |                          [01;31m[K^~~~~~[m[K
In file included from [01m[K/home/guo/ITL_sentry_auto_new/src/core/solver/src/solver_node.cpp:1[m[K:
[01m[K/home/guo/ITL_sentry_auto_new/src/core/solver/include/solver_node.hpp:42:30:[m[K [01;36m[Knote: [m[Kcandidate is: ‘[01m[Kstd::vector<cv::Point_<float> > solver::Solver::extractCorners(const Armor&) const[m[K’
   42 |     std::vector<cv::Point2f> [01;36m[KextractCorners[m[K(const autoaim_msgs::msg::Armor& armor_msg) const;
      |                              [01;36m[K^~~~~~~~~~~~~~[m[K
[01m[K/home/guo/ITL_sentry_auto_new/src/core/solver/include/solver_node.hpp:20:7:[m[K [01;36m[Knote: [m[K‘[01m[Kclass solver::Solver[m[K’ defined here
   20 | class [01;36m[KSolver[m[K {
      |       [01;36m[K^~~~~~[m[K
gmake[2]: *** [CMakeFiles/solver_interface.dir/build.make:76：CMakeFiles/solver_interface.dir/src/solver_node.cpp.o] 错误 1
gmake[1]: *** [CMakeFiles/Makefile2:252：CMakeFiles/solver_interface.dir/all] 错误 2
gmake: *** [Makefile:146：all] 错误 2
