[0.020s] Invoking command in '/home/guo/ITL_sentry_auto_new/build/solver': CMAKE_PREFIX_PATH=/home/guo/ITL_sentry_auto_new/install/detected:/home/guo/ITL_sentry_auto_new/install/utils:/home/guo/ITL_sentry_auto_new/install/autoaim_msgs:/home/guo/ITL_sentry_auto_new/install/pipeline:/home/guo/ITL_sentry_auto_new/install/tracker:/home/guo/ITL_sentry_auto_new/install/planner:/home/guo/ITL_sentry_auto_new/install/aimer:/home/guo/ITL_sentry_auto_new/install/predictor:/home/guo/ITL_sentry_auto_new/install/solver:/home/guo/ITL_sentry_auto_new/install/hikvision:/home/guo/ITL_sentry_auto_new/install/gimbal:/home/guo/ITL_sentry_auto_new/install/dm_imu:/home/guo/ITL_sentry_auto_new/install/cboard:/home/guo/ITL_sentry_auto_new/install/serial:/home/guo/ITL_sentry_auto_new/install/motion_model:/home/guo/ITL_sentry_auto_new/install/filter_lib:/home/guo/ITL_sentry_auto_new/install/armor_pointer:/opt/ros/rolling LD_LIBRARY_PATH=/home/guo/ITL_sentry_auto_new/install/detected/lib:/home/guo/ITL_sentry_auto_new/install/autoaim_msgs/lib:/home/guo/ITL_sentry_auto_new/install/tracker/lib:/home/guo/ITL_sentry_auto_new/install/planner/lib:/home/guo/ITL_sentry_auto_new/install/aimer/lib:/home/guo/ITL_sentry_auto_new/install/predictor/lib:/home/guo/ITL_sentry_auto_new/install/solver/lib:/home/guo/ITL_sentry_auto_new/install/hikvision/lib:/home/guo/ITL_sentry_auto_new/install/gimbal/lib:/home/guo/ITL_sentry_auto_new/install/dm_imu/lib:/home/guo/ITL_sentry_auto_new/install/cboard/lib:/home/guo/ITL_sentry_auto_new/install/utils/lib:/home/guo/ITL_sentry_auto_new/install/serial/lib:/home/guo/ITL_sentry_auto_new/install/motion_model/lib:/home/guo/ITL_sentry_auto_new/install/filter_lib/lib:/home/guo/ITL_sentry_auto_new/install/armor_pointer/lib:/usr/lib/x86_64-linux-gnu:/opt/ros/rolling/opt/rviz_ogre_vendor/lib:/opt/ros/rolling/lib/x86_64-linux-gnu:/opt/ros/rolling/lib:/opt/MVS/lib/64:/opt/MVS/lib/32:/usr/local/TensorRT.10.7.0.23/lib:/usr/lib/x86_64-linux-gnu:/usr/local/cuda/lib64:/opt/MVS/lib/64:/opt/MVS/lib/32:/opt/MVS/lib/64:/opt/MVS/lib/32 /usr/local/bin/cmake --build /home/guo/ITL_sentry_auto_new/build/solver -- -j24 -l24
[0.056s] [ 20%] Built target solver_base
[0.072s] [ 40%] Built target coord_converter
[0.075s] [ 60%] Built target pnp_solver_lib
[0.081s] [ 80%] Built target yaw_optimzier_lib
[0.107s] [100%] Built target solver_interface
[0.122s] Invoked command in '/home/guo/ITL_sentry_auto_new/build/solver' returned '0': CMAKE_PREFIX_PATH=/home/guo/ITL_sentry_auto_new/install/detected:/home/guo/ITL_sentry_auto_new/install/utils:/home/guo/ITL_sentry_auto_new/install/autoaim_msgs:/home/guo/ITL_sentry_auto_new/install/pipeline:/home/guo/ITL_sentry_auto_new/install/tracker:/home/guo/ITL_sentry_auto_new/install/planner:/home/guo/ITL_sentry_auto_new/install/aimer:/home/guo/ITL_sentry_auto_new/install/predictor:/home/guo/ITL_sentry_auto_new/install/solver:/home/guo/ITL_sentry_auto_new/install/hikvision:/home/guo/ITL_sentry_auto_new/install/gimbal:/home/guo/ITL_sentry_auto_new/install/dm_imu:/home/guo/ITL_sentry_auto_new/install/cboard:/home/guo/ITL_sentry_auto_new/install/serial:/home/guo/ITL_sentry_auto_new/install/motion_model:/home/guo/ITL_sentry_auto_new/install/filter_lib:/home/guo/ITL_sentry_auto_new/install/armor_pointer:/opt/ros/rolling LD_LIBRARY_PATH=/home/guo/ITL_sentry_auto_new/install/detected/lib:/home/guo/ITL_sentry_auto_new/install/autoaim_msgs/lib:/home/guo/ITL_sentry_auto_new/install/tracker/lib:/home/guo/ITL_sentry_auto_new/install/planner/lib:/home/guo/ITL_sentry_auto_new/install/aimer/lib:/home/guo/ITL_sentry_auto_new/install/predictor/lib:/home/guo/ITL_sentry_auto_new/install/solver/lib:/home/guo/ITL_sentry_auto_new/install/hikvision/lib:/home/guo/ITL_sentry_auto_new/install/gimbal/lib:/home/guo/ITL_sentry_auto_new/install/dm_imu/lib:/home/guo/ITL_sentry_auto_new/install/cboard/lib:/home/guo/ITL_sentry_auto_new/install/utils/lib:/home/guo/ITL_sentry_auto_new/install/serial/lib:/home/guo/ITL_sentry_auto_new/install/motion_model/lib:/home/guo/ITL_sentry_auto_new/install/filter_lib/lib:/home/guo/ITL_sentry_auto_new/install/armor_pointer/lib:/usr/lib/x86_64-linux-gnu:/opt/ros/rolling/opt/rviz_ogre_vendor/lib:/opt/ros/rolling/lib/x86_64-linux-gnu:/opt/ros/rolling/lib:/opt/MVS/lib/64:/opt/MVS/lib/32:/usr/local/TensorRT.10.7.0.23/lib:/usr/lib/x86_64-linux-gnu:/usr/local/cuda/lib64:/opt/MVS/lib/64:/opt/MVS/lib/32:/opt/MVS/lib/64:/opt/MVS/lib/32 /usr/local/bin/cmake --build /home/guo/ITL_sentry_auto_new/build/solver -- -j24 -l24
[0.123s] Invoking command in '/home/guo/ITL_sentry_auto_new/build/solver': CMAKE_PREFIX_PATH=/home/guo/ITL_sentry_auto_new/install/detected:/home/guo/ITL_sentry_auto_new/install/utils:/home/guo/ITL_sentry_auto_new/install/autoaim_msgs:/home/guo/ITL_sentry_auto_new/install/pipeline:/home/guo/ITL_sentry_auto_new/install/tracker:/home/guo/ITL_sentry_auto_new/install/planner:/home/guo/ITL_sentry_auto_new/install/aimer:/home/guo/ITL_sentry_auto_new/install/predictor:/home/guo/ITL_sentry_auto_new/install/solver:/home/guo/ITL_sentry_auto_new/install/hikvision:/home/guo/ITL_sentry_auto_new/install/gimbal:/home/guo/ITL_sentry_auto_new/install/dm_imu:/home/guo/ITL_sentry_auto_new/install/cboard:/home/guo/ITL_sentry_auto_new/install/serial:/home/guo/ITL_sentry_auto_new/install/motion_model:/home/guo/ITL_sentry_auto_new/install/filter_lib:/home/guo/ITL_sentry_auto_new/install/armor_pointer:/opt/ros/rolling LD_LIBRARY_PATH=/home/guo/ITL_sentry_auto_new/install/detected/lib:/home/guo/ITL_sentry_auto_new/install/autoaim_msgs/lib:/home/guo/ITL_sentry_auto_new/install/tracker/lib:/home/guo/ITL_sentry_auto_new/install/planner/lib:/home/guo/ITL_sentry_auto_new/install/aimer/lib:/home/guo/ITL_sentry_auto_new/install/predictor/lib:/home/guo/ITL_sentry_auto_new/install/solver/lib:/home/guo/ITL_sentry_auto_new/install/hikvision/lib:/home/guo/ITL_sentry_auto_new/install/gimbal/lib:/home/guo/ITL_sentry_auto_new/install/dm_imu/lib:/home/guo/ITL_sentry_auto_new/install/cboard/lib:/home/guo/ITL_sentry_auto_new/install/utils/lib:/home/guo/ITL_sentry_auto_new/install/serial/lib:/home/guo/ITL_sentry_auto_new/install/motion_model/lib:/home/guo/ITL_sentry_auto_new/install/filter_lib/lib:/home/guo/ITL_sentry_auto_new/install/armor_pointer/lib:/usr/lib/x86_64-linux-gnu:/opt/ros/rolling/opt/rviz_ogre_vendor/lib:/opt/ros/rolling/lib/x86_64-linux-gnu:/opt/ros/rolling/lib:/opt/MVS/lib/64:/opt/MVS/lib/32:/usr/local/TensorRT.10.7.0.23/lib:/usr/lib/x86_64-linux-gnu:/usr/local/cuda/lib64:/opt/MVS/lib/64:/opt/MVS/lib/32:/opt/MVS/lib/64:/opt/MVS/lib/32 /usr/local/bin/cmake --install /home/guo/ITL_sentry_auto_new/build/solver
[0.125s] -- Install configuration: "Release"
[0.125s] -- Up-to-date: /home/guo/ITL_sentry_auto_new/install/solver/lib/libsolver_base.so
[0.125s] -- Up-to-date: /home/guo/ITL_sentry_auto_new/install/solver/lib/libcoord_converter.so
[0.126s] -- Up-to-date: /home/guo/ITL_sentry_auto_new/install/solver/lib/libpnp_solver_lib.so
[0.126s] -- Up-to-date: /home/guo/ITL_sentry_auto_new/install/solver/lib/libyaw_optimzier_lib.so
[0.126s] -- Up-to-date: /home/guo/ITL_sentry_auto_new/install/solver/lib/libsolver_interface.so
[0.127s] -- Up-to-date: /home/guo/ITL_sentry_auto_new/install/solver/share/solver/cmake/solverTargets.cmake
[0.127s] -- Up-to-date: /home/guo/ITL_sentry_auto_new/install/solver/share/solver/cmake/solverTargets-release.cmake
[0.127s] -- Up-to-date: /home/guo/ITL_sentry_auto_new/install/solver/include
[0.127s] -- Up-to-date: /home/guo/ITL_sentry_auto_new/install/solver/include/solver_node.hpp
[0.127s] -- Up-to-date: /home/guo/ITL_sentry_auto_new/install/solver/include/module
[0.127s] -- Up-to-date: /home/guo/ITL_sentry_auto_new/install/solver/include/module/coord_converter.hpp
[0.128s] -- Up-to-date: /home/guo/ITL_sentry_auto_new/install/solver/include/module/optimize_yaw.hpp
[0.128s] -- Up-to-date: /home/guo/ITL_sentry_auto_new/install/solver/include/module/solver.hpp
[0.128s] -- Up-to-date: /home/guo/ITL_sentry_auto_new/install/solver/include/module/pnp_solver.hpp
[0.128s] -- Up-to-date: /home/guo/ITL_sentry_auto_new/install/solver/share/solver/environment/library_path.sh
[0.128s] -- Up-to-date: /home/guo/ITL_sentry_auto_new/install/solver/share/solver/environment/library_path.dsv
[0.128s] -- Up-to-date: /home/guo/ITL_sentry_auto_new/install/solver/share/ament_index/resource_index/package_run_dependencies/solver
[0.128s] -- Up-to-date: /home/guo/ITL_sentry_auto_new/install/solver/share/ament_index/resource_index/parent_prefix_path/solver
[0.130s] -- Up-to-date: /home/guo/ITL_sentry_auto_new/install/solver/share/solver/environment/ament_prefix_path.sh
[0.130s] -- Up-to-date: /home/guo/ITL_sentry_auto_new/install/solver/share/solver/environment/ament_prefix_path.dsv
[0.130s] -- Up-to-date: /home/guo/ITL_sentry_auto_new/install/solver/share/solver/environment/path.sh
[0.130s] -- Up-to-date: /home/guo/ITL_sentry_auto_new/install/solver/share/solver/environment/path.dsv
[0.130s] -- Up-to-date: /home/guo/ITL_sentry_auto_new/install/solver/share/solver/local_setup.bash
[0.130s] -- Up-to-date: /home/guo/ITL_sentry_auto_new/install/solver/share/solver/local_setup.sh
[0.130s] -- Up-to-date: /home/guo/ITL_sentry_auto_new/install/solver/share/solver/local_setup.zsh
[0.130s] -- Up-to-date: /home/guo/ITL_sentry_auto_new/install/solver/share/solver/local_setup.dsv
[0.130s] -- Installing: /home/guo/ITL_sentry_auto_new/install/solver/share/solver/package.dsv
[0.130s] -- Up-to-date: /home/guo/ITL_sentry_auto_new/install/solver/share/ament_index/resource_index/packages/solver
[0.130s] -- Up-to-date: /home/guo/ITL_sentry_auto_new/install/solver/share/solver/cmake/solver_targetsExport.cmake
[0.131s] -- Up-to-date: /home/guo/ITL_sentry_auto_new/install/solver/share/solver/cmake/solver_targetsExport-release.cmake
[0.131s] -- Up-to-date: /home/guo/ITL_sentry_auto_new/install/solver/share/solver/cmake/ament_cmake_export_include_directories-extras.cmake
[0.131s] -- Up-to-date: /home/guo/ITL_sentry_auto_new/install/solver/share/solver/cmake/ament_cmake_export_libraries-extras.cmake
[0.131s] -- Up-to-date: /home/guo/ITL_sentry_auto_new/install/solver/share/solver/cmake/ament_cmake_export_targets-extras.cmake
[0.131s] -- Up-to-date: /home/guo/ITL_sentry_auto_new/install/solver/share/solver/cmake/ament_cmake_export_dependencies-extras.cmake
[0.131s] -- Up-to-date: /home/guo/ITL_sentry_auto_new/install/solver/share/solver/cmake/solverConfig.cmake
[0.131s] -- Up-to-date: /home/guo/ITL_sentry_auto_new/install/solver/share/solver/cmake/solverConfig-version.cmake
[0.131s] -- Up-to-date: /home/guo/ITL_sentry_auto_new/install/solver/share/solver/package.xml
[0.131s] Invoked command in '/home/guo/ITL_sentry_auto_new/build/solver' returned '0': CMAKE_PREFIX_PATH=/home/guo/ITL_sentry_auto_new/install/detected:/home/guo/ITL_sentry_auto_new/install/utils:/home/guo/ITL_sentry_auto_new/install/autoaim_msgs:/home/guo/ITL_sentry_auto_new/install/pipeline:/home/guo/ITL_sentry_auto_new/install/tracker:/home/guo/ITL_sentry_auto_new/install/planner:/home/guo/ITL_sentry_auto_new/install/aimer:/home/guo/ITL_sentry_auto_new/install/predictor:/home/guo/ITL_sentry_auto_new/install/solver:/home/guo/ITL_sentry_auto_new/install/hikvision:/home/guo/ITL_sentry_auto_new/install/gimbal:/home/guo/ITL_sentry_auto_new/install/dm_imu:/home/guo/ITL_sentry_auto_new/install/cboard:/home/guo/ITL_sentry_auto_new/install/serial:/home/guo/ITL_sentry_auto_new/install/motion_model:/home/guo/ITL_sentry_auto_new/install/filter_lib:/home/guo/ITL_sentry_auto_new/install/armor_pointer:/opt/ros/rolling LD_LIBRARY_PATH=/home/guo/ITL_sentry_auto_new/install/detected/lib:/home/guo/ITL_sentry_auto_new/install/autoaim_msgs/lib:/home/guo/ITL_sentry_auto_new/install/tracker/lib:/home/guo/ITL_sentry_auto_new/install/planner/lib:/home/guo/ITL_sentry_auto_new/install/aimer/lib:/home/guo/ITL_sentry_auto_new/install/predictor/lib:/home/guo/ITL_sentry_auto_new/install/solver/lib:/home/guo/ITL_sentry_auto_new/install/hikvision/lib:/home/guo/ITL_sentry_auto_new/install/gimbal/lib:/home/guo/ITL_sentry_auto_new/install/dm_imu/lib:/home/guo/ITL_sentry_auto_new/install/cboard/lib:/home/guo/ITL_sentry_auto_new/install/utils/lib:/home/guo/ITL_sentry_auto_new/install/serial/lib:/home/guo/ITL_sentry_auto_new/install/motion_model/lib:/home/guo/ITL_sentry_auto_new/install/filter_lib/lib:/home/guo/ITL_sentry_auto_new/install/armor_pointer/lib:/usr/lib/x86_64-linux-gnu:/opt/ros/rolling/opt/rviz_ogre_vendor/lib:/opt/ros/rolling/lib/x86_64-linux-gnu:/opt/ros/rolling/lib:/opt/MVS/lib/64:/opt/MVS/lib/32:/usr/local/TensorRT.10.7.0.23/lib:/usr/lib/x86_64-linux-gnu:/usr/local/cuda/lib64:/opt/MVS/lib/64:/opt/MVS/lib/32:/opt/MVS/lib/64:/opt/MVS/lib/32 /usr/local/bin/cmake --install /home/guo/ITL_sentry_auto_new/build/solver
