[0.012s] Invoking command in '/home/guo/ITL_Auto_aim/build/deveice': AMENT_PREFIX_PATH=/home/guo/ITL_Auto_aim/install/serial:/home/guo/ITL_Auto_aim/install/utils:/home/guo/ITL_Auto_aim/install/autoaim_msgs:${AMENT_PREFIX_PATH} CMAKE_PREFIX_PATH=/home/guo/ITL_Auto_aim/install/serial:/home/guo/ITL_Auto_aim/install/utils:/home/guo/ITL_Auto_aim/install/autoaim_msgs:/opt/ros/rolling LD_LIBRARY_PATH=/home/guo/ITL_Auto_aim/install/serial/lib:/home/guo/ITL_Auto_aim/install/utils/lib:/home/guo/ITL_Auto_aim/install/autoaim_msgs/lib:/usr/lib/x86_64-linux-gnu:/opt/ros/rolling/opt/rviz_ogre_vendor/lib:/opt/ros/rolling/lib/x86_64-linux-gnu:/opt/ros/rolling/lib:/opt/MVS/lib/64:/opt/MVS/lib/32:/usr/local/TensorRT.10.7.0.23/lib:/usr/lib/x86_64-linux-gnu:/usr/local/cuda/lib64:/opt/MVS/lib/64:/opt/MVS/lib/32:/opt/MVS/lib/64:/opt/MVS/lib/32 PYTHONPATH=/home/guo/ITL_Auto_aim/install/autoaim_msgs/lib/python3.10/site-packages:${PYTHONPATH} /usr/local/bin/cmake /home/guo/ITL_Auto_aim/src/io/deveice -DCMAKE_INSTALL_PREFIX=/home/guo/ITL_Auto_aim/install/deveice
[0.056s] -- The CXX compiler identification is GNU 11.4.0
[0.071s] -- Detecting CXX compiler ABI info
[0.130s] -- Detecting CXX compiler ABI info - done
[0.138s] -- Check for working CXX compiler: /usr/bin/c++ - skipped
[0.138s] -- Detecting CXX compile features
[0.139s] -- Detecting CXX compile features - done
[0.140s] -- Found ament_cmake: 2.3.2 (/opt/ros/rolling/share/ament_cmake/cmake)
[0.473s] -- Found Python3: /usr/bin/python3.10 (found version "3.10.12") found components: Interpreter 
[0.537s] -- Found rclcpp: 27.0.0 (/opt/ros/rolling/share/rclcpp/cmake)
[0.569s] -- Found rosidl_generator_c: 4.5.1 (/opt/ros/rolling/share/rosidl_generator_c/cmake)
[0.580s] -- Found rosidl_generator_cpp: 4.5.1 (/opt/ros/rolling/share/rosidl_generator_cpp/cmake)
[0.595s] -- Using all available rosidl_typesupport_c: rosidl_typesupport_fastrtps_c;rosidl_typesupport_introspection_c
[0.613s] -- Using all available rosidl_typesupport_cpp: rosidl_typesupport_fastrtps_cpp;rosidl_typesupport_introspection_cpp
[0.767s] -- Found rmw_implementation_cmake: 7.3.0 (/opt/ros/rolling/share/rmw_implementation_cmake/cmake)
[0.769s] -- Found rmw_fastrtps_cpp: 8.2.0 (/opt/ros/rolling/share/rmw_fastrtps_cpp/cmake)
[0.850s] -- Found OpenSSL: /usr/lib/x86_64-linux-gnu/libcrypto.so (found version "3.0.2")  
[0.873s] -- Found FastRTPS: /opt/ros/rolling/include  
[0.911s] -- Using RMW implementation 'rmw_fastrtps_cpp' as default
[1.085s] -- Found utils: 1.0.0 (/home/guo/ITL_Auto_aim/install/utils/share/utils/cmake)
[1.122s] -- Found serial: 0.1.0 (/home/guo/ITL_Auto_aim/install/serial/share/serial/cmake)
[1.130s] -- Found OpenCV: /usr (found version "4.5.4") 
[1.133s] -- Found PkgConfig: /usr/bin/pkg-config (found version "1.8.0") 
[1.134s] -- Checking for module 'libusb-1.0'
[1.144s] --   Found libusb-1.0, version 1.0.25
[1.167s] -- Checking for module 'libserial'
[1.177s] --   Found libserial, version 1.0.0
[1.259s] -- Configuring done (1.2s)
[1.291s] -- Generating done (0.0s)
[1.296s] -- Build files have been written to: /home/guo/ITL_Auto_aim/build/deveice
[1.304s] Invoked command in '/home/guo/ITL_Auto_aim/build/deveice' returned '0': AMENT_PREFIX_PATH=/home/guo/ITL_Auto_aim/install/serial:/home/guo/ITL_Auto_aim/install/utils:/home/guo/ITL_Auto_aim/install/autoaim_msgs:${AMENT_PREFIX_PATH} CMAKE_PREFIX_PATH=/home/guo/ITL_Auto_aim/install/serial:/home/guo/ITL_Auto_aim/install/utils:/home/guo/ITL_Auto_aim/install/autoaim_msgs:/opt/ros/rolling LD_LIBRARY_PATH=/home/guo/ITL_Auto_aim/install/serial/lib:/home/guo/ITL_Auto_aim/install/utils/lib:/home/guo/ITL_Auto_aim/install/autoaim_msgs/lib:/usr/lib/x86_64-linux-gnu:/opt/ros/rolling/opt/rviz_ogre_vendor/lib:/opt/ros/rolling/lib/x86_64-linux-gnu:/opt/ros/rolling/lib:/opt/MVS/lib/64:/opt/MVS/lib/32:/usr/local/TensorRT.10.7.0.23/lib:/usr/lib/x86_64-linux-gnu:/usr/local/cuda/lib64:/opt/MVS/lib/64:/opt/MVS/lib/32:/opt/MVS/lib/64:/opt/MVS/lib/32 PYTHONPATH=/home/guo/ITL_Auto_aim/install/autoaim_msgs/lib/python3.10/site-packages:${PYTHONPATH} /usr/local/bin/cmake /home/guo/ITL_Auto_aim/src/io/deveice -DCMAKE_INSTALL_PREFIX=/home/guo/ITL_Auto_aim/install/deveice
[1.305s] Invoking command in '/home/guo/ITL_Auto_aim/build/deveice': AMENT_PREFIX_PATH=/home/guo/ITL_Auto_aim/install/serial:/home/guo/ITL_Auto_aim/install/utils:/home/guo/ITL_Auto_aim/install/autoaim_msgs:${AMENT_PREFIX_PATH} CMAKE_PREFIX_PATH=/home/guo/ITL_Auto_aim/install/serial:/home/guo/ITL_Auto_aim/install/utils:/home/guo/ITL_Auto_aim/install/autoaim_msgs:/opt/ros/rolling LD_LIBRARY_PATH=/home/guo/ITL_Auto_aim/install/serial/lib:/home/guo/ITL_Auto_aim/install/utils/lib:/home/guo/ITL_Auto_aim/install/autoaim_msgs/lib:/usr/lib/x86_64-linux-gnu:/opt/ros/rolling/opt/rviz_ogre_vendor/lib:/opt/ros/rolling/lib/x86_64-linux-gnu:/opt/ros/rolling/lib:/opt/MVS/lib/64:/opt/MVS/lib/32:/usr/local/TensorRT.10.7.0.23/lib:/usr/lib/x86_64-linux-gnu:/usr/local/cuda/lib64:/opt/MVS/lib/64:/opt/MVS/lib/32:/opt/MVS/lib/64:/opt/MVS/lib/32 PYTHONPATH=/home/guo/ITL_Auto_aim/install/autoaim_msgs/lib/python3.10/site-packages:${PYTHONPATH} /usr/local/bin/cmake --build /home/guo/ITL_Auto_aim/build/deveice -- -j24 -l24
[1.324s] [  8%] [32mBuilding CXX object CMakeFiles/deveice_old_gimbal.dir/old_gimbal/src/old_gimbal.cpp.o[0m
[1.324s] [ 16%] [32mBuilding CXX object CMakeFiles/deveice_gimbal.dir/gimbal/src/gimbal.cpp.o[0m
[1.325s] [ 25%] [32mBuilding CXX object CMakeFiles/deveice_cboard.dir/cboard/src/cboard.cpp.o[0m
[1.325s] [ 33%] [32mBuilding CXX object CMakeFiles/deveice_imu.dir/imu/src/imu_driver.cpp.o[0m
[1.325s] [ 41%] [32mBuilding CXX object CMakeFiles/deveice_camera.dir/camera/src/hikcamera.cpp.o[0m
[5.673s] [ 50%] [32m[1mLinking CXX static library libdeveice_old_gimbal.a[0m
[5.738s] [ 50%] Built target deveice_old_gimbal
[6.262s] [ 58%] [32m[1mLinking CXX static library libdeveice_gimbal.a[0m
[6.338s] [ 58%] Built target deveice_gimbal
[6.616s] [ 66%] [32m[1mLinking CXX static library libdeveice_cboard.a[0m
[6.685s] [ 66%] Built target deveice_cboard
[6.689s] [ 75%] [32m[1mLinking CXX static library libdeveice_imu.a[0m
[6.751s] [ 75%] Built target deveice_imu
[9.174s] [ 83%] [32m[1mLinking CXX static library libdeveice_camera.a[0m
[9.235s] [ 83%] Built target deveice_camera
[9.244s] [ 91%] [32mBuilding CXX object CMakeFiles/deveice.dir/deveice_force_link.cpp.o[0m
[9.261s] [100%] [32m[1mLinking CXX shared library libdeveice.so[0m
[10.079s] [100%] Built target deveice
[10.083s] Invoked command in '/home/guo/ITL_Auto_aim/build/deveice' returned '0': AMENT_PREFIX_PATH=/home/guo/ITL_Auto_aim/install/serial:/home/guo/ITL_Auto_aim/install/utils:/home/guo/ITL_Auto_aim/install/autoaim_msgs:${AMENT_PREFIX_PATH} CMAKE_PREFIX_PATH=/home/guo/ITL_Auto_aim/install/serial:/home/guo/ITL_Auto_aim/install/utils:/home/guo/ITL_Auto_aim/install/autoaim_msgs:/opt/ros/rolling LD_LIBRARY_PATH=/home/guo/ITL_Auto_aim/install/serial/lib:/home/guo/ITL_Auto_aim/install/utils/lib:/home/guo/ITL_Auto_aim/install/autoaim_msgs/lib:/usr/lib/x86_64-linux-gnu:/opt/ros/rolling/opt/rviz_ogre_vendor/lib:/opt/ros/rolling/lib/x86_64-linux-gnu:/opt/ros/rolling/lib:/opt/MVS/lib/64:/opt/MVS/lib/32:/usr/local/TensorRT.10.7.0.23/lib:/usr/lib/x86_64-linux-gnu:/usr/local/cuda/lib64:/opt/MVS/lib/64:/opt/MVS/lib/32:/opt/MVS/lib/64:/opt/MVS/lib/32 PYTHONPATH=/home/guo/ITL_Auto_aim/install/autoaim_msgs/lib/python3.10/site-packages:${PYTHONPATH} /usr/local/bin/cmake --build /home/guo/ITL_Auto_aim/build/deveice -- -j24 -l24
[10.085s] Invoking command in '/home/guo/ITL_Auto_aim/build/deveice': AMENT_PREFIX_PATH=/home/guo/ITL_Auto_aim/install/serial:/home/guo/ITL_Auto_aim/install/utils:/home/guo/ITL_Auto_aim/install/autoaim_msgs:${AMENT_PREFIX_PATH} CMAKE_PREFIX_PATH=/home/guo/ITL_Auto_aim/install/serial:/home/guo/ITL_Auto_aim/install/utils:/home/guo/ITL_Auto_aim/install/autoaim_msgs:/opt/ros/rolling LD_LIBRARY_PATH=/home/guo/ITL_Auto_aim/install/serial/lib:/home/guo/ITL_Auto_aim/install/utils/lib:/home/guo/ITL_Auto_aim/install/autoaim_msgs/lib:/usr/lib/x86_64-linux-gnu:/opt/ros/rolling/opt/rviz_ogre_vendor/lib:/opt/ros/rolling/lib/x86_64-linux-gnu:/opt/ros/rolling/lib:/opt/MVS/lib/64:/opt/MVS/lib/32:/usr/local/TensorRT.10.7.0.23/lib:/usr/lib/x86_64-linux-gnu:/usr/local/cuda/lib64:/opt/MVS/lib/64:/opt/MVS/lib/32:/opt/MVS/lib/64:/opt/MVS/lib/32 PYTHONPATH=/home/guo/ITL_Auto_aim/install/autoaim_msgs/lib/python3.10/site-packages:${PYTHONPATH} /usr/local/bin/cmake --install /home/guo/ITL_Auto_aim/build/deveice
[10.087s] -- Install configuration: ""
[10.087s] -- Installing: /home/guo/ITL_Auto_aim/install/deveice/lib/libdeveice.so
[10.090s] -- Set non-toolchain portion of runtime path of "/home/guo/ITL_Auto_aim/install/deveice/lib/libdeveice.so" to "/opt/MVS/lib/64"
[10.090s] -- Installing: /home/guo/ITL_Auto_aim/install/deveice/lib/libdeveice_camera.a
[10.094s] -- Installing: /home/guo/ITL_Auto_aim/install/deveice/lib/libdeveice_cboard.a
[10.097s] -- Installing: /home/guo/ITL_Auto_aim/install/deveice/lib/libdeveice_gimbal.a
[10.101s] -- Installing: /home/guo/ITL_Auto_aim/install/deveice/lib/libdeveice_imu.a
[10.104s] -- Installing: /home/guo/ITL_Auto_aim/install/deveice/lib/libdeveice_old_gimbal.a
[10.107s] -- Installing: /home/guo/ITL_Auto_aim/install/deveice/include
[10.107s] -- Installing: /home/guo/ITL_Auto_aim/install/deveice/include/hikcamera.hpp
[10.107s] -- Up-to-date: /home/guo/ITL_Auto_aim/install/deveice/include
[10.107s] -- Installing: /home/guo/ITL_Auto_aim/install/deveice/include/command.hpp
[10.108s] -- Installing: /home/guo/ITL_Auto_aim/install/deveice/include/cboard.hpp
[10.108s] -- Installing: /home/guo/ITL_Auto_aim/install/deveice/include/socketcan.hpp
[10.109s] -- Up-to-date: /home/guo/ITL_Auto_aim/install/deveice/include
[10.109s] -- Installing: /home/guo/ITL_Auto_aim/install/deveice/include/gimbal.hpp
[10.109s] -- Up-to-date: /home/guo/ITL_Auto_aim/install/deveice/include
[10.109s] -- Installing: /home/guo/ITL_Auto_aim/install/deveice/include/imu_driver.h
[10.109s] -- Up-to-date: /home/guo/ITL_Auto_aim/install/deveice/include
[10.109s] -- Installing: /home/guo/ITL_Auto_aim/install/deveice/include/old_gimbal.hpp
[10.109s] -- Installing: /home/guo/ITL_Auto_aim/install/deveice/share/deveice/imu/config
[10.109s] -- Installing: /home/guo/ITL_Auto_aim/install/deveice/share/deveice/imu/config/imu_params.yaml
[10.109s] -- Installing: /home/guo/ITL_Auto_aim/install/deveice/share/deveice/cmake/deveiceTargets.cmake
[10.109s] -- Installing: /home/guo/ITL_Auto_aim/install/deveice/share/deveice/cmake/deveiceTargets-noconfig.cmake
[10.109s] -- Installing: /home/guo/ITL_Auto_aim/install/deveice/share/deveice/environment/library_path.sh
[10.109s] -- Installing: /home/guo/ITL_Auto_aim/install/deveice/share/deveice/environment/library_path.dsv
[10.109s] -- Installing: /home/guo/ITL_Auto_aim/install/deveice/share/deveice/package.xml
[10.110s] -- Installing: /home/guo/ITL_Auto_aim/install/deveice/share/ament_index/resource_index/package_run_dependencies/deveice
[10.110s] -- Installing: /home/guo/ITL_Auto_aim/install/deveice/share/ament_index/resource_index/parent_prefix_path/deveice
[10.110s] -- Installing: /home/guo/ITL_Auto_aim/install/deveice/share/deveice/environment/ament_prefix_path.sh
[10.110s] -- Installing: /home/guo/ITL_Auto_aim/install/deveice/share/deveice/environment/ament_prefix_path.dsv
[10.110s] -- Installing: /home/guo/ITL_Auto_aim/install/deveice/share/deveice/environment/path.sh
[10.110s] -- Installing: /home/guo/ITL_Auto_aim/install/deveice/share/deveice/environment/path.dsv
[10.110s] -- Installing: /home/guo/ITL_Auto_aim/install/deveice/share/deveice/local_setup.bash
[10.110s] -- Installing: /home/guo/ITL_Auto_aim/install/deveice/share/deveice/local_setup.sh
[10.110s] -- Installing: /home/guo/ITL_Auto_aim/install/deveice/share/deveice/local_setup.zsh
[10.110s] -- Installing: /home/guo/ITL_Auto_aim/install/deveice/share/deveice/local_setup.dsv
[10.110s] -- Installing: /home/guo/ITL_Auto_aim/install/deveice/share/deveice/package.dsv
[10.110s] -- Installing: /home/guo/ITL_Auto_aim/install/deveice/share/ament_index/resource_index/packages/deveice
[10.110s] -- Installing: /home/guo/ITL_Auto_aim/install/deveice/share/deveice/cmake/deveiceTargetsExport.cmake
[10.110s] -- Installing: /home/guo/ITL_Auto_aim/install/deveice/share/deveice/cmake/deveiceTargetsExport-noconfig.cmake
[10.110s] -- Installing: /home/guo/ITL_Auto_aim/install/deveice/share/deveice/cmake/ament_cmake_export_include_directories-extras.cmake
[10.110s] -- Installing: /home/guo/ITL_Auto_aim/install/deveice/share/deveice/cmake/ament_cmake_export_targets-extras.cmake
[10.110s] -- Installing: /home/guo/ITL_Auto_aim/install/deveice/share/deveice/cmake/ament_cmake_export_dependencies-extras.cmake
[10.110s] -- Installing: /home/guo/ITL_Auto_aim/install/deveice/share/deveice/cmake/deveiceConfig.cmake
[10.110s] -- Installing: /home/guo/ITL_Auto_aim/install/deveice/share/deveice/cmake/deveiceConfig-version.cmake
[10.110s] -- Up-to-date: /home/guo/ITL_Auto_aim/install/deveice/share/deveice/package.xml
[10.112s] Invoked command in '/home/guo/ITL_Auto_aim/build/deveice' returned '0': AMENT_PREFIX_PATH=/home/guo/ITL_Auto_aim/install/serial:/home/guo/ITL_Auto_aim/install/utils:/home/guo/ITL_Auto_aim/install/autoaim_msgs:${AMENT_PREFIX_PATH} CMAKE_PREFIX_PATH=/home/guo/ITL_Auto_aim/install/serial:/home/guo/ITL_Auto_aim/install/utils:/home/guo/ITL_Auto_aim/install/autoaim_msgs:/opt/ros/rolling LD_LIBRARY_PATH=/home/guo/ITL_Auto_aim/install/serial/lib:/home/guo/ITL_Auto_aim/install/utils/lib:/home/guo/ITL_Auto_aim/install/autoaim_msgs/lib:/usr/lib/x86_64-linux-gnu:/opt/ros/rolling/opt/rviz_ogre_vendor/lib:/opt/ros/rolling/lib/x86_64-linux-gnu:/opt/ros/rolling/lib:/opt/MVS/lib/64:/opt/MVS/lib/32:/usr/local/TensorRT.10.7.0.23/lib:/usr/lib/x86_64-linux-gnu:/usr/local/cuda/lib64:/opt/MVS/lib/64:/opt/MVS/lib/32:/opt/MVS/lib/64:/opt/MVS/lib/32 PYTHONPATH=/home/guo/ITL_Auto_aim/install/autoaim_msgs/lib/python3.10/site-packages:${PYTHONPATH} /usr/local/bin/cmake --install /home/guo/ITL_Auto_aim/build/deveice
