-- The CXX compiler identification is GNU 11.4.0
-- Detecting CXX compiler ABI info
-- Detecting CXX compiler ABI info - done
-- Check for working CXX compiler: /usr/bin/c++ - skipped
-- Detecting CXX compile features
-- Detecting CXX compile features - done
-- Found ament_cmake: 2.3.2 (/opt/ros/rolling/share/ament_cmake/cmake)
-- Found Python3: /usr/bin/python3.10 (found version "3.10.12") found components: Interpreter 
-- Found rclcpp: 27.0.0 (/opt/ros/rolling/share/rclcpp/cmake)
-- Found rosidl_generator_c: 4.5.1 (/opt/ros/rolling/share/rosidl_generator_c/cmake)
-- Found rosidl_generator_cpp: 4.5.1 (/opt/ros/rolling/share/rosidl_generator_cpp/cmake)
-- Using all available rosidl_typesupport_c: rosidl_typesupport_fastrtps_c;rosidl_typesupport_introspection_c
-- Using all available rosidl_typesupport_cpp: rosidl_typesupport_fastrtps_cpp;rosidl_typesupport_introspection_cpp
-- Found rmw_implementation_cmake: 7.3.0 (/opt/ros/rolling/share/rmw_implementation_cmake/cmake)
-- Found rmw_fastrtps_cpp: 8.2.0 (/opt/ros/rolling/share/rmw_fastrtps_cpp/cmake)
-- Found OpenSSL: /usr/lib/x86_64-linux-gnu/libcrypto.so (found version "3.0.2")  
-- Found FastRTPS: /opt/ros/rolling/include  
-- Using RMW implementation 'rmw_fastrtps_cpp' as default
-- Found utils: 1.0.0 (/home/guo/ITL_sentry_auto_new/install/utils/share/utils/cmake)
-- Found serial: 0.1.0 (/home/guo/ITL_sentry_auto_new/install/serial/share/serial/cmake)
-- Found OpenCV: /usr (found version "4.5.4") 
-- Found PkgConfig: /usr/bin/pkg-config (found version "1.8.0") 
-- Checking for module 'libusb-1.0'
--   Found libusb-1.0, version 1.0.25
-- Checking for module 'libserial'
--   Found libserial, version 1.0.0
-- Configuring done (1.2s)
-- Generating done (0.0s)
-- Build files have been written to: /home/guo/ITL_sentry_auto_new/build/deveice
[ 10%] [32mBuilding CXX object CMakeFiles/deveice_camera.dir/camera/src/hikcamera.cpp.o[0m
[ 20%] [32mBuilding CXX object CMakeFiles/deveice_gimbal.dir/gimbal/src/gimbal.cpp.o[0m
[ 30%] [32mBuilding CXX object CMakeFiles/deveice_cboard.dir/cboard/src/cboard.cpp.o[0m
[ 40%] [32mBuilding CXX object CMakeFiles/deveice_imu.dir/imu/src/imu_driver.cpp.o[0m
[ 50%] [32m[1mLinking CXX static library libdeveice_gimbal.a[0m
[ 50%] Built target deveice_gimbal
[ 60%] [32m[1mLinking CXX static library libdeveice_cboard.a[0m
[ 60%] Built target deveice_cboard
[ 70%] [32m[1mLinking CXX static library libdeveice_imu.a[0m
[ 70%] Built target deveice_imu
[ 80%] [32m[1mLinking CXX static library libdeveice_camera.a[0m
[ 80%] Built target deveice_camera
[ 90%] [32mBuilding CXX object CMakeFiles/deveice.dir/deveice_force_link.cpp.o[0m
[100%] [32m[1mLinking CXX shared library libdeveice.so[0m
[100%] Built target deveice
-- Install configuration: ""
-- Installing: /home/guo/ITL_sentry_auto_new/install/deveice/lib/libdeveice.so
-- Set non-toolchain portion of runtime path of "/home/guo/ITL_sentry_auto_new/install/deveice/lib/libdeveice.so" to "/opt/MVS/lib/64"
-- Installing: /home/guo/ITL_sentry_auto_new/install/deveice/lib/libdeveice_camera.a
-- Installing: /home/guo/ITL_sentry_auto_new/install/deveice/lib/libdeveice_cboard.a
-- Installing: /home/guo/ITL_sentry_auto_new/install/deveice/lib/libdeveice_gimbal.a
-- Installing: /home/guo/ITL_sentry_auto_new/install/deveice/lib/libdeveice_imu.a
-- Installing: /home/guo/ITL_sentry_auto_new/install/deveice/include
-- Installing: /home/guo/ITL_sentry_auto_new/install/deveice/include/hikcamera.hpp
-- Up-to-date: /home/guo/ITL_sentry_auto_new/install/deveice/include
-- Installing: /home/guo/ITL_sentry_auto_new/install/deveice/include/command.hpp
-- Installing: /home/guo/ITL_sentry_auto_new/install/deveice/include/cboard.hpp
-- Installing: /home/guo/ITL_sentry_auto_new/install/deveice/include/socketcan.hpp
-- Up-to-date: /home/guo/ITL_sentry_auto_new/install/deveice/include
-- Installing: /home/guo/ITL_sentry_auto_new/install/deveice/include/gimbal.hpp
-- Up-to-date: /home/guo/ITL_sentry_auto_new/install/deveice/include
-- Installing: /home/guo/ITL_sentry_auto_new/install/deveice/include/imu_driver.h
-- Installing: /home/guo/ITL_sentry_auto_new/install/deveice/share/deveice/imu/config
-- Installing: /home/guo/ITL_sentry_auto_new/install/deveice/share/deveice/imu/config/imu_params.yaml
-- Installing: /home/guo/ITL_sentry_auto_new/install/deveice/share/deveice/cmake/deveiceTargets.cmake
-- Installing: /home/guo/ITL_sentry_auto_new/install/deveice/share/deveice/cmake/deveiceTargets-noconfig.cmake
-- Installing: /home/guo/ITL_sentry_auto_new/install/deveice/share/deveice/environment/library_path.sh
-- Installing: /home/guo/ITL_sentry_auto_new/install/deveice/share/deveice/environment/library_path.dsv
-- Installing: /home/guo/ITL_sentry_auto_new/install/deveice/share/deveice/package.xml
-- Installing: /home/guo/ITL_sentry_auto_new/install/deveice/share/ament_index/resource_index/package_run_dependencies/deveice
-- Installing: /home/guo/ITL_sentry_auto_new/install/deveice/share/ament_index/resource_index/parent_prefix_path/deveice
-- Installing: /home/guo/ITL_sentry_auto_new/install/deveice/share/deveice/environment/ament_prefix_path.sh
-- Installing: /home/guo/ITL_sentry_auto_new/install/deveice/share/deveice/environment/ament_prefix_path.dsv
-- Installing: /home/guo/ITL_sentry_auto_new/install/deveice/share/deveice/environment/path.sh
-- Installing: /home/guo/ITL_sentry_auto_new/install/deveice/share/deveice/environment/path.dsv
-- Installing: /home/guo/ITL_sentry_auto_new/install/deveice/share/deveice/local_setup.bash
-- Installing: /home/guo/ITL_sentry_auto_new/install/deveice/share/deveice/local_setup.sh
-- Installing: /home/guo/ITL_sentry_auto_new/install/deveice/share/deveice/local_setup.zsh
-- Installing: /home/guo/ITL_sentry_auto_new/install/deveice/share/deveice/local_setup.dsv
-- Installing: /home/guo/ITL_sentry_auto_new/install/deveice/share/deveice/package.dsv
-- Installing: /home/guo/ITL_sentry_auto_new/install/deveice/share/ament_index/resource_index/packages/deveice
-- Installing: /home/guo/ITL_sentry_auto_new/install/deveice/share/deveice/cmake/deveiceTargetsExport.cmake
-- Installing: /home/guo/ITL_sentry_auto_new/install/deveice/share/deveice/cmake/deveiceTargetsExport-noconfig.cmake
-- Installing: /home/guo/ITL_sentry_auto_new/install/deveice/share/deveice/cmake/ament_cmake_export_include_directories-extras.cmake
-- Installing: /home/guo/ITL_sentry_auto_new/install/deveice/share/deveice/cmake/ament_cmake_export_targets-extras.cmake
-- Installing: /home/guo/ITL_sentry_auto_new/install/deveice/share/deveice/cmake/ament_cmake_export_dependencies-extras.cmake
-- Installing: /home/guo/ITL_sentry_auto_new/install/deveice/share/deveice/cmake/deveiceConfig.cmake
-- Installing: /home/guo/ITL_sentry_auto_new/install/deveice/share/deveice/cmake/deveiceConfig-version.cmake
-- Up-to-date: /home/guo/ITL_sentry_auto_new/install/deveice/share/deveice/package.xml
