[100%] Built target filter_lib
-- Install configuration: ""
-- Up-to-date: /home/guo/ITL_sentry_auto_new/install/filter_lib/share/filter_lib/environment/library_path.sh
-- Up-to-date: /home/guo/ITL_sentry_auto_new/install/filter_lib/share/filter_lib/environment/library_path.dsv
-- Up-to-date: /home/guo/ITL_sentry_auto_new/install/filter_lib/include
-- Up-to-date: /home/guo/ITL_sentry_auto_new/install/filter_lib/include/base
-- Up-to-date: /home/guo/ITL_sentry_auto_new/install/filter_lib/include/base/kalman.hpp
-- Up-to-date: /home/guo/ITL_sentry_auto_new/install/filter_lib/include/base/filter.hpp
-- Up-to-date: /home/guo/ITL_sentry_auto_new/install/filter_lib/include/base/ekf.hpp
-- Up-to-date: /home/guo/ITL_sentry_auto_new/install/filter_lib/include/base/math.hpp
-- Up-to-date: /home/guo/ITL_sentry_auto_new/install/filter_lib/include/base/slide_weighted_avg.hpp
-- Up-to-date: /home/guo/ITL_sentry_auto_new/install/filter_lib/include/filter
-- Up-to-date: /home/guo/ITL_sentry_auto_new/install/filter_lib/include/filter/rotating_target_tracker.hpp
-- Up-to-date: /home/guo/ITL_sentry_auto_new/install/filter_lib/include/filter/track_queue_v4.hpp
-- Up-to-date: /home/guo/ITL_sentry_auto_new/install/filter_lib/include/filter/decoupled_tracker.hpp
-- Up-to-date: /home/guo/ITL_sentry_auto_new/install/filter_lib/include/filter/track_queue_v3.hpp
-- Up-to-date: /home/guo/ITL_sentry_auto_new/install/filter_lib/lib/libfilter_lib.a
-- Up-to-date: /home/guo/ITL_sentry_auto_new/install/filter_lib/share/ament_index/resource_index/package_run_dependencies/filter_lib
-- Up-to-date: /home/guo/ITL_sentry_auto_new/install/filter_lib/share/ament_index/resource_index/parent_prefix_path/filter_lib
-- Up-to-date: /home/guo/ITL_sentry_auto_new/install/filter_lib/share/filter_lib/environment/ament_prefix_path.sh
-- Up-to-date: /home/guo/ITL_sentry_auto_new/install/filter_lib/share/filter_lib/environment/ament_prefix_path.dsv
-- Up-to-date: /home/guo/ITL_sentry_auto_new/install/filter_lib/share/filter_lib/environment/path.sh
-- Up-to-date: /home/guo/ITL_sentry_auto_new/install/filter_lib/share/filter_lib/environment/path.dsv
-- Up-to-date: /home/guo/ITL_sentry_auto_new/install/filter_lib/share/filter_lib/local_setup.bash
-- Up-to-date: /home/guo/ITL_sentry_auto_new/install/filter_lib/share/filter_lib/local_setup.sh
-- Up-to-date: /home/guo/ITL_sentry_auto_new/install/filter_lib/share/filter_lib/local_setup.zsh
-- Up-to-date: /home/guo/ITL_sentry_auto_new/install/filter_lib/share/filter_lib/local_setup.dsv
-- Installing: /home/guo/ITL_sentry_auto_new/install/filter_lib/share/filter_lib/package.dsv
-- Up-to-date: /home/guo/ITL_sentry_auto_new/install/filter_lib/share/ament_index/resource_index/packages/filter_lib
-- Up-to-date: /home/guo/ITL_sentry_auto_new/install/filter_lib/share/filter_lib/cmake/filter_libTargetsExport.cmake
-- Up-to-date: /home/guo/ITL_sentry_auto_new/install/filter_lib/share/filter_lib/cmake/filter_libTargetsExport-noconfig.cmake
-- Up-to-date: /home/guo/ITL_sentry_auto_new/install/filter_lib/share/filter_lib/cmake/ament_cmake_export_targets-extras.cmake
-- Up-to-date: /home/guo/ITL_sentry_auto_new/install/filter_lib/share/filter_lib/cmake/ament_cmake_export_dependencies-extras.cmake
-- Up-to-date: /home/guo/ITL_sentry_auto_new/install/filter_lib/share/filter_lib/cmake/filter_libConfig.cmake
-- Up-to-date: /home/guo/ITL_sentry_auto_new/install/filter_lib/share/filter_lib/cmake/filter_libConfig-version.cmake
-- Up-to-date: /home/guo/ITL_sentry_auto_new/install/filter_lib/share/filter_lib/package.xml
