[0.007s] Invoking command in '/home/guo/ITL_sentry_auto_new/build/auto_buff': CMAKE_PREFIX_PATH=/home/guo/ITL_sentry_auto_new/install/utils:/home/guo/ITL_sentry_auto_new/install/pipeline:/home/guo/ITL_sentry_auto_new/install/auto_aim:/home/guo/ITL_sentry_auto_new/install/deveice:/home/guo/ITL_sentry_auto_new/install/auto_buff:/home/guo/ITL_sentry_auto_new/install/serial:/home/guo/ITL_sentry_auto_new/install/launch_node:/home/guo/ITL_sentry_auto_new/install/autoaim_msgs:/opt/ros/rolling /usr/local/bin/cmake --build /home/guo/ITL_sentry_auto_new/build/auto_buff -- -j24 -l24
[0.032s] [ 28%] Built target auto_buff_data_type
[0.045s] [ 71%] Built target auto_buff_detect
[0.054s] [ 85%] [32m[1mLinking CXX shared library libauto_buff.so[0m
[0.571s] [100%] Built target auto_buff
[0.576s] Invoked command in '/home/guo/ITL_sentry_auto_new/build/auto_buff' returned '0': CMAKE_PREFIX_PATH=/home/guo/ITL_sentry_auto_new/install/utils:/home/guo/ITL_sentry_auto_new/install/pipeline:/home/guo/ITL_sentry_auto_new/install/auto_aim:/home/guo/ITL_sentry_auto_new/install/deveice:/home/guo/ITL_sentry_auto_new/install/auto_buff:/home/guo/ITL_sentry_auto_new/install/serial:/home/guo/ITL_sentry_auto_new/install/launch_node:/home/guo/ITL_sentry_auto_new/install/autoaim_msgs:/opt/ros/rolling /usr/local/bin/cmake --build /home/guo/ITL_sentry_auto_new/build/auto_buff -- -j24 -l24
[0.578s] Invoking command in '/home/guo/ITL_sentry_auto_new/build/auto_buff': CMAKE_PREFIX_PATH=/home/guo/ITL_sentry_auto_new/install/utils:/home/guo/ITL_sentry_auto_new/install/pipeline:/home/guo/ITL_sentry_auto_new/install/auto_aim:/home/guo/ITL_sentry_auto_new/install/deveice:/home/guo/ITL_sentry_auto_new/install/auto_buff:/home/guo/ITL_sentry_auto_new/install/serial:/home/guo/ITL_sentry_auto_new/install/launch_node:/home/guo/ITL_sentry_auto_new/install/autoaim_msgs:/opt/ros/rolling /usr/local/bin/cmake --install /home/guo/ITL_sentry_auto_new/build/auto_buff
[0.580s] -- Install configuration: ""
[0.580s] -- Installing: /home/guo/ITL_sentry_auto_new/install/auto_buff/lib/libauto_buff.so
[0.583s] -- Set non-toolchain portion of runtime path of "/home/guo/ITL_sentry_auto_new/install/auto_buff/lib/libauto_buff.so" to ""
[0.583s] -- Up-to-date: /home/guo/ITL_sentry_auto_new/install/auto_buff/lib/libauto_buff_data_type.a
[0.583s] -- Up-to-date: /home/guo/ITL_sentry_auto_new/install/auto_buff/lib/libauto_buff_detect.a
[0.583s] -- Up-to-date: /home/guo/ITL_sentry_auto_new/install/auto_buff/include
[0.584s] -- Up-to-date: /home/guo/ITL_sentry_auto_new/install/auto_buff/include/buff_type.hpp
[0.584s] -- Up-to-date: /home/guo/ITL_sentry_auto_new/install/auto_buff/include
[0.584s] -- Up-to-date: /home/guo/ITL_sentry_auto_new/install/auto_buff/include/buff_detector.hpp
[0.584s] -- Up-to-date: /home/guo/ITL_sentry_auto_new/install/auto_buff/include/yolo11_buff.hpp
[0.584s] -- Up-to-date: /home/guo/ITL_sentry_auto_new/install/auto_buff/share/auto_buff/environment/library_path.sh
[0.584s] -- Up-to-date: /home/guo/ITL_sentry_auto_new/install/auto_buff/share/auto_buff/environment/library_path.dsv
[0.584s] -- Up-to-date: /home/guo/ITL_sentry_auto_new/install/auto_buff/share/auto_buff/package.xml
[0.584s] -- Up-to-date: /home/guo/ITL_sentry_auto_new/install/auto_buff/share/ament_index/resource_index/package_run_dependencies/auto_buff
[0.584s] -- Up-to-date: /home/guo/ITL_sentry_auto_new/install/auto_buff/share/ament_index/resource_index/parent_prefix_path/auto_buff
[0.585s] -- Up-to-date: /home/guo/ITL_sentry_auto_new/install/auto_buff/share/auto_buff/environment/ament_prefix_path.sh
[0.585s] -- Up-to-date: /home/guo/ITL_sentry_auto_new/install/auto_buff/share/auto_buff/environment/ament_prefix_path.dsv
[0.585s] -- Up-to-date: /home/guo/ITL_sentry_auto_new/install/auto_buff/share/auto_buff/environment/path.sh
[0.585s] -- Up-to-date: /home/guo/ITL_sentry_auto_new/install/auto_buff/share/auto_buff/environment/path.dsv
[0.585s] -- Up-to-date: /home/guo/ITL_sentry_auto_new/install/auto_buff/share/auto_buff/local_setup.bash
[0.585s] -- Up-to-date: /home/guo/ITL_sentry_auto_new/install/auto_buff/share/auto_buff/local_setup.sh
[0.585s] -- Up-to-date: /home/guo/ITL_sentry_auto_new/install/auto_buff/share/auto_buff/local_setup.zsh
[0.585s] -- Up-to-date: /home/guo/ITL_sentry_auto_new/install/auto_buff/share/auto_buff/local_setup.dsv
[0.585s] -- Installing: /home/guo/ITL_sentry_auto_new/install/auto_buff/share/auto_buff/package.dsv
[0.585s] -- Up-to-date: /home/guo/ITL_sentry_auto_new/install/auto_buff/share/ament_index/resource_index/packages/auto_buff
[0.586s] -- Up-to-date: /home/guo/ITL_sentry_auto_new/install/auto_buff/share/auto_buff/cmake/auto_buffTargetsExport.cmake
[0.586s] -- Up-to-date: /home/guo/ITL_sentry_auto_new/install/auto_buff/share/auto_buff/cmake/auto_buffTargetsExport-noconfig.cmake
[0.586s] -- Up-to-date: /home/guo/ITL_sentry_auto_new/install/auto_buff/share/auto_buff/cmake/ament_cmake_export_include_directories-extras.cmake
[0.586s] -- Up-to-date: /home/guo/ITL_sentry_auto_new/install/auto_buff/share/auto_buff/cmake/ament_cmake_export_targets-extras.cmake
[0.586s] -- Up-to-date: /home/guo/ITL_sentry_auto_new/install/auto_buff/share/auto_buff/cmake/ament_cmake_export_dependencies-extras.cmake
[0.586s] -- Up-to-date: /home/guo/ITL_sentry_auto_new/install/auto_buff/share/auto_buff/cmake/auto_buffConfig.cmake
[0.586s] -- Up-to-date: /home/guo/ITL_sentry_auto_new/install/auto_buff/share/auto_buff/cmake/auto_buffConfig-version.cmake
[0.586s] -- Up-to-date: /home/guo/ITL_sentry_auto_new/install/auto_buff/share/auto_buff/package.xml
[0.588s] Invoked command in '/home/guo/ITL_sentry_auto_new/build/auto_buff' returned '0': CMAKE_PREFIX_PATH=/home/guo/ITL_sentry_auto_new/install/utils:/home/guo/ITL_sentry_auto_new/install/pipeline:/home/guo/ITL_sentry_auto_new/install/auto_aim:/home/guo/ITL_sentry_auto_new/install/deveice:/home/guo/ITL_sentry_auto_new/install/auto_buff:/home/guo/ITL_sentry_auto_new/install/serial:/home/guo/ITL_sentry_auto_new/install/launch_node:/home/guo/ITL_sentry_auto_new/install/autoaim_msgs:/opt/ros/rolling /usr/local/bin/cmake --install /home/guo/ITL_sentry_auto_new/build/auto_buff
