[0.018s] Invoking command in '/home/guo/ITL_Auto_aim/build/auto_aim': CMAKE_PREFIX_PATH=/home/guo/ITL_Auto_aim/install/deveice:/home/guo/ITL_Auto_aim/install/serial:/home/guo/ITL_Auto_aim/install/utils:/home/guo/ITL_Auto_aim/install/autoaim_msgs:/home/guo/ITL_Auto_aim/install/pipeline:/home/guo/ITL_Auto_aim/install/auto_buff:/home/guo/ITL_Auto_aim/install/auto_aim:/home/guo/ITL_Auto_aim/install/launch_node:/home/guo/ws_livox/install/livox_ros2_driver:/home/guo/ws_livox/install/livox_sdk_vendor:/home/guo/ws_livox/install/livox_interfaces:/opt/ros/rolling LD_LIBRARY_PATH=/home/guo/ITL_Auto_aim/install/deveice/lib:/home/guo/ITL_Auto_aim/install/serial/lib:/home/guo/ITL_Auto_aim/install/autoaim_msgs/lib:/home/guo/ITL_Auto_aim/install/auto_buff/lib:/home/guo/ITL_Auto_aim/install/auto_aim/lib:/home/guo/ITL_Auto_aim/install/utils/lib:/home/guo/ws_livox/install/livox_ros2_driver/lib:/home/guo/ws_livox/install/livox_interfaces/lib:/usr/lib/x86_64-linux-gnu:/opt/ros/rolling/opt/rviz_ogre_vendor/lib:/opt/ros/rolling/lib/x86_64-linux-gnu:/opt/ros/rolling/lib:/opt/MVS/lib/64:/opt/MVS/lib/32:/usr/local/TensorRT.10.7.0.23/lib:/usr/lib/x86_64-linux-gnu:/usr/local/cuda/lib64:/opt/MVS/lib/64:/opt/MVS/lib/32:/opt/MVS/lib/64:/opt/MVS/lib/32 /usr/local/bin/cmake --build /home/guo/ITL_Auto_aim/build/auto_aim -- -j24 -l24
[0.042s] [ 12%] Built target auto_aim_motion_model
[0.042s] [ 16%] Built target auto_aim_pointer
[0.046s] [ 35%] Built target auto_aim_detected
[0.064s] [ 38%] [32mBuilding CXX object CMakeFiles/auto_aim_solver.dir/solver/src/module/coord_converter.cpp.o[0m
[0.066s] [ 41%] [32mBuilding CXX object CMakeFiles/auto_aim_solver.dir/solver/src/module/optimize_yaw.cpp.o[0m
[0.067s] [ 45%] [32mBuilding CXX object CMakeFiles/auto_aim_solver.dir/solver/src/solver_node.cpp.o[0m
[7.262s] [ 48%] [32m[1mLinking CXX static library libauto_aim_solver.a[0m
[7.483s] [ 54%] Built target auto_aim_solver
[7.496s] [ 58%] [32mBuilding CXX object CMakeFiles/auto_aim_predictor.dir/target/predictor/src/target.cpp.o[0m
[12.837s] [ 61%] [32m[1mLinking CXX static library libauto_aim_predictor.a[0m
[12.901s] [ 61%] Built target auto_aim_predictor
[12.914s] [ 64%] [32mBuilding CXX object CMakeFiles/auto_aim_aimer.dir/aimer/src/aimer.cpp.o[0m
[12.916s] [ 67%] [32mBuilding CXX object CMakeFiles/auto_aim_planner.dir/planner/src/planner.cpp.o[0m
[17.912s] [ 70%] [32m[1mLinking CXX static library libauto_aim_aimer.a[0m
[17.973s] [ 70%] Built target auto_aim_aimer
[17.990s] [ 74%] [32mBuilding CXX object CMakeFiles/auto_aim_tracker.dir/tracker/src/tracker.cpp.o[0m
[18.290s] [ 77%] [32m[1mLinking CXX static library libauto_aim_planner.a[0m
[18.449s] [ 90%] Built target auto_aim_planner
[25.113s] [ 93%] [32m[1mLinking CXX static library libauto_aim_tracker.a[0m
[25.173s] [ 93%] Built target auto_aim_tracker
[25.187s] [ 96%] [32m[1mLinking CXX shared library libauto_aim.so[0m
[27.217s] [100%] Built target auto_aim
[27.221s] Invoked command in '/home/guo/ITL_Auto_aim/build/auto_aim' returned '0': CMAKE_PREFIX_PATH=/home/guo/ITL_Auto_aim/install/deveice:/home/guo/ITL_Auto_aim/install/serial:/home/guo/ITL_Auto_aim/install/utils:/home/guo/ITL_Auto_aim/install/autoaim_msgs:/home/guo/ITL_Auto_aim/install/pipeline:/home/guo/ITL_Auto_aim/install/auto_buff:/home/guo/ITL_Auto_aim/install/auto_aim:/home/guo/ITL_Auto_aim/install/launch_node:/home/guo/ws_livox/install/livox_ros2_driver:/home/guo/ws_livox/install/livox_sdk_vendor:/home/guo/ws_livox/install/livox_interfaces:/opt/ros/rolling LD_LIBRARY_PATH=/home/guo/ITL_Auto_aim/install/deveice/lib:/home/guo/ITL_Auto_aim/install/serial/lib:/home/guo/ITL_Auto_aim/install/autoaim_msgs/lib:/home/guo/ITL_Auto_aim/install/auto_buff/lib:/home/guo/ITL_Auto_aim/install/auto_aim/lib:/home/guo/ITL_Auto_aim/install/utils/lib:/home/guo/ws_livox/install/livox_ros2_driver/lib:/home/guo/ws_livox/install/livox_interfaces/lib:/usr/lib/x86_64-linux-gnu:/opt/ros/rolling/opt/rviz_ogre_vendor/lib:/opt/ros/rolling/lib/x86_64-linux-gnu:/opt/ros/rolling/lib:/opt/MVS/lib/64:/opt/MVS/lib/32:/usr/local/TensorRT.10.7.0.23/lib:/usr/lib/x86_64-linux-gnu:/usr/local/cuda/lib64:/opt/MVS/lib/64:/opt/MVS/lib/32:/opt/MVS/lib/64:/opt/MVS/lib/32 /usr/local/bin/cmake --build /home/guo/ITL_Auto_aim/build/auto_aim -- -j24 -l24
[27.223s] Invoking command in '/home/guo/ITL_Auto_aim/build/auto_aim': CMAKE_PREFIX_PATH=/home/guo/ITL_Auto_aim/install/deveice:/home/guo/ITL_Auto_aim/install/serial:/home/guo/ITL_Auto_aim/install/utils:/home/guo/ITL_Auto_aim/install/autoaim_msgs:/home/guo/ITL_Auto_aim/install/pipeline:/home/guo/ITL_Auto_aim/install/auto_buff:/home/guo/ITL_Auto_aim/install/auto_aim:/home/guo/ITL_Auto_aim/install/launch_node:/home/guo/ws_livox/install/livox_ros2_driver:/home/guo/ws_livox/install/livox_sdk_vendor:/home/guo/ws_livox/install/livox_interfaces:/opt/ros/rolling LD_LIBRARY_PATH=/home/guo/ITL_Auto_aim/install/deveice/lib:/home/guo/ITL_Auto_aim/install/serial/lib:/home/guo/ITL_Auto_aim/install/autoaim_msgs/lib:/home/guo/ITL_Auto_aim/install/auto_buff/lib:/home/guo/ITL_Auto_aim/install/auto_aim/lib:/home/guo/ITL_Auto_aim/install/utils/lib:/home/guo/ws_livox/install/livox_ros2_driver/lib:/home/guo/ws_livox/install/livox_interfaces/lib:/usr/lib/x86_64-linux-gnu:/opt/ros/rolling/opt/rviz_ogre_vendor/lib:/opt/ros/rolling/lib/x86_64-linux-gnu:/opt/ros/rolling/lib:/opt/MVS/lib/64:/opt/MVS/lib/32:/usr/local/TensorRT.10.7.0.23/lib:/usr/lib/x86_64-linux-gnu:/usr/local/cuda/lib64:/opt/MVS/lib/64:/opt/MVS/lib/32:/opt/MVS/lib/64:/opt/MVS/lib/32 /usr/local/bin/cmake --install /home/guo/ITL_Auto_aim/build/auto_aim
[27.225s] -- Install configuration: ""
[27.225s] -- Installing: /home/guo/ITL_Auto_aim/install/auto_aim/lib/libauto_aim.so
[27.239s] -- Set non-toolchain portion of runtime path of "/home/guo/ITL_Auto_aim/install/auto_aim/lib/libauto_aim.so" to ""
[27.240s] -- Installing: /home/guo/ITL_Auto_aim/install/auto_aim/lib/libauto_aim_aimer.a
[27.244s] -- Up-to-date: /home/guo/ITL_Auto_aim/install/auto_aim/lib/libauto_aim_detected.a
[27.244s] -- Installing: /home/guo/ITL_Auto_aim/install/auto_aim/lib/libauto_aim_planner.a
[27.258s] -- Up-to-date: /home/guo/ITL_Auto_aim/install/auto_aim/lib/libauto_aim_pointer.a
[27.258s] -- Installing: /home/guo/ITL_Auto_aim/install/auto_aim/lib/libauto_aim_solver.a
[27.278s] -- Up-to-date: /home/guo/ITL_Auto_aim/install/auto_aim/lib/libauto_aim_motion_model.a
[27.278s] -- Installing: /home/guo/ITL_Auto_aim/install/auto_aim/lib/libauto_aim_predictor.a
[27.282s] -- Installing: /home/guo/ITL_Auto_aim/install/auto_aim/lib/libauto_aim_tracker.a
[27.286s] -- Up-to-date: /home/guo/ITL_Auto_aim/install/auto_aim/include
[27.286s] -- Up-to-date: /home/guo/ITL_Auto_aim/install/auto_aim/include/aimer.hpp
[27.286s] -- Up-to-date: /home/guo/ITL_Auto_aim/install/auto_aim/include
[27.286s] -- Up-to-date: /home/guo/ITL_Auto_aim/install/auto_aim/include/common
[27.286s] -- Up-to-date: /home/guo/ITL_Auto_aim/install/auto_aim/include/common/armor.hpp
[27.286s] -- Up-to-date: /home/guo/ITL_Auto_aim/install/auto_aim/include/node
[27.286s] -- Up-to-date: /home/guo/ITL_Auto_aim/install/auto_aim/include/node/armor_detector_node.hpp
[27.286s] -- Up-to-date: /home/guo/ITL_Auto_aim/install/auto_aim/include/classifier
[27.287s] -- Up-to-date: /home/guo/ITL_Auto_aim/install/auto_aim/include/classifier/armor_classifier.hpp
[27.287s] -- Up-to-date: /home/guo/ITL_Auto_aim/install/auto_aim/include/detector
[27.287s] -- Up-to-date: /home/guo/ITL_Auto_aim/install/auto_aim/include/detector/common_detector.hpp
[27.287s] -- Up-to-date: /home/guo/ITL_Auto_aim/install/auto_aim/include/detector/yolo11.hpp
[27.287s] -- Up-to-date: /home/guo/ITL_Auto_aim/install/auto_aim/include
[27.287s] -- Up-to-date: /home/guo/ITL_Auto_aim/install/auto_aim/include/planner.hpp
[27.287s] -- Up-to-date: /home/guo/ITL_Auto_aim/install/auto_aim/include
[27.287s] -- Up-to-date: /home/guo/ITL_Auto_aim/install/auto_aim/include/types.hpp
[27.287s] -- Up-to-date: /home/guo/ITL_Auto_aim/install/auto_aim/include/lightbar_detector.hpp
[27.287s] -- Up-to-date: /home/guo/ITL_Auto_aim/install/auto_aim/include/image_processor.hpp
[27.287s] -- Up-to-date: /home/guo/ITL_Auto_aim/install/auto_aim/include
[27.287s] -- Up-to-date: /home/guo/ITL_Auto_aim/install/auto_aim/include/solver_node.hpp
[27.287s] -- Up-to-date: /home/guo/ITL_Auto_aim/install/auto_aim/include/module
[27.287s] -- Installing: /home/guo/ITL_Auto_aim/install/auto_aim/include/module/coord_converter.hpp
[27.287s] -- Up-to-date: /home/guo/ITL_Auto_aim/install/auto_aim/include/module/optimize_yaw.hpp
[27.287s] -- Up-to-date: /home/guo/ITL_Auto_aim/install/auto_aim/include/module/solver.hpp
[27.287s] -- Up-to-date: /home/guo/ITL_Auto_aim/install/auto_aim/include/module/pnp_solver.hpp
[27.287s] -- Up-to-date: /home/guo/ITL_Auto_aim/install/auto_aim/include
[27.287s] -- Up-to-date: /home/guo/ITL_Auto_aim/install/auto_aim/include/target.hpp
[27.287s] -- Up-to-date: /home/guo/ITL_Auto_aim/install/auto_aim/include
[27.287s] -- Up-to-date: /home/guo/ITL_Auto_aim/install/auto_aim/include/full_model.hpp
[27.287s] -- Up-to-date: /home/guo/ITL_Auto_aim/install/auto_aim/include
[27.287s] -- Up-to-date: /home/guo/ITL_Auto_aim/install/auto_aim/include/tracker.hpp
[27.287s] -- Up-to-date: /home/guo/ITL_Auto_aim/install/auto_aim/include
[27.288s] -- Up-to-date: /home/guo/ITL_Auto_aim/install/auto_aim/include/tinympc
[27.288s] -- Up-to-date: /home/guo/ITL_Auto_aim/install/auto_aim/include/tinympc/admm.hpp
[27.288s] -- Up-to-date: /home/guo/ITL_Auto_aim/install/auto_aim/include/tinympc/rho_benchmark.hpp
[27.288s] -- Up-to-date: /home/guo/ITL_Auto_aim/install/auto_aim/include/tinympc/codegen.hpp
[27.288s] -- Up-to-date: /home/guo/ITL_Auto_aim/install/auto_aim/include/tinympc/types.hpp
[27.288s] -- Up-to-date: /home/guo/ITL_Auto_aim/install/auto_aim/include/tinympc/tiny_api_constants.hpp
[27.288s] -- Up-to-date: /home/guo/ITL_Auto_aim/install/auto_aim/include/tinympc/error.hpp
[27.288s] -- Up-to-date: /home/guo/ITL_Auto_aim/install/auto_aim/include/tinympc/tiny_api.hpp
[27.288s] -- Up-to-date: /home/guo/ITL_Auto_aim/install/auto_aim/share/auto_aim/environment/library_path.sh
[27.288s] -- Up-to-date: /home/guo/ITL_Auto_aim/install/auto_aim/share/auto_aim/environment/library_path.dsv
[27.288s] -- Up-to-date: /home/guo/ITL_Auto_aim/install/auto_aim/share/auto_aim/package.xml
[27.288s] -- Up-to-date: /home/guo/ITL_Auto_aim/install/auto_aim/share/ament_index/resource_index/package_run_dependencies/auto_aim
[27.288s] -- Up-to-date: /home/guo/ITL_Auto_aim/install/auto_aim/share/ament_index/resource_index/parent_prefix_path/auto_aim
[27.288s] -- Up-to-date: /home/guo/ITL_Auto_aim/install/auto_aim/share/auto_aim/environment/ament_prefix_path.sh
[27.288s] -- Up-to-date: /home/guo/ITL_Auto_aim/install/auto_aim/share/auto_aim/environment/ament_prefix_path.dsv
[27.288s] -- Up-to-date: /home/guo/ITL_Auto_aim/install/auto_aim/share/auto_aim/environment/path.sh
[27.288s] -- Up-to-date: /home/guo/ITL_Auto_aim/install/auto_aim/share/auto_aim/environment/path.dsv
[27.288s] -- Up-to-date: /home/guo/ITL_Auto_aim/install/auto_aim/share/auto_aim/local_setup.bash
[27.288s] -- Up-to-date: /home/guo/ITL_Auto_aim/install/auto_aim/share/auto_aim/local_setup.sh
[27.288s] -- Up-to-date: /home/guo/ITL_Auto_aim/install/auto_aim/share/auto_aim/local_setup.zsh
[27.288s] -- Up-to-date: /home/guo/ITL_Auto_aim/install/auto_aim/share/auto_aim/local_setup.dsv
[27.288s] -- Installing: /home/guo/ITL_Auto_aim/install/auto_aim/share/auto_aim/package.dsv
[27.288s] -- Up-to-date: /home/guo/ITL_Auto_aim/install/auto_aim/share/ament_index/resource_index/packages/auto_aim
[27.288s] -- Up-to-date: /home/guo/ITL_Auto_aim/install/auto_aim/share/auto_aim/cmake/auto_aimTargetsExport.cmake
[27.289s] -- Up-to-date: /home/guo/ITL_Auto_aim/install/auto_aim/share/auto_aim/cmake/auto_aimTargetsExport-noconfig.cmake
[27.289s] -- Up-to-date: /home/guo/ITL_Auto_aim/install/auto_aim/share/auto_aim/cmake/ament_cmake_export_include_directories-extras.cmake
[27.289s] -- Up-to-date: /home/guo/ITL_Auto_aim/install/auto_aim/share/auto_aim/cmake/ament_cmake_export_targets-extras.cmake
[27.289s] -- Up-to-date: /home/guo/ITL_Auto_aim/install/auto_aim/share/auto_aim/cmake/ament_cmake_export_dependencies-extras.cmake
[27.289s] -- Up-to-date: /home/guo/ITL_Auto_aim/install/auto_aim/share/auto_aim/cmake/auto_aimConfig.cmake
[27.289s] -- Up-to-date: /home/guo/ITL_Auto_aim/install/auto_aim/share/auto_aim/cmake/auto_aimConfig-version.cmake
[27.289s] -- Up-to-date: /home/guo/ITL_Auto_aim/install/auto_aim/share/auto_aim/package.xml
[27.290s] Invoked command in '/home/guo/ITL_Auto_aim/build/auto_aim' returned '0': CMAKE_PREFIX_PATH=/home/guo/ITL_Auto_aim/install/deveice:/home/guo/ITL_Auto_aim/install/serial:/home/guo/ITL_Auto_aim/install/utils:/home/guo/ITL_Auto_aim/install/autoaim_msgs:/home/guo/ITL_Auto_aim/install/pipeline:/home/guo/ITL_Auto_aim/install/auto_buff:/home/guo/ITL_Auto_aim/install/auto_aim:/home/guo/ITL_Auto_aim/install/launch_node:/home/guo/ws_livox/install/livox_ros2_driver:/home/guo/ws_livox/install/livox_sdk_vendor:/home/guo/ws_livox/install/livox_interfaces:/opt/ros/rolling LD_LIBRARY_PATH=/home/guo/ITL_Auto_aim/install/deveice/lib:/home/guo/ITL_Auto_aim/install/serial/lib:/home/guo/ITL_Auto_aim/install/autoaim_msgs/lib:/home/guo/ITL_Auto_aim/install/auto_buff/lib:/home/guo/ITL_Auto_aim/install/auto_aim/lib:/home/guo/ITL_Auto_aim/install/utils/lib:/home/guo/ws_livox/install/livox_ros2_driver/lib:/home/guo/ws_livox/install/livox_interfaces/lib:/usr/lib/x86_64-linux-gnu:/opt/ros/rolling/opt/rviz_ogre_vendor/lib:/opt/ros/rolling/lib/x86_64-linux-gnu:/opt/ros/rolling/lib:/opt/MVS/lib/64:/opt/MVS/lib/32:/usr/local/TensorRT.10.7.0.23/lib:/usr/lib/x86_64-linux-gnu:/usr/local/cuda/lib64:/opt/MVS/lib/64:/opt/MVS/lib/32:/opt/MVS/lib/64:/opt/MVS/lib/32 /usr/local/bin/cmake --install /home/guo/ITL_Auto_aim/build/auto_aim
