-- Install configuration: ""
-- Installing: /home/guo/ITL_sentry_auto_new/install/launch_node/share/launch_node/launch
-- Installing: /home/guo/ITL_sentry_auto_new/install/launch_node/share/launch_node/launch/launch_node.launch.py
-- Installing: /home/guo/ITL_sentry_auto_new/install/launch_node/share/launch_node/config
-- Installing: /home/guo/ITL_sentry_auto_new/install/launch_node/share/launch_node/config/angle_solver_params.xml
-- Installing: /home/guo/ITL_sentry_auto_new/install/launch_node/share/ament_index/resource_index/package_run_dependencies/launch_node
-- Installing: /home/guo/ITL_sentry_auto_new/install/launch_node/share/ament_index/resource_index/parent_prefix_path/launch_node
-- Installing: /home/guo/ITL_sentry_auto_new/install/launch_node/share/launch_node/environment/ament_prefix_path.sh
-- Installing: /home/guo/ITL_sentry_auto_new/install/launch_node/share/launch_node/environment/ament_prefix_path.dsv
-- Installing: /home/guo/ITL_sentry_auto_new/install/launch_node/share/launch_node/environment/path.sh
-- Installing: /home/guo/ITL_sentry_auto_new/install/launch_node/share/launch_node/environment/path.dsv
-- Installing: /home/guo/ITL_sentry_auto_new/install/launch_node/share/launch_node/local_setup.bash
-- Installing: /home/guo/ITL_sentry_auto_new/install/launch_node/share/launch_node/local_setup.sh
-- Installing: /home/guo/ITL_sentry_auto_new/install/launch_node/share/launch_node/local_setup.zsh
-- Installing: /home/guo/ITL_sentry_auto_new/install/launch_node/share/launch_node/local_setup.dsv
-- Installing: /home/guo/ITL_sentry_auto_new/install/launch_node/share/launch_node/package.dsv
-- Installing: /home/guo/ITL_sentry_auto_new/install/launch_node/share/ament_index/resource_index/packages/launch_node
-- Installing: /home/guo/ITL_sentry_auto_new/install/launch_node/share/launch_node/cmake/ament_cmake_export_dependencies-extras.cmake
-- Installing: /home/guo/ITL_sentry_auto_new/install/launch_node/share/launch_node/cmake/launch_nodeConfig.cmake
-- Installing: /home/guo/ITL_sentry_auto_new/install/launch_node/share/launch_node/cmake/launch_nodeConfig-version.cmake
-- Installing: /home/guo/ITL_sentry_auto_new/install/launch_node/share/launch_node/package.xml
