-- Found ament_cmake: 2.3.2 (/opt/ros/rolling/share/ament_cmake/cmake)
-- Found rclcpp: 27.0.0 (/opt/ros/rolling/share/rclcpp/cmake)
-- Found rosidl_generator_c: 4.5.1 (/opt/ros/rolling/share/rosidl_generator_c/cmake)
-- Found rosidl_generator_cpp: 4.5.1 (/opt/ros/rolling/share/rosidl_generator_cpp/cmake)
-- Using all available rosidl_typesupport_c: rosidl_typesupport_fastrtps_c;rosidl_typesupport_introspection_c
-- Using all available rosidl_typesupport_cpp: rosidl_typesupport_fastrtps_cpp;rosidl_typesupport_introspection_cpp
-- Found rmw_implementation_cmake: 7.3.0 (/opt/ros/rolling/share/rmw_implementation_cmake/cmake)
-- Found rmw_fastrtps_cpp: 8.2.0 (/opt/ros/rolling/share/rmw_fastrtps_cpp/cmake)
-- Using RMW implementation 'rmw_fastrtps_cpp' as default
-- Found std_msgs: 5.3.0 (/opt/ros/rolling/share/std_msgs/cmake)
-- Found sensor_msgs: 5.3.0 (/opt/ros/rolling/share/sensor_msgs/cmake)
-- Found cv_bridge: 3.4.0 (/opt/ros/rolling/share/cv_bridge/cmake)
-- Found std_srvs: 5.3.0 (/opt/ros/rolling/share/std_srvs/cmake)
-- Found autoaim_msgs: 0.0.1 (/home/guo/ITL_sentry_auto_new/install/autoaim_msgs/share/autoaim_msgs/cmake)
-- Found utils: 1.0.0 (/home/guo/ITL_sentry_auto_new/install/utils/share/utils/cmake)
-- Found deveice: 1.0.0 (/home/guo/ITL_sentry_auto_new/install/deveice/share/deveice/cmake)
-- Configuring done (1.0s)
-- Generating done (0.0s)
-- Build files have been written to: /home/guo/ITL_sentry_auto_new/build/auto_aim
[  6%] Built target auto_aim_motion_model
[ 16%] Built target auto_aim_pointer
[ 35%] Built target auto_aim_detected
[ 54%] Built target auto_aim_solver
[ 61%] Built target auto_aim_predictor
[ 67%] Built target auto_aim_aimer
[ 87%] Built target auto_aim_planner
[ 93%] Built target auto_aim_tracker
[ 96%] [32m[1mLinking CXX shared library libauto_aim.so[0m
[100%] Built target auto_aim
-- Install configuration: ""
-- Installing: /home/guo/ITL_sentry_auto_new/install/auto_aim/lib/libauto_aim.so
-- Set non-toolchain portion of runtime path of "/home/guo/ITL_sentry_auto_new/install/auto_aim/lib/libauto_aim.so" to ""
-- Up-to-date: /home/guo/ITL_sentry_auto_new/install/auto_aim/lib/libauto_aim_aimer.a
-- Up-to-date: /home/guo/ITL_sentry_auto_new/install/auto_aim/lib/libauto_aim_detected.a
-- Up-to-date: /home/guo/ITL_sentry_auto_new/install/auto_aim/lib/libauto_aim_planner.a
-- Up-to-date: /home/guo/ITL_sentry_auto_new/install/auto_aim/lib/libauto_aim_pointer.a
-- Up-to-date: /home/guo/ITL_sentry_auto_new/install/auto_aim/lib/libauto_aim_solver.a
-- Up-to-date: /home/guo/ITL_sentry_auto_new/install/auto_aim/lib/libauto_aim_motion_model.a
-- Up-to-date: /home/guo/ITL_sentry_auto_new/install/auto_aim/lib/libauto_aim_predictor.a
-- Up-to-date: /home/guo/ITL_sentry_auto_new/install/auto_aim/lib/libauto_aim_tracker.a
-- Up-to-date: /home/guo/ITL_sentry_auto_new/install/auto_aim/include
-- Up-to-date: /home/guo/ITL_sentry_auto_new/install/auto_aim/include/aimer.hpp
-- Up-to-date: /home/guo/ITL_sentry_auto_new/install/auto_aim/include
-- Up-to-date: /home/guo/ITL_sentry_auto_new/install/auto_aim/include/common
-- Up-to-date: /home/guo/ITL_sentry_auto_new/install/auto_aim/include/common/armor.hpp
-- Up-to-date: /home/guo/ITL_sentry_auto_new/install/auto_aim/include/node
-- Up-to-date: /home/guo/ITL_sentry_auto_new/install/auto_aim/include/node/armor_detector_node.hpp
-- Up-to-date: /home/guo/ITL_sentry_auto_new/install/auto_aim/include/classifier
-- Up-to-date: /home/guo/ITL_sentry_auto_new/install/auto_aim/include/classifier/armor_classifier.hpp
-- Up-to-date: /home/guo/ITL_sentry_auto_new/install/auto_aim/include/detector
-- Up-to-date: /home/guo/ITL_sentry_auto_new/install/auto_aim/include/detector/common_detector.hpp
-- Up-to-date: /home/guo/ITL_sentry_auto_new/install/auto_aim/include/detector/yolo11.hpp
-- Up-to-date: /home/guo/ITL_sentry_auto_new/install/auto_aim/include
-- Up-to-date: /home/guo/ITL_sentry_auto_new/install/auto_aim/include/planner.hpp
-- Up-to-date: /home/guo/ITL_sentry_auto_new/install/auto_aim/include
-- Up-to-date: /home/guo/ITL_sentry_auto_new/install/auto_aim/include/types.hpp
-- Up-to-date: /home/guo/ITL_sentry_auto_new/install/auto_aim/include/lightbar_detector.hpp
-- Up-to-date: /home/guo/ITL_sentry_auto_new/install/auto_aim/include/image_processor.hpp
-- Up-to-date: /home/guo/ITL_sentry_auto_new/install/auto_aim/include
-- Up-to-date: /home/guo/ITL_sentry_auto_new/install/auto_aim/include/solver_node.hpp
-- Up-to-date: /home/guo/ITL_sentry_auto_new/install/auto_aim/include/module
-- Up-to-date: /home/guo/ITL_sentry_auto_new/install/auto_aim/include/module/coord_converter.hpp
-- Up-to-date: /home/guo/ITL_sentry_auto_new/install/auto_aim/include/module/optimize_yaw.hpp
-- Up-to-date: /home/guo/ITL_sentry_auto_new/install/auto_aim/include/module/solver.hpp
-- Up-to-date: /home/guo/ITL_sentry_auto_new/install/auto_aim/include/module/pnp_solver.hpp
-- Up-to-date: /home/guo/ITL_sentry_auto_new/install/auto_aim/include
-- Up-to-date: /home/guo/ITL_sentry_auto_new/install/auto_aim/include/target.hpp
-- Up-to-date: /home/guo/ITL_sentry_auto_new/install/auto_aim/include
-- Up-to-date: /home/guo/ITL_sentry_auto_new/install/auto_aim/include/full_model.hpp
-- Up-to-date: /home/guo/ITL_sentry_auto_new/install/auto_aim/include
-- Up-to-date: /home/guo/ITL_sentry_auto_new/install/auto_aim/include/tracker.hpp
-- Up-to-date: /home/guo/ITL_sentry_auto_new/install/auto_aim/include
-- Up-to-date: /home/guo/ITL_sentry_auto_new/install/auto_aim/include/tinympc
-- Up-to-date: /home/guo/ITL_sentry_auto_new/install/auto_aim/include/tinympc/admm.hpp
-- Up-to-date: /home/guo/ITL_sentry_auto_new/install/auto_aim/include/tinympc/rho_benchmark.hpp
-- Up-to-date: /home/guo/ITL_sentry_auto_new/install/auto_aim/include/tinympc/codegen.hpp
-- Up-to-date: /home/guo/ITL_sentry_auto_new/install/auto_aim/include/tinympc/types.hpp
-- Up-to-date: /home/guo/ITL_sentry_auto_new/install/auto_aim/include/tinympc/tiny_api_constants.hpp
-- Up-to-date: /home/guo/ITL_sentry_auto_new/install/auto_aim/include/tinympc/error.hpp
-- Up-to-date: /home/guo/ITL_sentry_auto_new/install/auto_aim/include/tinympc/tiny_api.hpp
-- Up-to-date: /home/guo/ITL_sentry_auto_new/install/auto_aim/share/auto_aim/environment/library_path.sh
-- Up-to-date: /home/guo/ITL_sentry_auto_new/install/auto_aim/share/auto_aim/environment/library_path.dsv
-- Up-to-date: /home/guo/ITL_sentry_auto_new/install/auto_aim/share/auto_aim/package.xml
-- Up-to-date: /home/guo/ITL_sentry_auto_new/install/auto_aim/share/ament_index/resource_index/package_run_dependencies/auto_aim
-- Installing: /home/guo/ITL_sentry_auto_new/install/auto_aim/share/ament_index/resource_index/parent_prefix_path/auto_aim
-- Up-to-date: /home/guo/ITL_sentry_auto_new/install/auto_aim/share/auto_aim/environment/ament_prefix_path.sh
-- Up-to-date: /home/guo/ITL_sentry_auto_new/install/auto_aim/share/auto_aim/environment/ament_prefix_path.dsv
-- Up-to-date: /home/guo/ITL_sentry_auto_new/install/auto_aim/share/auto_aim/environment/path.sh
-- Up-to-date: /home/guo/ITL_sentry_auto_new/install/auto_aim/share/auto_aim/environment/path.dsv
-- Up-to-date: /home/guo/ITL_sentry_auto_new/install/auto_aim/share/auto_aim/local_setup.bash
-- Up-to-date: /home/guo/ITL_sentry_auto_new/install/auto_aim/share/auto_aim/local_setup.sh
-- Up-to-date: /home/guo/ITL_sentry_auto_new/install/auto_aim/share/auto_aim/local_setup.zsh
-- Up-to-date: /home/guo/ITL_sentry_auto_new/install/auto_aim/share/auto_aim/local_setup.dsv
-- Installing: /home/guo/ITL_sentry_auto_new/install/auto_aim/share/auto_aim/package.dsv
-- Up-to-date: /home/guo/ITL_sentry_auto_new/install/auto_aim/share/ament_index/resource_index/packages/auto_aim
-- Up-to-date: /home/guo/ITL_sentry_auto_new/install/auto_aim/share/auto_aim/cmake/auto_aimTargetsExport.cmake
-- Up-to-date: /home/guo/ITL_sentry_auto_new/install/auto_aim/share/auto_aim/cmake/auto_aimTargetsExport-noconfig.cmake
-- Up-to-date: /home/guo/ITL_sentry_auto_new/install/auto_aim/share/auto_aim/cmake/ament_cmake_export_include_directories-extras.cmake
-- Up-to-date: /home/guo/ITL_sentry_auto_new/install/auto_aim/share/auto_aim/cmake/ament_cmake_export_targets-extras.cmake
-- Up-to-date: /home/guo/ITL_sentry_auto_new/install/auto_aim/share/auto_aim/cmake/ament_cmake_export_dependencies-extras.cmake
-- Up-to-date: /home/guo/ITL_sentry_auto_new/install/auto_aim/share/auto_aim/cmake/auto_aimConfig.cmake
-- Up-to-date: /home/guo/ITL_sentry_auto_new/install/auto_aim/share/auto_aim/cmake/auto_aimConfig-version.cmake
-- Up-to-date: /home/guo/ITL_sentry_auto_new/install/auto_aim/share/auto_aim/package.xml
