[0.016s] Invoking command in '/home/guo/ITL_sentry_auto_new/build/auto_aim': CMAKE_PREFIX_PATH=/home/guo/ITL_sentry_auto_new/install/deveice:/home/guo/ITL_sentry_auto_new/install/serial:/home/guo/ITL_sentry_auto_new/install/utils:/home/guo/ITL_sentry_auto_new/install/autoaim_msgs:/home/guo/ITL_sentry_auto_new/install/pipeline:/home/guo/ITL_sentry_auto_new/install/auto_aim:/home/guo/ITL_sentry_auto_new/install/auto_buff:/home/guo/ITL_sentry_auto_new/install/launch_node:/opt/ros/rolling LD_LIBRARY_PATH=/home/guo/ITL_sentry_auto_new/install/deveice/lib:/home/guo/ITL_sentry_auto_new/install/serial/lib:/home/guo/ITL_sentry_auto_new/install/autoaim_msgs/lib:/home/guo/ITL_sentry_auto_new/install/auto_aim/lib:/home/guo/ITL_sentry_auto_new/install/auto_buff/lib:/home/guo/ITL_sentry_auto_new/install/utils/lib:/usr/lib/x86_64-linux-gnu:/opt/ros/rolling/opt/rviz_ogre_vendor/lib:/opt/ros/rolling/lib/x86_64-linux-gnu:/opt/ros/rolling/lib:/opt/MVS/lib/64:/opt/MVS/lib/32:/usr/local/TensorRT.10.7.0.23/lib:/usr/lib/x86_64-linux-gnu:/usr/local/cuda/lib64:/opt/MVS/lib/64:/opt/MVS/lib/32:/opt/MVS/lib/64:/opt/MVS/lib/32 /usr/local/bin/cmake --build /home/guo/ITL_sentry_auto_new/build/auto_aim -- -j24 -l24
[0.027s] -- Found ament_cmake: 2.3.2 (/opt/ros/rolling/share/ament_cmake/cmake)
[0.192s] -- Found rclcpp: 27.0.0 (/opt/ros/rolling/share/rclcpp/cmake)
[0.214s] -- Found rosidl_generator_c: 4.5.1 (/opt/ros/rolling/share/rosidl_generator_c/cmake)
[0.222s] -- Found rosidl_generator_cpp: 4.5.1 (/opt/ros/rolling/share/rosidl_generator_cpp/cmake)
[0.232s] -- Using all available rosidl_typesupport_c: rosidl_typesupport_fastrtps_c;rosidl_typesupport_introspection_c
[0.246s] -- Using all available rosidl_typesupport_cpp: rosidl_typesupport_fastrtps_cpp;rosidl_typesupport_introspection_cpp
[0.379s] -- Found rmw_implementation_cmake: 7.3.0 (/opt/ros/rolling/share/rmw_implementation_cmake/cmake)
[0.380s] -- Found rmw_fastrtps_cpp: 8.2.0 (/opt/ros/rolling/share/rmw_fastrtps_cpp/cmake)
[0.475s] -- Using RMW implementation 'rmw_fastrtps_cpp' as default
[0.629s] -- Found std_msgs: 5.3.0 (/opt/ros/rolling/share/std_msgs/cmake)
[0.655s] -- Found sensor_msgs: 5.3.0 (/opt/ros/rolling/share/sensor_msgs/cmake)
[0.772s] -- Found cv_bridge: 3.4.0 (/opt/ros/rolling/share/cv_bridge/cmake)
[0.793s] -- Found std_srvs: 5.3.0 (/opt/ros/rolling/share/std_srvs/cmake)
[0.833s] -- Found autoaim_msgs: 0.0.1 (/home/guo/ITL_sentry_auto_new/install/autoaim_msgs/share/autoaim_msgs/cmake)
[0.943s] -- Found utils: 1.0.0 (/home/guo/ITL_sentry_auto_new/install/utils/share/utils/cmake)
[0.964s] -- Found deveice: 1.0.0 (/home/guo/ITL_sentry_auto_new/install/deveice/share/deveice/cmake)
[1.061s] -- Configuring done (1.0s)
[1.105s] -- Generating done (0.0s)
[1.112s] -- Build files have been written to: /home/guo/ITL_sentry_auto_new/build/auto_aim
[1.133s] [  6%] Built target auto_aim_motion_model
[1.134s] [ 16%] Built target auto_aim_pointer
[1.139s] [ 35%] Built target auto_aim_detected
[1.168s] [ 54%] Built target auto_aim_solver
[1.181s] [ 61%] Built target auto_aim_predictor
[1.193s] [ 67%] Built target auto_aim_aimer
[1.203s] [ 87%] Built target auto_aim_planner
[1.209s] [ 93%] Built target auto_aim_tracker
[1.218s] [ 96%] [32m[1mLinking CXX shared library libauto_aim.so[0m
[3.058s] [100%] Built target auto_aim
[3.062s] Invoked command in '/home/guo/ITL_sentry_auto_new/build/auto_aim' returned '0': CMAKE_PREFIX_PATH=/home/guo/ITL_sentry_auto_new/install/deveice:/home/guo/ITL_sentry_auto_new/install/serial:/home/guo/ITL_sentry_auto_new/install/utils:/home/guo/ITL_sentry_auto_new/install/autoaim_msgs:/home/guo/ITL_sentry_auto_new/install/pipeline:/home/guo/ITL_sentry_auto_new/install/auto_aim:/home/guo/ITL_sentry_auto_new/install/auto_buff:/home/guo/ITL_sentry_auto_new/install/launch_node:/opt/ros/rolling LD_LIBRARY_PATH=/home/guo/ITL_sentry_auto_new/install/deveice/lib:/home/guo/ITL_sentry_auto_new/install/serial/lib:/home/guo/ITL_sentry_auto_new/install/autoaim_msgs/lib:/home/guo/ITL_sentry_auto_new/install/auto_aim/lib:/home/guo/ITL_sentry_auto_new/install/auto_buff/lib:/home/guo/ITL_sentry_auto_new/install/utils/lib:/usr/lib/x86_64-linux-gnu:/opt/ros/rolling/opt/rviz_ogre_vendor/lib:/opt/ros/rolling/lib/x86_64-linux-gnu:/opt/ros/rolling/lib:/opt/MVS/lib/64:/opt/MVS/lib/32:/usr/local/TensorRT.10.7.0.23/lib:/usr/lib/x86_64-linux-gnu:/usr/local/cuda/lib64:/opt/MVS/lib/64:/opt/MVS/lib/32:/opt/MVS/lib/64:/opt/MVS/lib/32 /usr/local/bin/cmake --build /home/guo/ITL_sentry_auto_new/build/auto_aim -- -j24 -l24
[3.064s] Invoking command in '/home/guo/ITL_sentry_auto_new/build/auto_aim': CMAKE_PREFIX_PATH=/home/guo/ITL_sentry_auto_new/install/deveice:/home/guo/ITL_sentry_auto_new/install/serial:/home/guo/ITL_sentry_auto_new/install/utils:/home/guo/ITL_sentry_auto_new/install/autoaim_msgs:/home/guo/ITL_sentry_auto_new/install/pipeline:/home/guo/ITL_sentry_auto_new/install/auto_aim:/home/guo/ITL_sentry_auto_new/install/auto_buff:/home/guo/ITL_sentry_auto_new/install/launch_node:/opt/ros/rolling LD_LIBRARY_PATH=/home/guo/ITL_sentry_auto_new/install/deveice/lib:/home/guo/ITL_sentry_auto_new/install/serial/lib:/home/guo/ITL_sentry_auto_new/install/autoaim_msgs/lib:/home/guo/ITL_sentry_auto_new/install/auto_aim/lib:/home/guo/ITL_sentry_auto_new/install/auto_buff/lib:/home/guo/ITL_sentry_auto_new/install/utils/lib:/usr/lib/x86_64-linux-gnu:/opt/ros/rolling/opt/rviz_ogre_vendor/lib:/opt/ros/rolling/lib/x86_64-linux-gnu:/opt/ros/rolling/lib:/opt/MVS/lib/64:/opt/MVS/lib/32:/usr/local/TensorRT.10.7.0.23/lib:/usr/lib/x86_64-linux-gnu:/usr/local/cuda/lib64:/opt/MVS/lib/64:/opt/MVS/lib/32:/opt/MVS/lib/64:/opt/MVS/lib/32 /usr/local/bin/cmake --install /home/guo/ITL_sentry_auto_new/build/auto_aim
[3.066s] -- Install configuration: ""
[3.066s] -- Installing: /home/guo/ITL_sentry_auto_new/install/auto_aim/lib/libauto_aim.so
[3.080s] -- Set non-toolchain portion of runtime path of "/home/guo/ITL_sentry_auto_new/install/auto_aim/lib/libauto_aim.so" to ""
[3.080s] -- Up-to-date: /home/guo/ITL_sentry_auto_new/install/auto_aim/lib/libauto_aim_aimer.a
[3.080s] -- Up-to-date: /home/guo/ITL_sentry_auto_new/install/auto_aim/lib/libauto_aim_detected.a
[3.080s] -- Up-to-date: /home/guo/ITL_sentry_auto_new/install/auto_aim/lib/libauto_aim_planner.a
[3.080s] -- Up-to-date: /home/guo/ITL_sentry_auto_new/install/auto_aim/lib/libauto_aim_pointer.a
[3.080s] -- Up-to-date: /home/guo/ITL_sentry_auto_new/install/auto_aim/lib/libauto_aim_solver.a
[3.080s] -- Up-to-date: /home/guo/ITL_sentry_auto_new/install/auto_aim/lib/libauto_aim_motion_model.a
[3.080s] -- Up-to-date: /home/guo/ITL_sentry_auto_new/install/auto_aim/lib/libauto_aim_predictor.a
[3.080s] -- Up-to-date: /home/guo/ITL_sentry_auto_new/install/auto_aim/lib/libauto_aim_tracker.a
[3.080s] -- Up-to-date: /home/guo/ITL_sentry_auto_new/install/auto_aim/include
[3.080s] -- Up-to-date: /home/guo/ITL_sentry_auto_new/install/auto_aim/include/aimer.hpp
[3.080s] -- Up-to-date: /home/guo/ITL_sentry_auto_new/install/auto_aim/include
[3.080s] -- Up-to-date: /home/guo/ITL_sentry_auto_new/install/auto_aim/include/common
[3.080s] -- Up-to-date: /home/guo/ITL_sentry_auto_new/install/auto_aim/include/common/armor.hpp
[3.081s] -- Up-to-date: /home/guo/ITL_sentry_auto_new/install/auto_aim/include/node
[3.081s] -- Up-to-date: /home/guo/ITL_sentry_auto_new/install/auto_aim/include/node/armor_detector_node.hpp
[3.081s] -- Up-to-date: /home/guo/ITL_sentry_auto_new/install/auto_aim/include/classifier
[3.081s] -- Up-to-date: /home/guo/ITL_sentry_auto_new/install/auto_aim/include/classifier/armor_classifier.hpp
[3.081s] -- Up-to-date: /home/guo/ITL_sentry_auto_new/install/auto_aim/include/detector
[3.081s] -- Up-to-date: /home/guo/ITL_sentry_auto_new/install/auto_aim/include/detector/common_detector.hpp
[3.081s] -- Up-to-date: /home/guo/ITL_sentry_auto_new/install/auto_aim/include/detector/yolo11.hpp
[3.081s] -- Up-to-date: /home/guo/ITL_sentry_auto_new/install/auto_aim/include
[3.081s] -- Up-to-date: /home/guo/ITL_sentry_auto_new/install/auto_aim/include/planner.hpp
[3.081s] -- Up-to-date: /home/guo/ITL_sentry_auto_new/install/auto_aim/include
[3.081s] -- Up-to-date: /home/guo/ITL_sentry_auto_new/install/auto_aim/include/types.hpp
[3.081s] -- Up-to-date: /home/guo/ITL_sentry_auto_new/install/auto_aim/include/lightbar_detector.hpp
[3.081s] -- Up-to-date: /home/guo/ITL_sentry_auto_new/install/auto_aim/include/image_processor.hpp
[3.081s] -- Up-to-date: /home/guo/ITL_sentry_auto_new/install/auto_aim/include
[3.081s] -- Up-to-date: /home/guo/ITL_sentry_auto_new/install/auto_aim/include/solver_node.hpp
[3.081s] -- Up-to-date: /home/guo/ITL_sentry_auto_new/install/auto_aim/include/module
[3.081s] -- Up-to-date: /home/guo/ITL_sentry_auto_new/install/auto_aim/include/module/coord_converter.hpp
[3.081s] -- Up-to-date: /home/guo/ITL_sentry_auto_new/install/auto_aim/include/module/optimize_yaw.hpp
[3.081s] -- Up-to-date: /home/guo/ITL_sentry_auto_new/install/auto_aim/include/module/solver.hpp
[3.081s] -- Up-to-date: /home/guo/ITL_sentry_auto_new/install/auto_aim/include/module/pnp_solver.hpp
[3.081s] -- Up-to-date: /home/guo/ITL_sentry_auto_new/install/auto_aim/include
[3.082s] -- Up-to-date: /home/guo/ITL_sentry_auto_new/install/auto_aim/include/target.hpp
[3.082s] -- Up-to-date: /home/guo/ITL_sentry_auto_new/install/auto_aim/include
[3.082s] -- Up-to-date: /home/guo/ITL_sentry_auto_new/install/auto_aim/include/full_model.hpp
[3.082s] -- Up-to-date: /home/guo/ITL_sentry_auto_new/install/auto_aim/include
[3.082s] -- Up-to-date: /home/guo/ITL_sentry_auto_new/install/auto_aim/include/tracker.hpp
[3.082s] -- Up-to-date: /home/guo/ITL_sentry_auto_new/install/auto_aim/include
[3.082s] -- Up-to-date: /home/guo/ITL_sentry_auto_new/install/auto_aim/include/tinympc
[3.082s] -- Up-to-date: /home/guo/ITL_sentry_auto_new/install/auto_aim/include/tinympc/admm.hpp
[3.082s] -- Up-to-date: /home/guo/ITL_sentry_auto_new/install/auto_aim/include/tinympc/rho_benchmark.hpp
[3.082s] -- Up-to-date: /home/guo/ITL_sentry_auto_new/install/auto_aim/include/tinympc/codegen.hpp
[3.082s] -- Up-to-date: /home/guo/ITL_sentry_auto_new/install/auto_aim/include/tinympc/types.hpp
[3.082s] -- Up-to-date: /home/guo/ITL_sentry_auto_new/install/auto_aim/include/tinympc/tiny_api_constants.hpp
[3.082s] -- Up-to-date: /home/guo/ITL_sentry_auto_new/install/auto_aim/include/tinympc/error.hpp
[3.082s] -- Up-to-date: /home/guo/ITL_sentry_auto_new/install/auto_aim/include/tinympc/tiny_api.hpp
[3.082s] -- Up-to-date: /home/guo/ITL_sentry_auto_new/install/auto_aim/share/auto_aim/environment/library_path.sh
[3.082s] -- Up-to-date: /home/guo/ITL_sentry_auto_new/install/auto_aim/share/auto_aim/environment/library_path.dsv
[3.082s] -- Up-to-date: /home/guo/ITL_sentry_auto_new/install/auto_aim/share/auto_aim/package.xml
[3.082s] -- Up-to-date: /home/guo/ITL_sentry_auto_new/install/auto_aim/share/ament_index/resource_index/package_run_dependencies/auto_aim
[3.082s] -- Installing: /home/guo/ITL_sentry_auto_new/install/auto_aim/share/ament_index/resource_index/parent_prefix_path/auto_aim
[3.082s] -- Up-to-date: /home/guo/ITL_sentry_auto_new/install/auto_aim/share/auto_aim/environment/ament_prefix_path.sh
[3.082s] -- Up-to-date: /home/guo/ITL_sentry_auto_new/install/auto_aim/share/auto_aim/environment/ament_prefix_path.dsv
[3.082s] -- Up-to-date: /home/guo/ITL_sentry_auto_new/install/auto_aim/share/auto_aim/environment/path.sh
[3.082s] -- Up-to-date: /home/guo/ITL_sentry_auto_new/install/auto_aim/share/auto_aim/environment/path.dsv
[3.082s] -- Up-to-date: /home/guo/ITL_sentry_auto_new/install/auto_aim/share/auto_aim/local_setup.bash
[3.082s] -- Up-to-date: /home/guo/ITL_sentry_auto_new/install/auto_aim/share/auto_aim/local_setup.sh
[3.082s] -- Up-to-date: /home/guo/ITL_sentry_auto_new/install/auto_aim/share/auto_aim/local_setup.zsh
[3.083s] -- Up-to-date: /home/guo/ITL_sentry_auto_new/install/auto_aim/share/auto_aim/local_setup.dsv
[3.083s] -- Installing: /home/guo/ITL_sentry_auto_new/install/auto_aim/share/auto_aim/package.dsv
[3.083s] -- Up-to-date: /home/guo/ITL_sentry_auto_new/install/auto_aim/share/ament_index/resource_index/packages/auto_aim
[3.083s] -- Up-to-date: /home/guo/ITL_sentry_auto_new/install/auto_aim/share/auto_aim/cmake/auto_aimTargetsExport.cmake
[3.083s] -- Up-to-date: /home/guo/ITL_sentry_auto_new/install/auto_aim/share/auto_aim/cmake/auto_aimTargetsExport-noconfig.cmake
[3.083s] -- Up-to-date: /home/guo/ITL_sentry_auto_new/install/auto_aim/share/auto_aim/cmake/ament_cmake_export_include_directories-extras.cmake
[3.083s] -- Up-to-date: /home/guo/ITL_sentry_auto_new/install/auto_aim/share/auto_aim/cmake/ament_cmake_export_targets-extras.cmake
[3.083s] -- Up-to-date: /home/guo/ITL_sentry_auto_new/install/auto_aim/share/auto_aim/cmake/ament_cmake_export_dependencies-extras.cmake
[3.083s] -- Up-to-date: /home/guo/ITL_sentry_auto_new/install/auto_aim/share/auto_aim/cmake/auto_aimConfig.cmake
[3.083s] -- Up-to-date: /home/guo/ITL_sentry_auto_new/install/auto_aim/share/auto_aim/cmake/auto_aimConfig-version.cmake
[3.083s] -- Up-to-date: /home/guo/ITL_sentry_auto_new/install/auto_aim/share/auto_aim/package.xml
[3.083s] Invoked command in '/home/guo/ITL_sentry_auto_new/build/auto_aim' returned '0': CMAKE_PREFIX_PATH=/home/guo/ITL_sentry_auto_new/install/deveice:/home/guo/ITL_sentry_auto_new/install/serial:/home/guo/ITL_sentry_auto_new/install/utils:/home/guo/ITL_sentry_auto_new/install/autoaim_msgs:/home/guo/ITL_sentry_auto_new/install/pipeline:/home/guo/ITL_sentry_auto_new/install/auto_aim:/home/guo/ITL_sentry_auto_new/install/auto_buff:/home/guo/ITL_sentry_auto_new/install/launch_node:/opt/ros/rolling LD_LIBRARY_PATH=/home/guo/ITL_sentry_auto_new/install/deveice/lib:/home/guo/ITL_sentry_auto_new/install/serial/lib:/home/guo/ITL_sentry_auto_new/install/autoaim_msgs/lib:/home/guo/ITL_sentry_auto_new/install/auto_aim/lib:/home/guo/ITL_sentry_auto_new/install/auto_buff/lib:/home/guo/ITL_sentry_auto_new/install/utils/lib:/usr/lib/x86_64-linux-gnu:/opt/ros/rolling/opt/rviz_ogre_vendor/lib:/opt/ros/rolling/lib/x86_64-linux-gnu:/opt/ros/rolling/lib:/opt/MVS/lib/64:/opt/MVS/lib/32:/usr/local/TensorRT.10.7.0.23/lib:/usr/lib/x86_64-linux-gnu:/usr/local/cuda/lib64:/opt/MVS/lib/64:/opt/MVS/lib/32:/opt/MVS/lib/64:/opt/MVS/lib/32 /usr/local/bin/cmake --install /home/guo/ITL_sentry_auto_new/build/auto_aim
