-- The C compiler identification is GNU 11.4.0
-- The CXX compiler identification is GNU 11.4.0
-- Detecting C compiler ABI info
-- Detecting C compiler ABI info - done
-- Check for working C compiler: /usr/bin/cc - skipped
-- Detecting C compile features
-- Detecting C compile features - done
-- Detecting CXX compiler ABI info
-- Detecting CXX compiler ABI info - done
-- Check for working CXX compiler: /usr/bin/c++ - skipped
-- Detecting CXX compile features
-- Detecting CXX compile features - done
-- Found ament_cmake: 2.3.2 (/opt/ros/rolling/share/ament_cmake/cmake)
-- Found Python3: /usr/bin/python3.10 (found version "3.10.12") found components: Interpreter 
-- Found rosidl_default_generators: 1.6.0 (/opt/ros/rolling/share/rosidl_default_generators/cmake)
-- Using all available rosidl_typesupport_c: rosidl_typesupport_fastrtps_c;rosidl_typesupport_introspection_c
-- Using all available rosidl_typesupport_cpp: rosidl_typesupport_fastrtps_cpp;rosidl_typesupport_introspection_cpp
-- Found rosidl_adapter: 4.5.1 (/opt/ros/rolling/share/rosidl_adapter/cmake)
-- Found std_msgs: 5.3.0 (/opt/ros/rolling/share/std_msgs/cmake)
-- Found geometry_msgs: 5.3.0 (/opt/ros/rolling/share/geometry_msgs/cmake)
-- Found sensor_msgs: 5.3.0 (/opt/ros/rolling/share/sensor_msgs/cmake)
-- Found ament_cmake_ros: 0.12.0 (/opt/ros/rolling/share/ament_cmake_ros/cmake)
-- Using all available rosidl_typesupport_c: rosidl_typesupport_fastrtps_c;rosidl_typesupport_introspection_c
-- Using all available rosidl_typesupport_cpp: rosidl_typesupport_fastrtps_cpp;rosidl_typesupport_introspection_cpp
-- Found PythonInterp: /usr/bin/python3 (found suitable version "3.10.12", minimum required is "3.6") 
-- Found python_cmake_module: 0.11.0 (/opt/ros/rolling/share/python_cmake_module/cmake)
-- Found PythonLibs: /usr/lib/x86_64-linux-gnu/libpython3.10.so (found suitable version "3.10.12", minimum required is "3.5") 
-- Using PYTHON_EXECUTABLE: /usr/bin/python3
-- Using PYTHON_INCLUDE_DIRS: /usr/include/python3.10
-- Using PYTHON_LIBRARIES: /usr/lib/x86_64-linux-gnu/libpython3.10.so
-- Found PythonExtra: .so  
-- Configuring done (3.6s)
-- Generating done (0.0s)
-- Build files have been written to: /home/guo/ITL_sentry_auto_new/build/autoaim_msgs
[  1%] [34m[1mGenerating type hashes for ROS interfaces[0m
[  1%] Built target ament_cmake_python_copy_autoaim_msgs
running egg_info
creating autoaim_msgs.egg-info
writing autoaim_msgs.egg-info/PKG-INFO
writing dependency_links to autoaim_msgs.egg-info/dependency_links.txt
writing top-level names to autoaim_msgs.egg-info/top_level.txt
writing manifest file 'autoaim_msgs.egg-info/SOURCES.txt'
reading manifest file 'autoaim_msgs.egg-info/SOURCES.txt'
writing manifest file 'autoaim_msgs.egg-info/SOURCES.txt'
[  1%] Built target ament_cmake_python_build_autoaim_msgs_egg
[  1%] Built target autoaim_msgs__rosidl_generator_type_description
[  2%] [34m[1mGenerating C code for ROS interfaces[0m
[  3%] [34m[1mGenerating C++ code for ROS interfaces[0m
[  4%] [32mBuilding C object CMakeFiles/autoaim_msgs__rosidl_generator_c.dir/rosidl_generator_c/autoaim_msgs/msg/detail/target__description.c.o[0m
[  7%] [32mBuilding C object CMakeFiles/autoaim_msgs__rosidl_generator_c.dir/rosidl_generator_c/autoaim_msgs/msg/detail/target__type_support.c.o[0m
[  7%] [32mBuilding C object CMakeFiles/autoaim_msgs__rosidl_generator_c.dir/rosidl_generator_c/autoaim_msgs/msg/detail/target__functions.c.o[0m
[  7%] [32mBuilding C object CMakeFiles/autoaim_msgs__rosidl_generator_c.dir/rosidl_generator_c/autoaim_msgs/msg/detail/targets__description.c.o[0m
[  9%] [32mBuilding C object CMakeFiles/autoaim_msgs__rosidl_generator_c.dir/rosidl_generator_c/autoaim_msgs/msg/detail/targets__functions.c.o[0m
[  9%] [32mBuilding C object CMakeFiles/autoaim_msgs__rosidl_generator_c.dir/rosidl_generator_c/autoaim_msgs/msg/detail/targets__type_support.c.o[0m
[ 11%] [32mBuilding C object CMakeFiles/autoaim_msgs__rosidl_generator_c.dir/rosidl_generator_c/autoaim_msgs/msg/detail/armor__functions.c.o[0m
[ 11%] [32mBuilding C object CMakeFiles/autoaim_msgs__rosidl_generator_c.dir/rosidl_generator_c/autoaim_msgs/msg/detail/armor__type_support.c.o[0m
[ 12%] [32mBuilding C object CMakeFiles/autoaim_msgs__rosidl_generator_c.dir/rosidl_generator_c/autoaim_msgs/msg/detail/armor__description.c.o[0m
[ 13%] [32mBuilding C object CMakeFiles/autoaim_msgs__rosidl_generator_c.dir/rosidl_generator_c/autoaim_msgs/msg/detail/armorresult__description.c.o[0m
[ 14%] [32mBuilding C object CMakeFiles/autoaim_msgs__rosidl_generator_c.dir/rosidl_generator_c/autoaim_msgs/msg/detail/armorresult__functions.c.o[0m
[ 15%] [32mBuilding C object CMakeFiles/autoaim_msgs__rosidl_generator_c.dir/rosidl_generator_c/autoaim_msgs/msg/detail/armorresult__type_support.c.o[0m
[ 17%] [32mBuilding C object CMakeFiles/autoaim_msgs__rosidl_generator_c.dir/rosidl_generator_c/autoaim_msgs/msg/detail/prediction__description.c.o[0m
[ 18%] [32mBuilding C object CMakeFiles/autoaim_msgs__rosidl_generator_c.dir/rosidl_generator_c/autoaim_msgs/msg/detail/prediction__functions.c.o[0m
[ 19%] [32mBuilding C object CMakeFiles/autoaim_msgs__rosidl_generator_c.dir/rosidl_generator_c/autoaim_msgs/msg/detail/prediction__type_support.c.o[0m
[ 20%] [32mBuilding C object CMakeFiles/autoaim_msgs__rosidl_generator_c.dir/rosidl_generator_c/autoaim_msgs/msg/detail/predictions__description.c.o[0m
[ 21%] [32mBuilding C object CMakeFiles/autoaim_msgs__rosidl_generator_c.dir/rosidl_generator_c/autoaim_msgs/msg/detail/predictions__functions.c.o[0m
[ 22%] [32mBuilding C object CMakeFiles/autoaim_msgs__rosidl_generator_c.dir/rosidl_generator_c/autoaim_msgs/msg/detail/predictions__type_support.c.o[0m
[ 23%] [32mBuilding C object CMakeFiles/autoaim_msgs__rosidl_generator_c.dir/rosidl_generator_c/autoaim_msgs/msg/detail/serialcmd__description.c.o[0m
[ 24%] [32mBuilding C object CMakeFiles/autoaim_msgs__rosidl_generator_c.dir/rosidl_generator_c/autoaim_msgs/msg/detail/serialcmd__type_support.c.o[0m
[ 25%] [32mBuilding C object CMakeFiles/autoaim_msgs__rosidl_generator_c.dir/rosidl_generator_c/autoaim_msgs/msg/detail/serialcmd__functions.c.o[0m
[ 26%] [32m[1mLinking C shared library libautoaim_msgs__rosidl_generator_c.so[0m
[ 26%] Built target autoaim_msgs__rosidl_generator_c
[ 27%] [34m[1mGenerating C type support dispatch for ROS interfaces[0m
[ 28%] [34m[1mGenerating C type support for eProsima Fast-RTPS[0m
[ 29%] [34m[1mGenerating C introspection for ROS interfaces[0m
[ 29%] Built target autoaim_msgs__cpp
[ 30%] [34m[1mGenerating C++ type support dispatch for ROS interfaces[0m
[ 31%] [34m[1mGenerating C++ type support for eProsima Fast-RTPS[0m
[ 32%] [34m[1mGenerating C++ introspection for ROS interfaces[0m
[ 34%] [32mBuilding CXX object CMakeFiles/autoaim_msgs__rosidl_typesupport_c.dir/rosidl_typesupport_c/autoaim_msgs/msg/target__type_support.cpp.o[0m
[ 35%] [32mBuilding CXX object CMakeFiles/autoaim_msgs__rosidl_typesupport_c.dir/rosidl_typesupport_c/autoaim_msgs/msg/targets__type_support.cpp.o[0m
[ 36%] [32mBuilding CXX object CMakeFiles/autoaim_msgs__rosidl_typesupport_c.dir/rosidl_typesupport_c/autoaim_msgs/msg/armor__type_support.cpp.o[0m
[ 37%] [32mBuilding CXX object CMakeFiles/autoaim_msgs__rosidl_typesupport_c.dir/rosidl_typesupport_c/autoaim_msgs/msg/armorresult__type_support.cpp.o[0m
[ 38%] [32mBuilding CXX object CMakeFiles/autoaim_msgs__rosidl_typesupport_c.dir/rosidl_typesupport_c/autoaim_msgs/msg/prediction__type_support.cpp.o[0m
[ 40%] [32mBuilding CXX object CMakeFiles/autoaim_msgs__rosidl_typesupport_c.dir/rosidl_typesupport_c/autoaim_msgs/msg/predictions__type_support.cpp.o[0m
[ 40%] [32mBuilding CXX object CMakeFiles/autoaim_msgs__rosidl_typesupport_c.dir/rosidl_typesupport_c/autoaim_msgs/msg/serialcmd__type_support.cpp.o[0m
[ 41%] [32m[1mLinking CXX shared library libautoaim_msgs__rosidl_typesupport_c.so[0m
[ 41%] Built target autoaim_msgs__rosidl_typesupport_c
[ 42%] [32mBuilding C object CMakeFiles/autoaim_msgs__rosidl_typesupport_introspection_c.dir/rosidl_typesupport_introspection_c/autoaim_msgs/msg/detail/target__type_support.c.o[0m
[ 43%] [32mBuilding C object CMakeFiles/autoaim_msgs__rosidl_typesupport_introspection_c.dir/rosidl_typesupport_introspection_c/autoaim_msgs/msg/detail/armorresult__type_support.c.o[0m
[ 44%] [32mBuilding C object CMakeFiles/autoaim_msgs__rosidl_typesupport_introspection_c.dir/rosidl_typesupport_introspection_c/autoaim_msgs/msg/detail/targets__type_support.c.o[0m
[ 45%] [32mBuilding C object CMakeFiles/autoaim_msgs__rosidl_typesupport_introspection_c.dir/rosidl_typesupport_introspection_c/autoaim_msgs/msg/detail/armor__type_support.c.o[0m
[ 46%] [32mBuilding C object CMakeFiles/autoaim_msgs__rosidl_typesupport_introspection_c.dir/rosidl_typesupport_introspection_c/autoaim_msgs/msg/detail/prediction__type_support.c.o[0m
[ 48%] [32mBuilding C object CMakeFiles/autoaim_msgs__rosidl_typesupport_introspection_c.dir/rosidl_typesupport_introspection_c/autoaim_msgs/msg/detail/predictions__type_support.c.o[0m
[ 48%] [32mBuilding C object CMakeFiles/autoaim_msgs__rosidl_typesupport_introspection_c.dir/rosidl_typesupport_introspection_c/autoaim_msgs/msg/detail/serialcmd__type_support.c.o[0m
[ 50%] [32m[1mLinking C shared library libautoaim_msgs__rosidl_typesupport_introspection_c.so[0m
[ 50%] Built target autoaim_msgs__rosidl_typesupport_introspection_c
[ 53%] [32mBuilding CXX object CMakeFiles/autoaim_msgs__rosidl_typesupport_cpp.dir/rosidl_typesupport_cpp/autoaim_msgs/msg/armor__type_support.cpp.o[0m
[ 53%] [32mBuilding CXX object CMakeFiles/autoaim_msgs__rosidl_typesupport_cpp.dir/rosidl_typesupport_cpp/autoaim_msgs/msg/targets__type_support.cpp.o[0m
[ 53%] [32mBuilding CXX object CMakeFiles/autoaim_msgs__rosidl_typesupport_cpp.dir/rosidl_typesupport_cpp/autoaim_msgs/msg/target__type_support.cpp.o[0m
[ 56%] [32mBuilding CXX object CMakeFiles/autoaim_msgs__rosidl_typesupport_cpp.dir/rosidl_typesupport_cpp/autoaim_msgs/msg/serialcmd__type_support.cpp.o[0m
[ 56%] [32mBuilding CXX object CMakeFiles/autoaim_msgs__rosidl_typesupport_cpp.dir/rosidl_typesupport_cpp/autoaim_msgs/msg/armorresult__type_support.cpp.o[0m
[ 56%] [32mBuilding CXX object CMakeFiles/autoaim_msgs__rosidl_typesupport_cpp.dir/rosidl_typesupport_cpp/autoaim_msgs/msg/prediction__type_support.cpp.o[0m
[ 57%] [32mBuilding CXX object CMakeFiles/autoaim_msgs__rosidl_typesupport_cpp.dir/rosidl_typesupport_cpp/autoaim_msgs/msg/predictions__type_support.cpp.o[0m
[ 58%] [32mBuilding CXX object CMakeFiles/autoaim_msgs__rosidl_typesupport_introspection_cpp.dir/rosidl_typesupport_introspection_cpp/autoaim_msgs/msg/detail/target__type_support.cpp.o[0m
[ 59%] [32mBuilding CXX object CMakeFiles/autoaim_msgs__rosidl_typesupport_introspection_cpp.dir/rosidl_typesupport_introspection_cpp/autoaim_msgs/msg/detail/targets__type_support.cpp.o[0m
[ 60%] [32mBuilding CXX object CMakeFiles/autoaim_msgs__rosidl_typesupport_introspection_cpp.dir/rosidl_typesupport_introspection_cpp/autoaim_msgs/msg/detail/armor__type_support.cpp.o[0m
[ 61%] [32mBuilding CXX object CMakeFiles/autoaim_msgs__rosidl_typesupport_introspection_cpp.dir/rosidl_typesupport_introspection_cpp/autoaim_msgs/msg/detail/armorresult__type_support.cpp.o[0m
[ 62%] [32mBuilding CXX object CMakeFiles/autoaim_msgs__rosidl_typesupport_introspection_cpp.dir/rosidl_typesupport_introspection_cpp/autoaim_msgs/msg/detail/prediction__type_support.cpp.o[0m
[ 63%] [32mBuilding CXX object CMakeFiles/autoaim_msgs__rosidl_typesupport_introspection_cpp.dir/rosidl_typesupport_introspection_cpp/autoaim_msgs/msg/detail/predictions__type_support.cpp.o[0m
[ 64%] [32mBuilding CXX object CMakeFiles/autoaim_msgs__rosidl_typesupport_introspection_cpp.dir/rosidl_typesupport_introspection_cpp/autoaim_msgs/msg/detail/serialcmd__type_support.cpp.o[0m
[ 65%] [32mBuilding CXX object CMakeFiles/autoaim_msgs__rosidl_typesupport_fastrtps_cpp.dir/rosidl_typesupport_fastrtps_cpp/autoaim_msgs/msg/detail/dds_fastrtps/target__type_support.cpp.o[0m
[ 68%] [32mBuilding CXX object CMakeFiles/autoaim_msgs__rosidl_typesupport_fastrtps_cpp.dir/rosidl_typesupport_fastrtps_cpp/autoaim_msgs/msg/detail/dds_fastrtps/armorresult__type_support.cpp.o[0m
[ 68%] [32mBuilding CXX object CMakeFiles/autoaim_msgs__rosidl_typesupport_fastrtps_cpp.dir/rosidl_typesupport_fastrtps_cpp/autoaim_msgs/msg/detail/dds_fastrtps/targets__type_support.cpp.o[0m
[ 69%] [32mBuilding CXX object CMakeFiles/autoaim_msgs__rosidl_typesupport_fastrtps_cpp.dir/rosidl_typesupport_fastrtps_cpp/autoaim_msgs/msg/detail/dds_fastrtps/armor__type_support.cpp.o[0m
[ 70%] [32mBuilding CXX object CMakeFiles/autoaim_msgs__rosidl_typesupport_fastrtps_cpp.dir/rosidl_typesupport_fastrtps_cpp/autoaim_msgs/msg/detail/dds_fastrtps/prediction__type_support.cpp.o[0m
[ 71%] [32mBuilding CXX object CMakeFiles/autoaim_msgs__rosidl_typesupport_fastrtps_cpp.dir/rosidl_typesupport_fastrtps_cpp/autoaim_msgs/msg/detail/dds_fastrtps/predictions__type_support.cpp.o[0m
[ 72%] [32mBuilding CXX object CMakeFiles/autoaim_msgs__rosidl_typesupport_fastrtps_cpp.dir/rosidl_typesupport_fastrtps_cpp/autoaim_msgs/msg/detail/dds_fastrtps/serialcmd__type_support.cpp.o[0m
[ 73%] [32mBuilding CXX object CMakeFiles/autoaim_msgs__rosidl_typesupport_fastrtps_c.dir/rosidl_typesupport_fastrtps_c/autoaim_msgs/msg/detail/target__type_support_c.cpp.o[0m
[ 75%] [32mBuilding CXX object CMakeFiles/autoaim_msgs__rosidl_typesupport_fastrtps_c.dir/rosidl_typesupport_fastrtps_c/autoaim_msgs/msg/detail/targets__type_support_c.cpp.o[0m
[ 74%] [32mBuilding CXX object CMakeFiles/autoaim_msgs__rosidl_typesupport_fastrtps_c.dir/rosidl_typesupport_fastrtps_c/autoaim_msgs/msg/detail/armor__type_support_c.cpp.o[0m
[ 76%] [32mBuilding CXX object CMakeFiles/autoaim_msgs__rosidl_typesupport_fastrtps_c.dir/rosidl_typesupport_fastrtps_c/autoaim_msgs/msg/detail/armorresult__type_support_c.cpp.o[0m
[ 77%] [32mBuilding CXX object CMakeFiles/autoaim_msgs__rosidl_typesupport_fastrtps_c.dir/rosidl_typesupport_fastrtps_c/autoaim_msgs/msg/detail/prediction__type_support_c.cpp.o[0m
[ 78%] [32mBuilding CXX object CMakeFiles/autoaim_msgs__rosidl_typesupport_fastrtps_c.dir/rosidl_typesupport_fastrtps_c/autoaim_msgs/msg/detail/serialcmd__type_support_c.cpp.o[0m
[ 79%] [32mBuilding CXX object CMakeFiles/autoaim_msgs__rosidl_typesupport_fastrtps_c.dir/rosidl_typesupport_fastrtps_c/autoaim_msgs/msg/detail/predictions__type_support_c.cpp.o[0m
[ 80%] [32m[1mLinking CXX shared library libautoaim_msgs__rosidl_typesupport_cpp.so[0m
[ 80%] Built target autoaim_msgs__rosidl_typesupport_cpp
[ 81%] [32m[1mLinking CXX shared library libautoaim_msgs__rosidl_typesupport_introspection_cpp.so[0m
[ 81%] Built target autoaim_msgs__rosidl_typesupport_introspection_cpp
[ 82%] [32m[1mLinking CXX shared library libautoaim_msgs__rosidl_typesupport_fastrtps_c.so[0m
[ 84%] [32m[1mLinking CXX shared library libautoaim_msgs__rosidl_typesupport_fastrtps_cpp.so[0m
[ 84%] Built target autoaim_msgs__rosidl_typesupport_fastrtps_c
[ 84%] Built target autoaim_msgs__rosidl_typesupport_fastrtps_cpp
[ 84%] Built target autoaim_msgs
[ 85%] [34m[1mGenerating Python code for ROS interfaces[0m
[ 85%] Built target autoaim_msgs__py
[ 86%] [32mBuilding C object CMakeFiles/autoaim_msgs__rosidl_generator_py.dir/rosidl_generator_py/autoaim_msgs/msg/_target_s.c.o[0m
[ 87%] [32mBuilding C object CMakeFiles/autoaim_msgs__rosidl_generator_py.dir/rosidl_generator_py/autoaim_msgs/msg/_armor_s.c.o[0m
[ 88%] [32mBuilding C object CMakeFiles/autoaim_msgs__rosidl_generator_py.dir/rosidl_generator_py/autoaim_msgs/msg/_armorresult_s.c.o[0m
[ 89%] [32mBuilding C object CMakeFiles/autoaim_msgs__rosidl_generator_py.dir/rosidl_generator_py/autoaim_msgs/msg/_targets_s.c.o[0m
[ 90%] [32mBuilding C object CMakeFiles/autoaim_msgs__rosidl_generator_py.dir/rosidl_generator_py/autoaim_msgs/msg/_predictions_s.c.o[0m
[ 91%] [32mBuilding C object CMakeFiles/autoaim_msgs__rosidl_generator_py.dir/rosidl_generator_py/autoaim_msgs/msg/_prediction_s.c.o[0m
[ 92%] [32mBuilding C object CMakeFiles/autoaim_msgs__rosidl_generator_py.dir/rosidl_generator_py/autoaim_msgs/msg/_serialcmd_s.c.o[0m
[ 93%] [32m[1mLinking C shared library libautoaim_msgs__rosidl_generator_py.so[0m
[ 93%] Built target autoaim_msgs__rosidl_generator_py
[ 94%] [32mBuilding C object CMakeFiles/autoaim_msgs__rosidl_typesupport_c__pyext.dir/rosidl_generator_py/autoaim_msgs/_autoaim_msgs_s.ep.rosidl_typesupport_c.c.o[0m
[ 96%] [32mBuilding C object CMakeFiles/autoaim_msgs__rosidl_typesupport_introspection_c__pyext.dir/rosidl_generator_py/autoaim_msgs/_autoaim_msgs_s.ep.rosidl_typesupport_introspection_c.c.o[0m
[ 96%] [32mBuilding C object CMakeFiles/autoaim_msgs__rosidl_typesupport_fastrtps_c__pyext.dir/rosidl_generator_py/autoaim_msgs/_autoaim_msgs_s.ep.rosidl_typesupport_fastrtps_c.c.o[0m
[ 97%] [32m[1mLinking C shared library autoaim_msgs_s__rosidl_typesupport_c.cpython-310-x86_64-linux-gnu.so[0m
[ 98%] [32m[1mLinking C shared library autoaim_msgs_s__rosidl_typesupport_introspection_c.cpython-310-x86_64-linux-gnu.so[0m
[100%] [32m[1mLinking C shared library autoaim_msgs_s__rosidl_typesupport_fastrtps_c.cpython-310-x86_64-linux-gnu.so[0m
[100%] Built target autoaim_msgs__rosidl_typesupport_c__pyext
[100%] Built target autoaim_msgs__rosidl_typesupport_introspection_c__pyext
[100%] Built target autoaim_msgs__rosidl_typesupport_fastrtps_c__pyext
-- Install configuration: ""
-- Installing: /home/guo/ITL_sentry_auto_new/install/autoaim_msgs/share/ament_index/resource_index/rosidl_interfaces/autoaim_msgs
-- Installing: /home/guo/ITL_sentry_auto_new/install/autoaim_msgs/share/autoaim_msgs/msg/Target.json
-- Installing: /home/guo/ITL_sentry_auto_new/install/autoaim_msgs/share/autoaim_msgs/msg/Targets.json
-- Installing: /home/guo/ITL_sentry_auto_new/install/autoaim_msgs/share/autoaim_msgs/msg/Armor.json
-- Installing: /home/guo/ITL_sentry_auto_new/install/autoaim_msgs/share/autoaim_msgs/msg/Armorresult.json
-- Installing: /home/guo/ITL_sentry_auto_new/install/autoaim_msgs/share/autoaim_msgs/msg/Prediction.json
-- Installing: /home/guo/ITL_sentry_auto_new/install/autoaim_msgs/share/autoaim_msgs/msg/Predictions.json
-- Installing: /home/guo/ITL_sentry_auto_new/install/autoaim_msgs/share/autoaim_msgs/msg/Serialcmd.json
-- Installing: /home/guo/ITL_sentry_auto_new/install/autoaim_msgs/include/autoaim_msgs/autoaim_msgs
-- Installing: /home/guo/ITL_sentry_auto_new/install/autoaim_msgs/include/autoaim_msgs/autoaim_msgs/msg
-- Installing: /home/guo/ITL_sentry_auto_new/install/autoaim_msgs/include/autoaim_msgs/autoaim_msgs/msg/serialcmd.h
-- Installing: /home/guo/ITL_sentry_auto_new/install/autoaim_msgs/include/autoaim_msgs/autoaim_msgs/msg/rosidl_generator_c__visibility_control.h
-- Installing: /home/guo/ITL_sentry_auto_new/install/autoaim_msgs/include/autoaim_msgs/autoaim_msgs/msg/detail
-- Installing: /home/guo/ITL_sentry_auto_new/install/autoaim_msgs/include/autoaim_msgs/autoaim_msgs/msg/detail/target__type_support.h
-- Installing: /home/guo/ITL_sentry_auto_new/install/autoaim_msgs/include/autoaim_msgs/autoaim_msgs/msg/detail/armorresult__type_support.c
-- Installing: /home/guo/ITL_sentry_auto_new/install/autoaim_msgs/include/autoaim_msgs/autoaim_msgs/msg/detail/predictions__type_support.c
-- Installing: /home/guo/ITL_sentry_auto_new/install/autoaim_msgs/include/autoaim_msgs/autoaim_msgs/msg/detail/targets__functions.h
-- Installing: /home/guo/ITL_sentry_auto_new/install/autoaim_msgs/include/autoaim_msgs/autoaim_msgs/msg/detail/target__description.c
-- Installing: /home/guo/ITL_sentry_auto_new/install/autoaim_msgs/include/autoaim_msgs/autoaim_msgs/msg/detail/predictions__type_support.h
-- Installing: /home/guo/ITL_sentry_auto_new/install/autoaim_msgs/include/autoaim_msgs/autoaim_msgs/msg/detail/prediction__type_support.h
-- Installing: /home/guo/ITL_sentry_auto_new/install/autoaim_msgs/include/autoaim_msgs/autoaim_msgs/msg/detail/predictions__struct.h
-- Installing: /home/guo/ITL_sentry_auto_new/install/autoaim_msgs/include/autoaim_msgs/autoaim_msgs/msg/detail/armor__functions.c
-- Installing: /home/guo/ITL_sentry_auto_new/install/autoaim_msgs/include/autoaim_msgs/autoaim_msgs/msg/detail/serialcmd__functions.h
-- Installing: /home/guo/ITL_sentry_auto_new/install/autoaim_msgs/include/autoaim_msgs/autoaim_msgs/msg/detail/targets__type_support.c
-- Installing: /home/guo/ITL_sentry_auto_new/install/autoaim_msgs/include/autoaim_msgs/autoaim_msgs/msg/detail/prediction__functions.h
-- Installing: /home/guo/ITL_sentry_auto_new/install/autoaim_msgs/include/autoaim_msgs/autoaim_msgs/msg/detail/serialcmd__functions.c
-- Installing: /home/guo/ITL_sentry_auto_new/install/autoaim_msgs/include/autoaim_msgs/autoaim_msgs/msg/detail/armor__functions.h
-- Installing: /home/guo/ITL_sentry_auto_new/install/autoaim_msgs/include/autoaim_msgs/autoaim_msgs/msg/detail/target__functions.c
-- Installing: /home/guo/ITL_sentry_auto_new/install/autoaim_msgs/include/autoaim_msgs/autoaim_msgs/msg/detail/serialcmd__type_support.c
-- Installing: /home/guo/ITL_sentry_auto_new/install/autoaim_msgs/include/autoaim_msgs/autoaim_msgs/msg/detail/predictions__functions.h
-- Installing: /home/guo/ITL_sentry_auto_new/install/autoaim_msgs/include/autoaim_msgs/autoaim_msgs/msg/detail/armorresult__functions.c
-- Installing: /home/guo/ITL_sentry_auto_new/install/autoaim_msgs/include/autoaim_msgs/autoaim_msgs/msg/detail/armor__description.c
-- Installing: /home/guo/ITL_sentry_auto_new/install/autoaim_msgs/include/autoaim_msgs/autoaim_msgs/msg/detail/prediction__struct.h
-- Installing: /home/guo/ITL_sentry_auto_new/install/autoaim_msgs/include/autoaim_msgs/autoaim_msgs/msg/detail/armorresult__description.c
-- Installing: /home/guo/ITL_sentry_auto_new/install/autoaim_msgs/include/autoaim_msgs/autoaim_msgs/msg/detail/targets__description.c
-- Installing: /home/guo/ITL_sentry_auto_new/install/autoaim_msgs/include/autoaim_msgs/autoaim_msgs/msg/detail/target__functions.h
-- Installing: /home/guo/ITL_sentry_auto_new/install/autoaim_msgs/include/autoaim_msgs/autoaim_msgs/msg/detail/predictions__functions.c
-- Installing: /home/guo/ITL_sentry_auto_new/install/autoaim_msgs/include/autoaim_msgs/autoaim_msgs/msg/detail/serialcmd__struct.h
-- Installing: /home/guo/ITL_sentry_auto_new/install/autoaim_msgs/include/autoaim_msgs/autoaim_msgs/msg/detail/armor__struct.h
-- Installing: /home/guo/ITL_sentry_auto_new/install/autoaim_msgs/include/autoaim_msgs/autoaim_msgs/msg/detail/serialcmd__type_support.h
-- Installing: /home/guo/ITL_sentry_auto_new/install/autoaim_msgs/include/autoaim_msgs/autoaim_msgs/msg/detail/predictions__description.c
-- Installing: /home/guo/ITL_sentry_auto_new/install/autoaim_msgs/include/autoaim_msgs/autoaim_msgs/msg/detail/armor__type_support.c
-- Installing: /home/guo/ITL_sentry_auto_new/install/autoaim_msgs/include/autoaim_msgs/autoaim_msgs/msg/detail/serialcmd__description.c
-- Installing: /home/guo/ITL_sentry_auto_new/install/autoaim_msgs/include/autoaim_msgs/autoaim_msgs/msg/detail/prediction__functions.c
-- Installing: /home/guo/ITL_sentry_auto_new/install/autoaim_msgs/include/autoaim_msgs/autoaim_msgs/msg/detail/prediction__description.c
-- Installing: /home/guo/ITL_sentry_auto_new/install/autoaim_msgs/include/autoaim_msgs/autoaim_msgs/msg/detail/armor__type_support.h
-- Installing: /home/guo/ITL_sentry_auto_new/install/autoaim_msgs/include/autoaim_msgs/autoaim_msgs/msg/detail/armorresult__type_support.h
-- Installing: /home/guo/ITL_sentry_auto_new/install/autoaim_msgs/include/autoaim_msgs/autoaim_msgs/msg/detail/armorresult__struct.h
-- Installing: /home/guo/ITL_sentry_auto_new/install/autoaim_msgs/include/autoaim_msgs/autoaim_msgs/msg/detail/target__type_support.c
-- Installing: /home/guo/ITL_sentry_auto_new/install/autoaim_msgs/include/autoaim_msgs/autoaim_msgs/msg/detail/targets__struct.h
-- Installing: /home/guo/ITL_sentry_auto_new/install/autoaim_msgs/include/autoaim_msgs/autoaim_msgs/msg/detail/targets__type_support.h
-- Installing: /home/guo/ITL_sentry_auto_new/install/autoaim_msgs/include/autoaim_msgs/autoaim_msgs/msg/detail/targets__functions.c
-- Installing: /home/guo/ITL_sentry_auto_new/install/autoaim_msgs/include/autoaim_msgs/autoaim_msgs/msg/detail/armorresult__functions.h
-- Installing: /home/guo/ITL_sentry_auto_new/install/autoaim_msgs/include/autoaim_msgs/autoaim_msgs/msg/detail/prediction__type_support.c
-- Installing: /home/guo/ITL_sentry_auto_new/install/autoaim_msgs/include/autoaim_msgs/autoaim_msgs/msg/detail/target__struct.h
-- Installing: /home/guo/ITL_sentry_auto_new/install/autoaim_msgs/include/autoaim_msgs/autoaim_msgs/msg/target.h
-- Installing: /home/guo/ITL_sentry_auto_new/install/autoaim_msgs/include/autoaim_msgs/autoaim_msgs/msg/prediction.h
-- Installing: /home/guo/ITL_sentry_auto_new/install/autoaim_msgs/include/autoaim_msgs/autoaim_msgs/msg/armorresult.h
-- Installing: /home/guo/ITL_sentry_auto_new/install/autoaim_msgs/include/autoaim_msgs/autoaim_msgs/msg/predictions.h
-- Installing: /home/guo/ITL_sentry_auto_new/install/autoaim_msgs/include/autoaim_msgs/autoaim_msgs/msg/armor.h
-- Installing: /home/guo/ITL_sentry_auto_new/install/autoaim_msgs/include/autoaim_msgs/autoaim_msgs/msg/targets.h
-- Installing: /home/guo/ITL_sentry_auto_new/install/autoaim_msgs/share/autoaim_msgs/environment/library_path.sh
-- Installing: /home/guo/ITL_sentry_auto_new/install/autoaim_msgs/share/autoaim_msgs/environment/library_path.dsv
-- Installing: /home/guo/ITL_sentry_auto_new/install/autoaim_msgs/lib/libautoaim_msgs__rosidl_generator_c.so
-- Set non-toolchain portion of runtime path of "/home/guo/ITL_sentry_auto_new/install/autoaim_msgs/lib/libautoaim_msgs__rosidl_generator_c.so" to ""
-- Up-to-date: /home/guo/ITL_sentry_auto_new/install/autoaim_msgs/include/autoaim_msgs/autoaim_msgs
-- Up-to-date: /home/guo/ITL_sentry_auto_new/install/autoaim_msgs/include/autoaim_msgs/autoaim_msgs/msg
-- Up-to-date: /home/guo/ITL_sentry_auto_new/install/autoaim_msgs/include/autoaim_msgs/autoaim_msgs/msg/detail
-- Installing: /home/guo/ITL_sentry_auto_new/install/autoaim_msgs/include/autoaim_msgs/autoaim_msgs/msg/detail/predictions__rosidl_typesupport_fastrtps_c.h
-- Installing: /home/guo/ITL_sentry_auto_new/install/autoaim_msgs/include/autoaim_msgs/autoaim_msgs/msg/detail/serialcmd__rosidl_typesupport_fastrtps_c.h
-- Installing: /home/guo/ITL_sentry_auto_new/install/autoaim_msgs/include/autoaim_msgs/autoaim_msgs/msg/detail/prediction__rosidl_typesupport_fastrtps_c.h
-- Installing: /home/guo/ITL_sentry_auto_new/install/autoaim_msgs/include/autoaim_msgs/autoaim_msgs/msg/detail/targets__rosidl_typesupport_fastrtps_c.h
-- Installing: /home/guo/ITL_sentry_auto_new/install/autoaim_msgs/include/autoaim_msgs/autoaim_msgs/msg/detail/armor__rosidl_typesupport_fastrtps_c.h
-- Installing: /home/guo/ITL_sentry_auto_new/install/autoaim_msgs/include/autoaim_msgs/autoaim_msgs/msg/detail/target__rosidl_typesupport_fastrtps_c.h
-- Installing: /home/guo/ITL_sentry_auto_new/install/autoaim_msgs/include/autoaim_msgs/autoaim_msgs/msg/detail/armorresult__rosidl_typesupport_fastrtps_c.h
-- Installing: /home/guo/ITL_sentry_auto_new/install/autoaim_msgs/include/autoaim_msgs/autoaim_msgs/msg/rosidl_typesupport_fastrtps_c__visibility_control.h
-- Installing: /home/guo/ITL_sentry_auto_new/install/autoaim_msgs/lib/libautoaim_msgs__rosidl_typesupport_fastrtps_c.so
-- Set non-toolchain portion of runtime path of "/home/guo/ITL_sentry_auto_new/install/autoaim_msgs/lib/libautoaim_msgs__rosidl_typesupport_fastrtps_c.so" to ""
-- Up-to-date: /home/guo/ITL_sentry_auto_new/install/autoaim_msgs/include/autoaim_msgs/autoaim_msgs
-- Up-to-date: /home/guo/ITL_sentry_auto_new/install/autoaim_msgs/include/autoaim_msgs/autoaim_msgs/msg
-- Installing: /home/guo/ITL_sentry_auto_new/install/autoaim_msgs/include/autoaim_msgs/autoaim_msgs/msg/rosidl_typesupport_introspection_c__visibility_control.h
-- Up-to-date: /home/guo/ITL_sentry_auto_new/install/autoaim_msgs/include/autoaim_msgs/autoaim_msgs/msg/detail
-- Installing: /home/guo/ITL_sentry_auto_new/install/autoaim_msgs/include/autoaim_msgs/autoaim_msgs/msg/detail/armorresult__type_support.c
-- Installing: /home/guo/ITL_sentry_auto_new/install/autoaim_msgs/include/autoaim_msgs/autoaim_msgs/msg/detail/predictions__type_support.c
-- Installing: /home/guo/ITL_sentry_auto_new/install/autoaim_msgs/include/autoaim_msgs/autoaim_msgs/msg/detail/prediction__rosidl_typesupport_introspection_c.h
-- Installing: /home/guo/ITL_sentry_auto_new/install/autoaim_msgs/include/autoaim_msgs/autoaim_msgs/msg/detail/targets__type_support.c
-- Installing: /home/guo/ITL_sentry_auto_new/install/autoaim_msgs/include/autoaim_msgs/autoaim_msgs/msg/detail/armor__rosidl_typesupport_introspection_c.h
-- Installing: /home/guo/ITL_sentry_auto_new/install/autoaim_msgs/include/autoaim_msgs/autoaim_msgs/msg/detail/serialcmd__type_support.c
-- Installing: /home/guo/ITL_sentry_auto_new/install/autoaim_msgs/include/autoaim_msgs/autoaim_msgs/msg/detail/armorresult__rosidl_typesupport_introspection_c.h
-- Installing: /home/guo/ITL_sentry_auto_new/install/autoaim_msgs/include/autoaim_msgs/autoaim_msgs/msg/detail/target__rosidl_typesupport_introspection_c.h
-- Installing: /home/guo/ITL_sentry_auto_new/install/autoaim_msgs/include/autoaim_msgs/autoaim_msgs/msg/detail/predictions__rosidl_typesupport_introspection_c.h
-- Installing: /home/guo/ITL_sentry_auto_new/install/autoaim_msgs/include/autoaim_msgs/autoaim_msgs/msg/detail/armor__type_support.c
-- Installing: /home/guo/ITL_sentry_auto_new/install/autoaim_msgs/include/autoaim_msgs/autoaim_msgs/msg/detail/serialcmd__rosidl_typesupport_introspection_c.h
-- Installing: /home/guo/ITL_sentry_auto_new/install/autoaim_msgs/include/autoaim_msgs/autoaim_msgs/msg/detail/target__type_support.c
-- Installing: /home/guo/ITL_sentry_auto_new/install/autoaim_msgs/include/autoaim_msgs/autoaim_msgs/msg/detail/prediction__type_support.c
-- Installing: /home/guo/ITL_sentry_auto_new/install/autoaim_msgs/include/autoaim_msgs/autoaim_msgs/msg/detail/targets__rosidl_typesupport_introspection_c.h
-- Installing: /home/guo/ITL_sentry_auto_new/install/autoaim_msgs/lib/libautoaim_msgs__rosidl_typesupport_introspection_c.so
-- Set non-toolchain portion of runtime path of "/home/guo/ITL_sentry_auto_new/install/autoaim_msgs/lib/libautoaim_msgs__rosidl_typesupport_introspection_c.so" to ""
-- Installing: /home/guo/ITL_sentry_auto_new/install/autoaim_msgs/lib/libautoaim_msgs__rosidl_typesupport_c.so
-- Set non-toolchain portion of runtime path of "/home/guo/ITL_sentry_auto_new/install/autoaim_msgs/lib/libautoaim_msgs__rosidl_typesupport_c.so" to ""
-- Up-to-date: /home/guo/ITL_sentry_auto_new/install/autoaim_msgs/include/autoaim_msgs/autoaim_msgs
-- Up-to-date: /home/guo/ITL_sentry_auto_new/install/autoaim_msgs/include/autoaim_msgs/autoaim_msgs/msg
-- Installing: /home/guo/ITL_sentry_auto_new/install/autoaim_msgs/include/autoaim_msgs/autoaim_msgs/msg/targets.hpp
-- Installing: /home/guo/ITL_sentry_auto_new/install/autoaim_msgs/include/autoaim_msgs/autoaim_msgs/msg/armor.hpp
-- Up-to-date: /home/guo/ITL_sentry_auto_new/install/autoaim_msgs/include/autoaim_msgs/autoaim_msgs/msg/detail
-- Installing: /home/guo/ITL_sentry_auto_new/install/autoaim_msgs/include/autoaim_msgs/autoaim_msgs/msg/detail/serialcmd__traits.hpp
-- Installing: /home/guo/ITL_sentry_auto_new/install/autoaim_msgs/include/autoaim_msgs/autoaim_msgs/msg/detail/targets__type_support.hpp
-- Installing: /home/guo/ITL_sentry_auto_new/install/autoaim_msgs/include/autoaim_msgs/autoaim_msgs/msg/detail/predictions__builder.hpp
-- Installing: /home/guo/ITL_sentry_auto_new/install/autoaim_msgs/include/autoaim_msgs/autoaim_msgs/msg/detail/armor__traits.hpp
-- Installing: /home/guo/ITL_sentry_auto_new/install/autoaim_msgs/include/autoaim_msgs/autoaim_msgs/msg/detail/armorresult__traits.hpp
-- Installing: /home/guo/ITL_sentry_auto_new/install/autoaim_msgs/include/autoaim_msgs/autoaim_msgs/msg/detail/targets__struct.hpp
-- Installing: /home/guo/ITL_sentry_auto_new/install/autoaim_msgs/include/autoaim_msgs/autoaim_msgs/msg/detail/targets__traits.hpp
-- Installing: /home/guo/ITL_sentry_auto_new/install/autoaim_msgs/include/autoaim_msgs/autoaim_msgs/msg/detail/armorresult__type_support.hpp
-- Installing: /home/guo/ITL_sentry_auto_new/install/autoaim_msgs/include/autoaim_msgs/autoaim_msgs/msg/detail/prediction__builder.hpp
-- Installing: /home/guo/ITL_sentry_auto_new/install/autoaim_msgs/include/autoaim_msgs/autoaim_msgs/msg/detail/armor__type_support.hpp
-- Installing: /home/guo/ITL_sentry_auto_new/install/autoaim_msgs/include/autoaim_msgs/autoaim_msgs/msg/detail/serialcmd__builder.hpp
-- Installing: /home/guo/ITL_sentry_auto_new/install/autoaim_msgs/include/autoaim_msgs/autoaim_msgs/msg/detail/predictions__traits.hpp
-- Installing: /home/guo/ITL_sentry_auto_new/install/autoaim_msgs/include/autoaim_msgs/autoaim_msgs/msg/detail/armorresult__builder.hpp
-- Installing: /home/guo/ITL_sentry_auto_new/install/autoaim_msgs/include/autoaim_msgs/autoaim_msgs/msg/detail/predictions__struct.hpp
-- Installing: /home/guo/ITL_sentry_auto_new/install/autoaim_msgs/include/autoaim_msgs/autoaim_msgs/msg/detail/target__traits.hpp
-- Installing: /home/guo/ITL_sentry_auto_new/install/autoaim_msgs/include/autoaim_msgs/autoaim_msgs/msg/detail/prediction__type_support.hpp
-- Installing: /home/guo/ITL_sentry_auto_new/install/autoaim_msgs/include/autoaim_msgs/autoaim_msgs/msg/detail/serialcmd__type_support.hpp
-- Installing: /home/guo/ITL_sentry_auto_new/install/autoaim_msgs/include/autoaim_msgs/autoaim_msgs/msg/detail/armorresult__struct.hpp
-- Installing: /home/guo/ITL_sentry_auto_new/install/autoaim_msgs/include/autoaim_msgs/autoaim_msgs/msg/detail/targets__builder.hpp
-- Installing: /home/guo/ITL_sentry_auto_new/install/autoaim_msgs/include/autoaim_msgs/autoaim_msgs/msg/detail/target__type_support.hpp
-- Installing: /home/guo/ITL_sentry_auto_new/install/autoaim_msgs/include/autoaim_msgs/autoaim_msgs/msg/detail/prediction__traits.hpp
-- Installing: /home/guo/ITL_sentry_auto_new/install/autoaim_msgs/include/autoaim_msgs/autoaim_msgs/msg/detail/target__builder.hpp
-- Installing: /home/guo/ITL_sentry_auto_new/install/autoaim_msgs/include/autoaim_msgs/autoaim_msgs/msg/detail/serialcmd__struct.hpp
-- Installing: /home/guo/ITL_sentry_auto_new/install/autoaim_msgs/include/autoaim_msgs/autoaim_msgs/msg/detail/target__struct.hpp
-- Installing: /home/guo/ITL_sentry_auto_new/install/autoaim_msgs/include/autoaim_msgs/autoaim_msgs/msg/detail/prediction__struct.hpp
-- Installing: /home/guo/ITL_sentry_auto_new/install/autoaim_msgs/include/autoaim_msgs/autoaim_msgs/msg/detail/armor__builder.hpp
-- Installing: /home/guo/ITL_sentry_auto_new/install/autoaim_msgs/include/autoaim_msgs/autoaim_msgs/msg/detail/armor__struct.hpp
-- Installing: /home/guo/ITL_sentry_auto_new/install/autoaim_msgs/include/autoaim_msgs/autoaim_msgs/msg/detail/predictions__type_support.hpp
-- Installing: /home/guo/ITL_sentry_auto_new/install/autoaim_msgs/include/autoaim_msgs/autoaim_msgs/msg/predictions.hpp
-- Installing: /home/guo/ITL_sentry_auto_new/install/autoaim_msgs/include/autoaim_msgs/autoaim_msgs/msg/serialcmd.hpp
-- Installing: /home/guo/ITL_sentry_auto_new/install/autoaim_msgs/include/autoaim_msgs/autoaim_msgs/msg/armorresult.hpp
-- Installing: /home/guo/ITL_sentry_auto_new/install/autoaim_msgs/include/autoaim_msgs/autoaim_msgs/msg/target.hpp
-- Installing: /home/guo/ITL_sentry_auto_new/install/autoaim_msgs/include/autoaim_msgs/autoaim_msgs/msg/rosidl_generator_cpp__visibility_control.hpp
-- Installing: /home/guo/ITL_sentry_auto_new/install/autoaim_msgs/include/autoaim_msgs/autoaim_msgs/msg/prediction.hpp
-- Up-to-date: /home/guo/ITL_sentry_auto_new/install/autoaim_msgs/include/autoaim_msgs/autoaim_msgs
-- Up-to-date: /home/guo/ITL_sentry_auto_new/install/autoaim_msgs/include/autoaim_msgs/autoaim_msgs/msg
-- Installing: /home/guo/ITL_sentry_auto_new/install/autoaim_msgs/include/autoaim_msgs/autoaim_msgs/msg/rosidl_typesupport_fastrtps_cpp__visibility_control.h
-- Up-to-date: /home/guo/ITL_sentry_auto_new/install/autoaim_msgs/include/autoaim_msgs/autoaim_msgs/msg/detail
-- Installing: /home/guo/ITL_sentry_auto_new/install/autoaim_msgs/include/autoaim_msgs/autoaim_msgs/msg/detail/prediction__rosidl_typesupport_fastrtps_cpp.hpp
-- Installing: /home/guo/ITL_sentry_auto_new/install/autoaim_msgs/include/autoaim_msgs/autoaim_msgs/msg/detail/targets__rosidl_typesupport_fastrtps_cpp.hpp
-- Installing: /home/guo/ITL_sentry_auto_new/install/autoaim_msgs/include/autoaim_msgs/autoaim_msgs/msg/detail/target__rosidl_typesupport_fastrtps_cpp.hpp
-- Installing: /home/guo/ITL_sentry_auto_new/install/autoaim_msgs/include/autoaim_msgs/autoaim_msgs/msg/detail/armorresult__rosidl_typesupport_fastrtps_cpp.hpp
-- Installing: /home/guo/ITL_sentry_auto_new/install/autoaim_msgs/include/autoaim_msgs/autoaim_msgs/msg/detail/serialcmd__rosidl_typesupport_fastrtps_cpp.hpp
-- Installing: /home/guo/ITL_sentry_auto_new/install/autoaim_msgs/include/autoaim_msgs/autoaim_msgs/msg/detail/dds_fastrtps
-- Installing: /home/guo/ITL_sentry_auto_new/install/autoaim_msgs/include/autoaim_msgs/autoaim_msgs/msg/detail/armor__rosidl_typesupport_fastrtps_cpp.hpp
-- Installing: /home/guo/ITL_sentry_auto_new/install/autoaim_msgs/include/autoaim_msgs/autoaim_msgs/msg/detail/predictions__rosidl_typesupport_fastrtps_cpp.hpp
-- Installing: /home/guo/ITL_sentry_auto_new/install/autoaim_msgs/lib/libautoaim_msgs__rosidl_typesupport_fastrtps_cpp.so
-- Set non-toolchain portion of runtime path of "/home/guo/ITL_sentry_auto_new/install/autoaim_msgs/lib/libautoaim_msgs__rosidl_typesupport_fastrtps_cpp.so" to ""
-- Up-to-date: /home/guo/ITL_sentry_auto_new/install/autoaim_msgs/include/autoaim_msgs/autoaim_msgs
-- Up-to-date: /home/guo/ITL_sentry_auto_new/install/autoaim_msgs/include/autoaim_msgs/autoaim_msgs/msg
-- Up-to-date: /home/guo/ITL_sentry_auto_new/install/autoaim_msgs/include/autoaim_msgs/autoaim_msgs/msg/detail
-- Installing: /home/guo/ITL_sentry_auto_new/install/autoaim_msgs/include/autoaim_msgs/autoaim_msgs/msg/detail/target__type_support.cpp
-- Installing: /home/guo/ITL_sentry_auto_new/install/autoaim_msgs/include/autoaim_msgs/autoaim_msgs/msg/detail/armorresult__type_support.cpp
-- Installing: /home/guo/ITL_sentry_auto_new/install/autoaim_msgs/include/autoaim_msgs/autoaim_msgs/msg/detail/predictions__rosidl_typesupport_introspection_cpp.hpp
-- Installing: /home/guo/ITL_sentry_auto_new/install/autoaim_msgs/include/autoaim_msgs/autoaim_msgs/msg/detail/serialcmd__type_support.cpp
-- Installing: /home/guo/ITL_sentry_auto_new/install/autoaim_msgs/include/autoaim_msgs/autoaim_msgs/msg/detail/armor__type_support.cpp
-- Installing: /home/guo/ITL_sentry_auto_new/install/autoaim_msgs/include/autoaim_msgs/autoaim_msgs/msg/detail/serialcmd__rosidl_typesupport_introspection_cpp.hpp
-- Installing: /home/guo/ITL_sentry_auto_new/install/autoaim_msgs/include/autoaim_msgs/autoaim_msgs/msg/detail/armorresult__rosidl_typesupport_introspection_cpp.hpp
-- Installing: /home/guo/ITL_sentry_auto_new/install/autoaim_msgs/include/autoaim_msgs/autoaim_msgs/msg/detail/prediction__rosidl_typesupport_introspection_cpp.hpp
-- Installing: /home/guo/ITL_sentry_auto_new/install/autoaim_msgs/include/autoaim_msgs/autoaim_msgs/msg/detail/targets__rosidl_typesupport_introspection_cpp.hpp
-- Installing: /home/guo/ITL_sentry_auto_new/install/autoaim_msgs/include/autoaim_msgs/autoaim_msgs/msg/detail/predictions__type_support.cpp
-- Installing: /home/guo/ITL_sentry_auto_new/install/autoaim_msgs/include/autoaim_msgs/autoaim_msgs/msg/detail/targets__type_support.cpp
-- Installing: /home/guo/ITL_sentry_auto_new/install/autoaim_msgs/include/autoaim_msgs/autoaim_msgs/msg/detail/armor__rosidl_typesupport_introspection_cpp.hpp
-- Installing: /home/guo/ITL_sentry_auto_new/install/autoaim_msgs/include/autoaim_msgs/autoaim_msgs/msg/detail/prediction__type_support.cpp
-- Installing: /home/guo/ITL_sentry_auto_new/install/autoaim_msgs/include/autoaim_msgs/autoaim_msgs/msg/detail/target__rosidl_typesupport_introspection_cpp.hpp
-- Installing: /home/guo/ITL_sentry_auto_new/install/autoaim_msgs/lib/libautoaim_msgs__rosidl_typesupport_introspection_cpp.so
-- Set non-toolchain portion of runtime path of "/home/guo/ITL_sentry_auto_new/install/autoaim_msgs/lib/libautoaim_msgs__rosidl_typesupport_introspection_cpp.so" to ""
-- Installing: /home/guo/ITL_sentry_auto_new/install/autoaim_msgs/lib/libautoaim_msgs__rosidl_typesupport_cpp.so
-- Set non-toolchain portion of runtime path of "/home/guo/ITL_sentry_auto_new/install/autoaim_msgs/lib/libautoaim_msgs__rosidl_typesupport_cpp.so" to ""
-- Installing: /home/guo/ITL_sentry_auto_new/install/autoaim_msgs/share/autoaim_msgs/environment/pythonpath.sh
-- Installing: /home/guo/ITL_sentry_auto_new/install/autoaim_msgs/share/autoaim_msgs/environment/pythonpath.dsv
-- Installing: /home/guo/ITL_sentry_auto_new/install/autoaim_msgs/lib/python3.10/site-packages/autoaim_msgs-0.0.1-py3.10.egg-info
-- Installing: /home/guo/ITL_sentry_auto_new/install/autoaim_msgs/lib/python3.10/site-packages/autoaim_msgs-0.0.1-py3.10.egg-info/dependency_links.txt
-- Installing: /home/guo/ITL_sentry_auto_new/install/autoaim_msgs/lib/python3.10/site-packages/autoaim_msgs-0.0.1-py3.10.egg-info/top_level.txt
-- Installing: /home/guo/ITL_sentry_auto_new/install/autoaim_msgs/lib/python3.10/site-packages/autoaim_msgs-0.0.1-py3.10.egg-info/PKG-INFO
-- Installing: /home/guo/ITL_sentry_auto_new/install/autoaim_msgs/lib/python3.10/site-packages/autoaim_msgs-0.0.1-py3.10.egg-info/SOURCES.txt
-- Installing: /home/guo/ITL_sentry_auto_new/install/autoaim_msgs/lib/python3.10/site-packages/autoaim_msgs
-- Installing: /home/guo/ITL_sentry_auto_new/install/autoaim_msgs/lib/python3.10/site-packages/autoaim_msgs/_autoaim_msgs_s.ep.rosidl_typesupport_c.c
-- Installing: /home/guo/ITL_sentry_auto_new/install/autoaim_msgs/lib/python3.10/site-packages/autoaim_msgs/_autoaim_msgs_s.ep.rosidl_typesupport_fastrtps_c.c
-- Installing: /home/guo/ITL_sentry_auto_new/install/autoaim_msgs/lib/python3.10/site-packages/autoaim_msgs/_autoaim_msgs_s.ep.rosidl_typesupport_introspection_c.c
-- Installing: /home/guo/ITL_sentry_auto_new/install/autoaim_msgs/lib/python3.10/site-packages/autoaim_msgs/__init__.py
-- Installing: /home/guo/ITL_sentry_auto_new/install/autoaim_msgs/lib/python3.10/site-packages/autoaim_msgs/msg
-- Installing: /home/guo/ITL_sentry_auto_new/install/autoaim_msgs/lib/python3.10/site-packages/autoaim_msgs/msg/_armor.py
-- Installing: /home/guo/ITL_sentry_auto_new/install/autoaim_msgs/lib/python3.10/site-packages/autoaim_msgs/msg/_prediction_s.c
-- Installing: /home/guo/ITL_sentry_auto_new/install/autoaim_msgs/lib/python3.10/site-packages/autoaim_msgs/msg/_armorresult_s.c
-- Installing: /home/guo/ITL_sentry_auto_new/install/autoaim_msgs/lib/python3.10/site-packages/autoaim_msgs/msg/_predictions_s.c
-- Installing: /home/guo/ITL_sentry_auto_new/install/autoaim_msgs/lib/python3.10/site-packages/autoaim_msgs/msg/_predictions.py
-- Installing: /home/guo/ITL_sentry_auto_new/install/autoaim_msgs/lib/python3.10/site-packages/autoaim_msgs/msg/_serialcmd.py
-- Installing: /home/guo/ITL_sentry_auto_new/install/autoaim_msgs/lib/python3.10/site-packages/autoaim_msgs/msg/_serialcmd_s.c
-- Installing: /home/guo/ITL_sentry_auto_new/install/autoaim_msgs/lib/python3.10/site-packages/autoaim_msgs/msg/_target.py
-- Installing: /home/guo/ITL_sentry_auto_new/install/autoaim_msgs/lib/python3.10/site-packages/autoaim_msgs/msg/_targets_s.c
-- Installing: /home/guo/ITL_sentry_auto_new/install/autoaim_msgs/lib/python3.10/site-packages/autoaim_msgs/msg/_targets.py
-- Installing: /home/guo/ITL_sentry_auto_new/install/autoaim_msgs/lib/python3.10/site-packages/autoaim_msgs/msg/_prediction.py
-- Installing: /home/guo/ITL_sentry_auto_new/install/autoaim_msgs/lib/python3.10/site-packages/autoaim_msgs/msg/__init__.py
-- Installing: /home/guo/ITL_sentry_auto_new/install/autoaim_msgs/lib/python3.10/site-packages/autoaim_msgs/msg/_armor_s.c
-- Installing: /home/guo/ITL_sentry_auto_new/install/autoaim_msgs/lib/python3.10/site-packages/autoaim_msgs/msg/_target_s.c
-- Installing: /home/guo/ITL_sentry_auto_new/install/autoaim_msgs/lib/python3.10/site-packages/autoaim_msgs/msg/_armorresult.py
Listing '/home/guo/ITL_sentry_auto_new/install/autoaim_msgs/lib/python3.10/site-packages/autoaim_msgs'...
Compiling '/home/guo/ITL_sentry_auto_new/install/autoaim_msgs/lib/python3.10/site-packages/autoaim_msgs/__init__.py'...
Listing '/home/guo/ITL_sentry_auto_new/install/autoaim_msgs/lib/python3.10/site-packages/autoaim_msgs/msg'...
Compiling '/home/guo/ITL_sentry_auto_new/install/autoaim_msgs/lib/python3.10/site-packages/autoaim_msgs/msg/__init__.py'...
Compiling '/home/guo/ITL_sentry_auto_new/install/autoaim_msgs/lib/python3.10/site-packages/autoaim_msgs/msg/_armor.py'...
Compiling '/home/guo/ITL_sentry_auto_new/install/autoaim_msgs/lib/python3.10/site-packages/autoaim_msgs/msg/_armorresult.py'...
Compiling '/home/guo/ITL_sentry_auto_new/install/autoaim_msgs/lib/python3.10/site-packages/autoaim_msgs/msg/_prediction.py'...
Compiling '/home/guo/ITL_sentry_auto_new/install/autoaim_msgs/lib/python3.10/site-packages/autoaim_msgs/msg/_predictions.py'...
Compiling '/home/guo/ITL_sentry_auto_new/install/autoaim_msgs/lib/python3.10/site-packages/autoaim_msgs/msg/_serialcmd.py'...
Compiling '/home/guo/ITL_sentry_auto_new/install/autoaim_msgs/lib/python3.10/site-packages/autoaim_msgs/msg/_target.py'...
Compiling '/home/guo/ITL_sentry_auto_new/install/autoaim_msgs/lib/python3.10/site-packages/autoaim_msgs/msg/_targets.py'...
-- Installing: /home/guo/ITL_sentry_auto_new/install/autoaim_msgs/lib/python3.10/site-packages/autoaim_msgs/autoaim_msgs_s__rosidl_typesupport_fastrtps_c.cpython-310-x86_64-linux-gnu.so
-- Set non-toolchain portion of runtime path of "/home/guo/ITL_sentry_auto_new/install/autoaim_msgs/lib/python3.10/site-packages/autoaim_msgs/autoaim_msgs_s__rosidl_typesupport_fastrtps_c.cpython-310-x86_64-linux-gnu.so" to ""
-- Installing: /home/guo/ITL_sentry_auto_new/install/autoaim_msgs/lib/python3.10/site-packages/autoaim_msgs/autoaim_msgs_s__rosidl_typesupport_introspection_c.cpython-310-x86_64-linux-gnu.so
-- Set non-toolchain portion of runtime path of "/home/guo/ITL_sentry_auto_new/install/autoaim_msgs/lib/python3.10/site-packages/autoaim_msgs/autoaim_msgs_s__rosidl_typesupport_introspection_c.cpython-310-x86_64-linux-gnu.so" to ""
-- Installing: /home/guo/ITL_sentry_auto_new/install/autoaim_msgs/lib/python3.10/site-packages/autoaim_msgs/autoaim_msgs_s__rosidl_typesupport_c.cpython-310-x86_64-linux-gnu.so
-- Set non-toolchain portion of runtime path of "/home/guo/ITL_sentry_auto_new/install/autoaim_msgs/lib/python3.10/site-packages/autoaim_msgs/autoaim_msgs_s__rosidl_typesupport_c.cpython-310-x86_64-linux-gnu.so" to ""
-- Installing: /home/guo/ITL_sentry_auto_new/install/autoaim_msgs/lib/libautoaim_msgs__rosidl_generator_py.so
-- Set non-toolchain portion of runtime path of "/home/guo/ITL_sentry_auto_new/install/autoaim_msgs/lib/libautoaim_msgs__rosidl_generator_py.so" to ""
-- Installing: /home/guo/ITL_sentry_auto_new/install/autoaim_msgs/share/autoaim_msgs/msg/Target.idl
-- Installing: /home/guo/ITL_sentry_auto_new/install/autoaim_msgs/share/autoaim_msgs/msg/Targets.idl
-- Installing: /home/guo/ITL_sentry_auto_new/install/autoaim_msgs/share/autoaim_msgs/msg/Armor.idl
-- Installing: /home/guo/ITL_sentry_auto_new/install/autoaim_msgs/share/autoaim_msgs/msg/Armorresult.idl
-- Installing: /home/guo/ITL_sentry_auto_new/install/autoaim_msgs/share/autoaim_msgs/msg/Prediction.idl
-- Installing: /home/guo/ITL_sentry_auto_new/install/autoaim_msgs/share/autoaim_msgs/msg/Predictions.idl
-- Installing: /home/guo/ITL_sentry_auto_new/install/autoaim_msgs/share/autoaim_msgs/msg/Serialcmd.idl
-- Installing: /home/guo/ITL_sentry_auto_new/install/autoaim_msgs/share/autoaim_msgs/msg/Target.msg
-- Installing: /home/guo/ITL_sentry_auto_new/install/autoaim_msgs/share/autoaim_msgs/msg/Targets.msg
-- Installing: /home/guo/ITL_sentry_auto_new/install/autoaim_msgs/share/autoaim_msgs/msg/Armor.msg
-- Installing: /home/guo/ITL_sentry_auto_new/install/autoaim_msgs/share/autoaim_msgs/msg/Armorresult.msg
-- Installing: /home/guo/ITL_sentry_auto_new/install/autoaim_msgs/share/autoaim_msgs/msg/Prediction.msg
-- Installing: /home/guo/ITL_sentry_auto_new/install/autoaim_msgs/share/autoaim_msgs/msg/Predictions.msg
-- Installing: /home/guo/ITL_sentry_auto_new/install/autoaim_msgs/share/autoaim_msgs/msg/Serialcmd.msg
-- Up-to-date: /home/guo/ITL_sentry_auto_new/install/autoaim_msgs/include
-- Installing: /home/guo/ITL_sentry_auto_new/install/autoaim_msgs/include/autoaim_constants.hpp
-- Installing: /home/guo/ITL_sentry_auto_new/install/autoaim_msgs/share/ament_index/resource_index/package_run_dependencies/autoaim_msgs
-- Installing: /home/guo/ITL_sentry_auto_new/install/autoaim_msgs/share/ament_index/resource_index/parent_prefix_path/autoaim_msgs
-- Installing: /home/guo/ITL_sentry_auto_new/install/autoaim_msgs/share/autoaim_msgs/environment/ament_prefix_path.sh
-- Installing: /home/guo/ITL_sentry_auto_new/install/autoaim_msgs/share/autoaim_msgs/environment/ament_prefix_path.dsv
-- Installing: /home/guo/ITL_sentry_auto_new/install/autoaim_msgs/share/autoaim_msgs/environment/path.sh
-- Installing: /home/guo/ITL_sentry_auto_new/install/autoaim_msgs/share/autoaim_msgs/environment/path.dsv
-- Installing: /home/guo/ITL_sentry_auto_new/install/autoaim_msgs/share/autoaim_msgs/local_setup.bash
-- Installing: /home/guo/ITL_sentry_auto_new/install/autoaim_msgs/share/autoaim_msgs/local_setup.sh
-- Installing: /home/guo/ITL_sentry_auto_new/install/autoaim_msgs/share/autoaim_msgs/local_setup.zsh
-- Installing: /home/guo/ITL_sentry_auto_new/install/autoaim_msgs/share/autoaim_msgs/local_setup.dsv
-- Installing: /home/guo/ITL_sentry_auto_new/install/autoaim_msgs/share/autoaim_msgs/package.dsv
-- Installing: /home/guo/ITL_sentry_auto_new/install/autoaim_msgs/share/ament_index/resource_index/packages/autoaim_msgs
-- Installing: /home/guo/ITL_sentry_auto_new/install/autoaim_msgs/share/autoaim_msgs/cmake/export_autoaim_msgs__rosidl_generator_cExport.cmake
-- Installing: /home/guo/ITL_sentry_auto_new/install/autoaim_msgs/share/autoaim_msgs/cmake/export_autoaim_msgs__rosidl_generator_cExport-noconfig.cmake
-- Installing: /home/guo/ITL_sentry_auto_new/install/autoaim_msgs/share/autoaim_msgs/cmake/export_autoaim_msgs__rosidl_typesupport_fastrtps_cExport.cmake
-- Installing: /home/guo/ITL_sentry_auto_new/install/autoaim_msgs/share/autoaim_msgs/cmake/export_autoaim_msgs__rosidl_typesupport_fastrtps_cExport-noconfig.cmake
-- Installing: /home/guo/ITL_sentry_auto_new/install/autoaim_msgs/share/autoaim_msgs/cmake/autoaim_msgs__rosidl_typesupport_introspection_cExport.cmake
-- Installing: /home/guo/ITL_sentry_auto_new/install/autoaim_msgs/share/autoaim_msgs/cmake/autoaim_msgs__rosidl_typesupport_introspection_cExport-noconfig.cmake
-- Installing: /home/guo/ITL_sentry_auto_new/install/autoaim_msgs/share/autoaim_msgs/cmake/autoaim_msgs__rosidl_typesupport_cExport.cmake
-- Installing: /home/guo/ITL_sentry_auto_new/install/autoaim_msgs/share/autoaim_msgs/cmake/autoaim_msgs__rosidl_typesupport_cExport-noconfig.cmake
-- Installing: /home/guo/ITL_sentry_auto_new/install/autoaim_msgs/share/autoaim_msgs/cmake/export_autoaim_msgs__rosidl_generator_cppExport.cmake
-- Installing: /home/guo/ITL_sentry_auto_new/install/autoaim_msgs/share/autoaim_msgs/cmake/export_autoaim_msgs__rosidl_typesupport_fastrtps_cppExport.cmake
-- Installing: /home/guo/ITL_sentry_auto_new/install/autoaim_msgs/share/autoaim_msgs/cmake/export_autoaim_msgs__rosidl_typesupport_fastrtps_cppExport-noconfig.cmake
-- Installing: /home/guo/ITL_sentry_auto_new/install/autoaim_msgs/share/autoaim_msgs/cmake/autoaim_msgs__rosidl_typesupport_introspection_cppExport.cmake
-- Installing: /home/guo/ITL_sentry_auto_new/install/autoaim_msgs/share/autoaim_msgs/cmake/autoaim_msgs__rosidl_typesupport_introspection_cppExport-noconfig.cmake
-- Installing: /home/guo/ITL_sentry_auto_new/install/autoaim_msgs/share/autoaim_msgs/cmake/autoaim_msgs__rosidl_typesupport_cppExport.cmake
-- Installing: /home/guo/ITL_sentry_auto_new/install/autoaim_msgs/share/autoaim_msgs/cmake/autoaim_msgs__rosidl_typesupport_cppExport-noconfig.cmake
-- Installing: /home/guo/ITL_sentry_auto_new/install/autoaim_msgs/share/autoaim_msgs/cmake/export_autoaim_msgs__rosidl_generator_pyExport.cmake
-- Installing: /home/guo/ITL_sentry_auto_new/install/autoaim_msgs/share/autoaim_msgs/cmake/export_autoaim_msgs__rosidl_generator_pyExport-noconfig.cmake
-- Installing: /home/guo/ITL_sentry_auto_new/install/autoaim_msgs/share/autoaim_msgs/cmake/rosidl_cmake-extras.cmake
-- Installing: /home/guo/ITL_sentry_auto_new/install/autoaim_msgs/share/autoaim_msgs/cmake/ament_cmake_export_dependencies-extras.cmake
-- Installing: /home/guo/ITL_sentry_auto_new/install/autoaim_msgs/share/autoaim_msgs/cmake/ament_cmake_export_include_directories-extras.cmake
-- Installing: /home/guo/ITL_sentry_auto_new/install/autoaim_msgs/share/autoaim_msgs/cmake/ament_cmake_export_libraries-extras.cmake
-- Installing: /home/guo/ITL_sentry_auto_new/install/autoaim_msgs/share/autoaim_msgs/cmake/ament_cmake_export_targets-extras.cmake
-- Installing: /home/guo/ITL_sentry_auto_new/install/autoaim_msgs/share/autoaim_msgs/cmake/rosidl_cmake_export_typesupport_targets-extras.cmake
-- Installing: /home/guo/ITL_sentry_auto_new/install/autoaim_msgs/share/autoaim_msgs/cmake/rosidl_cmake_export_typesupport_libraries-extras.cmake
-- Installing: /home/guo/ITL_sentry_auto_new/install/autoaim_msgs/share/autoaim_msgs/cmake/autoaim_msgsConfig.cmake
-- Installing: /home/guo/ITL_sentry_auto_new/install/autoaim_msgs/share/autoaim_msgs/cmake/autoaim_msgsConfig-version.cmake
-- Installing: /home/guo/ITL_sentry_auto_new/install/autoaim_msgs/share/autoaim_msgs/package.xml
