-- The C compiler identification is GNU 11.4.0
-- The CXX compiler identification is GNU 11.4.0
-- Detecting C compiler ABI info
-- Detecting C compiler ABI info - done
-- Check for working C compiler: /usr/bin/cc - skipped
-- Detecting C compile features
-- Detecting C compile features - done
-- Detecting CXX compiler ABI info
-- Detecting CXX compiler ABI info - done
-- Check for working CXX compiler: /usr/bin/c++ - skipped
-- Detecting CXX compile features
-- Detecting CXX compile features - done
-- Found ament_cmake_auto: 2.3.2 (/opt/ros/rolling/share/ament_cmake_auto/cmake)
-- Found Python3: /usr/bin/python3.10 (found version "3.10.12") found components: Interpreter 
-- Found rclcpp: 27.0.0 (/opt/ros/rolling/share/rclcpp/cmake)
-- Found rosidl_generator_c: 4.5.1 (/opt/ros/rolling/share/rosidl_generator_c/cmake)
-- Found rosidl_generator_cpp: 4.5.1 (/opt/ros/rolling/share/rosidl_generator_cpp/cmake)
-- Using all available rosidl_typesupport_c: rosidl_typesupport_fastrtps_c;rosidl_typesupport_introspection_c
-- Using all available rosidl_typesupport_cpp: rosidl_typesupport_fastrtps_cpp;rosidl_typesupport_introspection_cpp
-- Found rmw_implementation_cmake: 7.3.0 (/opt/ros/rolling/share/rmw_implementation_cmake/cmake)
-- Found rmw_fastrtps_cpp: 8.2.0 (/opt/ros/rolling/share/rmw_fastrtps_cpp/cmake)
-- Found OpenSSL: /usr/lib/x86_64-linux-gnu/libcrypto.so (found version "3.0.2")  
-- Found FastRTPS: /opt/ros/rolling/include  
-- Using RMW implementation 'rmw_fastrtps_cpp' as default
-- Found std_msgs: 5.3.0 (/opt/ros/rolling/share/std_msgs/cmake)
-- Found geometry_msgs: 5.3.0 (/opt/ros/rolling/share/geometry_msgs/cmake)
-- Found ament_lint_auto: 0.16.3 (/opt/ros/rolling/share/ament_lint_auto/cmake)
-- Added test 'flake8' to check Python code syntax and style conventions
-- Configured 'flake8' exclude dirs and/or files: 
-- Added test 'lint_cmake' to check CMake code style
-- Added test 'pep257' to check Python code against some of the docstring style conventions in PEP 257
-- Added test 'xmllint' to check XML markup files
-- Configuring done (1.3s)
-- Generating done (0.0s)
-- Build files have been written to: /home/guo/ITL_sentry_auto/build/launch_node
-- Install configuration: ""
-- Installing: /home/guo/ITL_sentry_auto/install/launch_node/share/launch_node/launch
-- Installing: /home/guo/ITL_sentry_auto/install/launch_node/share/launch_node/launch/launch_red.launch.py
-- Installing: /home/guo/ITL_sentry_auto/install/launch_node/share/launch_node/launch/launch_blue.launch.py
-- Installing: /home/guo/ITL_sentry_auto/install/launch_node/share/launch_node/config
-- Installing: /home/guo/ITL_sentry_auto/install/launch_node/share/launch_node/config/angle_solver_params.xml
-- Installing: /home/guo/ITL_sentry_auto/install/launch_node/share/ament_index/resource_index/package_run_dependencies/launch_node
-- Installing: /home/guo/ITL_sentry_auto/install/launch_node/share/ament_index/resource_index/parent_prefix_path/launch_node
-- Installing: /home/guo/ITL_sentry_auto/install/launch_node/share/launch_node/environment/ament_prefix_path.sh
-- Installing: /home/guo/ITL_sentry_auto/install/launch_node/share/launch_node/environment/ament_prefix_path.dsv
-- Installing: /home/guo/ITL_sentry_auto/install/launch_node/share/launch_node/environment/path.sh
-- Installing: /home/guo/ITL_sentry_auto/install/launch_node/share/launch_node/environment/path.dsv
-- Installing: /home/guo/ITL_sentry_auto/install/launch_node/share/launch_node/local_setup.bash
-- Installing: /home/guo/ITL_sentry_auto/install/launch_node/share/launch_node/local_setup.sh
-- Installing: /home/guo/ITL_sentry_auto/install/launch_node/share/launch_node/local_setup.zsh
-- Installing: /home/guo/ITL_sentry_auto/install/launch_node/share/launch_node/local_setup.dsv
-- Installing: /home/guo/ITL_sentry_auto/install/launch_node/share/launch_node/package.dsv
-- Installing: /home/guo/ITL_sentry_auto/install/launch_node/share/ament_index/resource_index/packages/launch_node
-- Installing: /home/guo/ITL_sentry_auto/install/launch_node/share/launch_node/cmake/ament_cmake_export_dependencies-extras.cmake
-- Installing: /home/guo/ITL_sentry_auto/install/launch_node/share/launch_node/cmake/launch_nodeConfig.cmake
-- Installing: /home/guo/ITL_sentry_auto/install/launch_node/share/launch_node/cmake/launch_nodeConfig-version.cmake
-- Installing: /home/guo/ITL_sentry_auto/install/launch_node/share/launch_node/package.xml
