[0.355s] Invoking command in '/home/shaobing/rm_ws/src/pkg02_helloworld_py': PYTHONPATH=/home/shaobing/rm_ws/build/pkg02_helloworld_py/prefix_override:/usr/lib/python3/dist-packages/colcon_core/task/python/colcon_distutils_commands:/home/shaobing/rm_ws/install/pkg02_helloworld_py/lib/python3.10/site-packages:${PYTHONPATH} /usr/bin/python3 -W ignore:setup.py install is deprecated -W ignore:easy_install command is deprecated setup.py egg_info --egg-base ../../build/pkg02_helloworld_py build --build-base /home/shaobing/rm_ws/build/pkg02_helloworld_py/build install --record /home/shaobing/rm_ws/build/pkg02_helloworld_py/install.log --single-version-externally-managed install_data
[0.486s] running egg_info
[0.486s] writing ../../build/pkg02_helloworld_py/pkg02_helloworld_py.egg-info/PKG-INFO
[0.486s] writing dependency_links to ../../build/pkg02_helloworld_py/pkg02_helloworld_py.egg-info/dependency_links.txt
[0.486s] writing entry points to ../../build/pkg02_helloworld_py/pkg02_helloworld_py.egg-info/entry_points.txt
[0.486s] writing requirements to ../../build/pkg02_helloworld_py/pkg02_helloworld_py.egg-info/requires.txt
[0.486s] writing top-level names to ../../build/pkg02_helloworld_py/pkg02_helloworld_py.egg-info/top_level.txt
[0.487s] reading manifest file '../../build/pkg02_helloworld_py/pkg02_helloworld_py.egg-info/SOURCES.txt'
[0.488s] writing manifest file '../../build/pkg02_helloworld_py/pkg02_helloworld_py.egg-info/SOURCES.txt'
[0.488s] running build
[0.488s] running build_py
[0.488s] copying pkg02_helloworld_py/serial_send.py -> /home/shaobing/rm_ws/build/pkg02_helloworld_py/build/lib/pkg02_helloworld_py
[0.488s] running install
[0.489s] running install_lib
[0.489s] copying /home/shaobing/rm_ws/build/pkg02_helloworld_py/build/lib/pkg02_helloworld_py/serial_send.py -> /home/shaobing/rm_ws/install/pkg02_helloworld_py/lib/python3.10/site-packages/pkg02_helloworld_py
[0.490s] byte-compiling /home/shaobing/rm_ws/install/pkg02_helloworld_py/lib/python3.10/site-packages/pkg02_helloworld_py/serial_send.py to serial_send.cpython-310.pyc
[0.491s] running install_data
[0.491s] running install_egg_info
[0.492s] removing '/home/shaobing/rm_ws/install/pkg02_helloworld_py/lib/python3.10/site-packages/pkg02_helloworld_py-0.0.0-py3.10.egg-info' (and everything under it)
[0.492s] Copying ../../build/pkg02_helloworld_py/pkg02_helloworld_py.egg-info to /home/shaobing/rm_ws/install/pkg02_helloworld_py/lib/python3.10/site-packages/pkg02_helloworld_py-0.0.0-py3.10.egg-info
[0.493s] running install_scripts
[0.506s] Installing Grabimage script to /home/shaobing/rm_ws/install/pkg02_helloworld_py/lib/pkg02_helloworld_py
[0.506s] Installing camera script to /home/shaobing/rm_ws/install/pkg02_helloworld_py/lib/pkg02_helloworld_py
[0.506s] Installing camera_node script to /home/shaobing/rm_ws/install/pkg02_helloworld_py/lib/pkg02_helloworld_py
[0.506s] Installing serial_send script to /home/shaobing/rm_ws/install/pkg02_helloworld_py/lib/pkg02_helloworld_py
[0.506s] Installing sub script to /home/shaobing/rm_ws/install/pkg02_helloworld_py/lib/pkg02_helloworld_py
[0.506s] Installing sub_openvino_UKF script to /home/shaobing/rm_ws/install/pkg02_helloworld_py/lib/pkg02_helloworld_py
[0.506s] Installing sub_openvino_blue script to /home/shaobing/rm_ws/install/pkg02_helloworld_py/lib/pkg02_helloworld_py
[0.506s] Installing sub_openvino_red script to /home/shaobing/rm_ws/install/pkg02_helloworld_py/lib/pkg02_helloworld_py
[0.506s] writing list of installed files to '/home/shaobing/rm_ws/build/pkg02_helloworld_py/install.log'
[0.524s] Invoked command in '/home/shaobing/rm_ws/src/pkg02_helloworld_py' returned '0': PYTHONPATH=/home/shaobing/rm_ws/build/pkg02_helloworld_py/prefix_override:/usr/lib/python3/dist-packages/colcon_core/task/python/colcon_distutils_commands:/home/shaobing/rm_ws/install/pkg02_helloworld_py/lib/python3.10/site-packages:${PYTHONPATH} /usr/bin/python3 -W ignore:setup.py install is deprecated -W ignore:easy_install command is deprecated setup.py egg_info --egg-base ../../build/pkg02_helloworld_py build --build-base /home/shaobing/rm_ws/build/pkg02_helloworld_py/build install --record /home/shaobing/rm_ws/build/pkg02_helloworld_py/install.log --single-version-externally-managed install_data
