-- The C compiler identification is GNU 11.4.0
-- The CXX compiler identification is GNU 11.4.0
-- Detecting C compiler ABI info
-- Detecting C compiler ABI info - done
-- Check for working C compiler: /usr/bin/cc - skipped
-- Detecting C compile features
-- Detecting C compile features - done
-- Detecting CXX compiler ABI info
-- Detecting CXX compiler ABI info - done
-- Check for working CXX compiler: /usr/bin/c++ - skipped
-- Detecting CXX compile features
-- Detecting CXX compile features - done
-- Found ament_cmake: 2.3.2 (/opt/ros/rolling/share/ament_cmake/cmake)
-- Found Python3: /usr/bin/python3.10 (found version "3.10.12") found components: Interpreter 
-- Found OpenCV: /usr (found version "4.5.4") 
-- Configuring done (0.9s)
-- Generating done (0.0s)
-- Build files have been written to: /home/guo/ITL_sentry_auto_new/build/armor_pointer
[ 33%] [32mBuilding CXX object CMakeFiles/armor_pointer.dir/src/image_processor.cpp.o[0m
[ 66%] [32mBuilding CXX object CMakeFiles/armor_pointer.dir/src/lightbar_detector.cpp.o[0m
[100%] [32m[1mLinking CXX static library libarmor_pointer.a[0m
[100%] Built target armor_pointer
-- Install configuration: ""
-- Installing: /home/guo/ITL_sentry_auto_new/install/armor_pointer/share/armor_pointer/environment/library_path.sh
-- Installing: /home/guo/ITL_sentry_auto_new/install/armor_pointer/share/armor_pointer/environment/library_path.dsv
-- Installing: /home/guo/ITL_sentry_auto_new/install/armor_pointer/include
-- Installing: /home/guo/ITL_sentry_auto_new/install/armor_pointer/include/types.hpp
-- Installing: /home/guo/ITL_sentry_auto_new/install/armor_pointer/include/lightbar_detector.hpp
-- Installing: /home/guo/ITL_sentry_auto_new/install/armor_pointer/include/image_processor.hpp
-- Installing: /home/guo/ITL_sentry_auto_new/install/armor_pointer/lib/libarmor_pointer.a
-- Installing: /home/guo/ITL_sentry_auto_new/install/armor_pointer/share/ament_index/resource_index/package_run_dependencies/armor_pointer
-- Installing: /home/guo/ITL_sentry_auto_new/install/armor_pointer/share/ament_index/resource_index/parent_prefix_path/armor_pointer
-- Installing: /home/guo/ITL_sentry_auto_new/install/armor_pointer/share/armor_pointer/environment/ament_prefix_path.sh
-- Installing: /home/guo/ITL_sentry_auto_new/install/armor_pointer/share/armor_pointer/environment/ament_prefix_path.dsv
-- Installing: /home/guo/ITL_sentry_auto_new/install/armor_pointer/share/armor_pointer/environment/path.sh
-- Installing: /home/guo/ITL_sentry_auto_new/install/armor_pointer/share/armor_pointer/environment/path.dsv
-- Installing: /home/guo/ITL_sentry_auto_new/install/armor_pointer/share/armor_pointer/local_setup.bash
-- Installing: /home/guo/ITL_sentry_auto_new/install/armor_pointer/share/armor_pointer/local_setup.sh
-- Installing: /home/guo/ITL_sentry_auto_new/install/armor_pointer/share/armor_pointer/local_setup.zsh
-- Installing: /home/guo/ITL_sentry_auto_new/install/armor_pointer/share/armor_pointer/local_setup.dsv
-- Installing: /home/guo/ITL_sentry_auto_new/install/armor_pointer/share/armor_pointer/package.dsv
-- Installing: /home/guo/ITL_sentry_auto_new/install/armor_pointer/share/ament_index/resource_index/packages/armor_pointer
-- Installing: /home/guo/ITL_sentry_auto_new/install/armor_pointer/share/armor_pointer/cmake/armor_pointerTargetsExport.cmake
-- Installing: /home/guo/ITL_sentry_auto_new/install/armor_pointer/share/armor_pointer/cmake/armor_pointerTargetsExport-noconfig.cmake
-- Installing: /home/guo/ITL_sentry_auto_new/install/armor_pointer/share/armor_pointer/cmake/ament_cmake_export_targets-extras.cmake
-- Installing: /home/guo/ITL_sentry_auto_new/install/armor_pointer/share/armor_pointer/cmake/ament_cmake_export_dependencies-extras.cmake
-- Installing: /home/guo/ITL_sentry_auto_new/install/armor_pointer/share/armor_pointer/cmake/armor_pointerConfig.cmake
-- Installing: /home/guo/ITL_sentry_auto_new/install/armor_pointer/share/armor_pointer/cmake/armor_pointerConfig-version.cmake
-- Installing: /home/guo/ITL_sentry_auto_new/install/armor_pointer/share/armor_pointer/package.xml
