[0.014s] Invoking command in '/home/guo/ITL_sentry_auto_new/build/armor_pointer': CMAKE_PREFIX_PATH=${CMAKE_PREFIX_PATH}:/opt/ros/rolling /usr/local/bin/cmake /home/guo/ITL_sentry_auto_new/src/core/pointer -DCMAKE_INSTALL_PREFIX=/home/guo/ITL_sentry_auto_new/install/armor_pointer
[0.069s] -- The C compiler identification is GNU 11.4.0
[0.125s] -- The CXX compiler identification is GNU 11.4.0
[0.140s] -- Detecting C compiler ABI info
[0.200s] -- Detecting C compiler ABI info - done
[0.210s] -- Check for working C compiler: /usr/bin/cc - skipped
[0.210s] -- Detecting C compile features
[0.211s] -- Detecting C compile features - done
[0.221s] -- Detecting CXX compiler ABI info
[0.289s] -- Detecting CXX compiler ABI info - done
[0.300s] -- Check for working CXX compiler: /usr/bin/c++ - skipped
[0.300s] -- Detecting CXX compile features
[0.301s] -- Detecting CXX compile features - done
[0.302s] -- Found ament_cmake: 2.3.2 (/opt/ros/rolling/share/ament_cmake/cmake)
[0.763s] -- Found Python3: /usr/bin/python3.10 (found version "3.10.12") found components: Interpreter 
[0.849s] -- Found OpenCV: /usr (found version "4.5.4") 
[0.909s] -- Configuring done (0.9s)
[0.915s] -- Generating done (0.0s)
[0.917s] -- Build files have been written to: /home/guo/ITL_sentry_auto_new/build/armor_pointer
[0.921s] Invoked command in '/home/guo/ITL_sentry_auto_new/build/armor_pointer' returned '0': CMAKE_PREFIX_PATH=${CMAKE_PREFIX_PATH}:/opt/ros/rolling /usr/local/bin/cmake /home/guo/ITL_sentry_auto_new/src/core/pointer -DCMAKE_INSTALL_PREFIX=/home/guo/ITL_sentry_auto_new/install/armor_pointer
[0.924s] Invoking command in '/home/guo/ITL_sentry_auto_new/build/armor_pointer': CMAKE_PREFIX_PATH=${CMAKE_PREFIX_PATH}:/opt/ros/rolling /usr/local/bin/cmake --build /home/guo/ITL_sentry_auto_new/build/armor_pointer -- -j24 -l24
[0.946s] [ 33%] [32mBuilding CXX object CMakeFiles/armor_pointer.dir/src/image_processor.cpp.o[0m
[0.946s] [ 66%] [32mBuilding CXX object CMakeFiles/armor_pointer.dir/src/lightbar_detector.cpp.o[0m
[3.682s] [100%] [32m[1mLinking CXX static library libarmor_pointer.a[0m
[3.711s] [100%] Built target armor_pointer
[3.717s] Invoked command in '/home/guo/ITL_sentry_auto_new/build/armor_pointer' returned '0': CMAKE_PREFIX_PATH=${CMAKE_PREFIX_PATH}:/opt/ros/rolling /usr/local/bin/cmake --build /home/guo/ITL_sentry_auto_new/build/armor_pointer -- -j24 -l24
[3.722s] Invoking command in '/home/guo/ITL_sentry_auto_new/build/armor_pointer': CMAKE_PREFIX_PATH=${CMAKE_PREFIX_PATH}:/opt/ros/rolling /usr/local/bin/cmake --install /home/guo/ITL_sentry_auto_new/build/armor_pointer
[3.724s] -- Install configuration: ""
[3.724s] -- Installing: /home/guo/ITL_sentry_auto_new/install/armor_pointer/share/armor_pointer/environment/library_path.sh
[3.724s] -- Installing: /home/guo/ITL_sentry_auto_new/install/armor_pointer/share/armor_pointer/environment/library_path.dsv
[3.724s] -- Installing: /home/guo/ITL_sentry_auto_new/install/armor_pointer/include
[3.725s] -- Installing: /home/guo/ITL_sentry_auto_new/install/armor_pointer/include/types.hpp
[3.725s] -- Installing: /home/guo/ITL_sentry_auto_new/install/armor_pointer/include/lightbar_detector.hpp
[3.725s] -- Installing: /home/guo/ITL_sentry_auto_new/install/armor_pointer/include/image_processor.hpp
[3.725s] -- Installing: /home/guo/ITL_sentry_auto_new/install/armor_pointer/lib/libarmor_pointer.a
[3.726s] -- Installing: /home/guo/ITL_sentry_auto_new/install/armor_pointer/share/ament_index/resource_index/package_run_dependencies/armor_pointer
[3.726s] -- Installing: /home/guo/ITL_sentry_auto_new/install/armor_pointer/share/ament_index/resource_index/parent_prefix_path/armor_pointer
[3.726s] -- Installing: /home/guo/ITL_sentry_auto_new/install/armor_pointer/share/armor_pointer/environment/ament_prefix_path.sh
[3.726s] -- Installing: /home/guo/ITL_sentry_auto_new/install/armor_pointer/share/armor_pointer/environment/ament_prefix_path.dsv
[3.727s] -- Installing: /home/guo/ITL_sentry_auto_new/install/armor_pointer/share/armor_pointer/environment/path.sh
[3.727s] -- Installing: /home/guo/ITL_sentry_auto_new/install/armor_pointer/share/armor_pointer/environment/path.dsv
[3.727s] -- Installing: /home/guo/ITL_sentry_auto_new/install/armor_pointer/share/armor_pointer/local_setup.bash
[3.727s] -- Installing: /home/guo/ITL_sentry_auto_new/install/armor_pointer/share/armor_pointer/local_setup.sh
[3.727s] -- Installing: /home/guo/ITL_sentry_auto_new/install/armor_pointer/share/armor_pointer/local_setup.zsh
[3.727s] -- Installing: /home/guo/ITL_sentry_auto_new/install/armor_pointer/share/armor_pointer/local_setup.dsv
[3.727s] -- Installing: /home/guo/ITL_sentry_auto_new/install/armor_pointer/share/armor_pointer/package.dsv
[3.727s] -- Installing: /home/guo/ITL_sentry_auto_new/install/armor_pointer/share/ament_index/resource_index/packages/armor_pointer
[3.727s] -- Installing: /home/guo/ITL_sentry_auto_new/install/armor_pointer/share/armor_pointer/cmake/armor_pointerTargetsExport.cmake
[3.727s] -- Installing: /home/guo/ITL_sentry_auto_new/install/armor_pointer/share/armor_pointer/cmake/armor_pointerTargetsExport-noconfig.cmake
[3.727s] -- Installing: /home/guo/ITL_sentry_auto_new/install/armor_pointer/share/armor_pointer/cmake/ament_cmake_export_targets-extras.cmake
[3.728s] -- Installing: /home/guo/ITL_sentry_auto_new/install/armor_pointer/share/armor_pointer/cmake/ament_cmake_export_dependencies-extras.cmake
[3.728s] -- Installing: /home/guo/ITL_sentry_auto_new/install/armor_pointer/share/armor_pointer/cmake/armor_pointerConfig.cmake
[3.728s] -- Installing: /home/guo/ITL_sentry_auto_new/install/armor_pointer/share/armor_pointer/cmake/armor_pointerConfig-version.cmake
[3.728s] -- Installing: /home/guo/ITL_sentry_auto_new/install/armor_pointer/share/armor_pointer/package.xml
[3.729s] Invoked command in '/home/guo/ITL_sentry_auto_new/build/armor_pointer' returned '0': CMAKE_PREFIX_PATH=${CMAKE_PREFIX_PATH}:/opt/ros/rolling /usr/local/bin/cmake --install /home/guo/ITL_sentry_auto_new/build/armor_pointer
