-- Found ament_cmake: 2.3.2 (/opt/ros/rolling/share/ament_cmake/cmake)
-- Found rclcpp: 27.0.0 (/opt/ros/rolling/share/rclcpp/cmake)
-- Found rosidl_generator_c: 4.5.1 (/opt/ros/rolling/share/rosidl_generator_c/cmake)
-- Found rosidl_generator_cpp: 4.5.1 (/opt/ros/rolling/share/rosidl_generator_cpp/cmake)
-- Using all available rosidl_typesupport_c: rosidl_typesupport_fastrtps_c;rosidl_typesupport_introspection_c
-- Using all available rosidl_typesupport_cpp: rosidl_typesupport_fastrtps_cpp;rosidl_typesupport_introspection_cpp
-- Found rmw_implementation_cmake: 7.3.0 (/opt/ros/rolling/share/rmw_implementation_cmake/cmake)
-- Found rmw_fastrtps_cpp: 8.2.0 (/opt/ros/rolling/share/rmw_fastrtps_cpp/cmake)
-- Using RMW implementation 'rmw_fastrtps_cpp' as default
-- Configuring done (0.7s)
-- Generating done (0.0s)
-- Build files have been written to: /home/guo/ITL_sentry_auto_new/build/utils
[ 12%] Building CXX object CMakeFiles/utils.dir/src/math_tools.cpp.o
[ 25%] Building CXX object CMakeFiles/utils.dir/src/logger.cpp.o
[ 37%] Building CXX object CMakeFiles/utils.dir/src/trajectory.cpp.o
[ 50%] Building CXX object CMakeFiles/utils.dir/src/crc.cpp.o
[ 62%] Building CXX object CMakeFiles/utils.dir/src/video.cpp.o
[ 75%] Building CXX object CMakeFiles/utils.dir/src/ransac_sine_fitter.cpp.o
[ 87%] Building CXX object CMakeFiles/utils.dir/src/extended_kalman_filter.cpp.o
In file included from /usr/include/eigen3/Eigen/Core:341,
                 from /usr/include/eigen3/Eigen/Dense:1,
                 from /home/guo/ITL_sentry_auto_new/src/utils/include/ransac_sine_fitter.hpp:3,
                 from /home/guo/ITL_sentry_auto_new/src/utils/src/ransac_sine_fitter.cpp:1:
/usr/include/eigen3/Eigen/src/Core/products/TriangularMatrixVector.h: In function ‘static void Eigen::internal::trmv_selector<Mode, 1>::run(const Lhs&, const Rhs&, Dest&, const typename Dest::Scalar&) [with Lhs = Eigen::Transpose<const Eigen::Block<const Eigen::Block<Eigen::Matrix<double, -1, -1>, -1, -1, false>, -1, -1, false> >; Rhs = Eigen::Transpose<const Eigen::CwiseBinaryOp<Eigen::internal::scalar_product_op<double, double>, const Eigen::CwiseNullaryOp<Eigen::internal::scalar_constant_op<double>, const Eigen::Matrix<double, 1, -1> >, const Eigen::Transpose<const Eigen::Block<const Eigen::Block<const Eigen::Block<Eigen::Matrix<double, -1, -1>, -1, -1, false>, -1, 1, true>, -1, 1, false> > > >; Dest = Eigen::Transpose<Eigen::Block<Eigen::Block<Eigen::Matrix<double, -1, -1, 1, -1, -1>, 1, -1, true>, 1, -1, false> >; int Mode = 6]’:
/usr/include/eigen3/Eigen/src/Core/products/TriangularMatrixVector.h:332:12: warning: ‘result’ may be used uninitialized [-Wmaybe-uninitialized]
  327 |     internal::triangular_matrix_vector_product
      |     ~~~~~~~~~~~~~~~~~~~~~~~~~~~~~~~~~~~~~~~~~~
  328 |       <Index,Mode,
      |       ~~~~~~~~~~~~
  329 |        LhsScalar, LhsBlasTraits::NeedToConjugate,
      |        ~~~~~~~~~~~~~~~~~~~~~~~~~~~~~~~~~~~~~~~~~~
  330 |        RhsScalar, RhsBlasTraits::NeedToConjugate,
      |        ~~~~~~~~~~~~~~~~~~~~~~~~~~~~~~~~~~~~~~~~~~
  331 |        RowMajor>
      |        ~~~~~~~~~
  332 |       ::run(actualLhs.rows(),actualLhs.cols(),
      |       ~~~~~^~~~~~~~~~~~~~~~~~~~~~~~~~~~~~~~~~~
  333 |             actualLhs.data(),actualLhs.outerStride(),
      |             ~~~~~~~~~~~~~~~~~~~~~~~~~~~~~~~~~~~~~~~~~
  334 |             actualRhsPtr,1,
      |             ~~~~~~~~~~~~~~~
  335 |             dest.data(),dest.innerStride(),
      |             ~~~~~~~~~~~~~~~~~~~~~~~~~~~~~~~
  336 |             actualAlpha);
      |             ~~~~~~~~~~~~
/usr/include/eigen3/Eigen/src/Core/products/TriangularMatrixVector.h:105:24: note: by argument 5 of type ‘const double*’ to ‘static void Eigen::internal::triangular_matrix_vector_product<Index, Mode, LhsScalar, ConjLhs, RhsScalar, ConjRhs, 1, Version>::run(Index, Index, const LhsScalar*, Index, const RhsScalar*, Index, Eigen::internal::triangular_matrix_vector_product<Index, Mode, LhsScalar, ConjLhs, RhsScalar, ConjRhs, 1, Version>::ResScalar*, Index, const ResScalar&) [with Index = long int; int Mode = 6; LhsScalar = double; bool ConjLhs = false; RhsScalar = double; bool ConjRhs = false; int Version = 0]’ declared here
  105 | EIGEN_DONT_INLINE void triangular_matrix_vector_product<Index,Mode,LhsScalar,ConjLhs,RhsScalar,ConjRhs,RowMajor,Version>
      |                        ^~~~~~~~~~~~~~~~~~~~~~~~~~~~~~~~~~~~~~~~~~~~~~~~~~~~~~~~~~~~~~~~~~~~~~~~~~~~~~~~~~~~~~~~~~~~~~~~~
[100%] Linking CXX static library libutils.a
[100%] Built target utils
-- Install configuration: "Release"
-- Up-to-date: /home/guo/ITL_sentry_auto_new/install/utils/share/utils/environment/library_path.sh
-- Up-to-date: /home/guo/ITL_sentry_auto_new/install/utils/share/utils/environment/library_path.dsv
-- Up-to-date: /home/guo/ITL_sentry_auto_new/install/utils/include
-- Up-to-date: /home/guo/ITL_sentry_auto_new/install/utils/include/draw_tools.hpp
-- Up-to-date: /home/guo/ITL_sentry_auto_new/install/utils/include/thread_safe_queue.hpp
-- Up-to-date: /home/guo/ITL_sentry_auto_new/install/utils/include/math_tools.hpp
-- Up-to-date: /home/guo/ITL_sentry_auto_new/install/utils/include/video.hpp
-- Up-to-date: /home/guo/ITL_sentry_auto_new/install/utils/include/yaml.hpp
-- Up-to-date: /home/guo/ITL_sentry_auto_new/install/utils/include/detector_tools.hpp
-- Up-to-date: /home/guo/ITL_sentry_auto_new/install/utils/include/trajectory.hpp
-- Up-to-date: /home/guo/ITL_sentry_auto_new/install/utils/include/performance_monitor.hpp
-- Up-to-date: /home/guo/ITL_sentry_auto_new/install/utils/include/extended_kalman_filter.hpp
-- Up-to-date: /home/guo/ITL_sentry_auto_new/install/utils/include/logger.hpp
-- Up-to-date: /home/guo/ITL_sentry_auto_new/install/utils/include/crc.hpp
-- Up-to-date: /home/guo/ITL_sentry_auto_new/install/utils/include/blocking_queue.hpp
-- Up-to-date: /home/guo/ITL_sentry_auto_new/install/utils/include/ransac_sine_fitter.hpp
-- Up-to-date: /home/guo/ITL_sentry_auto_new/install/utils/include/roi_tools.hpp
-- Installing: /home/guo/ITL_sentry_auto_new/install/utils/lib/libutils.a
-- Up-to-date: /home/guo/ITL_sentry_auto_new/install/utils/share/utils/cmake/utilsTargets.cmake
-- Installing: /home/guo/ITL_sentry_auto_new/install/utils/share/utils/cmake/utilsTargets-release.cmake
-- Up-to-date: /home/guo/ITL_sentry_auto_new/install/utils/share/ament_index/resource_index/package_run_dependencies/utils
-- Installing: /home/guo/ITL_sentry_auto_new/install/utils/share/ament_index/resource_index/parent_prefix_path/utils
-- Up-to-date: /home/guo/ITL_sentry_auto_new/install/utils/share/utils/environment/ament_prefix_path.sh
-- Up-to-date: /home/guo/ITL_sentry_auto_new/install/utils/share/utils/environment/ament_prefix_path.dsv
-- Up-to-date: /home/guo/ITL_sentry_auto_new/install/utils/share/utils/environment/path.sh
-- Up-to-date: /home/guo/ITL_sentry_auto_new/install/utils/share/utils/environment/path.dsv
-- Up-to-date: /home/guo/ITL_sentry_auto_new/install/utils/share/utils/local_setup.bash
-- Up-to-date: /home/guo/ITL_sentry_auto_new/install/utils/share/utils/local_setup.sh
-- Up-to-date: /home/guo/ITL_sentry_auto_new/install/utils/share/utils/local_setup.zsh
-- Up-to-date: /home/guo/ITL_sentry_auto_new/install/utils/share/utils/local_setup.dsv
-- Installing: /home/guo/ITL_sentry_auto_new/install/utils/share/utils/package.dsv
-- Up-to-date: /home/guo/ITL_sentry_auto_new/install/utils/share/ament_index/resource_index/packages/utils
-- Up-to-date: /home/guo/ITL_sentry_auto_new/install/utils/share/utils/cmake/utilsTargetsExport.cmake
-- Installing: /home/guo/ITL_sentry_auto_new/install/utils/share/utils/cmake/utilsTargetsExport-release.cmake
-- Up-to-date: /home/guo/ITL_sentry_auto_new/install/utils/share/utils/cmake/ament_cmake_export_include_directories-extras.cmake
-- Up-to-date: /home/guo/ITL_sentry_auto_new/install/utils/share/utils/cmake/ament_cmake_export_libraries-extras.cmake
-- Up-to-date: /home/guo/ITL_sentry_auto_new/install/utils/share/utils/cmake/ament_cmake_export_dependencies-extras.cmake
-- Up-to-date: /home/guo/ITL_sentry_auto_new/install/utils/share/utils/cmake/ament_cmake_export_targets-extras.cmake
-- Up-to-date: /home/guo/ITL_sentry_auto_new/install/utils/share/utils/cmake/utilsConfig.cmake
-- Up-to-date: /home/guo/ITL_sentry_auto_new/install/utils/share/utils/cmake/utilsConfig-version.cmake
-- Up-to-date: /home/guo/ITL_sentry_auto_new/install/utils/share/utils/package.xml
