[0.006s] Invoking command in '/home/guo/ITL_sentry_auto_new/build/utils': CMAKE_PREFIX_PATH=/opt/ros/rolling /usr/local/bin/cmake /home/guo/ITL_sentry_auto_new/src/utils -DCMAKE_BUILD_TYPE=Release -DCMAKE_INSTALL_PREFIX=/home/guo/ITL_sentry_auto_new/install/utils
[0.017s] -- Found ament_cmake: 2.3.2 (/opt/ros/rolling/share/ament_cmake/cmake)
[0.207s] -- Found rclcpp: 27.0.0 (/opt/ros/rolling/share/rclcpp/cmake)
[0.236s] -- Found rosidl_generator_c: 4.5.1 (/opt/ros/rolling/share/rosidl_generator_c/cmake)
[0.244s] -- Found rosidl_generator_cpp: 4.5.1 (/opt/ros/rolling/share/rosidl_generator_cpp/cmake)
[0.257s] -- Using all available rosidl_typesupport_c: rosidl_typesupport_fastrtps_c;rosidl_typesupport_introspection_c
[0.273s] -- Using all available rosidl_typesupport_cpp: rosidl_typesupport_fastrtps_cpp;rosidl_typesupport_introspection_cpp
[0.420s] -- Found rmw_implementation_cmake: 7.3.0 (/opt/ros/rolling/share/rmw_implementation_cmake/cmake)
[0.422s] -- Found rmw_fastrtps_cpp: 8.2.0 (/opt/ros/rolling/share/rmw_fastrtps_cpp/cmake)
[0.519s] -- Using RMW implementation 'rmw_fastrtps_cpp' as default
[0.736s] -- Configuring done (0.7s)
[0.749s] -- Generating done (0.0s)
[0.751s] -- Build files have been written to: /home/guo/ITL_sentry_auto_new/build/utils
[0.758s] Invoked command in '/home/guo/ITL_sentry_auto_new/build/utils' returned '0': CMAKE_PREFIX_PATH=/opt/ros/rolling /usr/local/bin/cmake /home/guo/ITL_sentry_auto_new/src/utils -DCMAKE_BUILD_TYPE=Release -DCMAKE_INSTALL_PREFIX=/home/guo/ITL_sentry_auto_new/install/utils
[0.758s] Invoking command in '/home/guo/ITL_sentry_auto_new/build/utils': CMAKE_PREFIX_PATH=/opt/ros/rolling /usr/local/bin/cmake --build /home/guo/ITL_sentry_auto_new/build/utils -- -j24 -l24
[0.802s] [ 12%] Building CXX object CMakeFiles/utils.dir/src/math_tools.cpp.o
[0.803s] [ 25%] Building CXX object CMakeFiles/utils.dir/src/logger.cpp.o
[0.804s] [ 37%] Building CXX object CMakeFiles/utils.dir/src/trajectory.cpp.o
[0.804s] [ 50%] Building CXX object CMakeFiles/utils.dir/src/crc.cpp.o
[0.805s] [ 62%] Building CXX object CMakeFiles/utils.dir/src/video.cpp.o
[0.806s] [ 75%] Building CXX object CMakeFiles/utils.dir/src/ransac_sine_fitter.cpp.o
[0.807s] [ 87%] Building CXX object CMakeFiles/utils.dir/src/extended_kalman_filter.cpp.o
[11.075s] In file included from /usr/include/eigen3/Eigen/Core:341,
[11.075s]                  from /usr/include/eigen3/Eigen/Dense:1,
[11.075s]                  from /home/guo/ITL_sentry_auto_new/src/utils/include/ransac_sine_fitter.hpp:3,
[11.075s]                  from /home/guo/ITL_sentry_auto_new/src/utils/src/ransac_sine_fitter.cpp:1:
[11.075s] /usr/include/eigen3/Eigen/src/Core/products/TriangularMatrixVector.h: In function ‘static void Eigen::internal::trmv_selector<Mode, 1>::run(const Lhs&, const Rhs&, Dest&, const typename Dest::Scalar&) [with Lhs = Eigen::Transpose<const Eigen::Block<const Eigen::Block<Eigen::Matrix<double, -1, -1>, -1, -1, false>, -1, -1, false> >; Rhs = Eigen::Transpose<const Eigen::CwiseBinaryOp<Eigen::internal::scalar_product_op<double, double>, const Eigen::CwiseNullaryOp<Eigen::internal::scalar_constant_op<double>, const Eigen::Matrix<double, 1, -1> >, const Eigen::Transpose<const Eigen::Block<const Eigen::Block<const Eigen::Block<Eigen::Matrix<double, -1, -1>, -1, -1, false>, -1, 1, true>, -1, 1, false> > > >; Dest = Eigen::Transpose<Eigen::Block<Eigen::Block<Eigen::Matrix<double, -1, -1, 1, -1, -1>, 1, -1, true>, 1, -1, false> >; int Mode = 6]’:
[11.075s] /usr/include/eigen3/Eigen/src/Core/products/TriangularMatrixVector.h:332:12: warning: ‘result’ may be used uninitialized [-Wmaybe-uninitialized]
[11.075s]   327 |     internal::triangular_matrix_vector_product
[11.075s]       |     ~~~~~~~~~~~~~~~~~~~~~~~~~~~~~~~~~~~~~~~~~~
[11.075s]   328 |       <Index,Mode,
[11.075s]       |       ~~~~~~~~~~~~
[11.075s]   329 |        LhsScalar, LhsBlasTraits::NeedToConjugate,
[11.075s]       |        ~~~~~~~~~~~~~~~~~~~~~~~~~~~~~~~~~~~~~~~~~~
[11.075s]   330 |        RhsScalar, RhsBlasTraits::NeedToConjugate,
[11.075s]       |        ~~~~~~~~~~~~~~~~~~~~~~~~~~~~~~~~~~~~~~~~~~
[11.075s]   331 |        RowMajor>
[11.075s]       |        ~~~~~~~~~
[11.075s]   332 |       ::run(actualLhs.rows(),actualLhs.cols(),
[11.075s]       |       ~~~~~^~~~~~~~~~~~~~~~~~~~~~~~~~~~~~~~~~~
[11.076s]   333 |             actualLhs.data(),actualLhs.outerStride(),
[11.076s]       |             ~~~~~~~~~~~~~~~~~~~~~~~~~~~~~~~~~~~~~~~~~
[11.076s]   334 |             actualRhsPtr,1,
[11.076s]       |             ~~~~~~~~~~~~~~~
[11.076s]   335 |             dest.data(),dest.innerStride(),
[11.076s]       |             ~~~~~~~~~~~~~~~~~~~~~~~~~~~~~~~
[11.076s]   336 |             actualAlpha);
[11.076s]       |             ~~~~~~~~~~~~
[11.076s] /usr/include/eigen3/Eigen/src/Core/products/TriangularMatrixVector.h:105:24: note: by argument 5 of type ‘const double*’ to ‘static void Eigen::internal::triangular_matrix_vector_product<Index, Mode, LhsScalar, ConjLhs, RhsScalar, ConjRhs, 1, Version>::run(Index, Index, const LhsScalar*, Index, const RhsScalar*, Index, Eigen::internal::triangular_matrix_vector_product<Index, Mode, LhsScalar, ConjLhs, RhsScalar, ConjRhs, 1, Version>::ResScalar*, Index, const ResScalar&) [with Index = long int; int Mode = 6; LhsScalar = double; bool ConjLhs = false; RhsScalar = double; bool ConjRhs = false; int Version = 0]’ declared here
[11.076s]   105 | EIGEN_DONT_INLINE void triangular_matrix_vector_product<Index,Mode,LhsScalar,ConjLhs,RhsScalar,ConjRhs,RowMajor,Version>
[11.076s]       |                        ^~~~~~~~~~~~~~~~~~~~~~~~~~~~~~~~~~~~~~~~~~~~~~~~~~~~~~~~~~~~~~~~~~~~~~~~~~~~~~~~~~~~~~~~~~~~~~~~~
[14.949s] [100%] Linking CXX static library libutils.a
[14.979s] [100%] Built target utils
[14.983s] Invoked command in '/home/guo/ITL_sentry_auto_new/build/utils' returned '0': CMAKE_PREFIX_PATH=/opt/ros/rolling /usr/local/bin/cmake --build /home/guo/ITL_sentry_auto_new/build/utils -- -j24 -l24
[14.985s] Invoking command in '/home/guo/ITL_sentry_auto_new/build/utils': CMAKE_PREFIX_PATH=/opt/ros/rolling /usr/local/bin/cmake --install /home/guo/ITL_sentry_auto_new/build/utils
[14.988s] -- Install configuration: "Release"
[14.988s] -- Up-to-date: /home/guo/ITL_sentry_auto_new/install/utils/share/utils/environment/library_path.sh
[14.988s] -- Up-to-date: /home/guo/ITL_sentry_auto_new/install/utils/share/utils/environment/library_path.dsv
[14.988s] -- Up-to-date: /home/guo/ITL_sentry_auto_new/install/utils/include
[14.988s] -- Up-to-date: /home/guo/ITL_sentry_auto_new/install/utils/include/draw_tools.hpp
[14.988s] -- Up-to-date: /home/guo/ITL_sentry_auto_new/install/utils/include/thread_safe_queue.hpp
[14.988s] -- Up-to-date: /home/guo/ITL_sentry_auto_new/install/utils/include/math_tools.hpp
[14.988s] -- Up-to-date: /home/guo/ITL_sentry_auto_new/install/utils/include/video.hpp
[14.988s] -- Up-to-date: /home/guo/ITL_sentry_auto_new/install/utils/include/yaml.hpp
[14.988s] -- Up-to-date: /home/guo/ITL_sentry_auto_new/install/utils/include/detector_tools.hpp
[14.988s] -- Up-to-date: /home/guo/ITL_sentry_auto_new/install/utils/include/trajectory.hpp
[14.988s] -- Up-to-date: /home/guo/ITL_sentry_auto_new/install/utils/include/performance_monitor.hpp
[14.988s] -- Up-to-date: /home/guo/ITL_sentry_auto_new/install/utils/include/extended_kalman_filter.hpp
[14.988s] -- Up-to-date: /home/guo/ITL_sentry_auto_new/install/utils/include/logger.hpp
[14.988s] -- Up-to-date: /home/guo/ITL_sentry_auto_new/install/utils/include/crc.hpp
[14.988s] -- Up-to-date: /home/guo/ITL_sentry_auto_new/install/utils/include/blocking_queue.hpp
[14.988s] -- Up-to-date: /home/guo/ITL_sentry_auto_new/install/utils/include/ransac_sine_fitter.hpp
[14.988s] -- Up-to-date: /home/guo/ITL_sentry_auto_new/install/utils/include/roi_tools.hpp
[14.988s] -- Installing: /home/guo/ITL_sentry_auto_new/install/utils/lib/libutils.a
[14.992s] -- Up-to-date: /home/guo/ITL_sentry_auto_new/install/utils/share/utils/cmake/utilsTargets.cmake
[14.992s] -- Installing: /home/guo/ITL_sentry_auto_new/install/utils/share/utils/cmake/utilsTargets-release.cmake
[14.992s] -- Up-to-date: /home/guo/ITL_sentry_auto_new/install/utils/share/ament_index/resource_index/package_run_dependencies/utils
[14.992s] -- Installing: /home/guo/ITL_sentry_auto_new/install/utils/share/ament_index/resource_index/parent_prefix_path/utils
[14.992s] -- Up-to-date: /home/guo/ITL_sentry_auto_new/install/utils/share/utils/environment/ament_prefix_path.sh
[14.992s] -- Up-to-date: /home/guo/ITL_sentry_auto_new/install/utils/share/utils/environment/ament_prefix_path.dsv
[14.992s] -- Up-to-date: /home/guo/ITL_sentry_auto_new/install/utils/share/utils/environment/path.sh
[14.992s] -- Up-to-date: /home/guo/ITL_sentry_auto_new/install/utils/share/utils/environment/path.dsv
[14.992s] -- Up-to-date: /home/guo/ITL_sentry_auto_new/install/utils/share/utils/local_setup.bash
[14.993s] -- Up-to-date: /home/guo/ITL_sentry_auto_new/install/utils/share/utils/local_setup.sh
[14.993s] -- Up-to-date: /home/guo/ITL_sentry_auto_new/install/utils/share/utils/local_setup.zsh
[14.993s] -- Up-to-date: /home/guo/ITL_sentry_auto_new/install/utils/share/utils/local_setup.dsv
[14.993s] -- Installing: /home/guo/ITL_sentry_auto_new/install/utils/share/utils/package.dsv
[14.993s] -- Up-to-date: /home/guo/ITL_sentry_auto_new/install/utils/share/ament_index/resource_index/packages/utils
[14.993s] -- Up-to-date: /home/guo/ITL_sentry_auto_new/install/utils/share/utils/cmake/utilsTargetsExport.cmake
[14.993s] -- Installing: /home/guo/ITL_sentry_auto_new/install/utils/share/utils/cmake/utilsTargetsExport-release.cmake
[14.993s] -- Up-to-date: /home/guo/ITL_sentry_auto_new/install/utils/share/utils/cmake/ament_cmake_export_include_directories-extras.cmake
[14.993s] -- Up-to-date: /home/guo/ITL_sentry_auto_new/install/utils/share/utils/cmake/ament_cmake_export_libraries-extras.cmake
[14.993s] -- Up-to-date: /home/guo/ITL_sentry_auto_new/install/utils/share/utils/cmake/ament_cmake_export_dependencies-extras.cmake
[14.993s] -- Up-to-date: /home/guo/ITL_sentry_auto_new/install/utils/share/utils/cmake/ament_cmake_export_targets-extras.cmake
[14.993s] -- Up-to-date: /home/guo/ITL_sentry_auto_new/install/utils/share/utils/cmake/utilsConfig.cmake
[14.993s] -- Up-to-date: /home/guo/ITL_sentry_auto_new/install/utils/share/utils/cmake/utilsConfig-version.cmake
[14.993s] -- Up-to-date: /home/guo/ITL_sentry_auto_new/install/utils/share/utils/package.xml
[14.994s] Invoked command in '/home/guo/ITL_sentry_auto_new/build/utils' returned '0': CMAKE_PREFIX_PATH=/opt/ros/rolling /usr/local/bin/cmake --install /home/guo/ITL_sentry_auto_new/build/utils
