[31mCMake Error at /opt/ros/rolling/share/rosidl_adapter/cmake/rosidl_adapt_interfaces.cmake:57 (message):
  execute_process(/usr/bin/python3.10 -m rosidl_adapter --package-name
  autoaim_msgs --arguments-file
  /home/guo/ITL_sentry_auto_new/build/autoaim_msgs/rosidl_adapter__arguments__autoaim_msgs.json
  --output-dir
  /home/guo/ITL_sentry_auto_new/build/autoaim_msgs/rosidl_adapter/autoaim_msgs
  --output-file
  /home/guo/ITL_sentry_auto_new/build/autoaim_msgs/rosidl_adapter/autoaim_msgs.idls)
  returned error code 1:

  Error processing 'float target_yaw' of 'autoaim_msgs/Debug': ''float' is an
  invalid message name.  It should have the pattern '^[A-Z][A-Za-z0-9]*$''

  Traceback (most recent call last):

    File "/usr/lib/python3.10/runpy.py", line 196, in _run_module_as_main
      return _run_code(code, main_globals, None,
    File "/usr/lib/python3.10/runpy.py", line 86, in _run_code
      exec(code, run_globals)
    File "/opt/ros/rolling/lib/python3.10/site-packages/rosidl_adapter/__main__.py", line 19, in <module>
      sys.exit(main())
    File "/opt/ros/rolling/lib/python3.10/site-packages/rosidl_adapter/main.py", line 53, in main
      abs_idl_file = convert_to_idl(
    File "/opt/ros/rolling/lib/python3.10/site-packages/rosidl_adapter/__init__.py", line 19, in convert_to_idl
      return convert_msg_to_idl(
    File "/opt/ros/rolling/lib/python3.10/site-packages/rosidl_adapter/msg/__init__.py", line 28, in convert_msg_to_idl
      msg = parse_message_string(package_name, input_file.stem, content)
    File "/opt/ros/rolling/lib/python3.10/site-packages/rosidl_adapter/parser.py", line 521, in parse_message_string
      Type(type_string, context_package_name=pkg_name),
    File "/opt/ros/rolling/lib/python3.10/site-packages/rosidl_adapter/parser.py", line 278, in __init__
      super(Type, self).__init__(
    File "/opt/ros/rolling/lib/python3.10/site-packages/rosidl_adapter/parser.py", line 206, in __init__
      raise InvalidResourceName(

  rosidl_adapter.parser.InvalidResourceName: 'float' is an invalid message
  name.  It should have the pattern '^[A-Z][A-Za-z0-9]*$'

Call Stack (most recent call first):
  /opt/ros/rolling/share/rosidl_cmake/cmake/rosidl_generate_interfaces.cmake:132 (rosidl_adapt_interfaces)
  CMakeLists.txt:17 (rosidl_generate_interfaces)

[0m
gmake: *** [Makefile:2435：cmake_check_build_system] 错误 1
