[ 25%] [32mBuilding CXX object CMakeFiles/tracker_lib.dir/src/tracker.cpp.o[0m
In file included from [01m[K/opt/ros/rolling/include/rclcpp/rclcpp/logging.hpp:24[m[K,
                 from [01m[K/opt/ros/rolling/include/rclcpp/rclcpp/copy_all_parameter_values.hpp:27[m[K,
                 from [01m[K/opt/ros/rolling/include/rclcpp/rclcpp/rclcpp.hpp:171[m[K,
                 from [01m[K/home/guo/ITL_sentry_auto_new/src/core/tracker/src/tracker.cpp:5[m[K:
[01m[K/home/guo/ITL_sentry_auto_new/src/core/tracker/src/tracker.cpp:[m[K In member function ‘[01m[Kstd::__cxx11::list<predict::Target> tracker::Tracker::track(std::__cxx11::list<armor_auto_aim::Armor>&, std::chrono::_V2::steady_clock::time_point, bool)[m[K’:
[01m[K/home/guo/ITL_sentry_auto_new/src/core/tracker/src/tracker.cpp:126:19:[m[K [01;35m[Kwarning: [m[Kformat ‘[01m[K%d[m[K’ expects argument of type ‘[01m[Kint[m[K’, but argument 6 has type ‘[01m[Klong unsigned int[m[K’ [[01;35m[K]8;;https://gcc.gnu.org/onlinedocs/gcc/Warning-Options.html#index-Wformat=-Wformat=]8;;[m[K]
  126 |                   [01;35m[K"NIS失败率过高 (%d/%d)，重置为lost"[m[K,
      |                   [01;35m[K^~~~~~~~~~~~~~~~~~~~~~~~~~~~~~~~~~~[m[K
  127 |                   failures, [32m[Kekf.window_size[m[K);
      |                             [32m[K~~~~~~~~~~~~~~~[m[K
      |                                 [32m[K|[m[K
      |                                 [32m[Klong unsigned int[m[K
[01m[K/home/guo/ITL_sentry_auto_new/src/core/tracker/src/tracker.cpp:126:39:[m[K [01;36m[Knote: [m[Kformat string is defined here
  126 |                   "NIS失败率过高 (%d/[01;36m[K%d[m[K)，重置为lost",
      |                                      [01;36m[K~^[m[K
      |                                       [01;36m[K|[m[K
      |                                       [01;36m[Kint[m[K
      |                                      [32m[K%ld[m[K
[01m[K/home/guo/ITL_sentry_auto_new/src/core/tracker/src/tracker.cpp:[m[K In member function ‘[01m[Kbool tracker::Tracker::update_target(std::__cxx11::list<armor_auto_aim::Armor>&, std::chrono::_V2::steady_clock::time_point)[m[K’:
[01m[K/home/guo/ITL_sentry_auto_new/src/core/tracker/src/tracker.cpp:310:15:[m[K [01;31m[Kerror: [m[K‘[01m[Kstruct armor_auto_aim::Armor[m[K’ has no member named ‘[01m[Knumber[m[K’
  310 |     if (armor.[01;31m[Knumber[m[K != static_cast<int>(target_.name)) continue;
      |               [01;31m[K^~~~~~[m[K
[01m[K/home/guo/ITL_sentry_auto_new/src/core/tracker/src/tracker.cpp:313:54:[m[K [01;31m[Kerror: [m[Kno match for ‘[01m[Koperator==[m[K’ (operand types are ‘[01m[Karmor_auto_aim::ArmorType[m[K’ and ‘[01m[Kconst char [4][m[K’)
  313 |     armor_auto_aim::ArmorType msg_type = ([32m[Karmor.type[m[K [01;31m[K==[m[K [34m[K"big"[m[K || armor.type == "large") ?
      |                                           [32m[K~~~~~~~~~~[m[K [01;31m[K^~[m[K [34m[K~~~~~[m[K
      |                                                 [32m[K|[m[K       [34m[K|[m[K
      |                                                 [32m[K|[m[K       [34m[Kconst char [4][m[K
      |                                                 [32m[Karmor_auto_aim::ArmorType[m[K
[01m[K/home/guo/ITL_sentry_auto_new/src/core/tracker/src/tracker.cpp:313:77:[m[K [01;31m[Kerror: [m[Kno match for ‘[01m[Koperator==[m[K’ (operand types are ‘[01m[Karmor_auto_aim::ArmorType[m[K’ and ‘[01m[Kconst char [6][m[K’)
  313 |     armor_auto_aim::ArmorType msg_type = (armor.type == "big" || [32m[Karmor.type[m[K [01;31m[K==[m[K [34m[K"large"[m[K) ?
      |                                                                  [32m[K~~~~~~~~~~[m[K [01;31m[K^~[m[K [34m[K~~~~~~~[m[K
      |                                                                        [32m[K|[m[K       [34m[K|[m[K
      |                                                                        [32m[K|[m[K       [34m[Kconst char [6][m[K
      |                                                                        [32m[Karmor_auto_aim::ArmorType[m[K
gmake[2]: *** [CMakeFiles/tracker_lib.dir/build.make:76: CMakeFiles/tracker_lib.dir/src/tracker.cpp.o] 中断
gmake[1]: *** [CMakeFiles/Makefile2:139: CMakeFiles/tracker_lib.dir/all] 中断
gmake: *** [Makefile:146: all] 中断
