[0.013s] Invoking command in '/home/guo/ITL_sentry_auto_new/build/detected': AMENT_PREFIX_PATH=/home/guo/ITL_sentry_auto_new/install/utils:${AMENT_PREFIX_PATH} CMAKE_PREFIX_PATH=/home/guo/ITL_sentry_auto_new/install/utils:/opt/ros/rolling LD_LIBRARY_PATH=/home/guo/ITL_sentry_auto_new/install/utils/lib:${LD_LIBRARY_PATH} /usr/local/bin/cmake /home/guo/ITL_sentry_auto_new/src/core/detected -DCMAKE_INSTALL_PREFIX=/home/guo/ITL_sentry_auto_new/install/detected
[0.056s] -- The C compiler identification is GNU 11.4.0
[0.110s] -- The CXX compiler identification is GNU 11.4.0
[0.125s] -- Detecting C compiler ABI info
[0.182s] -- Detecting C compiler ABI info - done
[0.193s] -- Check for working C compiler: /usr/bin/cc - skipped
[0.193s] -- Detecting C compile features
[0.193s] -- Detecting C compile features - done
[0.203s] -- Detecting CXX compiler ABI info
[0.272s] -- Detecting CXX compiler ABI info - done
[0.283s] -- Check for working CXX compiler: /usr/bin/c++ - skipped
[0.283s] -- Detecting CXX compile features
[0.284s] -- Detecting CXX compile features - done
[0.286s] -- Found ament_cmake: 2.3.2 (/opt/ros/rolling/share/ament_cmake/cmake)
[0.705s] -- Found Python3: /usr/bin/python3.10 (found version "3.10.12") found components: Interpreter 
[0.796s] -- Found OpenCV: /usr (found version "4.5.4") 
[0.805s] -- Performing Test CMAKE_HAVE_LIBC_PTHREAD
[0.872s] -- Performing Test CMAKE_HAVE_LIBC_PTHREAD - Success
[0.873s] -- Found Threads: TRUE  
[0.875s] -- Found utils: 1.0.0 (/home/guo/ITL_sentry_auto_new/install/utils/share/utils/cmake)
[0.916s] -- Found rosidl_generator_c: 4.5.1 (/opt/ros/rolling/share/rosidl_generator_c/cmake)
[0.930s] -- Found rosidl_generator_cpp: 4.5.1 (/opt/ros/rolling/share/rosidl_generator_cpp/cmake)
[0.946s] -- Using all available rosidl_typesupport_c: rosidl_typesupport_fastrtps_c;rosidl_typesupport_introspection_c
[0.966s] -- Using all available rosidl_typesupport_cpp: rosidl_typesupport_fastrtps_cpp;rosidl_typesupport_introspection_cpp
[1.141s] -- Found rmw_implementation_cmake: 7.3.0 (/opt/ros/rolling/share/rmw_implementation_cmake/cmake)
[1.143s] -- Found rmw_fastrtps_cpp: 8.2.0 (/opt/ros/rolling/share/rmw_fastrtps_cpp/cmake)
[1.227s] -- Found OpenSSL: /usr/lib/x86_64-linux-gnu/libcrypto.so (found version "3.0.2")  
[1.254s] -- Found FastRTPS: /opt/ros/rolling/include  
[1.297s] -- Using RMW implementation 'rmw_fastrtps_cpp' as default
[1.572s] -- Found ament_lint_auto: 0.16.3 (/opt/ros/rolling/share/ament_lint_auto/cmake)
[1.632s] -- Configuring done (1.6s)
[1.661s] -- Generating done (0.0s)
[1.666s] -- Build files have been written to: /home/guo/ITL_sentry_auto_new/build/detected
[1.677s] Invoked command in '/home/guo/ITL_sentry_auto_new/build/detected' returned '0': AMENT_PREFIX_PATH=/home/guo/ITL_sentry_auto_new/install/utils:${AMENT_PREFIX_PATH} CMAKE_PREFIX_PATH=/home/guo/ITL_sentry_auto_new/install/utils:/opt/ros/rolling LD_LIBRARY_PATH=/home/guo/ITL_sentry_auto_new/install/utils/lib:${LD_LIBRARY_PATH} /usr/local/bin/cmake /home/guo/ITL_sentry_auto_new/src/core/detected -DCMAKE_INSTALL_PREFIX=/home/guo/ITL_sentry_auto_new/install/detected
[1.679s] Invoking command in '/home/guo/ITL_sentry_auto_new/build/detected': AMENT_PREFIX_PATH=/home/guo/ITL_sentry_auto_new/install/utils:${AMENT_PREFIX_PATH} CMAKE_PREFIX_PATH=/home/guo/ITL_sentry_auto_new/install/utils:/opt/ros/rolling LD_LIBRARY_PATH=/home/guo/ITL_sentry_auto_new/install/utils/lib:${LD_LIBRARY_PATH} /usr/local/bin/cmake --build /home/guo/ITL_sentry_auto_new/build/detected -- -j24 -l24
[1.699s] [ 11%] [32mBuilding CXX object CMakeFiles/armor_data_lib.dir/src/common/armor.cpp.o[0m
[3.177s] [ 22%] [32m[1mLinking CXX shared library libarmor_data_lib.so[0m
[3.276s] [ 22%] Built target armor_data_lib
[3.286s] [ 44%] [32mBuilding CXX object CMakeFiles/armor_classifier_lib.dir/src/classifier/armor_classifier.cpp.o[0m
[3.286s] [ 44%] [32mBuilding CXX object CMakeFiles/armor_detector_lib.dir/src/detector/common_detector.cpp.o[0m
[3.286s] [ 55%] [32mBuilding CXX object CMakeFiles/armor_detector_lib.dir/src/detector/yolo11.cpp.o[0m
[5.371s] /home/guo/ITL_sentry_auto_new/src/core/detected/src/classifier/armor_classifier.cpp: In instantiation of ‘[01m[Kvoid armor_auto_aim::{anonymous}::log_warn(const char*, Args&& ...) [with Args = {}][m[K’:
[5.371s] [01m[K/home/guo/ITL_sentry_auto_new/src/core/detected/src/classifier/armor_classifier.cpp:153:17:[m[K   required from here
[5.371s] [01m[K/home/guo/ITL_sentry_auto_new/src/core/detected/src/classifier/armor_classifier.cpp:24:18:[m[K [01;35m[Kwarning: [m[Kformat not a string literal and no format arguments [[01;35m[K]8;;https://gcc.gnu.org/onlinedocs/gcc/Warning-Options.html#index-Wformat-security-Wformat-security]8;;[m[K]
[5.371s]    24 |     [01;35m[Kstd::snprintf(buffer, sizeof(buffer), fmt, std::forward<Args>(args)...)[m[K;
[5.371s]       |     [01;35m[K~~~~~~~~~~~~~^~~~~~~~~~~~~~~~~~~~~~~~~~~~~~~~~~~~~~~~~~~~~~~~~~~~~~~~~~[m[K
[5.372s] /home/guo/ITL_sentry_auto_new/src/core/detected/src/classifier/armor_classifier.cpp: In instantiation of ‘[01m[Kvoid armor_auto_aim::{anonymous}::log_error(const char*, Args&& ...) [with Args = {}][m[K’:
[5.372s] [01m[K/home/guo/ITL_sentry_auto_new/src/core/detected/src/classifier/armor_classifier.cpp:203:18:[m[K   required from here
[5.372s] [01m[K/home/guo/ITL_sentry_auto_new/src/core/detected/src/classifier/armor_classifier.cpp:31:18:[m[K [01;35m[Kwarning: [m[Kformat not a string literal and no format arguments [[01;35m[K]8;;https://gcc.gnu.org/onlinedocs/gcc/Warning-Options.html#index-Wformat-security-Wformat-security]8;;[m[K]
[5.372s]    31 |     [01;35m[Kstd::snprintf(buffer, sizeof(buffer), fmt, std::forward<Args>(args)...)[m[K;
[5.372s]       |     [01;35m[K~~~~~~~~~~~~~^~~~~~~~~~~~~~~~~~~~~~~~~~~~~~~~~~~~~~~~~~~~~~~~~~~~~~~~~~[m[K
[7.534s] [ 66%] [32m[1mLinking CXX shared library libarmor_classifier_lib.so[0m
[7.755s] [ 66%] Built target armor_classifier_lib
[9.435s] [ 77%] [32m[1mLinking CXX shared library libarmor_detector_lib.so[0m
[9.632s] [ 77%] Built target armor_detector_lib
[9.639s] [ 88%] [32mBuilding CXX object CMakeFiles/detected.dir/src/node/armor_detector_node.cpp.o[0m
[16.330s] [100%] [32m[1mLinking CXX shared library libdetected.so[0m
[16.437s] [100%] Built target detected
[16.441s] Invoked command in '/home/guo/ITL_sentry_auto_new/build/detected' returned '0': AMENT_PREFIX_PATH=/home/guo/ITL_sentry_auto_new/install/utils:${AMENT_PREFIX_PATH} CMAKE_PREFIX_PATH=/home/guo/ITL_sentry_auto_new/install/utils:/opt/ros/rolling LD_LIBRARY_PATH=/home/guo/ITL_sentry_auto_new/install/utils/lib:${LD_LIBRARY_PATH} /usr/local/bin/cmake --build /home/guo/ITL_sentry_auto_new/build/detected -- -j24 -l24
[16.442s] Invoking command in '/home/guo/ITL_sentry_auto_new/build/detected': AMENT_PREFIX_PATH=/home/guo/ITL_sentry_auto_new/install/utils:${AMENT_PREFIX_PATH} CMAKE_PREFIX_PATH=/home/guo/ITL_sentry_auto_new/install/utils:/opt/ros/rolling LD_LIBRARY_PATH=/home/guo/ITL_sentry_auto_new/install/utils/lib:${LD_LIBRARY_PATH} /usr/local/bin/cmake --install /home/guo/ITL_sentry_auto_new/build/detected
[16.444s] -- Install configuration: "Release"
[16.445s] -- Installing: /home/guo/ITL_sentry_auto_new/install/detected/lib/libarmor_data_lib.so
[16.445s] -- Installing: /home/guo/ITL_sentry_auto_new/install/detected/lib/libarmor_detector_lib.so
[16.445s] -- Set non-toolchain portion of runtime path of "/home/guo/ITL_sentry_auto_new/install/detected/lib/libarmor_detector_lib.so" to ""
[16.445s] -- Installing: /home/guo/ITL_sentry_auto_new/install/detected/lib/libarmor_classifier_lib.so
[16.446s] -- Set non-toolchain portion of runtime path of "/home/guo/ITL_sentry_auto_new/install/detected/lib/libarmor_classifier_lib.so" to ""
[16.446s] -- Installing: /home/guo/ITL_sentry_auto_new/install/detected/lib/libdetected.so
[16.446s] -- Set non-toolchain portion of runtime path of "/home/guo/ITL_sentry_auto_new/install/detected/lib/libdetected.so" to ""
[16.446s] -- Installing: /home/guo/ITL_sentry_auto_new/install/detected/include
[16.446s] -- Installing: /home/guo/ITL_sentry_auto_new/install/detected/include/common
[16.446s] -- Installing: /home/guo/ITL_sentry_auto_new/install/detected/include/common/armor.hpp
[16.446s] -- Installing: /home/guo/ITL_sentry_auto_new/install/detected/include/node
[16.446s] -- Installing: /home/guo/ITL_sentry_auto_new/install/detected/include/node/armor_detector_node.hpp
[16.446s] -- Installing: /home/guo/ITL_sentry_auto_new/install/detected/include/classifier
[16.446s] -- Installing: /home/guo/ITL_sentry_auto_new/install/detected/include/classifier/armor_classifier.hpp
[16.446s] -- Installing: /home/guo/ITL_sentry_auto_new/install/detected/include/detector
[16.446s] -- Installing: /home/guo/ITL_sentry_auto_new/install/detected/include/detector/common_detector.hpp
[16.447s] -- Installing: /home/guo/ITL_sentry_auto_new/install/detected/include/detector/yolo11.hpp
[16.447s] -- Installing: /home/guo/ITL_sentry_auto_new/install/detected/share/detected/environment/library_path.sh
[16.447s] -- Installing: /home/guo/ITL_sentry_auto_new/install/detected/share/detected/environment/library_path.dsv
[16.447s] -- Installing: /home/guo/ITL_sentry_auto_new/install/detected/share/ament_index/resource_index/package_run_dependencies/detected
[16.447s] -- Installing: /home/guo/ITL_sentry_auto_new/install/detected/share/ament_index/resource_index/parent_prefix_path/detected
[16.447s] -- Installing: /home/guo/ITL_sentry_auto_new/install/detected/share/detected/environment/ament_prefix_path.sh
[16.447s] -- Installing: /home/guo/ITL_sentry_auto_new/install/detected/share/detected/environment/ament_prefix_path.dsv
[16.447s] -- Installing: /home/guo/ITL_sentry_auto_new/install/detected/share/detected/environment/path.sh
[16.447s] -- Installing: /home/guo/ITL_sentry_auto_new/install/detected/share/detected/environment/path.dsv
[16.447s] -- Installing: /home/guo/ITL_sentry_auto_new/install/detected/share/detected/local_setup.bash
[16.447s] -- Installing: /home/guo/ITL_sentry_auto_new/install/detected/share/detected/local_setup.sh
[16.448s] -- Installing: /home/guo/ITL_sentry_auto_new/install/detected/share/detected/local_setup.zsh
[16.448s] -- Installing: /home/guo/ITL_sentry_auto_new/install/detected/share/detected/local_setup.dsv
[16.448s] -- Installing: /home/guo/ITL_sentry_auto_new/install/detected/share/detected/package.dsv
[16.448s] -- Installing: /home/guo/ITL_sentry_auto_new/install/detected/share/ament_index/resource_index/packages/detected
[16.448s] -- Installing: /home/guo/ITL_sentry_auto_new/install/detected/share/detected/cmake/ament_cmake_export_dependencies-extras.cmake
[16.448s] -- Installing: /home/guo/ITL_sentry_auto_new/install/detected/share/detected/cmake/ament_cmake_export_libraries-extras.cmake
[16.448s] -- Installing: /home/guo/ITL_sentry_auto_new/install/detected/share/detected/cmake/ament_cmake_export_include_directories-extras.cmake
[16.448s] -- Installing: /home/guo/ITL_sentry_auto_new/install/detected/share/detected/cmake/detectedConfig.cmake
[16.448s] -- Installing: /home/guo/ITL_sentry_auto_new/install/detected/share/detected/cmake/detectedConfig-version.cmake
[16.448s] -- Installing: /home/guo/ITL_sentry_auto_new/install/detected/share/detected/package.xml
[16.449s] Invoked command in '/home/guo/ITL_sentry_auto_new/build/detected' returned '0': AMENT_PREFIX_PATH=/home/guo/ITL_sentry_auto_new/install/utils:${AMENT_PREFIX_PATH} CMAKE_PREFIX_PATH=/home/guo/ITL_sentry_auto_new/install/utils:/opt/ros/rolling LD_LIBRARY_PATH=/home/guo/ITL_sentry_auto_new/install/utils/lib:${LD_LIBRARY_PATH} /usr/local/bin/cmake --install /home/guo/ITL_sentry_auto_new/build/detected
