[0.013s] Invoking command in '/home/guo/ITL_sentry_auto_new/build/launch_node': CMAKE_PREFIX_PATH=/opt/ros/rolling /usr/local/bin/cmake /home/guo/ITL_sentry_auto_new/src/launch -DCMAKE_INSTALL_PREFIX=/home/guo/ITL_sentry_auto_new/install/launch_node
[0.056s] -- The C compiler identification is GNU 11.4.0
[0.101s] -- The CXX compiler identification is GNU 11.4.0
[0.118s] -- Detecting C compiler ABI info
[0.176s] -- Detecting C compiler ABI info - done
[0.186s] -- Check for working C compiler: /usr/bin/cc - skipped
[0.187s] -- Detecting C compile features
[0.187s] -- Detecting C compile features - done
[0.194s] -- Detecting CXX compiler ABI info
[0.262s] -- Detecting CXX compiler ABI info - done
[0.272s] -- Check for working CXX compiler: /usr/bin/c++ - skipped
[0.272s] -- Detecting CXX compile features
[0.272s] -- Detecting CXX compile features - done
[0.274s] -- Found ament_cmake_auto: 2.3.2 (/opt/ros/rolling/share/ament_cmake_auto/cmake)
[0.636s] -- Found Python3: /usr/bin/python3.10 (found version "3.10.12") found components: Interpreter 
[0.706s] -- Found rclcpp: 27.0.0 (/opt/ros/rolling/share/rclcpp/cmake)
[0.734s] -- Found rosidl_generator_c: 4.5.1 (/opt/ros/rolling/share/rosidl_generator_c/cmake)
[0.745s] -- Found rosidl_generator_cpp: 4.5.1 (/opt/ros/rolling/share/rosidl_generator_cpp/cmake)
[0.764s] -- Using all available rosidl_typesupport_c: rosidl_typesupport_fastrtps_c;rosidl_typesupport_introspection_c
[0.784s] -- Using all available rosidl_typesupport_cpp: rosidl_typesupport_fastrtps_cpp;rosidl_typesupport_introspection_cpp
[0.960s] -- Found rmw_implementation_cmake: 7.3.0 (/opt/ros/rolling/share/rmw_implementation_cmake/cmake)
[0.962s] -- Found rmw_fastrtps_cpp: 8.2.0 (/opt/ros/rolling/share/rmw_fastrtps_cpp/cmake)
[1.044s] -- Found OpenSSL: /usr/lib/x86_64-linux-gnu/libcrypto.so (found version "3.0.2")  
[1.073s] -- Found FastRTPS: /opt/ros/rolling/include  
[1.115s] -- Using RMW implementation 'rmw_fastrtps_cpp' as default
[1.308s] -- Found std_msgs: 5.3.0 (/opt/ros/rolling/share/std_msgs/cmake)
[1.341s] -- Found geometry_msgs: 5.3.0 (/opt/ros/rolling/share/geometry_msgs/cmake)
[1.452s] -- Found ament_lint_auto: 0.16.3 (/opt/ros/rolling/share/ament_lint_auto/cmake)
[1.471s] -- Added test 'flake8' to check Python code syntax and style conventions
[1.471s] -- Configured 'flake8' exclude dirs and/or files: 
[1.472s] -- Added test 'lint_cmake' to check CMake code style
[1.473s] -- Added test 'pep257' to check Python code against some of the docstring style conventions in PEP 257
[1.474s] -- Added test 'xmllint' to check XML markup files
[1.476s] -- Configuring done (1.5s)
[1.481s] -- Generating done (0.0s)
[1.483s] -- Build files have been written to: /home/guo/ITL_sentry_auto_new/build/launch_node
[1.492s] Invoked command in '/home/guo/ITL_sentry_auto_new/build/launch_node' returned '0': CMAKE_PREFIX_PATH=/opt/ros/rolling /usr/local/bin/cmake /home/guo/ITL_sentry_auto_new/src/launch -DCMAKE_INSTALL_PREFIX=/home/guo/ITL_sentry_auto_new/install/launch_node
[1.494s] Invoking command in '/home/guo/ITL_sentry_auto_new/build/launch_node': CMAKE_PREFIX_PATH=/opt/ros/rolling /usr/local/bin/cmake --build /home/guo/ITL_sentry_auto_new/build/launch_node -- -j24 -l24
[1.512s] Invoked command in '/home/guo/ITL_sentry_auto_new/build/launch_node' returned '0': CMAKE_PREFIX_PATH=/opt/ros/rolling /usr/local/bin/cmake --build /home/guo/ITL_sentry_auto_new/build/launch_node -- -j24 -l24
[1.517s] Invoking command in '/home/guo/ITL_sentry_auto_new/build/launch_node': CMAKE_PREFIX_PATH=/opt/ros/rolling /usr/local/bin/cmake --install /home/guo/ITL_sentry_auto_new/build/launch_node
[1.519s] -- Install configuration: ""
[1.519s] -- Installing: /home/guo/ITL_sentry_auto_new/install/launch_node/share/launch_node/launch
[1.519s] -- Installing: /home/guo/ITL_sentry_auto_new/install/launch_node/share/launch_node/launch/launch_node.launch.py
[1.519s] -- Installing: /home/guo/ITL_sentry_auto_new/install/launch_node/share/launch_node/config
[1.519s] -- Installing: /home/guo/ITL_sentry_auto_new/install/launch_node/share/launch_node/config/angle_solver_params.xml
[1.520s] -- Installing: /home/guo/ITL_sentry_auto_new/install/launch_node/share/ament_index/resource_index/package_run_dependencies/launch_node
[1.520s] -- Installing: /home/guo/ITL_sentry_auto_new/install/launch_node/share/ament_index/resource_index/parent_prefix_path/launch_node
[1.520s] -- Installing: /home/guo/ITL_sentry_auto_new/install/launch_node/share/launch_node/environment/ament_prefix_path.sh
[1.520s] -- Installing: /home/guo/ITL_sentry_auto_new/install/launch_node/share/launch_node/environment/ament_prefix_path.dsv
[1.520s] -- Installing: /home/guo/ITL_sentry_auto_new/install/launch_node/share/launch_node/environment/path.sh
[1.520s] -- Installing: /home/guo/ITL_sentry_auto_new/install/launch_node/share/launch_node/environment/path.dsv
[1.520s] -- Installing: /home/guo/ITL_sentry_auto_new/install/launch_node/share/launch_node/local_setup.bash
[1.520s] -- Installing: /home/guo/ITL_sentry_auto_new/install/launch_node/share/launch_node/local_setup.sh
[1.520s] -- Installing: /home/guo/ITL_sentry_auto_new/install/launch_node/share/launch_node/local_setup.zsh
[1.520s] -- Installing: /home/guo/ITL_sentry_auto_new/install/launch_node/share/launch_node/local_setup.dsv
[1.520s] -- Installing: /home/guo/ITL_sentry_auto_new/install/launch_node/share/launch_node/package.dsv
[1.520s] -- Installing: /home/guo/ITL_sentry_auto_new/install/launch_node/share/ament_index/resource_index/packages/launch_node
[1.520s] -- Installing: /home/guo/ITL_sentry_auto_new/install/launch_node/share/launch_node/cmake/ament_cmake_export_dependencies-extras.cmake
[1.520s] -- Installing: /home/guo/ITL_sentry_auto_new/install/launch_node/share/launch_node/cmake/launch_nodeConfig.cmake
[1.520s] -- Installing: /home/guo/ITL_sentry_auto_new/install/launch_node/share/launch_node/cmake/launch_nodeConfig-version.cmake
[1.520s] -- Installing: /home/guo/ITL_sentry_auto_new/install/launch_node/share/launch_node/package.xml
[1.522s] Invoked command in '/home/guo/ITL_sentry_auto_new/build/launch_node' returned '0': CMAKE_PREFIX_PATH=/opt/ros/rolling /usr/local/bin/cmake --install /home/guo/ITL_sentry_auto_new/build/launch_node
