[0.074s] colcon DEBUG Command line arguments: ['/usr/bin/colcon', 'build', '--packages-select', 'auto_buff']
[0.075s] colcon DEBUG Parsed command line arguments: Namespace(log_base=None, log_level=None, verb_name='build', build_base='build', install_base='install', merge_install=False, symlink_install=False, test_result_base=None, continue_on_error=False, executor='parallel', parallel_workers=24, event_handlers=None, ignore_user_meta=False, metas=['./colcon.meta'], base_paths=['.'], packages_ignore=None, packages_ignore_regex=None, paths=None, packages_up_to=None, packages_up_to_regex=None, packages_above=None, packages_above_and_dependencies=None, packages_above_depth=None, packages_select_by_dep=None, packages_skip_by_dep=None, packages_skip_up_to=None, packages_select_build_failed=False, packages_skip_build_finished=False, packages_select_test_failures=False, packages_skip_test_passed=False, packages_select=['auto_buff'], packages_skip=None, packages_select_regex=None, packages_skip_regex=None, packages_start=None, packages_end=None, allow_overriding=[], cmake_args=None, cmake_target=None, cmake_target_skip_unavailable=False, cmake_clean_cache=False, cmake_clean_first=False, cmake_force_configure=False, ament_cmake_args=None, catkin_cmake_args=None, catkin_skip_building_tests=False, verb_parser=<colcon_defaults.argument_parser.defaults.DefaultArgumentsDecorator object at 0x7b831f019b40>, verb_extension=<colcon_core.verb.build.BuildVerb object at 0x7b831f102f50>, main=<bound method BuildVerb.main of <colcon_core.verb.build.BuildVerb object at 0x7b831f102f50>>)
[0.182s] colcon.colcon_core.package_discovery Level 1 discover_packages(colcon_meta) check parameters
[0.182s] colcon.colcon_core.package_discovery Level 1 discover_packages(recursive) check parameters
[0.182s] colcon.colcon_core.package_discovery Level 1 discover_packages(ignore) check parameters
[0.182s] colcon.colcon_core.package_discovery Level 1 discover_packages(path) check parameters
[0.182s] colcon.colcon_core.package_discovery Level 1 discover_packages(colcon_meta) discover
[0.182s] colcon.colcon_core.package_discovery Level 1 discover_packages(recursive) discover
[0.182s] colcon.colcon_core.package_discovery INFO Crawling recursively for packages in '/home/guo/ITL_sentry_auto_new'
[0.182s] colcon.colcon_core.package_identification Level 1 _identify(.) by extensions ['ignore', 'ignore_ament_install']
[0.182s] colcon.colcon_core.package_identification Level 1 _identify(.) by extension 'ignore'
[0.182s] colcon.colcon_core.package_identification Level 1 _identify(.) by extension 'ignore_ament_install'
[0.182s] colcon.colcon_core.package_identification Level 1 _identify(.) by extensions ['colcon_pkg']
[0.182s] colcon.colcon_core.package_identification Level 1 _identify(.) by extension 'colcon_pkg'
[0.182s] colcon.colcon_core.package_identification Level 1 _identify(.) by extensions ['colcon_meta']
[0.182s] colcon.colcon_core.package_identification Level 1 _identify(.) by extension 'colcon_meta'
[0.182s] colcon.colcon_core.package_identification Level 1 _identify(.) by extensions ['ros']
[0.182s] colcon.colcon_core.package_identification Level 1 _identify(.) by extension 'ros'
[0.195s] colcon.colcon_core.package_identification Level 1 _identify(.) by extensions ['cmake', 'python']
[0.195s] colcon.colcon_core.package_identification Level 1 _identify(.) by extension 'cmake'
[0.195s] colcon.colcon_core.package_identification Level 1 _identify(.) by extension 'python'
[0.195s] colcon.colcon_core.package_identification Level 1 _identify(.) by extensions ['python_setup_py']
[0.195s] colcon.colcon_core.package_identification Level 1 _identify(.) by extension 'python_setup_py'
[0.195s] colcon.colcon_core.package_identification Level 1 _identify(build) by extensions ['ignore', 'ignore_ament_install']
[0.195s] colcon.colcon_core.package_identification Level 1 _identify(build) by extension 'ignore'
[0.195s] colcon.colcon_core.package_identification Level 1 _identify(build) ignored
[0.195s] colcon.colcon_core.package_identification Level 1 _identify(install) by extensions ['ignore', 'ignore_ament_install']
[0.195s] colcon.colcon_core.package_identification Level 1 _identify(install) by extension 'ignore'
[0.195s] colcon.colcon_core.package_identification Level 1 _identify(install) ignored
[0.195s] colcon.colcon_core.package_identification Level 1 _identify(log) by extensions ['ignore', 'ignore_ament_install']
[0.195s] colcon.colcon_core.package_identification Level 1 _identify(log) by extension 'ignore'
[0.195s] colcon.colcon_core.package_identification Level 1 _identify(log) ignored
[0.195s] colcon.colcon_core.package_identification Level 1 _identify(logs) by extensions ['ignore', 'ignore_ament_install']
[0.196s] colcon.colcon_core.package_identification Level 1 _identify(logs) by extension 'ignore'
[0.196s] colcon.colcon_core.package_identification Level 1 _identify(logs) by extension 'ignore_ament_install'
[0.196s] colcon.colcon_core.package_identification Level 1 _identify(logs) by extensions ['colcon_pkg']
[0.196s] colcon.colcon_core.package_identification Level 1 _identify(logs) by extension 'colcon_pkg'
[0.196s] colcon.colcon_core.package_identification Level 1 _identify(logs) by extensions ['colcon_meta']
[0.196s] colcon.colcon_core.package_identification Level 1 _identify(logs) by extension 'colcon_meta'
[0.196s] colcon.colcon_core.package_identification Level 1 _identify(logs) by extensions ['ros']
[0.196s] colcon.colcon_core.package_identification Level 1 _identify(logs) by extension 'ros'
[0.196s] colcon.colcon_core.package_identification Level 1 _identify(logs) by extensions ['cmake', 'python']
[0.196s] colcon.colcon_core.package_identification Level 1 _identify(logs) by extension 'cmake'
[0.196s] colcon.colcon_core.package_identification Level 1 _identify(logs) by extension 'python'
[0.196s] colcon.colcon_core.package_identification Level 1 _identify(logs) by extensions ['python_setup_py']
[0.196s] colcon.colcon_core.package_identification Level 1 _identify(logs) by extension 'python_setup_py'
[0.196s] colcon.colcon_core.package_identification Level 1 _identify(src) by extensions ['ignore', 'ignore_ament_install']
[0.196s] colcon.colcon_core.package_identification Level 1 _identify(src) by extension 'ignore'
[0.196s] colcon.colcon_core.package_identification Level 1 _identify(src) by extension 'ignore_ament_install'
[0.196s] colcon.colcon_core.package_identification Level 1 _identify(src) by extensions ['colcon_pkg']
[0.196s] colcon.colcon_core.package_identification Level 1 _identify(src) by extension 'colcon_pkg'
[0.196s] colcon.colcon_core.package_identification Level 1 _identify(src) by extensions ['colcon_meta']
[0.196s] colcon.colcon_core.package_identification Level 1 _identify(src) by extension 'colcon_meta'
[0.196s] colcon.colcon_core.package_identification Level 1 _identify(src) by extensions ['ros']
[0.196s] colcon.colcon_core.package_identification Level 1 _identify(src) by extension 'ros'
[0.196s] colcon.colcon_core.package_identification Level 1 _identify(src) by extensions ['cmake', 'python']
[0.196s] colcon.colcon_core.package_identification Level 1 _identify(src) by extension 'cmake'
[0.196s] colcon.colcon_core.package_identification Level 1 _identify(src) by extension 'python'
[0.196s] colcon.colcon_core.package_identification Level 1 _identify(src) by extensions ['python_setup_py']
[0.196s] colcon.colcon_core.package_identification Level 1 _identify(src) by extension 'python_setup_py'
[0.196s] colcon.colcon_core.package_identification Level 1 _identify(src/Messages) by extensions ['ignore', 'ignore_ament_install']
[0.196s] colcon.colcon_core.package_identification Level 1 _identify(src/Messages) by extension 'ignore'
[0.196s] colcon.colcon_core.package_identification Level 1 _identify(src/Messages) by extension 'ignore_ament_install'
[0.196s] colcon.colcon_core.package_identification Level 1 _identify(src/Messages) by extensions ['colcon_pkg']
[0.196s] colcon.colcon_core.package_identification Level 1 _identify(src/Messages) by extension 'colcon_pkg'
[0.196s] colcon.colcon_core.package_identification Level 1 _identify(src/Messages) by extensions ['colcon_meta']
[0.196s] colcon.colcon_core.package_identification Level 1 _identify(src/Messages) by extension 'colcon_meta'
[0.196s] colcon.colcon_core.package_identification Level 1 _identify(src/Messages) by extensions ['ros']
[0.196s] colcon.colcon_core.package_identification Level 1 _identify(src/Messages) by extension 'ros'
[0.198s] colcon.colcon_core.package_identification DEBUG Package 'src/Messages' with type 'ros.ament_cmake' and name 'autoaim_msgs'
[0.198s] colcon.colcon_core.package_identification Level 1 _identify(src/config) by extensions ['ignore', 'ignore_ament_install']
[0.198s] colcon.colcon_core.package_identification Level 1 _identify(src/config) by extension 'ignore'
[0.198s] colcon.colcon_core.package_identification Level 1 _identify(src/config) by extension 'ignore_ament_install'
[0.198s] colcon.colcon_core.package_identification Level 1 _identify(src/config) by extensions ['colcon_pkg']
[0.198s] colcon.colcon_core.package_identification Level 1 _identify(src/config) by extension 'colcon_pkg'
[0.198s] colcon.colcon_core.package_identification Level 1 _identify(src/config) by extensions ['colcon_meta']
[0.198s] colcon.colcon_core.package_identification Level 1 _identify(src/config) by extension 'colcon_meta'
[0.199s] colcon.colcon_core.package_identification Level 1 _identify(src/config) by extensions ['ros']
[0.199s] colcon.colcon_core.package_identification Level 1 _identify(src/config) by extension 'ros'
[0.199s] colcon.colcon_core.package_identification Level 1 _identify(src/config) by extensions ['cmake', 'python']
[0.199s] colcon.colcon_core.package_identification Level 1 _identify(src/config) by extension 'cmake'
[0.199s] colcon.colcon_core.package_identification Level 1 _identify(src/config) by extension 'python'
[0.199s] colcon.colcon_core.package_identification Level 1 _identify(src/config) by extensions ['python_setup_py']
[0.199s] colcon.colcon_core.package_identification Level 1 _identify(src/config) by extension 'python_setup_py'
[0.199s] colcon.colcon_core.package_identification Level 1 _identify(src/core) by extensions ['ignore', 'ignore_ament_install']
[0.199s] colcon.colcon_core.package_identification Level 1 _identify(src/core) by extension 'ignore'
[0.199s] colcon.colcon_core.package_identification Level 1 _identify(src/core) by extension 'ignore_ament_install'
[0.199s] colcon.colcon_core.package_identification Level 1 _identify(src/core) by extensions ['colcon_pkg']
[0.199s] colcon.colcon_core.package_identification Level 1 _identify(src/core) by extension 'colcon_pkg'
[0.199s] colcon.colcon_core.package_identification Level 1 _identify(src/core) by extensions ['colcon_meta']
[0.199s] colcon.colcon_core.package_identification Level 1 _identify(src/core) by extension 'colcon_meta'
[0.199s] colcon.colcon_core.package_identification Level 1 _identify(src/core) by extensions ['ros']
[0.199s] colcon.colcon_core.package_identification Level 1 _identify(src/core) by extension 'ros'
[0.199s] colcon.colcon_core.package_identification Level 1 _identify(src/core) by extensions ['cmake', 'python']
[0.199s] colcon.colcon_core.package_identification Level 1 _identify(src/core) by extension 'cmake'
[0.199s] colcon.colcon_core.package_identification Level 1 _identify(src/core) by extension 'python'
[0.199s] colcon.colcon_core.package_identification Level 1 _identify(src/core) by extensions ['python_setup_py']
[0.199s] colcon.colcon_core.package_identification Level 1 _identify(src/core) by extension 'python_setup_py'
[0.199s] colcon.colcon_core.package_identification Level 1 _identify(src/core/auto_aim) by extensions ['ignore', 'ignore_ament_install']
[0.199s] colcon.colcon_core.package_identification Level 1 _identify(src/core/auto_aim) by extension 'ignore'
[0.199s] colcon.colcon_core.package_identification Level 1 _identify(src/core/auto_aim) by extension 'ignore_ament_install'
[0.199s] colcon.colcon_core.package_identification Level 1 _identify(src/core/auto_aim) by extensions ['colcon_pkg']
[0.199s] colcon.colcon_core.package_identification Level 1 _identify(src/core/auto_aim) by extension 'colcon_pkg'
[0.199s] colcon.colcon_core.package_identification Level 1 _identify(src/core/auto_aim) by extensions ['colcon_meta']
[0.199s] colcon.colcon_core.package_identification Level 1 _identify(src/core/auto_aim) by extension 'colcon_meta'
[0.199s] colcon.colcon_core.package_identification Level 1 _identify(src/core/auto_aim) by extensions ['ros']
[0.199s] colcon.colcon_core.package_identification Level 1 _identify(src/core/auto_aim) by extension 'ros'
[0.200s] colcon.colcon_core.package_identification DEBUG Package 'src/core/auto_aim' with type 'ros.ament_cmake' and name 'auto_aim'
[0.200s] colcon.colcon_core.package_identification Level 1 _identify(src/core/auto_buff) by extensions ['ignore', 'ignore_ament_install']
[0.200s] colcon.colcon_core.package_identification Level 1 _identify(src/core/auto_buff) by extension 'ignore'
[0.200s] colcon.colcon_core.package_identification Level 1 _identify(src/core/auto_buff) by extension 'ignore_ament_install'
[0.200s] colcon.colcon_core.package_identification Level 1 _identify(src/core/auto_buff) by extensions ['colcon_pkg']
[0.200s] colcon.colcon_core.package_identification Level 1 _identify(src/core/auto_buff) by extension 'colcon_pkg'
[0.200s] colcon.colcon_core.package_identification Level 1 _identify(src/core/auto_buff) by extensions ['colcon_meta']
[0.200s] colcon.colcon_core.package_identification Level 1 _identify(src/core/auto_buff) by extension 'colcon_meta'
[0.200s] colcon.colcon_core.package_identification Level 1 _identify(src/core/auto_buff) by extensions ['ros']
[0.200s] colcon.colcon_core.package_identification Level 1 _identify(src/core/auto_buff) by extension 'ros'
[0.201s] colcon.colcon_core.package_identification DEBUG Package 'src/core/auto_buff' with type 'ros.ament_cmake' and name 'auto_buff'
[0.201s] colcon.colcon_core.package_identification Level 1 _identify(src/io) by extensions ['ignore', 'ignore_ament_install']
[0.201s] colcon.colcon_core.package_identification Level 1 _identify(src/io) by extension 'ignore'
[0.201s] colcon.colcon_core.package_identification Level 1 _identify(src/io) by extension 'ignore_ament_install'
[0.201s] colcon.colcon_core.package_identification Level 1 _identify(src/io) by extensions ['colcon_pkg']
[0.201s] colcon.colcon_core.package_identification Level 1 _identify(src/io) by extension 'colcon_pkg'
[0.201s] colcon.colcon_core.package_identification Level 1 _identify(src/io) by extensions ['colcon_meta']
[0.201s] colcon.colcon_core.package_identification Level 1 _identify(src/io) by extension 'colcon_meta'
[0.201s] colcon.colcon_core.package_identification Level 1 _identify(src/io) by extensions ['ros']
[0.201s] colcon.colcon_core.package_identification Level 1 _identify(src/io) by extension 'ros'
[0.201s] colcon.colcon_core.package_identification Level 1 _identify(src/io) by extensions ['cmake', 'python']
[0.201s] colcon.colcon_core.package_identification Level 1 _identify(src/io) by extension 'cmake'
[0.201s] colcon.colcon_core.package_identification Level 1 _identify(src/io) by extension 'python'
[0.202s] colcon.colcon_core.package_identification Level 1 _identify(src/io) by extensions ['python_setup_py']
[0.202s] colcon.colcon_core.package_identification Level 1 _identify(src/io) by extension 'python_setup_py'
[0.202s] colcon.colcon_core.package_identification Level 1 _identify(src/io/deveice) by extensions ['ignore', 'ignore_ament_install']
[0.202s] colcon.colcon_core.package_identification Level 1 _identify(src/io/deveice) by extension 'ignore'
[0.202s] colcon.colcon_core.package_identification Level 1 _identify(src/io/deveice) by extension 'ignore_ament_install'
[0.202s] colcon.colcon_core.package_identification Level 1 _identify(src/io/deveice) by extensions ['colcon_pkg']
[0.202s] colcon.colcon_core.package_identification Level 1 _identify(src/io/deveice) by extension 'colcon_pkg'
[0.202s] colcon.colcon_core.package_identification Level 1 _identify(src/io/deveice) by extensions ['colcon_meta']
[0.202s] colcon.colcon_core.package_identification Level 1 _identify(src/io/deveice) by extension 'colcon_meta'
[0.202s] colcon.colcon_core.package_identification Level 1 _identify(src/io/deveice) by extensions ['ros']
[0.202s] colcon.colcon_core.package_identification Level 1 _identify(src/io/deveice) by extension 'ros'
[0.202s] colcon.colcon_core.package_identification DEBUG Package 'src/io/deveice' with type 'ros.ament_cmake' and name 'deveice'
[0.203s] colcon.colcon_core.package_identification Level 1 _identify(src/io/serial) by extensions ['ignore', 'ignore_ament_install']
[0.203s] colcon.colcon_core.package_identification Level 1 _identify(src/io/serial) by extension 'ignore'
[0.203s] colcon.colcon_core.package_identification Level 1 _identify(src/io/serial) by extension 'ignore_ament_install'
[0.203s] colcon.colcon_core.package_identification Level 1 _identify(src/io/serial) by extensions ['colcon_pkg']
[0.203s] colcon.colcon_core.package_identification Level 1 _identify(src/io/serial) by extension 'colcon_pkg'
[0.203s] colcon.colcon_core.package_identification Level 1 _identify(src/io/serial) by extensions ['colcon_meta']
[0.203s] colcon.colcon_core.package_identification Level 1 _identify(src/io/serial) by extension 'colcon_meta'
[0.203s] colcon.colcon_core.package_identification Level 1 _identify(src/io/serial) by extensions ['ros']
[0.203s] colcon.colcon_core.package_identification Level 1 _identify(src/io/serial) by extension 'ros'
[0.203s] colcon.colcon_core.package_identification DEBUG Package 'src/io/serial' with type 'ros.ament_cmake' and name 'serial'
[0.203s] colcon.colcon_core.package_identification Level 1 _identify(src/launch) by extensions ['ignore', 'ignore_ament_install']
[0.203s] colcon.colcon_core.package_identification Level 1 _identify(src/launch) by extension 'ignore'
[0.203s] colcon.colcon_core.package_identification Level 1 _identify(src/launch) by extension 'ignore_ament_install'
[0.203s] colcon.colcon_core.package_identification Level 1 _identify(src/launch) by extensions ['colcon_pkg']
[0.203s] colcon.colcon_core.package_identification Level 1 _identify(src/launch) by extension 'colcon_pkg'
[0.203s] colcon.colcon_core.package_identification Level 1 _identify(src/launch) by extensions ['colcon_meta']
[0.203s] colcon.colcon_core.package_identification Level 1 _identify(src/launch) by extension 'colcon_meta'
[0.203s] colcon.colcon_core.package_identification Level 1 _identify(src/launch) by extensions ['ros']
[0.203s] colcon.colcon_core.package_identification Level 1 _identify(src/launch) by extension 'ros'
[0.204s] colcon.colcon_core.package_identification DEBUG Package 'src/launch' with type 'ros.ament_cmake' and name 'launch_node'
[0.204s] colcon.colcon_core.package_identification Level 1 _identify(src/model) by extensions ['ignore', 'ignore_ament_install']
[0.204s] colcon.colcon_core.package_identification Level 1 _identify(src/model) by extension 'ignore'
[0.204s] colcon.colcon_core.package_identification Level 1 _identify(src/model) by extension 'ignore_ament_install'
[0.204s] colcon.colcon_core.package_identification Level 1 _identify(src/model) by extensions ['colcon_pkg']
[0.204s] colcon.colcon_core.package_identification Level 1 _identify(src/model) by extension 'colcon_pkg'
[0.204s] colcon.colcon_core.package_identification Level 1 _identify(src/model) by extensions ['colcon_meta']
[0.204s] colcon.colcon_core.package_identification Level 1 _identify(src/model) by extension 'colcon_meta'
[0.204s] colcon.colcon_core.package_identification Level 1 _identify(src/model) by extensions ['ros']
[0.204s] colcon.colcon_core.package_identification Level 1 _identify(src/model) by extension 'ros'
[0.204s] colcon.colcon_core.package_identification Level 1 _identify(src/model) by extensions ['cmake', 'python']
[0.204s] colcon.colcon_core.package_identification Level 1 _identify(src/model) by extension 'cmake'
[0.204s] colcon.colcon_core.package_identification Level 1 _identify(src/model) by extension 'python'
[0.204s] colcon.colcon_core.package_identification Level 1 _identify(src/model) by extensions ['python_setup_py']
[0.204s] colcon.colcon_core.package_identification Level 1 _identify(src/model) by extension 'python_setup_py'
[0.204s] colcon.colcon_core.package_identification Level 1 _identify(src/node) by extensions ['ignore', 'ignore_ament_install']
[0.204s] colcon.colcon_core.package_identification Level 1 _identify(src/node) by extension 'ignore'
[0.204s] colcon.colcon_core.package_identification Level 1 _identify(src/node) by extension 'ignore_ament_install'
[0.204s] colcon.colcon_core.package_identification Level 1 _identify(src/node) by extensions ['colcon_pkg']
[0.205s] colcon.colcon_core.package_identification Level 1 _identify(src/node) by extension 'colcon_pkg'
[0.205s] colcon.colcon_core.package_identification Level 1 _identify(src/node) by extensions ['colcon_meta']
[0.205s] colcon.colcon_core.package_identification Level 1 _identify(src/node) by extension 'colcon_meta'
[0.205s] colcon.colcon_core.package_identification Level 1 _identify(src/node) by extensions ['ros']
[0.205s] colcon.colcon_core.package_identification Level 1 _identify(src/node) by extension 'ros'
[0.205s] colcon.colcon_core.package_identification DEBUG Package 'src/node' with type 'ros.ament_cmake' and name 'pipeline'
[0.205s] colcon.colcon_core.package_identification Level 1 _identify(src/utils) by extensions ['ignore', 'ignore_ament_install']
[0.205s] colcon.colcon_core.package_identification Level 1 _identify(src/utils) by extension 'ignore'
[0.205s] colcon.colcon_core.package_identification Level 1 _identify(src/utils) by extension 'ignore_ament_install'
[0.206s] colcon.colcon_core.package_identification Level 1 _identify(src/utils) by extensions ['colcon_pkg']
[0.206s] colcon.colcon_core.package_identification Level 1 _identify(src/utils) by extension 'colcon_pkg'
[0.206s] colcon.colcon_core.package_identification Level 1 _identify(src/utils) by extensions ['colcon_meta']
[0.206s] colcon.colcon_core.package_identification Level 1 _identify(src/utils) by extension 'colcon_meta'
[0.206s] colcon.colcon_core.package_identification Level 1 _identify(src/utils) by extensions ['ros']
[0.206s] colcon.colcon_core.package_identification Level 1 _identify(src/utils) by extension 'ros'
[0.206s] colcon.colcon_core.package_identification DEBUG Package 'src/utils' with type 'ros.ament_cmake' and name 'utils'
[0.206s] colcon.colcon_core.package_discovery Level 1 discover_packages(recursive) using defaults
[0.206s] colcon.colcon_core.package_discovery Level 1 discover_packages(ignore) discover
[0.206s] colcon.colcon_core.package_discovery Level 1 discover_packages(ignore) using defaults
[0.206s] colcon.colcon_core.package_discovery Level 1 discover_packages(path) discover
[0.206s] colcon.colcon_core.package_discovery Level 1 discover_packages(path) using defaults
[0.218s] colcon.colcon_core.package_selection INFO Skipping not selected package 'autoaim_msgs' in 'src/Messages'
[0.219s] colcon.colcon_core.package_selection INFO Skipping not selected package 'launch_node' in 'src/launch'
[0.219s] colcon.colcon_core.package_selection INFO Skipping not selected package 'utils' in 'src/utils'
[0.219s] colcon.colcon_core.package_selection INFO Skipping not selected package 'serial' in 'src/io/serial'
[0.219s] colcon.colcon_core.package_selection INFO Skipping not selected package 'deveice' in 'src/io/deveice'
[0.219s] colcon.colcon_core.package_selection INFO Skipping not selected package 'auto_aim' in 'src/core/auto_aim'
[0.219s] colcon.colcon_core.package_selection INFO Skipping not selected package 'pipeline' in 'src/node'
[0.220s] colcon.colcon_core.package_discovery Level 1 discover_packages(prefix_path) check parameters
[0.221s] colcon.colcon_core.package_discovery Level 1 discover_packages(prefix_path) discover
[0.223s] colcon.colcon_installed_package_information.package_discovery DEBUG Found 267 installed packages in /opt/ros/rolling
[0.224s] colcon.colcon_core.package_discovery Level 1 discover_packages(prefix_path) using defaults
[0.266s] colcon.colcon_core.verb Level 5 set package 'auto_buff' build argument 'cmake_args' from command line to 'None'
[0.266s] colcon.colcon_core.verb Level 5 set package 'auto_buff' build argument 'cmake_target' from command line to 'None'
[0.266s] colcon.colcon_core.verb Level 5 set package 'auto_buff' build argument 'cmake_target_skip_unavailable' from command line to 'False'
[0.266s] colcon.colcon_core.verb Level 5 set package 'auto_buff' build argument 'cmake_clean_cache' from command line to 'False'
[0.266s] colcon.colcon_core.verb Level 5 set package 'auto_buff' build argument 'cmake_clean_first' from command line to 'False'
[0.266s] colcon.colcon_core.verb Level 5 set package 'auto_buff' build argument 'cmake_force_configure' from command line to 'False'
[0.266s] colcon.colcon_core.verb Level 5 set package 'auto_buff' build argument 'ament_cmake_args' from command line to 'None'
[0.266s] colcon.colcon_core.verb Level 5 set package 'auto_buff' build argument 'catkin_cmake_args' from command line to 'None'
[0.266s] colcon.colcon_core.verb Level 5 set package 'auto_buff' build argument 'catkin_skip_building_tests' from command line to 'False'
[0.266s] colcon.colcon_core.verb DEBUG Building package 'auto_buff' with the following arguments: {'ament_cmake_args': None, 'build_base': '/home/guo/ITL_sentry_auto_new/build/auto_buff', 'catkin_cmake_args': None, 'catkin_skip_building_tests': False, 'cmake_args': None, 'cmake_clean_cache': False, 'cmake_clean_first': False, 'cmake_force_configure': False, 'cmake_target': None, 'cmake_target_skip_unavailable': False, 'install_base': '/home/guo/ITL_sentry_auto_new/install/auto_buff', 'merge_install': False, 'path': '/home/guo/ITL_sentry_auto_new/src/core/auto_buff', 'symlink_install': False, 'test_result_base': None}
[0.266s] colcon.colcon_core.executor INFO Executing jobs using 'parallel' executor
[0.267s] colcon.colcon_parallel_executor.executor.parallel DEBUG run_until_complete
[0.267s] colcon.colcon_ros.task.ament_cmake.build INFO Building ROS package in '/home/guo/ITL_sentry_auto_new/src/core/auto_buff' with build type 'ament_cmake'
[0.267s] colcon.colcon_cmake.task.cmake.build INFO Building CMake package in '/home/guo/ITL_sentry_auto_new/src/core/auto_buff'
[0.269s] colcon.colcon_core.plugin_system INFO Skipping extension 'colcon_core.shell.bat': Not used on non-Windows systems
[0.269s] colcon.colcon_core.shell INFO Skip shell extension 'powershell' for command environment: Not usable outside of PowerShell
[0.269s] colcon.colcon_core.shell DEBUG Skip shell extension 'dsv' for command environment
[0.276s] colcon.colcon_core.event_handler.log_command DEBUG Invoking command in '/home/guo/ITL_sentry_auto_new/build/auto_buff': AMENT_PREFIX_PATH=/home/guo/ITL_sentry_auto_new/install/utils:${AMENT_PREFIX_PATH} CMAKE_PREFIX_PATH=/home/guo/ITL_sentry_auto_new/install/utils:/opt/ros/rolling LD_LIBRARY_PATH=/home/guo/ITL_sentry_auto_new/install/utils/lib:${LD_LIBRARY_PATH} /usr/local/bin/cmake /home/guo/ITL_sentry_auto_new/src/core/auto_buff -DCMAKE_INSTALL_PREFIX=/home/guo/ITL_sentry_auto_new/install/auto_buff
[1.837s] colcon.colcon_core.event_handler.log_command DEBUG Invoked command in '/home/guo/ITL_sentry_auto_new/build/auto_buff' returned '0': AMENT_PREFIX_PATH=/home/guo/ITL_sentry_auto_new/install/utils:${AMENT_PREFIX_PATH} CMAKE_PREFIX_PATH=/home/guo/ITL_sentry_auto_new/install/utils:/opt/ros/rolling LD_LIBRARY_PATH=/home/guo/ITL_sentry_auto_new/install/utils/lib:${LD_LIBRARY_PATH} /usr/local/bin/cmake /home/guo/ITL_sentry_auto_new/src/core/auto_buff -DCMAKE_INSTALL_PREFIX=/home/guo/ITL_sentry_auto_new/install/auto_buff
[1.837s] colcon.colcon_core.event_handler.log_command DEBUG Invoking command in '/home/guo/ITL_sentry_auto_new/build/auto_buff': AMENT_PREFIX_PATH=/home/guo/ITL_sentry_auto_new/install/utils:${AMENT_PREFIX_PATH} CMAKE_PREFIX_PATH=/home/guo/ITL_sentry_auto_new/install/utils:/opt/ros/rolling LD_LIBRARY_PATH=/home/guo/ITL_sentry_auto_new/install/utils/lib:${LD_LIBRARY_PATH} /usr/local/bin/cmake --build /home/guo/ITL_sentry_auto_new/build/auto_buff -- -j24 -l24
[12.179s] colcon.colcon_core.event_handler.log_command DEBUG Invoked command in '/home/guo/ITL_sentry_auto_new/build/auto_buff' returned '0': AMENT_PREFIX_PATH=/home/guo/ITL_sentry_auto_new/install/utils:${AMENT_PREFIX_PATH} CMAKE_PREFIX_PATH=/home/guo/ITL_sentry_auto_new/install/utils:/opt/ros/rolling LD_LIBRARY_PATH=/home/guo/ITL_sentry_auto_new/install/utils/lib:${LD_LIBRARY_PATH} /usr/local/bin/cmake --build /home/guo/ITL_sentry_auto_new/build/auto_buff -- -j24 -l24
[12.182s] colcon.colcon_core.event_handler.log_command DEBUG Invoking command in '/home/guo/ITL_sentry_auto_new/build/auto_buff': AMENT_PREFIX_PATH=/home/guo/ITL_sentry_auto_new/install/utils:${AMENT_PREFIX_PATH} CMAKE_PREFIX_PATH=/home/guo/ITL_sentry_auto_new/install/utils:/opt/ros/rolling LD_LIBRARY_PATH=/home/guo/ITL_sentry_auto_new/install/utils/lib:${LD_LIBRARY_PATH} /usr/local/bin/cmake --install /home/guo/ITL_sentry_auto_new/build/auto_buff
[30.286s] colcon.colcon_core.environment Level 1 create_environment_scripts_only(auto_buff)
[30.287s] colcon.colcon_core.event_handler.log_command DEBUG Invoked command in '/home/guo/ITL_sentry_auto_new/build/auto_buff' returned '0': AMENT_PREFIX_PATH=/home/guo/ITL_sentry_auto_new/install/utils:${AMENT_PREFIX_PATH} CMAKE_PREFIX_PATH=/home/guo/ITL_sentry_auto_new/install/utils:/opt/ros/rolling LD_LIBRARY_PATH=/home/guo/ITL_sentry_auto_new/install/utils/lib:${LD_LIBRARY_PATH} /usr/local/bin/cmake --install /home/guo/ITL_sentry_auto_new/build/auto_buff
[30.296s] colcon.colcon_core.environment Level 1 checking '/home/guo/ITL_sentry_auto_new/install/auto_buff' for CMake module files
[30.297s] colcon.colcon_core.environment Level 1 checking '/home/guo/ITL_sentry_auto_new/install/auto_buff' for CMake config files
[30.297s] colcon.colcon_core.shell Level 1 create_environment_hook('auto_buff', 'cmake_prefix_path')
[30.298s] colcon.colcon_core.shell INFO Creating environment hook '/home/guo/ITL_sentry_auto_new/install/auto_buff/share/auto_buff/hook/cmake_prefix_path.ps1'
[30.299s] colcon.colcon_core.shell INFO Creating environment descriptor '/home/guo/ITL_sentry_auto_new/install/auto_buff/share/auto_buff/hook/cmake_prefix_path.dsv'
[30.300s] colcon.colcon_core.shell INFO Creating environment hook '/home/guo/ITL_sentry_auto_new/install/auto_buff/share/auto_buff/hook/cmake_prefix_path.sh'
[30.301s] colcon.colcon_core.environment Level 1 checking '/home/guo/ITL_sentry_auto_new/install/auto_buff/lib'
[30.302s] colcon.colcon_core.shell Level 1 create_environment_hook('auto_buff', 'ld_library_path_lib')
[30.302s] colcon.colcon_core.shell INFO Creating environment hook '/home/guo/ITL_sentry_auto_new/install/auto_buff/share/auto_buff/hook/ld_library_path_lib.ps1'
[30.303s] colcon.colcon_core.shell INFO Creating environment descriptor '/home/guo/ITL_sentry_auto_new/install/auto_buff/share/auto_buff/hook/ld_library_path_lib.dsv'
[30.303s] colcon.colcon_core.shell INFO Creating environment hook '/home/guo/ITL_sentry_auto_new/install/auto_buff/share/auto_buff/hook/ld_library_path_lib.sh'
[30.303s] colcon.colcon_core.environment Level 1 checking '/home/guo/ITL_sentry_auto_new/install/auto_buff/bin'
[30.304s] colcon.colcon_core.environment Level 1 checking '/home/guo/ITL_sentry_auto_new/install/auto_buff/lib/pkgconfig/auto_buff.pc'
[30.304s] colcon.colcon_core.environment Level 1 checking '/home/guo/ITL_sentry_auto_new/install/auto_buff/lib/python3.10/site-packages'
[30.304s] colcon.colcon_core.environment Level 1 checking '/home/guo/ITL_sentry_auto_new/install/auto_buff/bin'
[30.305s] colcon.colcon_core.shell INFO Creating package script '/home/guo/ITL_sentry_auto_new/install/auto_buff/share/auto_buff/package.ps1'
[30.306s] colcon.colcon_core.shell INFO Creating package descriptor '/home/guo/ITL_sentry_auto_new/install/auto_buff/share/auto_buff/package.dsv'
[30.307s] colcon.colcon_core.shell INFO Creating package script '/home/guo/ITL_sentry_auto_new/install/auto_buff/share/auto_buff/package.sh'
[30.308s] colcon.colcon_core.shell INFO Creating package script '/home/guo/ITL_sentry_auto_new/install/auto_buff/share/auto_buff/package.bash'
[30.310s] colcon.colcon_core.shell INFO Creating package script '/home/guo/ITL_sentry_auto_new/install/auto_buff/share/auto_buff/package.zsh'
[30.311s] colcon.colcon_core.environment Level 1 create_file_with_runtime_dependencies(/home/guo/ITL_sentry_auto_new/install/auto_buff/share/colcon-core/packages/auto_buff)
[30.312s] colcon.colcon_core.environment Level 1 create_environment_scripts_only(auto_buff)
[30.312s] colcon.colcon_core.environment Level 1 checking '/home/guo/ITL_sentry_auto_new/install/auto_buff' for CMake module files
[30.313s] colcon.colcon_core.environment Level 1 checking '/home/guo/ITL_sentry_auto_new/install/auto_buff' for CMake config files
[30.313s] colcon.colcon_core.shell Level 1 create_environment_hook('auto_buff', 'cmake_prefix_path')
[30.313s] colcon.colcon_core.shell INFO Creating environment hook '/home/guo/ITL_sentry_auto_new/install/auto_buff/share/auto_buff/hook/cmake_prefix_path.ps1'
[30.314s] colcon.colcon_core.shell INFO Creating environment descriptor '/home/guo/ITL_sentry_auto_new/install/auto_buff/share/auto_buff/hook/cmake_prefix_path.dsv'
[30.314s] colcon.colcon_core.shell INFO Creating environment hook '/home/guo/ITL_sentry_auto_new/install/auto_buff/share/auto_buff/hook/cmake_prefix_path.sh'
[30.315s] colcon.colcon_core.environment Level 1 checking '/home/guo/ITL_sentry_auto_new/install/auto_buff/lib'
[30.315s] colcon.colcon_core.shell Level 1 create_environment_hook('auto_buff', 'ld_library_path_lib')
[30.315s] colcon.colcon_core.shell INFO Creating environment hook '/home/guo/ITL_sentry_auto_new/install/auto_buff/share/auto_buff/hook/ld_library_path_lib.ps1'
[30.315s] colcon.colcon_core.shell INFO Creating environment descriptor '/home/guo/ITL_sentry_auto_new/install/auto_buff/share/auto_buff/hook/ld_library_path_lib.dsv'
[30.316s] colcon.colcon_core.shell INFO Creating environment hook '/home/guo/ITL_sentry_auto_new/install/auto_buff/share/auto_buff/hook/ld_library_path_lib.sh'
[30.316s] colcon.colcon_core.environment Level 1 checking '/home/guo/ITL_sentry_auto_new/install/auto_buff/bin'
[30.316s] colcon.colcon_core.environment Level 1 checking '/home/guo/ITL_sentry_auto_new/install/auto_buff/lib/pkgconfig/auto_buff.pc'
[30.316s] colcon.colcon_core.environment Level 1 checking '/home/guo/ITL_sentry_auto_new/install/auto_buff/lib/python3.10/site-packages'
[30.316s] colcon.colcon_core.environment Level 1 checking '/home/guo/ITL_sentry_auto_new/install/auto_buff/bin'
[30.317s] colcon.colcon_core.shell INFO Creating package script '/home/guo/ITL_sentry_auto_new/install/auto_buff/share/auto_buff/package.ps1'
[30.317s] colcon.colcon_core.shell INFO Creating package descriptor '/home/guo/ITL_sentry_auto_new/install/auto_buff/share/auto_buff/package.dsv'
[30.318s] colcon.colcon_core.shell INFO Creating package script '/home/guo/ITL_sentry_auto_new/install/auto_buff/share/auto_buff/package.sh'
[30.318s] colcon.colcon_core.shell INFO Creating package script '/home/guo/ITL_sentry_auto_new/install/auto_buff/share/auto_buff/package.bash'
[30.318s] colcon.colcon_core.shell INFO Creating package script '/home/guo/ITL_sentry_auto_new/install/auto_buff/share/auto_buff/package.zsh'
[30.318s] colcon.colcon_core.environment Level 1 create_file_with_runtime_dependencies(/home/guo/ITL_sentry_auto_new/install/auto_buff/share/colcon-core/packages/auto_buff)
[30.319s] colcon.colcon_parallel_executor.executor.parallel DEBUG closing loop
[30.319s] colcon.colcon_parallel_executor.executor.parallel DEBUG loop closed
[30.319s] colcon.colcon_parallel_executor.executor.parallel DEBUG run_until_complete finished with '0'
[30.319s] colcon.colcon_core.event_reactor DEBUG joining thread
[30.326s] colcon.colcon_core.plugin_system INFO Skipping extension 'colcon_notification.desktop_notification.terminal_notifier': Not used on non-Darwin systems
[30.326s] colcon.colcon_core.plugin_system INFO Skipping extension 'colcon_notification.desktop_notification.win32': Not used on non-Windows systems
[30.326s] colcon.colcon_notification.desktop_notification INFO Sending desktop notification using 'notify2'
[30.327s] colcon.colcon_notification.desktop_notification.notify2 DEBUG Failed to initialize notify2: org.freedesktop.DBus.Error.AccessDenied: Failed to connect to socket /run/user/1000/bus: Operation not permitted
[30.327s] colcon.colcon_core.event_reactor DEBUG joined thread
[30.327s] colcon.colcon_core.shell INFO Creating prefix script '/home/guo/ITL_sentry_auto_new/install/local_setup.ps1'
[30.329s] colcon.colcon_core.shell INFO Creating prefix util module '/home/guo/ITL_sentry_auto_new/install/_local_setup_util_ps1.py'
[30.330s] colcon.colcon_core.shell INFO Creating prefix chain script '/home/guo/ITL_sentry_auto_new/install/setup.ps1'
[30.331s] colcon.colcon_core.shell INFO Creating prefix script '/home/guo/ITL_sentry_auto_new/install/local_setup.sh'
[30.332s] colcon.colcon_core.shell INFO Creating prefix util module '/home/guo/ITL_sentry_auto_new/install/_local_setup_util_sh.py'
[30.332s] colcon.colcon_core.shell INFO Creating prefix chain script '/home/guo/ITL_sentry_auto_new/install/setup.sh'
[30.333s] colcon.colcon_core.shell INFO Creating prefix script '/home/guo/ITL_sentry_auto_new/install/local_setup.bash'
[30.334s] colcon.colcon_core.shell INFO Creating prefix chain script '/home/guo/ITL_sentry_auto_new/install/setup.bash'
[30.334s] colcon.colcon_core.shell INFO Creating prefix script '/home/guo/ITL_sentry_auto_new/install/local_setup.zsh'
[30.335s] colcon.colcon_core.shell INFO Creating prefix chain script '/home/guo/ITL_sentry_auto_new/install/setup.zsh'
