[0.016s] Invoking command in '/home/guo/ITL_sentry_auto_new/build/solver': CMAKE_PREFIX_PATH=/home/guo/ITL_sentry_auto_new/install/detected:/home/guo/ITL_sentry_auto_new/install/utils:/home/guo/ITL_sentry_auto_new/install/autoaim_msgs:/home/guo/ITL_sentry_auto_new/install/tracker:/home/guo/ITL_sentry_auto_new/install/aimer:/home/guo/ITL_sentry_auto_new/install/predictor:/home/guo/ITL_sentry_auto_new/install/solver:/home/guo/ITL_sentry_auto_new/install/pipeline:/home/guo/ITL_sentry_auto_new/install/hikvision:/home/guo/ITL_sentry_auto_new/install/gimbal:/home/guo/ITL_sentry_auto_new/install/dm_imu:/home/guo/ITL_sentry_auto_new/install/cboard:/home/guo/ITL_sentry_auto_new/install/serial:/home/guo/ITL_sentry_auto_new/install/motion_model:/home/guo/ITL_sentry_auto_new/install/filter_lib:/home/guo/ITL_sentry_auto_new/install/armor_pointer:/opt/ros/rolling LD_LIBRARY_PATH=/home/guo/ITL_sentry_auto_new/install/detected/lib:/home/guo/ITL_sentry_auto_new/install/autoaim_msgs/lib:/home/guo/ITL_sentry_auto_new/install/tracker/lib:/home/guo/ITL_sentry_auto_new/install/aimer/lib:/home/guo/ITL_sentry_auto_new/install/predictor/lib:/home/guo/ITL_sentry_auto_new/install/solver/lib:/home/guo/ITL_sentry_auto_new/install/hikvision/lib:/home/guo/ITL_sentry_auto_new/install/gimbal/lib:/home/guo/ITL_sentry_auto_new/install/dm_imu/lib:/home/guo/ITL_sentry_auto_new/install/cboard/lib:/home/guo/ITL_sentry_auto_new/install/utils/lib:/home/guo/ITL_sentry_auto_new/install/serial/lib:/home/guo/ITL_sentry_auto_new/install/motion_model/lib:/home/guo/ITL_sentry_auto_new/install/filter_lib/lib:/home/guo/ITL_sentry_auto_new/install/armor_pointer/lib:/usr/lib/x86_64-linux-gnu:/opt/ros/rolling/opt/rviz_ogre_vendor/lib:/opt/ros/rolling/lib/x86_64-linux-gnu:/opt/ros/rolling/lib:/opt/MVS/lib/64:/opt/MVS/lib/32:/usr/local/TensorRT.10.7.0.23/lib:/usr/lib/x86_64-linux-gnu:/usr/local/cuda/lib64:/opt/MVS/lib/64:/opt/MVS/lib/32:/opt/MVS/lib/64:/opt/MVS/lib/32 /usr/local/bin/cmake --build /home/guo/ITL_sentry_auto_new/build/solver -- -j24 -l24
[0.046s] [ 20%] Built target solver_base
[0.067s] [ 60%] Built target yaw_optimzier_lib
[0.067s] [ 60%] Built target coord_converter
[0.069s] [ 80%] Built target pnp_solver_lib
[0.095s] [ 90%] [32mBuilding CXX object CMakeFiles/solver_interface.dir/src/solver_node.cpp.o[0m
[3.151s] [01m[K/home/guo/ITL_sentry_auto_new/src/core/solver/src/solver_node.cpp:[m[K In member function ‘[01m[Ksolver::Armor_pose solver::Solver::processArmor(solver::Armors, double)[m[K’:
[3.151s] [01m[K/home/guo/ITL_sentry_auto_new/src/core/solver/src/solver_node.cpp:30:44:[m[K [01;31m[Kerror: [m[K‘[01m[Kusing Armors = struct armor_auto_aim::Armor[m[K’ {aka ‘[01m[Kstruct armor_auto_aim::Armor[m[K’} has no member named ‘[01m[Knumber[m[K’
[3.151s]    30 |     armor_pose.id = parseArmorNumber(armor.[01;31m[Knumber[m[K);
[3.151s]       |                                            [01;31m[K^~~~~~[m[K
[3.151s] [01m[K/home/guo/ITL_sentry_auto_new/src/core/solver/src/solver_node.cpp:31:44:[m[K [01;31m[Kerror: [m[Kcannot convert ‘[01m[Karmor_auto_aim::ArmorType[m[K’ to ‘[01m[Kconst string&[m[K’ {aka ‘[01m[Kconst std::__cxx11::basic_string<char>&[m[K’}
[3.151s]    31 |     armor_pose.type = parseArmorType([01;31m[Karmor.type[m[K);
[3.151s]       |                                      [01;31m[K~~~~~~^~~~[m[K
[3.152s]       |                                            [01;31m[K|[m[K
[3.152s]       |                                            [01;31m[Karmor_auto_aim::ArmorType[m[K
[3.152s] In file included from [01m[K/home/guo/ITL_sentry_auto_new/src/core/solver/src/solver_node.cpp:1[m[K:
[3.152s] [01m[K/home/guo/ITL_sentry_auto_new/src/core/solver/include/solver_node.hpp:41:49:[m[K [01;36m[Knote: [m[K  initializing argument 1 of ‘[01m[Ksolver::ArmorType solver::Solver::parseArmorType(const string&) const[m[K’
[3.152s]    41 |     ArmorType parseArmorType([01;36m[Kconst std::string& type_str[m[K) const;
[3.152s]       |                              [01;36m[K~~~~~~~~~~~~~~~~~~~^~~~~~~~[m[K
[3.152s] [01m[K/home/guo/ITL_sentry_auto_new/src/core/solver/src/solver_node.cpp:33:55:[m[K [01;31m[Kerror: [m[Kcannot convert ‘[01m[Ksolver::Armors[m[K’ {aka ‘[01m[Karmor_auto_aim::Armor[m[K’} to ‘[01m[Kconst Armor&[m[K’ {aka ‘[01m[Kconst autoaim_msgs::msg::Armor_<std::allocator<void> >&[m[K’}
[3.152s]    33 |     std::vector<cv::Point2f> corners = extractCorners([01;31m[Karmor[m[K);
[3.152s]       |                                                       [01;31m[K^~~~~[m[K
[3.152s]       |                                                       [01;31m[K|[m[K
[3.152s]       |                                                       [01;31m[Ksolver::Armors {aka armor_auto_aim::Armor}[m[K
[3.152s] In file included from [01m[K/home/guo/ITL_sentry_auto_new/src/core/solver/src/solver_node.cpp:1[m[K:
[3.153s] [01m[K/home/guo/ITL_sentry_auto_new/src/core/solver/include/solver_node.hpp:42:77:[m[K [01;36m[Knote: [m[K  initializing argument 1 of ‘[01m[Kstd::vector<cv::Point_<float> > solver::Solver::extractCorners(const Armor&) const[m[K’
[3.153s]    42 | or<cv::Point2f> extractCorners([01;36m[Kconst autoaim_msgs::msg::Armor& armor_msg[m[K) const;
[3.153s]       |                                [01;36m[K~~~~~~~~~~~~~~~~~~~~~~~~~~~~~~~~^~~~~~~~~[m[K
[3.153s] 
[3.153s] In file included from [01m[K/opt/ros/rolling/include/rclcpp/rclcpp/logging.hpp:24[m[K,
[3.153s]                  from [01m[K/opt/ros/rolling/include/rclcpp/rclcpp/copy_all_parameter_values.hpp:27[m[K,
[3.153s]                  from [01m[K/opt/ros/rolling/include/rclcpp/rclcpp/rclcpp.hpp:171[m[K,
[3.153s]                  from [01m[K/home/guo/ITL_sentry_auto_new/src/core/solver/src/solver_node.cpp:2[m[K:
[3.153s] [01m[K/home/guo/ITL_sentry_auto_new/src/core/solver/src/solver_node.cpp:41:57:[m[K [01;31m[Kerror: [m[K‘[01m[Kusing Armors = struct armor_auto_aim::Armor[m[K’ {aka ‘[01m[Kstruct armor_auto_aim::Armor[m[K’} has no member named ‘[01m[Knumber[m[K’
[3.153s]    41 |                    "PnP求解失败，装甲板编号: %d", armor.[01;31m[Knumber[m[K);
[3.153s]       |                                                         [01;31m[K^~~~~~[m[K
[5.007s] gmake[2]: *** [CMakeFiles/solver_interface.dir/build.make:76：CMakeFiles/solver_interface.dir/src/solver_node.cpp.o] 错误 1
[5.007s] gmake[1]: *** [CMakeFiles/Makefile2:252：CMakeFiles/solver_interface.dir/all] 错误 2
[5.007s] gmake: *** [Makefile:146：all] 错误 2
[5.010s] Invoked command in '/home/guo/ITL_sentry_auto_new/build/solver' returned '2': CMAKE_PREFIX_PATH=/home/guo/ITL_sentry_auto_new/install/detected:/home/guo/ITL_sentry_auto_new/install/utils:/home/guo/ITL_sentry_auto_new/install/autoaim_msgs:/home/guo/ITL_sentry_auto_new/install/tracker:/home/guo/ITL_sentry_auto_new/install/aimer:/home/guo/ITL_sentry_auto_new/install/predictor:/home/guo/ITL_sentry_auto_new/install/solver:/home/guo/ITL_sentry_auto_new/install/pipeline:/home/guo/ITL_sentry_auto_new/install/hikvision:/home/guo/ITL_sentry_auto_new/install/gimbal:/home/guo/ITL_sentry_auto_new/install/dm_imu:/home/guo/ITL_sentry_auto_new/install/cboard:/home/guo/ITL_sentry_auto_new/install/serial:/home/guo/ITL_sentry_auto_new/install/motion_model:/home/guo/ITL_sentry_auto_new/install/filter_lib:/home/guo/ITL_sentry_auto_new/install/armor_pointer:/opt/ros/rolling LD_LIBRARY_PATH=/home/guo/ITL_sentry_auto_new/install/detected/lib:/home/guo/ITL_sentry_auto_new/install/autoaim_msgs/lib:/home/guo/ITL_sentry_auto_new/install/tracker/lib:/home/guo/ITL_sentry_auto_new/install/aimer/lib:/home/guo/ITL_sentry_auto_new/install/predictor/lib:/home/guo/ITL_sentry_auto_new/install/solver/lib:/home/guo/ITL_sentry_auto_new/install/hikvision/lib:/home/guo/ITL_sentry_auto_new/install/gimbal/lib:/home/guo/ITL_sentry_auto_new/install/dm_imu/lib:/home/guo/ITL_sentry_auto_new/install/cboard/lib:/home/guo/ITL_sentry_auto_new/install/utils/lib:/home/guo/ITL_sentry_auto_new/install/serial/lib:/home/guo/ITL_sentry_auto_new/install/motion_model/lib:/home/guo/ITL_sentry_auto_new/install/filter_lib/lib:/home/guo/ITL_sentry_auto_new/install/armor_pointer/lib:/usr/lib/x86_64-linux-gnu:/opt/ros/rolling/opt/rviz_ogre_vendor/lib:/opt/ros/rolling/lib/x86_64-linux-gnu:/opt/ros/rolling/lib:/opt/MVS/lib/64:/opt/MVS/lib/32:/usr/local/TensorRT.10.7.0.23/lib:/usr/lib/x86_64-linux-gnu:/usr/local/cuda/lib64:/opt/MVS/lib/64:/opt/MVS/lib/32:/opt/MVS/lib/64:/opt/MVS/lib/32 /usr/local/bin/cmake --build /home/guo/ITL_sentry_auto_new/build/solver -- -j24 -l24
