-- Found ament_cmake: 2.3.2 (/opt/ros/rolling/share/ament_cmake/cmake)
-- Found rclcpp: 27.0.0 (/opt/ros/rolling/share/rclcpp/cmake)
-- Found rosidl_generator_c: 4.5.1 (/opt/ros/rolling/share/rosidl_generator_c/cmake)
-- Found rosidl_generator_cpp: 4.5.1 (/opt/ros/rolling/share/rosidl_generator_cpp/cmake)
-- Using all available rosidl_typesupport_c: rosidl_typesupport_fastrtps_c;rosidl_typesupport_introspection_c
-- Using all available rosidl_typesupport_cpp: rosidl_typesupport_fastrtps_cpp;rosidl_typesupport_introspection_cpp
-- Found rmw_implementation_cmake: 7.3.0 (/opt/ros/rolling/share/rmw_implementation_cmake/cmake)
-- Found rmw_fastrtps_cpp: 8.2.0 (/opt/ros/rolling/share/rmw_fastrtps_cpp/cmake)
-- Using RMW implementation 'rmw_fastrtps_cpp' as default
-- Configuring done (0.8s)
-- Generating done (0.0s)
-- Build files have been written to: /home/guo/ITL_sentry_auto_new/build/utils
[ 20%] [32mBuilding CXX object CMakeFiles/utils.dir/src/math_tools.cpp.o[0m
In file included from [01m[K/home/guo/ITL_sentry_auto_new/src/core/utils/src/math_tools.cpp:1[m[K:
[01m[K/home/guo/ITL_sentry_auto_new/src/core/utils/include/math_tools.hpp:66:61:[m[K [01;31m[Kerror: [m[Knon-member function ‘[01m[Kdouble utils::to_seconds(std::chrono::_V2::steady_clock::time_point)[m[K’ cannot have cv-qualifier
   66 | double to_seconds(std::chrono::steady_clock::time_point tp) [01;31m[Kconst[m[K;
      |                                                             [01;31m[K^~~~~[m[K
[01m[K/home/guo/ITL_sentry_auto_new/src/core/utils/src/math_tools.cpp:388:61:[m[K [01;31m[Kerror: [m[Knon-member function ‘[01m[Kdouble utils::to_seconds(std::chrono::_V2::steady_clock::time_point)[m[K’ cannot have cv-qualifier
  388 | double to_seconds(std::chrono::steady_clock::time_point tp) [01;31m[Kconst[m[K
      |                                                             [01;31m[K^~~~~[m[K
[01m[K/home/guo/ITL_sentry_auto_new/src/core/utils/src/math_tools.cpp:[m[K In function ‘[01m[Kdouble utils::to_seconds(std::chrono::_V2::steady_clock::time_point)[m[K’:
[01m[K/home/guo/ITL_sentry_auto_new/src/core/utils/src/math_tools.cpp:390:45:[m[K [01;31m[Kerror: [m[K‘[01m[Kstart_time_[m[K’ was not declared in this scope
  390 |   return std::chrono::duration<double>(tp - [01;31m[Kstart_time_[m[K).count();
      |                                             [01;31m[K^~~~~~~~~~~[m[K
gmake[2]: *** [CMakeFiles/utils.dir/build.make:76：CMakeFiles/utils.dir/src/math_tools.cpp.o] 错误 1
gmake[1]: *** [CMakeFiles/Makefile2:137：CMakeFiles/utils.dir/all] 错误 2
gmake: *** [Makefile:146：all] 错误 2
