[0.043s] Invoking command in '/home/guo/ITL_sentry_auto_new/build/pipeline': CMAKE_PREFIX_PATH=/home/guo/ITL_sentry_auto_new/install/tracker:/home/guo/ITL_sentry_auto_new/install/aimer:/home/guo/ITL_sentry_auto_new/install/predictor:/home/guo/ITL_sentry_auto_new/install/solver:/home/guo/ITL_sentry_auto_new/install/gimbal:/home/guo/ITL_sentry_auto_new/install/dm_imu:/home/guo/ITL_sentry_auto_new/install/serial:/home/guo/ITL_sentry_auto_new/install/motion_model:/home/guo/ITL_sentry_auto_new/install/hikvision:/home/guo/ITL_sentry_auto_new/install/detected:/home/guo/ITL_sentry_auto_new/install/cboard:/home/guo/ITL_sentry_auto_new/install/utils:/home/guo/ITL_sentry_auto_new/install/filter_lib:/home/guo/ITL_sentry_auto_new/install/autoaim_msgs:/home/guo/ITL_sentry_auto_new/install/pipeline:/home/guo/ITL_sentry_auto_new/install/planner:/home/guo/ITL_sentry_auto_new/install/armor_pointer:/opt/ros/rolling LD_LIBRARY_PATH=/home/guo/ITL_sentry_auto_new/install/aimer/lib:/home/guo/ITL_sentry_auto_new/install/predictor/lib:/home/guo/ITL_sentry_auto_new/install/solver/lib:/home/guo/ITL_sentry_auto_new/install/gimbal/lib:/home/guo/ITL_sentry_auto_new/install/dm_imu/lib:/home/guo/ITL_sentry_auto_new/install/serial/lib:/home/guo/ITL_sentry_auto_new/install/motion_model/lib:/home/guo/ITL_sentry_auto_new/install/hikvision/lib:/home/guo/ITL_sentry_auto_new/install/detected/lib:/home/guo/ITL_sentry_auto_new/install/cboard/lib:/home/guo/ITL_sentry_auto_new/install/autoaim_msgs/lib:/home/guo/ITL_sentry_auto_new/install/tracker/lib:/home/guo/ITL_sentry_auto_new/install/planner/lib:/home/guo/ITL_sentry_auto_new/install/utils/lib:/home/guo/ITL_sentry_auto_new/install/filter_lib/lib:/home/guo/ITL_sentry_auto_new/install/armor_pointer/lib:/usr/lib/x86_64-linux-gnu:/opt/ros/rolling/opt/rviz_ogre_vendor/lib:/opt/ros/rolling/lib/x86_64-linux-gnu:/opt/ros/rolling/lib:/opt/MVS/lib/64:/opt/MVS/lib/32:/usr/local/TensorRT.10.7.0.23/lib:/usr/lib/x86_64-linux-gnu:/usr/local/cuda/lib64:/opt/MVS/lib/64:/opt/MVS/lib/32:/opt/MVS/lib/64:/opt/MVS/lib/32 /usr/local/bin/cmake --build /home/guo/ITL_sentry_auto_new/build/pipeline -- -j24 -l24
[0.076s] [ 50%] [32mBuilding CXX object CMakeFiles/pipeline_node.dir/src/test_node.cpp.o[0m
[4.084s] [01m[K/home/guo/ITL_sentry_auto_new/src/node/src/test_node.cpp:[m[K In member function ‘[01m[Kint pipeline::PipelineApp::run()[m[K’:
[4.084s] [01m[K/home/guo/ITL_sentry_auto_new/src/node/src/test_node.cpp:102:7:[m[K [01;31m[Kerror: [m[K‘[01m[KQuaterniond[m[K’ was not declared in this scope; did you mean ‘[01m[KEigen::Quaterniond[m[K’?
[4.084s]   102 |       [01;31m[KQuaterniond[m[K = dm_imu_->imu_at(timestamp);
[4.084s]       |       [01;31m[K^~~~~~~~~~~[m[K
[4.084s]       |       [32m[KEigen::Quaterniond[m[K
[4.084s] In file included from [01m[K/usr/include/eigen3/Eigen/Geometry:42[m[K,
[4.084s]                  from [01m[K/home/guo/ITL_sentry_auto_new/src/node/include/test_node.hpp:13[m[K,
[4.084s]                  from [01m[K/home/guo/ITL_sentry_auto_new/src/node/src/test_node.cpp:1[m[K:
[4.084s] [01m[K/usr/include/eigen3/Eigen/src/Geometry/Quaternion.h:366:28:[m[K [01;36m[Knote: [m[K‘[01m[KEigen::Quaterniond[m[K’ declared here
[4.084s]   366 | typedef Quaternion<double> [01;36m[KQuaterniond[m[K;
[4.084s]       |                            [01;36m[K^~~~~~~~~~~[m[K
[4.085s] [01m[K/home/guo/ITL_sentry_auto_new/src/node/src/test_node.cpp:108:24:[m[K [01;31m[Kerror: [m[K‘[01m[KQuaterniond[m[K’ was not declared in this scope; did you mean ‘[01m[KEigen::Quaterniond[m[K’?
[4.085s]   108 |     solver_->updateIMU([01;31m[KQuaterniond[m[K, debug_packet.timestamp_sec);
[4.085s]       |                        [01;31m[K^~~~~~~~~~~[m[K
[4.085s]       |                        [32m[KEigen::Quaterniond[m[K
[4.085s] In file included from [01m[K/usr/include/eigen3/Eigen/Geometry:42[m[K,
[4.085s]                  from [01m[K/home/guo/ITL_sentry_auto_new/src/node/include/test_node.hpp:13[m[K,
[4.085s]                  from [01m[K/home/guo/ITL_sentry_auto_new/src/node/src/test_node.cpp:1[m[K:
[4.085s] [01m[K/usr/include/eigen3/Eigen/src/Geometry/Quaternion.h:366:28:[m[K [01;36m[Knote: [m[K‘[01m[KEigen::Quaterniond[m[K’ declared here
[4.085s]   366 | typedef Quaternion<double> [01;36m[KQuaterniond[m[K;
[4.085s]       |                            [01;36m[K^~~~~~~~~~~[m[K
[4.106s] [01m[K/home/guo/ITL_sentry_auto_new/src/node/src/test_node.cpp:[m[K In member function ‘[01m[Kvoid pipeline::PipelineApp::visualization_loop()[m[K’:
[4.106s] [01m[K/home/guo/ITL_sentry_auto_new/src/node/src/test_node.cpp:212:7:[m[K [01;31m[Kerror: [m[K‘[01m[Kannotate_armors[m[K’ was not declared in this scope
[4.106s]   212 |       [01;31m[Kannotate_armors[m[K(canvas, packet.reprojected_armors, visualization_center_point_, frame_index);
[4.106s]       |       [01;31m[K^~~~~~~~~~~~~~~[m[K
[6.718s] gmake[2]: *** [CMakeFiles/pipeline_node.dir/build.make:76：CMakeFiles/pipeline_node.dir/src/test_node.cpp.o] 错误 1
[6.718s] gmake[1]: *** [CMakeFiles/Makefile2:137：CMakeFiles/pipeline_node.dir/all] 错误 2
[6.718s] gmake: *** [Makefile:146：all] 错误 2
[6.720s] Invoked command in '/home/guo/ITL_sentry_auto_new/build/pipeline' returned '2': CMAKE_PREFIX_PATH=/home/guo/ITL_sentry_auto_new/install/tracker:/home/guo/ITL_sentry_auto_new/install/aimer:/home/guo/ITL_sentry_auto_new/install/predictor:/home/guo/ITL_sentry_auto_new/install/solver:/home/guo/ITL_sentry_auto_new/install/gimbal:/home/guo/ITL_sentry_auto_new/install/dm_imu:/home/guo/ITL_sentry_auto_new/install/serial:/home/guo/ITL_sentry_auto_new/install/motion_model:/home/guo/ITL_sentry_auto_new/install/hikvision:/home/guo/ITL_sentry_auto_new/install/detected:/home/guo/ITL_sentry_auto_new/install/cboard:/home/guo/ITL_sentry_auto_new/install/utils:/home/guo/ITL_sentry_auto_new/install/filter_lib:/home/guo/ITL_sentry_auto_new/install/autoaim_msgs:/home/guo/ITL_sentry_auto_new/install/pipeline:/home/guo/ITL_sentry_auto_new/install/planner:/home/guo/ITL_sentry_auto_new/install/armor_pointer:/opt/ros/rolling LD_LIBRARY_PATH=/home/guo/ITL_sentry_auto_new/install/aimer/lib:/home/guo/ITL_sentry_auto_new/install/predictor/lib:/home/guo/ITL_sentry_auto_new/install/solver/lib:/home/guo/ITL_sentry_auto_new/install/gimbal/lib:/home/guo/ITL_sentry_auto_new/install/dm_imu/lib:/home/guo/ITL_sentry_auto_new/install/serial/lib:/home/guo/ITL_sentry_auto_new/install/motion_model/lib:/home/guo/ITL_sentry_auto_new/install/hikvision/lib:/home/guo/ITL_sentry_auto_new/install/detected/lib:/home/guo/ITL_sentry_auto_new/install/cboard/lib:/home/guo/ITL_sentry_auto_new/install/autoaim_msgs/lib:/home/guo/ITL_sentry_auto_new/install/tracker/lib:/home/guo/ITL_sentry_auto_new/install/planner/lib:/home/guo/ITL_sentry_auto_new/install/utils/lib:/home/guo/ITL_sentry_auto_new/install/filter_lib/lib:/home/guo/ITL_sentry_auto_new/install/armor_pointer/lib:/usr/lib/x86_64-linux-gnu:/opt/ros/rolling/opt/rviz_ogre_vendor/lib:/opt/ros/rolling/lib/x86_64-linux-gnu:/opt/ros/rolling/lib:/opt/MVS/lib/64:/opt/MVS/lib/32:/usr/local/TensorRT.10.7.0.23/lib:/usr/lib/x86_64-linux-gnu:/usr/local/cuda/lib64:/opt/MVS/lib/64:/opt/MVS/lib/32:/opt/MVS/lib/64:/opt/MVS/lib/32 /usr/local/bin/cmake --build /home/guo/ITL_sentry_auto_new/build/pipeline -- -j24 -l24
