[0.085s] colcon DEBUG Command line arguments: ['/usr/bin/colcon', 'build', '--packages-select', 'pipeline']
[0.085s] colcon DEBUG Parsed command line arguments: Namespace(log_base=None, log_level=None, verb_name='build', build_base='build', install_base='install', merge_install=False, symlink_install=False, test_result_base=None, continue_on_error=False, executor='parallel', parallel_workers=24, event_handlers=None, ignore_user_meta=False, metas=['./colcon.meta'], base_paths=['.'], packages_ignore=None, packages_ignore_regex=None, paths=None, packages_up_to=None, packages_up_to_regex=None, packages_above=None, packages_above_and_dependencies=None, packages_above_depth=None, packages_select_by_dep=None, packages_skip_by_dep=None, packages_skip_up_to=None, packages_select_build_failed=False, packages_skip_build_finished=False, packages_select_test_failures=False, packages_skip_test_passed=False, packages_select=['pipeline'], packages_skip=None, packages_select_regex=None, packages_skip_regex=None, packages_start=None, packages_end=None, allow_overriding=[], cmake_args=None, cmake_target=None, cmake_target_skip_unavailable=False, cmake_clean_cache=False, cmake_clean_first=False, cmake_force_configure=False, ament_cmake_args=None, catkin_cmake_args=None, catkin_skip_building_tests=False, verb_parser=<colcon_defaults.argument_parser.defaults.DefaultArgumentsDecorator object at 0x713f2ae09b70>, verb_extension=<colcon_core.verb.build.BuildVerb object at 0x713f2b5c6f80>, main=<bound method BuildVerb.main of <colcon_core.verb.build.BuildVerb object at 0x713f2b5c6f80>>)
[0.222s] colcon.colcon_core.package_discovery Level 1 discover_packages(colcon_meta) check parameters
[0.222s] colcon.colcon_core.package_discovery Level 1 discover_packages(recursive) check parameters
[0.222s] colcon.colcon_core.package_discovery Level 1 discover_packages(ignore) check parameters
[0.222s] colcon.colcon_core.package_discovery Level 1 discover_packages(path) check parameters
[0.222s] colcon.colcon_core.package_discovery Level 1 discover_packages(colcon_meta) discover
[0.222s] colcon.colcon_core.package_discovery Level 1 discover_packages(recursive) discover
[0.222s] colcon.colcon_core.package_discovery INFO Crawling recursively for packages in '/home/guo/ITL_sentry_auto_new'
[0.223s] colcon.colcon_core.package_identification Level 1 _identify(.) by extensions ['ignore', 'ignore_ament_install']
[0.223s] colcon.colcon_core.package_identification Level 1 _identify(.) by extension 'ignore'
[0.223s] colcon.colcon_core.package_identification Level 1 _identify(.) by extension 'ignore_ament_install'
[0.223s] colcon.colcon_core.package_identification Level 1 _identify(.) by extensions ['colcon_pkg']
[0.223s] colcon.colcon_core.package_identification Level 1 _identify(.) by extension 'colcon_pkg'
[0.223s] colcon.colcon_core.package_identification Level 1 _identify(.) by extensions ['colcon_meta']
[0.223s] colcon.colcon_core.package_identification Level 1 _identify(.) by extension 'colcon_meta'
[0.223s] colcon.colcon_core.package_identification Level 1 _identify(.) by extensions ['ros']
[0.223s] colcon.colcon_core.package_identification Level 1 _identify(.) by extension 'ros'
[0.239s] colcon.colcon_core.package_identification Level 1 _identify(.) by extensions ['cmake', 'python']
[0.239s] colcon.colcon_core.package_identification Level 1 _identify(.) by extension 'cmake'
[0.239s] colcon.colcon_core.package_identification Level 1 _identify(.) by extension 'python'
[0.239s] colcon.colcon_core.package_identification Level 1 _identify(.) by extensions ['python_setup_py']
[0.239s] colcon.colcon_core.package_identification Level 1 _identify(.) by extension 'python_setup_py'
[0.239s] colcon.colcon_core.package_identification Level 1 _identify(build) by extensions ['ignore', 'ignore_ament_install']
[0.239s] colcon.colcon_core.package_identification Level 1 _identify(build) by extension 'ignore'
[0.239s] colcon.colcon_core.package_identification Level 1 _identify(build) ignored
[0.239s] colcon.colcon_core.package_identification Level 1 _identify(data) by extensions ['ignore', 'ignore_ament_install']
[0.239s] colcon.colcon_core.package_identification Level 1 _identify(data) by extension 'ignore'
[0.239s] colcon.colcon_core.package_identification Level 1 _identify(data) by extension 'ignore_ament_install'
[0.239s] colcon.colcon_core.package_identification Level 1 _identify(data) by extensions ['colcon_pkg']
[0.240s] colcon.colcon_core.package_identification Level 1 _identify(data) by extension 'colcon_pkg'
[0.240s] colcon.colcon_core.package_identification Level 1 _identify(data) by extensions ['colcon_meta']
[0.240s] colcon.colcon_core.package_identification Level 1 _identify(data) by extension 'colcon_meta'
[0.240s] colcon.colcon_core.package_identification Level 1 _identify(data) by extensions ['ros']
[0.240s] colcon.colcon_core.package_identification Level 1 _identify(data) by extension 'ros'
[0.240s] colcon.colcon_core.package_identification Level 1 _identify(data) by extensions ['cmake', 'python']
[0.240s] colcon.colcon_core.package_identification Level 1 _identify(data) by extension 'cmake'
[0.240s] colcon.colcon_core.package_identification Level 1 _identify(data) by extension 'python'
[0.240s] colcon.colcon_core.package_identification Level 1 _identify(data) by extensions ['python_setup_py']
[0.240s] colcon.colcon_core.package_identification Level 1 _identify(data) by extension 'python_setup_py'
[0.240s] colcon.colcon_core.package_identification Level 1 _identify(data/distance) by extensions ['ignore', 'ignore_ament_install']
[0.240s] colcon.colcon_core.package_identification Level 1 _identify(data/distance) by extension 'ignore'
[0.240s] colcon.colcon_core.package_identification Level 1 _identify(data/distance) by extension 'ignore_ament_install'
[0.240s] colcon.colcon_core.package_identification Level 1 _identify(data/distance) by extensions ['colcon_pkg']
[0.240s] colcon.colcon_core.package_identification Level 1 _identify(data/distance) by extension 'colcon_pkg'
[0.240s] colcon.colcon_core.package_identification Level 1 _identify(data/distance) by extensions ['colcon_meta']
[0.240s] colcon.colcon_core.package_identification Level 1 _identify(data/distance) by extension 'colcon_meta'
[0.240s] colcon.colcon_core.package_identification Level 1 _identify(data/distance) by extensions ['ros']
[0.240s] colcon.colcon_core.package_identification Level 1 _identify(data/distance) by extension 'ros'
[0.240s] colcon.colcon_core.package_identification Level 1 _identify(data/distance) by extensions ['cmake', 'python']
[0.240s] colcon.colcon_core.package_identification Level 1 _identify(data/distance) by extension 'cmake'
[0.240s] colcon.colcon_core.package_identification Level 1 _identify(data/distance) by extension 'python'
[0.240s] colcon.colcon_core.package_identification Level 1 _identify(data/distance) by extensions ['python_setup_py']
[0.240s] colcon.colcon_core.package_identification Level 1 _identify(data/distance) by extension 'python_setup_py'
[0.240s] colcon.colcon_core.package_identification Level 1 _identify(data/predict) by extensions ['ignore', 'ignore_ament_install']
[0.240s] colcon.colcon_core.package_identification Level 1 _identify(data/predict) by extension 'ignore'
[0.240s] colcon.colcon_core.package_identification Level 1 _identify(data/predict) by extension 'ignore_ament_install'
[0.240s] colcon.colcon_core.package_identification Level 1 _identify(data/predict) by extensions ['colcon_pkg']
[0.240s] colcon.colcon_core.package_identification Level 1 _identify(data/predict) by extension 'colcon_pkg'
[0.241s] colcon.colcon_core.package_identification Level 1 _identify(data/predict) by extensions ['colcon_meta']
[0.241s] colcon.colcon_core.package_identification Level 1 _identify(data/predict) by extension 'colcon_meta'
[0.241s] colcon.colcon_core.package_identification Level 1 _identify(data/predict) by extensions ['ros']
[0.241s] colcon.colcon_core.package_identification Level 1 _identify(data/predict) by extension 'ros'
[0.241s] colcon.colcon_core.package_identification Level 1 _identify(data/predict) by extensions ['cmake', 'python']
[0.241s] colcon.colcon_core.package_identification Level 1 _identify(data/predict) by extension 'cmake'
[0.241s] colcon.colcon_core.package_identification Level 1 _identify(data/predict) by extension 'python'
[0.241s] colcon.colcon_core.package_identification Level 1 _identify(data/predict) by extensions ['python_setup_py']
[0.241s] colcon.colcon_core.package_identification Level 1 _identify(data/predict) by extension 'python_setup_py'
[0.241s] colcon.colcon_core.package_identification Level 1 _identify(data/predict/rosbag2_2025_07_01-13_07_04) by extensions ['ignore', 'ignore_ament_install']
[0.241s] colcon.colcon_core.package_identification Level 1 _identify(data/predict/rosbag2_2025_07_01-13_07_04) by extension 'ignore'
[0.241s] colcon.colcon_core.package_identification Level 1 _identify(data/predict/rosbag2_2025_07_01-13_07_04) by extension 'ignore_ament_install'
[0.241s] colcon.colcon_core.package_identification Level 1 _identify(data/predict/rosbag2_2025_07_01-13_07_04) by extensions ['colcon_pkg']
[0.241s] colcon.colcon_core.package_identification Level 1 _identify(data/predict/rosbag2_2025_07_01-13_07_04) by extension 'colcon_pkg'
[0.241s] colcon.colcon_core.package_identification Level 1 _identify(data/predict/rosbag2_2025_07_01-13_07_04) by extensions ['colcon_meta']
[0.241s] colcon.colcon_core.package_identification Level 1 _identify(data/predict/rosbag2_2025_07_01-13_07_04) by extension 'colcon_meta'
[0.241s] colcon.colcon_core.package_identification Level 1 _identify(data/predict/rosbag2_2025_07_01-13_07_04) by extensions ['ros']
[0.241s] colcon.colcon_core.package_identification Level 1 _identify(data/predict/rosbag2_2025_07_01-13_07_04) by extension 'ros'
[0.241s] colcon.colcon_core.package_identification Level 1 _identify(data/predict/rosbag2_2025_07_01-13_07_04) by extensions ['cmake', 'python']
[0.241s] colcon.colcon_core.package_identification Level 1 _identify(data/predict/rosbag2_2025_07_01-13_07_04) by extension 'cmake'
[0.241s] colcon.colcon_core.package_identification Level 1 _identify(data/predict/rosbag2_2025_07_01-13_07_04) by extension 'python'
[0.241s] colcon.colcon_core.package_identification Level 1 _identify(data/predict/rosbag2_2025_07_01-13_07_04) by extensions ['python_setup_py']
[0.241s] colcon.colcon_core.package_identification Level 1 _identify(data/predict/rosbag2_2025_07_01-13_07_04) by extension 'python_setup_py'
[0.241s] colcon.colcon_core.package_identification Level 1 _identify(data/predict/rosbag2_2025_07_01-13_57_03) by extensions ['ignore', 'ignore_ament_install']
[0.241s] colcon.colcon_core.package_identification Level 1 _identify(data/predict/rosbag2_2025_07_01-13_57_03) by extension 'ignore'
[0.241s] colcon.colcon_core.package_identification Level 1 _identify(data/predict/rosbag2_2025_07_01-13_57_03) by extension 'ignore_ament_install'
[0.241s] colcon.colcon_core.package_identification Level 1 _identify(data/predict/rosbag2_2025_07_01-13_57_03) by extensions ['colcon_pkg']
[0.241s] colcon.colcon_core.package_identification Level 1 _identify(data/predict/rosbag2_2025_07_01-13_57_03) by extension 'colcon_pkg'
[0.241s] colcon.colcon_core.package_identification Level 1 _identify(data/predict/rosbag2_2025_07_01-13_57_03) by extensions ['colcon_meta']
[0.241s] colcon.colcon_core.package_identification Level 1 _identify(data/predict/rosbag2_2025_07_01-13_57_03) by extension 'colcon_meta'
[0.241s] colcon.colcon_core.package_identification Level 1 _identify(data/predict/rosbag2_2025_07_01-13_57_03) by extensions ['ros']
[0.241s] colcon.colcon_core.package_identification Level 1 _identify(data/predict/rosbag2_2025_07_01-13_57_03) by extension 'ros'
[0.242s] colcon.colcon_core.package_identification Level 1 _identify(data/predict/rosbag2_2025_07_01-13_57_03) by extensions ['cmake', 'python']
[0.242s] colcon.colcon_core.package_identification Level 1 _identify(data/predict/rosbag2_2025_07_01-13_57_03) by extension 'cmake'
[0.242s] colcon.colcon_core.package_identification Level 1 _identify(data/predict/rosbag2_2025_07_01-13_57_03) by extension 'python'
[0.242s] colcon.colcon_core.package_identification Level 1 _identify(data/predict/rosbag2_2025_07_01-13_57_03) by extensions ['python_setup_py']
[0.242s] colcon.colcon_core.package_identification Level 1 _identify(data/predict/rosbag2_2025_07_01-13_57_03) by extension 'python_setup_py'
[0.242s] colcon.colcon_core.package_identification Level 1 _identify(data/predict/rosbag2_2025_07_01-14_37_08) by extensions ['ignore', 'ignore_ament_install']
[0.242s] colcon.colcon_core.package_identification Level 1 _identify(data/predict/rosbag2_2025_07_01-14_37_08) by extension 'ignore'
[0.242s] colcon.colcon_core.package_identification Level 1 _identify(data/predict/rosbag2_2025_07_01-14_37_08) by extension 'ignore_ament_install'
[0.242s] colcon.colcon_core.package_identification Level 1 _identify(data/predict/rosbag2_2025_07_01-14_37_08) by extensions ['colcon_pkg']
[0.242s] colcon.colcon_core.package_identification Level 1 _identify(data/predict/rosbag2_2025_07_01-14_37_08) by extension 'colcon_pkg'
[0.242s] colcon.colcon_core.package_identification Level 1 _identify(data/predict/rosbag2_2025_07_01-14_37_08) by extensions ['colcon_meta']
[0.242s] colcon.colcon_core.package_identification Level 1 _identify(data/predict/rosbag2_2025_07_01-14_37_08) by extension 'colcon_meta'
[0.242s] colcon.colcon_core.package_identification Level 1 _identify(data/predict/rosbag2_2025_07_01-14_37_08) by extensions ['ros']
[0.242s] colcon.colcon_core.package_identification Level 1 _identify(data/predict/rosbag2_2025_07_01-14_37_08) by extension 'ros'
[0.242s] colcon.colcon_core.package_identification Level 1 _identify(data/predict/rosbag2_2025_07_01-14_37_08) by extensions ['cmake', 'python']
[0.242s] colcon.colcon_core.package_identification Level 1 _identify(data/predict/rosbag2_2025_07_01-14_37_08) by extension 'cmake'
[0.242s] colcon.colcon_core.package_identification Level 1 _identify(data/predict/rosbag2_2025_07_01-14_37_08) by extension 'python'
[0.242s] colcon.colcon_core.package_identification Level 1 _identify(data/predict/rosbag2_2025_07_01-14_37_08) by extensions ['python_setup_py']
[0.242s] colcon.colcon_core.package_identification Level 1 _identify(data/predict/rosbag2_2025_07_01-14_37_08) by extension 'python_setup_py'
[0.242s] colcon.colcon_core.package_identification Level 1 _identify(data/predict/rosbag2_2025_07_01-15_14_41) by extensions ['ignore', 'ignore_ament_install']
[0.242s] colcon.colcon_core.package_identification Level 1 _identify(data/predict/rosbag2_2025_07_01-15_14_41) by extension 'ignore'
[0.242s] colcon.colcon_core.package_identification Level 1 _identify(data/predict/rosbag2_2025_07_01-15_14_41) by extension 'ignore_ament_install'
[0.242s] colcon.colcon_core.package_identification Level 1 _identify(data/predict/rosbag2_2025_07_01-15_14_41) by extensions ['colcon_pkg']
[0.242s] colcon.colcon_core.package_identification Level 1 _identify(data/predict/rosbag2_2025_07_01-15_14_41) by extension 'colcon_pkg'
[0.242s] colcon.colcon_core.package_identification Level 1 _identify(data/predict/rosbag2_2025_07_01-15_14_41) by extensions ['colcon_meta']
[0.242s] colcon.colcon_core.package_identification Level 1 _identify(data/predict/rosbag2_2025_07_01-15_14_41) by extension 'colcon_meta'
[0.242s] colcon.colcon_core.package_identification Level 1 _identify(data/predict/rosbag2_2025_07_01-15_14_41) by extensions ['ros']
[0.242s] colcon.colcon_core.package_identification Level 1 _identify(data/predict/rosbag2_2025_07_01-15_14_41) by extension 'ros'
[0.242s] colcon.colcon_core.package_identification Level 1 _identify(data/predict/rosbag2_2025_07_01-15_14_41) by extensions ['cmake', 'python']
[0.242s] colcon.colcon_core.package_identification Level 1 _identify(data/predict/rosbag2_2025_07_01-15_14_41) by extension 'cmake'
[0.243s] colcon.colcon_core.package_identification Level 1 _identify(data/predict/rosbag2_2025_07_01-15_14_41) by extension 'python'
[0.243s] colcon.colcon_core.package_identification Level 1 _identify(data/predict/rosbag2_2025_07_01-15_14_41) by extensions ['python_setup_py']
[0.243s] colcon.colcon_core.package_identification Level 1 _identify(data/predict/rosbag2_2025_07_01-15_14_41) by extension 'python_setup_py'
[0.243s] colcon.colcon_core.package_identification Level 1 _identify(data/predict/rosbag2_2025_07_01-15_34_44) by extensions ['ignore', 'ignore_ament_install']
[0.243s] colcon.colcon_core.package_identification Level 1 _identify(data/predict/rosbag2_2025_07_01-15_34_44) by extension 'ignore'
[0.243s] colcon.colcon_core.package_identification Level 1 _identify(data/predict/rosbag2_2025_07_01-15_34_44) by extension 'ignore_ament_install'
[0.243s] colcon.colcon_core.package_identification Level 1 _identify(data/predict/rosbag2_2025_07_01-15_34_44) by extensions ['colcon_pkg']
[0.243s] colcon.colcon_core.package_identification Level 1 _identify(data/predict/rosbag2_2025_07_01-15_34_44) by extension 'colcon_pkg'
[0.243s] colcon.colcon_core.package_identification Level 1 _identify(data/predict/rosbag2_2025_07_01-15_34_44) by extensions ['colcon_meta']
[0.243s] colcon.colcon_core.package_identification Level 1 _identify(data/predict/rosbag2_2025_07_01-15_34_44) by extension 'colcon_meta'
[0.243s] colcon.colcon_core.package_identification Level 1 _identify(data/predict/rosbag2_2025_07_01-15_34_44) by extensions ['ros']
[0.243s] colcon.colcon_core.package_identification Level 1 _identify(data/predict/rosbag2_2025_07_01-15_34_44) by extension 'ros'
[0.243s] colcon.colcon_core.package_identification Level 1 _identify(data/predict/rosbag2_2025_07_01-15_34_44) by extensions ['cmake', 'python']
[0.243s] colcon.colcon_core.package_identification Level 1 _identify(data/predict/rosbag2_2025_07_01-15_34_44) by extension 'cmake'
[0.243s] colcon.colcon_core.package_identification Level 1 _identify(data/predict/rosbag2_2025_07_01-15_34_44) by extension 'python'
[0.243s] colcon.colcon_core.package_identification Level 1 _identify(data/predict/rosbag2_2025_07_01-15_34_44) by extensions ['python_setup_py']
[0.243s] colcon.colcon_core.package_identification Level 1 _identify(data/predict/rosbag2_2025_07_01-15_34_44) by extension 'python_setup_py'
[0.243s] colcon.colcon_core.package_identification Level 1 _identify(data/predict/rosbag2_2025_07_01-16_19_05) by extensions ['ignore', 'ignore_ament_install']
[0.243s] colcon.colcon_core.package_identification Level 1 _identify(data/predict/rosbag2_2025_07_01-16_19_05) by extension 'ignore'
[0.243s] colcon.colcon_core.package_identification Level 1 _identify(data/predict/rosbag2_2025_07_01-16_19_05) by extension 'ignore_ament_install'
[0.243s] colcon.colcon_core.package_identification Level 1 _identify(data/predict/rosbag2_2025_07_01-16_19_05) by extensions ['colcon_pkg']
[0.243s] colcon.colcon_core.package_identification Level 1 _identify(data/predict/rosbag2_2025_07_01-16_19_05) by extension 'colcon_pkg'
[0.243s] colcon.colcon_core.package_identification Level 1 _identify(data/predict/rosbag2_2025_07_01-16_19_05) by extensions ['colcon_meta']
[0.243s] colcon.colcon_core.package_identification Level 1 _identify(data/predict/rosbag2_2025_07_01-16_19_05) by extension 'colcon_meta'
[0.243s] colcon.colcon_core.package_identification Level 1 _identify(data/predict/rosbag2_2025_07_01-16_19_05) by extensions ['ros']
[0.243s] colcon.colcon_core.package_identification Level 1 _identify(data/predict/rosbag2_2025_07_01-16_19_05) by extension 'ros'
[0.243s] colcon.colcon_core.package_identification Level 1 _identify(data/predict/rosbag2_2025_07_01-16_19_05) by extensions ['cmake', 'python']
[0.244s] colcon.colcon_core.package_identification Level 1 _identify(data/predict/rosbag2_2025_07_01-16_19_05) by extension 'cmake'
[0.244s] colcon.colcon_core.package_identification Level 1 _identify(data/predict/rosbag2_2025_07_01-16_19_05) by extension 'python'
[0.244s] colcon.colcon_core.package_identification Level 1 _identify(data/predict/rosbag2_2025_07_01-16_19_05) by extensions ['python_setup_py']
[0.244s] colcon.colcon_core.package_identification Level 1 _identify(data/predict/rosbag2_2025_07_01-16_19_05) by extension 'python_setup_py'
[0.244s] colcon.colcon_core.package_identification Level 1 _identify(data/predict/rosbag2_2025_07_01-16_29_32) by extensions ['ignore', 'ignore_ament_install']
[0.244s] colcon.colcon_core.package_identification Level 1 _identify(data/predict/rosbag2_2025_07_01-16_29_32) by extension 'ignore'
[0.244s] colcon.colcon_core.package_identification Level 1 _identify(data/predict/rosbag2_2025_07_01-16_29_32) by extension 'ignore_ament_install'
[0.244s] colcon.colcon_core.package_identification Level 1 _identify(data/predict/rosbag2_2025_07_01-16_29_32) by extensions ['colcon_pkg']
[0.244s] colcon.colcon_core.package_identification Level 1 _identify(data/predict/rosbag2_2025_07_01-16_29_32) by extension 'colcon_pkg'
[0.244s] colcon.colcon_core.package_identification Level 1 _identify(data/predict/rosbag2_2025_07_01-16_29_32) by extensions ['colcon_meta']
[0.244s] colcon.colcon_core.package_identification Level 1 _identify(data/predict/rosbag2_2025_07_01-16_29_32) by extension 'colcon_meta'
[0.244s] colcon.colcon_core.package_identification Level 1 _identify(data/predict/rosbag2_2025_07_01-16_29_32) by extensions ['ros']
[0.244s] colcon.colcon_core.package_identification Level 1 _identify(data/predict/rosbag2_2025_07_01-16_29_32) by extension 'ros'
[0.244s] colcon.colcon_core.package_identification Level 1 _identify(data/predict/rosbag2_2025_07_01-16_29_32) by extensions ['cmake', 'python']
[0.244s] colcon.colcon_core.package_identification Level 1 _identify(data/predict/rosbag2_2025_07_01-16_29_32) by extension 'cmake'
[0.244s] colcon.colcon_core.package_identification Level 1 _identify(data/predict/rosbag2_2025_07_01-16_29_32) by extension 'python'
[0.244s] colcon.colcon_core.package_identification Level 1 _identify(data/predict/rosbag2_2025_07_01-16_29_32) by extensions ['python_setup_py']
[0.244s] colcon.colcon_core.package_identification Level 1 _identify(data/predict/rosbag2_2025_07_01-16_29_32) by extension 'python_setup_py'
[0.244s] colcon.colcon_core.package_identification Level 1 _identify(data/predict/rosbag2_2025_07_01-16_59_30) by extensions ['ignore', 'ignore_ament_install']
[0.244s] colcon.colcon_core.package_identification Level 1 _identify(data/predict/rosbag2_2025_07_01-16_59_30) by extension 'ignore'
[0.244s] colcon.colcon_core.package_identification Level 1 _identify(data/predict/rosbag2_2025_07_01-16_59_30) by extension 'ignore_ament_install'
[0.244s] colcon.colcon_core.package_identification Level 1 _identify(data/predict/rosbag2_2025_07_01-16_59_30) by extensions ['colcon_pkg']
[0.244s] colcon.colcon_core.package_identification Level 1 _identify(data/predict/rosbag2_2025_07_01-16_59_30) by extension 'colcon_pkg'
[0.244s] colcon.colcon_core.package_identification Level 1 _identify(data/predict/rosbag2_2025_07_01-16_59_30) by extensions ['colcon_meta']
[0.244s] colcon.colcon_core.package_identification Level 1 _identify(data/predict/rosbag2_2025_07_01-16_59_30) by extension 'colcon_meta'
[0.244s] colcon.colcon_core.package_identification Level 1 _identify(data/predict/rosbag2_2025_07_01-16_59_30) by extensions ['ros']
[0.244s] colcon.colcon_core.package_identification Level 1 _identify(data/predict/rosbag2_2025_07_01-16_59_30) by extension 'ros'
[0.245s] colcon.colcon_core.package_identification Level 1 _identify(data/predict/rosbag2_2025_07_01-16_59_30) by extensions ['cmake', 'python']
[0.245s] colcon.colcon_core.package_identification Level 1 _identify(data/predict/rosbag2_2025_07_01-16_59_30) by extension 'cmake'
[0.245s] colcon.colcon_core.package_identification Level 1 _identify(data/predict/rosbag2_2025_07_01-16_59_30) by extension 'python'
[0.245s] colcon.colcon_core.package_identification Level 1 _identify(data/predict/rosbag2_2025_07_01-16_59_30) by extensions ['python_setup_py']
[0.245s] colcon.colcon_core.package_identification Level 1 _identify(data/predict/rosbag2_2025_07_01-16_59_30) by extension 'python_setup_py'
[0.245s] colcon.colcon_core.package_identification Level 1 _identify(data/predict/rosbag2_2025_07_01-17_05_11) by extensions ['ignore', 'ignore_ament_install']
[0.245s] colcon.colcon_core.package_identification Level 1 _identify(data/predict/rosbag2_2025_07_01-17_05_11) by extension 'ignore'
[0.245s] colcon.colcon_core.package_identification Level 1 _identify(data/predict/rosbag2_2025_07_01-17_05_11) by extension 'ignore_ament_install'
[0.245s] colcon.colcon_core.package_identification Level 1 _identify(data/predict/rosbag2_2025_07_01-17_05_11) by extensions ['colcon_pkg']
[0.245s] colcon.colcon_core.package_identification Level 1 _identify(data/predict/rosbag2_2025_07_01-17_05_11) by extension 'colcon_pkg'
[0.245s] colcon.colcon_core.package_identification Level 1 _identify(data/predict/rosbag2_2025_07_01-17_05_11) by extensions ['colcon_meta']
[0.245s] colcon.colcon_core.package_identification Level 1 _identify(data/predict/rosbag2_2025_07_01-17_05_11) by extension 'colcon_meta'
[0.245s] colcon.colcon_core.package_identification Level 1 _identify(data/predict/rosbag2_2025_07_01-17_05_11) by extensions ['ros']
[0.245s] colcon.colcon_core.package_identification Level 1 _identify(data/predict/rosbag2_2025_07_01-17_05_11) by extension 'ros'
[0.245s] colcon.colcon_core.package_identification Level 1 _identify(data/predict/rosbag2_2025_07_01-17_05_11) by extensions ['cmake', 'python']
[0.245s] colcon.colcon_core.package_identification Level 1 _identify(data/predict/rosbag2_2025_07_01-17_05_11) by extension 'cmake'
[0.245s] colcon.colcon_core.package_identification Level 1 _identify(data/predict/rosbag2_2025_07_01-17_05_11) by extension 'python'
[0.245s] colcon.colcon_core.package_identification Level 1 _identify(data/predict/rosbag2_2025_07_01-17_05_11) by extensions ['python_setup_py']
[0.245s] colcon.colcon_core.package_identification Level 1 _identify(data/predict/rosbag2_2025_07_01-17_05_11) by extension 'python_setup_py'
[0.245s] colcon.colcon_core.package_identification Level 1 _identify(install) by extensions ['ignore', 'ignore_ament_install']
[0.245s] colcon.colcon_core.package_identification Level 1 _identify(install) by extension 'ignore'
[0.245s] colcon.colcon_core.package_identification Level 1 _identify(install) ignored
[0.245s] colcon.colcon_core.package_identification Level 1 _identify(log) by extensions ['ignore', 'ignore_ament_install']
[0.245s] colcon.colcon_core.package_identification Level 1 _identify(log) by extension 'ignore'
[0.246s] colcon.colcon_core.package_identification Level 1 _identify(log) ignored
[0.246s] colcon.colcon_core.package_identification Level 1 _identify(logs) by extensions ['ignore', 'ignore_ament_install']
[0.246s] colcon.colcon_core.package_identification Level 1 _identify(logs) by extension 'ignore'
[0.246s] colcon.colcon_core.package_identification Level 1 _identify(logs) by extension 'ignore_ament_install'
[0.246s] colcon.colcon_core.package_identification Level 1 _identify(logs) by extensions ['colcon_pkg']
[0.246s] colcon.colcon_core.package_identification Level 1 _identify(logs) by extension 'colcon_pkg'
[0.246s] colcon.colcon_core.package_identification Level 1 _identify(logs) by extensions ['colcon_meta']
[0.246s] colcon.colcon_core.package_identification Level 1 _identify(logs) by extension 'colcon_meta'
[0.246s] colcon.colcon_core.package_identification Level 1 _identify(logs) by extensions ['ros']
[0.246s] colcon.colcon_core.package_identification Level 1 _identify(logs) by extension 'ros'
[0.246s] colcon.colcon_core.package_identification Level 1 _identify(logs) by extensions ['cmake', 'python']
[0.246s] colcon.colcon_core.package_identification Level 1 _identify(logs) by extension 'cmake'
[0.246s] colcon.colcon_core.package_identification Level 1 _identify(logs) by extension 'python'
[0.246s] colcon.colcon_core.package_identification Level 1 _identify(logs) by extensions ['python_setup_py']
[0.246s] colcon.colcon_core.package_identification Level 1 _identify(logs) by extension 'python_setup_py'
[0.246s] colcon.colcon_core.package_identification Level 1 _identify(src) by extensions ['ignore', 'ignore_ament_install']
[0.246s] colcon.colcon_core.package_identification Level 1 _identify(src) by extension 'ignore'
[0.246s] colcon.colcon_core.package_identification Level 1 _identify(src) by extension 'ignore_ament_install'
[0.246s] colcon.colcon_core.package_identification Level 1 _identify(src) by extensions ['colcon_pkg']
[0.246s] colcon.colcon_core.package_identification Level 1 _identify(src) by extension 'colcon_pkg'
[0.246s] colcon.colcon_core.package_identification Level 1 _identify(src) by extensions ['colcon_meta']
[0.246s] colcon.colcon_core.package_identification Level 1 _identify(src) by extension 'colcon_meta'
[0.246s] colcon.colcon_core.package_identification Level 1 _identify(src) by extensions ['ros']
[0.246s] colcon.colcon_core.package_identification Level 1 _identify(src) by extension 'ros'
[0.246s] colcon.colcon_core.package_identification Level 1 _identify(src) by extensions ['cmake', 'python']
[0.246s] colcon.colcon_core.package_identification Level 1 _identify(src) by extension 'cmake'
[0.247s] colcon.colcon_core.package_identification Level 1 _identify(src) by extension 'python'
[0.247s] colcon.colcon_core.package_identification Level 1 _identify(src) by extensions ['python_setup_py']
[0.247s] colcon.colcon_core.package_identification Level 1 _identify(src) by extension 'python_setup_py'
[0.247s] colcon.colcon_core.package_identification Level 1 _identify(src/Messages) by extensions ['ignore', 'ignore_ament_install']
[0.247s] colcon.colcon_core.package_identification Level 1 _identify(src/Messages) by extension 'ignore'
[0.247s] colcon.colcon_core.package_identification Level 1 _identify(src/Messages) by extension 'ignore_ament_install'
[0.247s] colcon.colcon_core.package_identification Level 1 _identify(src/Messages) by extensions ['colcon_pkg']
[0.247s] colcon.colcon_core.package_identification Level 1 _identify(src/Messages) by extension 'colcon_pkg'
[0.247s] colcon.colcon_core.package_identification Level 1 _identify(src/Messages) by extensions ['colcon_meta']
[0.247s] colcon.colcon_core.package_identification Level 1 _identify(src/Messages) by extension 'colcon_meta'
[0.247s] colcon.colcon_core.package_identification Level 1 _identify(src/Messages) by extensions ['ros']
[0.247s] colcon.colcon_core.package_identification Level 1 _identify(src/Messages) by extension 'ros'
[0.249s] colcon.colcon_core.package_identification DEBUG Package 'src/Messages' with type 'ros.ament_cmake' and name 'autoaim_msgs'
[0.249s] colcon.colcon_core.package_identification Level 1 _identify(src/config) by extensions ['ignore', 'ignore_ament_install']
[0.250s] colcon.colcon_core.package_identification Level 1 _identify(src/config) by extension 'ignore'
[0.250s] colcon.colcon_core.package_identification Level 1 _identify(src/config) by extension 'ignore_ament_install'
[0.250s] colcon.colcon_core.package_identification Level 1 _identify(src/config) by extensions ['colcon_pkg']
[0.250s] colcon.colcon_core.package_identification Level 1 _identify(src/config) by extension 'colcon_pkg'
[0.250s] colcon.colcon_core.package_identification Level 1 _identify(src/config) by extensions ['colcon_meta']
[0.250s] colcon.colcon_core.package_identification Level 1 _identify(src/config) by extension 'colcon_meta'
[0.250s] colcon.colcon_core.package_identification Level 1 _identify(src/config) by extensions ['ros']
[0.250s] colcon.colcon_core.package_identification Level 1 _identify(src/config) by extension 'ros'
[0.250s] colcon.colcon_core.package_identification Level 1 _identify(src/config) by extensions ['cmake', 'python']
[0.250s] colcon.colcon_core.package_identification Level 1 _identify(src/config) by extension 'cmake'
[0.250s] colcon.colcon_core.package_identification Level 1 _identify(src/config) by extension 'python'
[0.250s] colcon.colcon_core.package_identification Level 1 _identify(src/config) by extensions ['python_setup_py']
[0.250s] colcon.colcon_core.package_identification Level 1 _identify(src/config) by extension 'python_setup_py'
[0.250s] colcon.colcon_core.package_identification Level 1 _identify(src/core) by extensions ['ignore', 'ignore_ament_install']
[0.250s] colcon.colcon_core.package_identification Level 1 _identify(src/core) by extension 'ignore'
[0.250s] colcon.colcon_core.package_identification Level 1 _identify(src/core) by extension 'ignore_ament_install'
[0.250s] colcon.colcon_core.package_identification Level 1 _identify(src/core) by extensions ['colcon_pkg']
[0.250s] colcon.colcon_core.package_identification Level 1 _identify(src/core) by extension 'colcon_pkg'
[0.250s] colcon.colcon_core.package_identification Level 1 _identify(src/core) by extensions ['colcon_meta']
[0.250s] colcon.colcon_core.package_identification Level 1 _identify(src/core) by extension 'colcon_meta'
[0.250s] colcon.colcon_core.package_identification Level 1 _identify(src/core) by extensions ['ros']
[0.250s] colcon.colcon_core.package_identification Level 1 _identify(src/core) by extension 'ros'
[0.250s] colcon.colcon_core.package_identification Level 1 _identify(src/core) by extensions ['cmake', 'python']
[0.250s] colcon.colcon_core.package_identification Level 1 _identify(src/core) by extension 'cmake'
[0.250s] colcon.colcon_core.package_identification Level 1 _identify(src/core) by extension 'python'
[0.250s] colcon.colcon_core.package_identification Level 1 _identify(src/core) by extensions ['python_setup_py']
[0.250s] colcon.colcon_core.package_identification Level 1 _identify(src/core) by extension 'python_setup_py'
[0.250s] colcon.colcon_core.package_identification Level 1 _identify(src/core/aimer) by extensions ['ignore', 'ignore_ament_install']
[0.251s] colcon.colcon_core.package_identification Level 1 _identify(src/core/aimer) by extension 'ignore'
[0.251s] colcon.colcon_core.package_identification Level 1 _identify(src/core/aimer) by extension 'ignore_ament_install'
[0.251s] colcon.colcon_core.package_identification Level 1 _identify(src/core/aimer) by extensions ['colcon_pkg']
[0.251s] colcon.colcon_core.package_identification Level 1 _identify(src/core/aimer) by extension 'colcon_pkg'
[0.251s] colcon.colcon_core.package_identification Level 1 _identify(src/core/aimer) by extensions ['colcon_meta']
[0.251s] colcon.colcon_core.package_identification Level 1 _identify(src/core/aimer) by extension 'colcon_meta'
[0.251s] colcon.colcon_core.package_identification Level 1 _identify(src/core/aimer) by extensions ['ros']
[0.251s] colcon.colcon_core.package_identification Level 1 _identify(src/core/aimer) by extension 'ros'
[0.251s] colcon.colcon_core.package_identification DEBUG Package 'src/core/aimer' with type 'ros.ament_cmake' and name 'aimer'
[0.252s] colcon.colcon_core.package_identification Level 1 _identify(src/core/algorithms) by extensions ['ignore', 'ignore_ament_install']
[0.252s] colcon.colcon_core.package_identification Level 1 _identify(src/core/algorithms) by extension 'ignore'
[0.252s] colcon.colcon_core.package_identification Level 1 _identify(src/core/algorithms) by extension 'ignore_ament_install'
[0.252s] colcon.colcon_core.package_identification Level 1 _identify(src/core/algorithms) by extensions ['colcon_pkg']
[0.252s] colcon.colcon_core.package_identification Level 1 _identify(src/core/algorithms) by extension 'colcon_pkg'
[0.252s] colcon.colcon_core.package_identification Level 1 _identify(src/core/algorithms) by extensions ['colcon_meta']
[0.252s] colcon.colcon_core.package_identification Level 1 _identify(src/core/algorithms) by extension 'colcon_meta'
[0.252s] colcon.colcon_core.package_identification Level 1 _identify(src/core/algorithms) by extensions ['ros']
[0.252s] colcon.colcon_core.package_identification Level 1 _identify(src/core/algorithms) by extension 'ros'
[0.252s] colcon.colcon_core.package_identification DEBUG Package 'src/core/algorithms' with type 'ros.ament_cmake' and name 'filter_lib'
[0.252s] colcon.colcon_core.package_identification Level 1 _identify(src/core/detected) by extensions ['ignore', 'ignore_ament_install']
[0.253s] colcon.colcon_core.package_identification Level 1 _identify(src/core/detected) by extension 'ignore'
[0.253s] colcon.colcon_core.package_identification Level 1 _identify(src/core/detected) by extension 'ignore_ament_install'
[0.253s] colcon.colcon_core.package_identification Level 1 _identify(src/core/detected) by extensions ['colcon_pkg']
[0.253s] colcon.colcon_core.package_identification Level 1 _identify(src/core/detected) by extension 'colcon_pkg'
[0.253s] colcon.colcon_core.package_identification Level 1 _identify(src/core/detected) by extensions ['colcon_meta']
[0.253s] colcon.colcon_core.package_identification Level 1 _identify(src/core/detected) by extension 'colcon_meta'
[0.253s] colcon.colcon_core.package_identification Level 1 _identify(src/core/detected) by extensions ['ros']
[0.253s] colcon.colcon_core.package_identification Level 1 _identify(src/core/detected) by extension 'ros'
[0.253s] colcon.colcon_core.package_identification DEBUG Package 'src/core/detected' with type 'ros.ament_cmake' and name 'detected'
[0.253s] colcon.colcon_core.package_identification Level 1 _identify(src/core/planner) by extensions ['ignore', 'ignore_ament_install']
[0.254s] colcon.colcon_core.package_identification Level 1 _identify(src/core/planner) by extension 'ignore'
[0.254s] colcon.colcon_core.package_identification Level 1 _identify(src/core/planner) by extension 'ignore_ament_install'
[0.254s] colcon.colcon_core.package_identification Level 1 _identify(src/core/planner) by extensions ['colcon_pkg']
[0.254s] colcon.colcon_core.package_identification Level 1 _identify(src/core/planner) by extension 'colcon_pkg'
[0.254s] colcon.colcon_core.package_identification Level 1 _identify(src/core/planner) by extensions ['colcon_meta']
[0.254s] colcon.colcon_core.package_identification Level 1 _identify(src/core/planner) by extension 'colcon_meta'
[0.254s] colcon.colcon_core.package_identification Level 1 _identify(src/core/planner) by extensions ['ros']
[0.254s] colcon.colcon_core.package_identification Level 1 _identify(src/core/planner) by extension 'ros'
[0.254s] colcon.colcon_core.package_identification DEBUG Package 'src/core/planner' with type 'ros.ament_cmake' and name 'planner'
[0.254s] colcon.colcon_core.package_identification Level 1 _identify(src/core/pointer) by extensions ['ignore', 'ignore_ament_install']
[0.255s] colcon.colcon_core.package_identification Level 1 _identify(src/core/pointer) by extension 'ignore'
[0.255s] colcon.colcon_core.package_identification Level 1 _identify(src/core/pointer) by extension 'ignore_ament_install'
[0.255s] colcon.colcon_core.package_identification Level 1 _identify(src/core/pointer) by extensions ['colcon_pkg']
[0.255s] colcon.colcon_core.package_identification Level 1 _identify(src/core/pointer) by extension 'colcon_pkg'
[0.255s] colcon.colcon_core.package_identification Level 1 _identify(src/core/pointer) by extensions ['colcon_meta']
[0.255s] colcon.colcon_core.package_identification Level 1 _identify(src/core/pointer) by extension 'colcon_meta'
[0.255s] colcon.colcon_core.package_identification Level 1 _identify(src/core/pointer) by extensions ['ros']
[0.255s] colcon.colcon_core.package_identification Level 1 _identify(src/core/pointer) by extension 'ros'
[0.255s] colcon.colcon_core.package_identification DEBUG Package 'src/core/pointer' with type 'ros.ament_cmake' and name 'armor_pointer'
[0.255s] colcon.colcon_core.package_identification Level 1 _identify(src/core/solver) by extensions ['ignore', 'ignore_ament_install']
[0.255s] colcon.colcon_core.package_identification Level 1 _identify(src/core/solver) by extension 'ignore'
[0.255s] colcon.colcon_core.package_identification Level 1 _identify(src/core/solver) by extension 'ignore_ament_install'
[0.255s] colcon.colcon_core.package_identification Level 1 _identify(src/core/solver) by extensions ['colcon_pkg']
[0.256s] colcon.colcon_core.package_identification Level 1 _identify(src/core/solver) by extension 'colcon_pkg'
[0.256s] colcon.colcon_core.package_identification Level 1 _identify(src/core/solver) by extensions ['colcon_meta']
[0.256s] colcon.colcon_core.package_identification Level 1 _identify(src/core/solver) by extension 'colcon_meta'
[0.256s] colcon.colcon_core.package_identification Level 1 _identify(src/core/solver) by extensions ['ros']
[0.256s] colcon.colcon_core.package_identification Level 1 _identify(src/core/solver) by extension 'ros'
[0.257s] colcon.colcon_core.package_identification DEBUG Package 'src/core/solver' with type 'ros.ament_cmake' and name 'solver'
[0.257s] colcon.colcon_core.package_identification Level 1 _identify(src/core/target) by extensions ['ignore', 'ignore_ament_install']
[0.258s] colcon.colcon_core.package_identification Level 1 _identify(src/core/target) by extension 'ignore'
[0.258s] colcon.colcon_core.package_identification Level 1 _identify(src/core/target) by extension 'ignore_ament_install'
[0.258s] colcon.colcon_core.package_identification Level 1 _identify(src/core/target) by extensions ['colcon_pkg']
[0.258s] colcon.colcon_core.package_identification Level 1 _identify(src/core/target) by extension 'colcon_pkg'
[0.258s] colcon.colcon_core.package_identification Level 1 _identify(src/core/target) by extensions ['colcon_meta']
[0.258s] colcon.colcon_core.package_identification Level 1 _identify(src/core/target) by extension 'colcon_meta'
[0.258s] colcon.colcon_core.package_identification Level 1 _identify(src/core/target) by extensions ['ros']
[0.258s] colcon.colcon_core.package_identification Level 1 _identify(src/core/target) by extension 'ros'
[0.258s] colcon.colcon_core.package_identification Level 1 _identify(src/core/target) by extensions ['cmake', 'python']
[0.258s] colcon.colcon_core.package_identification Level 1 _identify(src/core/target) by extension 'cmake'
[0.258s] colcon.colcon_core.package_identification Level 1 _identify(src/core/target) by extension 'python'
[0.258s] colcon.colcon_core.package_identification Level 1 _identify(src/core/target) by extensions ['python_setup_py']
[0.258s] colcon.colcon_core.package_identification Level 1 _identify(src/core/target) by extension 'python_setup_py'
[0.258s] colcon.colcon_core.package_identification Level 1 _identify(src/core/target/motion_model) by extensions ['ignore', 'ignore_ament_install']
[0.258s] colcon.colcon_core.package_identification Level 1 _identify(src/core/target/motion_model) by extension 'ignore'
[0.258s] colcon.colcon_core.package_identification Level 1 _identify(src/core/target/motion_model) by extension 'ignore_ament_install'
[0.258s] colcon.colcon_core.package_identification Level 1 _identify(src/core/target/motion_model) by extensions ['colcon_pkg']
[0.258s] colcon.colcon_core.package_identification Level 1 _identify(src/core/target/motion_model) by extension 'colcon_pkg'
[0.258s] colcon.colcon_core.package_identification Level 1 _identify(src/core/target/motion_model) by extensions ['colcon_meta']
[0.258s] colcon.colcon_core.package_identification Level 1 _identify(src/core/target/motion_model) by extension 'colcon_meta'
[0.258s] colcon.colcon_core.package_identification Level 1 _identify(src/core/target/motion_model) by extensions ['ros']
[0.258s] colcon.colcon_core.package_identification Level 1 _identify(src/core/target/motion_model) by extension 'ros'
[0.259s] colcon.colcon_core.package_identification DEBUG Package 'src/core/target/motion_model' with type 'ros.ament_cmake' and name 'motion_model'
[0.259s] colcon.colcon_core.package_identification Level 1 _identify(src/core/target/predictor) by extensions ['ignore', 'ignore_ament_install']
[0.259s] colcon.colcon_core.package_identification Level 1 _identify(src/core/target/predictor) by extension 'ignore'
[0.259s] colcon.colcon_core.package_identification Level 1 _identify(src/core/target/predictor) by extension 'ignore_ament_install'
[0.259s] colcon.colcon_core.package_identification Level 1 _identify(src/core/target/predictor) by extensions ['colcon_pkg']
[0.259s] colcon.colcon_core.package_identification Level 1 _identify(src/core/target/predictor) by extension 'colcon_pkg'
[0.259s] colcon.colcon_core.package_identification Level 1 _identify(src/core/target/predictor) by extensions ['colcon_meta']
[0.259s] colcon.colcon_core.package_identification Level 1 _identify(src/core/target/predictor) by extension 'colcon_meta'
[0.259s] colcon.colcon_core.package_identification Level 1 _identify(src/core/target/predictor) by extensions ['ros']
[0.259s] colcon.colcon_core.package_identification Level 1 _identify(src/core/target/predictor) by extension 'ros'
[0.261s] colcon.colcon_core.package_identification DEBUG Package 'src/core/target/predictor' with type 'ros.ament_cmake' and name 'predictor'
[0.261s] colcon.colcon_core.package_identification Level 1 _identify(src/core/tracker) by extensions ['ignore', 'ignore_ament_install']
[0.261s] colcon.colcon_core.package_identification Level 1 _identify(src/core/tracker) by extension 'ignore'
[0.261s] colcon.colcon_core.package_identification Level 1 _identify(src/core/tracker) by extension 'ignore_ament_install'
[0.261s] colcon.colcon_core.package_identification Level 1 _identify(src/core/tracker) by extensions ['colcon_pkg']
[0.261s] colcon.colcon_core.package_identification Level 1 _identify(src/core/tracker) by extension 'colcon_pkg'
[0.261s] colcon.colcon_core.package_identification Level 1 _identify(src/core/tracker) by extensions ['colcon_meta']
[0.261s] colcon.colcon_core.package_identification Level 1 _identify(src/core/tracker) by extension 'colcon_meta'
[0.261s] colcon.colcon_core.package_identification Level 1 _identify(src/core/tracker) by extensions ['ros']
[0.261s] colcon.colcon_core.package_identification Level 1 _identify(src/core/tracker) by extension 'ros'
[0.262s] colcon.colcon_core.package_identification DEBUG Package 'src/core/tracker' with type 'ros.ament_cmake' and name 'tracker'
[0.262s] colcon.colcon_core.package_identification Level 1 _identify(src/core/utils) by extensions ['ignore', 'ignore_ament_install']
[0.262s] colcon.colcon_core.package_identification Level 1 _identify(src/core/utils) by extension 'ignore'
[0.262s] colcon.colcon_core.package_identification Level 1 _identify(src/core/utils) by extension 'ignore_ament_install'
[0.262s] colcon.colcon_core.package_identification Level 1 _identify(src/core/utils) by extensions ['colcon_pkg']
[0.262s] colcon.colcon_core.package_identification Level 1 _identify(src/core/utils) by extension 'colcon_pkg'
[0.262s] colcon.colcon_core.package_identification Level 1 _identify(src/core/utils) by extensions ['colcon_meta']
[0.262s] colcon.colcon_core.package_identification Level 1 _identify(src/core/utils) by extension 'colcon_meta'
[0.262s] colcon.colcon_core.package_identification Level 1 _identify(src/core/utils) by extensions ['ros']
[0.262s] colcon.colcon_core.package_identification Level 1 _identify(src/core/utils) by extension 'ros'
[0.263s] colcon.colcon_core.package_identification DEBUG Package 'src/core/utils' with type 'ros.ament_cmake' and name 'utils'
[0.263s] colcon.colcon_core.package_identification Level 1 _identify(src/io) by extensions ['ignore', 'ignore_ament_install']
[0.263s] colcon.colcon_core.package_identification Level 1 _identify(src/io) by extension 'ignore'
[0.263s] colcon.colcon_core.package_identification Level 1 _identify(src/io) by extension 'ignore_ament_install'
[0.263s] colcon.colcon_core.package_identification Level 1 _identify(src/io) by extensions ['colcon_pkg']
[0.263s] colcon.colcon_core.package_identification Level 1 _identify(src/io) by extension 'colcon_pkg'
[0.263s] colcon.colcon_core.package_identification Level 1 _identify(src/io) by extensions ['colcon_meta']
[0.263s] colcon.colcon_core.package_identification Level 1 _identify(src/io) by extension 'colcon_meta'
[0.263s] colcon.colcon_core.package_identification Level 1 _identify(src/io) by extensions ['ros']
[0.263s] colcon.colcon_core.package_identification Level 1 _identify(src/io) by extension 'ros'
[0.263s] colcon.colcon_core.package_identification Level 1 _identify(src/io) by extensions ['cmake', 'python']
[0.263s] colcon.colcon_core.package_identification Level 1 _identify(src/io) by extension 'cmake'
[0.264s] colcon.colcon_core.package_identification Level 1 _identify(src/io) by extension 'python'
[0.264s] colcon.colcon_core.package_identification Level 1 _identify(src/io) by extensions ['python_setup_py']
[0.264s] colcon.colcon_core.package_identification Level 1 _identify(src/io) by extension 'python_setup_py'
[0.264s] colcon.colcon_core.package_identification Level 1 _identify(src/io/cboard) by extensions ['ignore', 'ignore_ament_install']
[0.264s] colcon.colcon_core.package_identification Level 1 _identify(src/io/cboard) by extension 'ignore'
[0.264s] colcon.colcon_core.package_identification Level 1 _identify(src/io/cboard) by extension 'ignore_ament_install'
[0.264s] colcon.colcon_core.package_identification Level 1 _identify(src/io/cboard) by extensions ['colcon_pkg']
[0.264s] colcon.colcon_core.package_identification Level 1 _identify(src/io/cboard) by extension 'colcon_pkg'
[0.264s] colcon.colcon_core.package_identification Level 1 _identify(src/io/cboard) by extensions ['colcon_meta']
[0.264s] colcon.colcon_core.package_identification Level 1 _identify(src/io/cboard) by extension 'colcon_meta'
[0.264s] colcon.colcon_core.package_identification Level 1 _identify(src/io/cboard) by extensions ['ros']
[0.264s] colcon.colcon_core.package_identification Level 1 _identify(src/io/cboard) by extension 'ros'
[0.265s] colcon.colcon_core.package_identification DEBUG Package 'src/io/cboard' with type 'ros.ament_cmake' and name 'cboard'
[0.265s] colcon.colcon_core.package_identification Level 1 _identify(src/io/device) by extensions ['ignore', 'ignore_ament_install']
[0.265s] colcon.colcon_core.package_identification Level 1 _identify(src/io/device) by extension 'ignore'
[0.265s] colcon.colcon_core.package_identification Level 1 _identify(src/io/device) by extension 'ignore_ament_install'
[0.265s] colcon.colcon_core.package_identification Level 1 _identify(src/io/device) by extensions ['colcon_pkg']
[0.265s] colcon.colcon_core.package_identification Level 1 _identify(src/io/device) by extension 'colcon_pkg'
[0.265s] colcon.colcon_core.package_identification Level 1 _identify(src/io/device) by extensions ['colcon_meta']
[0.265s] colcon.colcon_core.package_identification Level 1 _identify(src/io/device) by extension 'colcon_meta'
[0.265s] colcon.colcon_core.package_identification Level 1 _identify(src/io/device) by extensions ['ros']
[0.265s] colcon.colcon_core.package_identification Level 1 _identify(src/io/device) by extension 'ros'
[0.265s] colcon.colcon_core.package_identification Level 1 _identify(src/io/device) by extensions ['cmake', 'python']
[0.265s] colcon.colcon_core.package_identification Level 1 _identify(src/io/device) by extension 'cmake'
[0.265s] colcon.colcon_core.package_identification Level 1 _identify(src/io/device) by extension 'python'
[0.265s] colcon.colcon_core.package_identification Level 1 _identify(src/io/device) by extensions ['python_setup_py']
[0.265s] colcon.colcon_core.package_identification Level 1 _identify(src/io/device) by extension 'python_setup_py'
[0.265s] colcon.colcon_core.package_identification Level 1 _identify(src/io/device/camera) by extensions ['ignore', 'ignore_ament_install']
[0.265s] colcon.colcon_core.package_identification Level 1 _identify(src/io/device/camera) by extension 'ignore'
[0.265s] colcon.colcon_core.package_identification Level 1 _identify(src/io/device/camera) by extension 'ignore_ament_install'
[0.265s] colcon.colcon_core.package_identification Level 1 _identify(src/io/device/camera) by extensions ['colcon_pkg']
[0.265s] colcon.colcon_core.package_identification Level 1 _identify(src/io/device/camera) by extension 'colcon_pkg'
[0.265s] colcon.colcon_core.package_identification Level 1 _identify(src/io/device/camera) by extensions ['colcon_meta']
[0.265s] colcon.colcon_core.package_identification Level 1 _identify(src/io/device/camera) by extension 'colcon_meta'
[0.265s] colcon.colcon_core.package_identification Level 1 _identify(src/io/device/camera) by extensions ['ros']
[0.265s] colcon.colcon_core.package_identification Level 1 _identify(src/io/device/camera) by extension 'ros'
[0.266s] colcon.colcon_core.package_identification DEBUG Package 'src/io/device/camera' with type 'ros.ament_cmake' and name 'hikvision'
[0.267s] colcon.colcon_core.package_identification Level 1 _identify(src/io/device/imu) by extensions ['ignore', 'ignore_ament_install']
[0.267s] colcon.colcon_core.package_identification Level 1 _identify(src/io/device/imu) by extension 'ignore'
[0.267s] colcon.colcon_core.package_identification Level 1 _identify(src/io/device/imu) by extension 'ignore_ament_install'
[0.267s] colcon.colcon_core.package_identification Level 1 _identify(src/io/device/imu) by extensions ['colcon_pkg']
[0.267s] colcon.colcon_core.package_identification Level 1 _identify(src/io/device/imu) by extension 'colcon_pkg'
[0.267s] colcon.colcon_core.package_identification Level 1 _identify(src/io/device/imu) by extensions ['colcon_meta']
[0.267s] colcon.colcon_core.package_identification Level 1 _identify(src/io/device/imu) by extension 'colcon_meta'
[0.267s] colcon.colcon_core.package_identification Level 1 _identify(src/io/device/imu) by extensions ['ros']
[0.267s] colcon.colcon_core.package_identification Level 1 _identify(src/io/device/imu) by extension 'ros'
[0.267s] colcon.colcon_core.package_identification DEBUG Package 'src/io/device/imu' with type 'ros.ament_cmake' and name 'dm_imu'
[0.267s] colcon.colcon_core.package_identification Level 1 _identify(src/io/gimbal) by extensions ['ignore', 'ignore_ament_install']
[0.267s] colcon.colcon_core.package_identification Level 1 _identify(src/io/gimbal) by extension 'ignore'
[0.267s] colcon.colcon_core.package_identification Level 1 _identify(src/io/gimbal) by extension 'ignore_ament_install'
[0.267s] colcon.colcon_core.package_identification Level 1 _identify(src/io/gimbal) by extensions ['colcon_pkg']
[0.267s] colcon.colcon_core.package_identification Level 1 _identify(src/io/gimbal) by extension 'colcon_pkg'
[0.268s] colcon.colcon_core.package_identification Level 1 _identify(src/io/gimbal) by extensions ['colcon_meta']
[0.268s] colcon.colcon_core.package_identification Level 1 _identify(src/io/gimbal) by extension 'colcon_meta'
[0.268s] colcon.colcon_core.package_identification Level 1 _identify(src/io/gimbal) by extensions ['ros']
[0.268s] colcon.colcon_core.package_identification Level 1 _identify(src/io/gimbal) by extension 'ros'
[0.268s] colcon.colcon_core.package_identification DEBUG Package 'src/io/gimbal' with type 'ros.ament_cmake' and name 'gimbal'
[0.268s] colcon.colcon_core.package_identification Level 1 _identify(src/io/serial) by extensions ['ignore', 'ignore_ament_install']
[0.268s] colcon.colcon_core.package_identification Level 1 _identify(src/io/serial) by extension 'ignore'
[0.268s] colcon.colcon_core.package_identification Level 1 _identify(src/io/serial) by extension 'ignore_ament_install'
[0.268s] colcon.colcon_core.package_identification Level 1 _identify(src/io/serial) by extensions ['colcon_pkg']
[0.268s] colcon.colcon_core.package_identification Level 1 _identify(src/io/serial) by extension 'colcon_pkg'
[0.268s] colcon.colcon_core.package_identification Level 1 _identify(src/io/serial) by extensions ['colcon_meta']
[0.268s] colcon.colcon_core.package_identification Level 1 _identify(src/io/serial) by extension 'colcon_meta'
[0.268s] colcon.colcon_core.package_identification Level 1 _identify(src/io/serial) by extensions ['ros']
[0.268s] colcon.colcon_core.package_identification Level 1 _identify(src/io/serial) by extension 'ros'
[0.269s] colcon.colcon_core.package_identification DEBUG Package 'src/io/serial' with type 'ros.ament_cmake' and name 'serial'
[0.269s] colcon.colcon_core.package_identification Level 1 _identify(src/launch) by extensions ['ignore', 'ignore_ament_install']
[0.269s] colcon.colcon_core.package_identification Level 1 _identify(src/launch) by extension 'ignore'
[0.269s] colcon.colcon_core.package_identification Level 1 _identify(src/launch) by extension 'ignore_ament_install'
[0.269s] colcon.colcon_core.package_identification Level 1 _identify(src/launch) by extensions ['colcon_pkg']
[0.269s] colcon.colcon_core.package_identification Level 1 _identify(src/launch) by extension 'colcon_pkg'
[0.269s] colcon.colcon_core.package_identification Level 1 _identify(src/launch) by extensions ['colcon_meta']
[0.269s] colcon.colcon_core.package_identification Level 1 _identify(src/launch) by extension 'colcon_meta'
[0.269s] colcon.colcon_core.package_identification Level 1 _identify(src/launch) by extensions ['ros']
[0.269s] colcon.colcon_core.package_identification Level 1 _identify(src/launch) by extension 'ros'
[0.270s] colcon.colcon_core.package_identification DEBUG Package 'src/launch' with type 'ros.ament_cmake' and name 'launch_node'
[0.270s] colcon.colcon_core.package_identification Level 1 _identify(src/model) by extensions ['ignore', 'ignore_ament_install']
[0.270s] colcon.colcon_core.package_identification Level 1 _identify(src/model) by extension 'ignore'
[0.270s] colcon.colcon_core.package_identification Level 1 _identify(src/model) by extension 'ignore_ament_install'
[0.270s] colcon.colcon_core.package_identification Level 1 _identify(src/model) by extensions ['colcon_pkg']
[0.270s] colcon.colcon_core.package_identification Level 1 _identify(src/model) by extension 'colcon_pkg'
[0.270s] colcon.colcon_core.package_identification Level 1 _identify(src/model) by extensions ['colcon_meta']
[0.270s] colcon.colcon_core.package_identification Level 1 _identify(src/model) by extension 'colcon_meta'
[0.270s] colcon.colcon_core.package_identification Level 1 _identify(src/model) by extensions ['ros']
[0.270s] colcon.colcon_core.package_identification Level 1 _identify(src/model) by extension 'ros'
[0.270s] colcon.colcon_core.package_identification Level 1 _identify(src/model) by extensions ['cmake', 'python']
[0.270s] colcon.colcon_core.package_identification Level 1 _identify(src/model) by extension 'cmake'
[0.270s] colcon.colcon_core.package_identification Level 1 _identify(src/model) by extension 'python'
[0.270s] colcon.colcon_core.package_identification Level 1 _identify(src/model) by extensions ['python_setup_py']
[0.270s] colcon.colcon_core.package_identification Level 1 _identify(src/model) by extension 'python_setup_py'
[0.270s] colcon.colcon_core.package_identification Level 1 _identify(src/node) by extensions ['ignore', 'ignore_ament_install']
[0.271s] colcon.colcon_core.package_identification Level 1 _identify(src/node) by extension 'ignore'
[0.271s] colcon.colcon_core.package_identification Level 1 _identify(src/node) by extension 'ignore_ament_install'
[0.271s] colcon.colcon_core.package_identification Level 1 _identify(src/node) by extensions ['colcon_pkg']
[0.271s] colcon.colcon_core.package_identification Level 1 _identify(src/node) by extension 'colcon_pkg'
[0.271s] colcon.colcon_core.package_identification Level 1 _identify(src/node) by extensions ['colcon_meta']
[0.271s] colcon.colcon_core.package_identification Level 1 _identify(src/node) by extension 'colcon_meta'
[0.271s] colcon.colcon_core.package_identification Level 1 _identify(src/node) by extensions ['ros']
[0.271s] colcon.colcon_core.package_identification Level 1 _identify(src/node) by extension 'ros'
[0.272s] colcon.colcon_core.package_identification DEBUG Package 'src/node' with type 'ros.ament_cmake' and name 'pipeline'
[0.272s] colcon.colcon_core.package_discovery Level 1 discover_packages(recursive) using defaults
[0.272s] colcon.colcon_core.package_discovery Level 1 discover_packages(ignore) discover
[0.272s] colcon.colcon_core.package_discovery Level 1 discover_packages(ignore) using defaults
[0.272s] colcon.colcon_core.package_discovery Level 1 discover_packages(path) discover
[0.272s] colcon.colcon_core.package_discovery Level 1 discover_packages(path) using defaults
[0.293s] colcon.colcon_core.package_selection INFO Skipping not selected package 'armor_pointer' in 'src/core/pointer'
[0.293s] colcon.colcon_core.package_selection INFO Skipping not selected package 'autoaim_msgs' in 'src/Messages'
[0.293s] colcon.colcon_core.package_selection INFO Skipping not selected package 'filter_lib' in 'src/core/algorithms'
[0.293s] colcon.colcon_core.package_selection INFO Skipping not selected package 'launch_node' in 'src/launch'
[0.293s] colcon.colcon_core.package_selection INFO Skipping not selected package 'utils' in 'src/core/utils'
[0.293s] colcon.colcon_core.package_selection INFO Skipping not selected package 'cboard' in 'src/io/cboard'
[0.293s] colcon.colcon_core.package_selection INFO Skipping not selected package 'detected' in 'src/core/detected'
[0.293s] colcon.colcon_core.package_selection INFO Skipping not selected package 'hikvision' in 'src/io/device/camera'
[0.293s] colcon.colcon_core.package_selection INFO Skipping not selected package 'motion_model' in 'src/core/target/motion_model'
[0.293s] colcon.colcon_core.package_selection INFO Skipping not selected package 'serial' in 'src/io/serial'
[0.293s] colcon.colcon_core.package_selection INFO Skipping not selected package 'dm_imu' in 'src/io/device/imu'
[0.293s] colcon.colcon_core.package_selection INFO Skipping not selected package 'gimbal' in 'src/io/gimbal'
[0.293s] colcon.colcon_core.package_selection INFO Skipping not selected package 'solver' in 'src/core/solver'
[0.293s] colcon.colcon_core.package_selection INFO Skipping not selected package 'predictor' in 'src/core/target/predictor'
[0.293s] colcon.colcon_core.package_selection INFO Skipping not selected package 'aimer' in 'src/core/aimer'
[0.293s] colcon.colcon_core.package_selection INFO Skipping not selected package 'planner' in 'src/core/planner'
[0.293s] colcon.colcon_core.package_selection INFO Skipping not selected package 'tracker' in 'src/core/tracker'
[0.294s] colcon.colcon_core.package_discovery Level 1 discover_packages(prefix_path) check parameters
[0.294s] colcon.colcon_core.package_discovery Level 1 discover_packages(prefix_path) discover
[0.296s] colcon.colcon_installed_package_information.package_discovery DEBUG Found 267 installed packages in /opt/ros/rolling
[0.297s] colcon.colcon_core.package_discovery Level 1 discover_packages(prefix_path) using defaults
[0.328s] colcon.colcon_core.verb Level 5 set package 'pipeline' build argument 'cmake_args' from command line to 'None'
[0.328s] colcon.colcon_core.verb Level 5 set package 'pipeline' build argument 'cmake_target' from command line to 'None'
[0.328s] colcon.colcon_core.verb Level 5 set package 'pipeline' build argument 'cmake_target_skip_unavailable' from command line to 'False'
[0.328s] colcon.colcon_core.verb Level 5 set package 'pipeline' build argument 'cmake_clean_cache' from command line to 'False'
[0.328s] colcon.colcon_core.verb Level 5 set package 'pipeline' build argument 'cmake_clean_first' from command line to 'False'
[0.328s] colcon.colcon_core.verb Level 5 set package 'pipeline' build argument 'cmake_force_configure' from command line to 'False'
[0.328s] colcon.colcon_core.verb Level 5 set package 'pipeline' build argument 'ament_cmake_args' from command line to 'None'
[0.328s] colcon.colcon_core.verb Level 5 set package 'pipeline' build argument 'catkin_cmake_args' from command line to 'None'
[0.328s] colcon.colcon_core.verb Level 5 set package 'pipeline' build argument 'catkin_skip_building_tests' from command line to 'False'
[0.328s] colcon.colcon_core.verb DEBUG Building package 'pipeline' with the following arguments: {'ament_cmake_args': None, 'build_base': '/home/guo/ITL_sentry_auto_new/build/pipeline', 'catkin_cmake_args': None, 'catkin_skip_building_tests': False, 'cmake_args': None, 'cmake_clean_cache': False, 'cmake_clean_first': False, 'cmake_force_configure': False, 'cmake_target': None, 'cmake_target_skip_unavailable': False, 'install_base': '/home/guo/ITL_sentry_auto_new/install/pipeline', 'merge_install': False, 'path': '/home/guo/ITL_sentry_auto_new/src/node', 'symlink_install': False, 'test_result_base': None}
[0.329s] colcon.colcon_core.executor INFO Executing jobs using 'parallel' executor
[0.330s] colcon.colcon_parallel_executor.executor.parallel DEBUG run_until_complete
[0.330s] colcon.colcon_ros.task.ament_cmake.build INFO Building ROS package in '/home/guo/ITL_sentry_auto_new/src/node' with build type 'ament_cmake'
[0.330s] colcon.colcon_cmake.task.cmake.build INFO Building CMake package in '/home/guo/ITL_sentry_auto_new/src/node'
[0.332s] colcon.colcon_core.plugin_system INFO Skipping extension 'colcon_core.shell.bat': Not used on non-Windows systems
[0.332s] colcon.colcon_core.shell INFO Skip shell extension 'powershell' for command environment: Not usable outside of PowerShell
[0.332s] colcon.colcon_core.shell DEBUG Skip shell extension 'dsv' for command environment
[0.378s] colcon.colcon_core.event_handler.log_command DEBUG Invoking command in '/home/guo/ITL_sentry_auto_new/build/pipeline': AMENT_PREFIX_PATH=/home/guo/ITL_sentry_auto_new/install/tracker:/home/guo/ITL_sentry_auto_new/install/aimer:/home/guo/ITL_sentry_auto_new/install/predictor:/home/guo/ITL_sentry_auto_new/install/solver:/home/guo/ITL_sentry_auto_new/install/gimbal:/home/guo/ITL_sentry_auto_new/install/dm_imu:/home/guo/ITL_sentry_auto_new/install/serial:/home/guo/ITL_sentry_auto_new/install/motion_model:/home/guo/ITL_sentry_auto_new/install/hikvision:/home/guo/ITL_sentry_auto_new/install/detected:/home/guo/ITL_sentry_auto_new/install/cboard:/home/guo/ITL_sentry_auto_new/install/utils:/home/guo/ITL_sentry_auto_new/install/filter_lib:/home/guo/ITL_sentry_auto_new/install/autoaim_msgs:${AMENT_PREFIX_PATH} CMAKE_PREFIX_PATH=/home/guo/ITL_sentry_auto_new/install/tracker:/home/guo/ITL_sentry_auto_new/install/aimer:/home/guo/ITL_sentry_auto_new/install/predictor:/home/guo/ITL_sentry_auto_new/install/solver:/home/guo/ITL_sentry_auto_new/install/gimbal:/home/guo/ITL_sentry_auto_new/install/dm_imu:/home/guo/ITL_sentry_auto_new/install/serial:/home/guo/ITL_sentry_auto_new/install/motion_model:/home/guo/ITL_sentry_auto_new/install/hikvision:/home/guo/ITL_sentry_auto_new/install/detected:/home/guo/ITL_sentry_auto_new/install/cboard:/home/guo/ITL_sentry_auto_new/install/utils:/home/guo/ITL_sentry_auto_new/install/filter_lib:/home/guo/ITL_sentry_auto_new/install/autoaim_msgs:/opt/ros/rolling LD_LIBRARY_PATH=/home/guo/ITL_sentry_auto_new/install/tracker/lib:/home/guo/ITL_sentry_auto_new/install/aimer/lib:/home/guo/ITL_sentry_auto_new/install/predictor/lib:/home/guo/ITL_sentry_auto_new/install/solver/lib:/home/guo/ITL_sentry_auto_new/install/gimbal/lib:/home/guo/ITL_sentry_auto_new/install/dm_imu/lib:/home/guo/ITL_sentry_auto_new/install/serial/lib:/home/guo/ITL_sentry_auto_new/install/motion_model/lib:/home/guo/ITL_sentry_auto_new/install/hikvision/lib:/home/guo/ITL_sentry_auto_new/install/detected/lib:/home/guo/ITL_sentry_auto_new/install/cboard/lib:/home/guo/ITL_sentry_auto_new/install/utils/lib:/home/guo/ITL_sentry_auto_new/install/filter_lib/lib:/home/guo/ITL_sentry_auto_new/install/autoaim_msgs/lib:/opt/MVS/lib/64:/opt/MVS/lib/32:/opt/MVS/lib/64:/opt/MVS/lib/32 PYTHONPATH=/home/guo/ITL_sentry_auto_new/install/autoaim_msgs/lib/python3.10/site-packages:${PYTHONPATH} /usr/local/bin/cmake --build /home/guo/ITL_sentry_auto_new/build/pipeline -- -j24 -l24
[30.352s] colcon.colcon_core.event_handler.log_command DEBUG Invoked command in '/home/guo/ITL_sentry_auto_new/build/pipeline' returned '0': AMENT_PREFIX_PATH=/home/guo/ITL_sentry_auto_new/install/tracker:/home/guo/ITL_sentry_auto_new/install/aimer:/home/guo/ITL_sentry_auto_new/install/predictor:/home/guo/ITL_sentry_auto_new/install/solver:/home/guo/ITL_sentry_auto_new/install/gimbal:/home/guo/ITL_sentry_auto_new/install/dm_imu:/home/guo/ITL_sentry_auto_new/install/serial:/home/guo/ITL_sentry_auto_new/install/motion_model:/home/guo/ITL_sentry_auto_new/install/hikvision:/home/guo/ITL_sentry_auto_new/install/detected:/home/guo/ITL_sentry_auto_new/install/cboard:/home/guo/ITL_sentry_auto_new/install/utils:/home/guo/ITL_sentry_auto_new/install/filter_lib:/home/guo/ITL_sentry_auto_new/install/autoaim_msgs:${AMENT_PREFIX_PATH} CMAKE_PREFIX_PATH=/home/guo/ITL_sentry_auto_new/install/tracker:/home/guo/ITL_sentry_auto_new/install/aimer:/home/guo/ITL_sentry_auto_new/install/predictor:/home/guo/ITL_sentry_auto_new/install/solver:/home/guo/ITL_sentry_auto_new/install/gimbal:/home/guo/ITL_sentry_auto_new/install/dm_imu:/home/guo/ITL_sentry_auto_new/install/serial:/home/guo/ITL_sentry_auto_new/install/motion_model:/home/guo/ITL_sentry_auto_new/install/hikvision:/home/guo/ITL_sentry_auto_new/install/detected:/home/guo/ITL_sentry_auto_new/install/cboard:/home/guo/ITL_sentry_auto_new/install/utils:/home/guo/ITL_sentry_auto_new/install/filter_lib:/home/guo/ITL_sentry_auto_new/install/autoaim_msgs:/opt/ros/rolling LD_LIBRARY_PATH=/home/guo/ITL_sentry_auto_new/install/tracker/lib:/home/guo/ITL_sentry_auto_new/install/aimer/lib:/home/guo/ITL_sentry_auto_new/install/predictor/lib:/home/guo/ITL_sentry_auto_new/install/solver/lib:/home/guo/ITL_sentry_auto_new/install/gimbal/lib:/home/guo/ITL_sentry_auto_new/install/dm_imu/lib:/home/guo/ITL_sentry_auto_new/install/serial/lib:/home/guo/ITL_sentry_auto_new/install/motion_model/lib:/home/guo/ITL_sentry_auto_new/install/hikvision/lib:/home/guo/ITL_sentry_auto_new/install/detected/lib:/home/guo/ITL_sentry_auto_new/install/cboard/lib:/home/guo/ITL_sentry_auto_new/install/utils/lib:/home/guo/ITL_sentry_auto_new/install/filter_lib/lib:/home/guo/ITL_sentry_auto_new/install/autoaim_msgs/lib:/opt/MVS/lib/64:/opt/MVS/lib/32:/opt/MVS/lib/64:/opt/MVS/lib/32 PYTHONPATH=/home/guo/ITL_sentry_auto_new/install/autoaim_msgs/lib/python3.10/site-packages:${PYTHONPATH} /usr/local/bin/cmake --build /home/guo/ITL_sentry_auto_new/build/pipeline -- -j24 -l24
[30.359s] colcon.colcon_core.event_handler.log_command DEBUG Invoking command in '/home/guo/ITL_sentry_auto_new/build/pipeline': AMENT_PREFIX_PATH=/home/guo/ITL_sentry_auto_new/install/tracker:/home/guo/ITL_sentry_auto_new/install/aimer:/home/guo/ITL_sentry_auto_new/install/predictor:/home/guo/ITL_sentry_auto_new/install/solver:/home/guo/ITL_sentry_auto_new/install/gimbal:/home/guo/ITL_sentry_auto_new/install/dm_imu:/home/guo/ITL_sentry_auto_new/install/serial:/home/guo/ITL_sentry_auto_new/install/motion_model:/home/guo/ITL_sentry_auto_new/install/hikvision:/home/guo/ITL_sentry_auto_new/install/detected:/home/guo/ITL_sentry_auto_new/install/cboard:/home/guo/ITL_sentry_auto_new/install/utils:/home/guo/ITL_sentry_auto_new/install/filter_lib:/home/guo/ITL_sentry_auto_new/install/autoaim_msgs:${AMENT_PREFIX_PATH} CMAKE_PREFIX_PATH=/home/guo/ITL_sentry_auto_new/install/tracker:/home/guo/ITL_sentry_auto_new/install/aimer:/home/guo/ITL_sentry_auto_new/install/predictor:/home/guo/ITL_sentry_auto_new/install/solver:/home/guo/ITL_sentry_auto_new/install/gimbal:/home/guo/ITL_sentry_auto_new/install/dm_imu:/home/guo/ITL_sentry_auto_new/install/serial:/home/guo/ITL_sentry_auto_new/install/motion_model:/home/guo/ITL_sentry_auto_new/install/hikvision:/home/guo/ITL_sentry_auto_new/install/detected:/home/guo/ITL_sentry_auto_new/install/cboard:/home/guo/ITL_sentry_auto_new/install/utils:/home/guo/ITL_sentry_auto_new/install/filter_lib:/home/guo/ITL_sentry_auto_new/install/autoaim_msgs:/opt/ros/rolling LD_LIBRARY_PATH=/home/guo/ITL_sentry_auto_new/install/tracker/lib:/home/guo/ITL_sentry_auto_new/install/aimer/lib:/home/guo/ITL_sentry_auto_new/install/predictor/lib:/home/guo/ITL_sentry_auto_new/install/solver/lib:/home/guo/ITL_sentry_auto_new/install/gimbal/lib:/home/guo/ITL_sentry_auto_new/install/dm_imu/lib:/home/guo/ITL_sentry_auto_new/install/serial/lib:/home/guo/ITL_sentry_auto_new/install/motion_model/lib:/home/guo/ITL_sentry_auto_new/install/hikvision/lib:/home/guo/ITL_sentry_auto_new/install/detected/lib:/home/guo/ITL_sentry_auto_new/install/cboard/lib:/home/guo/ITL_sentry_auto_new/install/utils/lib:/home/guo/ITL_sentry_auto_new/install/filter_lib/lib:/home/guo/ITL_sentry_auto_new/install/autoaim_msgs/lib:/opt/MVS/lib/64:/opt/MVS/lib/32:/opt/MVS/lib/64:/opt/MVS/lib/32 PYTHONPATH=/home/guo/ITL_sentry_auto_new/install/autoaim_msgs/lib/python3.10/site-packages:${PYTHONPATH} /usr/local/bin/cmake --install /home/guo/ITL_sentry_auto_new/build/pipeline
[30.374s] colcon.colcon_core.environment Level 1 create_environment_scripts_only(pipeline)
[30.374s] colcon.colcon_core.event_handler.log_command DEBUG Invoked command in '/home/guo/ITL_sentry_auto_new/build/pipeline' returned '0': AMENT_PREFIX_PATH=/home/guo/ITL_sentry_auto_new/install/tracker:/home/guo/ITL_sentry_auto_new/install/aimer:/home/guo/ITL_sentry_auto_new/install/predictor:/home/guo/ITL_sentry_auto_new/install/solver:/home/guo/ITL_sentry_auto_new/install/gimbal:/home/guo/ITL_sentry_auto_new/install/dm_imu:/home/guo/ITL_sentry_auto_new/install/serial:/home/guo/ITL_sentry_auto_new/install/motion_model:/home/guo/ITL_sentry_auto_new/install/hikvision:/home/guo/ITL_sentry_auto_new/install/detected:/home/guo/ITL_sentry_auto_new/install/cboard:/home/guo/ITL_sentry_auto_new/install/utils:/home/guo/ITL_sentry_auto_new/install/filter_lib:/home/guo/ITL_sentry_auto_new/install/autoaim_msgs:${AMENT_PREFIX_PATH} CMAKE_PREFIX_PATH=/home/guo/ITL_sentry_auto_new/install/tracker:/home/guo/ITL_sentry_auto_new/install/aimer:/home/guo/ITL_sentry_auto_new/install/predictor:/home/guo/ITL_sentry_auto_new/install/solver:/home/guo/ITL_sentry_auto_new/install/gimbal:/home/guo/ITL_sentry_auto_new/install/dm_imu:/home/guo/ITL_sentry_auto_new/install/serial:/home/guo/ITL_sentry_auto_new/install/motion_model:/home/guo/ITL_sentry_auto_new/install/hikvision:/home/guo/ITL_sentry_auto_new/install/detected:/home/guo/ITL_sentry_auto_new/install/cboard:/home/guo/ITL_sentry_auto_new/install/utils:/home/guo/ITL_sentry_auto_new/install/filter_lib:/home/guo/ITL_sentry_auto_new/install/autoaim_msgs:/opt/ros/rolling LD_LIBRARY_PATH=/home/guo/ITL_sentry_auto_new/install/tracker/lib:/home/guo/ITL_sentry_auto_new/install/aimer/lib:/home/guo/ITL_sentry_auto_new/install/predictor/lib:/home/guo/ITL_sentry_auto_new/install/solver/lib:/home/guo/ITL_sentry_auto_new/install/gimbal/lib:/home/guo/ITL_sentry_auto_new/install/dm_imu/lib:/home/guo/ITL_sentry_auto_new/install/serial/lib:/home/guo/ITL_sentry_auto_new/install/motion_model/lib:/home/guo/ITL_sentry_auto_new/install/hikvision/lib:/home/guo/ITL_sentry_auto_new/install/detected/lib:/home/guo/ITL_sentry_auto_new/install/cboard/lib:/home/guo/ITL_sentry_auto_new/install/utils/lib:/home/guo/ITL_sentry_auto_new/install/filter_lib/lib:/home/guo/ITL_sentry_auto_new/install/autoaim_msgs/lib:/opt/MVS/lib/64:/opt/MVS/lib/32:/opt/MVS/lib/64:/opt/MVS/lib/32 PYTHONPATH=/home/guo/ITL_sentry_auto_new/install/autoaim_msgs/lib/python3.10/site-packages:${PYTHONPATH} /usr/local/bin/cmake --install /home/guo/ITL_sentry_auto_new/build/pipeline
[30.376s] colcon.colcon_core.environment Level 1 checking '/home/guo/ITL_sentry_auto_new/install/pipeline' for CMake module files
[30.377s] colcon.colcon_core.environment Level 1 checking '/home/guo/ITL_sentry_auto_new/install/pipeline' for CMake config files
[30.377s] colcon.colcon_core.shell Level 1 create_environment_hook('pipeline', 'cmake_prefix_path')
[30.377s] colcon.colcon_core.shell INFO Creating environment hook '/home/guo/ITL_sentry_auto_new/install/pipeline/share/pipeline/hook/cmake_prefix_path.ps1'
[30.378s] colcon.colcon_core.shell INFO Creating environment descriptor '/home/guo/ITL_sentry_auto_new/install/pipeline/share/pipeline/hook/cmake_prefix_path.dsv'
[30.378s] colcon.colcon_core.shell INFO Creating environment hook '/home/guo/ITL_sentry_auto_new/install/pipeline/share/pipeline/hook/cmake_prefix_path.sh'
[30.379s] colcon.colcon_core.environment Level 1 checking '/home/guo/ITL_sentry_auto_new/install/pipeline/lib'
[30.379s] colcon.colcon_core.environment Level 1 checking '/home/guo/ITL_sentry_auto_new/install/pipeline/bin'
[30.379s] colcon.colcon_core.environment Level 1 checking '/home/guo/ITL_sentry_auto_new/install/pipeline/lib/pkgconfig/pipeline.pc'
[30.380s] colcon.colcon_core.environment Level 1 checking '/home/guo/ITL_sentry_auto_new/install/pipeline/lib/python3.10/site-packages'
[30.380s] colcon.colcon_core.environment Level 1 checking '/home/guo/ITL_sentry_auto_new/install/pipeline/bin'
[30.380s] colcon.colcon_core.shell INFO Creating package script '/home/guo/ITL_sentry_auto_new/install/pipeline/share/pipeline/package.ps1'
[30.381s] colcon.colcon_core.shell INFO Creating package descriptor '/home/guo/ITL_sentry_auto_new/install/pipeline/share/pipeline/package.dsv'
[30.381s] colcon.colcon_core.shell INFO Creating package script '/home/guo/ITL_sentry_auto_new/install/pipeline/share/pipeline/package.sh'
[30.382s] colcon.colcon_core.shell INFO Creating package script '/home/guo/ITL_sentry_auto_new/install/pipeline/share/pipeline/package.bash'
[30.383s] colcon.colcon_core.shell INFO Creating package script '/home/guo/ITL_sentry_auto_new/install/pipeline/share/pipeline/package.zsh'
[30.384s] colcon.colcon_core.environment Level 1 create_file_with_runtime_dependencies(/home/guo/ITL_sentry_auto_new/install/pipeline/share/colcon-core/packages/pipeline)
[30.384s] colcon.colcon_core.environment Level 1 create_environment_scripts_only(pipeline)
[30.384s] colcon.colcon_core.environment Level 1 checking '/home/guo/ITL_sentry_auto_new/install/pipeline' for CMake module files
[30.385s] colcon.colcon_core.environment Level 1 checking '/home/guo/ITL_sentry_auto_new/install/pipeline' for CMake config files
[30.385s] colcon.colcon_core.shell Level 1 create_environment_hook('pipeline', 'cmake_prefix_path')
[30.385s] colcon.colcon_core.shell INFO Creating environment hook '/home/guo/ITL_sentry_auto_new/install/pipeline/share/pipeline/hook/cmake_prefix_path.ps1'
[30.385s] colcon.colcon_core.shell INFO Creating environment descriptor '/home/guo/ITL_sentry_auto_new/install/pipeline/share/pipeline/hook/cmake_prefix_path.dsv'
[30.386s] colcon.colcon_core.shell INFO Creating environment hook '/home/guo/ITL_sentry_auto_new/install/pipeline/share/pipeline/hook/cmake_prefix_path.sh'
[30.386s] colcon.colcon_core.environment Level 1 checking '/home/guo/ITL_sentry_auto_new/install/pipeline/lib'
[30.386s] colcon.colcon_core.environment Level 1 checking '/home/guo/ITL_sentry_auto_new/install/pipeline/bin'
[30.386s] colcon.colcon_core.environment Level 1 checking '/home/guo/ITL_sentry_auto_new/install/pipeline/lib/pkgconfig/pipeline.pc'
[30.386s] colcon.colcon_core.environment Level 1 checking '/home/guo/ITL_sentry_auto_new/install/pipeline/lib/python3.10/site-packages'
[30.387s] colcon.colcon_core.environment Level 1 checking '/home/guo/ITL_sentry_auto_new/install/pipeline/bin'
[30.387s] colcon.colcon_core.shell INFO Creating package script '/home/guo/ITL_sentry_auto_new/install/pipeline/share/pipeline/package.ps1'
[30.387s] colcon.colcon_core.shell INFO Creating package descriptor '/home/guo/ITL_sentry_auto_new/install/pipeline/share/pipeline/package.dsv'
[30.388s] colcon.colcon_core.shell INFO Creating package script '/home/guo/ITL_sentry_auto_new/install/pipeline/share/pipeline/package.sh'
[30.388s] colcon.colcon_core.shell INFO Creating package script '/home/guo/ITL_sentry_auto_new/install/pipeline/share/pipeline/package.bash'
[30.388s] colcon.colcon_core.shell INFO Creating package script '/home/guo/ITL_sentry_auto_new/install/pipeline/share/pipeline/package.zsh'
[30.389s] colcon.colcon_core.environment Level 1 create_file_with_runtime_dependencies(/home/guo/ITL_sentry_auto_new/install/pipeline/share/colcon-core/packages/pipeline)
[30.389s] colcon.colcon_parallel_executor.executor.parallel DEBUG closing loop
[30.389s] colcon.colcon_parallel_executor.executor.parallel DEBUG loop closed
[30.389s] colcon.colcon_parallel_executor.executor.parallel DEBUG run_until_complete finished with '0'
[30.389s] colcon.colcon_core.event_reactor DEBUG joining thread
[30.396s] colcon.colcon_core.plugin_system INFO Skipping extension 'colcon_notification.desktop_notification.terminal_notifier': Not used on non-Darwin systems
[30.396s] colcon.colcon_core.plugin_system INFO Skipping extension 'colcon_notification.desktop_notification.win32': Not used on non-Windows systems
[30.396s] colcon.colcon_notification.desktop_notification INFO Sending desktop notification using 'notify2'
[30.396s] colcon.colcon_notification.desktop_notification.notify2 DEBUG Failed to initialize notify2: org.freedesktop.DBus.Error.AccessDenied: Failed to connect to socket /run/user/1000/bus: Operation not permitted
[30.396s] colcon.colcon_core.event_reactor DEBUG joined thread
[30.397s] colcon.colcon_core.shell INFO Creating prefix script '/home/guo/ITL_sentry_auto_new/install/local_setup.ps1'
[30.399s] colcon.colcon_core.shell INFO Creating prefix util module '/home/guo/ITL_sentry_auto_new/install/_local_setup_util_ps1.py'
[30.401s] colcon.colcon_core.shell INFO Creating prefix chain script '/home/guo/ITL_sentry_auto_new/install/setup.ps1'
[30.402s] colcon.colcon_core.shell INFO Creating prefix script '/home/guo/ITL_sentry_auto_new/install/local_setup.sh'
[30.403s] colcon.colcon_core.shell INFO Creating prefix util module '/home/guo/ITL_sentry_auto_new/install/_local_setup_util_sh.py'
[30.404s] colcon.colcon_core.shell INFO Creating prefix chain script '/home/guo/ITL_sentry_auto_new/install/setup.sh'
[30.406s] colcon.colcon_core.shell INFO Creating prefix script '/home/guo/ITL_sentry_auto_new/install/local_setup.bash'
[30.407s] colcon.colcon_core.shell INFO Creating prefix chain script '/home/guo/ITL_sentry_auto_new/install/setup.bash'
[30.408s] colcon.colcon_core.shell INFO Creating prefix script '/home/guo/ITL_sentry_auto_new/install/local_setup.zsh'
[30.409s] colcon.colcon_core.shell INFO Creating prefix chain script '/home/guo/ITL_sentry_auto_new/install/setup.zsh'
