-- The C compiler identification is GNU 11.4.0
-- The CXX compiler identification is GNU 11.4.0
-- Detecting C compiler ABI info
-- Detecting C compiler ABI info - done
-- Check for working C compiler: /usr/bin/cc - skipped
-- Detecting C compile features
-- Detecting C compile features - done
-- Detecting CXX compiler ABI info
-- Detecting CXX compiler ABI info - done
-- Check for working CXX compiler: /usr/bin/c++ - skipped
-- Detecting CXX compile features
-- Detecting CXX compile features - done
-- Found ament_cmake: 2.3.2 (/opt/ros/rolling/share/ament_cmake/cmake)
-- Found Python3: /usr/bin/python3.10 (found version "3.10.12") found components: Interpreter 
-- Performing Test CMAKE_HAVE_LIBC_PTHREAD
-- Performing Test CMAKE_HAVE_LIBC_PTHREAD - Success
-- Found Threads: TRUE  
-- Found AMD headers in: /usr/include/suitesparse
-- Found AMD library: /usr/lib/x86_64-linux-gnu/libamd.so
-- Found CAMD headers in: /usr/include/suitesparse
-- Found CAMD library: /usr/lib/x86_64-linux-gnu/libcamd.so
-- Found CCOLAMD headers in: /usr/include/suitesparse
-- Found CCOLAMD library: /usr/lib/x86_64-linux-gnu/libccolamd.so
-- Found CHOLMOD headers in: /usr/include/suitesparse
-- Found CHOLMOD library: /usr/lib/x86_64-linux-gnu/libcholmod.so
-- Found COLAMD headers in: /usr/include/suitesparse
-- Found COLAMD library: /usr/lib/x86_64-linux-gnu/libcolamd.so
-- Found SPQR headers in: /usr/include/suitesparse
-- Found SPQR library: /usr/lib/x86_64-linux-gnu/libspqr.so
-- Found Config headers in: /usr/include/suitesparse
-- Found Config library: /usr/lib/x86_64-linux-gnu/libsuitesparseconfig.so
-- Found Intel Thread Building Blocks (TBB) library (2021.5 / ) include location: . Assuming SuiteSparseQR was compiled with TBB.
-- Looking for shm_open in rt
-- Looking for shm_open in rt - found
-- Adding librt to SuiteSparse_config libraries (required on Linux & Unix [not OSX] if SuiteSparse is compiled with timing).
-- Could NOT find METIS (missing: METIS_INCLUDE_DIR METIS_LIBRARY) 
-- Found SuiteSparse: /usr/include/suitesparse (found suitable version "5.10.1", minimum required is "5.10.1") found components: AMD CAMD CCOLAMD CHOLMOD COLAMD SPQR Config 
-- Found CUDAToolkit: /usr/local/cuda/targets/x86_64-linux/include (found suitable version "12.4.99", minimum required is "12.4.99") 
-- Found required Ceres dependency: Eigen version 3.4.0 in /usr/share/eigen3/cmake
-- Found required Ceres dependency: glog
-- Found required Ceres dependency: gflags
-- Found Ceres version: 2.2.0 installed in: /usr/local with components: [EigenSparse, SparseLinearAlgebraLibrary, LAPACK, SuiteSparse, SchurSpecializations]
-- Configuring done (1.6s)
-- Generating done (0.0s)
-- Build files have been written to: /home/guo/ITL_sentry_auto_new/build/filter_lib
[ 20%] [32mBuilding CXX object CMakeFiles/filter_lib.dir/src/track_queue_v3.cpp.o[0m
[ 60%] [32mBuilding CXX object CMakeFiles/filter_lib.dir/src/decoupled_tracker.cpp.o[0m
[ 60%] [32mBuilding CXX object CMakeFiles/filter_lib.dir/src/track_queue_v4.cpp.o[0m
[ 80%] [32mBuilding CXX object CMakeFiles/filter_lib.dir/src/rotating_target_tracker.cpp.o[0m
[01m[K/home/guo/ITL_sentry_auto_new/src/core/algorithms/src/decoupled_tracker.cpp:[m[K In member function ‘[01m[Kvoid filter_lib::DecoupledTracker::applyCouplingCorrection(double)[m[K’:
[01m[K/home/guo/ITL_sentry_auto_new/src/core/algorithms/src/decoupled_tracker.cpp:407:55:[m[K [01;35m[Kwarning: [m[Kunused parameter ‘[01m[Kdt[m[K’ [[01;35m[K]8;;https://gcc.gnu.org/onlinedocs/gcc/Warning-Options.html#index-Wunused-parameter-Wunused-parameter]8;;[m[K]
  407 | void DecoupledTracker::applyCouplingCorrection([01;35m[Kdouble dt[m[K) {
      |                                                [01;35m[K~~~~~~~^~[m[K
[100%] [32m[1mLinking CXX static library libfilter_lib.a[0m
[100%] Built target filter_lib
-- Install configuration: ""
-- Installing: /home/guo/ITL_sentry_auto_new/install/filter_lib/share/filter_lib/environment/library_path.sh
-- Installing: /home/guo/ITL_sentry_auto_new/install/filter_lib/share/filter_lib/environment/library_path.dsv
-- Installing: /home/guo/ITL_sentry_auto_new/install/filter_lib/include
-- Installing: /home/guo/ITL_sentry_auto_new/install/filter_lib/include/base
-- Installing: /home/guo/ITL_sentry_auto_new/install/filter_lib/include/base/kalman.hpp
-- Installing: /home/guo/ITL_sentry_auto_new/install/filter_lib/include/base/filter.hpp
-- Installing: /home/guo/ITL_sentry_auto_new/install/filter_lib/include/base/ekf.hpp
-- Installing: /home/guo/ITL_sentry_auto_new/install/filter_lib/include/base/math.hpp
-- Installing: /home/guo/ITL_sentry_auto_new/install/filter_lib/include/base/slide_weighted_avg.hpp
-- Installing: /home/guo/ITL_sentry_auto_new/install/filter_lib/include/filter
-- Installing: /home/guo/ITL_sentry_auto_new/install/filter_lib/include/filter/rotating_target_tracker.hpp
-- Installing: /home/guo/ITL_sentry_auto_new/install/filter_lib/include/filter/track_queue_v4.hpp
-- Installing: /home/guo/ITL_sentry_auto_new/install/filter_lib/include/filter/decoupled_tracker.hpp
-- Installing: /home/guo/ITL_sentry_auto_new/install/filter_lib/include/filter/track_queue_v3.hpp
-- Installing: /home/guo/ITL_sentry_auto_new/install/filter_lib/lib/libfilter_lib.a
-- Installing: /home/guo/ITL_sentry_auto_new/install/filter_lib/share/ament_index/resource_index/package_run_dependencies/filter_lib
-- Installing: /home/guo/ITL_sentry_auto_new/install/filter_lib/share/ament_index/resource_index/parent_prefix_path/filter_lib
-- Installing: /home/guo/ITL_sentry_auto_new/install/filter_lib/share/filter_lib/environment/ament_prefix_path.sh
-- Installing: /home/guo/ITL_sentry_auto_new/install/filter_lib/share/filter_lib/environment/ament_prefix_path.dsv
-- Installing: /home/guo/ITL_sentry_auto_new/install/filter_lib/share/filter_lib/environment/path.sh
-- Installing: /home/guo/ITL_sentry_auto_new/install/filter_lib/share/filter_lib/environment/path.dsv
-- Installing: /home/guo/ITL_sentry_auto_new/install/filter_lib/share/filter_lib/local_setup.bash
-- Installing: /home/guo/ITL_sentry_auto_new/install/filter_lib/share/filter_lib/local_setup.sh
-- Installing: /home/guo/ITL_sentry_auto_new/install/filter_lib/share/filter_lib/local_setup.zsh
-- Installing: /home/guo/ITL_sentry_auto_new/install/filter_lib/share/filter_lib/local_setup.dsv
-- Installing: /home/guo/ITL_sentry_auto_new/install/filter_lib/share/filter_lib/package.dsv
-- Installing: /home/guo/ITL_sentry_auto_new/install/filter_lib/share/ament_index/resource_index/packages/filter_lib
-- Installing: /home/guo/ITL_sentry_auto_new/install/filter_lib/share/filter_lib/cmake/filter_libTargetsExport.cmake
-- Installing: /home/guo/ITL_sentry_auto_new/install/filter_lib/share/filter_lib/cmake/filter_libTargetsExport-noconfig.cmake
-- Installing: /home/guo/ITL_sentry_auto_new/install/filter_lib/share/filter_lib/cmake/ament_cmake_export_targets-extras.cmake
-- Installing: /home/guo/ITL_sentry_auto_new/install/filter_lib/share/filter_lib/cmake/ament_cmake_export_dependencies-extras.cmake
-- Installing: /home/guo/ITL_sentry_auto_new/install/filter_lib/share/filter_lib/cmake/filter_libConfig.cmake
-- Installing: /home/guo/ITL_sentry_auto_new/install/filter_lib/share/filter_lib/cmake/filter_libConfig-version.cmake
-- Installing: /home/guo/ITL_sentry_auto_new/install/filter_lib/share/filter_lib/package.xml
