[0.007s] Invoking command in '/home/guo/ITL_sentry_auto_new/build/utils': CMAKE_PREFIX_PATH=${CMAKE_PREFIX_PATH}:/opt/ros/rolling /usr/local/bin/cmake /home/guo/ITL_sentry_auto_new/src/utils -DCMAKE_INSTALL_PREFIX=/home/guo/ITL_sentry_auto_new/install/utils
[0.052s] -- The C compiler identification is GNU 11.4.0
[0.110s] -- The CXX compiler identification is GNU 11.4.0
[0.124s] -- Detecting C compiler ABI info
[0.188s] -- Detecting C compiler ABI info - done
[0.197s] -- Check for working C compiler: /usr/bin/cc - skipped
[0.197s] -- Detecting C compile features
[0.198s] -- Detecting C compile features - done
[0.205s] -- Detecting CXX compiler ABI info
[0.283s] -- Detecting CXX compiler ABI info - done
[0.292s] -- Check for working CXX compiler: /usr/bin/c++ - skipped
[0.292s] -- Detecting CXX compile features
[0.292s] -- Detecting CXX compile features - done
[0.294s] -- Found ament_cmake: 2.3.2 (/opt/ros/rolling/share/ament_cmake/cmake)
[0.625s] -- Found Python3: /usr/bin/python3.10 (found version "3.10.12") found components: Interpreter 
[0.688s] -- Found rclcpp: 27.0.0 (/opt/ros/rolling/share/rclcpp/cmake)
[0.717s] -- Found rosidl_generator_c: 4.5.1 (/opt/ros/rolling/share/rosidl_generator_c/cmake)
[0.727s] -- Found rosidl_generator_cpp: 4.5.1 (/opt/ros/rolling/share/rosidl_generator_cpp/cmake)
[0.740s] -- Using all available rosidl_typesupport_c: rosidl_typesupport_fastrtps_c;rosidl_typesupport_introspection_c
[0.756s] -- Using all available rosidl_typesupport_cpp: rosidl_typesupport_fastrtps_cpp;rosidl_typesupport_introspection_cpp
[0.895s] -- Found rmw_implementation_cmake: 7.3.0 (/opt/ros/rolling/share/rmw_implementation_cmake/cmake)
[0.897s] -- Found rmw_fastrtps_cpp: 8.2.0 (/opt/ros/rolling/share/rmw_fastrtps_cpp/cmake)
[0.972s] -- Found OpenSSL: /usr/lib/x86_64-linux-gnu/libcrypto.so (found version "3.0.2")  
[0.998s] -- Found FastRTPS: /opt/ros/rolling/include  
[1.035s] -- Using RMW implementation 'rmw_fastrtps_cpp' as default
[1.215s] -- Found OpenCV: /usr (found version "4.5.4") 
[1.278s] -- Configuring done (1.3s)
[1.289s] -- Generating done (0.0s)
[1.291s] -- Build files have been written to: /home/guo/ITL_sentry_auto_new/build/utils
[1.298s] Invoked command in '/home/guo/ITL_sentry_auto_new/build/utils' returned '0': CMAKE_PREFIX_PATH=${CMAKE_PREFIX_PATH}:/opt/ros/rolling /usr/local/bin/cmake /home/guo/ITL_sentry_auto_new/src/utils -DCMAKE_INSTALL_PREFIX=/home/guo/ITL_sentry_auto_new/install/utils
[1.300s] Invoking command in '/home/guo/ITL_sentry_auto_new/build/utils': CMAKE_PREFIX_PATH=${CMAKE_PREFIX_PATH}:/opt/ros/rolling /usr/local/bin/cmake --build /home/guo/ITL_sentry_auto_new/build/utils -- -j24 -l24
[1.318s] [ 16%] [32mBuilding CXX object CMakeFiles/utils.dir/src/math_tools.cpp.o[0m
[1.318s] [ 33%] [32mBuilding CXX object CMakeFiles/utils.dir/src/logger.cpp.o[0m
[1.318s] [ 50%] [32mBuilding CXX object CMakeFiles/utils.dir/src/trajectory.cpp.o[0m
[1.319s] [ 66%] [32mBuilding CXX object CMakeFiles/utils.dir/src/crc.cpp.o[0m
[1.320s] [ 83%] [32mBuilding CXX object CMakeFiles/utils.dir/src/video.cpp.o[0m
[5.237s] [100%] [32m[1mLinking CXX static library libutils.a[0m
[5.322s] [100%] Built target utils
[5.328s] Invoked command in '/home/guo/ITL_sentry_auto_new/build/utils' returned '0': CMAKE_PREFIX_PATH=${CMAKE_PREFIX_PATH}:/opt/ros/rolling /usr/local/bin/cmake --build /home/guo/ITL_sentry_auto_new/build/utils -- -j24 -l24
[5.330s] Invoking command in '/home/guo/ITL_sentry_auto_new/build/utils': CMAKE_PREFIX_PATH=${CMAKE_PREFIX_PATH}:/opt/ros/rolling /usr/local/bin/cmake --install /home/guo/ITL_sentry_auto_new/build/utils
[5.332s] -- Install configuration: ""
[5.333s] -- Installing: /home/guo/ITL_sentry_auto_new/install/utils/share/utils/environment/library_path.sh
[5.333s] -- Installing: /home/guo/ITL_sentry_auto_new/install/utils/share/utils/environment/library_path.dsv
[5.333s] -- Installing: /home/guo/ITL_sentry_auto_new/install/utils/include
[5.333s] -- Installing: /home/guo/ITL_sentry_auto_new/install/utils/include/draw_tools.hpp
[5.333s] -- Installing: /home/guo/ITL_sentry_auto_new/install/utils/include/thread_safe_queue.hpp
[5.333s] -- Installing: /home/guo/ITL_sentry_auto_new/install/utils/include/math_tools.hpp
[5.333s] -- Installing: /home/guo/ITL_sentry_auto_new/install/utils/include/video.hpp
[5.333s] -- Installing: /home/guo/ITL_sentry_auto_new/install/utils/include/yaml.hpp
[5.334s] -- Installing: /home/guo/ITL_sentry_auto_new/install/utils/include/detector_tools.hpp
[5.334s] -- Installing: /home/guo/ITL_sentry_auto_new/install/utils/include/trajectory.hpp
[5.334s] -- Installing: /home/guo/ITL_sentry_auto_new/install/utils/include/performance_monitor.hpp
[5.334s] -- Installing: /home/guo/ITL_sentry_auto_new/install/utils/include/logger.hpp
[5.334s] -- Installing: /home/guo/ITL_sentry_auto_new/install/utils/include/crc.hpp
[5.334s] -- Installing: /home/guo/ITL_sentry_auto_new/install/utils/include/roi_tools.hpp
[5.334s] -- Installing: /home/guo/ITL_sentry_auto_new/install/utils/lib/libutils.a
[5.341s] -- Installing: /home/guo/ITL_sentry_auto_new/install/utils/share/utils/cmake/utilsTargets.cmake
[5.341s] -- Installing: /home/guo/ITL_sentry_auto_new/install/utils/share/utils/cmake/utilsTargets-noconfig.cmake
[5.341s] -- Installing: /home/guo/ITL_sentry_auto_new/install/utils/share/ament_index/resource_index/package_run_dependencies/utils
[5.342s] -- Installing: /home/guo/ITL_sentry_auto_new/install/utils/share/ament_index/resource_index/parent_prefix_path/utils
[5.342s] -- Installing: /home/guo/ITL_sentry_auto_new/install/utils/share/utils/environment/ament_prefix_path.sh
[5.342s] -- Installing: /home/guo/ITL_sentry_auto_new/install/utils/share/utils/environment/ament_prefix_path.dsv
[5.342s] -- Installing: /home/guo/ITL_sentry_auto_new/install/utils/share/utils/environment/path.sh
[5.342s] -- Installing: /home/guo/ITL_sentry_auto_new/install/utils/share/utils/environment/path.dsv
[5.342s] -- Installing: /home/guo/ITL_sentry_auto_new/install/utils/share/utils/local_setup.bash
[5.342s] -- Installing: /home/guo/ITL_sentry_auto_new/install/utils/share/utils/local_setup.sh
[5.342s] -- Installing: /home/guo/ITL_sentry_auto_new/install/utils/share/utils/local_setup.zsh
[5.342s] -- Installing: /home/guo/ITL_sentry_auto_new/install/utils/share/utils/local_setup.dsv
[5.342s] -- Installing: /home/guo/ITL_sentry_auto_new/install/utils/share/utils/package.dsv
[5.342s] -- Installing: /home/guo/ITL_sentry_auto_new/install/utils/share/ament_index/resource_index/packages/utils
[5.342s] -- Installing: /home/guo/ITL_sentry_auto_new/install/utils/share/utils/cmake/utilsTargetsExport.cmake
[5.342s] -- Installing: /home/guo/ITL_sentry_auto_new/install/utils/share/utils/cmake/utilsTargetsExport-noconfig.cmake
[5.342s] -- Installing: /home/guo/ITL_sentry_auto_new/install/utils/share/utils/cmake/ament_cmake_export_include_directories-extras.cmake
[5.342s] -- Installing: /home/guo/ITL_sentry_auto_new/install/utils/share/utils/cmake/ament_cmake_export_libraries-extras.cmake
[5.342s] -- Installing: /home/guo/ITL_sentry_auto_new/install/utils/share/utils/cmake/ament_cmake_export_dependencies-extras.cmake
[5.342s] -- Installing: /home/guo/ITL_sentry_auto_new/install/utils/share/utils/cmake/ament_cmake_export_targets-extras.cmake
[5.342s] -- Installing: /home/guo/ITL_sentry_auto_new/install/utils/share/utils/cmake/utilsConfig.cmake
[5.342s] -- Installing: /home/guo/ITL_sentry_auto_new/install/utils/share/utils/cmake/utilsConfig-version.cmake
[5.342s] -- Installing: /home/guo/ITL_sentry_auto_new/install/utils/share/utils/package.xml
[5.343s] Invoked command in '/home/guo/ITL_sentry_auto_new/build/utils' returned '0': CMAKE_PREFIX_PATH=${CMAKE_PREFIX_PATH}:/opt/ros/rolling /usr/local/bin/cmake --install /home/guo/ITL_sentry_auto_new/build/utils
