[0.013s] Invoking command in '/home/guo/ITL_sentry_auto/build/anlesover': CMAKE_PREFIX_PATH=${CMAKE_PREFIX_PATH}:/home/guo/ITL_sentry_auto/install/pkg02_helloworld_py:/opt/ros/rolling /usr/local/bin/cmake /home/guo/ITL_sentry_auto/src/anlesover -DCMAKE_INSTALL_PREFIX=/home/guo/ITL_sentry_auto/install/anlesover
[0.054s] -- The C compiler identification is GNU 11.4.0
[0.101s] -- The CXX compiler identification is GNU 11.4.0
[0.115s] -- Detecting C compiler ABI info
[0.168s] -- Detecting C compiler ABI info - done
[0.178s] -- Check for working C compiler: /usr/bin/cc - skipped
[0.178s] -- Detecting C compile features
[0.178s] -- Detecting C compile features - done
[0.188s] -- Detecting CXX compiler ABI info
[0.248s] -- Detecting CXX compiler ABI info - done
[0.257s] -- Check for working CXX compiler: /usr/bin/c++ - skipped
[0.257s] -- Detecting CXX compile features
[0.258s] -- Detecting CXX compile features - done
[0.259s] -- Found ament_cmake: 2.3.2 (/opt/ros/rolling/share/ament_cmake/cmake)
[0.636s] -- Found Python3: /usr/bin/python3.10 (found version "3.10.12") found components: Interpreter 
[0.705s] -- Found rclcpp: 27.0.0 (/opt/ros/rolling/share/rclcpp/cmake)
[0.738s] -- Found rosidl_generator_c: 4.5.1 (/opt/ros/rolling/share/rosidl_generator_c/cmake)
[0.749s] -- Found rosidl_generator_cpp: 4.5.1 (/opt/ros/rolling/share/rosidl_generator_cpp/cmake)
[0.765s] -- Using all available rosidl_typesupport_c: rosidl_typesupport_fastrtps_c;rosidl_typesupport_introspection_c
[0.785s] -- Using all available rosidl_typesupport_cpp: rosidl_typesupport_fastrtps_cpp;rosidl_typesupport_introspection_cpp
[0.962s] -- Found rmw_implementation_cmake: 7.3.0 (/opt/ros/rolling/share/rmw_implementation_cmake/cmake)
[0.964s] -- Found rmw_fastrtps_cpp: 8.2.0 (/opt/ros/rolling/share/rmw_fastrtps_cpp/cmake)
[1.062s] -- Found OpenSSL: /usr/lib/x86_64-linux-gnu/libcrypto.so (found version "3.0.2")  
[1.084s] -- Found FastRTPS: /opt/ros/rolling/include  
[1.118s] -- Using RMW implementation 'rmw_fastrtps_cpp' as default
[1.312s] -- Found OpenCV: /usr (found version "4.5.4") 
[1.313s] -- Found sensor_msgs: 5.3.0 (/opt/ros/rolling/share/sensor_msgs/cmake)
[1.523s] -- Found cv_bridge: 3.4.0 (/opt/ros/rolling/share/cv_bridge/cmake)
[1.540s] -- Found image_transport: 5.1.0 (/opt/ros/rolling/share/image_transport/cmake)
[1.591s] -- Found ament_lint_auto: 0.16.3 (/opt/ros/rolling/share/ament_lint_auto/cmake)
[1.645s] -- Added test 'cppcheck' to perform static code analysis on C / C++ code
[1.645s] -- Configured cppcheck include dirs: $<BUILD_INTERFACE:/home/guo/ITL_sentry_auto/src/anlesover/include>
[1.645s] -- Configured cppcheck exclude dirs and/or files: 
[1.645s] -- Added test 'lint_cmake' to check CMake code style
[1.646s] -- Added test 'uncrustify' to check C / C++ code style
[1.646s] -- Configured uncrustify additional arguments: 
[1.646s] -- Added test 'xmllint' to check XML markup files
[1.647s] -- Configuring done (1.6s)
[1.658s] -- Generating done (0.0s)
[1.661s] -- Build files have been written to: /home/guo/ITL_sentry_auto/build/anlesover
[1.667s] Invoked command in '/home/guo/ITL_sentry_auto/build/anlesover' returned '0': CMAKE_PREFIX_PATH=${CMAKE_PREFIX_PATH}:/home/guo/ITL_sentry_auto/install/pkg02_helloworld_py:/opt/ros/rolling /usr/local/bin/cmake /home/guo/ITL_sentry_auto/src/anlesover -DCMAKE_INSTALL_PREFIX=/home/guo/ITL_sentry_auto/install/anlesover
[1.668s] Invoking command in '/home/guo/ITL_sentry_auto/build/anlesover': CMAKE_PREFIX_PATH=${CMAKE_PREFIX_PATH}:/home/guo/ITL_sentry_auto/install/pkg02_helloworld_py:/opt/ros/rolling /usr/local/bin/cmake --build /home/guo/ITL_sentry_auto/build/anlesover -- -j24 -l24
[1.691s] [ 50%] [32mBuilding CXX object CMakeFiles/anglesolve.dir/src/anglesolve.cpp.o[0m
[7.983s] [100%] [32m[1mLinking CXX executable anglesolve[0m
[8.330s] [100%] Built target anglesolve
[8.334s] Invoked command in '/home/guo/ITL_sentry_auto/build/anlesover' returned '0': CMAKE_PREFIX_PATH=${CMAKE_PREFIX_PATH}:/home/guo/ITL_sentry_auto/install/pkg02_helloworld_py:/opt/ros/rolling /usr/local/bin/cmake --build /home/guo/ITL_sentry_auto/build/anlesover -- -j24 -l24
[8.335s] Invoking command in '/home/guo/ITL_sentry_auto/build/anlesover': CMAKE_PREFIX_PATH=${CMAKE_PREFIX_PATH}:/home/guo/ITL_sentry_auto/install/pkg02_helloworld_py:/opt/ros/rolling /usr/local/bin/cmake --install /home/guo/ITL_sentry_auto/build/anlesover
[8.336s] -- Install configuration: ""
[8.336s] -- Installing: /home/guo/ITL_sentry_auto/install/anlesover/lib/anlesover/anglesolve
[8.341s] -- Set non-toolchain portion of runtime path of "/home/guo/ITL_sentry_auto/install/anlesover/lib/anlesover/anglesolve" to ""
[8.341s] -- Installing: /home/guo/ITL_sentry_auto/install/anlesover/share/ament_index/resource_index/package_run_dependencies/anlesover
[8.341s] -- Installing: /home/guo/ITL_sentry_auto/install/anlesover/share/ament_index/resource_index/parent_prefix_path/anlesover
[8.341s] -- Up-to-date: /home/guo/ITL_sentry_auto/install/anlesover/share/anlesover/environment/ament_prefix_path.sh
[8.341s] -- Installing: /home/guo/ITL_sentry_auto/install/anlesover/share/anlesover/environment/ament_prefix_path.dsv
[8.341s] -- Up-to-date: /home/guo/ITL_sentry_auto/install/anlesover/share/anlesover/environment/path.sh
[8.341s] -- Installing: /home/guo/ITL_sentry_auto/install/anlesover/share/anlesover/environment/path.dsv
[8.341s] -- Installing: /home/guo/ITL_sentry_auto/install/anlesover/share/anlesover/local_setup.bash
[8.341s] -- Installing: /home/guo/ITL_sentry_auto/install/anlesover/share/anlesover/local_setup.sh
[8.341s] -- Installing: /home/guo/ITL_sentry_auto/install/anlesover/share/anlesover/local_setup.zsh
[8.341s] -- Installing: /home/guo/ITL_sentry_auto/install/anlesover/share/anlesover/local_setup.dsv
[8.341s] -- Installing: /home/guo/ITL_sentry_auto/install/anlesover/share/anlesover/package.dsv
[8.341s] -- Installing: /home/guo/ITL_sentry_auto/install/anlesover/share/ament_index/resource_index/packages/anlesover
[8.341s] -- Installing: /home/guo/ITL_sentry_auto/install/anlesover/share/anlesover/cmake/anlesoverConfig.cmake
[8.341s] -- Installing: /home/guo/ITL_sentry_auto/install/anlesover/share/anlesover/cmake/anlesoverConfig-version.cmake
[8.342s] -- Up-to-date: /home/guo/ITL_sentry_auto/install/anlesover/share/anlesover/package.xml
[8.342s] Invoked command in '/home/guo/ITL_sentry_auto/build/anlesover' returned '0': CMAKE_PREFIX_PATH=${CMAKE_PREFIX_PATH}:/home/guo/ITL_sentry_auto/install/pkg02_helloworld_py:/opt/ros/rolling /usr/local/bin/cmake --install /home/guo/ITL_sentry_auto/build/anlesover
