[0.009s] Invoking command in '/home/guo/ITL_sentry_auto_new/build/filter_lib': CMAKE_PREFIX_PATH=${CMAKE_PREFIX_PATH}:/opt/ros/rolling /usr/local/bin/cmake /home/guo/ITL_sentry_auto_new/src/core/algorithms -DCMAKE_INSTALL_PREFIX=/home/guo/ITL_sentry_auto_new/install/filter_lib
[0.053s] -- The C compiler identification is GNU 11.4.0
[0.103s] -- The CXX compiler identification is GNU 11.4.0
[0.118s] -- Detecting C compiler ABI info
[0.170s] -- Detecting C compiler ABI info - done
[0.181s] -- Check for working C compiler: /usr/bin/cc - skipped
[0.181s] -- Detecting C compile features
[0.182s] -- Detecting C compile features - done
[0.190s] -- Detecting CXX compiler ABI info
[0.251s] -- Detecting CXX compiler ABI info - done
[0.261s] -- Check for working CXX compiler: /usr/bin/c++ - skipped
[0.261s] -- Detecting CXX compile features
[0.262s] -- Detecting CXX compile features - done
[0.263s] -- Found ament_cmake: 2.3.2 (/opt/ros/rolling/share/ament_cmake/cmake)
[0.653s] -- Found Python3: /usr/bin/python3.10 (found version "3.10.12") found components: Interpreter 
[0.788s] -- Performing Test CMAKE_HAVE_LIBC_PTHREAD
[0.847s] -- Performing Test CMAKE_HAVE_LIBC_PTHREAD - Success
[0.848s] -- Found Threads: TRUE  
[1.227s] -- Found AMD headers in: /usr/include/suitesparse
[1.228s] -- Found AMD library: /usr/lib/x86_64-linux-gnu/libamd.so
[1.229s] -- Found CAMD headers in: /usr/include/suitesparse
[1.230s] -- Found CAMD library: /usr/lib/x86_64-linux-gnu/libcamd.so
[1.231s] -- Found CCOLAMD headers in: /usr/include/suitesparse
[1.232s] -- Found CCOLAMD library: /usr/lib/x86_64-linux-gnu/libccolamd.so
[1.232s] -- Found CHOLMOD headers in: /usr/include/suitesparse
[1.233s] -- Found CHOLMOD library: /usr/lib/x86_64-linux-gnu/libcholmod.so
[1.234s] -- Found COLAMD headers in: /usr/include/suitesparse
[1.235s] -- Found COLAMD library: /usr/lib/x86_64-linux-gnu/libcolamd.so
[1.235s] -- Found SPQR headers in: /usr/include/suitesparse
[1.236s] -- Found SPQR library: /usr/lib/x86_64-linux-gnu/libspqr.so
[1.237s] -- Found Config headers in: /usr/include/suitesparse
[1.238s] -- Found Config library: /usr/lib/x86_64-linux-gnu/libsuitesparseconfig.so
[1.240s] -- Found Intel Thread Building Blocks (TBB) library (2021.5 / ) include location: . Assuming SuiteSparseQR was compiled with TBB.
[1.240s] -- Looking for shm_open in rt
[1.296s] -- Looking for shm_open in rt - found
[1.296s] -- Adding librt to SuiteSparse_config libraries (required on Linux & Unix [not OSX] if SuiteSparse is compiled with timing).
[1.305s] -- Could NOT find METIS (missing: METIS_INCLUDE_DIR METIS_LIBRARY) 
[1.306s] -- Found SuiteSparse: /usr/include/suitesparse (found suitable version "5.10.1", minimum required is "5.10.1") found components: AMD CAMD CCOLAMD CHOLMOD COLAMD SPQR Config 
[1.326s] -- Found CUDAToolkit: /usr/local/cuda/targets/x86_64-linux/include (found suitable version "12.4.99", minimum required is "12.4.99") 
[1.422s] -- Found required Ceres dependency: Eigen version 3.4.0 in /usr/share/eigen3/cmake
[1.426s] -- Found required Ceres dependency: glog
[1.426s] -- Found required Ceres dependency: gflags
[1.426s] -- Found Ceres version: 2.2.0 installed in: /usr/local with components: [EigenSparse, SparseLinearAlgebraLibrary, LAPACK, SuiteSparse, SchurSpecializations]
[1.483s] -- Configuring done (1.5s)
[1.489s] -- Generating done (0.0s)
[1.491s] -- Build files have been written to: /home/guo/ITL_sentry_auto_new/build/filter_lib
[1.501s] Invoked command in '/home/guo/ITL_sentry_auto_new/build/filter_lib' returned '0': CMAKE_PREFIX_PATH=${CMAKE_PREFIX_PATH}:/opt/ros/rolling /usr/local/bin/cmake /home/guo/ITL_sentry_auto_new/src/core/algorithms -DCMAKE_INSTALL_PREFIX=/home/guo/ITL_sentry_auto_new/install/filter_lib
[1.501s] Invoking command in '/home/guo/ITL_sentry_auto_new/build/filter_lib': CMAKE_PREFIX_PATH=${CMAKE_PREFIX_PATH}:/opt/ros/rolling /usr/local/bin/cmake --build /home/guo/ITL_sentry_auto_new/build/filter_lib -- -j24 -l24
[1.526s] [ 20%] [32mBuilding CXX object CMakeFiles/filter_lib.dir/src/rotating_target_tracker.cpp.o[0m
[1.526s] [ 40%] [32mBuilding CXX object CMakeFiles/filter_lib.dir/src/track_queue_v3.cpp.o[0m
[1.526s] [ 60%] [32mBuilding CXX object CMakeFiles/filter_lib.dir/src/decoupled_tracker.cpp.o[0m
[1.526s] [ 80%] [32mBuilding CXX object CMakeFiles/filter_lib.dir/src/track_queue_v4.cpp.o[0m
[3.304s] [01m[K/home/guo/ITL_sentry_auto_new/src/core/algorithms/src/decoupled_tracker.cpp:[m[K In member function ‘[01m[Kvoid filter_lib::DecoupledTracker::applyCouplingCorrection(double)[m[K’:
[3.304s] [01m[K/home/guo/ITL_sentry_auto_new/src/core/algorithms/src/decoupled_tracker.cpp:407:55:[m[K [01;35m[Kwarning: [m[Kunused parameter ‘[01m[Kdt[m[K’ [[01;35m[K]8;;https://gcc.gnu.org/onlinedocs/gcc/Warning-Options.html#index-Wunused-parameter-Wunused-parameter]8;;[m[K]
[3.305s]   407 | void DecoupledTracker::applyCouplingCorrection([01;35m[Kdouble dt[m[K) {
[3.305s]       |                                                [01;35m[K~~~~~~~^~[m[K
[15.573s] [100%] [32m[1mLinking CXX static library libfilter_lib.a[0m
[15.945s] [100%] Built target filter_lib
[15.950s] Invoked command in '/home/guo/ITL_sentry_auto_new/build/filter_lib' returned '0': CMAKE_PREFIX_PATH=${CMAKE_PREFIX_PATH}:/opt/ros/rolling /usr/local/bin/cmake --build /home/guo/ITL_sentry_auto_new/build/filter_lib -- -j24 -l24
[15.953s] Invoking command in '/home/guo/ITL_sentry_auto_new/build/filter_lib': CMAKE_PREFIX_PATH=${CMAKE_PREFIX_PATH}:/opt/ros/rolling /usr/local/bin/cmake --install /home/guo/ITL_sentry_auto_new/build/filter_lib
[15.955s] -- Install configuration: ""
[15.955s] -- Installing: /home/guo/ITL_sentry_auto_new/install/filter_lib/share/filter_lib/environment/library_path.sh
[15.956s] -- Installing: /home/guo/ITL_sentry_auto_new/install/filter_lib/share/filter_lib/environment/library_path.dsv
[15.956s] -- Installing: /home/guo/ITL_sentry_auto_new/install/filter_lib/include
[15.956s] -- Installing: /home/guo/ITL_sentry_auto_new/install/filter_lib/include/base
[15.956s] -- Installing: /home/guo/ITL_sentry_auto_new/install/filter_lib/include/base/kalman.hpp
[15.956s] -- Installing: /home/guo/ITL_sentry_auto_new/install/filter_lib/include/base/filter.hpp
[15.956s] -- Installing: /home/guo/ITL_sentry_auto_new/install/filter_lib/include/base/ekf.hpp
[15.956s] -- Installing: /home/guo/ITL_sentry_auto_new/install/filter_lib/include/base/math.hpp
[15.957s] -- Installing: /home/guo/ITL_sentry_auto_new/install/filter_lib/include/base/slide_weighted_avg.hpp
[15.957s] -- Installing: /home/guo/ITL_sentry_auto_new/install/filter_lib/include/filter
[15.957s] -- Installing: /home/guo/ITL_sentry_auto_new/install/filter_lib/include/filter/rotating_target_tracker.hpp
[15.957s] -- Installing: /home/guo/ITL_sentry_auto_new/install/filter_lib/include/filter/track_queue_v4.hpp
[15.957s] -- Installing: /home/guo/ITL_sentry_auto_new/install/filter_lib/include/filter/decoupled_tracker.hpp
[15.957s] -- Installing: /home/guo/ITL_sentry_auto_new/install/filter_lib/include/filter/track_queue_v3.hpp
[15.957s] -- Installing: /home/guo/ITL_sentry_auto_new/install/filter_lib/lib/libfilter_lib.a
[15.995s] -- Installing: /home/guo/ITL_sentry_auto_new/install/filter_lib/share/ament_index/resource_index/package_run_dependencies/filter_lib
[15.995s] -- Installing: /home/guo/ITL_sentry_auto_new/install/filter_lib/share/ament_index/resource_index/parent_prefix_path/filter_lib
[15.995s] -- Installing: /home/guo/ITL_sentry_auto_new/install/filter_lib/share/filter_lib/environment/ament_prefix_path.sh
[15.995s] -- Installing: /home/guo/ITL_sentry_auto_new/install/filter_lib/share/filter_lib/environment/ament_prefix_path.dsv
[15.995s] -- Installing: /home/guo/ITL_sentry_auto_new/install/filter_lib/share/filter_lib/environment/path.sh
[15.995s] -- Installing: /home/guo/ITL_sentry_auto_new/install/filter_lib/share/filter_lib/environment/path.dsv
[15.996s] -- Installing: /home/guo/ITL_sentry_auto_new/install/filter_lib/share/filter_lib/local_setup.bash
[15.996s] -- Installing: /home/guo/ITL_sentry_auto_new/install/filter_lib/share/filter_lib/local_setup.sh
[15.996s] -- Installing: /home/guo/ITL_sentry_auto_new/install/filter_lib/share/filter_lib/local_setup.zsh
[15.996s] -- Installing: /home/guo/ITL_sentry_auto_new/install/filter_lib/share/filter_lib/local_setup.dsv
[15.996s] -- Installing: /home/guo/ITL_sentry_auto_new/install/filter_lib/share/filter_lib/package.dsv
[15.996s] -- Installing: /home/guo/ITL_sentry_auto_new/install/filter_lib/share/ament_index/resource_index/packages/filter_lib
[15.996s] -- Installing: /home/guo/ITL_sentry_auto_new/install/filter_lib/share/filter_lib/cmake/filter_libTargetsExport.cmake
[15.996s] -- Installing: /home/guo/ITL_sentry_auto_new/install/filter_lib/share/filter_lib/cmake/filter_libTargetsExport-noconfig.cmake
[15.996s] -- Installing: /home/guo/ITL_sentry_auto_new/install/filter_lib/share/filter_lib/cmake/ament_cmake_export_targets-extras.cmake
[15.997s] -- Installing: /home/guo/ITL_sentry_auto_new/install/filter_lib/share/filter_lib/cmake/ament_cmake_export_dependencies-extras.cmake
[15.997s] -- Installing: /home/guo/ITL_sentry_auto_new/install/filter_lib/share/filter_lib/cmake/filter_libConfig.cmake
[15.997s] -- Installing: /home/guo/ITL_sentry_auto_new/install/filter_lib/share/filter_lib/cmake/filter_libConfig-version.cmake
[15.997s] -- Installing: /home/guo/ITL_sentry_auto_new/install/filter_lib/share/filter_lib/package.xml
[16.000s] Invoked command in '/home/guo/ITL_sentry_auto_new/build/filter_lib' returned '0': CMAKE_PREFIX_PATH=${CMAKE_PREFIX_PATH}:/opt/ros/rolling /usr/local/bin/cmake --install /home/guo/ITL_sentry_auto_new/build/filter_lib
