[0.013s] Invoking command in '/home/shaobing/rm_ws/build/anlesover': CMAKE_PREFIX_PATH=/opt/ros/humble /usr/bin/cmake --build /home/shaobing/rm_ws/build/anlesover -- -j16 -l16
[0.103s] [100%] Built target anglesolve
[0.167s] Invoked command in '/home/shaobing/rm_ws/build/anlesover' returned '0': CMAKE_PREFIX_PATH=/opt/ros/humble /usr/bin/cmake --build /home/shaobing/rm_ws/build/anlesover -- -j16 -l16
[0.176s] Invoking command in '/home/shaobing/rm_ws/build/anlesover': CMAKE_PREFIX_PATH=/opt/ros/humble /usr/bin/cmake --install /home/shaobing/rm_ws/build/anlesover
[0.184s] -- Install configuration: ""
[0.184s] -- Execute custom install script
[0.185s] -- Up-to-date symlink: /home/shaobing/rm_ws/install/anlesover/lib/anlesover/anglesolve
[0.185s] -- Up-to-date symlink: /home/shaobing/rm_ws/install/anlesover/share/ament_index/resource_index/package_run_dependencies/anlesover
[0.185s] -- Up-to-date symlink: /home/shaobing/rm_ws/install/anlesover/share/ament_index/resource_index/parent_prefix_path/anlesover
[0.185s] -- Up-to-date symlink: /home/shaobing/rm_ws/install/anlesover/share/anlesover/environment/ament_prefix_path.sh
[0.186s] -- Up-to-date symlink: /home/shaobing/rm_ws/install/anlesover/share/anlesover/environment/ament_prefix_path.dsv
[0.186s] -- Up-to-date symlink: /home/shaobing/rm_ws/install/anlesover/share/anlesover/environment/path.sh
[0.186s] -- Up-to-date symlink: /home/shaobing/rm_ws/install/anlesover/share/anlesover/environment/path.dsv
[0.186s] -- Up-to-date symlink: /home/shaobing/rm_ws/install/anlesover/share/anlesover/local_setup.bash
[0.186s] -- Up-to-date symlink: /home/shaobing/rm_ws/install/anlesover/share/anlesover/local_setup.sh
[0.187s] -- Up-to-date symlink: /home/shaobing/rm_ws/install/anlesover/share/anlesover/local_setup.zsh
[0.187s] -- Up-to-date symlink: /home/shaobing/rm_ws/install/anlesover/share/anlesover/local_setup.dsv
[0.187s] -- Symlinking: /home/shaobing/rm_ws/install/anlesover/share/anlesover/package.dsv
[0.194s] -- Up-to-date symlink: /home/shaobing/rm_ws/install/anlesover/share/ament_index/resource_index/packages/anlesover
[0.194s] -- Up-to-date symlink: /home/shaobing/rm_ws/install/anlesover/share/anlesover/cmake/anlesoverConfig.cmake
[0.194s] -- Up-to-date symlink: /home/shaobing/rm_ws/install/anlesover/share/anlesover/cmake/anlesoverConfig-version.cmake
[0.194s] -- Up-to-date symlink: /home/shaobing/rm_ws/install/anlesover/share/anlesover/package.xml
[0.197s] Invoked command in '/home/shaobing/rm_ws/build/anlesover' returned '0': CMAKE_PREFIX_PATH=/opt/ros/humble /usr/bin/cmake --install /home/shaobing/rm_ws/build/anlesover
