-- The C compiler identification is GNU 11.4.0
-- The CXX compiler identification is GNU 11.4.0
-- Detecting C compiler ABI info
-- Detecting C compiler ABI info - done
-- Check for working C compiler: /usr/bin/cc - skipped
-- Detecting C compile features
-- Detecting C compile features - done
-- Detecting CXX compiler ABI info
-- Detecting CXX compiler ABI info - done
-- Check for working CXX compiler: /usr/bin/c++ - skipped
-- Detecting CXX compile features
-- Detecting CXX compile features - done
-- Found ament_cmake: 2.3.2 (/opt/ros/rolling/share/ament_cmake/cmake)
-- Found Python3: /usr/bin/python3.10 (found version "3.10.12") found components: Interpreter 
-- Found rclcpp: 27.0.0 (/opt/ros/rolling/share/rclcpp/cmake)
-- Found rosidl_generator_c: 4.5.1 (/opt/ros/rolling/share/rosidl_generator_c/cmake)
-- Found rosidl_generator_cpp: 4.5.1 (/opt/ros/rolling/share/rosidl_generator_cpp/cmake)
-- Using all available rosidl_typesupport_c: rosidl_typesupport_fastrtps_c;rosidl_typesupport_introspection_c
-- Using all available rosidl_typesupport_cpp: rosidl_typesupport_fastrtps_cpp;rosidl_typesupport_introspection_cpp
-- Found rmw_implementation_cmake: 7.3.0 (/opt/ros/rolling/share/rmw_implementation_cmake/cmake)
-- Found rmw_fastrtps_cpp: 8.2.0 (/opt/ros/rolling/share/rmw_fastrtps_cpp/cmake)
-- Found OpenSSL: /usr/lib/x86_64-linux-gnu/libcrypto.so (found version "3.0.2")  
-- Found FastRTPS: /opt/ros/rolling/include  
-- Using RMW implementation 'rmw_fastrtps_cpp' as default
-- Found utils: 1.0.0 (/home/guo/ITL_sentry_auto_new/install/utils/share/utils/cmake)
-- Configuring done (2.1s)
-- Generating done (0.0s)
-- Build files have been written to: /home/guo/ITL_sentry_auto_new/build/cboard
[ 50%] [32mBuilding CXX object CMakeFiles/cboard.dir/src/cboard.cpp.o[0m
[100%] [32m[1mLinking CXX shared library libcboard.so[0m
[100%] Built target cboard
-- Install configuration: ""
-- Installing: /home/guo/ITL_sentry_auto_new/install/cboard/share/cboard/environment/library_path.sh
-- Installing: /home/guo/ITL_sentry_auto_new/install/cboard/share/cboard/environment/library_path.dsv
-- Installing: /home/guo/ITL_sentry_auto_new/install/cboard/include
-- Installing: /home/guo/ITL_sentry_auto_new/install/cboard/include/command.hpp
-- Installing: /home/guo/ITL_sentry_auto_new/install/cboard/include/cboard.hpp
-- Installing: /home/guo/ITL_sentry_auto_new/install/cboard/include/socketcan.hpp
-- Installing: /home/guo/ITL_sentry_auto_new/install/cboard/lib/libcboard.so
-- Set non-toolchain portion of runtime path of "/home/guo/ITL_sentry_auto_new/install/cboard/lib/libcboard.so" to ""
-- Installing: /home/guo/ITL_sentry_auto_new/install/cboard/share/cboard/cmake/cboardTargets.cmake
-- Installing: /home/guo/ITL_sentry_auto_new/install/cboard/share/cboard/cmake/cboardTargets-noconfig.cmake
-- Installing: /home/guo/ITL_sentry_auto_new/install/cboard/share/ament_index/resource_index/package_run_dependencies/cboard
-- Installing: /home/guo/ITL_sentry_auto_new/install/cboard/share/ament_index/resource_index/parent_prefix_path/cboard
-- Installing: /home/guo/ITL_sentry_auto_new/install/cboard/share/cboard/environment/ament_prefix_path.sh
-- Installing: /home/guo/ITL_sentry_auto_new/install/cboard/share/cboard/environment/ament_prefix_path.dsv
-- Installing: /home/guo/ITL_sentry_auto_new/install/cboard/share/cboard/environment/path.sh
-- Installing: /home/guo/ITL_sentry_auto_new/install/cboard/share/cboard/environment/path.dsv
-- Installing: /home/guo/ITL_sentry_auto_new/install/cboard/share/cboard/local_setup.bash
-- Installing: /home/guo/ITL_sentry_auto_new/install/cboard/share/cboard/local_setup.sh
-- Installing: /home/guo/ITL_sentry_auto_new/install/cboard/share/cboard/local_setup.zsh
-- Installing: /home/guo/ITL_sentry_auto_new/install/cboard/share/cboard/local_setup.dsv
-- Installing: /home/guo/ITL_sentry_auto_new/install/cboard/share/cboard/package.dsv
-- Installing: /home/guo/ITL_sentry_auto_new/install/cboard/share/ament_index/resource_index/packages/cboard
-- Installing: /home/guo/ITL_sentry_auto_new/install/cboard/share/cboard/cmake/cboardTargetsExport.cmake
-- Installing: /home/guo/ITL_sentry_auto_new/install/cboard/share/cboard/cmake/cboardTargetsExport-noconfig.cmake
-- Installing: /home/guo/ITL_sentry_auto_new/install/cboard/share/cboard/cmake/ament_cmake_export_include_directories-extras.cmake
-- Installing: /home/guo/ITL_sentry_auto_new/install/cboard/share/cboard/cmake/ament_cmake_export_libraries-extras.cmake
-- Installing: /home/guo/ITL_sentry_auto_new/install/cboard/share/cboard/cmake/ament_cmake_export_dependencies-extras.cmake
-- Installing: /home/guo/ITL_sentry_auto_new/install/cboard/share/cboard/cmake/ament_cmake_export_targets-extras.cmake
-- Installing: /home/guo/ITL_sentry_auto_new/install/cboard/share/cboard/cmake/cboardConfig.cmake
-- Installing: /home/guo/ITL_sentry_auto_new/install/cboard/share/cboard/cmake/cboardConfig-version.cmake
-- Installing: /home/guo/ITL_sentry_auto_new/install/cboard/share/cboard/package.xml
