[0.010s] Invoking command in '/home/guo/ITL_sentry_auto_new/build/utils': CMAKE_PREFIX_PATH=/opt/ros/rolling /usr/local/bin/cmake /home/guo/ITL_sentry_auto_new/src/core/utils -DCMAKE_INSTALL_PREFIX=/home/guo/ITL_sentry_auto_new/install/utils
[0.074s] -- The C compiler identification is GNU 11.4.0
[0.119s] -- The CXX compiler identification is GNU 11.4.0
[0.133s] -- Detecting C compiler ABI info
[0.187s] -- Detecting C compiler ABI info - done
[0.197s] -- Check for working C compiler: /usr/bin/cc - skipped
[0.197s] -- Detecting C compile features
[0.198s] -- Detecting C compile features - done
[0.204s] -- Detecting CXX compiler ABI info
[0.264s] -- Detecting CXX compiler ABI info - done
[0.274s] -- Check for working CXX compiler: /usr/bin/c++ - skipped
[0.274s] -- Detecting CXX compile features
[0.274s] -- Detecting CXX compile features - done
[0.276s] -- Found ament_cmake: 2.3.2 (/opt/ros/rolling/share/ament_cmake/cmake)
[0.633s] -- Found Python3: /usr/bin/python3.10 (found version "3.10.12") found components: Interpreter 
[0.699s] -- Found rclcpp: 27.0.0 (/opt/ros/rolling/share/rclcpp/cmake)
[0.732s] -- Found rosidl_generator_c: 4.5.1 (/opt/ros/rolling/share/rosidl_generator_c/cmake)
[0.743s] -- Found rosidl_generator_cpp: 4.5.1 (/opt/ros/rolling/share/rosidl_generator_cpp/cmake)
[0.760s] -- Using all available rosidl_typesupport_c: rosidl_typesupport_fastrtps_c;rosidl_typesupport_introspection_c
[0.779s] -- Using all available rosidl_typesupport_cpp: rosidl_typesupport_fastrtps_cpp;rosidl_typesupport_introspection_cpp
[0.951s] -- Found rmw_implementation_cmake: 7.3.0 (/opt/ros/rolling/share/rmw_implementation_cmake/cmake)
[0.953s] -- Found rmw_fastrtps_cpp: 8.2.0 (/opt/ros/rolling/share/rmw_fastrtps_cpp/cmake)
[1.037s] -- Found OpenSSL: /usr/lib/x86_64-linux-gnu/libcrypto.so (found version "3.0.2")  
[1.063s] -- Found FastRTPS: /opt/ros/rolling/include  
[1.105s] -- Using RMW implementation 'rmw_fastrtps_cpp' as default
[1.317s] -- Found OpenCV: /usr (found version "4.5.4") 
[1.383s] -- Configuring done (1.4s)
[1.394s] -- Generating done (0.0s)
[1.397s] -- Build files have been written to: /home/guo/ITL_sentry_auto_new/build/utils
[1.406s] Invoked command in '/home/guo/ITL_sentry_auto_new/build/utils' returned '0': CMAKE_PREFIX_PATH=/opt/ros/rolling /usr/local/bin/cmake /home/guo/ITL_sentry_auto_new/src/core/utils -DCMAKE_INSTALL_PREFIX=/home/guo/ITL_sentry_auto_new/install/utils
[1.409s] Invoking command in '/home/guo/ITL_sentry_auto_new/build/utils': CMAKE_PREFIX_PATH=/opt/ros/rolling /usr/local/bin/cmake --build /home/guo/ITL_sentry_auto_new/build/utils -- -j24 -l24
[1.429s] [ 16%] [32mBuilding CXX object CMakeFiles/utils.dir/src/logger.cpp.o[0m
[1.429s] [ 33%] [32mBuilding CXX object CMakeFiles/utils.dir/src/math_tools.cpp.o[0m
[1.429s] [ 50%] [32mBuilding CXX object CMakeFiles/utils.dir/src/crc.cpp.o[0m
[1.430s] [ 66%] [32mBuilding CXX object CMakeFiles/utils.dir/src/trajectory.cpp.o[0m
[1.430s] [ 83%] [32mBuilding CXX object CMakeFiles/utils.dir/src/video.cpp.o[0m
[6.529s] [100%] [32m[1mLinking CXX static library libutils.a[0m
[6.620s] [100%] Built target utils
[6.623s] Invoked command in '/home/guo/ITL_sentry_auto_new/build/utils' returned '0': CMAKE_PREFIX_PATH=/opt/ros/rolling /usr/local/bin/cmake --build /home/guo/ITL_sentry_auto_new/build/utils -- -j24 -l24
[6.624s] Invoking command in '/home/guo/ITL_sentry_auto_new/build/utils': CMAKE_PREFIX_PATH=/opt/ros/rolling /usr/local/bin/cmake --install /home/guo/ITL_sentry_auto_new/build/utils
[6.627s] -- Install configuration: ""
[6.627s] -- Installing: /home/guo/ITL_sentry_auto_new/install/utils/share/utils/environment/library_path.sh
[6.627s] -- Installing: /home/guo/ITL_sentry_auto_new/install/utils/share/utils/environment/library_path.dsv
[6.627s] -- Installing: /home/guo/ITL_sentry_auto_new/install/utils/include
[6.628s] -- Installing: /home/guo/ITL_sentry_auto_new/install/utils/include/draw_tools.hpp
[6.628s] -- Installing: /home/guo/ITL_sentry_auto_new/install/utils/include/thread_safe_queue.hpp
[6.628s] -- Installing: /home/guo/ITL_sentry_auto_new/install/utils/include/math_tools.hpp
[6.628s] -- Installing: /home/guo/ITL_sentry_auto_new/install/utils/include/video.hpp
[6.628s] -- Installing: /home/guo/ITL_sentry_auto_new/install/utils/include/yaml.hpp
[6.628s] -- Installing: /home/guo/ITL_sentry_auto_new/install/utils/include/detector_tools.hpp
[6.628s] -- Installing: /home/guo/ITL_sentry_auto_new/install/utils/include/trajectory.hpp
[6.628s] -- Installing: /home/guo/ITL_sentry_auto_new/install/utils/include/performance_monitor.hpp
[6.629s] -- Installing: /home/guo/ITL_sentry_auto_new/install/utils/include/logger.hpp
[6.629s] -- Installing: /home/guo/ITL_sentry_auto_new/install/utils/include/crc.hpp
[6.629s] -- Installing: /home/guo/ITL_sentry_auto_new/install/utils/include/roi_tools.hpp
[6.629s] -- Installing: /home/guo/ITL_sentry_auto_new/install/utils/lib/libutils.a
[6.640s] -- Installing: /home/guo/ITL_sentry_auto_new/install/utils/share/utils/cmake/utilsTargets.cmake
[6.640s] -- Installing: /home/guo/ITL_sentry_auto_new/install/utils/share/utils/cmake/utilsTargets-noconfig.cmake
[6.640s] -- Installing: /home/guo/ITL_sentry_auto_new/install/utils/share/ament_index/resource_index/package_run_dependencies/utils
[6.640s] -- Installing: /home/guo/ITL_sentry_auto_new/install/utils/share/ament_index/resource_index/parent_prefix_path/utils
[6.640s] -- Installing: /home/guo/ITL_sentry_auto_new/install/utils/share/utils/environment/ament_prefix_path.sh
[6.640s] -- Installing: /home/guo/ITL_sentry_auto_new/install/utils/share/utils/environment/ament_prefix_path.dsv
[6.640s] -- Installing: /home/guo/ITL_sentry_auto_new/install/utils/share/utils/environment/path.sh
[6.640s] -- Installing: /home/guo/ITL_sentry_auto_new/install/utils/share/utils/environment/path.dsv
[6.640s] -- Installing: /home/guo/ITL_sentry_auto_new/install/utils/share/utils/local_setup.bash
[6.640s] -- Installing: /home/guo/ITL_sentry_auto_new/install/utils/share/utils/local_setup.sh
[6.641s] -- Installing: /home/guo/ITL_sentry_auto_new/install/utils/share/utils/local_setup.zsh
[6.641s] -- Installing: /home/guo/ITL_sentry_auto_new/install/utils/share/utils/local_setup.dsv
[6.641s] -- Installing: /home/guo/ITL_sentry_auto_new/install/utils/share/utils/package.dsv
[6.641s] -- Installing: /home/guo/ITL_sentry_auto_new/install/utils/share/ament_index/resource_index/packages/utils
[6.641s] -- Installing: /home/guo/ITL_sentry_auto_new/install/utils/share/utils/cmake/utilsTargetsExport.cmake
[6.641s] -- Installing: /home/guo/ITL_sentry_auto_new/install/utils/share/utils/cmake/utilsTargetsExport-noconfig.cmake
[6.641s] -- Installing: /home/guo/ITL_sentry_auto_new/install/utils/share/utils/cmake/ament_cmake_export_include_directories-extras.cmake
[6.641s] -- Installing: /home/guo/ITL_sentry_auto_new/install/utils/share/utils/cmake/ament_cmake_export_libraries-extras.cmake
[6.641s] -- Installing: /home/guo/ITL_sentry_auto_new/install/utils/share/utils/cmake/ament_cmake_export_dependencies-extras.cmake
[6.641s] -- Installing: /home/guo/ITL_sentry_auto_new/install/utils/share/utils/cmake/ament_cmake_export_targets-extras.cmake
[6.641s] -- Installing: /home/guo/ITL_sentry_auto_new/install/utils/share/utils/cmake/utilsConfig.cmake
[6.641s] -- Installing: /home/guo/ITL_sentry_auto_new/install/utils/share/utils/cmake/utilsConfig-version.cmake
[6.641s] -- Installing: /home/guo/ITL_sentry_auto_new/install/utils/share/utils/package.xml
[6.643s] Invoked command in '/home/guo/ITL_sentry_auto_new/build/utils' returned '0': CMAKE_PREFIX_PATH=/opt/ros/rolling /usr/local/bin/cmake --install /home/guo/ITL_sentry_auto_new/build/utils
