[0.015s] Invoking command in '/home/guo/ITL_sentry_auto/build/anlesover': CMAKE_PREFIX_PATH=/opt/ros/rolling /usr/local/bin/cmake /home/guo/ITL_sentry_auto/src/anlesover -DCMAKE_INSTALL_PREFIX=/home/guo/ITL_sentry_auto/install/anlesover
[0.068s] -- The C compiler identification is GNU 11.4.0
[0.127s] -- The CXX compiler identification is GNU 11.4.0
[0.143s] -- Detecting C compiler ABI info
[0.206s] -- Detecting C compiler ABI info - done
[0.216s] -- Check for working C compiler: /usr/bin/cc - skipped
[0.216s] -- Detecting C compile features
[0.217s] -- Detecting C compile features - done
[0.226s] -- Detecting CXX compiler ABI info
[0.295s] -- Detecting CXX compiler ABI info - done
[0.306s] -- Check for working CXX compiler: /usr/bin/c++ - skipped
[0.306s] -- Detecting CXX compile features
[0.306s] -- Detecting CXX compile features - done
[0.308s] -- Found ament_cmake: 2.3.2 (/opt/ros/rolling/share/ament_cmake/cmake)
[0.710s] -- Found Python3: /usr/bin/python3.10 (found version "3.10.12") found components: Interpreter 
[0.785s] -- Found rclcpp: 27.0.0 (/opt/ros/rolling/share/rclcpp/cmake)
[0.817s] -- Found rosidl_generator_c: 4.5.1 (/opt/ros/rolling/share/rosidl_generator_c/cmake)
[0.829s] -- Found rosidl_generator_cpp: 4.5.1 (/opt/ros/rolling/share/rosidl_generator_cpp/cmake)
[0.844s] -- Using all available rosidl_typesupport_c: rosidl_typesupport_fastrtps_c;rosidl_typesupport_introspection_c
[0.863s] -- Using all available rosidl_typesupport_cpp: rosidl_typesupport_fastrtps_cpp;rosidl_typesupport_introspection_cpp
[1.027s] -- Found rmw_implementation_cmake: 7.3.0 (/opt/ros/rolling/share/rmw_implementation_cmake/cmake)
[1.037s] -- Found rmw_fastrtps_cpp: 8.2.0 (/opt/ros/rolling/share/rmw_fastrtps_cpp/cmake)
[1.117s] -- Found OpenSSL: /usr/lib/x86_64-linux-gnu/libcrypto.so (found version "3.0.2")  
[1.147s] -- Found FastRTPS: /opt/ros/rolling/include  
[1.188s] -- Using RMW implementation 'rmw_fastrtps_cpp' as default
[1.381s] -- Found OpenCV: /usr (found version "4.5.4") 
[1.382s] -- Found sensor_msgs: 5.3.0 (/opt/ros/rolling/share/sensor_msgs/cmake)
[1.596s] -- Found cv_bridge: 3.4.0 (/opt/ros/rolling/share/cv_bridge/cmake)
[1.614s] -- Found image_transport: 5.1.0 (/opt/ros/rolling/share/image_transport/cmake)
[1.668s] -- Found ament_lint_auto: 0.16.3 (/opt/ros/rolling/share/ament_lint_auto/cmake)
[1.725s] -- Added test 'cppcheck' to perform static code analysis on C / C++ code
[1.725s] -- Configured cppcheck include dirs: $<BUILD_INTERFACE:/home/guo/ITL_sentry_auto/src/anlesover/include>
[1.725s] -- Configured cppcheck exclude dirs and/or files: 
[1.725s] -- Added test 'lint_cmake' to check CMake code style
[1.726s] -- Added test 'uncrustify' to check C / C++ code style
[1.726s] -- Configured uncrustify additional arguments: 
[1.726s] -- Added test 'xmllint' to check XML markup files
[1.727s] -- Configuring done (1.7s)
[1.740s] -- Generating done (0.0s)
[1.744s] -- Build files have been written to: /home/guo/ITL_sentry_auto/build/anlesover
[1.753s] Invoked command in '/home/guo/ITL_sentry_auto/build/anlesover' returned '0': CMAKE_PREFIX_PATH=/opt/ros/rolling /usr/local/bin/cmake /home/guo/ITL_sentry_auto/src/anlesover -DCMAKE_INSTALL_PREFIX=/home/guo/ITL_sentry_auto/install/anlesover
[1.754s] Invoking command in '/home/guo/ITL_sentry_auto/build/anlesover': CMAKE_PREFIX_PATH=/opt/ros/rolling /usr/local/bin/cmake --build /home/guo/ITL_sentry_auto/build/anlesover -- -j24 -l24
[1.775s] [ 50%] [32mBuilding CXX object CMakeFiles/anglesolve.dir/src/anglesolve.cpp.o[0m
[8.198s] [100%] [32m[1mLinking CXX executable anglesolve[0m
[8.619s] [100%] Built target anglesolve
[8.630s] Invoked command in '/home/guo/ITL_sentry_auto/build/anlesover' returned '0': CMAKE_PREFIX_PATH=/opt/ros/rolling /usr/local/bin/cmake --build /home/guo/ITL_sentry_auto/build/anlesover -- -j24 -l24
[8.631s] Invoking command in '/home/guo/ITL_sentry_auto/build/anlesover': CMAKE_PREFIX_PATH=/opt/ros/rolling /usr/local/bin/cmake --install /home/guo/ITL_sentry_auto/build/anlesover
[8.633s] -- Install configuration: ""
[8.633s] -- Installing: /home/guo/ITL_sentry_auto/install/anlesover/lib/anlesover/anglesolve
[8.636s] -- Set non-toolchain portion of runtime path of "/home/guo/ITL_sentry_auto/install/anlesover/lib/anlesover/anglesolve" to ""
[8.636s] -- Installing: /home/guo/ITL_sentry_auto/install/anlesover/share/ament_index/resource_index/package_run_dependencies/anlesover
[8.637s] -- Installing: /home/guo/ITL_sentry_auto/install/anlesover/share/ament_index/resource_index/parent_prefix_path/anlesover
[8.637s] -- Installing: /home/guo/ITL_sentry_auto/install/anlesover/share/anlesover/environment/ament_prefix_path.sh
[8.637s] -- Installing: /home/guo/ITL_sentry_auto/install/anlesover/share/anlesover/environment/ament_prefix_path.dsv
[8.637s] -- Installing: /home/guo/ITL_sentry_auto/install/anlesover/share/anlesover/environment/path.sh
[8.637s] -- Installing: /home/guo/ITL_sentry_auto/install/anlesover/share/anlesover/environment/path.dsv
[8.637s] -- Installing: /home/guo/ITL_sentry_auto/install/anlesover/share/anlesover/local_setup.bash
[8.637s] -- Installing: /home/guo/ITL_sentry_auto/install/anlesover/share/anlesover/local_setup.sh
[8.637s] -- Installing: /home/guo/ITL_sentry_auto/install/anlesover/share/anlesover/local_setup.zsh
[8.637s] -- Installing: /home/guo/ITL_sentry_auto/install/anlesover/share/anlesover/local_setup.dsv
[8.637s] -- Installing: /home/guo/ITL_sentry_auto/install/anlesover/share/anlesover/package.dsv
[8.637s] -- Installing: /home/guo/ITL_sentry_auto/install/anlesover/share/ament_index/resource_index/packages/anlesover
[8.637s] -- Installing: /home/guo/ITL_sentry_auto/install/anlesover/share/anlesover/cmake/anlesoverConfig.cmake
[8.637s] -- Installing: /home/guo/ITL_sentry_auto/install/anlesover/share/anlesover/cmake/anlesoverConfig-version.cmake
[8.637s] -- Installing: /home/guo/ITL_sentry_auto/install/anlesover/share/anlesover/package.xml
[8.639s] Invoked command in '/home/guo/ITL_sentry_auto/build/anlesover' returned '0': CMAKE_PREFIX_PATH=/opt/ros/rolling /usr/local/bin/cmake --install /home/guo/ITL_sentry_auto/build/anlesover
