running egg_info
writing ../../build/pkg02_helloworld_py/pkg02_helloworld_py.egg-info/PKG-INFO
writing dependency_links to ../../build/pkg02_helloworld_py/pkg02_helloworld_py.egg-info/dependency_links.txt
writing entry points to ../../build/pkg02_helloworld_py/pkg02_helloworld_py.egg-info/entry_points.txt
writing requirements to ../../build/pkg02_helloworld_py/pkg02_helloworld_py.egg-info/requires.txt
writing top-level names to ../../build/pkg02_helloworld_py/pkg02_helloworld_py.egg-info/top_level.txt
reading manifest file '../../build/pkg02_helloworld_py/pkg02_helloworld_py.egg-info/SOURCES.txt'
writing manifest file '../../build/pkg02_helloworld_py/pkg02_helloworld_py.egg-info/SOURCES.txt'
running build
running build_py
copying pkg02_helloworld_py/serial_send.py -> /home/shaobing/rm_ws/build/pkg02_helloworld_py/build/lib/pkg02_helloworld_py
running install
running install_lib
copying /home/shaobing/rm_ws/build/pkg02_helloworld_py/build/lib/pkg02_helloworld_py/serial_send.py -> /home/shaobing/rm_ws/install/pkg02_helloworld_py/lib/python3.10/site-packages/pkg02_helloworld_py
byte-compiling /home/shaobing/rm_ws/install/pkg02_helloworld_py/lib/python3.10/site-packages/pkg02_helloworld_py/serial_send.py to serial_send.cpython-310.pyc
running install_data
running install_egg_info
removing '/home/shaobing/rm_ws/install/pkg02_helloworld_py/lib/python3.10/site-packages/pkg02_helloworld_py-0.0.0-py3.10.egg-info' (and everything under it)
Copying ../../build/pkg02_helloworld_py/pkg02_helloworld_py.egg-info to /home/shaobing/rm_ws/install/pkg02_helloworld_py/lib/python3.10/site-packages/pkg02_helloworld_py-0.0.0-py3.10.egg-info
running install_scripts
Installing Grabimage script to /home/shaobing/rm_ws/install/pkg02_helloworld_py/lib/pkg02_helloworld_py
Installing camera script to /home/shaobing/rm_ws/install/pkg02_helloworld_py/lib/pkg02_helloworld_py
Installing camera_node script to /home/shaobing/rm_ws/install/pkg02_helloworld_py/lib/pkg02_helloworld_py
Installing serial_send script to /home/shaobing/rm_ws/install/pkg02_helloworld_py/lib/pkg02_helloworld_py
Installing sub script to /home/shaobing/rm_ws/install/pkg02_helloworld_py/lib/pkg02_helloworld_py
Installing sub_openvino_UKF script to /home/shaobing/rm_ws/install/pkg02_helloworld_py/lib/pkg02_helloworld_py
Installing sub_openvino_blue script to /home/shaobing/rm_ws/install/pkg02_helloworld_py/lib/pkg02_helloworld_py
Installing sub_openvino_red script to /home/shaobing/rm_ws/install/pkg02_helloworld_py/lib/pkg02_helloworld_py
writing list of installed files to '/home/shaobing/rm_ws/build/pkg02_helloworld_py/install.log'
