[0.016s] Invoking command in '/home/guo/ITL_sentry_auto_new/build/dm_imu': CMAKE_PREFIX_PATH=${CMAKE_PREFIX_PATH}:/opt/ros/rolling /usr/local/bin/cmake /home/guo/ITL_sentry_auto_new/src/core/device/imu -DCMAKE_INSTALL_PREFIX=/home/guo/ITL_sentry_auto_new/install/dm_imu
[0.065s] -- The C compiler identification is GNU 11.4.0
[0.116s] -- The CXX compiler identification is GNU 11.4.0
[0.133s] -- Detecting C compiler ABI info
[0.197s] -- Detecting C compiler ABI info - done
[0.207s] -- Check for working C compiler: /usr/bin/cc - skipped
[0.207s] -- Detecting C compile features
[0.207s] -- Detecting C compile features - done
[0.216s] -- Detecting CXX compiler ABI info
[0.298s] -- Detecting CXX compiler ABI info - done
[0.308s] -- Check for working CXX compiler: /usr/bin/c++ - skipped
[0.308s] -- Detecting CXX compile features
[0.309s] -- Detecting CXX compile features - done
[0.310s] -- Found ament_cmake: 2.3.2 (/opt/ros/rolling/share/ament_cmake/cmake)
[0.749s] -- Found Python3: /usr/bin/python3.10 (found version "3.10.12") found components: Interpreter 
[0.820s] -- Found rclcpp: 27.0.0 (/opt/ros/rolling/share/rclcpp/cmake)
[0.852s] -- Found rosidl_generator_c: 4.5.1 (/opt/ros/rolling/share/rosidl_generator_c/cmake)
[0.864s] -- Found rosidl_generator_cpp: 4.5.1 (/opt/ros/rolling/share/rosidl_generator_cpp/cmake)
[0.882s] -- Using all available rosidl_typesupport_c: rosidl_typesupport_fastrtps_c;rosidl_typesupport_introspection_c
[0.902s] -- Using all available rosidl_typesupport_cpp: rosidl_typesupport_fastrtps_cpp;rosidl_typesupport_introspection_cpp
[1.080s] -- Found rmw_implementation_cmake: 7.3.0 (/opt/ros/rolling/share/rmw_implementation_cmake/cmake)
[1.083s] -- Found rmw_fastrtps_cpp: 8.2.0 (/opt/ros/rolling/share/rmw_fastrtps_cpp/cmake)
[1.179s] -- Found OpenSSL: /usr/lib/x86_64-linux-gnu/libcrypto.so (found version "3.0.2")  
[1.211s] -- Found FastRTPS: /opt/ros/rolling/include  
[1.260s] -- Using RMW implementation 'rmw_fastrtps_cpp' as default
[1.471s] -- Found std_msgs: 5.3.0 (/opt/ros/rolling/share/std_msgs/cmake)
[1.507s] -- Found sensor_msgs: 5.3.0 (/opt/ros/rolling/share/sensor_msgs/cmake)
[1.662s] -- Found tf2: 0.36.0 (/opt/ros/rolling/share/tf2/cmake)
[1.677s] -- Found tf2_geometry_msgs: 0.36.0 (/opt/ros/rolling/share/tf2_geometry_msgs/cmake)
[1.691s] -- Found eigen3_cmake_module: 0.3.0 (/opt/ros/rolling/share/eigen3_cmake_module/cmake)
[1.693s] -- Found Eigen3: TRUE (found version "3.4.0") 
[1.693s] -- Ensuring Eigen3 include directory is part of orocos-kdl CMake target
[2.323s] -- Found PkgConfig: /usr/bin/pkg-config (found version "1.8.0") 
[2.324s] -- Checking for module 'libserial'
[2.338s] --   Found libserial, version 1.0.0
[2.378s] -- Found ament_lint_auto: 0.16.3 (/opt/ros/rolling/share/ament_lint_auto/cmake)
[2.466s] -- Added test 'copyright' to check source files copyright and LICENSE
[2.467s] -- Added test 'cppcheck' to perform static code analysis on C / C++ code
[2.468s] -- Configured cppcheck include dirs: /home/guo/ITL_sentry_auto_new/src/core/device/imu/include;$<BUILD_INTERFACE:/home/guo/ITL_sentry_auto_new/src/core/device/imu/include>
[2.468s] -- Configured cppcheck exclude dirs and/or files: 
[2.469s] -- Added test 'cpplint' to check C / C++ code against the Google style
[2.469s] -- Configured cpplint exclude dirs and/or files: 
[2.470s] -- Added test 'flake8' to check Python code syntax and style conventions
[2.470s] -- Configured 'flake8' exclude dirs and/or files: 
[2.471s] -- Added test 'lint_cmake' to check CMake code style
[2.472s] -- Added test 'pep257' to check Python code against some of the docstring style conventions in PEP 257
[2.473s] -- Added test 'uncrustify' to check C / C++ code style
[2.473s] -- Configured uncrustify additional arguments: 
[2.474s] -- Added test 'xmllint' to check XML markup files
[2.476s] -- Configuring done (2.5s)
[2.496s] -- Generating done (0.0s)
[2.502s] -- Build files have been written to: /home/guo/ITL_sentry_auto_new/build/dm_imu
[2.515s] Invoked command in '/home/guo/ITL_sentry_auto_new/build/dm_imu' returned '0': CMAKE_PREFIX_PATH=${CMAKE_PREFIX_PATH}:/opt/ros/rolling /usr/local/bin/cmake /home/guo/ITL_sentry_auto_new/src/core/device/imu -DCMAKE_INSTALL_PREFIX=/home/guo/ITL_sentry_auto_new/install/dm_imu
[2.516s] Invoking command in '/home/guo/ITL_sentry_auto_new/build/dm_imu': CMAKE_PREFIX_PATH=${CMAKE_PREFIX_PATH}:/opt/ros/rolling /usr/local/bin/cmake --build /home/guo/ITL_sentry_auto_new/build/dm_imu -- -j24 -l24
[2.539s] [ 14%] [32mBuilding CXX object CMakeFiles/dm_imu.dir/src/imu_driver.cpp.o[0m
[2.539s] [ 42%] [32mBuilding CXX object CMakeFiles/dm_imu_node.dir/src/bsp_crc.cpp.o[0m
[2.539s] [ 42%] [32mBuilding CXX object CMakeFiles/dm_imu_node.dir/src/imu_driver.cpp.o[0m
[2.540s] [ 57%] [32mBuilding CXX object CMakeFiles/dm_imu_node.dir/src/test_imu.cpp.o[0m
[2.540s] [ 71%] [32mBuilding CXX object CMakeFiles/dm_imu.dir/src/bsp_crc.cpp.o[0m
[9.946s] [ 85%] [32m[1mLinking CXX static library libdm_imu.a[0m
[10.016s] [100%] [32m[1mLinking CXX executable dm_imu_node[0m
[10.019s] [100%] Built target dm_imu
[10.402s] [100%] Built target dm_imu_node
[10.408s] Invoked command in '/home/guo/ITL_sentry_auto_new/build/dm_imu' returned '0': CMAKE_PREFIX_PATH=${CMAKE_PREFIX_PATH}:/opt/ros/rolling /usr/local/bin/cmake --build /home/guo/ITL_sentry_auto_new/build/dm_imu -- -j24 -l24
[10.410s] Invoking command in '/home/guo/ITL_sentry_auto_new/build/dm_imu': CMAKE_PREFIX_PATH=${CMAKE_PREFIX_PATH}:/opt/ros/rolling /usr/local/bin/cmake --install /home/guo/ITL_sentry_auto_new/build/dm_imu
[10.412s] -- Install configuration: ""
[10.412s] -- Installing: /home/guo/ITL_sentry_auto_new/install/dm_imu/lib/dm_imu/dm_imu_node
[10.414s] -- Set non-toolchain portion of runtime path of "/home/guo/ITL_sentry_auto_new/install/dm_imu/lib/dm_imu/dm_imu_node" to ""
[10.414s] -- Installing: /home/guo/ITL_sentry_auto_new/install/dm_imu/lib/dm_imu/libdm_imu.a
[10.417s] -- Installing: /home/guo/ITL_sentry_auto_new/install/dm_imu/include
[10.417s] -- Installing: /home/guo/ITL_sentry_auto_new/install/dm_imu/include/bsp_crc.h
[10.417s] -- Installing: /home/guo/ITL_sentry_auto_new/install/dm_imu/include/imu_driver.h
[10.418s] -- Installing: /home/guo/ITL_sentry_auto_new/install/dm_imu/share/dm_imu/launch
[10.418s] -- Installing: /home/guo/ITL_sentry_auto_new/install/dm_imu/share/dm_imu/launch/dm_rviz.launch.py
[10.418s] -- Installing: /home/guo/ITL_sentry_auto_new/install/dm_imu/share/dm_imu/launch/__pycache__
[10.418s] -- Installing: /home/guo/ITL_sentry_auto_new/install/dm_imu/share/dm_imu/launch/__pycache__/imu_with_params.launch.cpython-310.pyc
[10.418s] -- Installing: /home/guo/ITL_sentry_auto_new/install/dm_imu/share/dm_imu/launch/__pycache__/dm_rviz.launch.cpython-310.pyc
[10.418s] -- Installing: /home/guo/ITL_sentry_auto_new/install/dm_imu/share/dm_imu/launch/imu_launch.py
[10.418s] -- Installing: /home/guo/ITL_sentry_auto_new/install/dm_imu/share/dm_imu/launch/imu_with_params.launch.py
[10.419s] -- Installing: /home/guo/ITL_sentry_auto_new/install/dm_imu/share/dm_imu/rviz
[10.419s] -- Installing: /home/guo/ITL_sentry_auto_new/install/dm_imu/share/dm_imu/rviz/imu.rviz
[10.419s] -- Installing: /home/guo/ITL_sentry_auto_new/install/dm_imu/share/dm_imu/config
[10.419s] -- Installing: /home/guo/ITL_sentry_auto_new/install/dm_imu/share/dm_imu/config/imu_params.yaml
[10.419s] -- Installing: /home/guo/ITL_sentry_auto_new/install/dm_imu/share/dm_imu/environment/library_path.sh
[10.420s] -- Installing: /home/guo/ITL_sentry_auto_new/install/dm_imu/share/dm_imu/environment/library_path.dsv
[10.420s] -- Installing: /home/guo/ITL_sentry_auto_new/install/dm_imu/share/ament_index/resource_index/package_run_dependencies/dm_imu
[10.420s] -- Installing: /home/guo/ITL_sentry_auto_new/install/dm_imu/share/ament_index/resource_index/parent_prefix_path/dm_imu
[10.420s] -- Installing: /home/guo/ITL_sentry_auto_new/install/dm_imu/share/dm_imu/environment/ament_prefix_path.sh
[10.420s] -- Installing: /home/guo/ITL_sentry_auto_new/install/dm_imu/share/dm_imu/environment/ament_prefix_path.dsv
[10.420s] -- Installing: /home/guo/ITL_sentry_auto_new/install/dm_imu/share/dm_imu/environment/path.sh
[10.421s] -- Installing: /home/guo/ITL_sentry_auto_new/install/dm_imu/share/dm_imu/environment/path.dsv
[10.421s] -- Installing: /home/guo/ITL_sentry_auto_new/install/dm_imu/share/dm_imu/local_setup.bash
[10.421s] -- Installing: /home/guo/ITL_sentry_auto_new/install/dm_imu/share/dm_imu/local_setup.sh
[10.421s] -- Installing: /home/guo/ITL_sentry_auto_new/install/dm_imu/share/dm_imu/local_setup.zsh
[10.421s] -- Installing: /home/guo/ITL_sentry_auto_new/install/dm_imu/share/dm_imu/local_setup.dsv
[10.421s] -- Installing: /home/guo/ITL_sentry_auto_new/install/dm_imu/share/dm_imu/package.dsv
[10.421s] -- Installing: /home/guo/ITL_sentry_auto_new/install/dm_imu/share/ament_index/resource_index/packages/dm_imu
[10.422s] -- Installing: /home/guo/ITL_sentry_auto_new/install/dm_imu/share/dm_imu/cmake/ament_cmake_export_include_directories-extras.cmake
[10.422s] -- Installing: /home/guo/ITL_sentry_auto_new/install/dm_imu/share/dm_imu/cmake/ament_cmake_export_libraries-extras.cmake
[10.423s] -- Installing: /home/guo/ITL_sentry_auto_new/install/dm_imu/share/dm_imu/cmake/ament_cmake_export_dependencies-extras.cmake
[10.424s] -- Installing: /home/guo/ITL_sentry_auto_new/install/dm_imu/share/dm_imu/cmake/dm_imuConfig.cmake
[10.424s] -- Installing: /home/guo/ITL_sentry_auto_new/install/dm_imu/share/dm_imu/cmake/dm_imuConfig-version.cmake
[10.424s] -- Installing: /home/guo/ITL_sentry_auto_new/install/dm_imu/share/dm_imu/package.xml
[10.424s] Invoked command in '/home/guo/ITL_sentry_auto_new/build/dm_imu' returned '0': CMAKE_PREFIX_PATH=${CMAKE_PREFIX_PATH}:/opt/ros/rolling /usr/local/bin/cmake --install /home/guo/ITL_sentry_auto_new/build/dm_imu
