[0.054s] Invoking command in '/home/guo/ITL_sentry_auto_new/build/tracker': CMAKE_PREFIX_PATH=/home/guo/ITL_sentry_auto_new/install/aimer:/home/guo/ITL_sentry_auto_new/install/predictor:/home/guo/ITL_sentry_auto_new/install/solver:/home/guo/ITL_sentry_auto_new/install/gimbal:/home/guo/ITL_sentry_auto_new/install/serial:/home/guo/ITL_sentry_auto_new/install/motion_model:/home/guo/ITL_sentry_auto_new/install/detected:/home/guo/ITL_sentry_auto_new/install/cboard:/home/guo/ITL_sentry_auto_new/install/utils:/home/guo/ITL_sentry_auto_new/install/filter_lib:/home/guo/ITL_sentry_auto_new/install/autoaim_msgs:/home/guo/ITL_sentry_auto_new/install/tracker:/home/guo/ITL_sentry_auto_new/install/pipeline:/home/guo/ITL_sentry_auto_new/install/hikvision:/home/guo/ITL_sentry_auto_new/install/dm_imu:/home/guo/ITL_sentry_auto_new/install/armor_pointer:/opt/ros/rolling LD_LIBRARY_PATH=/home/guo/ITL_sentry_auto_new/install/aimer/lib:/home/guo/ITL_sentry_auto_new/install/predictor/lib:/home/guo/ITL_sentry_auto_new/install/solver/lib:/home/guo/ITL_sentry_auto_new/install/gimbal/lib:/home/guo/ITL_sentry_auto_new/install/serial/lib:/home/guo/ITL_sentry_auto_new/install/motion_model/lib:/home/guo/ITL_sentry_auto_new/install/detected/lib:/home/guo/ITL_sentry_auto_new/install/cboard/lib:/home/guo/ITL_sentry_auto_new/install/autoaim_msgs/lib:/home/guo/ITL_sentry_auto_new/install/tracker/lib:/home/guo/ITL_sentry_auto_new/install/hikvision/lib:/home/guo/ITL_sentry_auto_new/install/dm_imu/lib:/home/guo/ITL_sentry_auto_new/install/utils/lib:/home/guo/ITL_sentry_auto_new/install/filter_lib/lib:/home/guo/ITL_sentry_auto_new/install/armor_pointer/lib:/usr/lib/x86_64-linux-gnu:/opt/ros/rolling/opt/rviz_ogre_vendor/lib:/opt/ros/rolling/lib/x86_64-linux-gnu:/opt/ros/rolling/lib:/opt/MVS/lib/64:/opt/MVS/lib/32:/usr/local/TensorRT.10.7.0.23/lib:/usr/lib/x86_64-linux-gnu:/usr/local/cuda/lib64:/opt/MVS/lib/64:/opt/MVS/lib/32:/opt/MVS/lib/64:/opt/MVS/lib/32 /usr/local/bin/cmake --build /home/guo/ITL_sentry_auto_new/build/tracker -- -j24 -l24
[0.112s] [ 25%] [32mBuilding CXX object CMakeFiles/tracker_lib.dir/src/tracker.cpp.o[0m
[1.924s] In file included from [01m[K/home/guo/ITL_sentry_auto_new/src/core/tracker/src/tracker.cpp:1[m[K:
[1.924s] [01m[K/home/guo/ITL_sentry_auto_new/src/core/tracker/include/tracker.hpp:56:29:[m[K [01;31m[Kerror: [m[K‘[01m[KArmorsr[m[K’ was not declared in this scope; did you mean ‘[01m[KArmors[m[K’?
[1.924s]    56 |   bool set_target(std::list<[01;31m[KArmorsr[m[K> & armors,
[1.924s]       |                             [01;31m[K^~~~~~~[m[K
[1.924s]       |                             [32m[KArmors[m[K
[1.924s] [01m[K/home/guo/ITL_sentry_auto_new/src/core/tracker/include/tracker.hpp:56:36:[m[K [01;31m[Kerror: [m[Ktemplate argument 1 is invalid
[1.924s]    56 |   bool set_target(std::list<Armorsr[01;31m[K>[m[K & armors,
[1.924s]       |                                    [01;31m[K^[m[K
[1.924s] [01m[K/home/guo/ITL_sentry_auto_new/src/core/tracker/include/tracker.hpp:56:36:[m[K [01;31m[Kerror: [m[Ktemplate argument 2 is invalid
[3.249s] [01m[K/home/guo/ITL_sentry_auto_new/src/core/tracker/src/tracker.cpp:[m[K In lambda function:
[3.249s] [01m[K/home/guo/ITL_sentry_auto_new/src/core/tracker/src/tracker.cpp:58:19:[m[K [01;31m[Kerror: [m[Kno match for ‘[01m[Koperator==[m[K’ (operand types are ‘[01m[Karmor_auto_aim::Color[m[K’ and ‘[01m[Kconst char [4][m[K’)
[3.249s]    58 |       if ([32m[Ka.color[m[K [01;31m[K==[m[K [34m[K"red"[m[K) {
[3.249s]       |           [32m[K~~~~~~~[m[K [01;31m[K^~[m[K [34m[K~~~~~[m[K
[3.249s]       |             [32m[K|[m[K        [34m[K|[m[K
[3.249s]       |             [32m[K|[m[K        [34m[Kconst char [4][m[K
[3.249s]       |             [32m[Karmor_auto_aim::Color[m[K
[3.249s] [01m[K/home/guo/ITL_sentry_auto_new/src/core/tracker/src/tracker.cpp:60:26:[m[K [01;31m[Kerror: [m[Kno match for ‘[01m[Koperator==[m[K’ (operand types are ‘[01m[Karmor_auto_aim::Color[m[K’ and ‘[01m[Kconst char [5][m[K’)
[3.249s]    60 |       } else if ([32m[Ka.color[m[K [01;31m[K==[m[K [34m[K"blue"[m[K) {
[3.249s]       |                  [32m[K~~~~~~~[m[K [01;31m[K^~[m[K [34m[K~~~~~~[m[K
[3.249s]       |                    [32m[K|[m[K        [34m[K|[m[K
[3.249s]       |                    [32m[K|[m[K        [34m[Kconst char [5][m[K
[3.250s]       |                    [32m[Karmor_auto_aim::Color[m[K
[3.250s] [01m[K/home/guo/ITL_sentry_auto_new/src/core/tracker/src/tracker.cpp:62:26:[m[K [01;31m[Kerror: [m[Kno match for ‘[01m[Koperator==[m[K’ (operand types are ‘[01m[Karmor_auto_aim::Color[m[K’ and ‘[01m[Kconst char [11][m[K’)
[3.250s]    62 |       } else if ([32m[Ka.color[m[K [01;31m[K==[m[K [34m[K"extinguish"[m[K) {
[3.250s]       |                  [32m[K~~~~~~~[m[K [01;31m[K^~[m[K [34m[K~~~~~~~~~~~~[m[K
[3.250s]       |                    [32m[K|[m[K        [34m[K|[m[K
[3.250s]       |                    [32m[K|[m[K        [34m[Kconst char [11][m[K
[3.250s]       |                    [32m[Karmor_auto_aim::Color[m[K
[3.250s] [01m[K/home/guo/ITL_sentry_auto_new/src/core/tracker/src/tracker.cpp:[m[K In member function ‘[01m[Kstd::__cxx11::list<predict::Target> tracker::Tracker::track(std::__cxx11::list<armor_auto_aim::Armor>&, std::chrono::_V2::steady_clock::time_point, bool)[m[K’:
[3.250s] [01m[K/home/guo/ITL_sentry_auto_new/src/core/tracker/src/tracker.cpp:90:24:[m[K [01;31m[Kerror: [m[Kcannot convert ‘[01m[Kstd::__cxx11::list<armor_auto_aim::Armor>[m[K’ to ‘[01m[Kint&[m[K’
[3.250s]    90 |     found = set_target([01;31m[Karmors[m[K, t);
[3.250s]       |                        [01;31m[K^~~~~~[m[K
[3.250s]       |                        [01;31m[K|[m[K
[3.250s]       |                        [01;31m[Kstd::__cxx11::list<armor_auto_aim::Armor>[m[K
[3.250s] In file included from [01m[K/home/guo/ITL_sentry_auto_new/src/core/tracker/src/tracker.cpp:1[m[K:
[3.250s] [01m[K/home/guo/ITL_sentry_auto_new/src/core/tracker/include/tracker.hpp:56:40:[m[K [01;36m[Knote: [m[K  initializing argument 1 of ‘[01m[Kbool tracker::Tracker::set_target(int&, std::chrono::_V2::steady_clock::time_point)[m[K’
[3.250s]    56 |   bool set_target([01;36m[Kstd::list<Armorsr> & armors[m[K,
[3.250s]       |                   [01;36m[K~~~~~~~~~~~~~~~~~~~~~^~~~~~[m[K
[3.252s] In file included from [01m[K/opt/ros/rolling/include/rclcpp/rclcpp/logging.hpp:24[m[K,
[3.252s]                  from [01m[K/opt/ros/rolling/include/rclcpp/rclcpp/copy_all_parameter_values.hpp:27[m[K,
[3.252s]                  from [01m[K/opt/ros/rolling/include/rclcpp/rclcpp/rclcpp.hpp:171[m[K,
[3.252s]                  from [01m[K/home/guo/ITL_sentry_auto_new/src/core/tracker/src/tracker.cpp:5[m[K:
[3.252s] [01m[K/home/guo/ITL_sentry_auto_new/src/core/tracker/src/tracker.cpp:119:19:[m[K [01;35m[Kwarning: [m[Kformat ‘[01m[K%d[m[K’ expects argument of type ‘[01m[Kint[m[K’, but argument 6 has type ‘[01m[Klong unsigned int[m[K’ [[01;35m[K]8;;https://gcc.gnu.org/onlinedocs/gcc/Warning-Options.html#index-Wformat=-Wformat=]8;;[m[K]
[3.252s]   119 |                   [01;35m[K"NIS失败率过高 (%d/%d)，重置为lost"[m[K,
[3.252s]       |                   [01;35m[K^~~~~~~~~~~~~~~~~~~~~~~~~~~~~~~~~~~[m[K
[3.252s]   120 |                   failures, [32m[Kekf.window_size[m[K);
[3.252s]       |                             [32m[K~~~~~~~~~~~~~~~[m[K
[3.252s]       |                                 [32m[K|[m[K
[3.252s]       |                                 [32m[Klong unsigned int[m[K
[3.252s] [01m[K/home/guo/ITL_sentry_auto_new/src/core/tracker/src/tracker.cpp:119:39:[m[K [01;36m[Knote: [m[Kformat string is defined here
[3.252s]   119 |                   "NIS失败率过高 (%d/[01;36m[K%d[m[K)，重置为lost",
[3.252s]       |                                      [01;36m[K~^[m[K
[3.252s]       |                                       [01;36m[K|[m[K
[3.252s]       |                                       [01;36m[Kint[m[K
[3.252s]       |                                      [32m[K%ld[m[K
[3.255s] [01m[K/home/guo/ITL_sentry_auto_new/src/core/tracker/src/tracker.cpp:[m[K At global scope:
[3.255s] [01m[K/home/guo/ITL_sentry_auto_new/src/core/tracker/src/tracker.cpp:207:6:[m[K [01;31m[Kerror: [m[Kno declaration matches ‘[01m[Kbool tracker::Tracker::set_target(std::__cxx11::list<armor_auto_aim::Armor>&, std::chrono::_V2::steady_clock::time_point)[m[K’
[3.255s]   207 | bool [01;31m[KTracker[m[K::set_target(std::list<Armors> & armors,
[3.255s]       |      [01;31m[K^~~~~~~[m[K
[3.255s] In file included from [01m[K/home/guo/ITL_sentry_auto_new/src/core/tracker/src/tracker.cpp:1[m[K:
[3.255s] [01m[K/home/guo/ITL_sentry_auto_new/src/core/tracker/include/tracker.hpp:56:8:[m[K [01;36m[Knote: [m[Kcandidate is: ‘[01m[Kbool tracker::Tracker::set_target(int&, std::chrono::_V2::steady_clock::time_point)[m[K’
[3.255s]    56 |   bool [01;36m[Kset_target[m[K(std::list<Armorsr> & armors,
[3.255s]       |        [01;36m[K^~~~~~~~~~[m[K
[3.255s] [01m[K/home/guo/ITL_sentry_auto_new/src/core/tracker/include/tracker.hpp:22:7:[m[K [01;36m[Knote: [m[K‘[01m[Kclass tracker::Tracker[m[K’ defined here
[3.255s]    22 | class [01;36m[KTracker[m[K
[3.255s]       |       [01;36m[K^~~~~~~[m[K
[3.256s] [01m[K/home/guo/ITL_sentry_auto_new/src/core/tracker/src/tracker.cpp:290:6:[m[K [01;31m[Kerror: [m[Kno declaration matches ‘[01m[Kbool tracker::Tracker::update_target(std::__cxx11::list<autoaim_msgs::msg::Armor_<std::allocator<void> > >&, std::chrono::_V2::steady_clock::time_point)[m[K’
[3.256s]   290 | bool [01;31m[KTracker[m[K::update_target(std::list<autoaim_msgs::msg::Armor> & armors,
[3.256s]       |      [01;31m[K^~~~~~~[m[K
[3.256s] In file included from [01m[K/home/guo/ITL_sentry_auto_new/src/core/tracker/src/tracker.cpp:1[m[K:
[3.256s] [01m[K/home/guo/ITL_sentry_auto_new/src/core/tracker/include/tracker.hpp:58:8:[m[K [01;36m[Knote: [m[Kcandidate is: ‘[01m[Kbool tracker::Tracker::update_target(std::__cxx11::list<armor_auto_aim::Armor>&, std::chrono::_V2::steady_clock::time_point)[m[K’
[3.256s]    58 |   bool [01;36m[Kupdate_target[m[K(std::list<Armors> & armors,
[3.256s]       |        [01;36m[K^~~~~~~~~~~~~[m[K
[3.256s] [01m[K/home/guo/ITL_sentry_auto_new/src/core/tracker/include/tracker.hpp:22:7:[m[K [01;36m[Knote: [m[K‘[01m[Kclass tracker::Tracker[m[K’ defined here
[3.256s]    22 | class [01;36m[KTracker[m[K
[3.256s]       |       [01;36m[K^~~~~~~[m[K
[5.159s] gmake[2]: *** [CMakeFiles/tracker_lib.dir/build.make:76：CMakeFiles/tracker_lib.dir/src/tracker.cpp.o] 错误 1
[5.159s] gmake[1]: *** [CMakeFiles/Makefile2:139：CMakeFiles/tracker_lib.dir/all] 错误 2
[5.160s] gmake: *** [Makefile:146：all] 错误 2
[5.161s] Invoked command in '/home/guo/ITL_sentry_auto_new/build/tracker' returned '2': CMAKE_PREFIX_PATH=/home/guo/ITL_sentry_auto_new/install/aimer:/home/guo/ITL_sentry_auto_new/install/predictor:/home/guo/ITL_sentry_auto_new/install/solver:/home/guo/ITL_sentry_auto_new/install/gimbal:/home/guo/ITL_sentry_auto_new/install/serial:/home/guo/ITL_sentry_auto_new/install/motion_model:/home/guo/ITL_sentry_auto_new/install/detected:/home/guo/ITL_sentry_auto_new/install/cboard:/home/guo/ITL_sentry_auto_new/install/utils:/home/guo/ITL_sentry_auto_new/install/filter_lib:/home/guo/ITL_sentry_auto_new/install/autoaim_msgs:/home/guo/ITL_sentry_auto_new/install/tracker:/home/guo/ITL_sentry_auto_new/install/pipeline:/home/guo/ITL_sentry_auto_new/install/hikvision:/home/guo/ITL_sentry_auto_new/install/dm_imu:/home/guo/ITL_sentry_auto_new/install/armor_pointer:/opt/ros/rolling LD_LIBRARY_PATH=/home/guo/ITL_sentry_auto_new/install/aimer/lib:/home/guo/ITL_sentry_auto_new/install/predictor/lib:/home/guo/ITL_sentry_auto_new/install/solver/lib:/home/guo/ITL_sentry_auto_new/install/gimbal/lib:/home/guo/ITL_sentry_auto_new/install/serial/lib:/home/guo/ITL_sentry_auto_new/install/motion_model/lib:/home/guo/ITL_sentry_auto_new/install/detected/lib:/home/guo/ITL_sentry_auto_new/install/cboard/lib:/home/guo/ITL_sentry_auto_new/install/autoaim_msgs/lib:/home/guo/ITL_sentry_auto_new/install/tracker/lib:/home/guo/ITL_sentry_auto_new/install/hikvision/lib:/home/guo/ITL_sentry_auto_new/install/dm_imu/lib:/home/guo/ITL_sentry_auto_new/install/utils/lib:/home/guo/ITL_sentry_auto_new/install/filter_lib/lib:/home/guo/ITL_sentry_auto_new/install/armor_pointer/lib:/usr/lib/x86_64-linux-gnu:/opt/ros/rolling/opt/rviz_ogre_vendor/lib:/opt/ros/rolling/lib/x86_64-linux-gnu:/opt/ros/rolling/lib:/opt/MVS/lib/64:/opt/MVS/lib/32:/usr/local/TensorRT.10.7.0.23/lib:/usr/lib/x86_64-linux-gnu:/usr/local/cuda/lib64:/opt/MVS/lib/64:/opt/MVS/lib/32:/opt/MVS/lib/64:/opt/MVS/lib/32 /usr/local/bin/cmake --build /home/guo/ITL_sentry_auto_new/build/tracker -- -j24 -l24
