[0.009s] Invoking command in '/home/guo/ITL_sentry_auto/build/launch_node': CMAKE_PREFIX_PATH=${CMAKE_PREFIX_PATH}:/home/guo/ITL_sentry_auto/install/pkg02_helloworld_py:/opt/ros/rolling /usr/local/bin/cmake /home/guo/ITL_sentry_auto/src/launch -DCMAKE_INSTALL_PREFIX=/home/guo/ITL_sentry_auto/install/launch_node
[0.047s] -- The C compiler identification is GNU 11.4.0
[0.088s] -- The CXX compiler identification is GNU 11.4.0
[0.102s] -- Detecting C compiler ABI info
[0.152s] -- Detecting C compiler ABI info - done
[0.160s] -- Check for working C compiler: /usr/bin/cc - skipped
[0.160s] -- Detecting C compile features
[0.160s] -- Detecting C compile features - done
[0.168s] -- Detecting CXX compiler ABI info
[0.227s] -- Detecting CXX compiler ABI info - done
[0.236s] -- Check for working CXX compiler: /usr/bin/c++ - skipped
[0.236s] -- Detecting CXX compile features
[0.237s] -- Detecting CXX compile features - done
[0.238s] -- Found ament_cmake_auto: 2.3.2 (/opt/ros/rolling/share/ament_cmake_auto/cmake)
[0.599s] -- Found Python3: /usr/bin/python3.10 (found version "3.10.12") found components: Interpreter 
[0.665s] -- Found rclcpp: 27.0.0 (/opt/ros/rolling/share/rclcpp/cmake)
[0.694s] -- Found rosidl_generator_c: 4.5.1 (/opt/ros/rolling/share/rosidl_generator_c/cmake)
[0.704s] -- Found rosidl_generator_cpp: 4.5.1 (/opt/ros/rolling/share/rosidl_generator_cpp/cmake)
[0.717s] -- Using all available rosidl_typesupport_c: rosidl_typesupport_fastrtps_c;rosidl_typesupport_introspection_c
[0.733s] -- Using all available rosidl_typesupport_cpp: rosidl_typesupport_fastrtps_cpp;rosidl_typesupport_introspection_cpp
[0.886s] -- Found rmw_implementation_cmake: 7.3.0 (/opt/ros/rolling/share/rmw_implementation_cmake/cmake)
[0.888s] -- Found rmw_fastrtps_cpp: 8.2.0 (/opt/ros/rolling/share/rmw_fastrtps_cpp/cmake)
[0.972s] -- Found OpenSSL: /usr/lib/x86_64-linux-gnu/libcrypto.so (found version "3.0.2")  
[0.994s] -- Found FastRTPS: /opt/ros/rolling/include  
[1.030s] -- Using RMW implementation 'rmw_fastrtps_cpp' as default
[1.193s] -- Found std_msgs: 5.3.0 (/opt/ros/rolling/share/std_msgs/cmake)
[1.223s] -- Found geometry_msgs: 5.3.0 (/opt/ros/rolling/share/geometry_msgs/cmake)
[1.307s] -- Found ament_lint_auto: 0.16.3 (/opt/ros/rolling/share/ament_lint_auto/cmake)
[1.319s] -- Added test 'flake8' to check Python code syntax and style conventions
[1.319s] -- Configured 'flake8' exclude dirs and/or files: 
[1.319s] -- Added test 'lint_cmake' to check CMake code style
[1.319s] -- Added test 'pep257' to check Python code against some of the docstring style conventions in PEP 257
[1.320s] -- Added test 'xmllint' to check XML markup files
[1.321s] -- Configuring done (1.3s)
[1.325s] -- Generating done (0.0s)
[1.326s] -- Build files have been written to: /home/guo/ITL_sentry_auto/build/launch_node
[1.333s] Invoked command in '/home/guo/ITL_sentry_auto/build/launch_node' returned '0': CMAKE_PREFIX_PATH=${CMAKE_PREFIX_PATH}:/home/guo/ITL_sentry_auto/install/pkg02_helloworld_py:/opt/ros/rolling /usr/local/bin/cmake /home/guo/ITL_sentry_auto/src/launch -DCMAKE_INSTALL_PREFIX=/home/guo/ITL_sentry_auto/install/launch_node
[1.334s] Invoking command in '/home/guo/ITL_sentry_auto/build/launch_node': CMAKE_PREFIX_PATH=${CMAKE_PREFIX_PATH}:/home/guo/ITL_sentry_auto/install/pkg02_helloworld_py:/opt/ros/rolling /usr/local/bin/cmake --build /home/guo/ITL_sentry_auto/build/launch_node -- -j24 -l24
[1.346s] Invoked command in '/home/guo/ITL_sentry_auto/build/launch_node' returned '0': CMAKE_PREFIX_PATH=${CMAKE_PREFIX_PATH}:/home/guo/ITL_sentry_auto/install/pkg02_helloworld_py:/opt/ros/rolling /usr/local/bin/cmake --build /home/guo/ITL_sentry_auto/build/launch_node -- -j24 -l24
[1.349s] Invoking command in '/home/guo/ITL_sentry_auto/build/launch_node': CMAKE_PREFIX_PATH=${CMAKE_PREFIX_PATH}:/home/guo/ITL_sentry_auto/install/pkg02_helloworld_py:/opt/ros/rolling /usr/local/bin/cmake --install /home/guo/ITL_sentry_auto/build/launch_node
[1.351s] -- Install configuration: ""
[1.351s] -- Up-to-date: /home/guo/ITL_sentry_auto/install/launch_node/share/launch_node/launch
[1.351s] -- Up-to-date: /home/guo/ITL_sentry_auto/install/launch_node/share/launch_node/launch/launch_red.launch.py
[1.352s] -- Up-to-date: /home/guo/ITL_sentry_auto/install/launch_node/share/launch_node/launch/launch_blue.launch.py
[1.352s] -- Up-to-date: /home/guo/ITL_sentry_auto/install/launch_node/share/launch_node/config
[1.352s] -- Up-to-date: /home/guo/ITL_sentry_auto/install/launch_node/share/launch_node/config/angle_solver_params.xml
[1.352s] -- Installing: /home/guo/ITL_sentry_auto/install/launch_node/share/ament_index/resource_index/package_run_dependencies/launch_node
[1.352s] -- Installing: /home/guo/ITL_sentry_auto/install/launch_node/share/ament_index/resource_index/parent_prefix_path/launch_node
[1.352s] -- Up-to-date: /home/guo/ITL_sentry_auto/install/launch_node/share/launch_node/environment/ament_prefix_path.sh
[1.352s] -- Installing: /home/guo/ITL_sentry_auto/install/launch_node/share/launch_node/environment/ament_prefix_path.dsv
[1.352s] -- Up-to-date: /home/guo/ITL_sentry_auto/install/launch_node/share/launch_node/environment/path.sh
[1.352s] -- Installing: /home/guo/ITL_sentry_auto/install/launch_node/share/launch_node/environment/path.dsv
[1.352s] -- Installing: /home/guo/ITL_sentry_auto/install/launch_node/share/launch_node/local_setup.bash
[1.352s] -- Installing: /home/guo/ITL_sentry_auto/install/launch_node/share/launch_node/local_setup.sh
[1.352s] -- Installing: /home/guo/ITL_sentry_auto/install/launch_node/share/launch_node/local_setup.zsh
[1.352s] -- Installing: /home/guo/ITL_sentry_auto/install/launch_node/share/launch_node/local_setup.dsv
[1.352s] -- Installing: /home/guo/ITL_sentry_auto/install/launch_node/share/launch_node/package.dsv
[1.352s] -- Installing: /home/guo/ITL_sentry_auto/install/launch_node/share/ament_index/resource_index/packages/launch_node
[1.352s] -- Installing: /home/guo/ITL_sentry_auto/install/launch_node/share/launch_node/cmake/ament_cmake_export_dependencies-extras.cmake
[1.352s] -- Installing: /home/guo/ITL_sentry_auto/install/launch_node/share/launch_node/cmake/launch_nodeConfig.cmake
[1.352s] -- Installing: /home/guo/ITL_sentry_auto/install/launch_node/share/launch_node/cmake/launch_nodeConfig-version.cmake
[1.352s] -- Up-to-date: /home/guo/ITL_sentry_auto/install/launch_node/share/launch_node/package.xml
[1.354s] Invoked command in '/home/guo/ITL_sentry_auto/build/launch_node' returned '0': CMAKE_PREFIX_PATH=${CMAKE_PREFIX_PATH}:/home/guo/ITL_sentry_auto/install/pkg02_helloworld_py:/opt/ros/rolling /usr/local/bin/cmake --install /home/guo/ITL_sentry_auto/build/launch_node
