[0.062s] [34mcolcon[0m [1;30mDEBUG[0m [32mCommand line arguments: ['/usr/bin/colcon', 'build'][0m
[0.062s] [34mcolcon[0m [1;30mDEBUG[0m [32mParsed command line arguments: Namespace(log_base=None, log_level=None, verb_name='build', build_base='build', install_base='install', merge_install=False, symlink_install=False, test_result_base=None, continue_on_error=False, executor='parallel', parallel_workers=16, event_handlers=None, ignore_user_meta=False, metas=['./colcon.meta'], base_paths=['.'], packages_ignore=None, packages_ignore_regex=None, paths=None, packages_up_to=None, packages_up_to_regex=None, packages_above=None, packages_above_and_dependencies=None, packages_above_depth=None, packages_select_by_dep=None, packages_skip_by_dep=None, packages_skip_up_to=None, packages_select_build_failed=False, packages_skip_build_finished=False, packages_select_test_failures=False, packages_skip_test_passed=False, packages_select=None, packages_skip=None, packages_select_regex=None, packages_skip_regex=None, packages_start=None, packages_end=None, allow_overriding=[], cmake_args=None, cmake_target=None, cmake_target_skip_unavailable=False, cmake_clean_cache=False, cmake_clean_first=False, cmake_force_configure=False, ament_cmake_args=None, catkin_cmake_args=None, catkin_skip_building_tests=False, verb_parser=<colcon_defaults.argument_parser.defaults.DefaultArgumentsDecorator object at 0x7444c57e5de0>, verb_extension=<colcon_core.verb.build.BuildVerb object at 0x7444c598b6a0>, main=<bound method BuildVerb.main of <colcon_core.verb.build.BuildVerb object at 0x7444c598b6a0>>)[0m
[0.145s] [34mcolcon.colcon_core.package_discovery[0m [1;30mLevel 1[0m discover_packages(colcon_meta) check parameters
[0.145s] [34mcolcon.colcon_core.package_discovery[0m [1;30mLevel 1[0m discover_packages(recursive) check parameters
[0.145s] [34mcolcon.colcon_core.package_discovery[0m [1;30mLevel 1[0m discover_packages(ignore) check parameters
[0.145s] [34mcolcon.colcon_core.package_discovery[0m [1;30mLevel 1[0m discover_packages(path) check parameters
[0.145s] [34mcolcon.colcon_core.package_discovery[0m [1;30mLevel 1[0m discover_packages(colcon_meta) discover
[0.145s] [34mcolcon.colcon_core.package_discovery[0m [1;30mLevel 1[0m discover_packages(recursive) discover
[0.145s] [34mcolcon.colcon_core.package_discovery[0m [1;30mINFO[0m Crawling recursively for packages in '/home/shaobing/rm_ws'
[0.145s] [34mcolcon.colcon_core.package_identification[0m [1;30mLevel 1[0m _identify(.) by extensions ['ignore', 'ignore_ament_install']
[0.145s] [34mcolcon.colcon_core.package_identification[0m [1;30mLevel 1[0m _identify(.) by extension 'ignore'
[0.145s] [34mcolcon.colcon_core.package_identification[0m [1;30mLevel 1[0m _identify(.) by extension 'ignore_ament_install'
[0.145s] [34mcolcon.colcon_core.package_identification[0m [1;30mLevel 1[0m _identify(.) by extensions ['colcon_pkg']
[0.145s] [34mcolcon.colcon_core.package_identification[0m [1;30mLevel 1[0m _identify(.) by extension 'colcon_pkg'
[0.145s] [34mcolcon.colcon_core.package_identification[0m [1;30mLevel 1[0m _identify(.) by extensions ['colcon_meta']
[0.145s] [34mcolcon.colcon_core.package_identification[0m [1;30mLevel 1[0m _identify(.) by extension 'colcon_meta'
[0.145s] [34mcolcon.colcon_core.package_identification[0m [1;30mLevel 1[0m _identify(.) by extensions ['ros']
[0.145s] [34mcolcon.colcon_core.package_identification[0m [1;30mLevel 1[0m _identify(.) by extension 'ros'
[0.151s] [34mcolcon.colcon_core.package_identification[0m [1;30mLevel 1[0m _identify(.) by extensions ['cmake', 'python']
[0.151s] [34mcolcon.colcon_core.package_identification[0m [1;30mLevel 1[0m _identify(.) by extension 'cmake'
[0.151s] [34mcolcon.colcon_core.package_identification[0m [1;30mLevel 1[0m _identify(.) by extension 'python'
[0.151s] [34mcolcon.colcon_core.package_identification[0m [1;30mLevel 1[0m _identify(.) by extensions ['python_setup_py']
[0.151s] [34mcolcon.colcon_core.package_identification[0m [1;30mLevel 1[0m _identify(.) by extension 'python_setup_py'
[0.151s] [34mcolcon.colcon_core.package_identification[0m [1;30mLevel 1[0m _identify(build) by extensions ['ignore', 'ignore_ament_install']
[0.151s] [34mcolcon.colcon_core.package_identification[0m [1;30mLevel 1[0m _identify(build) by extension 'ignore'
[0.151s] [34mcolcon.colcon_core.package_identification[0m [1;30mLevel 1[0m _identify(build) ignored
[0.152s] [34mcolcon.colcon_core.package_identification[0m [1;30mLevel 1[0m _identify(install) by extensions ['ignore', 'ignore_ament_install']
[0.152s] [34mcolcon.colcon_core.package_identification[0m [1;30mLevel 1[0m _identify(install) by extension 'ignore'
[0.152s] [34mcolcon.colcon_core.package_identification[0m [1;30mLevel 1[0m _identify(install) ignored
[0.152s] [34mcolcon.colcon_core.package_identification[0m [1;30mLevel 1[0m _identify(log) by extensions ['ignore', 'ignore_ament_install']
[0.152s] [34mcolcon.colcon_core.package_identification[0m [1;30mLevel 1[0m _identify(log) by extension 'ignore'
[0.152s] [34mcolcon.colcon_core.package_identification[0m [1;30mLevel 1[0m _identify(log) ignored
[0.152s] [34mcolcon.colcon_core.package_identification[0m [1;30mLevel 1[0m _identify(src) by extensions ['ignore', 'ignore_ament_install']
[0.152s] [34mcolcon.colcon_core.package_identification[0m [1;30mLevel 1[0m _identify(src) by extension 'ignore'
[0.152s] [34mcolcon.colcon_core.package_identification[0m [1;30mLevel 1[0m _identify(src) by extension 'ignore_ament_install'
[0.152s] [34mcolcon.colcon_core.package_identification[0m [1;30mLevel 1[0m _identify(src) by extensions ['colcon_pkg']
[0.152s] [34mcolcon.colcon_core.package_identification[0m [1;30mLevel 1[0m _identify(src) by extension 'colcon_pkg'
[0.152s] [34mcolcon.colcon_core.package_identification[0m [1;30mLevel 1[0m _identify(src) by extensions ['colcon_meta']
[0.152s] [34mcolcon.colcon_core.package_identification[0m [1;30mLevel 1[0m _identify(src) by extension 'colcon_meta'
[0.152s] [34mcolcon.colcon_core.package_identification[0m [1;30mLevel 1[0m _identify(src) by extensions ['ros']
[0.152s] [34mcolcon.colcon_core.package_identification[0m [1;30mLevel 1[0m _identify(src) by extension 'ros'
[0.152s] [34mcolcon.colcon_core.package_identification[0m [1;30mLevel 1[0m _identify(src) by extensions ['cmake', 'python']
[0.152s] [34mcolcon.colcon_core.package_identification[0m [1;30mLevel 1[0m _identify(src) by extension 'cmake'
[0.152s] [34mcolcon.colcon_core.package_identification[0m [1;30mLevel 1[0m _identify(src) by extension 'python'
[0.152s] [34mcolcon.colcon_core.package_identification[0m [1;30mLevel 1[0m _identify(src) by extensions ['python_setup_py']
[0.152s] [34mcolcon.colcon_core.package_identification[0m [1;30mLevel 1[0m _identify(src) by extension 'python_setup_py'
[0.152s] [34mcolcon.colcon_core.package_identification[0m [1;30mLevel 1[0m _identify(src/anlesover) by extensions ['ignore', 'ignore_ament_install']
[0.152s] [34mcolcon.colcon_core.package_identification[0m [1;30mLevel 1[0m _identify(src/anlesover) by extension 'ignore'
[0.152s] [34mcolcon.colcon_core.package_identification[0m [1;30mLevel 1[0m _identify(src/anlesover) by extension 'ignore_ament_install'
[0.152s] [34mcolcon.colcon_core.package_identification[0m [1;30mLevel 1[0m _identify(src/anlesover) by extensions ['colcon_pkg']
[0.152s] [34mcolcon.colcon_core.package_identification[0m [1;30mLevel 1[0m _identify(src/anlesover) by extension 'colcon_pkg'
[0.152s] [34mcolcon.colcon_core.package_identification[0m [1;30mLevel 1[0m _identify(src/anlesover) by extensions ['colcon_meta']
[0.152s] [34mcolcon.colcon_core.package_identification[0m [1;30mLevel 1[0m _identify(src/anlesover) by extension 'colcon_meta'
[0.152s] [34mcolcon.colcon_core.package_identification[0m [1;30mLevel 1[0m _identify(src/anlesover) by extensions ['ros']
[0.152s] [34mcolcon.colcon_core.package_identification[0m [1;30mLevel 1[0m _identify(src/anlesover) by extension 'ros'
[0.154s] [34mcolcon.colcon_core.package_identification[0m [1;30mDEBUG[0m [32mPackage 'src/anlesover' with type 'ros.ament_cmake' and name 'anlesover'[0m
[0.154s] [34mcolcon.colcon_core.package_identification[0m [1;30mLevel 1[0m _identify(src/launch) by extensions ['ignore', 'ignore_ament_install']
[0.154s] [34mcolcon.colcon_core.package_identification[0m [1;30mLevel 1[0m _identify(src/launch) by extension 'ignore'
[0.154s] [34mcolcon.colcon_core.package_identification[0m [1;30mLevel 1[0m _identify(src/launch) by extension 'ignore_ament_install'
[0.154s] [34mcolcon.colcon_core.package_identification[0m [1;30mLevel 1[0m _identify(src/launch) by extensions ['colcon_pkg']
[0.154s] [34mcolcon.colcon_core.package_identification[0m [1;30mLevel 1[0m _identify(src/launch) by extension 'colcon_pkg'
[0.154s] [34mcolcon.colcon_core.package_identification[0m [1;30mLevel 1[0m _identify(src/launch) by extensions ['colcon_meta']
[0.154s] [34mcolcon.colcon_core.package_identification[0m [1;30mLevel 1[0m _identify(src/launch) by extension 'colcon_meta'
[0.154s] [34mcolcon.colcon_core.package_identification[0m [1;30mLevel 1[0m _identify(src/launch) by extensions ['ros']
[0.154s] [34mcolcon.colcon_core.package_identification[0m [1;30mLevel 1[0m _identify(src/launch) by extension 'ros'
[0.155s] [34mcolcon.colcon_core.package_identification[0m [1;30mDEBUG[0m [32mPackage 'src/launch' with type 'ros.ament_cmake' and name 'launch_node'[0m
[0.155s] [34mcolcon.colcon_core.package_identification[0m [1;30mLevel 1[0m _identify(src/pkg02_helloworld_py) by extensions ['ignore', 'ignore_ament_install']
[0.155s] [34mcolcon.colcon_core.package_identification[0m [1;30mLevel 1[0m _identify(src/pkg02_helloworld_py) by extension 'ignore'
[0.155s] [34mcolcon.colcon_core.package_identification[0m [1;30mLevel 1[0m _identify(src/pkg02_helloworld_py) by extension 'ignore_ament_install'
[0.155s] [34mcolcon.colcon_core.package_identification[0m [1;30mLevel 1[0m _identify(src/pkg02_helloworld_py) by extensions ['colcon_pkg']
[0.155s] [34mcolcon.colcon_core.package_identification[0m [1;30mLevel 1[0m _identify(src/pkg02_helloworld_py) by extension 'colcon_pkg'
[0.155s] [34mcolcon.colcon_core.package_identification[0m [1;30mLevel 1[0m _identify(src/pkg02_helloworld_py) by extensions ['colcon_meta']
[0.155s] [34mcolcon.colcon_core.package_identification[0m [1;30mLevel 1[0m _identify(src/pkg02_helloworld_py) by extension 'colcon_meta'
[0.155s] [34mcolcon.colcon_core.package_identification[0m [1;30mLevel 1[0m _identify(src/pkg02_helloworld_py) by extensions ['ros']
[0.155s] [34mcolcon.colcon_core.package_identification[0m [1;30mLevel 1[0m _identify(src/pkg02_helloworld_py) by extension 'ros'
[0.156s] [34mcolcon.colcon_core.package_identification[0m [1;30mDEBUG[0m [32mPackage 'src/pkg02_helloworld_py' with type 'ros.ament_python' and name 'pkg02_helloworld_py'[0m
[0.156s] [34mcolcon.colcon_core.package_discovery[0m [1;30mLevel 1[0m discover_packages(recursive) using defaults
[0.156s] [34mcolcon.colcon_core.package_discovery[0m [1;30mLevel 1[0m discover_packages(ignore) discover
[0.156s] [34mcolcon.colcon_core.package_discovery[0m [1;30mLevel 1[0m discover_packages(ignore) using defaults
[0.156s] [34mcolcon.colcon_core.package_discovery[0m [1;30mLevel 1[0m discover_packages(path) discover
[0.156s] [34mcolcon.colcon_core.package_discovery[0m [1;30mLevel 1[0m discover_packages(path) using defaults
[0.170s] [34mcolcon.colcon_core.package_discovery[0m [1;30mLevel 1[0m discover_packages(prefix_path) check parameters
[0.170s] [34mcolcon.colcon_core.package_discovery[0m [1;30mLevel 1[0m discover_packages(prefix_path) discover
[0.171s] [34mcolcon.colcon_installed_package_information.package_discovery[0m [1;30mDEBUG[0m [32mFound 333 installed packages in /opt/ros/humble[0m
[0.172s] [34mcolcon.colcon_core.package_discovery[0m [1;30mLevel 1[0m discover_packages(prefix_path) using defaults
[0.192s] [34mcolcon.colcon_core.verb[0m [1;30mLevel 5[0m set package 'anlesover' build argument 'cmake_args' from command line to 'None'
[0.192s] [34mcolcon.colcon_core.verb[0m [1;30mLevel 5[0m set package 'anlesover' build argument 'cmake_target' from command line to 'None'
[0.192s] [34mcolcon.colcon_core.verb[0m [1;30mLevel 5[0m set package 'anlesover' build argument 'cmake_target_skip_unavailable' from command line to 'False'
[0.192s] [34mcolcon.colcon_core.verb[0m [1;30mLevel 5[0m set package 'anlesover' build argument 'cmake_clean_cache' from command line to 'False'
[0.192s] [34mcolcon.colcon_core.verb[0m [1;30mLevel 5[0m set package 'anlesover' build argument 'cmake_clean_first' from command line to 'False'
[0.192s] [34mcolcon.colcon_core.verb[0m [1;30mLevel 5[0m set package 'anlesover' build argument 'cmake_force_configure' from command line to 'False'
[0.192s] [34mcolcon.colcon_core.verb[0m [1;30mLevel 5[0m set package 'anlesover' build argument 'ament_cmake_args' from command line to 'None'
[0.192s] [34mcolcon.colcon_core.verb[0m [1;30mLevel 5[0m set package 'anlesover' build argument 'catkin_cmake_args' from command line to 'None'
[0.192s] [34mcolcon.colcon_core.verb[0m [1;30mLevel 5[0m set package 'anlesover' build argument 'catkin_skip_building_tests' from command line to 'False'
[0.192s] [34mcolcon.colcon_core.verb[0m [1;30mDEBUG[0m [32mBuilding package 'anlesover' with the following arguments: {'ament_cmake_args': None, 'build_base': '/home/shaobing/rm_ws/build/anlesover', 'catkin_cmake_args': None, 'catkin_skip_building_tests': False, 'cmake_args': None, 'cmake_clean_cache': False, 'cmake_clean_first': False, 'cmake_force_configure': False, 'cmake_target': None, 'cmake_target_skip_unavailable': False, 'install_base': '/home/shaobing/rm_ws/install/anlesover', 'merge_install': False, 'path': '/home/shaobing/rm_ws/src/anlesover', 'symlink_install': False, 'test_result_base': None}[0m
[0.192s] [34mcolcon.colcon_core.verb[0m [1;30mLevel 5[0m set package 'launch_node' build argument 'cmake_args' from command line to 'None'
[0.192s] [34mcolcon.colcon_core.verb[0m [1;30mLevel 5[0m set package 'launch_node' build argument 'cmake_target' from command line to 'None'
[0.192s] [34mcolcon.colcon_core.verb[0m [1;30mLevel 5[0m set package 'launch_node' build argument 'cmake_target_skip_unavailable' from command line to 'False'
[0.192s] [34mcolcon.colcon_core.verb[0m [1;30mLevel 5[0m set package 'launch_node' build argument 'cmake_clean_cache' from command line to 'False'
[0.192s] [34mcolcon.colcon_core.verb[0m [1;30mLevel 5[0m set package 'launch_node' build argument 'cmake_clean_first' from command line to 'False'
[0.192s] [34mcolcon.colcon_core.verb[0m [1;30mLevel 5[0m set package 'launch_node' build argument 'cmake_force_configure' from command line to 'False'
[0.192s] [34mcolcon.colcon_core.verb[0m [1;30mLevel 5[0m set package 'launch_node' build argument 'ament_cmake_args' from command line to 'None'
[0.192s] [34mcolcon.colcon_core.verb[0m [1;30mLevel 5[0m set package 'launch_node' build argument 'catkin_cmake_args' from command line to 'None'
[0.192s] [34mcolcon.colcon_core.verb[0m [1;30mLevel 5[0m set package 'launch_node' build argument 'catkin_skip_building_tests' from command line to 'False'
[0.192s] [34mcolcon.colcon_core.verb[0m [1;30mDEBUG[0m [32mBuilding package 'launch_node' with the following arguments: {'ament_cmake_args': None, 'build_base': '/home/shaobing/rm_ws/build/launch_node', 'catkin_cmake_args': None, 'catkin_skip_building_tests': False, 'cmake_args': None, 'cmake_clean_cache': False, 'cmake_clean_first': False, 'cmake_force_configure': False, 'cmake_target': None, 'cmake_target_skip_unavailable': False, 'install_base': '/home/shaobing/rm_ws/install/launch_node', 'merge_install': False, 'path': '/home/shaobing/rm_ws/src/launch', 'symlink_install': False, 'test_result_base': None}[0m
[0.192s] [34mcolcon.colcon_core.verb[0m [1;30mLevel 5[0m set package 'pkg02_helloworld_py' build argument 'cmake_args' from command line to 'None'
[0.192s] [34mcolcon.colcon_core.verb[0m [1;30mLevel 5[0m set package 'pkg02_helloworld_py' build argument 'cmake_target' from command line to 'None'
[0.192s] [34mcolcon.colcon_core.verb[0m [1;30mLevel 5[0m set package 'pkg02_helloworld_py' build argument 'cmake_target_skip_unavailable' from command line to 'False'
[0.192s] [34mcolcon.colcon_core.verb[0m [1;30mLevel 5[0m set package 'pkg02_helloworld_py' build argument 'cmake_clean_cache' from command line to 'False'
[0.192s] [34mcolcon.colcon_core.verb[0m [1;30mLevel 5[0m set package 'pkg02_helloworld_py' build argument 'cmake_clean_first' from command line to 'False'
[0.192s] [34mcolcon.colcon_core.verb[0m [1;30mLevel 5[0m set package 'pkg02_helloworld_py' build argument 'cmake_force_configure' from command line to 'False'
[0.193s] [34mcolcon.colcon_core.verb[0m [1;30mLevel 5[0m set package 'pkg02_helloworld_py' build argument 'ament_cmake_args' from command line to 'None'
[0.193s] [34mcolcon.colcon_core.verb[0m [1;30mLevel 5[0m set package 'pkg02_helloworld_py' build argument 'catkin_cmake_args' from command line to 'None'
[0.193s] [34mcolcon.colcon_core.verb[0m [1;30mLevel 5[0m set package 'pkg02_helloworld_py' build argument 'catkin_skip_building_tests' from command line to 'False'
[0.193s] [34mcolcon.colcon_core.verb[0m [1;30mDEBUG[0m [32mBuilding package 'pkg02_helloworld_py' with the following arguments: {'ament_cmake_args': None, 'build_base': '/home/shaobing/rm_ws/build/pkg02_helloworld_py', 'catkin_cmake_args': None, 'catkin_skip_building_tests': False, 'cmake_args': None, 'cmake_clean_cache': False, 'cmake_clean_first': False, 'cmake_force_configure': False, 'cmake_target': None, 'cmake_target_skip_unavailable': False, 'install_base': '/home/shaobing/rm_ws/install/pkg02_helloworld_py', 'merge_install': False, 'path': '/home/shaobing/rm_ws/src/pkg02_helloworld_py', 'symlink_install': False, 'test_result_base': None}[0m
[0.193s] [34mcolcon.colcon_core.executor[0m [1;30mINFO[0m Executing jobs using 'parallel' executor
[0.193s] [34mcolcon.colcon_parallel_executor.executor.parallel[0m [1;30mDEBUG[0m [32mrun_until_complete[0m
[0.193s] [34mcolcon.colcon_ros.task.ament_cmake.build[0m [1;30mINFO[0m Building ROS package in '/home/shaobing/rm_ws/src/anlesover' with build type 'ament_cmake'
[0.194s] [34mcolcon.colcon_cmake.task.cmake.build[0m [1;30mINFO[0m Building CMake package in '/home/shaobing/rm_ws/src/anlesover'
[0.195s] [34mcolcon.colcon_core.plugin_system[0m [1;30mINFO[0m Skipping extension 'colcon_core.shell.bat': Not used on non-Windows systems
[0.195s] [34mcolcon.colcon_core.shell[0m [1;30mINFO[0m Skip shell extension 'powershell' for command environment: Not usable outside of PowerShell
[0.195s] [34mcolcon.colcon_core.shell[0m [1;30mDEBUG[0m [32mSkip shell extension 'dsv' for command environment[0m
[0.197s] [34mcolcon.colcon_ros.task.ament_cmake.build[0m [1;30mINFO[0m Building ROS package in '/home/shaobing/rm_ws/src/launch' with build type 'ament_cmake'
[0.197s] [34mcolcon.colcon_cmake.task.cmake.build[0m [1;30mINFO[0m Building CMake package in '/home/shaobing/rm_ws/src/launch'
[0.197s] [34mcolcon.colcon_core.shell[0m [1;30mINFO[0m Skip shell extension 'powershell' for command environment: Not usable outside of PowerShell
[0.197s] [34mcolcon.colcon_core.shell[0m [1;30mDEBUG[0m [32mSkip shell extension 'dsv' for command environment[0m
[0.199s] [34mcolcon.colcon_ros.task.ament_python.build[0m [1;30mINFO[0m Building ROS package in '/home/shaobing/rm_ws/src/pkg02_helloworld_py' with build type 'ament_python'
[0.199s] [34mcolcon.colcon_core.shell[0m [1;30mLevel 1[0m create_environment_hook('pkg02_helloworld_py', 'ament_prefix_path')
[0.199s] [34mcolcon.colcon_core.shell[0m [1;30mINFO[0m Creating environment hook '/home/shaobing/rm_ws/install/pkg02_helloworld_py/share/pkg02_helloworld_py/hook/ament_prefix_path.ps1'
[0.200s] [34mcolcon.colcon_core.shell[0m [1;30mINFO[0m Creating environment descriptor '/home/shaobing/rm_ws/install/pkg02_helloworld_py/share/pkg02_helloworld_py/hook/ament_prefix_path.dsv'
[0.200s] [34mcolcon.colcon_core.shell[0m [1;30mINFO[0m Creating environment hook '/home/shaobing/rm_ws/install/pkg02_helloworld_py/share/pkg02_helloworld_py/hook/ament_prefix_path.sh'
[0.201s] [34mcolcon.colcon_core.shell[0m [1;30mINFO[0m Skip shell extension 'powershell' for command environment: Not usable outside of PowerShell
[0.201s] [34mcolcon.colcon_core.shell[0m [1;30mDEBUG[0m [32mSkip shell extension 'dsv' for command environment[0m
[0.205s] [34mcolcon.colcon_core.event_handler.log_command[0m [1;30mDEBUG[0m [32mInvoking command in '/home/shaobing/rm_ws/build/anlesover': CMAKE_PREFIX_PATH=/opt/ros/humble /usr/bin/cmake --build /home/shaobing/rm_ws/build/anlesover -- -j16 -l16[0m
[0.208s] [34mcolcon.colcon_core.event_handler.log_command[0m [1;30mDEBUG[0m [32mInvoking command in '/home/shaobing/rm_ws/build/launch_node': CMAKE_PREFIX_PATH=/opt/ros/humble /usr/bin/cmake --build /home/shaobing/rm_ws/build/launch_node -- -j16 -l16[0m
[0.349s] [34mcolcon.colcon_core.task.python.build[0m [1;30mINFO[0m Building Python package in '/home/shaobing/rm_ws/src/pkg02_helloworld_py'
[0.349s] [34mcolcon.colcon_core.shell[0m [1;30mINFO[0m Skip shell extension 'powershell' for command environment: Not usable outside of PowerShell
[0.349s] [34mcolcon.colcon_core.shell[0m [1;30mDEBUG[0m [32mSkip shell extension 'dsv' for command environment[0m
[0.353s] [34mcolcon.colcon_core.event_handler.log_command[0m [1;30mDEBUG[0m [32mInvoked command in '/home/shaobing/rm_ws/build/launch_node' returned '0': CMAKE_PREFIX_PATH=/opt/ros/humble /usr/bin/cmake --build /home/shaobing/rm_ws/build/launch_node -- -j16 -l16[0m
[0.359s] [34mcolcon.colcon_core.event_handler.log_command[0m [1;30mDEBUG[0m [32mInvoking command in '/home/shaobing/rm_ws/build/launch_node': CMAKE_PREFIX_PATH=/opt/ros/humble /usr/bin/cmake --install /home/shaobing/rm_ws/build/launch_node[0m
[0.360s] [34mcolcon.colcon_core.event_handler.log_command[0m [1;30mDEBUG[0m [32mInvoked command in '/home/shaobing/rm_ws/build/anlesover' returned '0': CMAKE_PREFIX_PATH=/opt/ros/humble /usr/bin/cmake --build /home/shaobing/rm_ws/build/anlesover -- -j16 -l16[0m
[0.361s] [34mcolcon.colcon_core.event_handler.log_command[0m [1;30mDEBUG[0m [32mInvoking command in '/home/shaobing/rm_ws/build/anlesover': CMAKE_PREFIX_PATH=/opt/ros/humble /usr/bin/cmake --install /home/shaobing/rm_ws/build/anlesover[0m
[0.373s] [34mcolcon.colcon_core.environment[0m [1;30mLevel 1[0m create_environment_scripts_only(launch_node)
[0.373s] [34mcolcon.colcon_core.event_handler.log_command[0m [1;30mDEBUG[0m [32mInvoked command in '/home/shaobing/rm_ws/build/launch_node' returned '0': CMAKE_PREFIX_PATH=/opt/ros/humble /usr/bin/cmake --install /home/shaobing/rm_ws/build/launch_node[0m
[0.374s] [34mcolcon.colcon_core.environment[0m [1;30mLevel 1[0m checking '/home/shaobing/rm_ws/install/launch_node' for CMake module files
[0.374s] [34mcolcon.colcon_core.environment[0m [1;30mLevel 1[0m checking '/home/shaobing/rm_ws/install/launch_node' for CMake config files
[0.375s] [34mcolcon.colcon_core.shell[0m [1;30mLevel 1[0m create_environment_hook('launch_node', 'cmake_prefix_path')
[0.375s] [34mcolcon.colcon_core.shell[0m [1;30mINFO[0m Creating environment hook '/home/shaobing/rm_ws/install/launch_node/share/launch_node/hook/cmake_prefix_path.ps1'
[0.375s] [34mcolcon.colcon_core.shell[0m [1;30mINFO[0m Creating environment descriptor '/home/shaobing/rm_ws/install/launch_node/share/launch_node/hook/cmake_prefix_path.dsv'
[0.375s] [34mcolcon.colcon_core.shell[0m [1;30mINFO[0m Creating environment hook '/home/shaobing/rm_ws/install/launch_node/share/launch_node/hook/cmake_prefix_path.sh'
[0.376s] [34mcolcon.colcon_core.environment[0m [1;30mLevel 1[0m checking '/home/shaobing/rm_ws/install/launch_node/bin'
[0.376s] [34mcolcon.colcon_core.environment[0m [1;30mLevel 1[0m checking '/home/shaobing/rm_ws/install/launch_node/lib/pkgconfig/launch_node.pc'
[0.376s] [34mcolcon.colcon_core.environment[0m [1;30mLevel 1[0m checking '/home/shaobing/rm_ws/install/launch_node/lib/python3.10/site-packages'
[0.376s] [34mcolcon.colcon_core.environment[0m [1;30mLevel 1[0m checking '/home/shaobing/rm_ws/install/launch_node/bin'
[0.377s] [34mcolcon.colcon_core.shell[0m [1;30mINFO[0m Creating package script '/home/shaobing/rm_ws/install/launch_node/share/launch_node/package.ps1'
[0.377s] [34mcolcon.colcon_core.shell[0m [1;30mINFO[0m Creating package descriptor '/home/shaobing/rm_ws/install/launch_node/share/launch_node/package.dsv'
[0.378s] [34mcolcon.colcon_core.shell[0m [1;30mINFO[0m Creating package script '/home/shaobing/rm_ws/install/launch_node/share/launch_node/package.sh'
[0.378s] [34mcolcon.colcon_core.shell[0m [1;30mINFO[0m Creating package script '/home/shaobing/rm_ws/install/launch_node/share/launch_node/package.bash'
[0.378s] [34mcolcon.colcon_core.shell[0m [1;30mINFO[0m Creating package script '/home/shaobing/rm_ws/install/launch_node/share/launch_node/package.zsh'
[0.379s] [34mcolcon.colcon_core.environment[0m [1;30mLevel 1[0m create_file_with_runtime_dependencies(/home/shaobing/rm_ws/install/launch_node/share/colcon-core/packages/launch_node)
[0.379s] [34mcolcon.colcon_core.environment[0m [1;30mLevel 1[0m create_environment_scripts_only(launch_node)
[0.379s] [34mcolcon.colcon_core.environment[0m [1;30mLevel 1[0m checking '/home/shaobing/rm_ws/install/launch_node' for CMake module files
[0.379s] [34mcolcon.colcon_core.environment[0m [1;30mLevel 1[0m checking '/home/shaobing/rm_ws/install/launch_node' for CMake config files
[0.380s] [34mcolcon.colcon_core.shell[0m [1;30mLevel 1[0m create_environment_hook('launch_node', 'cmake_prefix_path')
[0.380s] [34mcolcon.colcon_core.shell[0m [1;30mINFO[0m Creating environment hook '/home/shaobing/rm_ws/install/launch_node/share/launch_node/hook/cmake_prefix_path.ps1'
[0.380s] [34mcolcon.colcon_core.shell[0m [1;30mINFO[0m Creating environment descriptor '/home/shaobing/rm_ws/install/launch_node/share/launch_node/hook/cmake_prefix_path.dsv'
[0.380s] [34mcolcon.colcon_core.shell[0m [1;30mINFO[0m Creating environment hook '/home/shaobing/rm_ws/install/launch_node/share/launch_node/hook/cmake_prefix_path.sh'
[0.380s] [34mcolcon.colcon_core.environment[0m [1;30mLevel 1[0m checking '/home/shaobing/rm_ws/install/launch_node/bin'
[0.380s] [34mcolcon.colcon_core.environment[0m [1;30mLevel 1[0m checking '/home/shaobing/rm_ws/install/launch_node/lib/pkgconfig/launch_node.pc'
[0.381s] [34mcolcon.colcon_core.environment[0m [1;30mLevel 1[0m checking '/home/shaobing/rm_ws/install/launch_node/lib/python3.10/site-packages'
[0.381s] [34mcolcon.colcon_core.environment[0m [1;30mLevel 1[0m checking '/home/shaobing/rm_ws/install/launch_node/bin'
[0.381s] [34mcolcon.colcon_core.shell[0m [1;30mINFO[0m Creating package script '/home/shaobing/rm_ws/install/launch_node/share/launch_node/package.ps1'
[0.381s] [34mcolcon.colcon_core.shell[0m [1;30mINFO[0m Creating package descriptor '/home/shaobing/rm_ws/install/launch_node/share/launch_node/package.dsv'
[0.382s] [34mcolcon.colcon_core.shell[0m [1;30mINFO[0m Creating package script '/home/shaobing/rm_ws/install/launch_node/share/launch_node/package.sh'
[0.382s] [34mcolcon.colcon_core.shell[0m [1;30mINFO[0m Creating package script '/home/shaobing/rm_ws/install/launch_node/share/launch_node/package.bash'
[0.382s] [34mcolcon.colcon_core.shell[0m [1;30mINFO[0m Creating package script '/home/shaobing/rm_ws/install/launch_node/share/launch_node/package.zsh'
[0.382s] [34mcolcon.colcon_core.environment[0m [1;30mLevel 1[0m create_file_with_runtime_dependencies(/home/shaobing/rm_ws/install/launch_node/share/colcon-core/packages/launch_node)
[0.383s] [34mcolcon.colcon_core.environment[0m [1;30mLevel 1[0m create_environment_scripts_only(anlesover)
[0.383s] [34mcolcon.colcon_core.environment[0m [1;30mLevel 1[0m checking '/home/shaobing/rm_ws/install/anlesover' for CMake module files
[0.383s] [34mcolcon.colcon_core.event_handler.log_command[0m [1;30mDEBUG[0m [32mInvoked command in '/home/shaobing/rm_ws/build/anlesover' returned '0': CMAKE_PREFIX_PATH=/opt/ros/humble /usr/bin/cmake --install /home/shaobing/rm_ws/build/anlesover[0m
[0.384s] [34mcolcon.colcon_core.environment[0m [1;30mLevel 1[0m checking '/home/shaobing/rm_ws/install/anlesover' for CMake config files
[0.384s] [34mcolcon.colcon_core.shell[0m [1;30mLevel 1[0m create_environment_hook('anlesover', 'cmake_prefix_path')
[0.384s] [34mcolcon.colcon_core.shell[0m [1;30mINFO[0m Creating environment hook '/home/shaobing/rm_ws/install/anlesover/share/anlesover/hook/cmake_prefix_path.ps1'
[0.384s] [34mcolcon.colcon_core.shell[0m [1;30mINFO[0m Creating environment descriptor '/home/shaobing/rm_ws/install/anlesover/share/anlesover/hook/cmake_prefix_path.dsv'
[0.384s] [34mcolcon.colcon_core.shell[0m [1;30mINFO[0m Creating environment hook '/home/shaobing/rm_ws/install/anlesover/share/anlesover/hook/cmake_prefix_path.sh'
[0.385s] [34mcolcon.colcon_core.environment[0m [1;30mLevel 1[0m checking '/home/shaobing/rm_ws/install/anlesover/lib'
[0.385s] [34mcolcon.colcon_core.environment[0m [1;30mLevel 1[0m checking '/home/shaobing/rm_ws/install/anlesover/bin'
[0.385s] [34mcolcon.colcon_core.environment[0m [1;30mLevel 1[0m checking '/home/shaobing/rm_ws/install/anlesover/lib/pkgconfig/anlesover.pc'
[0.385s] [34mcolcon.colcon_core.environment[0m [1;30mLevel 1[0m checking '/home/shaobing/rm_ws/install/anlesover/lib/python3.10/site-packages'
[0.385s] [34mcolcon.colcon_core.environment[0m [1;30mLevel 1[0m checking '/home/shaobing/rm_ws/install/anlesover/bin'
[0.385s] [34mcolcon.colcon_core.shell[0m [1;30mINFO[0m Creating package script '/home/shaobing/rm_ws/install/anlesover/share/anlesover/package.ps1'
[0.386s] [34mcolcon.colcon_core.shell[0m [1;30mINFO[0m Creating package descriptor '/home/shaobing/rm_ws/install/anlesover/share/anlesover/package.dsv'
[0.386s] [34mcolcon.colcon_core.shell[0m [1;30mINFO[0m Creating package script '/home/shaobing/rm_ws/install/anlesover/share/anlesover/package.sh'
[0.386s] [34mcolcon.colcon_core.shell[0m [1;30mINFO[0m Creating package script '/home/shaobing/rm_ws/install/anlesover/share/anlesover/package.bash'
[0.386s] [34mcolcon.colcon_core.shell[0m [1;30mINFO[0m Creating package script '/home/shaobing/rm_ws/install/anlesover/share/anlesover/package.zsh'
[0.386s] [34mcolcon.colcon_core.environment[0m [1;30mLevel 1[0m create_file_with_runtime_dependencies(/home/shaobing/rm_ws/install/anlesover/share/colcon-core/packages/anlesover)
[0.387s] [34mcolcon.colcon_core.environment[0m [1;30mLevel 1[0m create_environment_scripts_only(anlesover)
[0.387s] [34mcolcon.colcon_core.environment[0m [1;30mLevel 1[0m checking '/home/shaobing/rm_ws/install/anlesover' for CMake module files
[0.387s] [34mcolcon.colcon_core.environment[0m [1;30mLevel 1[0m checking '/home/shaobing/rm_ws/install/anlesover' for CMake config files
[0.387s] [34mcolcon.colcon_core.shell[0m [1;30mLevel 1[0m create_environment_hook('anlesover', 'cmake_prefix_path')
[0.387s] [34mcolcon.colcon_core.shell[0m [1;30mINFO[0m Creating environment hook '/home/shaobing/rm_ws/install/anlesover/share/anlesover/hook/cmake_prefix_path.ps1'
[0.387s] [34mcolcon.colcon_core.shell[0m [1;30mINFO[0m Creating environment descriptor '/home/shaobing/rm_ws/install/anlesover/share/anlesover/hook/cmake_prefix_path.dsv'
[0.388s] [34mcolcon.colcon_core.shell[0m [1;30mINFO[0m Creating environment hook '/home/shaobing/rm_ws/install/anlesover/share/anlesover/hook/cmake_prefix_path.sh'
[0.388s] [34mcolcon.colcon_core.environment[0m [1;30mLevel 1[0m checking '/home/shaobing/rm_ws/install/anlesover/lib'
[0.388s] [34mcolcon.colcon_core.environment[0m [1;30mLevel 1[0m checking '/home/shaobing/rm_ws/install/anlesover/bin'
[0.388s] [34mcolcon.colcon_core.environment[0m [1;30mLevel 1[0m checking '/home/shaobing/rm_ws/install/anlesover/lib/pkgconfig/anlesover.pc'
[0.388s] [34mcolcon.colcon_core.environment[0m [1;30mLevel 1[0m checking '/home/shaobing/rm_ws/install/anlesover/lib/python3.10/site-packages'
[0.388s] [34mcolcon.colcon_core.environment[0m [1;30mLevel 1[0m checking '/home/shaobing/rm_ws/install/anlesover/bin'
[0.388s] [34mcolcon.colcon_core.shell[0m [1;30mINFO[0m Creating package script '/home/shaobing/rm_ws/install/anlesover/share/anlesover/package.ps1'
[0.389s] [34mcolcon.colcon_core.shell[0m [1;30mINFO[0m Creating package descriptor '/home/shaobing/rm_ws/install/anlesover/share/anlesover/package.dsv'
[0.389s] [34mcolcon.colcon_core.shell[0m [1;30mINFO[0m Creating package script '/home/shaobing/rm_ws/install/anlesover/share/anlesover/package.sh'
[0.389s] [34mcolcon.colcon_core.shell[0m [1;30mINFO[0m Creating package script '/home/shaobing/rm_ws/install/anlesover/share/anlesover/package.bash'
[0.389s] [34mcolcon.colcon_core.shell[0m [1;30mINFO[0m Creating package script '/home/shaobing/rm_ws/install/anlesover/share/anlesover/package.zsh'
[0.390s] [34mcolcon.colcon_core.environment[0m [1;30mLevel 1[0m create_file_with_runtime_dependencies(/home/shaobing/rm_ws/install/anlesover/share/colcon-core/packages/anlesover)
[0.541s] [34mcolcon.colcon_core.event_handler.log_command[0m [1;30mDEBUG[0m [32mInvoking command in '/home/shaobing/rm_ws/src/pkg02_helloworld_py': PYTHONPATH=/home/shaobing/rm_ws/build/pkg02_helloworld_py/prefix_override:/usr/lib/python3/dist-packages/colcon_core/task/python/colcon_distutils_commands:/home/shaobing/rm_ws/install/pkg02_helloworld_py/lib/python3.10/site-packages:${PYTHONPATH} /usr/bin/python3 -W ignore:setup.py install is deprecated -W ignore:easy_install command is deprecated setup.py egg_info --egg-base ../../build/pkg02_helloworld_py build --build-base /home/shaobing/rm_ws/build/pkg02_helloworld_py/build install --record /home/shaobing/rm_ws/build/pkg02_helloworld_py/install.log --single-version-externally-managed install_data[0m
[0.707s] [34mcolcon.colcon_core.environment[0m [1;30mLevel 1[0m checking '/home/shaobing/rm_ws/install/pkg02_helloworld_py' for CMake module files
[0.707s] [34mcolcon.colcon_core.event_handler.log_command[0m [1;30mDEBUG[0m [32mInvoked command in '/home/shaobing/rm_ws/src/pkg02_helloworld_py' returned '0': PYTHONPATH=/home/shaobing/rm_ws/build/pkg02_helloworld_py/prefix_override:/usr/lib/python3/dist-packages/colcon_core/task/python/colcon_distutils_commands:/home/shaobing/rm_ws/install/pkg02_helloworld_py/lib/python3.10/site-packages:${PYTHONPATH} /usr/bin/python3 -W ignore:setup.py install is deprecated -W ignore:easy_install command is deprecated setup.py egg_info --egg-base ../../build/pkg02_helloworld_py build --build-base /home/shaobing/rm_ws/build/pkg02_helloworld_py/build install --record /home/shaobing/rm_ws/build/pkg02_helloworld_py/install.log --single-version-externally-managed install_data[0m
[0.708s] [34mcolcon.colcon_core.environment[0m [1;30mLevel 1[0m checking '/home/shaobing/rm_ws/install/pkg02_helloworld_py' for CMake config files
[0.708s] [34mcolcon.colcon_core.environment[0m [1;30mLevel 1[0m checking '/home/shaobing/rm_ws/install/pkg02_helloworld_py/lib'
[0.708s] [34mcolcon.colcon_core.environment[0m [1;30mLevel 1[0m checking '/home/shaobing/rm_ws/install/pkg02_helloworld_py/bin'
[0.708s] [34mcolcon.colcon_core.environment[0m [1;30mLevel 1[0m checking '/home/shaobing/rm_ws/install/pkg02_helloworld_py/lib/pkgconfig/pkg02_helloworld_py.pc'
[0.708s] [34mcolcon.colcon_core.environment[0m [1;30mLevel 1[0m checking '/home/shaobing/rm_ws/install/pkg02_helloworld_py/lib/python3.10/site-packages'
[0.708s] [34mcolcon.colcon_core.shell[0m [1;30mLevel 1[0m create_environment_hook('pkg02_helloworld_py', 'pythonpath')
[0.708s] [34mcolcon.colcon_core.shell[0m [1;30mINFO[0m Creating environment hook '/home/shaobing/rm_ws/install/pkg02_helloworld_py/share/pkg02_helloworld_py/hook/pythonpath.ps1'
[0.709s] [34mcolcon.colcon_core.shell[0m [1;30mINFO[0m Creating environment descriptor '/home/shaobing/rm_ws/install/pkg02_helloworld_py/share/pkg02_helloworld_py/hook/pythonpath.dsv'
[0.709s] [34mcolcon.colcon_core.shell[0m [1;30mINFO[0m Creating environment hook '/home/shaobing/rm_ws/install/pkg02_helloworld_py/share/pkg02_helloworld_py/hook/pythonpath.sh'
[0.709s] [34mcolcon.colcon_core.environment[0m [1;30mLevel 1[0m checking '/home/shaobing/rm_ws/install/pkg02_helloworld_py/bin'
[0.709s] [34mcolcon.colcon_core.environment[0m [1;30mLevel 1[0m create_environment_scripts_only(pkg02_helloworld_py)
[0.710s] [34mcolcon.colcon_core.shell[0m [1;30mINFO[0m Creating package script '/home/shaobing/rm_ws/install/pkg02_helloworld_py/share/pkg02_helloworld_py/package.ps1'
[0.710s] [34mcolcon.colcon_core.shell[0m [1;30mINFO[0m Creating package descriptor '/home/shaobing/rm_ws/install/pkg02_helloworld_py/share/pkg02_helloworld_py/package.dsv'
[0.710s] [34mcolcon.colcon_core.shell[0m [1;30mINFO[0m Creating package script '/home/shaobing/rm_ws/install/pkg02_helloworld_py/share/pkg02_helloworld_py/package.sh'
[0.710s] [34mcolcon.colcon_core.shell[0m [1;30mINFO[0m Creating package script '/home/shaobing/rm_ws/install/pkg02_helloworld_py/share/pkg02_helloworld_py/package.bash'
[0.710s] [34mcolcon.colcon_core.shell[0m [1;30mINFO[0m Creating package script '/home/shaobing/rm_ws/install/pkg02_helloworld_py/share/pkg02_helloworld_py/package.zsh'
[0.711s] [34mcolcon.colcon_core.environment[0m [1;30mLevel 1[0m create_file_with_runtime_dependencies(/home/shaobing/rm_ws/install/pkg02_helloworld_py/share/colcon-core/packages/pkg02_helloworld_py)
[0.711s] [34mcolcon.colcon_parallel_executor.executor.parallel[0m [1;30mDEBUG[0m [32mclosing loop[0m
[0.711s] [34mcolcon.colcon_parallel_executor.executor.parallel[0m [1;30mDEBUG[0m [32mloop closed[0m
[0.711s] [34mcolcon.colcon_parallel_executor.executor.parallel[0m [1;30mDEBUG[0m [32mrun_until_complete finished with '0'[0m
[0.711s] [34mcolcon.colcon_core.event_reactor[0m [1;30mDEBUG[0m [32mjoining thread[0m
[0.714s] [34mcolcon.colcon_core.plugin_system[0m [1;30mINFO[0m Skipping extension 'colcon_notification.desktop_notification.terminal_notifier': Not used on non-Darwin systems
[0.714s] [34mcolcon.colcon_core.plugin_system[0m [1;30mINFO[0m Skipping extension 'colcon_notification.desktop_notification.win32': Not used on non-Windows systems
[0.714s] [34mcolcon.colcon_notification.desktop_notification[0m [1;30mINFO[0m Sending desktop notification using 'notify2'
[0.725s] [34mcolcon.colcon_core.event_reactor[0m [1;30mDEBUG[0m [32mjoined thread[0m
[0.725s] [34mcolcon.colcon_core.shell[0m [1;30mINFO[0m Creating prefix script '/home/shaobing/rm_ws/install/local_setup.ps1'
[0.726s] [34mcolcon.colcon_core.shell[0m [1;30mINFO[0m Creating prefix util module '/home/shaobing/rm_ws/install/_local_setup_util_ps1.py'
[0.727s] [34mcolcon.colcon_core.shell[0m [1;30mINFO[0m Creating prefix chain script '/home/shaobing/rm_ws/install/setup.ps1'
[0.727s] [34mcolcon.colcon_core.shell[0m [1;30mINFO[0m Creating prefix script '/home/shaobing/rm_ws/install/local_setup.sh'
[0.728s] [34mcolcon.colcon_core.shell[0m [1;30mINFO[0m Creating prefix util module '/home/shaobing/rm_ws/install/_local_setup_util_sh.py'
[0.728s] [34mcolcon.colcon_core.shell[0m [1;30mINFO[0m Creating prefix chain script '/home/shaobing/rm_ws/install/setup.sh'
[0.729s] [34mcolcon.colcon_core.shell[0m [1;30mINFO[0m Creating prefix script '/home/shaobing/rm_ws/install/local_setup.bash'
[0.729s] [34mcolcon.colcon_core.shell[0m [1;30mINFO[0m Creating prefix chain script '/home/shaobing/rm_ws/install/setup.bash'
[0.729s] [34mcolcon.colcon_core.shell[0m [1;30mINFO[0m Creating prefix script '/home/shaobing/rm_ws/install/local_setup.zsh'
[0.730s] [34mcolcon.colcon_core.shell[0m [1;30mINFO[0m Creating prefix chain script '/home/shaobing/rm_ws/install/setup.zsh'
