-- Found ament_cmake: 2.3.2 (/opt/ros/rolling/share/ament_cmake/cmake)
-- Found rclcpp: 27.0.0 (/opt/ros/rolling/share/rclcpp/cmake)
-- Found rosidl_generator_c: 4.5.1 (/opt/ros/rolling/share/rosidl_generator_c/cmake)
-- Found rosidl_generator_cpp: 4.5.1 (/opt/ros/rolling/share/rosidl_generator_cpp/cmake)
-- Using all available rosidl_typesupport_c: rosidl_typesupport_fastrtps_c;rosidl_typesupport_introspection_c
-- Using all available rosidl_typesupport_cpp: rosidl_typesupport_fastrtps_cpp;rosidl_typesupport_introspection_cpp
-- Found rmw_implementation_cmake: 7.3.0 (/opt/ros/rolling/share/rmw_implementation_cmake/cmake)
-- Found rmw_fastrtps_cpp: 8.2.0 (/opt/ros/rolling/share/rmw_fastrtps_cpp/cmake)
-- Using RMW implementation 'rmw_fastrtps_cpp' as default
-- Found hikvision: 1.0.0 (/home/guo/ITL_sentry_auto_new/install/hikvision/share/hikvision/cmake)
-- Found serial: 0.1.0 (/home/guo/ITL_sentry_auto_new/install/serial/share/serial/cmake)
-- Found dm_imu: 0.0.0 (/home/guo/ITL_sentry_auto_new/install/dm_imu/share/dm_imu/cmake)
-- Found detected: 0.0.2 (/home/guo/ITL_sentry_auto_new/install/detected/share/detected/cmake)
-- Found solver: 0.0.0 (/home/guo/ITL_sentry_auto_new/install/solver/share/solver/cmake)
-- Found eigen3_cmake_module: 0.3.0 (/opt/ros/rolling/share/eigen3_cmake_module/cmake)
-- Ensuring Eigen3 include directory is part of orocos-kdl CMake target
-- Found tracker: 0.1.0 (/home/guo/ITL_sentry_auto_new/install/tracker/share/tracker/cmake)
-- Found AMD headers in: /usr/include/suitesparse
-- Found AMD library: /usr/lib/x86_64-linux-gnu/libamd.so
-- Found CAMD headers in: /usr/include/suitesparse
-- Found CAMD library: /usr/lib/x86_64-linux-gnu/libcamd.so
-- Found CCOLAMD headers in: /usr/include/suitesparse
-- Found CCOLAMD library: /usr/lib/x86_64-linux-gnu/libccolamd.so
-- Found CHOLMOD headers in: /usr/include/suitesparse
-- Found CHOLMOD library: /usr/lib/x86_64-linux-gnu/libcholmod.so
-- Found COLAMD headers in: /usr/include/suitesparse
-- Found COLAMD library: /usr/lib/x86_64-linux-gnu/libcolamd.so
-- Found SPQR headers in: /usr/include/suitesparse
-- Found SPQR library: /usr/lib/x86_64-linux-gnu/libspqr.so
-- Found Config headers in: /usr/include/suitesparse
-- Found Config library: /usr/lib/x86_64-linux-gnu/libsuitesparseconfig.so
-- Found Intel Thread Building Blocks (TBB) library (2021.5 / ) include location: . Assuming SuiteSparseQR was compiled with TBB.
-- Adding librt to SuiteSparse_config libraries (required on Linux & Unix [not OSX] if SuiteSparse is compiled with timing).
-- Could NOT find METIS (missing: METIS_INCLUDE_DIR METIS_LIBRARY) 
-- Found planner: 0.1.0 (/home/guo/ITL_sentry_auto_new/install/planner/share/planner/cmake)
-- Found ament_lint_auto: 0.16.3 (/opt/ros/rolling/share/ament_lint_auto/cmake)
-- Added test 'cppcheck' to perform static code analysis on C / C++ code
-- Configured cppcheck include dirs: /home/guo/ITL_sentry_auto_new/src/node/include
-- Configured cppcheck exclude dirs and/or files: 
-- Added test 'lint_cmake' to check CMake code style
-- Added test 'uncrustify' to check C / C++ code style
-- Configured uncrustify additional arguments: 
-- Added test 'xmllint' to check XML markup files
-- Configuring done (3.8s)
-- Generating done (0.0s)
-- Build files have been written to: /home/guo/ITL_sentry_auto_new/build/pipeline
[ 25%] [32mBuilding CXX object CMakeFiles/video_node.dir/src/video_node.cpp.o[0m
[ 50%] [32mBuilding CXX object CMakeFiles/pipeline_node.dir/src/test_node.cpp.o[0m
[ 75%] [32m[1mLinking CXX executable video_node[0m
[ 75%] Built target video_node
[100%] [32m[1mLinking CXX executable pipeline_node[0m
[100%] Built target pipeline_node
-- Install configuration: ""
-- Installing: /home/guo/ITL_sentry_auto_new/install/pipeline/lib/pipeline/pipeline_node
-- Set non-toolchain portion of runtime path of "/home/guo/ITL_sentry_auto_new/install/pipeline/lib/pipeline/pipeline_node" to ""
-- Installing: /home/guo/ITL_sentry_auto_new/install/pipeline/lib/pipeline/video_node
-- Set non-toolchain portion of runtime path of "/home/guo/ITL_sentry_auto_new/install/pipeline/lib/pipeline/video_node" to ""
-- Up-to-date: /home/guo/ITL_sentry_auto_new/install/pipeline/include
-- Installing: /home/guo/ITL_sentry_auto_new/install/pipeline/include/video_node.hpp
-- Up-to-date: /home/guo/ITL_sentry_auto_new/install/pipeline/include/test_node.hpp
-- Up-to-date: /home/guo/ITL_sentry_auto_new/install/pipeline/share/ament_index/resource_index/package_run_dependencies/pipeline
-- Installing: /home/guo/ITL_sentry_auto_new/install/pipeline/share/ament_index/resource_index/parent_prefix_path/pipeline
-- Up-to-date: /home/guo/ITL_sentry_auto_new/install/pipeline/share/pipeline/environment/ament_prefix_path.sh
-- Up-to-date: /home/guo/ITL_sentry_auto_new/install/pipeline/share/pipeline/environment/ament_prefix_path.dsv
-- Up-to-date: /home/guo/ITL_sentry_auto_new/install/pipeline/share/pipeline/environment/path.sh
-- Up-to-date: /home/guo/ITL_sentry_auto_new/install/pipeline/share/pipeline/environment/path.dsv
-- Up-to-date: /home/guo/ITL_sentry_auto_new/install/pipeline/share/pipeline/local_setup.bash
-- Up-to-date: /home/guo/ITL_sentry_auto_new/install/pipeline/share/pipeline/local_setup.sh
-- Up-to-date: /home/guo/ITL_sentry_auto_new/install/pipeline/share/pipeline/local_setup.zsh
-- Up-to-date: /home/guo/ITL_sentry_auto_new/install/pipeline/share/pipeline/local_setup.dsv
-- Installing: /home/guo/ITL_sentry_auto_new/install/pipeline/share/pipeline/package.dsv
-- Up-to-date: /home/guo/ITL_sentry_auto_new/install/pipeline/share/ament_index/resource_index/packages/pipeline
-- Up-to-date: /home/guo/ITL_sentry_auto_new/install/pipeline/share/pipeline/cmake/pipelineConfig.cmake
-- Up-to-date: /home/guo/ITL_sentry_auto_new/install/pipeline/share/pipeline/cmake/pipelineConfig-version.cmake
-- Up-to-date: /home/guo/ITL_sentry_auto_new/install/pipeline/share/pipeline/package.xml
