[0.045s] Invoking command in '/home/guo/ITL_sentry_auto_new/build/pipeline': CMAKE_PREFIX_PATH=/home/guo/ITL_sentry_auto_new/install/tracker:/home/guo/ITL_sentry_auto_new/install/planner:/home/guo/ITL_sentry_auto_new/install/aimer:/home/guo/ITL_sentry_auto_new/install/predictor:/home/guo/ITL_sentry_auto_new/install/solver:/home/guo/ITL_sentry_auto_new/install/gimbal:/home/guo/ITL_sentry_auto_new/install/dm_imu:/home/guo/ITL_sentry_auto_new/install/serial:/home/guo/ITL_sentry_auto_new/install/motion_model:/home/guo/ITL_sentry_auto_new/install/hikvision:/home/guo/ITL_sentry_auto_new/install/detected:/home/guo/ITL_sentry_auto_new/install/cboard:/home/guo/ITL_sentry_auto_new/install/utils:/home/guo/ITL_sentry_auto_new/install/filter_lib:/home/guo/ITL_sentry_auto_new/install/autoaim_msgs:/home/guo/ITL_sentry_auto_new/install/pipeline:/home/guo/ITL_sentry_auto_new/install/launch_node:/home/guo/ITL_sentry_auto_new/install/armor_pointer:/opt/ros/rolling LD_LIBRARY_PATH=/home/guo/ITL_sentry_auto_new/install/planner/lib:/home/guo/ITL_sentry_auto_new/install/aimer/lib:/home/guo/ITL_sentry_auto_new/install/predictor/lib:/home/guo/ITL_sentry_auto_new/install/solver/lib:/home/guo/ITL_sentry_auto_new/install/gimbal/lib:/home/guo/ITL_sentry_auto_new/install/dm_imu/lib:/home/guo/ITL_sentry_auto_new/install/serial/lib:/home/guo/ITL_sentry_auto_new/install/motion_model/lib:/home/guo/ITL_sentry_auto_new/install/hikvision/lib:/home/guo/ITL_sentry_auto_new/install/detected/lib:/home/guo/ITL_sentry_auto_new/install/cboard/lib:/home/guo/ITL_sentry_auto_new/install/autoaim_msgs/lib:/home/guo/ITL_sentry_auto_new/install/tracker/lib:/home/guo/ITL_sentry_auto_new/install/utils/lib:/home/guo/ITL_sentry_auto_new/install/filter_lib/lib:/home/guo/ITL_sentry_auto_new/install/armor_pointer/lib:/usr/lib/x86_64-linux-gnu:/opt/ros/rolling/opt/rviz_ogre_vendor/lib:/opt/ros/rolling/lib/x86_64-linux-gnu:/opt/ros/rolling/lib:/opt/MVS/lib/64:/opt/MVS/lib/32:/usr/local/TensorRT.10.7.0.23/lib:/usr/lib/x86_64-linux-gnu:/usr/local/cuda/lib64:/opt/MVS/lib/64:/opt/MVS/lib/32:/opt/MVS/lib/64:/opt/MVS/lib/32 /usr/local/bin/cmake --build /home/guo/ITL_sentry_auto_new/build/pipeline -- -j24 -l24
[0.064s] -- Found ament_cmake: 2.3.2 (/opt/ros/rolling/share/ament_cmake/cmake)
[0.254s] -- Found rclcpp: 27.0.0 (/opt/ros/rolling/share/rclcpp/cmake)
[0.284s] -- Found rosidl_generator_c: 4.5.1 (/opt/ros/rolling/share/rosidl_generator_c/cmake)
[0.293s] -- Found rosidl_generator_cpp: 4.5.1 (/opt/ros/rolling/share/rosidl_generator_cpp/cmake)
[0.308s] -- Using all available rosidl_typesupport_c: rosidl_typesupport_fastrtps_c;rosidl_typesupport_introspection_c
[0.327s] -- Using all available rosidl_typesupport_cpp: rosidl_typesupport_fastrtps_cpp;rosidl_typesupport_introspection_cpp
[0.476s] -- Found rmw_implementation_cmake: 7.3.0 (/opt/ros/rolling/share/rmw_implementation_cmake/cmake)
[0.478s] -- Found rmw_fastrtps_cpp: 8.2.0 (/opt/ros/rolling/share/rmw_fastrtps_cpp/cmake)
[0.580s] -- Using RMW implementation 'rmw_fastrtps_cpp' as default
[0.759s] -- Found hikvision: 1.0.0 (/home/guo/ITL_sentry_auto_new/install/hikvision/share/hikvision/cmake)
[0.799s] -- Found serial: 0.1.0 (/home/guo/ITL_sentry_auto_new/install/serial/share/serial/cmake)
[0.802s] -- Found dm_imu: 0.0.0 (/home/guo/ITL_sentry_auto_new/install/dm_imu/share/dm_imu/cmake)
[0.807s] -- Found detected: 0.0.2 (/home/guo/ITL_sentry_auto_new/install/detected/share/detected/cmake)
[0.819s] -- Found solver: 0.0.0 (/home/guo/ITL_sentry_auto_new/install/solver/share/solver/cmake)
[0.901s] -- Found eigen3_cmake_module: 0.3.0 (/opt/ros/rolling/share/eigen3_cmake_module/cmake)
[0.902s] -- Ensuring Eigen3 include directory is part of orocos-kdl CMake target
[1.627s] -- Found tracker: 0.1.0 (/home/guo/ITL_sentry_auto_new/install/tracker/share/tracker/cmake)
[2.201s] -- Found AMD headers in: /usr/include/suitesparse
[2.201s] -- Found AMD library: /usr/lib/x86_64-linux-gnu/libamd.so
[2.201s] -- Found CAMD headers in: /usr/include/suitesparse
[2.201s] -- Found CAMD library: /usr/lib/x86_64-linux-gnu/libcamd.so
[2.201s] -- Found CCOLAMD headers in: /usr/include/suitesparse
[2.201s] -- Found CCOLAMD library: /usr/lib/x86_64-linux-gnu/libccolamd.so
[2.201s] -- Found CHOLMOD headers in: /usr/include/suitesparse
[2.201s] -- Found CHOLMOD library: /usr/lib/x86_64-linux-gnu/libcholmod.so
[2.202s] -- Found COLAMD headers in: /usr/include/suitesparse
[2.202s] -- Found COLAMD library: /usr/lib/x86_64-linux-gnu/libcolamd.so
[2.202s] -- Found SPQR headers in: /usr/include/suitesparse
[2.202s] -- Found SPQR library: /usr/lib/x86_64-linux-gnu/libspqr.so
[2.202s] -- Found Config headers in: /usr/include/suitesparse
[2.202s] -- Found Config library: /usr/lib/x86_64-linux-gnu/libsuitesparseconfig.so
[2.203s] -- Found Intel Thread Building Blocks (TBB) library (2021.5 / ) include location: . Assuming SuiteSparseQR was compiled with TBB.
[2.203s] -- Adding librt to SuiteSparse_config libraries (required on Linux & Unix [not OSX] if SuiteSparse is compiled with timing).
[2.208s] -- Could NOT find METIS (missing: METIS_INCLUDE_DIR METIS_LIBRARY) 
[2.366s] -- Found planner: 0.1.0 (/home/guo/ITL_sentry_auto_new/install/planner/share/planner/cmake)
[3.763s] -- Found ament_lint_auto: 0.16.3 (/opt/ros/rolling/share/ament_lint_auto/cmake)
[3.815s] -- Added test 'cppcheck' to perform static code analysis on C / C++ code
[3.815s] -- Configured cppcheck include dirs: /home/guo/ITL_sentry_auto_new/src/node/include
[3.815s] -- Configured cppcheck exclude dirs and/or files: 
[3.816s] -- Added test 'lint_cmake' to check CMake code style
[3.816s] -- Added test 'uncrustify' to check C / C++ code style
[3.816s] -- Configured uncrustify additional arguments: 
[3.817s] -- Added test 'xmllint' to check XML markup files
[3.817s] -- Configuring done (3.8s)
[3.866s] -- Generating done (0.0s)
[3.872s] -- Build files have been written to: /home/guo/ITL_sentry_auto_new/build/pipeline
[3.891s] [ 25%] [32mBuilding CXX object CMakeFiles/video_node.dir/src/video_node.cpp.o[0m
[3.907s] [ 50%] [32mBuilding CXX object CMakeFiles/pipeline_node.dir/src/test_node.cpp.o[0m
[10.030s] [ 75%] [32m[1mLinking CXX executable video_node[0m
[11.133s] [ 75%] Built target video_node
[13.464s] [100%] [32m[1mLinking CXX executable pipeline_node[0m
[14.458s] [100%] Built target pipeline_node
[14.463s] Invoked command in '/home/guo/ITL_sentry_auto_new/build/pipeline' returned '0': CMAKE_PREFIX_PATH=/home/guo/ITL_sentry_auto_new/install/tracker:/home/guo/ITL_sentry_auto_new/install/planner:/home/guo/ITL_sentry_auto_new/install/aimer:/home/guo/ITL_sentry_auto_new/install/predictor:/home/guo/ITL_sentry_auto_new/install/solver:/home/guo/ITL_sentry_auto_new/install/gimbal:/home/guo/ITL_sentry_auto_new/install/dm_imu:/home/guo/ITL_sentry_auto_new/install/serial:/home/guo/ITL_sentry_auto_new/install/motion_model:/home/guo/ITL_sentry_auto_new/install/hikvision:/home/guo/ITL_sentry_auto_new/install/detected:/home/guo/ITL_sentry_auto_new/install/cboard:/home/guo/ITL_sentry_auto_new/install/utils:/home/guo/ITL_sentry_auto_new/install/filter_lib:/home/guo/ITL_sentry_auto_new/install/autoaim_msgs:/home/guo/ITL_sentry_auto_new/install/pipeline:/home/guo/ITL_sentry_auto_new/install/launch_node:/home/guo/ITL_sentry_auto_new/install/armor_pointer:/opt/ros/rolling LD_LIBRARY_PATH=/home/guo/ITL_sentry_auto_new/install/planner/lib:/home/guo/ITL_sentry_auto_new/install/aimer/lib:/home/guo/ITL_sentry_auto_new/install/predictor/lib:/home/guo/ITL_sentry_auto_new/install/solver/lib:/home/guo/ITL_sentry_auto_new/install/gimbal/lib:/home/guo/ITL_sentry_auto_new/install/dm_imu/lib:/home/guo/ITL_sentry_auto_new/install/serial/lib:/home/guo/ITL_sentry_auto_new/install/motion_model/lib:/home/guo/ITL_sentry_auto_new/install/hikvision/lib:/home/guo/ITL_sentry_auto_new/install/detected/lib:/home/guo/ITL_sentry_auto_new/install/cboard/lib:/home/guo/ITL_sentry_auto_new/install/autoaim_msgs/lib:/home/guo/ITL_sentry_auto_new/install/tracker/lib:/home/guo/ITL_sentry_auto_new/install/utils/lib:/home/guo/ITL_sentry_auto_new/install/filter_lib/lib:/home/guo/ITL_sentry_auto_new/install/armor_pointer/lib:/usr/lib/x86_64-linux-gnu:/opt/ros/rolling/opt/rviz_ogre_vendor/lib:/opt/ros/rolling/lib/x86_64-linux-gnu:/opt/ros/rolling/lib:/opt/MVS/lib/64:/opt/MVS/lib/32:/usr/local/TensorRT.10.7.0.23/lib:/usr/lib/x86_64-linux-gnu:/usr/local/cuda/lib64:/opt/MVS/lib/64:/opt/MVS/lib/32:/opt/MVS/lib/64:/opt/MVS/lib/32 /usr/local/bin/cmake --build /home/guo/ITL_sentry_auto_new/build/pipeline -- -j24 -l24
[14.465s] Invoking command in '/home/guo/ITL_sentry_auto_new/build/pipeline': CMAKE_PREFIX_PATH=/home/guo/ITL_sentry_auto_new/install/tracker:/home/guo/ITL_sentry_auto_new/install/planner:/home/guo/ITL_sentry_auto_new/install/aimer:/home/guo/ITL_sentry_auto_new/install/predictor:/home/guo/ITL_sentry_auto_new/install/solver:/home/guo/ITL_sentry_auto_new/install/gimbal:/home/guo/ITL_sentry_auto_new/install/dm_imu:/home/guo/ITL_sentry_auto_new/install/serial:/home/guo/ITL_sentry_auto_new/install/motion_model:/home/guo/ITL_sentry_auto_new/install/hikvision:/home/guo/ITL_sentry_auto_new/install/detected:/home/guo/ITL_sentry_auto_new/install/cboard:/home/guo/ITL_sentry_auto_new/install/utils:/home/guo/ITL_sentry_auto_new/install/filter_lib:/home/guo/ITL_sentry_auto_new/install/autoaim_msgs:/home/guo/ITL_sentry_auto_new/install/pipeline:/home/guo/ITL_sentry_auto_new/install/launch_node:/home/guo/ITL_sentry_auto_new/install/armor_pointer:/opt/ros/rolling LD_LIBRARY_PATH=/home/guo/ITL_sentry_auto_new/install/planner/lib:/home/guo/ITL_sentry_auto_new/install/aimer/lib:/home/guo/ITL_sentry_auto_new/install/predictor/lib:/home/guo/ITL_sentry_auto_new/install/solver/lib:/home/guo/ITL_sentry_auto_new/install/gimbal/lib:/home/guo/ITL_sentry_auto_new/install/dm_imu/lib:/home/guo/ITL_sentry_auto_new/install/serial/lib:/home/guo/ITL_sentry_auto_new/install/motion_model/lib:/home/guo/ITL_sentry_auto_new/install/hikvision/lib:/home/guo/ITL_sentry_auto_new/install/detected/lib:/home/guo/ITL_sentry_auto_new/install/cboard/lib:/home/guo/ITL_sentry_auto_new/install/autoaim_msgs/lib:/home/guo/ITL_sentry_auto_new/install/tracker/lib:/home/guo/ITL_sentry_auto_new/install/utils/lib:/home/guo/ITL_sentry_auto_new/install/filter_lib/lib:/home/guo/ITL_sentry_auto_new/install/armor_pointer/lib:/usr/lib/x86_64-linux-gnu:/opt/ros/rolling/opt/rviz_ogre_vendor/lib:/opt/ros/rolling/lib/x86_64-linux-gnu:/opt/ros/rolling/lib:/opt/MVS/lib/64:/opt/MVS/lib/32:/usr/local/TensorRT.10.7.0.23/lib:/usr/lib/x86_64-linux-gnu:/usr/local/cuda/lib64:/opt/MVS/lib/64:/opt/MVS/lib/32:/opt/MVS/lib/64:/opt/MVS/lib/32 /usr/local/bin/cmake --install /home/guo/ITL_sentry_auto_new/build/pipeline
[14.466s] -- Install configuration: ""
[14.467s] -- Installing: /home/guo/ITL_sentry_auto_new/install/pipeline/lib/pipeline/pipeline_node
[14.471s] -- Set non-toolchain portion of runtime path of "/home/guo/ITL_sentry_auto_new/install/pipeline/lib/pipeline/pipeline_node" to ""
[14.471s] -- Installing: /home/guo/ITL_sentry_auto_new/install/pipeline/lib/pipeline/video_node
[14.474s] -- Set non-toolchain portion of runtime path of "/home/guo/ITL_sentry_auto_new/install/pipeline/lib/pipeline/video_node" to ""
[14.474s] -- Up-to-date: /home/guo/ITL_sentry_auto_new/install/pipeline/include
[14.474s] -- Installing: /home/guo/ITL_sentry_auto_new/install/pipeline/include/video_node.hpp
[14.474s] -- Up-to-date: /home/guo/ITL_sentry_auto_new/install/pipeline/include/test_node.hpp
[14.475s] -- Up-to-date: /home/guo/ITL_sentry_auto_new/install/pipeline/share/ament_index/resource_index/package_run_dependencies/pipeline
[14.475s] -- Installing: /home/guo/ITL_sentry_auto_new/install/pipeline/share/ament_index/resource_index/parent_prefix_path/pipeline
[14.475s] -- Up-to-date: /home/guo/ITL_sentry_auto_new/install/pipeline/share/pipeline/environment/ament_prefix_path.sh
[14.475s] -- Up-to-date: /home/guo/ITL_sentry_auto_new/install/pipeline/share/pipeline/environment/ament_prefix_path.dsv
[14.475s] -- Up-to-date: /home/guo/ITL_sentry_auto_new/install/pipeline/share/pipeline/environment/path.sh
[14.475s] -- Up-to-date: /home/guo/ITL_sentry_auto_new/install/pipeline/share/pipeline/environment/path.dsv
[14.475s] -- Up-to-date: /home/guo/ITL_sentry_auto_new/install/pipeline/share/pipeline/local_setup.bash
[14.475s] -- Up-to-date: /home/guo/ITL_sentry_auto_new/install/pipeline/share/pipeline/local_setup.sh
[14.475s] -- Up-to-date: /home/guo/ITL_sentry_auto_new/install/pipeline/share/pipeline/local_setup.zsh
[14.475s] -- Up-to-date: /home/guo/ITL_sentry_auto_new/install/pipeline/share/pipeline/local_setup.dsv
[14.475s] -- Installing: /home/guo/ITL_sentry_auto_new/install/pipeline/share/pipeline/package.dsv
[14.475s] -- Up-to-date: /home/guo/ITL_sentry_auto_new/install/pipeline/share/ament_index/resource_index/packages/pipeline
[14.475s] -- Up-to-date: /home/guo/ITL_sentry_auto_new/install/pipeline/share/pipeline/cmake/pipelineConfig.cmake
[14.475s] -- Up-to-date: /home/guo/ITL_sentry_auto_new/install/pipeline/share/pipeline/cmake/pipelineConfig-version.cmake
[14.475s] -- Up-to-date: /home/guo/ITL_sentry_auto_new/install/pipeline/share/pipeline/package.xml
[14.477s] Invoked command in '/home/guo/ITL_sentry_auto_new/build/pipeline' returned '0': CMAKE_PREFIX_PATH=/home/guo/ITL_sentry_auto_new/install/tracker:/home/guo/ITL_sentry_auto_new/install/planner:/home/guo/ITL_sentry_auto_new/install/aimer:/home/guo/ITL_sentry_auto_new/install/predictor:/home/guo/ITL_sentry_auto_new/install/solver:/home/guo/ITL_sentry_auto_new/install/gimbal:/home/guo/ITL_sentry_auto_new/install/dm_imu:/home/guo/ITL_sentry_auto_new/install/serial:/home/guo/ITL_sentry_auto_new/install/motion_model:/home/guo/ITL_sentry_auto_new/install/hikvision:/home/guo/ITL_sentry_auto_new/install/detected:/home/guo/ITL_sentry_auto_new/install/cboard:/home/guo/ITL_sentry_auto_new/install/utils:/home/guo/ITL_sentry_auto_new/install/filter_lib:/home/guo/ITL_sentry_auto_new/install/autoaim_msgs:/home/guo/ITL_sentry_auto_new/install/pipeline:/home/guo/ITL_sentry_auto_new/install/launch_node:/home/guo/ITL_sentry_auto_new/install/armor_pointer:/opt/ros/rolling LD_LIBRARY_PATH=/home/guo/ITL_sentry_auto_new/install/planner/lib:/home/guo/ITL_sentry_auto_new/install/aimer/lib:/home/guo/ITL_sentry_auto_new/install/predictor/lib:/home/guo/ITL_sentry_auto_new/install/solver/lib:/home/guo/ITL_sentry_auto_new/install/gimbal/lib:/home/guo/ITL_sentry_auto_new/install/dm_imu/lib:/home/guo/ITL_sentry_auto_new/install/serial/lib:/home/guo/ITL_sentry_auto_new/install/motion_model/lib:/home/guo/ITL_sentry_auto_new/install/hikvision/lib:/home/guo/ITL_sentry_auto_new/install/detected/lib:/home/guo/ITL_sentry_auto_new/install/cboard/lib:/home/guo/ITL_sentry_auto_new/install/autoaim_msgs/lib:/home/guo/ITL_sentry_auto_new/install/tracker/lib:/home/guo/ITL_sentry_auto_new/install/utils/lib:/home/guo/ITL_sentry_auto_new/install/filter_lib/lib:/home/guo/ITL_sentry_auto_new/install/armor_pointer/lib:/usr/lib/x86_64-linux-gnu:/opt/ros/rolling/opt/rviz_ogre_vendor/lib:/opt/ros/rolling/lib/x86_64-linux-gnu:/opt/ros/rolling/lib:/opt/MVS/lib/64:/opt/MVS/lib/32:/usr/local/TensorRT.10.7.0.23/lib:/usr/lib/x86_64-linux-gnu:/usr/local/cuda/lib64:/opt/MVS/lib/64:/opt/MVS/lib/32:/opt/MVS/lib/64:/opt/MVS/lib/32 /usr/local/bin/cmake --install /home/guo/ITL_sentry_auto_new/build/pipeline
