[0.047s] Invoking command in '/home/guo/ITL_sentry_auto_new/build/pipeline': AMENT_PREFIX_PATH=/home/guo/ITL_sentry_auto_new/install/tracker:/home/guo/ITL_sentry_auto_new/install/planner:/home/guo/ITL_sentry_auto_new/install/aimer:/home/guo/ITL_sentry_auto_new/install/predictor:/home/guo/ITL_sentry_auto_new/install/solver:/home/guo/ITL_sentry_auto_new/install/gimbal:/home/guo/ITL_sentry_auto_new/install/dm_imu:/home/guo/ITL_sentry_auto_new/install/serial:/home/guo/ITL_sentry_auto_new/install/motion_model:/home/guo/ITL_sentry_auto_new/install/hikvision:/home/guo/ITL_sentry_auto_new/install/detected:/home/guo/ITL_sentry_auto_new/install/cboard:/home/guo/ITL_sentry_auto_new/install/utils:/home/guo/ITL_sentry_auto_new/install/autoaim_msgs:${AMENT_PREFIX_PATH} CMAKE_PREFIX_PATH=/home/guo/ITL_sentry_auto_new/install/tracker:/home/guo/ITL_sentry_auto_new/install/planner:/home/guo/ITL_sentry_auto_new/install/aimer:/home/guo/ITL_sentry_auto_new/install/predictor:/home/guo/ITL_sentry_auto_new/install/solver:/home/guo/ITL_sentry_auto_new/install/gimbal:/home/guo/ITL_sentry_auto_new/install/dm_imu:/home/guo/ITL_sentry_auto_new/install/serial:/home/guo/ITL_sentry_auto_new/install/motion_model:/home/guo/ITL_sentry_auto_new/install/hikvision:/home/guo/ITL_sentry_auto_new/install/detected:/home/guo/ITL_sentry_auto_new/install/cboard:/home/guo/ITL_sentry_auto_new/install/utils:/home/guo/ITL_sentry_auto_new/install/autoaim_msgs:/opt/ros/rolling LD_LIBRARY_PATH=/home/guo/ITL_sentry_auto_new/install/tracker/lib:/home/guo/ITL_sentry_auto_new/install/planner/lib:/home/guo/ITL_sentry_auto_new/install/aimer/lib:/home/guo/ITL_sentry_auto_new/install/predictor/lib:/home/guo/ITL_sentry_auto_new/install/solver/lib:/home/guo/ITL_sentry_auto_new/install/gimbal/lib:/home/guo/ITL_sentry_auto_new/install/dm_imu/lib:/home/guo/ITL_sentry_auto_new/install/serial/lib:/home/guo/ITL_sentry_auto_new/install/motion_model/lib:/home/guo/ITL_sentry_auto_new/install/hikvision/lib:/home/guo/ITL_sentry_auto_new/install/detected/lib:/home/guo/ITL_sentry_auto_new/install/cboard/lib:/home/guo/ITL_sentry_auto_new/install/utils/lib:/home/guo/ITL_sentry_auto_new/install/autoaim_msgs/lib:/usr/lib/x86_64-linux-gnu:/opt/ros/rolling/opt/rviz_ogre_vendor/lib:/opt/ros/rolling/lib/x86_64-linux-gnu:/opt/ros/rolling/lib:/opt/MVS/lib/64:/opt/MVS/lib/32:/usr/local/TensorRT.10.7.0.23/lib:/usr/lib/x86_64-linux-gnu:/usr/local/cuda/lib64:/opt/MVS/lib/64:/opt/MVS/lib/32:/opt/MVS/lib/64:/opt/MVS/lib/32 PYTHONPATH=/home/guo/ITL_sentry_auto_new/install/autoaim_msgs/lib/python3.10/site-packages:${PYTHONPATH} /usr/local/bin/cmake /home/guo/ITL_sentry_auto_new/src/node -DCMAKE_INSTALL_PREFIX=/home/guo/ITL_sentry_auto_new/install/pipeline
[0.130s] -- The C compiler identification is GNU 11.4.0
[0.203s] -- The CXX compiler identification is GNU 11.4.0
[0.226s] -- Detecting C compiler ABI info
[0.337s] -- Detecting C compiler ABI info - done
[0.357s] -- Check for working C compiler: /usr/bin/cc - skipped
[0.357s] -- Detecting C compile features
[0.358s] -- Detecting C compile features - done
[0.368s] -- Detecting CXX compiler ABI info
[0.441s] -- Detecting CXX compiler ABI info - done
[0.450s] -- Check for working CXX compiler: /usr/bin/c++ - skipped
[0.450s] -- Detecting CXX compile features
[0.450s] -- Detecting CXX compile features - done
[0.453s] -- Found ament_cmake: 2.3.2 (/opt/ros/rolling/share/ament_cmake/cmake)
[0.835s] -- Found Python3: /usr/bin/python3.10 (found version "3.10.12") found components: Interpreter 
[0.909s] -- Found rclcpp: 27.0.0 (/opt/ros/rolling/share/rclcpp/cmake)
[0.943s] -- Found rosidl_generator_c: 4.5.1 (/opt/ros/rolling/share/rosidl_generator_c/cmake)
[0.955s] -- Found rosidl_generator_cpp: 4.5.1 (/opt/ros/rolling/share/rosidl_generator_cpp/cmake)
[0.971s] -- Using all available rosidl_typesupport_c: rosidl_typesupport_fastrtps_c;rosidl_typesupport_introspection_c
[0.991s] -- Using all available rosidl_typesupport_cpp: rosidl_typesupport_fastrtps_cpp;rosidl_typesupport_introspection_cpp
[1.147s] -- Found rmw_implementation_cmake: 7.3.0 (/opt/ros/rolling/share/rmw_implementation_cmake/cmake)
[1.150s] -- Found rmw_fastrtps_cpp: 8.2.0 (/opt/ros/rolling/share/rmw_fastrtps_cpp/cmake)
[1.240s] -- Found OpenSSL: /usr/lib/x86_64-linux-gnu/libcrypto.so (found version "3.0.2")  
[1.268s] -- Found FastRTPS: /opt/ros/rolling/include  
[1.313s] -- Using RMW implementation 'rmw_fastrtps_cpp' as default
[1.496s] -- Found OpenCV: /usr (found version "4.5.4") 
[1.496s] -- Found hikvision: 1.0.0 (/home/guo/ITL_sentry_auto_new/install/hikvision/share/hikvision/cmake)
[1.546s] -- Found serial: 0.1.0 (/home/guo/ITL_sentry_auto_new/install/serial/share/serial/cmake)
[1.550s] -- Found dm_imu: 0.0.0 (/home/guo/ITL_sentry_auto_new/install/dm_imu/share/dm_imu/cmake)
[1.555s] -- Found detected: 0.0.2 (/home/guo/ITL_sentry_auto_new/install/detected/share/detected/cmake)
[1.629s] -- Found solver: 0.0.0 (/home/guo/ITL_sentry_auto_new/install/solver/share/solver/cmake)
[1.722s] -- Found eigen3_cmake_module: 0.3.0 (/opt/ros/rolling/share/eigen3_cmake_module/cmake)
[1.724s] -- Found Eigen3: TRUE (found version "3.4.0") 
[1.724s] -- Ensuring Eigen3 include directory is part of orocos-kdl CMake target
[2.548s] -- Found tracker: 0.1.0 (/home/guo/ITL_sentry_auto_new/install/tracker/share/tracker/cmake)
[3.182s] -- Found planner: 0.1.0 (/home/guo/ITL_sentry_auto_new/install/planner/share/planner/cmake)
[3.197s] -- Found gimbal: 1.0.0 (/home/guo/ITL_sentry_auto_new/install/gimbal/share/gimbal/cmake)
[4.604s] -- Found ament_lint_auto: 0.16.3 (/opt/ros/rolling/share/ament_lint_auto/cmake)
[4.666s] -- Added test 'cppcheck' to perform static code analysis on C / C++ code
[4.666s] -- Configured cppcheck include dirs: /home/guo/ITL_sentry_auto_new/src/node/include
[4.666s] -- Configured cppcheck exclude dirs and/or files: 
[4.667s] -- Added test 'lint_cmake' to check CMake code style
[4.668s] -- Added test 'uncrustify' to check C / C++ code style
[4.668s] -- Configured uncrustify additional arguments: 
[4.668s] -- Added test 'xmllint' to check XML markup files
[4.669s] -- Configuring done (4.6s)
[4.712s] -- Generating done (0.0s)
[4.717s] -- Build files have been written to: /home/guo/ITL_sentry_auto_new/build/pipeline
[4.728s] Invoked command in '/home/guo/ITL_sentry_auto_new/build/pipeline' returned '0': AMENT_PREFIX_PATH=/home/guo/ITL_sentry_auto_new/install/tracker:/home/guo/ITL_sentry_auto_new/install/planner:/home/guo/ITL_sentry_auto_new/install/aimer:/home/guo/ITL_sentry_auto_new/install/predictor:/home/guo/ITL_sentry_auto_new/install/solver:/home/guo/ITL_sentry_auto_new/install/gimbal:/home/guo/ITL_sentry_auto_new/install/dm_imu:/home/guo/ITL_sentry_auto_new/install/serial:/home/guo/ITL_sentry_auto_new/install/motion_model:/home/guo/ITL_sentry_auto_new/install/hikvision:/home/guo/ITL_sentry_auto_new/install/detected:/home/guo/ITL_sentry_auto_new/install/cboard:/home/guo/ITL_sentry_auto_new/install/utils:/home/guo/ITL_sentry_auto_new/install/autoaim_msgs:${AMENT_PREFIX_PATH} CMAKE_PREFIX_PATH=/home/guo/ITL_sentry_auto_new/install/tracker:/home/guo/ITL_sentry_auto_new/install/planner:/home/guo/ITL_sentry_auto_new/install/aimer:/home/guo/ITL_sentry_auto_new/install/predictor:/home/guo/ITL_sentry_auto_new/install/solver:/home/guo/ITL_sentry_auto_new/install/gimbal:/home/guo/ITL_sentry_auto_new/install/dm_imu:/home/guo/ITL_sentry_auto_new/install/serial:/home/guo/ITL_sentry_auto_new/install/motion_model:/home/guo/ITL_sentry_auto_new/install/hikvision:/home/guo/ITL_sentry_auto_new/install/detected:/home/guo/ITL_sentry_auto_new/install/cboard:/home/guo/ITL_sentry_auto_new/install/utils:/home/guo/ITL_sentry_auto_new/install/autoaim_msgs:/opt/ros/rolling LD_LIBRARY_PATH=/home/guo/ITL_sentry_auto_new/install/tracker/lib:/home/guo/ITL_sentry_auto_new/install/planner/lib:/home/guo/ITL_sentry_auto_new/install/aimer/lib:/home/guo/ITL_sentry_auto_new/install/predictor/lib:/home/guo/ITL_sentry_auto_new/install/solver/lib:/home/guo/ITL_sentry_auto_new/install/gimbal/lib:/home/guo/ITL_sentry_auto_new/install/dm_imu/lib:/home/guo/ITL_sentry_auto_new/install/serial/lib:/home/guo/ITL_sentry_auto_new/install/motion_model/lib:/home/guo/ITL_sentry_auto_new/install/hikvision/lib:/home/guo/ITL_sentry_auto_new/install/detected/lib:/home/guo/ITL_sentry_auto_new/install/cboard/lib:/home/guo/ITL_sentry_auto_new/install/utils/lib:/home/guo/ITL_sentry_auto_new/install/autoaim_msgs/lib:/usr/lib/x86_64-linux-gnu:/opt/ros/rolling/opt/rviz_ogre_vendor/lib:/opt/ros/rolling/lib/x86_64-linux-gnu:/opt/ros/rolling/lib:/opt/MVS/lib/64:/opt/MVS/lib/32:/usr/local/TensorRT.10.7.0.23/lib:/usr/lib/x86_64-linux-gnu:/usr/local/cuda/lib64:/opt/MVS/lib/64:/opt/MVS/lib/32:/opt/MVS/lib/64:/opt/MVS/lib/32 PYTHONPATH=/home/guo/ITL_sentry_auto_new/install/autoaim_msgs/lib/python3.10/site-packages:${PYTHONPATH} /usr/local/bin/cmake /home/guo/ITL_sentry_auto_new/src/node -DCMAKE_INSTALL_PREFIX=/home/guo/ITL_sentry_auto_new/install/pipeline
[4.729s] Invoking command in '/home/guo/ITL_sentry_auto_new/build/pipeline': AMENT_PREFIX_PATH=/home/guo/ITL_sentry_auto_new/install/tracker:/home/guo/ITL_sentry_auto_new/install/planner:/home/guo/ITL_sentry_auto_new/install/aimer:/home/guo/ITL_sentry_auto_new/install/predictor:/home/guo/ITL_sentry_auto_new/install/solver:/home/guo/ITL_sentry_auto_new/install/gimbal:/home/guo/ITL_sentry_auto_new/install/dm_imu:/home/guo/ITL_sentry_auto_new/install/serial:/home/guo/ITL_sentry_auto_new/install/motion_model:/home/guo/ITL_sentry_auto_new/install/hikvision:/home/guo/ITL_sentry_auto_new/install/detected:/home/guo/ITL_sentry_auto_new/install/cboard:/home/guo/ITL_sentry_auto_new/install/utils:/home/guo/ITL_sentry_auto_new/install/autoaim_msgs:${AMENT_PREFIX_PATH} CMAKE_PREFIX_PATH=/home/guo/ITL_sentry_auto_new/install/tracker:/home/guo/ITL_sentry_auto_new/install/planner:/home/guo/ITL_sentry_auto_new/install/aimer:/home/guo/ITL_sentry_auto_new/install/predictor:/home/guo/ITL_sentry_auto_new/install/solver:/home/guo/ITL_sentry_auto_new/install/gimbal:/home/guo/ITL_sentry_auto_new/install/dm_imu:/home/guo/ITL_sentry_auto_new/install/serial:/home/guo/ITL_sentry_auto_new/install/motion_model:/home/guo/ITL_sentry_auto_new/install/hikvision:/home/guo/ITL_sentry_auto_new/install/detected:/home/guo/ITL_sentry_auto_new/install/cboard:/home/guo/ITL_sentry_auto_new/install/utils:/home/guo/ITL_sentry_auto_new/install/autoaim_msgs:/opt/ros/rolling LD_LIBRARY_PATH=/home/guo/ITL_sentry_auto_new/install/tracker/lib:/home/guo/ITL_sentry_auto_new/install/planner/lib:/home/guo/ITL_sentry_auto_new/install/aimer/lib:/home/guo/ITL_sentry_auto_new/install/predictor/lib:/home/guo/ITL_sentry_auto_new/install/solver/lib:/home/guo/ITL_sentry_auto_new/install/gimbal/lib:/home/guo/ITL_sentry_auto_new/install/dm_imu/lib:/home/guo/ITL_sentry_auto_new/install/serial/lib:/home/guo/ITL_sentry_auto_new/install/motion_model/lib:/home/guo/ITL_sentry_auto_new/install/hikvision/lib:/home/guo/ITL_sentry_auto_new/install/detected/lib:/home/guo/ITL_sentry_auto_new/install/cboard/lib:/home/guo/ITL_sentry_auto_new/install/utils/lib:/home/guo/ITL_sentry_auto_new/install/autoaim_msgs/lib:/usr/lib/x86_64-linux-gnu:/opt/ros/rolling/opt/rviz_ogre_vendor/lib:/opt/ros/rolling/lib/x86_64-linux-gnu:/opt/ros/rolling/lib:/opt/MVS/lib/64:/opt/MVS/lib/32:/usr/local/TensorRT.10.7.0.23/lib:/usr/lib/x86_64-linux-gnu:/usr/local/cuda/lib64:/opt/MVS/lib/64:/opt/MVS/lib/32:/opt/MVS/lib/64:/opt/MVS/lib/32 PYTHONPATH=/home/guo/ITL_sentry_auto_new/install/autoaim_msgs/lib/python3.10/site-packages:${PYTHONPATH} /usr/local/bin/cmake --build /home/guo/ITL_sentry_auto_new/build/pipeline -- -j24 -l24
[4.755s] [ 25%] [32mBuilding CXX object CMakeFiles/pipeline_node.dir/src/test_node.cpp.o[0m
[4.755s] [ 50%] [32mBuilding CXX object CMakeFiles/video_node.dir/src/video_node.cpp.o[0m
[10.907s] [ 75%] [32m[1mLinking CXX executable video_node[0m
[11.885s] [ 75%] Built target video_node
[14.362s] [100%] [32m[1mLinking CXX executable pipeline_node[0m
[15.286s] [100%] Built target pipeline_node
[15.291s] Invoked command in '/home/guo/ITL_sentry_auto_new/build/pipeline' returned '0': AMENT_PREFIX_PATH=/home/guo/ITL_sentry_auto_new/install/tracker:/home/guo/ITL_sentry_auto_new/install/planner:/home/guo/ITL_sentry_auto_new/install/aimer:/home/guo/ITL_sentry_auto_new/install/predictor:/home/guo/ITL_sentry_auto_new/install/solver:/home/guo/ITL_sentry_auto_new/install/gimbal:/home/guo/ITL_sentry_auto_new/install/dm_imu:/home/guo/ITL_sentry_auto_new/install/serial:/home/guo/ITL_sentry_auto_new/install/motion_model:/home/guo/ITL_sentry_auto_new/install/hikvision:/home/guo/ITL_sentry_auto_new/install/detected:/home/guo/ITL_sentry_auto_new/install/cboard:/home/guo/ITL_sentry_auto_new/install/utils:/home/guo/ITL_sentry_auto_new/install/autoaim_msgs:${AMENT_PREFIX_PATH} CMAKE_PREFIX_PATH=/home/guo/ITL_sentry_auto_new/install/tracker:/home/guo/ITL_sentry_auto_new/install/planner:/home/guo/ITL_sentry_auto_new/install/aimer:/home/guo/ITL_sentry_auto_new/install/predictor:/home/guo/ITL_sentry_auto_new/install/solver:/home/guo/ITL_sentry_auto_new/install/gimbal:/home/guo/ITL_sentry_auto_new/install/dm_imu:/home/guo/ITL_sentry_auto_new/install/serial:/home/guo/ITL_sentry_auto_new/install/motion_model:/home/guo/ITL_sentry_auto_new/install/hikvision:/home/guo/ITL_sentry_auto_new/install/detected:/home/guo/ITL_sentry_auto_new/install/cboard:/home/guo/ITL_sentry_auto_new/install/utils:/home/guo/ITL_sentry_auto_new/install/autoaim_msgs:/opt/ros/rolling LD_LIBRARY_PATH=/home/guo/ITL_sentry_auto_new/install/tracker/lib:/home/guo/ITL_sentry_auto_new/install/planner/lib:/home/guo/ITL_sentry_auto_new/install/aimer/lib:/home/guo/ITL_sentry_auto_new/install/predictor/lib:/home/guo/ITL_sentry_auto_new/install/solver/lib:/home/guo/ITL_sentry_auto_new/install/gimbal/lib:/home/guo/ITL_sentry_auto_new/install/dm_imu/lib:/home/guo/ITL_sentry_auto_new/install/serial/lib:/home/guo/ITL_sentry_auto_new/install/motion_model/lib:/home/guo/ITL_sentry_auto_new/install/hikvision/lib:/home/guo/ITL_sentry_auto_new/install/detected/lib:/home/guo/ITL_sentry_auto_new/install/cboard/lib:/home/guo/ITL_sentry_auto_new/install/utils/lib:/home/guo/ITL_sentry_auto_new/install/autoaim_msgs/lib:/usr/lib/x86_64-linux-gnu:/opt/ros/rolling/opt/rviz_ogre_vendor/lib:/opt/ros/rolling/lib/x86_64-linux-gnu:/opt/ros/rolling/lib:/opt/MVS/lib/64:/opt/MVS/lib/32:/usr/local/TensorRT.10.7.0.23/lib:/usr/lib/x86_64-linux-gnu:/usr/local/cuda/lib64:/opt/MVS/lib/64:/opt/MVS/lib/32:/opt/MVS/lib/64:/opt/MVS/lib/32 PYTHONPATH=/home/guo/ITL_sentry_auto_new/install/autoaim_msgs/lib/python3.10/site-packages:${PYTHONPATH} /usr/local/bin/cmake --build /home/guo/ITL_sentry_auto_new/build/pipeline -- -j24 -l24
[15.292s] Invoking command in '/home/guo/ITL_sentry_auto_new/build/pipeline': AMENT_PREFIX_PATH=/home/guo/ITL_sentry_auto_new/install/tracker:/home/guo/ITL_sentry_auto_new/install/planner:/home/guo/ITL_sentry_auto_new/install/aimer:/home/guo/ITL_sentry_auto_new/install/predictor:/home/guo/ITL_sentry_auto_new/install/solver:/home/guo/ITL_sentry_auto_new/install/gimbal:/home/guo/ITL_sentry_auto_new/install/dm_imu:/home/guo/ITL_sentry_auto_new/install/serial:/home/guo/ITL_sentry_auto_new/install/motion_model:/home/guo/ITL_sentry_auto_new/install/hikvision:/home/guo/ITL_sentry_auto_new/install/detected:/home/guo/ITL_sentry_auto_new/install/cboard:/home/guo/ITL_sentry_auto_new/install/utils:/home/guo/ITL_sentry_auto_new/install/autoaim_msgs:${AMENT_PREFIX_PATH} CMAKE_PREFIX_PATH=/home/guo/ITL_sentry_auto_new/install/tracker:/home/guo/ITL_sentry_auto_new/install/planner:/home/guo/ITL_sentry_auto_new/install/aimer:/home/guo/ITL_sentry_auto_new/install/predictor:/home/guo/ITL_sentry_auto_new/install/solver:/home/guo/ITL_sentry_auto_new/install/gimbal:/home/guo/ITL_sentry_auto_new/install/dm_imu:/home/guo/ITL_sentry_auto_new/install/serial:/home/guo/ITL_sentry_auto_new/install/motion_model:/home/guo/ITL_sentry_auto_new/install/hikvision:/home/guo/ITL_sentry_auto_new/install/detected:/home/guo/ITL_sentry_auto_new/install/cboard:/home/guo/ITL_sentry_auto_new/install/utils:/home/guo/ITL_sentry_auto_new/install/autoaim_msgs:/opt/ros/rolling LD_LIBRARY_PATH=/home/guo/ITL_sentry_auto_new/install/tracker/lib:/home/guo/ITL_sentry_auto_new/install/planner/lib:/home/guo/ITL_sentry_auto_new/install/aimer/lib:/home/guo/ITL_sentry_auto_new/install/predictor/lib:/home/guo/ITL_sentry_auto_new/install/solver/lib:/home/guo/ITL_sentry_auto_new/install/gimbal/lib:/home/guo/ITL_sentry_auto_new/install/dm_imu/lib:/home/guo/ITL_sentry_auto_new/install/serial/lib:/home/guo/ITL_sentry_auto_new/install/motion_model/lib:/home/guo/ITL_sentry_auto_new/install/hikvision/lib:/home/guo/ITL_sentry_auto_new/install/detected/lib:/home/guo/ITL_sentry_auto_new/install/cboard/lib:/home/guo/ITL_sentry_auto_new/install/utils/lib:/home/guo/ITL_sentry_auto_new/install/autoaim_msgs/lib:/usr/lib/x86_64-linux-gnu:/opt/ros/rolling/opt/rviz_ogre_vendor/lib:/opt/ros/rolling/lib/x86_64-linux-gnu:/opt/ros/rolling/lib:/opt/MVS/lib/64:/opt/MVS/lib/32:/usr/local/TensorRT.10.7.0.23/lib:/usr/lib/x86_64-linux-gnu:/usr/local/cuda/lib64:/opt/MVS/lib/64:/opt/MVS/lib/32:/opt/MVS/lib/64:/opt/MVS/lib/32 PYTHONPATH=/home/guo/ITL_sentry_auto_new/install/autoaim_msgs/lib/python3.10/site-packages:${PYTHONPATH} /usr/local/bin/cmake --install /home/guo/ITL_sentry_auto_new/build/pipeline
[15.294s] -- Install configuration: ""
[15.294s] -- Installing: /home/guo/ITL_sentry_auto_new/install/pipeline/lib/pipeline/pipeline_node
[15.297s] -- Set non-toolchain portion of runtime path of "/home/guo/ITL_sentry_auto_new/install/pipeline/lib/pipeline/pipeline_node" to ""
[15.297s] -- Installing: /home/guo/ITL_sentry_auto_new/install/pipeline/lib/pipeline/video_node
[15.299s] -- Set non-toolchain portion of runtime path of "/home/guo/ITL_sentry_auto_new/install/pipeline/lib/pipeline/video_node" to ""
[15.300s] -- Installing: /home/guo/ITL_sentry_auto_new/install/pipeline/include
[15.300s] -- Installing: /home/guo/ITL_sentry_auto_new/install/pipeline/include/video_node.hpp
[15.300s] -- Installing: /home/guo/ITL_sentry_auto_new/install/pipeline/include/test_node.hpp
[15.300s] -- Installing: /home/guo/ITL_sentry_auto_new/install/pipeline/share/ament_index/resource_index/package_run_dependencies/pipeline
[15.300s] -- Installing: /home/guo/ITL_sentry_auto_new/install/pipeline/share/ament_index/resource_index/parent_prefix_path/pipeline
[15.300s] -- Installing: /home/guo/ITL_sentry_auto_new/install/pipeline/share/pipeline/environment/ament_prefix_path.sh
[15.300s] -- Installing: /home/guo/ITL_sentry_auto_new/install/pipeline/share/pipeline/environment/ament_prefix_path.dsv
[15.301s] -- Installing: /home/guo/ITL_sentry_auto_new/install/pipeline/share/pipeline/environment/path.sh
[15.301s] -- Installing: /home/guo/ITL_sentry_auto_new/install/pipeline/share/pipeline/environment/path.dsv
[15.301s] -- Installing: /home/guo/ITL_sentry_auto_new/install/pipeline/share/pipeline/local_setup.bash
[15.301s] -- Installing: /home/guo/ITL_sentry_auto_new/install/pipeline/share/pipeline/local_setup.sh
[15.301s] -- Installing: /home/guo/ITL_sentry_auto_new/install/pipeline/share/pipeline/local_setup.zsh
[15.301s] -- Installing: /home/guo/ITL_sentry_auto_new/install/pipeline/share/pipeline/local_setup.dsv
[15.301s] -- Installing: /home/guo/ITL_sentry_auto_new/install/pipeline/share/pipeline/package.dsv
[15.301s] -- Installing: /home/guo/ITL_sentry_auto_new/install/pipeline/share/ament_index/resource_index/packages/pipeline
[15.301s] -- Installing: /home/guo/ITL_sentry_auto_new/install/pipeline/share/pipeline/cmake/pipelineConfig.cmake
[15.301s] -- Installing: /home/guo/ITL_sentry_auto_new/install/pipeline/share/pipeline/cmake/pipelineConfig-version.cmake
[15.301s] -- Installing: /home/guo/ITL_sentry_auto_new/install/pipeline/share/pipeline/package.xml
[15.302s] Invoked command in '/home/guo/ITL_sentry_auto_new/build/pipeline' returned '0': AMENT_PREFIX_PATH=/home/guo/ITL_sentry_auto_new/install/tracker:/home/guo/ITL_sentry_auto_new/install/planner:/home/guo/ITL_sentry_auto_new/install/aimer:/home/guo/ITL_sentry_auto_new/install/predictor:/home/guo/ITL_sentry_auto_new/install/solver:/home/guo/ITL_sentry_auto_new/install/gimbal:/home/guo/ITL_sentry_auto_new/install/dm_imu:/home/guo/ITL_sentry_auto_new/install/serial:/home/guo/ITL_sentry_auto_new/install/motion_model:/home/guo/ITL_sentry_auto_new/install/hikvision:/home/guo/ITL_sentry_auto_new/install/detected:/home/guo/ITL_sentry_auto_new/install/cboard:/home/guo/ITL_sentry_auto_new/install/utils:/home/guo/ITL_sentry_auto_new/install/autoaim_msgs:${AMENT_PREFIX_PATH} CMAKE_PREFIX_PATH=/home/guo/ITL_sentry_auto_new/install/tracker:/home/guo/ITL_sentry_auto_new/install/planner:/home/guo/ITL_sentry_auto_new/install/aimer:/home/guo/ITL_sentry_auto_new/install/predictor:/home/guo/ITL_sentry_auto_new/install/solver:/home/guo/ITL_sentry_auto_new/install/gimbal:/home/guo/ITL_sentry_auto_new/install/dm_imu:/home/guo/ITL_sentry_auto_new/install/serial:/home/guo/ITL_sentry_auto_new/install/motion_model:/home/guo/ITL_sentry_auto_new/install/hikvision:/home/guo/ITL_sentry_auto_new/install/detected:/home/guo/ITL_sentry_auto_new/install/cboard:/home/guo/ITL_sentry_auto_new/install/utils:/home/guo/ITL_sentry_auto_new/install/autoaim_msgs:/opt/ros/rolling LD_LIBRARY_PATH=/home/guo/ITL_sentry_auto_new/install/tracker/lib:/home/guo/ITL_sentry_auto_new/install/planner/lib:/home/guo/ITL_sentry_auto_new/install/aimer/lib:/home/guo/ITL_sentry_auto_new/install/predictor/lib:/home/guo/ITL_sentry_auto_new/install/solver/lib:/home/guo/ITL_sentry_auto_new/install/gimbal/lib:/home/guo/ITL_sentry_auto_new/install/dm_imu/lib:/home/guo/ITL_sentry_auto_new/install/serial/lib:/home/guo/ITL_sentry_auto_new/install/motion_model/lib:/home/guo/ITL_sentry_auto_new/install/hikvision/lib:/home/guo/ITL_sentry_auto_new/install/detected/lib:/home/guo/ITL_sentry_auto_new/install/cboard/lib:/home/guo/ITL_sentry_auto_new/install/utils/lib:/home/guo/ITL_sentry_auto_new/install/autoaim_msgs/lib:/usr/lib/x86_64-linux-gnu:/opt/ros/rolling/opt/rviz_ogre_vendor/lib:/opt/ros/rolling/lib/x86_64-linux-gnu:/opt/ros/rolling/lib:/opt/MVS/lib/64:/opt/MVS/lib/32:/usr/local/TensorRT.10.7.0.23/lib:/usr/lib/x86_64-linux-gnu:/usr/local/cuda/lib64:/opt/MVS/lib/64:/opt/MVS/lib/32:/opt/MVS/lib/64:/opt/MVS/lib/32 PYTHONPATH=/home/guo/ITL_sentry_auto_new/install/autoaim_msgs/lib/python3.10/site-packages:${PYTHONPATH} /usr/local/bin/cmake --install /home/guo/ITL_sentry_auto_new/build/pipeline
