[0.010s] Invoking command in '/home/guo/ITL_sentry_auto_new/build/armor_pointer': CMAKE_PREFIX_PATH=${CMAKE_PREFIX_PATH}:/opt/ros/rolling /usr/local/bin/cmake /home/guo/ITL_sentry_auto_new/src/core/pointer -DCMAKE_INSTALL_PREFIX=/home/guo/ITL_sentry_auto_new/install/armor_pointer
[0.052s] -- The C compiler identification is GNU 11.4.0
[0.100s] -- The CXX compiler identification is GNU 11.4.0
[0.114s] -- Detecting C compiler ABI info
[0.167s] -- Detecting C compiler ABI info - done
[0.175s] -- Check for working C compiler: /usr/bin/cc - skipped
[0.176s] -- Detecting C compile features
[0.176s] -- Detecting C compile features - done
[0.184s] -- Detecting CXX compiler ABI info
[0.246s] -- Detecting CXX compiler ABI info - done
[0.258s] -- Check for working CXX compiler: /usr/bin/c++ - skipped
[0.258s] -- Detecting CXX compile features
[0.258s] -- Detecting CXX compile features - done
[0.260s] -- Found ament_cmake: 2.3.2 (/opt/ros/rolling/share/ament_cmake/cmake)
[0.654s] -- Found Python3: /usr/bin/python3.10 (found version "3.10.12") found components: Interpreter 
[0.728s] -- Found OpenCV: /usr (found version "4.5.4") 
[0.780s] -- Configuring done (0.8s)
[0.787s] -- Generating done (0.0s)
[0.788s] -- Build files have been written to: /home/guo/ITL_sentry_auto_new/build/armor_pointer
[0.793s] Invoked command in '/home/guo/ITL_sentry_auto_new/build/armor_pointer' returned '0': CMAKE_PREFIX_PATH=${CMAKE_PREFIX_PATH}:/opt/ros/rolling /usr/local/bin/cmake /home/guo/ITL_sentry_auto_new/src/core/pointer -DCMAKE_INSTALL_PREFIX=/home/guo/ITL_sentry_auto_new/install/armor_pointer
[0.795s] Invoking command in '/home/guo/ITL_sentry_auto_new/build/armor_pointer': CMAKE_PREFIX_PATH=${CMAKE_PREFIX_PATH}:/opt/ros/rolling /usr/local/bin/cmake --build /home/guo/ITL_sentry_auto_new/build/armor_pointer -- -j24 -l24
[0.814s] [ 33%] [32mBuilding CXX object CMakeFiles/armor_pointer.dir/src/image_processor.cpp.o[0m
[0.815s] [ 66%] [32mBuilding CXX object CMakeFiles/armor_pointer.dir/src/lightbar_detector.cpp.o[0m
[3.124s] [100%] [32m[1mLinking CXX static library libarmor_pointer.a[0m
[3.155s] [100%] Built target armor_pointer
[3.160s] Invoked command in '/home/guo/ITL_sentry_auto_new/build/armor_pointer' returned '0': CMAKE_PREFIX_PATH=${CMAKE_PREFIX_PATH}:/opt/ros/rolling /usr/local/bin/cmake --build /home/guo/ITL_sentry_auto_new/build/armor_pointer -- -j24 -l24
[3.164s] Invoking command in '/home/guo/ITL_sentry_auto_new/build/armor_pointer': CMAKE_PREFIX_PATH=${CMAKE_PREFIX_PATH}:/opt/ros/rolling /usr/local/bin/cmake --install /home/guo/ITL_sentry_auto_new/build/armor_pointer
[3.167s] -- Install configuration: ""
[3.167s] -- Installing: /home/guo/ITL_sentry_auto_new/install/armor_pointer/share/armor_pointer/environment/library_path.sh
[3.167s] -- Installing: /home/guo/ITL_sentry_auto_new/install/armor_pointer/share/armor_pointer/environment/library_path.dsv
[3.167s] -- Installing: /home/guo/ITL_sentry_auto_new/install/armor_pointer/include
[3.167s] -- Installing: /home/guo/ITL_sentry_auto_new/install/armor_pointer/include/types.hpp
[3.168s] -- Installing: /home/guo/ITL_sentry_auto_new/install/armor_pointer/include/lightbar_detector.hpp
[3.168s] -- Installing: /home/guo/ITL_sentry_auto_new/install/armor_pointer/include/image_processor.hpp
[3.168s] -- Installing: /home/guo/ITL_sentry_auto_new/install/armor_pointer/lib/libarmor_pointer.a
[3.170s] -- Installing: /home/guo/ITL_sentry_auto_new/install/armor_pointer/share/ament_index/resource_index/package_run_dependencies/armor_pointer
[3.170s] -- Installing: /home/guo/ITL_sentry_auto_new/install/armor_pointer/share/ament_index/resource_index/parent_prefix_path/armor_pointer
[3.171s] -- Installing: /home/guo/ITL_sentry_auto_new/install/armor_pointer/share/armor_pointer/environment/ament_prefix_path.sh
[3.171s] -- Installing: /home/guo/ITL_sentry_auto_new/install/armor_pointer/share/armor_pointer/environment/ament_prefix_path.dsv
[3.171s] -- Installing: /home/guo/ITL_sentry_auto_new/install/armor_pointer/share/armor_pointer/environment/path.sh
[3.171s] -- Installing: /home/guo/ITL_sentry_auto_new/install/armor_pointer/share/armor_pointer/environment/path.dsv
[3.171s] -- Installing: /home/guo/ITL_sentry_auto_new/install/armor_pointer/share/armor_pointer/local_setup.bash
[3.171s] -- Installing: /home/guo/ITL_sentry_auto_new/install/armor_pointer/share/armor_pointer/local_setup.sh
[3.171s] -- Installing: /home/guo/ITL_sentry_auto_new/install/armor_pointer/share/armor_pointer/local_setup.zsh
[3.172s] -- Installing: /home/guo/ITL_sentry_auto_new/install/armor_pointer/share/armor_pointer/local_setup.dsv
[3.172s] -- Installing: /home/guo/ITL_sentry_auto_new/install/armor_pointer/share/armor_pointer/package.dsv
[3.172s] -- Installing: /home/guo/ITL_sentry_auto_new/install/armor_pointer/share/ament_index/resource_index/packages/armor_pointer
[3.172s] -- Installing: /home/guo/ITL_sentry_auto_new/install/armor_pointer/share/armor_pointer/cmake/armor_pointerTargetsExport.cmake
[3.172s] -- Installing: /home/guo/ITL_sentry_auto_new/install/armor_pointer/share/armor_pointer/cmake/armor_pointerTargetsExport-noconfig.cmake
[3.173s] -- Installing: /home/guo/ITL_sentry_auto_new/install/armor_pointer/share/armor_pointer/cmake/ament_cmake_export_targets-extras.cmake
[3.173s] -- Installing: /home/guo/ITL_sentry_auto_new/install/armor_pointer/share/armor_pointer/cmake/ament_cmake_export_dependencies-extras.cmake
[3.173s] -- Installing: /home/guo/ITL_sentry_auto_new/install/armor_pointer/share/armor_pointer/cmake/armor_pointerConfig.cmake
[3.173s] -- Installing: /home/guo/ITL_sentry_auto_new/install/armor_pointer/share/armor_pointer/cmake/armor_pointerConfig-version.cmake
[3.173s] -- Installing: /home/guo/ITL_sentry_auto_new/install/armor_pointer/share/armor_pointer/package.xml
[3.175s] Invoked command in '/home/guo/ITL_sentry_auto_new/build/armor_pointer' returned '0': CMAKE_PREFIX_PATH=${CMAKE_PREFIX_PATH}:/opt/ros/rolling /usr/local/bin/cmake --install /home/guo/ITL_sentry_auto_new/build/armor_pointer
