[0.406s] Invoking command in '/home/shaobing/rm_ws/src/pkg02_helloworld_py': PYTHONPATH=/home/shaobing/rm_ws/build/pkg02_helloworld_py/prefix_override:/usr/lib/python3/dist-packages/colcon_core/task/python/colcon_distutils_commands:/home/shaobing/rm_ws/install/pkg02_helloworld_py/lib/python3.10/site-packages:${PYTHONPATH} /usr/bin/python3 -W ignore:setup.py install is deprecated -W ignore:easy_install command is deprecated setup.py egg_info --egg-base ../../build/pkg02_helloworld_py build --build-base /home/shaobing/rm_ws/build/pkg02_helloworld_py/build install --record /home/shaobing/rm_ws/build/pkg02_helloworld_py/install.log --single-version-externally-managed install_data
[0.569s] running egg_info
[0.570s] creating ../../build/pkg02_helloworld_py/pkg02_helloworld_py.egg-info
[0.570s] writing ../../build/pkg02_helloworld_py/pkg02_helloworld_py.egg-info/PKG-INFO
[0.570s] writing dependency_links to ../../build/pkg02_helloworld_py/pkg02_helloworld_py.egg-info/dependency_links.txt
[0.570s] writing entry points to ../../build/pkg02_helloworld_py/pkg02_helloworld_py.egg-info/entry_points.txt
[0.570s] writing requirements to ../../build/pkg02_helloworld_py/pkg02_helloworld_py.egg-info/requires.txt
[0.570s] writing top-level names to ../../build/pkg02_helloworld_py/pkg02_helloworld_py.egg-info/top_level.txt
[0.570s] writing manifest file '../../build/pkg02_helloworld_py/pkg02_helloworld_py.egg-info/SOURCES.txt'
[0.571s] reading manifest file '../../build/pkg02_helloworld_py/pkg02_helloworld_py.egg-info/SOURCES.txt'
[0.572s] writing manifest file '../../build/pkg02_helloworld_py/pkg02_helloworld_py.egg-info/SOURCES.txt'
[0.572s] running build
[0.572s] running build_py
[0.572s] creating /home/shaobing/rm_ws/build/pkg02_helloworld_py/build
[0.572s] creating /home/shaobing/rm_ws/build/pkg02_helloworld_py/build/lib
[0.572s] creating /home/shaobing/rm_ws/build/pkg02_helloworld_py/build/lib/pkg02_helloworld_py
[0.572s] copying pkg02_helloworld_py/sub_openvino_red.py -> /home/shaobing/rm_ws/build/pkg02_helloworld_py/build/lib/pkg02_helloworld_py
[0.572s] copying pkg02_helloworld_py/camera_catch.py -> /home/shaobing/rm_ws/build/pkg02_helloworld_py/build/lib/pkg02_helloworld_py
[0.572s] copying pkg02_helloworld_py/camera_node.py -> /home/shaobing/rm_ws/build/pkg02_helloworld_py/build/lib/pkg02_helloworld_py
[0.572s] copying pkg02_helloworld_py/sub.py -> /home/shaobing/rm_ws/build/pkg02_helloworld_py/build/lib/pkg02_helloworld_py
[0.573s] copying pkg02_helloworld_py/sub_openvino_UKF.py -> /home/shaobing/rm_ws/build/pkg02_helloworld_py/build/lib/pkg02_helloworld_py
[0.573s] copying pkg02_helloworld_py/Grabimage.py -> /home/shaobing/rm_ws/build/pkg02_helloworld_py/build/lib/pkg02_helloworld_py
[0.573s] copying pkg02_helloworld_py/sub_openvino_blue.py -> /home/shaobing/rm_ws/build/pkg02_helloworld_py/build/lib/pkg02_helloworld_py
[0.573s] copying pkg02_helloworld_py/sub_openvino_UKF_test.py -> /home/shaobing/rm_ws/build/pkg02_helloworld_py/build/lib/pkg02_helloworld_py
[0.573s] copying pkg02_helloworld_py/serial_send.py -> /home/shaobing/rm_ws/build/pkg02_helloworld_py/build/lib/pkg02_helloworld_py
[0.574s] copying pkg02_helloworld_py/__init__.py -> /home/shaobing/rm_ws/build/pkg02_helloworld_py/build/lib/pkg02_helloworld_py
[0.574s] running install
[0.574s] running install_lib
[0.574s] creating /home/shaobing/rm_ws/install/pkg02_helloworld_py/lib/python3.10/site-packages/pkg02_helloworld_py
[0.574s] copying /home/shaobing/rm_ws/build/pkg02_helloworld_py/build/lib/pkg02_helloworld_py/sub_openvino_red.py -> /home/shaobing/rm_ws/install/pkg02_helloworld_py/lib/python3.10/site-packages/pkg02_helloworld_py
[0.574s] copying /home/shaobing/rm_ws/build/pkg02_helloworld_py/build/lib/pkg02_helloworld_py/camera_catch.py -> /home/shaobing/rm_ws/install/pkg02_helloworld_py/lib/python3.10/site-packages/pkg02_helloworld_py
[0.575s] copying /home/shaobing/rm_ws/build/pkg02_helloworld_py/build/lib/pkg02_helloworld_py/camera_node.py -> /home/shaobing/rm_ws/install/pkg02_helloworld_py/lib/python3.10/site-packages/pkg02_helloworld_py
[0.575s] copying /home/shaobing/rm_ws/build/pkg02_helloworld_py/build/lib/pkg02_helloworld_py/sub.py -> /home/shaobing/rm_ws/install/pkg02_helloworld_py/lib/python3.10/site-packages/pkg02_helloworld_py
[0.575s] copying /home/shaobing/rm_ws/build/pkg02_helloworld_py/build/lib/pkg02_helloworld_py/sub_openvino_UKF.py -> /home/shaobing/rm_ws/install/pkg02_helloworld_py/lib/python3.10/site-packages/pkg02_helloworld_py
[0.575s] copying /home/shaobing/rm_ws/build/pkg02_helloworld_py/build/lib/pkg02_helloworld_py/Grabimage.py -> /home/shaobing/rm_ws/install/pkg02_helloworld_py/lib/python3.10/site-packages/pkg02_helloworld_py
[0.575s] copying /home/shaobing/rm_ws/build/pkg02_helloworld_py/build/lib/pkg02_helloworld_py/sub_openvino_blue.py -> /home/shaobing/rm_ws/install/pkg02_helloworld_py/lib/python3.10/site-packages/pkg02_helloworld_py
[0.575s] copying /home/shaobing/rm_ws/build/pkg02_helloworld_py/build/lib/pkg02_helloworld_py/sub_openvino_UKF_test.py -> /home/shaobing/rm_ws/install/pkg02_helloworld_py/lib/python3.10/site-packages/pkg02_helloworld_py
[0.575s] copying /home/shaobing/rm_ws/build/pkg02_helloworld_py/build/lib/pkg02_helloworld_py/serial_send.py -> /home/shaobing/rm_ws/install/pkg02_helloworld_py/lib/python3.10/site-packages/pkg02_helloworld_py
[0.575s] copying /home/shaobing/rm_ws/build/pkg02_helloworld_py/build/lib/pkg02_helloworld_py/__init__.py -> /home/shaobing/rm_ws/install/pkg02_helloworld_py/lib/python3.10/site-packages/pkg02_helloworld_py
[0.575s] byte-compiling /home/shaobing/rm_ws/install/pkg02_helloworld_py/lib/python3.10/site-packages/pkg02_helloworld_py/sub_openvino_red.py to sub_openvino_red.cpython-310.pyc
[0.577s] byte-compiling /home/shaobing/rm_ws/install/pkg02_helloworld_py/lib/python3.10/site-packages/pkg02_helloworld_py/camera_catch.py to camera_catch.cpython-310.pyc
[0.578s] byte-compiling /home/shaobing/rm_ws/install/pkg02_helloworld_py/lib/python3.10/site-packages/pkg02_helloworld_py/camera_node.py to camera_node.cpython-310.pyc
[0.579s] byte-compiling /home/shaobing/rm_ws/install/pkg02_helloworld_py/lib/python3.10/site-packages/pkg02_helloworld_py/sub.py to sub.cpython-310.pyc
[0.580s] byte-compiling /home/shaobing/rm_ws/install/pkg02_helloworld_py/lib/python3.10/site-packages/pkg02_helloworld_py/sub_openvino_UKF.py to sub_openvino_UKF.cpython-310.pyc
[0.582s] byte-compiling /home/shaobing/rm_ws/install/pkg02_helloworld_py/lib/python3.10/site-packages/pkg02_helloworld_py/Grabimage.py to Grabimage.cpython-310.pyc
[0.583s] byte-compiling /home/shaobing/rm_ws/install/pkg02_helloworld_py/lib/python3.10/site-packages/pkg02_helloworld_py/sub_openvino_blue.py to sub_openvino_blue.cpython-310.pyc
[0.584s] byte-compiling /home/shaobing/rm_ws/install/pkg02_helloworld_py/lib/python3.10/site-packages/pkg02_helloworld_py/sub_openvino_UKF_test.py to sub_openvino_UKF_test.cpython-310.pyc
[0.586s] byte-compiling /home/shaobing/rm_ws/install/pkg02_helloworld_py/lib/python3.10/site-packages/pkg02_helloworld_py/serial_send.py to serial_send.cpython-310.pyc
[0.587s] byte-compiling /home/shaobing/rm_ws/install/pkg02_helloworld_py/lib/python3.10/site-packages/pkg02_helloworld_py/__init__.py to __init__.cpython-310.pyc
[0.587s] running install_data
[0.587s] creating /home/shaobing/rm_ws/install/pkg02_helloworld_py/share/ament_index
[0.587s] creating /home/shaobing/rm_ws/install/pkg02_helloworld_py/share/ament_index/resource_index
[0.587s] creating /home/shaobing/rm_ws/install/pkg02_helloworld_py/share/ament_index/resource_index/packages
[0.587s] copying resource/pkg02_helloworld_py -> /home/shaobing/rm_ws/install/pkg02_helloworld_py/share/ament_index/resource_index/packages
[0.587s] copying package.xml -> /home/shaobing/rm_ws/install/pkg02_helloworld_py/share/pkg02_helloworld_py
[0.587s] running install_egg_info
[0.589s] Copying ../../build/pkg02_helloworld_py/pkg02_helloworld_py.egg-info to /home/shaobing/rm_ws/install/pkg02_helloworld_py/lib/python3.10/site-packages/pkg02_helloworld_py-0.0.0-py3.10.egg-info
[0.589s] running install_scripts
[0.603s] Installing Grabimage script to /home/shaobing/rm_ws/install/pkg02_helloworld_py/lib/pkg02_helloworld_py
[0.603s] Installing camera script to /home/shaobing/rm_ws/install/pkg02_helloworld_py/lib/pkg02_helloworld_py
[0.603s] Installing camera_node script to /home/shaobing/rm_ws/install/pkg02_helloworld_py/lib/pkg02_helloworld_py
[0.603s] Installing serial_send script to /home/shaobing/rm_ws/install/pkg02_helloworld_py/lib/pkg02_helloworld_py
[0.603s] Installing sub script to /home/shaobing/rm_ws/install/pkg02_helloworld_py/lib/pkg02_helloworld_py
[0.603s] Installing sub_openvino_UKF script to /home/shaobing/rm_ws/install/pkg02_helloworld_py/lib/pkg02_helloworld_py
[0.603s] Installing sub_openvino_blue script to /home/shaobing/rm_ws/install/pkg02_helloworld_py/lib/pkg02_helloworld_py
[0.603s] Installing sub_openvino_red script to /home/shaobing/rm_ws/install/pkg02_helloworld_py/lib/pkg02_helloworld_py
[0.604s] writing list of installed files to '/home/shaobing/rm_ws/build/pkg02_helloworld_py/install.log'
[0.620s] Invoked command in '/home/shaobing/rm_ws/src/pkg02_helloworld_py' returned '0': PYTHONPATH=/home/shaobing/rm_ws/build/pkg02_helloworld_py/prefix_override:/usr/lib/python3/dist-packages/colcon_core/task/python/colcon_distutils_commands:/home/shaobing/rm_ws/install/pkg02_helloworld_py/lib/python3.10/site-packages:${PYTHONPATH} /usr/bin/python3 -W ignore:setup.py install is deprecated -W ignore:easy_install command is deprecated setup.py egg_info --egg-base ../../build/pkg02_helloworld_py build --build-base /home/shaobing/rm_ws/build/pkg02_helloworld_py/build install --record /home/shaobing/rm_ws/build/pkg02_helloworld_py/install.log --single-version-externally-managed install_data
