[0.016s] Invoking command in '/home/guo/ITL_sentry_auto_new/build/hikvision': AMENT_PREFIX_PATH=/home/guo/ITL_sentry_auto_new/install/utils:/home/guo/ITL_sentry_auto_new/install/autoaim_msgs:${AMENT_PREFIX_PATH} CMAKE_PREFIX_PATH=/home/guo/ITL_sentry_auto_new/install/utils:/home/guo/ITL_sentry_auto_new/install/autoaim_msgs:/opt/ros/rolling LD_LIBRARY_PATH=/home/guo/ITL_sentry_auto_new/install/utils/lib:/home/guo/ITL_sentry_auto_new/install/autoaim_msgs/lib:/usr/lib/x86_64-linux-gnu:/opt/ros/rolling/opt/rviz_ogre_vendor/lib:/opt/ros/rolling/lib/x86_64-linux-gnu:/opt/ros/rolling/lib:/opt/MVS/lib/64:/opt/MVS/lib/32:/usr/local/TensorRT.10.7.0.23/lib:/usr/lib/x86_64-linux-gnu:/usr/local/cuda/lib64:/opt/MVS/lib/64:/opt/MVS/lib/32:/opt/MVS/lib/64:/opt/MVS/lib/32 PYTHONPATH=/home/guo/ITL_sentry_auto_new/install/autoaim_msgs/lib/python3.10/site-packages:${PYTHONPATH} /usr/local/bin/cmake /home/guo/ITL_sentry_auto_new/src/io/device/camera -DCMAKE_INSTALL_PREFIX=/home/guo/ITL_sentry_auto_new/install/hikvision
[0.072s] -- The C compiler identification is GNU 11.4.0
[0.122s] -- The CXX compiler identification is GNU 11.4.0
[0.135s] -- Detecting C compiler ABI info
[0.196s] -- Detecting C compiler ABI info - done
[0.214s] -- Check for working C compiler: /usr/bin/cc - skipped
[0.215s] -- Detecting C compile features
[0.215s] -- Detecting C compile features - done
[0.227s] -- Detecting CXX compiler ABI info
[0.293s] -- Detecting CXX compiler ABI info - done
[0.304s] -- Check for working CXX compiler: /usr/bin/c++ - skipped
[0.304s] -- Detecting CXX compile features
[0.305s] -- Detecting CXX compile features - done
[0.307s] -- Found ament_cmake: 2.3.2 (/opt/ros/rolling/share/ament_cmake/cmake)
[0.743s] -- Found Python3: /usr/bin/python3.10 (found version "3.10.12") found components: Interpreter 
[0.819s] -- Found rclcpp: 27.0.0 (/opt/ros/rolling/share/rclcpp/cmake)
[0.855s] -- Found rosidl_generator_c: 4.5.1 (/opt/ros/rolling/share/rosidl_generator_c/cmake)
[0.867s] -- Found rosidl_generator_cpp: 4.5.1 (/opt/ros/rolling/share/rosidl_generator_cpp/cmake)
[0.884s] -- Using all available rosidl_typesupport_c: rosidl_typesupport_fastrtps_c;rosidl_typesupport_introspection_c
[0.904s] -- Using all available rosidl_typesupport_cpp: rosidl_typesupport_fastrtps_cpp;rosidl_typesupport_introspection_cpp
[1.082s] -- Found rmw_implementation_cmake: 7.3.0 (/opt/ros/rolling/share/rmw_implementation_cmake/cmake)
[1.084s] -- Found rmw_fastrtps_cpp: 8.2.0 (/opt/ros/rolling/share/rmw_fastrtps_cpp/cmake)
[1.175s] -- Found OpenSSL: /usr/lib/x86_64-linux-gnu/libcrypto.so (found version "3.0.2")  
[1.208s] -- Found FastRTPS: /opt/ros/rolling/include  
[1.251s] -- Using RMW implementation 'rmw_fastrtps_cpp' as default
[1.461s] -- Found OpenCV: /usr (found version "4.5.4") 
[1.463s] -- Found utils: 1.0.0 (/home/guo/ITL_sentry_auto_new/install/utils/share/utils/cmake)
[1.498s] -- Found PkgConfig: /usr/bin/pkg-config (found version "1.8.0") 
[1.499s] -- Checking for module 'libusb-1.0'
[1.514s] --   Found libusb-1.0, version 1.0.25
[1.546s] -- Found ament_lint_auto: 0.16.3 (/opt/ros/rolling/share/ament_lint_auto/cmake)
[1.639s] -- Added test 'cppcheck' to perform static code analysis on C / C++ code
[1.639s] -- Configured cppcheck include dirs: $<BUILD_INTERFACE:/home/guo/ITL_sentry_auto_new/src/io/device/camera/include>
[1.639s] -- Configured cppcheck exclude dirs and/or files: 
[1.640s] -- Added test 'lint_cmake' to check CMake code style
[1.640s] -- Added test 'uncrustify' to check C / C++ code style
[1.641s] -- Configured uncrustify additional arguments: 
[1.641s] -- Added test 'xmllint' to check XML markup files
[1.644s] -- Configuring done (1.6s)
[1.658s] -- Generating done (0.0s)
[1.661s] -- Build files have been written to: /home/guo/ITL_sentry_auto_new/build/hikvision
[1.669s] Invoked command in '/home/guo/ITL_sentry_auto_new/build/hikvision' returned '0': AMENT_PREFIX_PATH=/home/guo/ITL_sentry_auto_new/install/utils:/home/guo/ITL_sentry_auto_new/install/autoaim_msgs:${AMENT_PREFIX_PATH} CMAKE_PREFIX_PATH=/home/guo/ITL_sentry_auto_new/install/utils:/home/guo/ITL_sentry_auto_new/install/autoaim_msgs:/opt/ros/rolling LD_LIBRARY_PATH=/home/guo/ITL_sentry_auto_new/install/utils/lib:/home/guo/ITL_sentry_auto_new/install/autoaim_msgs/lib:/usr/lib/x86_64-linux-gnu:/opt/ros/rolling/opt/rviz_ogre_vendor/lib:/opt/ros/rolling/lib/x86_64-linux-gnu:/opt/ros/rolling/lib:/opt/MVS/lib/64:/opt/MVS/lib/32:/usr/local/TensorRT.10.7.0.23/lib:/usr/lib/x86_64-linux-gnu:/usr/local/cuda/lib64:/opt/MVS/lib/64:/opt/MVS/lib/32:/opt/MVS/lib/64:/opt/MVS/lib/32 PYTHONPATH=/home/guo/ITL_sentry_auto_new/install/autoaim_msgs/lib/python3.10/site-packages:${PYTHONPATH} /usr/local/bin/cmake /home/guo/ITL_sentry_auto_new/src/io/device/camera -DCMAKE_INSTALL_PREFIX=/home/guo/ITL_sentry_auto_new/install/hikvision
[1.672s] Invoking command in '/home/guo/ITL_sentry_auto_new/build/hikvision': AMENT_PREFIX_PATH=/home/guo/ITL_sentry_auto_new/install/utils:/home/guo/ITL_sentry_auto_new/install/autoaim_msgs:${AMENT_PREFIX_PATH} CMAKE_PREFIX_PATH=/home/guo/ITL_sentry_auto_new/install/utils:/home/guo/ITL_sentry_auto_new/install/autoaim_msgs:/opt/ros/rolling LD_LIBRARY_PATH=/home/guo/ITL_sentry_auto_new/install/utils/lib:/home/guo/ITL_sentry_auto_new/install/autoaim_msgs/lib:/usr/lib/x86_64-linux-gnu:/opt/ros/rolling/opt/rviz_ogre_vendor/lib:/opt/ros/rolling/lib/x86_64-linux-gnu:/opt/ros/rolling/lib:/opt/MVS/lib/64:/opt/MVS/lib/32:/usr/local/TensorRT.10.7.0.23/lib:/usr/lib/x86_64-linux-gnu:/usr/local/cuda/lib64:/opt/MVS/lib/64:/opt/MVS/lib/32:/opt/MVS/lib/64:/opt/MVS/lib/32 PYTHONPATH=/home/guo/ITL_sentry_auto_new/install/autoaim_msgs/lib/python3.10/site-packages:${PYTHONPATH} /usr/local/bin/cmake --build /home/guo/ITL_sentry_auto_new/build/hikvision -- -j24 -l24
[1.691s] [ 50%] [32mBuilding CXX object CMakeFiles/hikcamera.dir/src/hikcamera.cpp.o[0m
[10.230s] [100%] [32m[1mLinking CXX shared library libhikcamera.so[0m
[10.573s] [100%] Built target hikcamera
[10.581s] Invoked command in '/home/guo/ITL_sentry_auto_new/build/hikvision' returned '0': AMENT_PREFIX_PATH=/home/guo/ITL_sentry_auto_new/install/utils:/home/guo/ITL_sentry_auto_new/install/autoaim_msgs:${AMENT_PREFIX_PATH} CMAKE_PREFIX_PATH=/home/guo/ITL_sentry_auto_new/install/utils:/home/guo/ITL_sentry_auto_new/install/autoaim_msgs:/opt/ros/rolling LD_LIBRARY_PATH=/home/guo/ITL_sentry_auto_new/install/utils/lib:/home/guo/ITL_sentry_auto_new/install/autoaim_msgs/lib:/usr/lib/x86_64-linux-gnu:/opt/ros/rolling/opt/rviz_ogre_vendor/lib:/opt/ros/rolling/lib/x86_64-linux-gnu:/opt/ros/rolling/lib:/opt/MVS/lib/64:/opt/MVS/lib/32:/usr/local/TensorRT.10.7.0.23/lib:/usr/lib/x86_64-linux-gnu:/usr/local/cuda/lib64:/opt/MVS/lib/64:/opt/MVS/lib/32:/opt/MVS/lib/64:/opt/MVS/lib/32 PYTHONPATH=/home/guo/ITL_sentry_auto_new/install/autoaim_msgs/lib/python3.10/site-packages:${PYTHONPATH} /usr/local/bin/cmake --build /home/guo/ITL_sentry_auto_new/build/hikvision -- -j24 -l24
[10.583s] Invoking command in '/home/guo/ITL_sentry_auto_new/build/hikvision': AMENT_PREFIX_PATH=/home/guo/ITL_sentry_auto_new/install/utils:/home/guo/ITL_sentry_auto_new/install/autoaim_msgs:${AMENT_PREFIX_PATH} CMAKE_PREFIX_PATH=/home/guo/ITL_sentry_auto_new/install/utils:/home/guo/ITL_sentry_auto_new/install/autoaim_msgs:/opt/ros/rolling LD_LIBRARY_PATH=/home/guo/ITL_sentry_auto_new/install/utils/lib:/home/guo/ITL_sentry_auto_new/install/autoaim_msgs/lib:/usr/lib/x86_64-linux-gnu:/opt/ros/rolling/opt/rviz_ogre_vendor/lib:/opt/ros/rolling/lib/x86_64-linux-gnu:/opt/ros/rolling/lib:/opt/MVS/lib/64:/opt/MVS/lib/32:/usr/local/TensorRT.10.7.0.23/lib:/usr/lib/x86_64-linux-gnu:/usr/local/cuda/lib64:/opt/MVS/lib/64:/opt/MVS/lib/32:/opt/MVS/lib/64:/opt/MVS/lib/32 PYTHONPATH=/home/guo/ITL_sentry_auto_new/install/autoaim_msgs/lib/python3.10/site-packages:${PYTHONPATH} /usr/local/bin/cmake --install /home/guo/ITL_sentry_auto_new/build/hikvision
[10.585s] -- Install configuration: ""
[10.585s] -- Installing: /home/guo/ITL_sentry_auto_new/install/hikvision/lib/libhikcamera.so
[10.587s] -- Set non-toolchain portion of runtime path of "/home/guo/ITL_sentry_auto_new/install/hikvision/lib/libhikcamera.so" to "/opt/MVS/lib/64"
[10.588s] -- Installing: /home/guo/ITL_sentry_auto_new/install/hikvision/include
[10.588s] -- Installing: /home/guo/ITL_sentry_auto_new/install/hikvision/include/hikcamera.hpp
[10.588s] -- Installing: /home/guo/ITL_sentry_auto_new/install/hikvision/share/hikvision/environment/library_path.sh
[10.588s] -- Installing: /home/guo/ITL_sentry_auto_new/install/hikvision/share/hikvision/environment/library_path.dsv
[10.588s] -- Installing: /home/guo/ITL_sentry_auto_new/install/hikvision/share/hikvision/cmake/hikcameraTargets.cmake
[10.588s] -- Installing: /home/guo/ITL_sentry_auto_new/install/hikvision/share/hikvision/cmake/hikcameraTargets-noconfig.cmake
[10.588s] -- Installing: /home/guo/ITL_sentry_auto_new/install/hikvision/share/ament_index/resource_index/package_run_dependencies/hikvision
[10.588s] -- Installing: /home/guo/ITL_sentry_auto_new/install/hikvision/share/ament_index/resource_index/parent_prefix_path/hikvision
[10.589s] -- Installing: /home/guo/ITL_sentry_auto_new/install/hikvision/share/hikvision/environment/ament_prefix_path.sh
[10.589s] -- Installing: /home/guo/ITL_sentry_auto_new/install/hikvision/share/hikvision/environment/ament_prefix_path.dsv
[10.589s] -- Installing: /home/guo/ITL_sentry_auto_new/install/hikvision/share/hikvision/environment/path.sh
[10.589s] -- Installing: /home/guo/ITL_sentry_auto_new/install/hikvision/share/hikvision/environment/path.dsv
[10.589s] -- Installing: /home/guo/ITL_sentry_auto_new/install/hikvision/share/hikvision/local_setup.bash
[10.589s] -- Installing: /home/guo/ITL_sentry_auto_new/install/hikvision/share/hikvision/local_setup.sh
[10.589s] -- Installing: /home/guo/ITL_sentry_auto_new/install/hikvision/share/hikvision/local_setup.zsh
[10.589s] -- Installing: /home/guo/ITL_sentry_auto_new/install/hikvision/share/hikvision/local_setup.dsv
[10.589s] -- Installing: /home/guo/ITL_sentry_auto_new/install/hikvision/share/hikvision/package.dsv
[10.589s] -- Installing: /home/guo/ITL_sentry_auto_new/install/hikvision/share/ament_index/resource_index/packages/hikvision
[10.589s] -- Installing: /home/guo/ITL_sentry_auto_new/install/hikvision/share/hikvision/cmake/hikcameraTargetsExport.cmake
[10.589s] -- Installing: /home/guo/ITL_sentry_auto_new/install/hikvision/share/hikvision/cmake/hikcameraTargetsExport-noconfig.cmake
[10.589s] -- Installing: /home/guo/ITL_sentry_auto_new/install/hikvision/share/hikvision/cmake/ament_cmake_export_dependencies-extras.cmake
[10.590s] -- Installing: /home/guo/ITL_sentry_auto_new/install/hikvision/share/hikvision/cmake/ament_cmake_export_include_directories-extras.cmake
[10.590s] -- Installing: /home/guo/ITL_sentry_auto_new/install/hikvision/share/hikvision/cmake/ament_cmake_export_libraries-extras.cmake
[10.590s] -- Installing: /home/guo/ITL_sentry_auto_new/install/hikvision/share/hikvision/cmake/ament_cmake_export_targets-extras.cmake
[10.590s] -- Installing: /home/guo/ITL_sentry_auto_new/install/hikvision/share/hikvision/cmake/hikvisionConfig.cmake
[10.590s] -- Installing: /home/guo/ITL_sentry_auto_new/install/hikvision/share/hikvision/cmake/hikvisionConfig-version.cmake
[10.591s] -- Installing: /home/guo/ITL_sentry_auto_new/install/hikvision/share/hikvision/package.xml
[10.591s] Invoked command in '/home/guo/ITL_sentry_auto_new/build/hikvision' returned '0': AMENT_PREFIX_PATH=/home/guo/ITL_sentry_auto_new/install/utils:/home/guo/ITL_sentry_auto_new/install/autoaim_msgs:${AMENT_PREFIX_PATH} CMAKE_PREFIX_PATH=/home/guo/ITL_sentry_auto_new/install/utils:/home/guo/ITL_sentry_auto_new/install/autoaim_msgs:/opt/ros/rolling LD_LIBRARY_PATH=/home/guo/ITL_sentry_auto_new/install/utils/lib:/home/guo/ITL_sentry_auto_new/install/autoaim_msgs/lib:/usr/lib/x86_64-linux-gnu:/opt/ros/rolling/opt/rviz_ogre_vendor/lib:/opt/ros/rolling/lib/x86_64-linux-gnu:/opt/ros/rolling/lib:/opt/MVS/lib/64:/opt/MVS/lib/32:/usr/local/TensorRT.10.7.0.23/lib:/usr/lib/x86_64-linux-gnu:/usr/local/cuda/lib64:/opt/MVS/lib/64:/opt/MVS/lib/32:/opt/MVS/lib/64:/opt/MVS/lib/32 PYTHONPATH=/home/guo/ITL_sentry_auto_new/install/autoaim_msgs/lib/python3.10/site-packages:${PYTHONPATH} /usr/local/bin/cmake --install /home/guo/ITL_sentry_auto_new/build/hikvision
