[0.009s] Invoking command in '/home/shaobing/rm_ws/build/launch_node': CMAKE_PREFIX_PATH=/opt/ros/humble /usr/bin/cmake /home/shaobing/rm_ws/src/launch -DCMAKE_INSTALL_PREFIX=/home/shaobing/rm_ws/install/launch_node
[0.020s] -- Found ament_cmake_auto: 1.3.11 (/opt/ros/humble/share/ament_cmake_auto/cmake)
[0.116s] -- Override CMake install command with custom implementation using symlinks instead of copying resources
[0.121s] -- Found rclcpp: 16.0.11 (/opt/ros/humble/share/rclcpp/cmake)
[0.140s] -- Found rosidl_generator_c: 3.1.6 (/opt/ros/humble/share/rosidl_generator_c/cmake)
[0.141s] -- Found rosidl_adapter: 3.1.6 (/opt/ros/humble/share/rosidl_adapter/cmake)
[0.145s] -- Found rosidl_generator_cpp: 3.1.6 (/opt/ros/humble/share/rosidl_generator_cpp/cmake)
[0.151s] -- Using all available rosidl_typesupport_c: rosidl_typesupport_fastrtps_c;rosidl_typesupport_introspection_c
[0.159s] -- Using all available rosidl_typesupport_cpp: rosidl_typesupport_fastrtps_cpp;rosidl_typesupport_introspection_cpp
[0.179s] -- Found rmw_implementation_cmake: 6.1.2 (/opt/ros/humble/share/rmw_implementation_cmake/cmake)
[0.180s] -- Found rmw_fastrtps_cpp: 6.2.7 (/opt/ros/humble/share/rmw_fastrtps_cpp/cmake)
[0.254s] -- Using RMW implementation 'rmw_fastrtps_cpp' as default
[0.284s] -- Found geometry_msgs: 4.2.4 (/opt/ros/humble/share/geometry_msgs/cmake)
[0.333s] -- Found ament_lint_auto: 0.12.11 (/opt/ros/humble/share/ament_lint_auto/cmake)
[0.339s] -- Added test 'flake8' to check Python code syntax and style conventions
[0.339s] -- Added test 'lint_cmake' to check CMake code style
[0.339s] -- Added test 'pep257' to check Python code against some of the docstring style conventions in PEP 257
[0.340s] -- Added test 'xmllint' to check XML markup files
[0.340s] -- Configuring done
[0.343s] -- Generating done
[0.344s] -- Build files have been written to: /home/shaobing/rm_ws/build/launch_node
[0.349s] Invoked command in '/home/shaobing/rm_ws/build/launch_node' returned '0': CMAKE_PREFIX_PATH=/opt/ros/humble /usr/bin/cmake /home/shaobing/rm_ws/src/launch -DCMAKE_INSTALL_PREFIX=/home/shaobing/rm_ws/install/launch_node
[0.351s] Invoking command in '/home/shaobing/rm_ws/build/launch_node': CMAKE_PREFIX_PATH=/opt/ros/humble /usr/bin/cmake --build /home/shaobing/rm_ws/build/launch_node -- -j16 -l16
[0.385s] Invoked command in '/home/shaobing/rm_ws/build/launch_node' returned '0': CMAKE_PREFIX_PATH=/opt/ros/humble /usr/bin/cmake --build /home/shaobing/rm_ws/build/launch_node -- -j16 -l16
[0.392s] Invoking command in '/home/shaobing/rm_ws/build/launch_node': CMAKE_PREFIX_PATH=/opt/ros/humble /usr/bin/cmake --install /home/shaobing/rm_ws/build/launch_node
[0.399s] -- Install configuration: ""
[0.399s] -- Execute custom install script
[0.400s] -- Up-to-date symlink: /home/shaobing/rm_ws/install/launch_node/share/launch_node/launch/launch_blue.launch.py
[0.400s] -- Up-to-date symlink: /home/shaobing/rm_ws/install/launch_node/share/launch_node/launch/launch_red.launch.py
[0.400s] -- Up-to-date symlink: /home/shaobing/rm_ws/install/launch_node/share/launch_node/config/angle_solver_params.xml
[0.400s] -- Up-to-date symlink: /home/shaobing/rm_ws/install/launch_node/share/ament_index/resource_index/package_run_dependencies/launch_node
[0.400s] -- Up-to-date symlink: /home/shaobing/rm_ws/install/launch_node/share/ament_index/resource_index/parent_prefix_path/launch_node
[0.400s] -- Up-to-date symlink: /home/shaobing/rm_ws/install/launch_node/share/launch_node/environment/ament_prefix_path.sh
[0.400s] -- Up-to-date symlink: /home/shaobing/rm_ws/install/launch_node/share/launch_node/environment/ament_prefix_path.dsv
[0.401s] -- Up-to-date symlink: /home/shaobing/rm_ws/install/launch_node/share/launch_node/environment/path.sh
[0.401s] -- Up-to-date symlink: /home/shaobing/rm_ws/install/launch_node/share/launch_node/environment/path.dsv
[0.401s] -- Up-to-date symlink: /home/shaobing/rm_ws/install/launch_node/share/launch_node/local_setup.bash
[0.401s] -- Up-to-date symlink: /home/shaobing/rm_ws/install/launch_node/share/launch_node/local_setup.sh
[0.401s] -- Up-to-date symlink: /home/shaobing/rm_ws/install/launch_node/share/launch_node/local_setup.zsh
[0.401s] -- Up-to-date symlink: /home/shaobing/rm_ws/install/launch_node/share/launch_node/local_setup.dsv
[0.401s] -- Symlinking: /home/shaobing/rm_ws/install/launch_node/share/launch_node/package.dsv
[0.408s] -- Up-to-date symlink: /home/shaobing/rm_ws/install/launch_node/share/ament_index/resource_index/packages/launch_node
[0.408s] -- Up-to-date symlink: /home/shaobing/rm_ws/install/launch_node/share/launch_node/cmake/ament_cmake_export_dependencies-extras.cmake
[0.408s] -- Up-to-date symlink: /home/shaobing/rm_ws/install/launch_node/share/launch_node/cmake/launch_nodeConfig.cmake
[0.408s] -- Up-to-date symlink: /home/shaobing/rm_ws/install/launch_node/share/launch_node/cmake/launch_nodeConfig-version.cmake
[0.408s] -- Up-to-date symlink: /home/shaobing/rm_ws/install/launch_node/share/launch_node/package.xml
[0.410s] Invoked command in '/home/shaobing/rm_ws/build/launch_node' returned '0': CMAKE_PREFIX_PATH=/opt/ros/humble /usr/bin/cmake --install /home/shaobing/rm_ws/build/launch_node
