[0.080s] colcon DEBUG Command line arguments: ['/usr/bin/colcon', 'build', '--packages-select', 'deveice', '--cmake-args', '-DCMAKE_BUILD_TYPE=Release']
[0.080s] colcon DEBUG Parsed command line arguments: Namespace(log_base=None, log_level=None, verb_name='build', build_base='build', install_base='install', merge_install=False, symlink_install=False, test_result_base=None, continue_on_error=False, executor='parallel', parallel_workers=24, event_handlers=None, ignore_user_meta=False, metas=['./colcon.meta'], base_paths=['.'], packages_ignore=None, packages_ignore_regex=None, paths=None, packages_up_to=None, packages_up_to_regex=None, packages_above=None, packages_above_and_dependencies=None, packages_above_depth=None, packages_select_by_dep=None, packages_skip_by_dep=None, packages_skip_up_to=None, packages_select_build_failed=False, packages_skip_build_finished=False, packages_select_test_failures=False, packages_skip_test_passed=False, packages_select=['deveice'], packages_skip=None, packages_select_regex=None, packages_skip_regex=None, packages_start=None, packages_end=None, allow_overriding=[], cmake_args=['-DCMAKE_BUILD_TYPE=Release'], cmake_target=None, cmake_target_skip_unavailable=False, cmake_clean_cache=False, cmake_clean_first=False, cmake_force_configure=False, ament_cmake_args=None, catkin_cmake_args=None, catkin_skip_building_tests=False, verb_parser=<colcon_defaults.argument_parser.defaults.DefaultArgumentsDecorator object at 0x79e5ea409c00>, verb_extension=<colcon_core.verb.build.BuildVerb object at 0x79e5eab7f010>, main=<bound method BuildVerb.main of <colcon_core.verb.build.BuildVerb object at 0x79e5eab7f010>>)
[0.194s] colcon.colcon_core.package_discovery Level 1 discover_packages(colcon_meta) check parameters
[0.194s] colcon.colcon_core.package_discovery Level 1 discover_packages(recursive) check parameters
[0.194s] colcon.colcon_core.package_discovery Level 1 discover_packages(ignore) check parameters
[0.194s] colcon.colcon_core.package_discovery Level 1 discover_packages(path) check parameters
[0.194s] colcon.colcon_core.package_discovery Level 1 discover_packages(colcon_meta) discover
[0.194s] colcon.colcon_core.package_discovery Level 1 discover_packages(recursive) discover
[0.194s] colcon.colcon_core.package_discovery INFO Crawling recursively for packages in '/home/guo/ITL_sentry_auto_new'
[0.194s] colcon.colcon_core.package_identification Level 1 _identify(.) by extensions ['ignore', 'ignore_ament_install']
[0.194s] colcon.colcon_core.package_identification Level 1 _identify(.) by extension 'ignore'
[0.194s] colcon.colcon_core.package_identification Level 1 _identify(.) by extension 'ignore_ament_install'
[0.194s] colcon.colcon_core.package_identification Level 1 _identify(.) by extensions ['colcon_pkg']
[0.194s] colcon.colcon_core.package_identification Level 1 _identify(.) by extension 'colcon_pkg'
[0.194s] colcon.colcon_core.package_identification Level 1 _identify(.) by extensions ['colcon_meta']
[0.195s] colcon.colcon_core.package_identification Level 1 _identify(.) by extension 'colcon_meta'
[0.195s] colcon.colcon_core.package_identification Level 1 _identify(.) by extensions ['ros']
[0.195s] colcon.colcon_core.package_identification Level 1 _identify(.) by extension 'ros'
[0.208s] colcon.colcon_core.package_identification Level 1 _identify(.) by extensions ['cmake', 'python']
[0.208s] colcon.colcon_core.package_identification Level 1 _identify(.) by extension 'cmake'
[0.208s] colcon.colcon_core.package_identification Level 1 _identify(.) by extension 'python'
[0.208s] colcon.colcon_core.package_identification Level 1 _identify(.) by extensions ['python_setup_py']
[0.208s] colcon.colcon_core.package_identification Level 1 _identify(.) by extension 'python_setup_py'
[0.208s] colcon.colcon_core.package_identification Level 1 _identify(build) by extensions ['ignore', 'ignore_ament_install']
[0.208s] colcon.colcon_core.package_identification Level 1 _identify(build) by extension 'ignore'
[0.208s] colcon.colcon_core.package_identification Level 1 _identify(build) ignored
[0.208s] colcon.colcon_core.package_identification Level 1 _identify(install) by extensions ['ignore', 'ignore_ament_install']
[0.208s] colcon.colcon_core.package_identification Level 1 _identify(install) by extension 'ignore'
[0.208s] colcon.colcon_core.package_identification Level 1 _identify(install) ignored
[0.208s] colcon.colcon_core.package_identification Level 1 _identify(log) by extensions ['ignore', 'ignore_ament_install']
[0.208s] colcon.colcon_core.package_identification Level 1 _identify(log) by extension 'ignore'
[0.208s] colcon.colcon_core.package_identification Level 1 _identify(log) ignored
[0.209s] colcon.colcon_core.package_identification Level 1 _identify(logs) by extensions ['ignore', 'ignore_ament_install']
[0.209s] colcon.colcon_core.package_identification Level 1 _identify(logs) by extension 'ignore'
[0.209s] colcon.colcon_core.package_identification Level 1 _identify(logs) by extension 'ignore_ament_install'
[0.209s] colcon.colcon_core.package_identification Level 1 _identify(logs) by extensions ['colcon_pkg']
[0.209s] colcon.colcon_core.package_identification Level 1 _identify(logs) by extension 'colcon_pkg'
[0.209s] colcon.colcon_core.package_identification Level 1 _identify(logs) by extensions ['colcon_meta']
[0.209s] colcon.colcon_core.package_identification Level 1 _identify(logs) by extension 'colcon_meta'
[0.209s] colcon.colcon_core.package_identification Level 1 _identify(logs) by extensions ['ros']
[0.209s] colcon.colcon_core.package_identification Level 1 _identify(logs) by extension 'ros'
[0.209s] colcon.colcon_core.package_identification Level 1 _identify(logs) by extensions ['cmake', 'python']
[0.209s] colcon.colcon_core.package_identification Level 1 _identify(logs) by extension 'cmake'
[0.209s] colcon.colcon_core.package_identification Level 1 _identify(logs) by extension 'python'
[0.209s] colcon.colcon_core.package_identification Level 1 _identify(logs) by extensions ['python_setup_py']
[0.209s] colcon.colcon_core.package_identification Level 1 _identify(logs) by extension 'python_setup_py'
[0.209s] colcon.colcon_core.package_identification Level 1 _identify(serial) by extensions ['ignore', 'ignore_ament_install']
[0.209s] colcon.colcon_core.package_identification Level 1 _identify(serial) by extension 'ignore'
[0.209s] colcon.colcon_core.package_identification Level 1 _identify(serial) by extension 'ignore_ament_install'
[0.209s] colcon.colcon_core.package_identification Level 1 _identify(serial) by extensions ['colcon_pkg']
[0.209s] colcon.colcon_core.package_identification Level 1 _identify(serial) by extension 'colcon_pkg'
[0.209s] colcon.colcon_core.package_identification Level 1 _identify(serial) by extensions ['colcon_meta']
[0.209s] colcon.colcon_core.package_identification Level 1 _identify(serial) by extension 'colcon_meta'
[0.209s] colcon.colcon_core.package_identification Level 1 _identify(serial) by extensions ['ros']
[0.209s] colcon.colcon_core.package_identification Level 1 _identify(serial) by extension 'ros'
[0.209s] colcon.colcon_core.package_identification Level 1 _identify(serial) by extensions ['cmake', 'python']
[0.209s] colcon.colcon_core.package_identification Level 1 _identify(serial) by extension 'cmake'
[0.209s] colcon.colcon_core.package_identification Level 1 _identify(serial) by extension 'python'
[0.209s] colcon.colcon_core.package_identification Level 1 _identify(serial) by extensions ['python_setup_py']
[0.209s] colcon.colcon_core.package_identification Level 1 _identify(serial) by extension 'python_setup_py'
[0.210s] colcon.colcon_core.package_identification Level 1 _identify(serial/include) by extensions ['ignore', 'ignore_ament_install']
[0.210s] colcon.colcon_core.package_identification Level 1 _identify(serial/include) by extension 'ignore'
[0.210s] colcon.colcon_core.package_identification Level 1 _identify(serial/include) by extension 'ignore_ament_install'
[0.210s] colcon.colcon_core.package_identification Level 1 _identify(serial/include) by extensions ['colcon_pkg']
[0.210s] colcon.colcon_core.package_identification Level 1 _identify(serial/include) by extension 'colcon_pkg'
[0.210s] colcon.colcon_core.package_identification Level 1 _identify(serial/include) by extensions ['colcon_meta']
[0.210s] colcon.colcon_core.package_identification Level 1 _identify(serial/include) by extension 'colcon_meta'
[0.210s] colcon.colcon_core.package_identification Level 1 _identify(serial/include) by extensions ['ros']
[0.210s] colcon.colcon_core.package_identification Level 1 _identify(serial/include) by extension 'ros'
[0.210s] colcon.colcon_core.package_identification Level 1 _identify(serial/include) by extensions ['cmake', 'python']
[0.210s] colcon.colcon_core.package_identification Level 1 _identify(serial/include) by extension 'cmake'
[0.210s] colcon.colcon_core.package_identification Level 1 _identify(serial/include) by extension 'python'
[0.210s] colcon.colcon_core.package_identification Level 1 _identify(serial/include) by extensions ['python_setup_py']
[0.210s] colcon.colcon_core.package_identification Level 1 _identify(serial/include) by extension 'python_setup_py'
[0.210s] colcon.colcon_core.package_identification Level 1 _identify(serial/src) by extensions ['ignore', 'ignore_ament_install']
[0.210s] colcon.colcon_core.package_identification Level 1 _identify(serial/src) by extension 'ignore'
[0.210s] colcon.colcon_core.package_identification Level 1 _identify(serial/src) by extension 'ignore_ament_install'
[0.210s] colcon.colcon_core.package_identification Level 1 _identify(serial/src) by extensions ['colcon_pkg']
[0.210s] colcon.colcon_core.package_identification Level 1 _identify(serial/src) by extension 'colcon_pkg'
[0.210s] colcon.colcon_core.package_identification Level 1 _identify(serial/src) by extensions ['colcon_meta']
[0.210s] colcon.colcon_core.package_identification Level 1 _identify(serial/src) by extension 'colcon_meta'
[0.210s] colcon.colcon_core.package_identification Level 1 _identify(serial/src) by extensions ['ros']
[0.210s] colcon.colcon_core.package_identification Level 1 _identify(serial/src) by extension 'ros'
[0.210s] colcon.colcon_core.package_identification Level 1 _identify(serial/src) by extensions ['cmake', 'python']
[0.210s] colcon.colcon_core.package_identification Level 1 _identify(serial/src) by extension 'cmake'
[0.210s] colcon.colcon_core.package_identification Level 1 _identify(serial/src) by extension 'python'
[0.210s] colcon.colcon_core.package_identification Level 1 _identify(serial/src) by extensions ['python_setup_py']
[0.210s] colcon.colcon_core.package_identification Level 1 _identify(serial/src) by extension 'python_setup_py'
[0.210s] colcon.colcon_core.package_identification Level 1 _identify(src) by extensions ['ignore', 'ignore_ament_install']
[0.210s] colcon.colcon_core.package_identification Level 1 _identify(src) by extension 'ignore'
[0.210s] colcon.colcon_core.package_identification Level 1 _identify(src) by extension 'ignore_ament_install'
[0.210s] colcon.colcon_core.package_identification Level 1 _identify(src) by extensions ['colcon_pkg']
[0.210s] colcon.colcon_core.package_identification Level 1 _identify(src) by extension 'colcon_pkg'
[0.210s] colcon.colcon_core.package_identification Level 1 _identify(src) by extensions ['colcon_meta']
[0.211s] colcon.colcon_core.package_identification Level 1 _identify(src) by extension 'colcon_meta'
[0.211s] colcon.colcon_core.package_identification Level 1 _identify(src) by extensions ['ros']
[0.211s] colcon.colcon_core.package_identification Level 1 _identify(src) by extension 'ros'
[0.211s] colcon.colcon_core.package_identification Level 1 _identify(src) by extensions ['cmake', 'python']
[0.211s] colcon.colcon_core.package_identification Level 1 _identify(src) by extension 'cmake'
[0.211s] colcon.colcon_core.package_identification Level 1 _identify(src) by extension 'python'
[0.211s] colcon.colcon_core.package_identification Level 1 _identify(src) by extensions ['python_setup_py']
[0.211s] colcon.colcon_core.package_identification Level 1 _identify(src) by extension 'python_setup_py'
[0.211s] colcon.colcon_core.package_identification Level 1 _identify(src/Messages) by extensions ['ignore', 'ignore_ament_install']
[0.211s] colcon.colcon_core.package_identification Level 1 _identify(src/Messages) by extension 'ignore'
[0.211s] colcon.colcon_core.package_identification Level 1 _identify(src/Messages) by extension 'ignore_ament_install'
[0.211s] colcon.colcon_core.package_identification Level 1 _identify(src/Messages) by extensions ['colcon_pkg']
[0.211s] colcon.colcon_core.package_identification Level 1 _identify(src/Messages) by extension 'colcon_pkg'
[0.211s] colcon.colcon_core.package_identification Level 1 _identify(src/Messages) by extensions ['colcon_meta']
[0.211s] colcon.colcon_core.package_identification Level 1 _identify(src/Messages) by extension 'colcon_meta'
[0.211s] colcon.colcon_core.package_identification Level 1 _identify(src/Messages) by extensions ['ros']
[0.211s] colcon.colcon_core.package_identification Level 1 _identify(src/Messages) by extension 'ros'
[0.213s] colcon.colcon_core.package_identification DEBUG Package 'src/Messages' with type 'ros.ament_cmake' and name 'autoaim_msgs'
[0.213s] colcon.colcon_core.package_identification Level 1 _identify(src/config) by extensions ['ignore', 'ignore_ament_install']
[0.213s] colcon.colcon_core.package_identification Level 1 _identify(src/config) by extension 'ignore'
[0.213s] colcon.colcon_core.package_identification Level 1 _identify(src/config) by extension 'ignore_ament_install'
[0.213s] colcon.colcon_core.package_identification Level 1 _identify(src/config) by extensions ['colcon_pkg']
[0.213s] colcon.colcon_core.package_identification Level 1 _identify(src/config) by extension 'colcon_pkg'
[0.213s] colcon.colcon_core.package_identification Level 1 _identify(src/config) by extensions ['colcon_meta']
[0.213s] colcon.colcon_core.package_identification Level 1 _identify(src/config) by extension 'colcon_meta'
[0.213s] colcon.colcon_core.package_identification Level 1 _identify(src/config) by extensions ['ros']
[0.213s] colcon.colcon_core.package_identification Level 1 _identify(src/config) by extension 'ros'
[0.213s] colcon.colcon_core.package_identification Level 1 _identify(src/config) by extensions ['cmake', 'python']
[0.213s] colcon.colcon_core.package_identification Level 1 _identify(src/config) by extension 'cmake'
[0.213s] colcon.colcon_core.package_identification Level 1 _identify(src/config) by extension 'python'
[0.213s] colcon.colcon_core.package_identification Level 1 _identify(src/config) by extensions ['python_setup_py']
[0.213s] colcon.colcon_core.package_identification Level 1 _identify(src/config) by extension 'python_setup_py'
[0.213s] colcon.colcon_core.package_identification Level 1 _identify(src/core) by extensions ['ignore', 'ignore_ament_install']
[0.213s] colcon.colcon_core.package_identification Level 1 _identify(src/core) by extension 'ignore'
[0.213s] colcon.colcon_core.package_identification Level 1 _identify(src/core) by extension 'ignore_ament_install'
[0.213s] colcon.colcon_core.package_identification Level 1 _identify(src/core) by extensions ['colcon_pkg']
[0.214s] colcon.colcon_core.package_identification Level 1 _identify(src/core) by extension 'colcon_pkg'
[0.214s] colcon.colcon_core.package_identification Level 1 _identify(src/core) by extensions ['colcon_meta']
[0.214s] colcon.colcon_core.package_identification Level 1 _identify(src/core) by extension 'colcon_meta'
[0.214s] colcon.colcon_core.package_identification Level 1 _identify(src/core) by extensions ['ros']
[0.214s] colcon.colcon_core.package_identification Level 1 _identify(src/core) by extension 'ros'
[0.214s] colcon.colcon_core.package_identification Level 1 _identify(src/core) by extensions ['cmake', 'python']
[0.214s] colcon.colcon_core.package_identification Level 1 _identify(src/core) by extension 'cmake'
[0.214s] colcon.colcon_core.package_identification Level 1 _identify(src/core) by extension 'python'
[0.214s] colcon.colcon_core.package_identification Level 1 _identify(src/core) by extensions ['python_setup_py']
[0.214s] colcon.colcon_core.package_identification Level 1 _identify(src/core) by extension 'python_setup_py'
[0.214s] colcon.colcon_core.package_identification Level 1 _identify(src/core/auto_aim) by extensions ['ignore', 'ignore_ament_install']
[0.214s] colcon.colcon_core.package_identification Level 1 _identify(src/core/auto_aim) by extension 'ignore'
[0.214s] colcon.colcon_core.package_identification Level 1 _identify(src/core/auto_aim) by extension 'ignore_ament_install'
[0.214s] colcon.colcon_core.package_identification Level 1 _identify(src/core/auto_aim) by extensions ['colcon_pkg']
[0.214s] colcon.colcon_core.package_identification Level 1 _identify(src/core/auto_aim) by extension 'colcon_pkg'
[0.214s] colcon.colcon_core.package_identification Level 1 _identify(src/core/auto_aim) by extensions ['colcon_meta']
[0.214s] colcon.colcon_core.package_identification Level 1 _identify(src/core/auto_aim) by extension 'colcon_meta'
[0.214s] colcon.colcon_core.package_identification Level 1 _identify(src/core/auto_aim) by extensions ['ros']
[0.214s] colcon.colcon_core.package_identification Level 1 _identify(src/core/auto_aim) by extension 'ros'
[0.215s] colcon.colcon_core.package_identification DEBUG Package 'src/core/auto_aim' with type 'ros.ament_cmake' and name 'auto_aim'
[0.215s] colcon.colcon_core.package_identification Level 1 _identify(src/core/auto_buff) by extensions ['ignore', 'ignore_ament_install']
[0.215s] colcon.colcon_core.package_identification Level 1 _identify(src/core/auto_buff) by extension 'ignore'
[0.215s] colcon.colcon_core.package_identification Level 1 _identify(src/core/auto_buff) by extension 'ignore_ament_install'
[0.215s] colcon.colcon_core.package_identification Level 1 _identify(src/core/auto_buff) by extensions ['colcon_pkg']
[0.215s] colcon.colcon_core.package_identification Level 1 _identify(src/core/auto_buff) by extension 'colcon_pkg'
[0.215s] colcon.colcon_core.package_identification Level 1 _identify(src/core/auto_buff) by extensions ['colcon_meta']
[0.215s] colcon.colcon_core.package_identification Level 1 _identify(src/core/auto_buff) by extension 'colcon_meta'
[0.215s] colcon.colcon_core.package_identification Level 1 _identify(src/core/auto_buff) by extensions ['ros']
[0.215s] colcon.colcon_core.package_identification Level 1 _identify(src/core/auto_buff) by extension 'ros'
[0.216s] colcon.colcon_core.package_identification DEBUG Package 'src/core/auto_buff' with type 'ros.ament_cmake' and name 'auto_buff'
[0.216s] colcon.colcon_core.package_identification Level 1 _identify(src/io) by extensions ['ignore', 'ignore_ament_install']
[0.216s] colcon.colcon_core.package_identification Level 1 _identify(src/io) by extension 'ignore'
[0.216s] colcon.colcon_core.package_identification Level 1 _identify(src/io) by extension 'ignore_ament_install'
[0.216s] colcon.colcon_core.package_identification Level 1 _identify(src/io) by extensions ['colcon_pkg']
[0.216s] colcon.colcon_core.package_identification Level 1 _identify(src/io) by extension 'colcon_pkg'
[0.216s] colcon.colcon_core.package_identification Level 1 _identify(src/io) by extensions ['colcon_meta']
[0.216s] colcon.colcon_core.package_identification Level 1 _identify(src/io) by extension 'colcon_meta'
[0.216s] colcon.colcon_core.package_identification Level 1 _identify(src/io) by extensions ['ros']
[0.216s] colcon.colcon_core.package_identification Level 1 _identify(src/io) by extension 'ros'
[0.216s] colcon.colcon_core.package_identification Level 1 _identify(src/io) by extensions ['cmake', 'python']
[0.216s] colcon.colcon_core.package_identification Level 1 _identify(src/io) by extension 'cmake'
[0.216s] colcon.colcon_core.package_identification Level 1 _identify(src/io) by extension 'python'
[0.216s] colcon.colcon_core.package_identification Level 1 _identify(src/io) by extensions ['python_setup_py']
[0.216s] colcon.colcon_core.package_identification Level 1 _identify(src/io) by extension 'python_setup_py'
[0.216s] colcon.colcon_core.package_identification Level 1 _identify(src/io/deveice) by extensions ['ignore', 'ignore_ament_install']
[0.216s] colcon.colcon_core.package_identification Level 1 _identify(src/io/deveice) by extension 'ignore'
[0.216s] colcon.colcon_core.package_identification Level 1 _identify(src/io/deveice) by extension 'ignore_ament_install'
[0.216s] colcon.colcon_core.package_identification Level 1 _identify(src/io/deveice) by extensions ['colcon_pkg']
[0.216s] colcon.colcon_core.package_identification Level 1 _identify(src/io/deveice) by extension 'colcon_pkg'
[0.216s] colcon.colcon_core.package_identification Level 1 _identify(src/io/deveice) by extensions ['colcon_meta']
[0.216s] colcon.colcon_core.package_identification Level 1 _identify(src/io/deveice) by extension 'colcon_meta'
[0.216s] colcon.colcon_core.package_identification Level 1 _identify(src/io/deveice) by extensions ['ros']
[0.216s] colcon.colcon_core.package_identification Level 1 _identify(src/io/deveice) by extension 'ros'
[0.217s] colcon.colcon_core.package_identification DEBUG Package 'src/io/deveice' with type 'ros.ament_cmake' and name 'deveice'
[0.217s] colcon.colcon_core.package_identification Level 1 _identify(src/io/serial) by extensions ['ignore', 'ignore_ament_install']
[0.217s] colcon.colcon_core.package_identification Level 1 _identify(src/io/serial) by extension 'ignore'
[0.217s] colcon.colcon_core.package_identification Level 1 _identify(src/io/serial) by extension 'ignore_ament_install'
[0.217s] colcon.colcon_core.package_identification Level 1 _identify(src/io/serial) by extensions ['colcon_pkg']
[0.217s] colcon.colcon_core.package_identification Level 1 _identify(src/io/serial) by extension 'colcon_pkg'
[0.217s] colcon.colcon_core.package_identification Level 1 _identify(src/io/serial) by extensions ['colcon_meta']
[0.217s] colcon.colcon_core.package_identification Level 1 _identify(src/io/serial) by extension 'colcon_meta'
[0.217s] colcon.colcon_core.package_identification Level 1 _identify(src/io/serial) by extensions ['ros']
[0.217s] colcon.colcon_core.package_identification Level 1 _identify(src/io/serial) by extension 'ros'
[0.218s] colcon.colcon_core.package_identification DEBUG Package 'src/io/serial' with type 'ros.ament_cmake' and name 'serial'
[0.218s] colcon.colcon_core.package_identification Level 1 _identify(src/launch) by extensions ['ignore', 'ignore_ament_install']
[0.218s] colcon.colcon_core.package_identification Level 1 _identify(src/launch) by extension 'ignore'
[0.218s] colcon.colcon_core.package_identification Level 1 _identify(src/launch) by extension 'ignore_ament_install'
[0.218s] colcon.colcon_core.package_identification Level 1 _identify(src/launch) by extensions ['colcon_pkg']
[0.218s] colcon.colcon_core.package_identification Level 1 _identify(src/launch) by extension 'colcon_pkg'
[0.218s] colcon.colcon_core.package_identification Level 1 _identify(src/launch) by extensions ['colcon_meta']
[0.218s] colcon.colcon_core.package_identification Level 1 _identify(src/launch) by extension 'colcon_meta'
[0.218s] colcon.colcon_core.package_identification Level 1 _identify(src/launch) by extensions ['ros']
[0.218s] colcon.colcon_core.package_identification Level 1 _identify(src/launch) by extension 'ros'
[0.218s] colcon.colcon_core.package_identification DEBUG Package 'src/launch' with type 'ros.ament_cmake' and name 'launch_node'
[0.219s] colcon.colcon_core.package_identification Level 1 _identify(src/model) by extensions ['ignore', 'ignore_ament_install']
[0.219s] colcon.colcon_core.package_identification Level 1 _identify(src/model) by extension 'ignore'
[0.219s] colcon.colcon_core.package_identification Level 1 _identify(src/model) by extension 'ignore_ament_install'
[0.219s] colcon.colcon_core.package_identification Level 1 _identify(src/model) by extensions ['colcon_pkg']
[0.219s] colcon.colcon_core.package_identification Level 1 _identify(src/model) by extension 'colcon_pkg'
[0.219s] colcon.colcon_core.package_identification Level 1 _identify(src/model) by extensions ['colcon_meta']
[0.219s] colcon.colcon_core.package_identification Level 1 _identify(src/model) by extension 'colcon_meta'
[0.219s] colcon.colcon_core.package_identification Level 1 _identify(src/model) by extensions ['ros']
[0.219s] colcon.colcon_core.package_identification Level 1 _identify(src/model) by extension 'ros'
[0.219s] colcon.colcon_core.package_identification Level 1 _identify(src/model) by extensions ['cmake', 'python']
[0.219s] colcon.colcon_core.package_identification Level 1 _identify(src/model) by extension 'cmake'
[0.219s] colcon.colcon_core.package_identification Level 1 _identify(src/model) by extension 'python'
[0.219s] colcon.colcon_core.package_identification Level 1 _identify(src/model) by extensions ['python_setup_py']
[0.219s] colcon.colcon_core.package_identification Level 1 _identify(src/model) by extension 'python_setup_py'
[0.219s] colcon.colcon_core.package_identification Level 1 _identify(src/node) by extensions ['ignore', 'ignore_ament_install']
[0.219s] colcon.colcon_core.package_identification Level 1 _identify(src/node) by extension 'ignore'
[0.219s] colcon.colcon_core.package_identification Level 1 _identify(src/node) by extension 'ignore_ament_install'
[0.219s] colcon.colcon_core.package_identification Level 1 _identify(src/node) by extensions ['colcon_pkg']
[0.219s] colcon.colcon_core.package_identification Level 1 _identify(src/node) by extension 'colcon_pkg'
[0.219s] colcon.colcon_core.package_identification Level 1 _identify(src/node) by extensions ['colcon_meta']
[0.219s] colcon.colcon_core.package_identification Level 1 _identify(src/node) by extension 'colcon_meta'
[0.219s] colcon.colcon_core.package_identification Level 1 _identify(src/node) by extensions ['ros']
[0.219s] colcon.colcon_core.package_identification Level 1 _identify(src/node) by extension 'ros'
[0.220s] colcon.colcon_core.package_identification DEBUG Package 'src/node' with type 'ros.ament_cmake' and name 'pipeline'
[0.220s] colcon.colcon_core.package_identification Level 1 _identify(src/utils) by extensions ['ignore', 'ignore_ament_install']
[0.220s] colcon.colcon_core.package_identification Level 1 _identify(src/utils) by extension 'ignore'
[0.220s] colcon.colcon_core.package_identification Level 1 _identify(src/utils) by extension 'ignore_ament_install'
[0.220s] colcon.colcon_core.package_identification Level 1 _identify(src/utils) by extensions ['colcon_pkg']
[0.220s] colcon.colcon_core.package_identification Level 1 _identify(src/utils) by extension 'colcon_pkg'
[0.220s] colcon.colcon_core.package_identification Level 1 _identify(src/utils) by extensions ['colcon_meta']
[0.220s] colcon.colcon_core.package_identification Level 1 _identify(src/utils) by extension 'colcon_meta'
[0.220s] colcon.colcon_core.package_identification Level 1 _identify(src/utils) by extensions ['ros']
[0.220s] colcon.colcon_core.package_identification Level 1 _identify(src/utils) by extension 'ros'
[0.221s] colcon.colcon_core.package_identification DEBUG Package 'src/utils' with type 'ros.ament_cmake' and name 'utils'
[0.221s] colcon.colcon_core.package_discovery Level 1 discover_packages(recursive) using defaults
[0.221s] colcon.colcon_core.package_discovery Level 1 discover_packages(ignore) discover
[0.221s] colcon.colcon_core.package_discovery Level 1 discover_packages(ignore) using defaults
[0.221s] colcon.colcon_core.package_discovery Level 1 discover_packages(path) discover
[0.221s] colcon.colcon_core.package_discovery Level 1 discover_packages(path) using defaults
[0.233s] colcon.colcon_core.package_selection INFO Skipping not selected package 'autoaim_msgs' in 'src/Messages'
[0.233s] colcon.colcon_core.package_selection INFO Skipping not selected package 'launch_node' in 'src/launch'
[0.233s] colcon.colcon_core.package_selection INFO Skipping not selected package 'utils' in 'src/utils'
[0.233s] colcon.colcon_core.package_selection INFO Skipping not selected package 'serial' in 'src/io/serial'
[0.233s] colcon.colcon_core.package_selection INFO Skipping not selected package 'auto_aim' in 'src/core/auto_aim'
[0.233s] colcon.colcon_core.package_selection INFO Skipping not selected package 'auto_buff' in 'src/core/auto_buff'
[0.233s] colcon.colcon_core.package_selection INFO Skipping not selected package 'pipeline' in 'src/node'
[0.233s] colcon.colcon_core.package_discovery Level 1 discover_packages(prefix_path) check parameters
[0.233s] colcon.colcon_core.package_discovery Level 1 discover_packages(prefix_path) discover
[0.236s] colcon.colcon_installed_package_information.package_discovery DEBUG Found 267 installed packages in /opt/ros/rolling
[0.237s] colcon.colcon_core.package_discovery Level 1 discover_packages(prefix_path) using defaults
[0.258s] colcon.colcon_core.verb Level 5 set package 'deveice' build argument 'cmake_args' from command line to '['-DCMAKE_BUILD_TYPE=Release']'
[0.258s] colcon.colcon_core.verb Level 5 set package 'deveice' build argument 'cmake_target' from command line to 'None'
[0.258s] colcon.colcon_core.verb Level 5 set package 'deveice' build argument 'cmake_target_skip_unavailable' from command line to 'False'
[0.258s] colcon.colcon_core.verb Level 5 set package 'deveice' build argument 'cmake_clean_cache' from command line to 'False'
[0.258s] colcon.colcon_core.verb Level 5 set package 'deveice' build argument 'cmake_clean_first' from command line to 'False'
[0.258s] colcon.colcon_core.verb Level 5 set package 'deveice' build argument 'cmake_force_configure' from command line to 'False'
[0.258s] colcon.colcon_core.verb Level 5 set package 'deveice' build argument 'ament_cmake_args' from command line to 'None'
[0.258s] colcon.colcon_core.verb Level 5 set package 'deveice' build argument 'catkin_cmake_args' from command line to 'None'
[0.258s] colcon.colcon_core.verb Level 5 set package 'deveice' build argument 'catkin_skip_building_tests' from command line to 'False'
[0.258s] colcon.colcon_core.verb DEBUG Building package 'deveice' with the following arguments: {'ament_cmake_args': None, 'build_base': '/home/guo/ITL_sentry_auto_new/build/deveice', 'catkin_cmake_args': None, 'catkin_skip_building_tests': False, 'cmake_args': ['-DCMAKE_BUILD_TYPE=Release'], 'cmake_clean_cache': False, 'cmake_clean_first': False, 'cmake_force_configure': False, 'cmake_target': None, 'cmake_target_skip_unavailable': False, 'install_base': '/home/guo/ITL_sentry_auto_new/install/deveice', 'merge_install': False, 'path': '/home/guo/ITL_sentry_auto_new/src/io/deveice', 'symlink_install': False, 'test_result_base': None}
[0.258s] colcon.colcon_core.executor INFO Executing jobs using 'parallel' executor
[0.259s] colcon.colcon_parallel_executor.executor.parallel DEBUG run_until_complete
[0.259s] colcon.colcon_ros.task.ament_cmake.build INFO Building ROS package in '/home/guo/ITL_sentry_auto_new/src/io/deveice' with build type 'ament_cmake'
[0.260s] colcon.colcon_cmake.task.cmake.build INFO Building CMake package in '/home/guo/ITL_sentry_auto_new/src/io/deveice'
[0.261s] colcon.colcon_core.plugin_system INFO Skipping extension 'colcon_core.shell.bat': Not used on non-Windows systems
[0.261s] colcon.colcon_core.shell INFO Skip shell extension 'powershell' for command environment: Not usable outside of PowerShell
[0.261s] colcon.colcon_core.shell DEBUG Skip shell extension 'dsv' for command environment
[0.275s] colcon.colcon_core.event_handler.log_command DEBUG Invoking command in '/home/guo/ITL_sentry_auto_new/build/deveice': AMENT_PREFIX_PATH=/home/guo/ITL_sentry_auto_new/install/serial:/home/guo/ITL_sentry_auto_new/install/utils:/home/guo/ITL_sentry_auto_new/install/autoaim_msgs:${AMENT_PREFIX_PATH} CMAKE_PREFIX_PATH=/home/guo/ITL_sentry_auto_new/install/serial:/home/guo/ITL_sentry_auto_new/install/utils:/home/guo/ITL_sentry_auto_new/install/autoaim_msgs:/opt/ros/rolling LD_LIBRARY_PATH=/home/guo/ITL_sentry_auto_new/install/serial/lib:/home/guo/ITL_sentry_auto_new/install/utils/lib:/home/guo/ITL_sentry_auto_new/install/autoaim_msgs/lib:/opt/MVS/lib/64:/opt/MVS/lib/32:/usr/lib/x86_64-linux-gnu:/opt/MVS/lib/64:/opt/MVS/lib/32:/usr/local/TensorRT.10.7.0.23/lib:/usr/lib/x86_64-linux-gnu:/usr/local/cuda/lib64:/usr/lib/x86_64-linux-gnu:/opt/MVS/lib/64:/opt/MVS/lib/32:/usr/local/TensorRT.10.7.0.23/lib:/usr/lib/x86_64-linux-gnu:/usr/local/cuda/lib64:/usr/lib/x86_64-linux-gnu:/opt/MVS/lib/64:/opt/MVS/lib/32:/usr/local/TensorRT.10.7.0.23/lib:/usr/lib/x86_64-linux-gnu:/usr/local/cuda/lib64:/usr/lib/x86_64-linux-gnu:/opt/ros/rolling/opt/rviz_ogre_vendor/lib:/opt/ros/rolling/lib/x86_64-linux-gnu:/opt/ros/rolling/lib:/opt/MVS/lib/64:/opt/MVS/lib/32:/usr/local/TensorRT.10.7.0.23/lib:/usr/lib/x86_64-linux-gnu:/usr/local/cuda/lib64:/opt/MVS/lib/64:/opt/MVS/lib/32:/opt/MVS/lib/64:/opt/MVS/lib/32 PYTHONPATH=/home/guo/ITL_sentry_auto_new/install/autoaim_msgs/lib/python3.10/site-packages:${PYTHONPATH} /usr/local/bin/cmake /home/guo/ITL_sentry_auto_new/src/io/deveice -DCMAKE_BUILD_TYPE=Release -DCMAKE_INSTALL_PREFIX=/home/guo/ITL_sentry_auto_new/install/deveice
[1.183s] colcon.colcon_core.event_handler.log_command DEBUG Invoked command in '/home/guo/ITL_sentry_auto_new/build/deveice' returned '0': AMENT_PREFIX_PATH=/home/guo/ITL_sentry_auto_new/install/serial:/home/guo/ITL_sentry_auto_new/install/utils:/home/guo/ITL_sentry_auto_new/install/autoaim_msgs:${AMENT_PREFIX_PATH} CMAKE_PREFIX_PATH=/home/guo/ITL_sentry_auto_new/install/serial:/home/guo/ITL_sentry_auto_new/install/utils:/home/guo/ITL_sentry_auto_new/install/autoaim_msgs:/opt/ros/rolling LD_LIBRARY_PATH=/home/guo/ITL_sentry_auto_new/install/serial/lib:/home/guo/ITL_sentry_auto_new/install/utils/lib:/home/guo/ITL_sentry_auto_new/install/autoaim_msgs/lib:/opt/MVS/lib/64:/opt/MVS/lib/32:/usr/lib/x86_64-linux-gnu:/opt/MVS/lib/64:/opt/MVS/lib/32:/usr/local/TensorRT.10.7.0.23/lib:/usr/lib/x86_64-linux-gnu:/usr/local/cuda/lib64:/usr/lib/x86_64-linux-gnu:/opt/MVS/lib/64:/opt/MVS/lib/32:/usr/local/TensorRT.10.7.0.23/lib:/usr/lib/x86_64-linux-gnu:/usr/local/cuda/lib64:/usr/lib/x86_64-linux-gnu:/opt/MVS/lib/64:/opt/MVS/lib/32:/usr/local/TensorRT.10.7.0.23/lib:/usr/lib/x86_64-linux-gnu:/usr/local/cuda/lib64:/usr/lib/x86_64-linux-gnu:/opt/ros/rolling/opt/rviz_ogre_vendor/lib:/opt/ros/rolling/lib/x86_64-linux-gnu:/opt/ros/rolling/lib:/opt/MVS/lib/64:/opt/MVS/lib/32:/usr/local/TensorRT.10.7.0.23/lib:/usr/lib/x86_64-linux-gnu:/usr/local/cuda/lib64:/opt/MVS/lib/64:/opt/MVS/lib/32:/opt/MVS/lib/64:/opt/MVS/lib/32 PYTHONPATH=/home/guo/ITL_sentry_auto_new/install/autoaim_msgs/lib/python3.10/site-packages:${PYTHONPATH} /usr/local/bin/cmake /home/guo/ITL_sentry_auto_new/src/io/deveice -DCMAKE_BUILD_TYPE=Release -DCMAKE_INSTALL_PREFIX=/home/guo/ITL_sentry_auto_new/install/deveice
[1.183s] colcon.colcon_core.event_handler.log_command DEBUG Invoking command in '/home/guo/ITL_sentry_auto_new/build/deveice': AMENT_PREFIX_PATH=/home/guo/ITL_sentry_auto_new/install/serial:/home/guo/ITL_sentry_auto_new/install/utils:/home/guo/ITL_sentry_auto_new/install/autoaim_msgs:${AMENT_PREFIX_PATH} CMAKE_PREFIX_PATH=/home/guo/ITL_sentry_auto_new/install/serial:/home/guo/ITL_sentry_auto_new/install/utils:/home/guo/ITL_sentry_auto_new/install/autoaim_msgs:/opt/ros/rolling LD_LIBRARY_PATH=/home/guo/ITL_sentry_auto_new/install/serial/lib:/home/guo/ITL_sentry_auto_new/install/utils/lib:/home/guo/ITL_sentry_auto_new/install/autoaim_msgs/lib:/opt/MVS/lib/64:/opt/MVS/lib/32:/usr/lib/x86_64-linux-gnu:/opt/MVS/lib/64:/opt/MVS/lib/32:/usr/local/TensorRT.10.7.0.23/lib:/usr/lib/x86_64-linux-gnu:/usr/local/cuda/lib64:/usr/lib/x86_64-linux-gnu:/opt/MVS/lib/64:/opt/MVS/lib/32:/usr/local/TensorRT.10.7.0.23/lib:/usr/lib/x86_64-linux-gnu:/usr/local/cuda/lib64:/usr/lib/x86_64-linux-gnu:/opt/MVS/lib/64:/opt/MVS/lib/32:/usr/local/TensorRT.10.7.0.23/lib:/usr/lib/x86_64-linux-gnu:/usr/local/cuda/lib64:/usr/lib/x86_64-linux-gnu:/opt/ros/rolling/opt/rviz_ogre_vendor/lib:/opt/ros/rolling/lib/x86_64-linux-gnu:/opt/ros/rolling/lib:/opt/MVS/lib/64:/opt/MVS/lib/32:/usr/local/TensorRT.10.7.0.23/lib:/usr/lib/x86_64-linux-gnu:/usr/local/cuda/lib64:/opt/MVS/lib/64:/opt/MVS/lib/32:/opt/MVS/lib/64:/opt/MVS/lib/32 PYTHONPATH=/home/guo/ITL_sentry_auto_new/install/autoaim_msgs/lib/python3.10/site-packages:${PYTHONPATH} /usr/local/bin/cmake --build /home/guo/ITL_sentry_auto_new/build/deveice -- -j24 -l24
[10.829s] colcon.colcon_core.event_handler.log_command DEBUG Invoked command in '/home/guo/ITL_sentry_auto_new/build/deveice' returned '0': AMENT_PREFIX_PATH=/home/guo/ITL_sentry_auto_new/install/serial:/home/guo/ITL_sentry_auto_new/install/utils:/home/guo/ITL_sentry_auto_new/install/autoaim_msgs:${AMENT_PREFIX_PATH} CMAKE_PREFIX_PATH=/home/guo/ITL_sentry_auto_new/install/serial:/home/guo/ITL_sentry_auto_new/install/utils:/home/guo/ITL_sentry_auto_new/install/autoaim_msgs:/opt/ros/rolling LD_LIBRARY_PATH=/home/guo/ITL_sentry_auto_new/install/serial/lib:/home/guo/ITL_sentry_auto_new/install/utils/lib:/home/guo/ITL_sentry_auto_new/install/autoaim_msgs/lib:/opt/MVS/lib/64:/opt/MVS/lib/32:/usr/lib/x86_64-linux-gnu:/opt/MVS/lib/64:/opt/MVS/lib/32:/usr/local/TensorRT.10.7.0.23/lib:/usr/lib/x86_64-linux-gnu:/usr/local/cuda/lib64:/usr/lib/x86_64-linux-gnu:/opt/MVS/lib/64:/opt/MVS/lib/32:/usr/local/TensorRT.10.7.0.23/lib:/usr/lib/x86_64-linux-gnu:/usr/local/cuda/lib64:/usr/lib/x86_64-linux-gnu:/opt/MVS/lib/64:/opt/MVS/lib/32:/usr/local/TensorRT.10.7.0.23/lib:/usr/lib/x86_64-linux-gnu:/usr/local/cuda/lib64:/usr/lib/x86_64-linux-gnu:/opt/ros/rolling/opt/rviz_ogre_vendor/lib:/opt/ros/rolling/lib/x86_64-linux-gnu:/opt/ros/rolling/lib:/opt/MVS/lib/64:/opt/MVS/lib/32:/usr/local/TensorRT.10.7.0.23/lib:/usr/lib/x86_64-linux-gnu:/usr/local/cuda/lib64:/opt/MVS/lib/64:/opt/MVS/lib/32:/opt/MVS/lib/64:/opt/MVS/lib/32 PYTHONPATH=/home/guo/ITL_sentry_auto_new/install/autoaim_msgs/lib/python3.10/site-packages:${PYTHONPATH} /usr/local/bin/cmake --build /home/guo/ITL_sentry_auto_new/build/deveice -- -j24 -l24
[10.832s] colcon.colcon_core.event_handler.log_command DEBUG Invoking command in '/home/guo/ITL_sentry_auto_new/build/deveice': AMENT_PREFIX_PATH=/home/guo/ITL_sentry_auto_new/install/serial:/home/guo/ITL_sentry_auto_new/install/utils:/home/guo/ITL_sentry_auto_new/install/autoaim_msgs:${AMENT_PREFIX_PATH} CMAKE_PREFIX_PATH=/home/guo/ITL_sentry_auto_new/install/serial:/home/guo/ITL_sentry_auto_new/install/utils:/home/guo/ITL_sentry_auto_new/install/autoaim_msgs:/opt/ros/rolling LD_LIBRARY_PATH=/home/guo/ITL_sentry_auto_new/install/serial/lib:/home/guo/ITL_sentry_auto_new/install/utils/lib:/home/guo/ITL_sentry_auto_new/install/autoaim_msgs/lib:/opt/MVS/lib/64:/opt/MVS/lib/32:/usr/lib/x86_64-linux-gnu:/opt/MVS/lib/64:/opt/MVS/lib/32:/usr/local/TensorRT.10.7.0.23/lib:/usr/lib/x86_64-linux-gnu:/usr/local/cuda/lib64:/usr/lib/x86_64-linux-gnu:/opt/MVS/lib/64:/opt/MVS/lib/32:/usr/local/TensorRT.10.7.0.23/lib:/usr/lib/x86_64-linux-gnu:/usr/local/cuda/lib64:/usr/lib/x86_64-linux-gnu:/opt/MVS/lib/64:/opt/MVS/lib/32:/usr/local/TensorRT.10.7.0.23/lib:/usr/lib/x86_64-linux-gnu:/usr/local/cuda/lib64:/usr/lib/x86_64-linux-gnu:/opt/ros/rolling/opt/rviz_ogre_vendor/lib:/opt/ros/rolling/lib/x86_64-linux-gnu:/opt/ros/rolling/lib:/opt/MVS/lib/64:/opt/MVS/lib/32:/usr/local/TensorRT.10.7.0.23/lib:/usr/lib/x86_64-linux-gnu:/usr/local/cuda/lib64:/opt/MVS/lib/64:/opt/MVS/lib/32:/opt/MVS/lib/64:/opt/MVS/lib/32 PYTHONPATH=/home/guo/ITL_sentry_auto_new/install/autoaim_msgs/lib/python3.10/site-packages:${PYTHONPATH} /usr/local/bin/cmake --install /home/guo/ITL_sentry_auto_new/build/deveice
[10.841s] colcon.colcon_core.environment Level 1 create_environment_scripts_only(deveice)
[10.841s] colcon.colcon_core.event_handler.log_command DEBUG Invoked command in '/home/guo/ITL_sentry_auto_new/build/deveice' returned '0': AMENT_PREFIX_PATH=/home/guo/ITL_sentry_auto_new/install/serial:/home/guo/ITL_sentry_auto_new/install/utils:/home/guo/ITL_sentry_auto_new/install/autoaim_msgs:${AMENT_PREFIX_PATH} CMAKE_PREFIX_PATH=/home/guo/ITL_sentry_auto_new/install/serial:/home/guo/ITL_sentry_auto_new/install/utils:/home/guo/ITL_sentry_auto_new/install/autoaim_msgs:/opt/ros/rolling LD_LIBRARY_PATH=/home/guo/ITL_sentry_auto_new/install/serial/lib:/home/guo/ITL_sentry_auto_new/install/utils/lib:/home/guo/ITL_sentry_auto_new/install/autoaim_msgs/lib:/opt/MVS/lib/64:/opt/MVS/lib/32:/usr/lib/x86_64-linux-gnu:/opt/MVS/lib/64:/opt/MVS/lib/32:/usr/local/TensorRT.10.7.0.23/lib:/usr/lib/x86_64-linux-gnu:/usr/local/cuda/lib64:/usr/lib/x86_64-linux-gnu:/opt/MVS/lib/64:/opt/MVS/lib/32:/usr/local/TensorRT.10.7.0.23/lib:/usr/lib/x86_64-linux-gnu:/usr/local/cuda/lib64:/usr/lib/x86_64-linux-gnu:/opt/MVS/lib/64:/opt/MVS/lib/32:/usr/local/TensorRT.10.7.0.23/lib:/usr/lib/x86_64-linux-gnu:/usr/local/cuda/lib64:/usr/lib/x86_64-linux-gnu:/opt/ros/rolling/opt/rviz_ogre_vendor/lib:/opt/ros/rolling/lib/x86_64-linux-gnu:/opt/ros/rolling/lib:/opt/MVS/lib/64:/opt/MVS/lib/32:/usr/local/TensorRT.10.7.0.23/lib:/usr/lib/x86_64-linux-gnu:/usr/local/cuda/lib64:/opt/MVS/lib/64:/opt/MVS/lib/32:/opt/MVS/lib/64:/opt/MVS/lib/32 PYTHONPATH=/home/guo/ITL_sentry_auto_new/install/autoaim_msgs/lib/python3.10/site-packages:${PYTHONPATH} /usr/local/bin/cmake --install /home/guo/ITL_sentry_auto_new/build/deveice
[10.844s] colcon.colcon_core.environment Level 1 checking '/home/guo/ITL_sentry_auto_new/install/deveice' for CMake module files
[10.845s] colcon.colcon_core.environment Level 1 checking '/home/guo/ITL_sentry_auto_new/install/deveice' for CMake config files
[10.845s] colcon.colcon_core.shell Level 1 create_environment_hook('deveice', 'cmake_prefix_path')
[10.845s] colcon.colcon_core.shell INFO Creating environment hook '/home/guo/ITL_sentry_auto_new/install/deveice/share/deveice/hook/cmake_prefix_path.ps1'
[10.846s] colcon.colcon_core.shell INFO Creating environment descriptor '/home/guo/ITL_sentry_auto_new/install/deveice/share/deveice/hook/cmake_prefix_path.dsv'
[10.846s] colcon.colcon_core.shell INFO Creating environment hook '/home/guo/ITL_sentry_auto_new/install/deveice/share/deveice/hook/cmake_prefix_path.sh'
[10.847s] colcon.colcon_core.environment Level 1 checking '/home/guo/ITL_sentry_auto_new/install/deveice/lib'
[10.847s] colcon.colcon_core.shell Level 1 create_environment_hook('deveice', 'ld_library_path_lib')
[10.847s] colcon.colcon_core.shell INFO Creating environment hook '/home/guo/ITL_sentry_auto_new/install/deveice/share/deveice/hook/ld_library_path_lib.ps1'
[10.847s] colcon.colcon_core.shell INFO Creating environment descriptor '/home/guo/ITL_sentry_auto_new/install/deveice/share/deveice/hook/ld_library_path_lib.dsv'
[10.847s] colcon.colcon_core.shell INFO Creating environment hook '/home/guo/ITL_sentry_auto_new/install/deveice/share/deveice/hook/ld_library_path_lib.sh'
[10.848s] colcon.colcon_core.environment Level 1 checking '/home/guo/ITL_sentry_auto_new/install/deveice/bin'
[10.848s] colcon.colcon_core.environment Level 1 checking '/home/guo/ITL_sentry_auto_new/install/deveice/lib/pkgconfig/deveice.pc'
[10.848s] colcon.colcon_core.environment Level 1 checking '/home/guo/ITL_sentry_auto_new/install/deveice/lib/python3.10/site-packages'
[10.848s] colcon.colcon_core.environment Level 1 checking '/home/guo/ITL_sentry_auto_new/install/deveice/bin'
[10.848s] colcon.colcon_core.shell INFO Creating package script '/home/guo/ITL_sentry_auto_new/install/deveice/share/deveice/package.ps1'
[10.849s] colcon.colcon_core.shell INFO Creating package descriptor '/home/guo/ITL_sentry_auto_new/install/deveice/share/deveice/package.dsv'
[10.849s] colcon.colcon_core.shell INFO Creating package script '/home/guo/ITL_sentry_auto_new/install/deveice/share/deveice/package.sh'
[10.849s] colcon.colcon_core.shell INFO Creating package script '/home/guo/ITL_sentry_auto_new/install/deveice/share/deveice/package.bash'
[10.850s] colcon.colcon_core.shell INFO Creating package script '/home/guo/ITL_sentry_auto_new/install/deveice/share/deveice/package.zsh'
[10.850s] colcon.colcon_core.environment Level 1 create_file_with_runtime_dependencies(/home/guo/ITL_sentry_auto_new/install/deveice/share/colcon-core/packages/deveice)
[10.851s] colcon.colcon_core.environment Level 1 create_environment_scripts_only(deveice)
[10.851s] colcon.colcon_core.environment Level 1 checking '/home/guo/ITL_sentry_auto_new/install/deveice' for CMake module files
[10.851s] colcon.colcon_core.environment Level 1 checking '/home/guo/ITL_sentry_auto_new/install/deveice' for CMake config files
[10.851s] colcon.colcon_core.shell Level 1 create_environment_hook('deveice', 'cmake_prefix_path')
[10.852s] colcon.colcon_core.shell INFO Creating environment hook '/home/guo/ITL_sentry_auto_new/install/deveice/share/deveice/hook/cmake_prefix_path.ps1'
[10.852s] colcon.colcon_core.shell INFO Creating environment descriptor '/home/guo/ITL_sentry_auto_new/install/deveice/share/deveice/hook/cmake_prefix_path.dsv'
[10.852s] colcon.colcon_core.shell INFO Creating environment hook '/home/guo/ITL_sentry_auto_new/install/deveice/share/deveice/hook/cmake_prefix_path.sh'
[10.852s] colcon.colcon_core.environment Level 1 checking '/home/guo/ITL_sentry_auto_new/install/deveice/lib'
[10.852s] colcon.colcon_core.shell Level 1 create_environment_hook('deveice', 'ld_library_path_lib')
[10.852s] colcon.colcon_core.shell INFO Creating environment hook '/home/guo/ITL_sentry_auto_new/install/deveice/share/deveice/hook/ld_library_path_lib.ps1'
[10.853s] colcon.colcon_core.shell INFO Creating environment descriptor '/home/guo/ITL_sentry_auto_new/install/deveice/share/deveice/hook/ld_library_path_lib.dsv'
[10.853s] colcon.colcon_core.shell INFO Creating environment hook '/home/guo/ITL_sentry_auto_new/install/deveice/share/deveice/hook/ld_library_path_lib.sh'
[10.853s] colcon.colcon_core.environment Level 1 checking '/home/guo/ITL_sentry_auto_new/install/deveice/bin'
[10.853s] colcon.colcon_core.environment Level 1 checking '/home/guo/ITL_sentry_auto_new/install/deveice/lib/pkgconfig/deveice.pc'
[10.853s] colcon.colcon_core.environment Level 1 checking '/home/guo/ITL_sentry_auto_new/install/deveice/lib/python3.10/site-packages'
[10.853s] colcon.colcon_core.environment Level 1 checking '/home/guo/ITL_sentry_auto_new/install/deveice/bin'
[10.854s] colcon.colcon_core.shell INFO Creating package script '/home/guo/ITL_sentry_auto_new/install/deveice/share/deveice/package.ps1'
[10.854s] colcon.colcon_core.shell INFO Creating package descriptor '/home/guo/ITL_sentry_auto_new/install/deveice/share/deveice/package.dsv'
[10.854s] colcon.colcon_core.shell INFO Creating package script '/home/guo/ITL_sentry_auto_new/install/deveice/share/deveice/package.sh'
[10.854s] colcon.colcon_core.shell INFO Creating package script '/home/guo/ITL_sentry_auto_new/install/deveice/share/deveice/package.bash'
[10.855s] colcon.colcon_core.shell INFO Creating package script '/home/guo/ITL_sentry_auto_new/install/deveice/share/deveice/package.zsh'
[10.855s] colcon.colcon_core.environment Level 1 create_file_with_runtime_dependencies(/home/guo/ITL_sentry_auto_new/install/deveice/share/colcon-core/packages/deveice)
[10.855s] colcon.colcon_parallel_executor.executor.parallel DEBUG closing loop
[10.855s] colcon.colcon_parallel_executor.executor.parallel DEBUG loop closed
[10.855s] colcon.colcon_parallel_executor.executor.parallel DEBUG run_until_complete finished with '0'
[10.855s] colcon.colcon_core.event_reactor DEBUG joining thread
[10.860s] colcon.colcon_core.plugin_system INFO Skipping extension 'colcon_notification.desktop_notification.terminal_notifier': Not used on non-Darwin systems
[10.860s] colcon.colcon_core.plugin_system INFO Skipping extension 'colcon_notification.desktop_notification.win32': Not used on non-Windows systems
[10.860s] colcon.colcon_notification.desktop_notification INFO Sending desktop notification using 'notify2'
[10.873s] colcon.colcon_core.event_reactor DEBUG joined thread
[10.874s] colcon.colcon_core.shell INFO Creating prefix script '/home/guo/ITL_sentry_auto_new/install/local_setup.ps1'
[10.876s] colcon.colcon_core.shell INFO Creating prefix util module '/home/guo/ITL_sentry_auto_new/install/_local_setup_util_ps1.py'
[10.879s] colcon.colcon_core.shell INFO Creating prefix chain script '/home/guo/ITL_sentry_auto_new/install/setup.ps1'
[10.879s] colcon.colcon_core.shell INFO Creating prefix script '/home/guo/ITL_sentry_auto_new/install/local_setup.sh'
[10.880s] colcon.colcon_core.shell INFO Creating prefix util module '/home/guo/ITL_sentry_auto_new/install/_local_setup_util_sh.py'
[10.880s] colcon.colcon_core.shell INFO Creating prefix chain script '/home/guo/ITL_sentry_auto_new/install/setup.sh'
[10.881s] colcon.colcon_core.shell INFO Creating prefix script '/home/guo/ITL_sentry_auto_new/install/local_setup.bash'
[10.881s] colcon.colcon_core.shell INFO Creating prefix chain script '/home/guo/ITL_sentry_auto_new/install/setup.bash'
[10.882s] colcon.colcon_core.shell INFO Creating prefix script '/home/guo/ITL_sentry_auto_new/install/local_setup.zsh'
[10.882s] colcon.colcon_core.shell INFO Creating prefix chain script '/home/guo/ITL_sentry_auto_new/install/setup.zsh'
