[0.007s] Invoking command in '/home/guo/ITL_Auto_aim/build/utils': CMAKE_PREFIX_PATH=/opt/ros/rolling /usr/local/bin/cmake /home/guo/ITL_Auto_aim/src/utils -DCMAKE_INSTALL_PREFIX=/home/guo/ITL_Auto_aim/install/utils
[0.073s] -- The C compiler identification is GNU 11.4.0
[0.122s] -- The CXX compiler identification is GNU 11.4.0
[0.137s] -- Detecting C compiler ABI info
[0.191s] -- Detecting C compiler ABI info - done
[0.200s] -- Check for working C compiler: /usr/bin/cc - skipped
[0.201s] -- Detecting C compile features
[0.201s] -- Detecting C compile features - done
[0.209s] -- Detecting CXX compiler ABI info
[0.269s] -- Detecting CXX compiler ABI info - done
[0.280s] -- Check for working CXX compiler: /usr/bin/c++ - skipped
[0.280s] -- Detecting CXX compile features
[0.281s] -- Detecting CXX compile features - done
[0.288s] -- Found ament_cmake: 2.3.2 (/opt/ros/rolling/share/ament_cmake/cmake)
[0.631s] -- Found Python3: /usr/bin/python3.10 (found version "3.10.12") found components: Interpreter 
[0.704s] -- Found rclcpp: 27.0.0 (/opt/ros/rolling/share/rclcpp/cmake)
[0.741s] -- Found rosidl_generator_c: 4.5.1 (/opt/ros/rolling/share/rosidl_generator_c/cmake)
[0.751s] -- Found rosidl_generator_cpp: 4.5.1 (/opt/ros/rolling/share/rosidl_generator_cpp/cmake)
[0.769s] -- Using all available rosidl_typesupport_c: rosidl_typesupport_fastrtps_c;rosidl_typesupport_introspection_c
[0.787s] -- Using all available rosidl_typesupport_cpp: rosidl_typesupport_fastrtps_cpp;rosidl_typesupport_introspection_cpp
[0.957s] -- Found rmw_implementation_cmake: 7.3.0 (/opt/ros/rolling/share/rmw_implementation_cmake/cmake)
[0.959s] -- Found rmw_fastrtps_cpp: 8.2.0 (/opt/ros/rolling/share/rmw_fastrtps_cpp/cmake)
[1.041s] -- Found OpenSSL: /usr/lib/x86_64-linux-gnu/libcrypto.so (found version "3.0.2")  
[1.065s] -- Found FastRTPS: /opt/ros/rolling/include  
[1.103s] -- Using RMW implementation 'rmw_fastrtps_cpp' as default
[1.315s] -- Found OpenCV: /usr (found version "4.5.4") 
[1.384s] -- Configuring done (1.4s)
[1.396s] -- Generating done (0.0s)
[1.399s] -- Build files have been written to: /home/guo/ITL_Auto_aim/build/utils
[1.405s] Invoked command in '/home/guo/ITL_Auto_aim/build/utils' returned '0': CMAKE_PREFIX_PATH=/opt/ros/rolling /usr/local/bin/cmake /home/guo/ITL_Auto_aim/src/utils -DCMAKE_INSTALL_PREFIX=/home/guo/ITL_Auto_aim/install/utils
[1.407s] Invoking command in '/home/guo/ITL_Auto_aim/build/utils': CMAKE_PREFIX_PATH=/opt/ros/rolling /usr/local/bin/cmake --build /home/guo/ITL_Auto_aim/build/utils -- -j24 -l24
[1.425s] [ 12%] [32mBuilding CXX object CMakeFiles/utils.dir/src/math_tools.cpp.o[0m
[1.425s] [ 25%] [32mBuilding CXX object CMakeFiles/utils.dir/src/logger.cpp.o[0m
[1.426s] [ 37%] [32mBuilding CXX object CMakeFiles/utils.dir/src/trajectory.cpp.o[0m
[1.426s] [ 50%] [32mBuilding CXX object CMakeFiles/utils.dir/src/crc.cpp.o[0m
[1.426s] [ 62%] [32mBuilding CXX object CMakeFiles/utils.dir/src/video.cpp.o[0m
[1.427s] [ 75%] [32mBuilding CXX object CMakeFiles/utils.dir/src/extended_kalman_filter.cpp.o[0m
[1.427s] [ 87%] [32mBuilding CXX object CMakeFiles/utils.dir/src/ransac_sine_fitter.cpp.o[0m
[15.249s] [100%] [32m[1mLinking CXX static library libutils.a[0m
[15.546s] [100%] Built target utils
[15.550s] Invoked command in '/home/guo/ITL_Auto_aim/build/utils' returned '0': CMAKE_PREFIX_PATH=/opt/ros/rolling /usr/local/bin/cmake --build /home/guo/ITL_Auto_aim/build/utils -- -j24 -l24
[15.551s] Invoking command in '/home/guo/ITL_Auto_aim/build/utils': CMAKE_PREFIX_PATH=/opt/ros/rolling /usr/local/bin/cmake --install /home/guo/ITL_Auto_aim/build/utils
[15.553s] -- Install configuration: ""
[15.553s] -- Installing: /home/guo/ITL_Auto_aim/install/utils/share/utils/environment/library_path.sh
[15.553s] -- Installing: /home/guo/ITL_Auto_aim/install/utils/share/utils/environment/library_path.dsv
[15.553s] -- Installing: /home/guo/ITL_Auto_aim/install/utils/include
[15.553s] -- Installing: /home/guo/ITL_Auto_aim/install/utils/include/draw_tools.hpp
[15.553s] -- Installing: /home/guo/ITL_Auto_aim/install/utils/include/thread_safe_queue.hpp
[15.553s] -- Installing: /home/guo/ITL_Auto_aim/install/utils/include/math_tools.hpp
[15.553s] -- Installing: /home/guo/ITL_Auto_aim/install/utils/include/video.hpp
[15.553s] -- Installing: /home/guo/ITL_Auto_aim/install/utils/include/yaml.hpp
[15.553s] -- Installing: /home/guo/ITL_Auto_aim/install/utils/include/detector_tools.hpp
[15.553s] -- Installing: /home/guo/ITL_Auto_aim/install/utils/include/trajectory.hpp
[15.553s] -- Installing: /home/guo/ITL_Auto_aim/install/utils/include/performance_monitor.hpp
[15.554s] -- Installing: /home/guo/ITL_Auto_aim/install/utils/include/extended_kalman_filter.hpp
[15.554s] -- Installing: /home/guo/ITL_Auto_aim/install/utils/include/logger.hpp
[15.554s] -- Installing: /home/guo/ITL_Auto_aim/install/utils/include/crc.hpp
[15.554s] -- Installing: /home/guo/ITL_Auto_aim/install/utils/include/blocking_queue.hpp
[15.554s] -- Installing: /home/guo/ITL_Auto_aim/install/utils/include/ransac_sine_fitter.hpp
[15.554s] -- Installing: /home/guo/ITL_Auto_aim/install/utils/include/roi_tools.hpp
[15.554s] -- Installing: /home/guo/ITL_Auto_aim/install/utils/lib/libutils.a
[15.585s] -- Installing: /home/guo/ITL_Auto_aim/install/utils/share/utils/cmake/utilsTargets.cmake
[15.585s] -- Installing: /home/guo/ITL_Auto_aim/install/utils/share/utils/cmake/utilsTargets-noconfig.cmake
[15.585s] -- Installing: /home/guo/ITL_Auto_aim/install/utils/share/ament_index/resource_index/package_run_dependencies/utils
[15.586s] -- Installing: /home/guo/ITL_Auto_aim/install/utils/share/ament_index/resource_index/parent_prefix_path/utils
[15.586s] -- Installing: /home/guo/ITL_Auto_aim/install/utils/share/utils/environment/ament_prefix_path.sh
[15.586s] -- Installing: /home/guo/ITL_Auto_aim/install/utils/share/utils/environment/ament_prefix_path.dsv
[15.586s] -- Installing: /home/guo/ITL_Auto_aim/install/utils/share/utils/environment/path.sh
[15.586s] -- Installing: /home/guo/ITL_Auto_aim/install/utils/share/utils/environment/path.dsv
[15.586s] -- Installing: /home/guo/ITL_Auto_aim/install/utils/share/utils/local_setup.bash
[15.586s] -- Installing: /home/guo/ITL_Auto_aim/install/utils/share/utils/local_setup.sh
[15.586s] -- Installing: /home/guo/ITL_Auto_aim/install/utils/share/utils/local_setup.zsh
[15.586s] -- Installing: /home/guo/ITL_Auto_aim/install/utils/share/utils/local_setup.dsv
[15.586s] -- Installing: /home/guo/ITL_Auto_aim/install/utils/share/utils/package.dsv
[15.586s] -- Installing: /home/guo/ITL_Auto_aim/install/utils/share/ament_index/resource_index/packages/utils
[15.586s] -- Installing: /home/guo/ITL_Auto_aim/install/utils/share/utils/cmake/utilsTargetsExport.cmake
[15.586s] -- Installing: /home/guo/ITL_Auto_aim/install/utils/share/utils/cmake/utilsTargetsExport-noconfig.cmake
[15.586s] -- Installing: /home/guo/ITL_Auto_aim/install/utils/share/utils/cmake/ament_cmake_export_include_directories-extras.cmake
[15.586s] -- Installing: /home/guo/ITL_Auto_aim/install/utils/share/utils/cmake/ament_cmake_export_libraries-extras.cmake
[15.586s] -- Installing: /home/guo/ITL_Auto_aim/install/utils/share/utils/cmake/ament_cmake_export_dependencies-extras.cmake
[15.587s] -- Installing: /home/guo/ITL_Auto_aim/install/utils/share/utils/cmake/ament_cmake_export_targets-extras.cmake
[15.587s] -- Installing: /home/guo/ITL_Auto_aim/install/utils/share/utils/cmake/utilsConfig.cmake
[15.587s] -- Installing: /home/guo/ITL_Auto_aim/install/utils/share/utils/cmake/utilsConfig-version.cmake
[15.587s] -- Installing: /home/guo/ITL_Auto_aim/install/utils/share/utils/package.xml
[15.588s] Invoked command in '/home/guo/ITL_Auto_aim/build/utils' returned '0': CMAKE_PREFIX_PATH=/opt/ros/rolling /usr/local/bin/cmake --install /home/guo/ITL_Auto_aim/build/utils
