[100%] Built target hikcamera
-- Install configuration: ""
-- Up-to-date: /home/guo/ITL_sentry_auto_new/install/hikvision/lib/libhikcamera.so
-- Up-to-date: /home/guo/ITL_sentry_auto_new/install/hikvision/include
-- Up-to-date: /home/guo/ITL_sentry_auto_new/install/hikvision/include/hikcamera.hpp
-- Up-to-date: /home/guo/ITL_sentry_auto_new/install/hikvision/share/hikvision/environment/library_path.sh
-- Up-to-date: /home/guo/ITL_sentry_auto_new/install/hikvision/share/hikvision/environment/library_path.dsv
-- Up-to-date: /home/guo/ITL_sentry_auto_new/install/hikvision/share/hikvision/cmake/hikcameraTargets.cmake
-- Up-to-date: /home/guo/ITL_sentry_auto_new/install/hikvision/share/hikvision/cmake/hikcameraTargets-noconfig.cmake
-- Up-to-date: /home/guo/ITL_sentry_auto_new/install/hikvision/share/ament_index/resource_index/package_run_dependencies/hikvision
-- Up-to-date: /home/guo/ITL_sentry_auto_new/install/hikvision/share/ament_index/resource_index/parent_prefix_path/hikvision
-- Up-to-date: /home/guo/ITL_sentry_auto_new/install/hikvision/share/hikvision/environment/ament_prefix_path.sh
-- Up-to-date: /home/guo/ITL_sentry_auto_new/install/hikvision/share/hikvision/environment/ament_prefix_path.dsv
-- Up-to-date: /home/guo/ITL_sentry_auto_new/install/hikvision/share/hikvision/environment/path.sh
-- Up-to-date: /home/guo/ITL_sentry_auto_new/install/hikvision/share/hikvision/environment/path.dsv
-- Up-to-date: /home/guo/ITL_sentry_auto_new/install/hikvision/share/hikvision/local_setup.bash
-- Up-to-date: /home/guo/ITL_sentry_auto_new/install/hikvision/share/hikvision/local_setup.sh
-- Up-to-date: /home/guo/ITL_sentry_auto_new/install/hikvision/share/hikvision/local_setup.zsh
-- Up-to-date: /home/guo/ITL_sentry_auto_new/install/hikvision/share/hikvision/local_setup.dsv
-- Installing: /home/guo/ITL_sentry_auto_new/install/hikvision/share/hikvision/package.dsv
-- Up-to-date: /home/guo/ITL_sentry_auto_new/install/hikvision/share/ament_index/resource_index/packages/hikvision
-- Up-to-date: /home/guo/ITL_sentry_auto_new/install/hikvision/share/hikvision/cmake/hikcameraTargetsExport.cmake
-- Up-to-date: /home/guo/ITL_sentry_auto_new/install/hikvision/share/hikvision/cmake/hikcameraTargetsExport-noconfig.cmake
-- Up-to-date: /home/guo/ITL_sentry_auto_new/install/hikvision/share/hikvision/cmake/ament_cmake_export_dependencies-extras.cmake
-- Up-to-date: /home/guo/ITL_sentry_auto_new/install/hikvision/share/hikvision/cmake/ament_cmake_export_include_directories-extras.cmake
-- Up-to-date: /home/guo/ITL_sentry_auto_new/install/hikvision/share/hikvision/cmake/ament_cmake_export_libraries-extras.cmake
-- Up-to-date: /home/guo/ITL_sentry_auto_new/install/hikvision/share/hikvision/cmake/ament_cmake_export_targets-extras.cmake
-- Up-to-date: /home/guo/ITL_sentry_auto_new/install/hikvision/share/hikvision/cmake/hikvisionConfig.cmake
-- Up-to-date: /home/guo/ITL_sentry_auto_new/install/hikvision/share/hikvision/cmake/hikvisionConfig-version.cmake
-- Up-to-date: /home/guo/ITL_sentry_auto_new/install/hikvision/share/hikvision/package.xml
