[0.095s] colcon DEBUG Command line arguments: ['/usr/bin/colcon', 'build', '--packages-select', 'node']
[0.095s] colcon DEBUG Parsed command line arguments: Namespace(log_base=None, log_level=None, verb_name='build', build_base='build', install_base='install', merge_install=False, symlink_install=False, test_result_base=None, continue_on_error=False, executor='parallel', parallel_workers=24, event_handlers=None, ignore_user_meta=False, metas=['./colcon.meta'], base_paths=['.'], packages_ignore=None, packages_ignore_regex=None, paths=None, packages_up_to=None, packages_up_to_regex=None, packages_above=None, packages_above_and_dependencies=None, packages_above_depth=None, packages_select_by_dep=None, packages_skip_by_dep=None, packages_skip_up_to=None, packages_select_build_failed=False, packages_skip_build_finished=False, packages_select_test_failures=False, packages_skip_test_passed=False, packages_select=['node'], packages_skip=None, packages_select_regex=None, packages_skip_regex=None, packages_start=None, packages_end=None, allow_overriding=[], cmake_args=None, cmake_target=None, cmake_target_skip_unavailable=False, cmake_clean_cache=False, cmake_clean_first=False, cmake_force_configure=False, ament_cmake_args=None, catkin_cmake_args=None, catkin_skip_building_tests=False, verb_parser=<colcon_defaults.argument_parser.defaults.DefaultArgumentsDecorator object at 0x7d9bc3b05b70>, verb_extension=<colcon_core.verb.build.BuildVerb object at 0x7d9bc3df2f80>, main=<bound method BuildVerb.main of <colcon_core.verb.build.BuildVerb object at 0x7d9bc3df2f80>>)
[0.207s] colcon.colcon_core.package_discovery Level 1 discover_packages(colcon_meta) check parameters
[0.207s] colcon.colcon_core.package_discovery Level 1 discover_packages(recursive) check parameters
[0.207s] colcon.colcon_core.package_discovery Level 1 discover_packages(ignore) check parameters
[0.207s] colcon.colcon_core.package_discovery Level 1 discover_packages(path) check parameters
[0.207s] colcon.colcon_core.package_discovery Level 1 discover_packages(colcon_meta) discover
[0.207s] colcon.colcon_core.package_discovery Level 1 discover_packages(recursive) discover
[0.207s] colcon.colcon_core.package_discovery INFO Crawling recursively for packages in '/home/guo/ITL_sentry_auto_new'
[0.207s] colcon.colcon_core.package_identification Level 1 _identify(.) by extensions ['ignore', 'ignore_ament_install']
[0.207s] colcon.colcon_core.package_identification Level 1 _identify(.) by extension 'ignore'
[0.207s] colcon.colcon_core.package_identification Level 1 _identify(.) by extension 'ignore_ament_install'
[0.207s] colcon.colcon_core.package_identification Level 1 _identify(.) by extensions ['colcon_pkg']
[0.207s] colcon.colcon_core.package_identification Level 1 _identify(.) by extension 'colcon_pkg'
[0.207s] colcon.colcon_core.package_identification Level 1 _identify(.) by extensions ['colcon_meta']
[0.207s] colcon.colcon_core.package_identification Level 1 _identify(.) by extension 'colcon_meta'
[0.207s] colcon.colcon_core.package_identification Level 1 _identify(.) by extensions ['ros']
[0.207s] colcon.colcon_core.package_identification Level 1 _identify(.) by extension 'ros'
[0.221s] colcon.colcon_core.package_identification Level 1 _identify(.) by extensions ['cmake', 'python']
[0.221s] colcon.colcon_core.package_identification Level 1 _identify(.) by extension 'cmake'
[0.221s] colcon.colcon_core.package_identification Level 1 _identify(.) by extension 'python'
[0.221s] colcon.colcon_core.package_identification Level 1 _identify(.) by extensions ['python_setup_py']
[0.221s] colcon.colcon_core.package_identification Level 1 _identify(.) by extension 'python_setup_py'
[0.221s] colcon.colcon_core.package_identification Level 1 _identify(build) by extensions ['ignore', 'ignore_ament_install']
[0.221s] colcon.colcon_core.package_identification Level 1 _identify(build) by extension 'ignore'
[0.221s] colcon.colcon_core.package_identification Level 1 _identify(build) ignored
[0.221s] colcon.colcon_core.package_identification Level 1 _identify(data) by extensions ['ignore', 'ignore_ament_install']
[0.221s] colcon.colcon_core.package_identification Level 1 _identify(data) by extension 'ignore'
[0.221s] colcon.colcon_core.package_identification Level 1 _identify(data) by extension 'ignore_ament_install'
[0.221s] colcon.colcon_core.package_identification Level 1 _identify(data) by extensions ['colcon_pkg']
[0.221s] colcon.colcon_core.package_identification Level 1 _identify(data) by extension 'colcon_pkg'
[0.221s] colcon.colcon_core.package_identification Level 1 _identify(data) by extensions ['colcon_meta']
[0.221s] colcon.colcon_core.package_identification Level 1 _identify(data) by extension 'colcon_meta'
[0.221s] colcon.colcon_core.package_identification Level 1 _identify(data) by extensions ['ros']
[0.221s] colcon.colcon_core.package_identification Level 1 _identify(data) by extension 'ros'
[0.221s] colcon.colcon_core.package_identification Level 1 _identify(data) by extensions ['cmake', 'python']
[0.221s] colcon.colcon_core.package_identification Level 1 _identify(data) by extension 'cmake'
[0.221s] colcon.colcon_core.package_identification Level 1 _identify(data) by extension 'python'
[0.221s] colcon.colcon_core.package_identification Level 1 _identify(data) by extensions ['python_setup_py']
[0.221s] colcon.colcon_core.package_identification Level 1 _identify(data) by extension 'python_setup_py'
[0.222s] colcon.colcon_core.package_identification Level 1 _identify(data/distance) by extensions ['ignore', 'ignore_ament_install']
[0.222s] colcon.colcon_core.package_identification Level 1 _identify(data/distance) by extension 'ignore'
[0.222s] colcon.colcon_core.package_identification Level 1 _identify(data/distance) by extension 'ignore_ament_install'
[0.222s] colcon.colcon_core.package_identification Level 1 _identify(data/distance) by extensions ['colcon_pkg']
[0.222s] colcon.colcon_core.package_identification Level 1 _identify(data/distance) by extension 'colcon_pkg'
[0.222s] colcon.colcon_core.package_identification Level 1 _identify(data/distance) by extensions ['colcon_meta']
[0.222s] colcon.colcon_core.package_identification Level 1 _identify(data/distance) by extension 'colcon_meta'
[0.222s] colcon.colcon_core.package_identification Level 1 _identify(data/distance) by extensions ['ros']
[0.222s] colcon.colcon_core.package_identification Level 1 _identify(data/distance) by extension 'ros'
[0.222s] colcon.colcon_core.package_identification Level 1 _identify(data/distance) by extensions ['cmake', 'python']
[0.222s] colcon.colcon_core.package_identification Level 1 _identify(data/distance) by extension 'cmake'
[0.222s] colcon.colcon_core.package_identification Level 1 _identify(data/distance) by extension 'python'
[0.222s] colcon.colcon_core.package_identification Level 1 _identify(data/distance) by extensions ['python_setup_py']
[0.222s] colcon.colcon_core.package_identification Level 1 _identify(data/distance) by extension 'python_setup_py'
[0.222s] colcon.colcon_core.package_identification Level 1 _identify(data/predict) by extensions ['ignore', 'ignore_ament_install']
[0.222s] colcon.colcon_core.package_identification Level 1 _identify(data/predict) by extension 'ignore'
[0.222s] colcon.colcon_core.package_identification Level 1 _identify(data/predict) by extension 'ignore_ament_install'
[0.222s] colcon.colcon_core.package_identification Level 1 _identify(data/predict) by extensions ['colcon_pkg']
[0.222s] colcon.colcon_core.package_identification Level 1 _identify(data/predict) by extension 'colcon_pkg'
[0.222s] colcon.colcon_core.package_identification Level 1 _identify(data/predict) by extensions ['colcon_meta']
[0.222s] colcon.colcon_core.package_identification Level 1 _identify(data/predict) by extension 'colcon_meta'
[0.222s] colcon.colcon_core.package_identification Level 1 _identify(data/predict) by extensions ['ros']
[0.222s] colcon.colcon_core.package_identification Level 1 _identify(data/predict) by extension 'ros'
[0.222s] colcon.colcon_core.package_identification Level 1 _identify(data/predict) by extensions ['cmake', 'python']
[0.222s] colcon.colcon_core.package_identification Level 1 _identify(data/predict) by extension 'cmake'
[0.222s] colcon.colcon_core.package_identification Level 1 _identify(data/predict) by extension 'python'
[0.222s] colcon.colcon_core.package_identification Level 1 _identify(data/predict) by extensions ['python_setup_py']
[0.222s] colcon.colcon_core.package_identification Level 1 _identify(data/predict) by extension 'python_setup_py'
[0.222s] colcon.colcon_core.package_identification Level 1 _identify(data/predict/rosbag2_2025_07_01-13_07_04) by extensions ['ignore', 'ignore_ament_install']
[0.222s] colcon.colcon_core.package_identification Level 1 _identify(data/predict/rosbag2_2025_07_01-13_07_04) by extension 'ignore'
[0.222s] colcon.colcon_core.package_identification Level 1 _identify(data/predict/rosbag2_2025_07_01-13_07_04) by extension 'ignore_ament_install'
[0.222s] colcon.colcon_core.package_identification Level 1 _identify(data/predict/rosbag2_2025_07_01-13_07_04) by extensions ['colcon_pkg']
[0.222s] colcon.colcon_core.package_identification Level 1 _identify(data/predict/rosbag2_2025_07_01-13_07_04) by extension 'colcon_pkg'
[0.222s] colcon.colcon_core.package_identification Level 1 _identify(data/predict/rosbag2_2025_07_01-13_07_04) by extensions ['colcon_meta']
[0.222s] colcon.colcon_core.package_identification Level 1 _identify(data/predict/rosbag2_2025_07_01-13_07_04) by extension 'colcon_meta'
[0.222s] colcon.colcon_core.package_identification Level 1 _identify(data/predict/rosbag2_2025_07_01-13_07_04) by extensions ['ros']
[0.223s] colcon.colcon_core.package_identification Level 1 _identify(data/predict/rosbag2_2025_07_01-13_07_04) by extension 'ros'
[0.223s] colcon.colcon_core.package_identification Level 1 _identify(data/predict/rosbag2_2025_07_01-13_07_04) by extensions ['cmake', 'python']
[0.223s] colcon.colcon_core.package_identification Level 1 _identify(data/predict/rosbag2_2025_07_01-13_07_04) by extension 'cmake'
[0.223s] colcon.colcon_core.package_identification Level 1 _identify(data/predict/rosbag2_2025_07_01-13_07_04) by extension 'python'
[0.223s] colcon.colcon_core.package_identification Level 1 _identify(data/predict/rosbag2_2025_07_01-13_07_04) by extensions ['python_setup_py']
[0.223s] colcon.colcon_core.package_identification Level 1 _identify(data/predict/rosbag2_2025_07_01-13_07_04) by extension 'python_setup_py'
[0.223s] colcon.colcon_core.package_identification Level 1 _identify(data/predict/rosbag2_2025_07_01-13_57_03) by extensions ['ignore', 'ignore_ament_install']
[0.223s] colcon.colcon_core.package_identification Level 1 _identify(data/predict/rosbag2_2025_07_01-13_57_03) by extension 'ignore'
[0.223s] colcon.colcon_core.package_identification Level 1 _identify(data/predict/rosbag2_2025_07_01-13_57_03) by extension 'ignore_ament_install'
[0.223s] colcon.colcon_core.package_identification Level 1 _identify(data/predict/rosbag2_2025_07_01-13_57_03) by extensions ['colcon_pkg']
[0.223s] colcon.colcon_core.package_identification Level 1 _identify(data/predict/rosbag2_2025_07_01-13_57_03) by extension 'colcon_pkg'
[0.223s] colcon.colcon_core.package_identification Level 1 _identify(data/predict/rosbag2_2025_07_01-13_57_03) by extensions ['colcon_meta']
[0.223s] colcon.colcon_core.package_identification Level 1 _identify(data/predict/rosbag2_2025_07_01-13_57_03) by extension 'colcon_meta'
[0.223s] colcon.colcon_core.package_identification Level 1 _identify(data/predict/rosbag2_2025_07_01-13_57_03) by extensions ['ros']
[0.223s] colcon.colcon_core.package_identification Level 1 _identify(data/predict/rosbag2_2025_07_01-13_57_03) by extension 'ros'
[0.223s] colcon.colcon_core.package_identification Level 1 _identify(data/predict/rosbag2_2025_07_01-13_57_03) by extensions ['cmake', 'python']
[0.223s] colcon.colcon_core.package_identification Level 1 _identify(data/predict/rosbag2_2025_07_01-13_57_03) by extension 'cmake'
[0.223s] colcon.colcon_core.package_identification Level 1 _identify(data/predict/rosbag2_2025_07_01-13_57_03) by extension 'python'
[0.223s] colcon.colcon_core.package_identification Level 1 _identify(data/predict/rosbag2_2025_07_01-13_57_03) by extensions ['python_setup_py']
[0.223s] colcon.colcon_core.package_identification Level 1 _identify(data/predict/rosbag2_2025_07_01-13_57_03) by extension 'python_setup_py'
[0.223s] colcon.colcon_core.package_identification Level 1 _identify(data/predict/rosbag2_2025_07_01-14_37_08) by extensions ['ignore', 'ignore_ament_install']
[0.223s] colcon.colcon_core.package_identification Level 1 _identify(data/predict/rosbag2_2025_07_01-14_37_08) by extension 'ignore'
[0.223s] colcon.colcon_core.package_identification Level 1 _identify(data/predict/rosbag2_2025_07_01-14_37_08) by extension 'ignore_ament_install'
[0.223s] colcon.colcon_core.package_identification Level 1 _identify(data/predict/rosbag2_2025_07_01-14_37_08) by extensions ['colcon_pkg']
[0.223s] colcon.colcon_core.package_identification Level 1 _identify(data/predict/rosbag2_2025_07_01-14_37_08) by extension 'colcon_pkg'
[0.223s] colcon.colcon_core.package_identification Level 1 _identify(data/predict/rosbag2_2025_07_01-14_37_08) by extensions ['colcon_meta']
[0.223s] colcon.colcon_core.package_identification Level 1 _identify(data/predict/rosbag2_2025_07_01-14_37_08) by extension 'colcon_meta'
[0.223s] colcon.colcon_core.package_identification Level 1 _identify(data/predict/rosbag2_2025_07_01-14_37_08) by extensions ['ros']
[0.223s] colcon.colcon_core.package_identification Level 1 _identify(data/predict/rosbag2_2025_07_01-14_37_08) by extension 'ros'
[0.223s] colcon.colcon_core.package_identification Level 1 _identify(data/predict/rosbag2_2025_07_01-14_37_08) by extensions ['cmake', 'python']
[0.223s] colcon.colcon_core.package_identification Level 1 _identify(data/predict/rosbag2_2025_07_01-14_37_08) by extension 'cmake'
[0.223s] colcon.colcon_core.package_identification Level 1 _identify(data/predict/rosbag2_2025_07_01-14_37_08) by extension 'python'
[0.223s] colcon.colcon_core.package_identification Level 1 _identify(data/predict/rosbag2_2025_07_01-14_37_08) by extensions ['python_setup_py']
[0.223s] colcon.colcon_core.package_identification Level 1 _identify(data/predict/rosbag2_2025_07_01-14_37_08) by extension 'python_setup_py'
[0.223s] colcon.colcon_core.package_identification Level 1 _identify(data/predict/rosbag2_2025_07_01-15_14_41) by extensions ['ignore', 'ignore_ament_install']
[0.223s] colcon.colcon_core.package_identification Level 1 _identify(data/predict/rosbag2_2025_07_01-15_14_41) by extension 'ignore'
[0.224s] colcon.colcon_core.package_identification Level 1 _identify(data/predict/rosbag2_2025_07_01-15_14_41) by extension 'ignore_ament_install'
[0.224s] colcon.colcon_core.package_identification Level 1 _identify(data/predict/rosbag2_2025_07_01-15_14_41) by extensions ['colcon_pkg']
[0.224s] colcon.colcon_core.package_identification Level 1 _identify(data/predict/rosbag2_2025_07_01-15_14_41) by extension 'colcon_pkg'
[0.224s] colcon.colcon_core.package_identification Level 1 _identify(data/predict/rosbag2_2025_07_01-15_14_41) by extensions ['colcon_meta']
[0.224s] colcon.colcon_core.package_identification Level 1 _identify(data/predict/rosbag2_2025_07_01-15_14_41) by extension 'colcon_meta'
[0.224s] colcon.colcon_core.package_identification Level 1 _identify(data/predict/rosbag2_2025_07_01-15_14_41) by extensions ['ros']
[0.224s] colcon.colcon_core.package_identification Level 1 _identify(data/predict/rosbag2_2025_07_01-15_14_41) by extension 'ros'
[0.224s] colcon.colcon_core.package_identification Level 1 _identify(data/predict/rosbag2_2025_07_01-15_14_41) by extensions ['cmake', 'python']
[0.224s] colcon.colcon_core.package_identification Level 1 _identify(data/predict/rosbag2_2025_07_01-15_14_41) by extension 'cmake'
[0.224s] colcon.colcon_core.package_identification Level 1 _identify(data/predict/rosbag2_2025_07_01-15_14_41) by extension 'python'
[0.224s] colcon.colcon_core.package_identification Level 1 _identify(data/predict/rosbag2_2025_07_01-15_14_41) by extensions ['python_setup_py']
[0.224s] colcon.colcon_core.package_identification Level 1 _identify(data/predict/rosbag2_2025_07_01-15_14_41) by extension 'python_setup_py'
[0.224s] colcon.colcon_core.package_identification Level 1 _identify(data/predict/rosbag2_2025_07_01-15_34_44) by extensions ['ignore', 'ignore_ament_install']
[0.224s] colcon.colcon_core.package_identification Level 1 _identify(data/predict/rosbag2_2025_07_01-15_34_44) by extension 'ignore'
[0.224s] colcon.colcon_core.package_identification Level 1 _identify(data/predict/rosbag2_2025_07_01-15_34_44) by extension 'ignore_ament_install'
[0.224s] colcon.colcon_core.package_identification Level 1 _identify(data/predict/rosbag2_2025_07_01-15_34_44) by extensions ['colcon_pkg']
[0.224s] colcon.colcon_core.package_identification Level 1 _identify(data/predict/rosbag2_2025_07_01-15_34_44) by extension 'colcon_pkg'
[0.224s] colcon.colcon_core.package_identification Level 1 _identify(data/predict/rosbag2_2025_07_01-15_34_44) by extensions ['colcon_meta']
[0.224s] colcon.colcon_core.package_identification Level 1 _identify(data/predict/rosbag2_2025_07_01-15_34_44) by extension 'colcon_meta'
[0.224s] colcon.colcon_core.package_identification Level 1 _identify(data/predict/rosbag2_2025_07_01-15_34_44) by extensions ['ros']
[0.224s] colcon.colcon_core.package_identification Level 1 _identify(data/predict/rosbag2_2025_07_01-15_34_44) by extension 'ros'
[0.224s] colcon.colcon_core.package_identification Level 1 _identify(data/predict/rosbag2_2025_07_01-15_34_44) by extensions ['cmake', 'python']
[0.224s] colcon.colcon_core.package_identification Level 1 _identify(data/predict/rosbag2_2025_07_01-15_34_44) by extension 'cmake'
[0.224s] colcon.colcon_core.package_identification Level 1 _identify(data/predict/rosbag2_2025_07_01-15_34_44) by extension 'python'
[0.224s] colcon.colcon_core.package_identification Level 1 _identify(data/predict/rosbag2_2025_07_01-15_34_44) by extensions ['python_setup_py']
[0.224s] colcon.colcon_core.package_identification Level 1 _identify(data/predict/rosbag2_2025_07_01-15_34_44) by extension 'python_setup_py'
[0.224s] colcon.colcon_core.package_identification Level 1 _identify(data/predict/rosbag2_2025_07_01-16_19_05) by extensions ['ignore', 'ignore_ament_install']
[0.224s] colcon.colcon_core.package_identification Level 1 _identify(data/predict/rosbag2_2025_07_01-16_19_05) by extension 'ignore'
[0.224s] colcon.colcon_core.package_identification Level 1 _identify(data/predict/rosbag2_2025_07_01-16_19_05) by extension 'ignore_ament_install'
[0.224s] colcon.colcon_core.package_identification Level 1 _identify(data/predict/rosbag2_2025_07_01-16_19_05) by extensions ['colcon_pkg']
[0.224s] colcon.colcon_core.package_identification Level 1 _identify(data/predict/rosbag2_2025_07_01-16_19_05) by extension 'colcon_pkg'
[0.224s] colcon.colcon_core.package_identification Level 1 _identify(data/predict/rosbag2_2025_07_01-16_19_05) by extensions ['colcon_meta']
[0.224s] colcon.colcon_core.package_identification Level 1 _identify(data/predict/rosbag2_2025_07_01-16_19_05) by extension 'colcon_meta'
[0.224s] colcon.colcon_core.package_identification Level 1 _identify(data/predict/rosbag2_2025_07_01-16_19_05) by extensions ['ros']
[0.224s] colcon.colcon_core.package_identification Level 1 _identify(data/predict/rosbag2_2025_07_01-16_19_05) by extension 'ros'
[0.224s] colcon.colcon_core.package_identification Level 1 _identify(data/predict/rosbag2_2025_07_01-16_19_05) by extensions ['cmake', 'python']
[0.224s] colcon.colcon_core.package_identification Level 1 _identify(data/predict/rosbag2_2025_07_01-16_19_05) by extension 'cmake'
[0.224s] colcon.colcon_core.package_identification Level 1 _identify(data/predict/rosbag2_2025_07_01-16_19_05) by extension 'python'
[0.224s] colcon.colcon_core.package_identification Level 1 _identify(data/predict/rosbag2_2025_07_01-16_19_05) by extensions ['python_setup_py']
[0.224s] colcon.colcon_core.package_identification Level 1 _identify(data/predict/rosbag2_2025_07_01-16_19_05) by extension 'python_setup_py'
[0.225s] colcon.colcon_core.package_identification Level 1 _identify(data/predict/rosbag2_2025_07_01-16_29_32) by extensions ['ignore', 'ignore_ament_install']
[0.225s] colcon.colcon_core.package_identification Level 1 _identify(data/predict/rosbag2_2025_07_01-16_29_32) by extension 'ignore'
[0.225s] colcon.colcon_core.package_identification Level 1 _identify(data/predict/rosbag2_2025_07_01-16_29_32) by extension 'ignore_ament_install'
[0.225s] colcon.colcon_core.package_identification Level 1 _identify(data/predict/rosbag2_2025_07_01-16_29_32) by extensions ['colcon_pkg']
[0.225s] colcon.colcon_core.package_identification Level 1 _identify(data/predict/rosbag2_2025_07_01-16_29_32) by extension 'colcon_pkg'
[0.225s] colcon.colcon_core.package_identification Level 1 _identify(data/predict/rosbag2_2025_07_01-16_29_32) by extensions ['colcon_meta']
[0.225s] colcon.colcon_core.package_identification Level 1 _identify(data/predict/rosbag2_2025_07_01-16_29_32) by extension 'colcon_meta'
[0.225s] colcon.colcon_core.package_identification Level 1 _identify(data/predict/rosbag2_2025_07_01-16_29_32) by extensions ['ros']
[0.225s] colcon.colcon_core.package_identification Level 1 _identify(data/predict/rosbag2_2025_07_01-16_29_32) by extension 'ros'
[0.225s] colcon.colcon_core.package_identification Level 1 _identify(data/predict/rosbag2_2025_07_01-16_29_32) by extensions ['cmake', 'python']
[0.225s] colcon.colcon_core.package_identification Level 1 _identify(data/predict/rosbag2_2025_07_01-16_29_32) by extension 'cmake'
[0.225s] colcon.colcon_core.package_identification Level 1 _identify(data/predict/rosbag2_2025_07_01-16_29_32) by extension 'python'
[0.225s] colcon.colcon_core.package_identification Level 1 _identify(data/predict/rosbag2_2025_07_01-16_29_32) by extensions ['python_setup_py']
[0.225s] colcon.colcon_core.package_identification Level 1 _identify(data/predict/rosbag2_2025_07_01-16_29_32) by extension 'python_setup_py'
[0.225s] colcon.colcon_core.package_identification Level 1 _identify(data/predict/rosbag2_2025_07_01-16_59_30) by extensions ['ignore', 'ignore_ament_install']
[0.225s] colcon.colcon_core.package_identification Level 1 _identify(data/predict/rosbag2_2025_07_01-16_59_30) by extension 'ignore'
[0.225s] colcon.colcon_core.package_identification Level 1 _identify(data/predict/rosbag2_2025_07_01-16_59_30) by extension 'ignore_ament_install'
[0.225s] colcon.colcon_core.package_identification Level 1 _identify(data/predict/rosbag2_2025_07_01-16_59_30) by extensions ['colcon_pkg']
[0.225s] colcon.colcon_core.package_identification Level 1 _identify(data/predict/rosbag2_2025_07_01-16_59_30) by extension 'colcon_pkg'
[0.225s] colcon.colcon_core.package_identification Level 1 _identify(data/predict/rosbag2_2025_07_01-16_59_30) by extensions ['colcon_meta']
[0.225s] colcon.colcon_core.package_identification Level 1 _identify(data/predict/rosbag2_2025_07_01-16_59_30) by extension 'colcon_meta'
[0.225s] colcon.colcon_core.package_identification Level 1 _identify(data/predict/rosbag2_2025_07_01-16_59_30) by extensions ['ros']
[0.225s] colcon.colcon_core.package_identification Level 1 _identify(data/predict/rosbag2_2025_07_01-16_59_30) by extension 'ros'
[0.225s] colcon.colcon_core.package_identification Level 1 _identify(data/predict/rosbag2_2025_07_01-16_59_30) by extensions ['cmake', 'python']
[0.225s] colcon.colcon_core.package_identification Level 1 _identify(data/predict/rosbag2_2025_07_01-16_59_30) by extension 'cmake'
[0.225s] colcon.colcon_core.package_identification Level 1 _identify(data/predict/rosbag2_2025_07_01-16_59_30) by extension 'python'
[0.225s] colcon.colcon_core.package_identification Level 1 _identify(data/predict/rosbag2_2025_07_01-16_59_30) by extensions ['python_setup_py']
[0.225s] colcon.colcon_core.package_identification Level 1 _identify(data/predict/rosbag2_2025_07_01-16_59_30) by extension 'python_setup_py'
[0.225s] colcon.colcon_core.package_identification Level 1 _identify(data/predict/rosbag2_2025_07_01-17_05_11) by extensions ['ignore', 'ignore_ament_install']
[0.225s] colcon.colcon_core.package_identification Level 1 _identify(data/predict/rosbag2_2025_07_01-17_05_11) by extension 'ignore'
[0.225s] colcon.colcon_core.package_identification Level 1 _identify(data/predict/rosbag2_2025_07_01-17_05_11) by extension 'ignore_ament_install'
[0.225s] colcon.colcon_core.package_identification Level 1 _identify(data/predict/rosbag2_2025_07_01-17_05_11) by extensions ['colcon_pkg']
[0.225s] colcon.colcon_core.package_identification Level 1 _identify(data/predict/rosbag2_2025_07_01-17_05_11) by extension 'colcon_pkg'
[0.225s] colcon.colcon_core.package_identification Level 1 _identify(data/predict/rosbag2_2025_07_01-17_05_11) by extensions ['colcon_meta']
[0.225s] colcon.colcon_core.package_identification Level 1 _identify(data/predict/rosbag2_2025_07_01-17_05_11) by extension 'colcon_meta'
[0.225s] colcon.colcon_core.package_identification Level 1 _identify(data/predict/rosbag2_2025_07_01-17_05_11) by extensions ['ros']
[0.226s] colcon.colcon_core.package_identification Level 1 _identify(data/predict/rosbag2_2025_07_01-17_05_11) by extension 'ros'
[0.226s] colcon.colcon_core.package_identification Level 1 _identify(data/predict/rosbag2_2025_07_01-17_05_11) by extensions ['cmake', 'python']
[0.226s] colcon.colcon_core.package_identification Level 1 _identify(data/predict/rosbag2_2025_07_01-17_05_11) by extension 'cmake'
[0.226s] colcon.colcon_core.package_identification Level 1 _identify(data/predict/rosbag2_2025_07_01-17_05_11) by extension 'python'
[0.226s] colcon.colcon_core.package_identification Level 1 _identify(data/predict/rosbag2_2025_07_01-17_05_11) by extensions ['python_setup_py']
[0.226s] colcon.colcon_core.package_identification Level 1 _identify(data/predict/rosbag2_2025_07_01-17_05_11) by extension 'python_setup_py'
[0.226s] colcon.colcon_core.package_identification Level 1 _identify(install) by extensions ['ignore', 'ignore_ament_install']
[0.226s] colcon.colcon_core.package_identification Level 1 _identify(install) by extension 'ignore'
[0.226s] colcon.colcon_core.package_identification Level 1 _identify(install) ignored
[0.226s] colcon.colcon_core.package_identification Level 1 _identify(log) by extensions ['ignore', 'ignore_ament_install']
[0.226s] colcon.colcon_core.package_identification Level 1 _identify(log) by extension 'ignore'
[0.226s] colcon.colcon_core.package_identification Level 1 _identify(log) ignored
[0.226s] colcon.colcon_core.package_identification Level 1 _identify(logs) by extensions ['ignore', 'ignore_ament_install']
[0.226s] colcon.colcon_core.package_identification Level 1 _identify(logs) by extension 'ignore'
[0.226s] colcon.colcon_core.package_identification Level 1 _identify(logs) by extension 'ignore_ament_install'
[0.226s] colcon.colcon_core.package_identification Level 1 _identify(logs) by extensions ['colcon_pkg']
[0.226s] colcon.colcon_core.package_identification Level 1 _identify(logs) by extension 'colcon_pkg'
[0.226s] colcon.colcon_core.package_identification Level 1 _identify(logs) by extensions ['colcon_meta']
[0.226s] colcon.colcon_core.package_identification Level 1 _identify(logs) by extension 'colcon_meta'
[0.226s] colcon.colcon_core.package_identification Level 1 _identify(logs) by extensions ['ros']
[0.226s] colcon.colcon_core.package_identification Level 1 _identify(logs) by extension 'ros'
[0.226s] colcon.colcon_core.package_identification Level 1 _identify(logs) by extensions ['cmake', 'python']
[0.226s] colcon.colcon_core.package_identification Level 1 _identify(logs) by extension 'cmake'
[0.226s] colcon.colcon_core.package_identification Level 1 _identify(logs) by extension 'python'
[0.226s] colcon.colcon_core.package_identification Level 1 _identify(logs) by extensions ['python_setup_py']
[0.226s] colcon.colcon_core.package_identification Level 1 _identify(logs) by extension 'python_setup_py'
[0.226s] colcon.colcon_core.package_identification Level 1 _identify(src) by extensions ['ignore', 'ignore_ament_install']
[0.227s] colcon.colcon_core.package_identification Level 1 _identify(src) by extension 'ignore'
[0.227s] colcon.colcon_core.package_identification Level 1 _identify(src) by extension 'ignore_ament_install'
[0.227s] colcon.colcon_core.package_identification Level 1 _identify(src) by extensions ['colcon_pkg']
[0.227s] colcon.colcon_core.package_identification Level 1 _identify(src) by extension 'colcon_pkg'
[0.227s] colcon.colcon_core.package_identification Level 1 _identify(src) by extensions ['colcon_meta']
[0.227s] colcon.colcon_core.package_identification Level 1 _identify(src) by extension 'colcon_meta'
[0.227s] colcon.colcon_core.package_identification Level 1 _identify(src) by extensions ['ros']
[0.227s] colcon.colcon_core.package_identification Level 1 _identify(src) by extension 'ros'
[0.227s] colcon.colcon_core.package_identification Level 1 _identify(src) by extensions ['cmake', 'python']
[0.227s] colcon.colcon_core.package_identification Level 1 _identify(src) by extension 'cmake'
[0.227s] colcon.colcon_core.package_identification Level 1 _identify(src) by extension 'python'
[0.227s] colcon.colcon_core.package_identification Level 1 _identify(src) by extensions ['python_setup_py']
[0.227s] colcon.colcon_core.package_identification Level 1 _identify(src) by extension 'python_setup_py'
[0.227s] colcon.colcon_core.package_identification Level 1 _identify(src/Messages) by extensions ['ignore', 'ignore_ament_install']
[0.227s] colcon.colcon_core.package_identification Level 1 _identify(src/Messages) by extension 'ignore'
[0.227s] colcon.colcon_core.package_identification Level 1 _identify(src/Messages) by extension 'ignore_ament_install'
[0.227s] colcon.colcon_core.package_identification Level 1 _identify(src/Messages) by extensions ['colcon_pkg']
[0.227s] colcon.colcon_core.package_identification Level 1 _identify(src/Messages) by extension 'colcon_pkg'
[0.227s] colcon.colcon_core.package_identification Level 1 _identify(src/Messages) by extensions ['colcon_meta']
[0.227s] colcon.colcon_core.package_identification Level 1 _identify(src/Messages) by extension 'colcon_meta'
[0.227s] colcon.colcon_core.package_identification Level 1 _identify(src/Messages) by extensions ['ros']
[0.227s] colcon.colcon_core.package_identification Level 1 _identify(src/Messages) by extension 'ros'
[0.229s] colcon.colcon_core.package_identification DEBUG Package 'src/Messages' with type 'ros.ament_cmake' and name 'autoaim_msgs'
[0.229s] colcon.colcon_core.package_identification Level 1 _identify(src/config) by extensions ['ignore', 'ignore_ament_install']
[0.229s] colcon.colcon_core.package_identification Level 1 _identify(src/config) by extension 'ignore'
[0.229s] colcon.colcon_core.package_identification Level 1 _identify(src/config) by extension 'ignore_ament_install'
[0.229s] colcon.colcon_core.package_identification Level 1 _identify(src/config) by extensions ['colcon_pkg']
[0.229s] colcon.colcon_core.package_identification Level 1 _identify(src/config) by extension 'colcon_pkg'
[0.229s] colcon.colcon_core.package_identification Level 1 _identify(src/config) by extensions ['colcon_meta']
[0.229s] colcon.colcon_core.package_identification Level 1 _identify(src/config) by extension 'colcon_meta'
[0.229s] colcon.colcon_core.package_identification Level 1 _identify(src/config) by extensions ['ros']
[0.229s] colcon.colcon_core.package_identification Level 1 _identify(src/config) by extension 'ros'
[0.229s] colcon.colcon_core.package_identification Level 1 _identify(src/config) by extensions ['cmake', 'python']
[0.229s] colcon.colcon_core.package_identification Level 1 _identify(src/config) by extension 'cmake'
[0.229s] colcon.colcon_core.package_identification Level 1 _identify(src/config) by extension 'python'
[0.229s] colcon.colcon_core.package_identification Level 1 _identify(src/config) by extensions ['python_setup_py']
[0.229s] colcon.colcon_core.package_identification Level 1 _identify(src/config) by extension 'python_setup_py'
[0.229s] colcon.colcon_core.package_identification Level 1 _identify(src/core) by extensions ['ignore', 'ignore_ament_install']
[0.229s] colcon.colcon_core.package_identification Level 1 _identify(src/core) by extension 'ignore'
[0.229s] colcon.colcon_core.package_identification Level 1 _identify(src/core) by extension 'ignore_ament_install'
[0.229s] colcon.colcon_core.package_identification Level 1 _identify(src/core) by extensions ['colcon_pkg']
[0.229s] colcon.colcon_core.package_identification Level 1 _identify(src/core) by extension 'colcon_pkg'
[0.229s] colcon.colcon_core.package_identification Level 1 _identify(src/core) by extensions ['colcon_meta']
[0.230s] colcon.colcon_core.package_identification Level 1 _identify(src/core) by extension 'colcon_meta'
[0.230s] colcon.colcon_core.package_identification Level 1 _identify(src/core) by extensions ['ros']
[0.230s] colcon.colcon_core.package_identification Level 1 _identify(src/core) by extension 'ros'
[0.230s] colcon.colcon_core.package_identification Level 1 _identify(src/core) by extensions ['cmake', 'python']
[0.230s] colcon.colcon_core.package_identification Level 1 _identify(src/core) by extension 'cmake'
[0.230s] colcon.colcon_core.package_identification Level 1 _identify(src/core) by extension 'python'
[0.230s] colcon.colcon_core.package_identification Level 1 _identify(src/core) by extensions ['python_setup_py']
[0.230s] colcon.colcon_core.package_identification Level 1 _identify(src/core) by extension 'python_setup_py'
[0.230s] colcon.colcon_core.package_identification Level 1 _identify(src/core/aimer) by extensions ['ignore', 'ignore_ament_install']
[0.230s] colcon.colcon_core.package_identification Level 1 _identify(src/core/aimer) by extension 'ignore'
[0.230s] colcon.colcon_core.package_identification Level 1 _identify(src/core/aimer) by extension 'ignore_ament_install'
[0.230s] colcon.colcon_core.package_identification Level 1 _identify(src/core/aimer) by extensions ['colcon_pkg']
[0.230s] colcon.colcon_core.package_identification Level 1 _identify(src/core/aimer) by extension 'colcon_pkg'
[0.230s] colcon.colcon_core.package_identification Level 1 _identify(src/core/aimer) by extensions ['colcon_meta']
[0.230s] colcon.colcon_core.package_identification Level 1 _identify(src/core/aimer) by extension 'colcon_meta'
[0.230s] colcon.colcon_core.package_identification Level 1 _identify(src/core/aimer) by extensions ['ros']
[0.230s] colcon.colcon_core.package_identification Level 1 _identify(src/core/aimer) by extension 'ros'
[0.231s] colcon.colcon_core.package_identification DEBUG Package 'src/core/aimer' with type 'ros.ament_cmake' and name 'aimer'
[0.231s] colcon.colcon_core.package_identification Level 1 _identify(src/core/algorithms) by extensions ['ignore', 'ignore_ament_install']
[0.231s] colcon.colcon_core.package_identification Level 1 _identify(src/core/algorithms) by extension 'ignore'
[0.231s] colcon.colcon_core.package_identification Level 1 _identify(src/core/algorithms) by extension 'ignore_ament_install'
[0.231s] colcon.colcon_core.package_identification Level 1 _identify(src/core/algorithms) by extensions ['colcon_pkg']
[0.231s] colcon.colcon_core.package_identification Level 1 _identify(src/core/algorithms) by extension 'colcon_pkg'
[0.231s] colcon.colcon_core.package_identification Level 1 _identify(src/core/algorithms) by extensions ['colcon_meta']
[0.231s] colcon.colcon_core.package_identification Level 1 _identify(src/core/algorithms) by extension 'colcon_meta'
[0.231s] colcon.colcon_core.package_identification Level 1 _identify(src/core/algorithms) by extensions ['ros']
[0.231s] colcon.colcon_core.package_identification Level 1 _identify(src/core/algorithms) by extension 'ros'
[0.231s] colcon.colcon_core.package_identification DEBUG Package 'src/core/algorithms' with type 'ros.ament_cmake' and name 'filter_lib'
[0.231s] colcon.colcon_core.package_identification Level 1 _identify(src/core/detected) by extensions ['ignore', 'ignore_ament_install']
[0.231s] colcon.colcon_core.package_identification Level 1 _identify(src/core/detected) by extension 'ignore'
[0.231s] colcon.colcon_core.package_identification Level 1 _identify(src/core/detected) by extension 'ignore_ament_install'
[0.231s] colcon.colcon_core.package_identification Level 1 _identify(src/core/detected) by extensions ['colcon_pkg']
[0.231s] colcon.colcon_core.package_identification Level 1 _identify(src/core/detected) by extension 'colcon_pkg'
[0.232s] colcon.colcon_core.package_identification Level 1 _identify(src/core/detected) by extensions ['colcon_meta']
[0.232s] colcon.colcon_core.package_identification Level 1 _identify(src/core/detected) by extension 'colcon_meta'
[0.232s] colcon.colcon_core.package_identification Level 1 _identify(src/core/detected) by extensions ['ros']
[0.232s] colcon.colcon_core.package_identification Level 1 _identify(src/core/detected) by extension 'ros'
[0.232s] colcon.colcon_core.package_identification DEBUG Package 'src/core/detected' with type 'ros.ament_cmake' and name 'detected'
[0.232s] colcon.colcon_core.package_identification Level 1 _identify(src/core/planner) by extensions ['ignore', 'ignore_ament_install']
[0.232s] colcon.colcon_core.package_identification Level 1 _identify(src/core/planner) by extension 'ignore'
[0.232s] colcon.colcon_core.package_identification Level 1 _identify(src/core/planner) by extension 'ignore_ament_install'
[0.232s] colcon.colcon_core.package_identification Level 1 _identify(src/core/planner) by extensions ['colcon_pkg']
[0.232s] colcon.colcon_core.package_identification Level 1 _identify(src/core/planner) by extension 'colcon_pkg'
[0.232s] colcon.colcon_core.package_identification Level 1 _identify(src/core/planner) by extensions ['colcon_meta']
[0.232s] colcon.colcon_core.package_identification Level 1 _identify(src/core/planner) by extension 'colcon_meta'
[0.232s] colcon.colcon_core.package_identification Level 1 _identify(src/core/planner) by extensions ['ros']
[0.232s] colcon.colcon_core.package_identification Level 1 _identify(src/core/planner) by extension 'ros'
[0.233s] colcon.colcon_core.package_identification DEBUG Package 'src/core/planner' with type 'ros.ament_cmake' and name 'planner'
[0.233s] colcon.colcon_core.package_identification Level 1 _identify(src/core/pointer) by extensions ['ignore', 'ignore_ament_install']
[0.233s] colcon.colcon_core.package_identification Level 1 _identify(src/core/pointer) by extension 'ignore'
[0.233s] colcon.colcon_core.package_identification Level 1 _identify(src/core/pointer) by extension 'ignore_ament_install'
[0.233s] colcon.colcon_core.package_identification Level 1 _identify(src/core/pointer) by extensions ['colcon_pkg']
[0.233s] colcon.colcon_core.package_identification Level 1 _identify(src/core/pointer) by extension 'colcon_pkg'
[0.233s] colcon.colcon_core.package_identification Level 1 _identify(src/core/pointer) by extensions ['colcon_meta']
[0.233s] colcon.colcon_core.package_identification Level 1 _identify(src/core/pointer) by extension 'colcon_meta'
[0.233s] colcon.colcon_core.package_identification Level 1 _identify(src/core/pointer) by extensions ['ros']
[0.233s] colcon.colcon_core.package_identification Level 1 _identify(src/core/pointer) by extension 'ros'
[0.233s] colcon.colcon_core.package_identification DEBUG Package 'src/core/pointer' with type 'ros.ament_cmake' and name 'armor_pointer'
[0.233s] colcon.colcon_core.package_identification Level 1 _identify(src/core/solver) by extensions ['ignore', 'ignore_ament_install']
[0.233s] colcon.colcon_core.package_identification Level 1 _identify(src/core/solver) by extension 'ignore'
[0.233s] colcon.colcon_core.package_identification Level 1 _identify(src/core/solver) by extension 'ignore_ament_install'
[0.234s] colcon.colcon_core.package_identification Level 1 _identify(src/core/solver) by extensions ['colcon_pkg']
[0.234s] colcon.colcon_core.package_identification Level 1 _identify(src/core/solver) by extension 'colcon_pkg'
[0.234s] colcon.colcon_core.package_identification Level 1 _identify(src/core/solver) by extensions ['colcon_meta']
[0.234s] colcon.colcon_core.package_identification Level 1 _identify(src/core/solver) by extension 'colcon_meta'
[0.234s] colcon.colcon_core.package_identification Level 1 _identify(src/core/solver) by extensions ['ros']
[0.234s] colcon.colcon_core.package_identification Level 1 _identify(src/core/solver) by extension 'ros'
[0.235s] colcon.colcon_core.package_identification DEBUG Package 'src/core/solver' with type 'ros.ament_cmake' and name 'solver'
[0.235s] colcon.colcon_core.package_identification Level 1 _identify(src/core/target) by extensions ['ignore', 'ignore_ament_install']
[0.235s] colcon.colcon_core.package_identification Level 1 _identify(src/core/target) by extension 'ignore'
[0.235s] colcon.colcon_core.package_identification Level 1 _identify(src/core/target) by extension 'ignore_ament_install'
[0.235s] colcon.colcon_core.package_identification Level 1 _identify(src/core/target) by extensions ['colcon_pkg']
[0.235s] colcon.colcon_core.package_identification Level 1 _identify(src/core/target) by extension 'colcon_pkg'
[0.235s] colcon.colcon_core.package_identification Level 1 _identify(src/core/target) by extensions ['colcon_meta']
[0.235s] colcon.colcon_core.package_identification Level 1 _identify(src/core/target) by extension 'colcon_meta'
[0.235s] colcon.colcon_core.package_identification Level 1 _identify(src/core/target) by extensions ['ros']
[0.235s] colcon.colcon_core.package_identification Level 1 _identify(src/core/target) by extension 'ros'
[0.235s] colcon.colcon_core.package_identification Level 1 _identify(src/core/target) by extensions ['cmake', 'python']
[0.235s] colcon.colcon_core.package_identification Level 1 _identify(src/core/target) by extension 'cmake'
[0.235s] colcon.colcon_core.package_identification Level 1 _identify(src/core/target) by extension 'python'
[0.235s] colcon.colcon_core.package_identification Level 1 _identify(src/core/target) by extensions ['python_setup_py']
[0.235s] colcon.colcon_core.package_identification Level 1 _identify(src/core/target) by extension 'python_setup_py'
[0.235s] colcon.colcon_core.package_identification Level 1 _identify(src/core/target/motion_model) by extensions ['ignore', 'ignore_ament_install']
[0.235s] colcon.colcon_core.package_identification Level 1 _identify(src/core/target/motion_model) by extension 'ignore'
[0.235s] colcon.colcon_core.package_identification Level 1 _identify(src/core/target/motion_model) by extension 'ignore_ament_install'
[0.235s] colcon.colcon_core.package_identification Level 1 _identify(src/core/target/motion_model) by extensions ['colcon_pkg']
[0.235s] colcon.colcon_core.package_identification Level 1 _identify(src/core/target/motion_model) by extension 'colcon_pkg'
[0.235s] colcon.colcon_core.package_identification Level 1 _identify(src/core/target/motion_model) by extensions ['colcon_meta']
[0.235s] colcon.colcon_core.package_identification Level 1 _identify(src/core/target/motion_model) by extension 'colcon_meta'
[0.235s] colcon.colcon_core.package_identification Level 1 _identify(src/core/target/motion_model) by extensions ['ros']
[0.235s] colcon.colcon_core.package_identification Level 1 _identify(src/core/target/motion_model) by extension 'ros'
[0.236s] colcon.colcon_core.package_identification DEBUG Package 'src/core/target/motion_model' with type 'ros.ament_cmake' and name 'motion_model'
[0.236s] colcon.colcon_core.package_identification Level 1 _identify(src/core/target/predictor) by extensions ['ignore', 'ignore_ament_install']
[0.236s] colcon.colcon_core.package_identification Level 1 _identify(src/core/target/predictor) by extension 'ignore'
[0.236s] colcon.colcon_core.package_identification Level 1 _identify(src/core/target/predictor) by extension 'ignore_ament_install'
[0.236s] colcon.colcon_core.package_identification Level 1 _identify(src/core/target/predictor) by extensions ['colcon_pkg']
[0.236s] colcon.colcon_core.package_identification Level 1 _identify(src/core/target/predictor) by extension 'colcon_pkg'
[0.236s] colcon.colcon_core.package_identification Level 1 _identify(src/core/target/predictor) by extensions ['colcon_meta']
[0.236s] colcon.colcon_core.package_identification Level 1 _identify(src/core/target/predictor) by extension 'colcon_meta'
[0.236s] colcon.colcon_core.package_identification Level 1 _identify(src/core/target/predictor) by extensions ['ros']
[0.236s] colcon.colcon_core.package_identification Level 1 _identify(src/core/target/predictor) by extension 'ros'
[0.237s] colcon.colcon_core.package_identification DEBUG Package 'src/core/target/predictor' with type 'ros.ament_cmake' and name 'predictor'
[0.237s] colcon.colcon_core.package_identification Level 1 _identify(src/core/tracker) by extensions ['ignore', 'ignore_ament_install']
[0.237s] colcon.colcon_core.package_identification Level 1 _identify(src/core/tracker) by extension 'ignore'
[0.237s] colcon.colcon_core.package_identification Level 1 _identify(src/core/tracker) by extension 'ignore_ament_install'
[0.237s] colcon.colcon_core.package_identification Level 1 _identify(src/core/tracker) by extensions ['colcon_pkg']
[0.237s] colcon.colcon_core.package_identification Level 1 _identify(src/core/tracker) by extension 'colcon_pkg'
[0.237s] colcon.colcon_core.package_identification Level 1 _identify(src/core/tracker) by extensions ['colcon_meta']
[0.237s] colcon.colcon_core.package_identification Level 1 _identify(src/core/tracker) by extension 'colcon_meta'
[0.237s] colcon.colcon_core.package_identification Level 1 _identify(src/core/tracker) by extensions ['ros']
[0.237s] colcon.colcon_core.package_identification Level 1 _identify(src/core/tracker) by extension 'ros'
[0.238s] colcon.colcon_core.package_identification DEBUG Package 'src/core/tracker' with type 'ros.ament_cmake' and name 'tracker'
[0.238s] colcon.colcon_core.package_identification Level 1 _identify(src/core/utils) by extensions ['ignore', 'ignore_ament_install']
[0.238s] colcon.colcon_core.package_identification Level 1 _identify(src/core/utils) by extension 'ignore'
[0.238s] colcon.colcon_core.package_identification Level 1 _identify(src/core/utils) by extension 'ignore_ament_install'
[0.238s] colcon.colcon_core.package_identification Level 1 _identify(src/core/utils) by extensions ['colcon_pkg']
[0.238s] colcon.colcon_core.package_identification Level 1 _identify(src/core/utils) by extension 'colcon_pkg'
[0.238s] colcon.colcon_core.package_identification Level 1 _identify(src/core/utils) by extensions ['colcon_meta']
[0.238s] colcon.colcon_core.package_identification Level 1 _identify(src/core/utils) by extension 'colcon_meta'
[0.238s] colcon.colcon_core.package_identification Level 1 _identify(src/core/utils) by extensions ['ros']
[0.238s] colcon.colcon_core.package_identification Level 1 _identify(src/core/utils) by extension 'ros'
[0.239s] colcon.colcon_core.package_identification DEBUG Package 'src/core/utils' with type 'ros.ament_cmake' and name 'utils'
[0.239s] colcon.colcon_core.package_identification Level 1 _identify(src/io) by extensions ['ignore', 'ignore_ament_install']
[0.239s] colcon.colcon_core.package_identification Level 1 _identify(src/io) by extension 'ignore'
[0.239s] colcon.colcon_core.package_identification Level 1 _identify(src/io) by extension 'ignore_ament_install'
[0.239s] colcon.colcon_core.package_identification Level 1 _identify(src/io) by extensions ['colcon_pkg']
[0.239s] colcon.colcon_core.package_identification Level 1 _identify(src/io) by extension 'colcon_pkg'
[0.239s] colcon.colcon_core.package_identification Level 1 _identify(src/io) by extensions ['colcon_meta']
[0.239s] colcon.colcon_core.package_identification Level 1 _identify(src/io) by extension 'colcon_meta'
[0.239s] colcon.colcon_core.package_identification Level 1 _identify(src/io) by extensions ['ros']
[0.239s] colcon.colcon_core.package_identification Level 1 _identify(src/io) by extension 'ros'
[0.239s] colcon.colcon_core.package_identification Level 1 _identify(src/io) by extensions ['cmake', 'python']
[0.239s] colcon.colcon_core.package_identification Level 1 _identify(src/io) by extension 'cmake'
[0.239s] colcon.colcon_core.package_identification Level 1 _identify(src/io) by extension 'python'
[0.239s] colcon.colcon_core.package_identification Level 1 _identify(src/io) by extensions ['python_setup_py']
[0.239s] colcon.colcon_core.package_identification Level 1 _identify(src/io) by extension 'python_setup_py'
[0.239s] colcon.colcon_core.package_identification Level 1 _identify(src/io/cboard) by extensions ['ignore', 'ignore_ament_install']
[0.240s] colcon.colcon_core.package_identification Level 1 _identify(src/io/cboard) by extension 'ignore'
[0.240s] colcon.colcon_core.package_identification Level 1 _identify(src/io/cboard) by extension 'ignore_ament_install'
[0.240s] colcon.colcon_core.package_identification Level 1 _identify(src/io/cboard) by extensions ['colcon_pkg']
[0.240s] colcon.colcon_core.package_identification Level 1 _identify(src/io/cboard) by extension 'colcon_pkg'
[0.240s] colcon.colcon_core.package_identification Level 1 _identify(src/io/cboard) by extensions ['colcon_meta']
[0.240s] colcon.colcon_core.package_identification Level 1 _identify(src/io/cboard) by extension 'colcon_meta'
[0.240s] colcon.colcon_core.package_identification Level 1 _identify(src/io/cboard) by extensions ['ros']
[0.240s] colcon.colcon_core.package_identification Level 1 _identify(src/io/cboard) by extension 'ros'
[0.240s] colcon.colcon_core.package_identification DEBUG Package 'src/io/cboard' with type 'ros.ament_cmake' and name 'cboard'
[0.240s] colcon.colcon_core.package_identification Level 1 _identify(src/io/device) by extensions ['ignore', 'ignore_ament_install']
[0.240s] colcon.colcon_core.package_identification Level 1 _identify(src/io/device) by extension 'ignore'
[0.240s] colcon.colcon_core.package_identification Level 1 _identify(src/io/device) by extension 'ignore_ament_install'
[0.240s] colcon.colcon_core.package_identification Level 1 _identify(src/io/device) by extensions ['colcon_pkg']
[0.240s] colcon.colcon_core.package_identification Level 1 _identify(src/io/device) by extension 'colcon_pkg'
[0.240s] colcon.colcon_core.package_identification Level 1 _identify(src/io/device) by extensions ['colcon_meta']
[0.240s] colcon.colcon_core.package_identification Level 1 _identify(src/io/device) by extension 'colcon_meta'
[0.240s] colcon.colcon_core.package_identification Level 1 _identify(src/io/device) by extensions ['ros']
[0.240s] colcon.colcon_core.package_identification Level 1 _identify(src/io/device) by extension 'ros'
[0.240s] colcon.colcon_core.package_identification Level 1 _identify(src/io/device) by extensions ['cmake', 'python']
[0.240s] colcon.colcon_core.package_identification Level 1 _identify(src/io/device) by extension 'cmake'
[0.240s] colcon.colcon_core.package_identification Level 1 _identify(src/io/device) by extension 'python'
[0.241s] colcon.colcon_core.package_identification Level 1 _identify(src/io/device) by extensions ['python_setup_py']
[0.241s] colcon.colcon_core.package_identification Level 1 _identify(src/io/device) by extension 'python_setup_py'
[0.241s] colcon.colcon_core.package_identification Level 1 _identify(src/io/device/camera) by extensions ['ignore', 'ignore_ament_install']
[0.241s] colcon.colcon_core.package_identification Level 1 _identify(src/io/device/camera) by extension 'ignore'
[0.241s] colcon.colcon_core.package_identification Level 1 _identify(src/io/device/camera) by extension 'ignore_ament_install'
[0.241s] colcon.colcon_core.package_identification Level 1 _identify(src/io/device/camera) by extensions ['colcon_pkg']
[0.241s] colcon.colcon_core.package_identification Level 1 _identify(src/io/device/camera) by extension 'colcon_pkg'
[0.241s] colcon.colcon_core.package_identification Level 1 _identify(src/io/device/camera) by extensions ['colcon_meta']
[0.241s] colcon.colcon_core.package_identification Level 1 _identify(src/io/device/camera) by extension 'colcon_meta'
[0.241s] colcon.colcon_core.package_identification Level 1 _identify(src/io/device/camera) by extensions ['ros']
[0.241s] colcon.colcon_core.package_identification Level 1 _identify(src/io/device/camera) by extension 'ros'
[0.242s] colcon.colcon_core.package_identification DEBUG Package 'src/io/device/camera' with type 'ros.ament_cmake' and name 'hikvision'
[0.242s] colcon.colcon_core.package_identification Level 1 _identify(src/io/device/imu) by extensions ['ignore', 'ignore_ament_install']
[0.242s] colcon.colcon_core.package_identification Level 1 _identify(src/io/device/imu) by extension 'ignore'
[0.242s] colcon.colcon_core.package_identification Level 1 _identify(src/io/device/imu) by extension 'ignore_ament_install'
[0.242s] colcon.colcon_core.package_identification Level 1 _identify(src/io/device/imu) by extensions ['colcon_pkg']
[0.242s] colcon.colcon_core.package_identification Level 1 _identify(src/io/device/imu) by extension 'colcon_pkg'
[0.242s] colcon.colcon_core.package_identification Level 1 _identify(src/io/device/imu) by extensions ['colcon_meta']
[0.242s] colcon.colcon_core.package_identification Level 1 _identify(src/io/device/imu) by extension 'colcon_meta'
[0.242s] colcon.colcon_core.package_identification Level 1 _identify(src/io/device/imu) by extensions ['ros']
[0.242s] colcon.colcon_core.package_identification Level 1 _identify(src/io/device/imu) by extension 'ros'
[0.242s] colcon.colcon_core.package_identification DEBUG Package 'src/io/device/imu' with type 'ros.ament_cmake' and name 'dm_imu'
[0.242s] colcon.colcon_core.package_identification Level 1 _identify(src/io/gimbal) by extensions ['ignore', 'ignore_ament_install']
[0.242s] colcon.colcon_core.package_identification Level 1 _identify(src/io/gimbal) by extension 'ignore'
[0.242s] colcon.colcon_core.package_identification Level 1 _identify(src/io/gimbal) by extension 'ignore_ament_install'
[0.242s] colcon.colcon_core.package_identification Level 1 _identify(src/io/gimbal) by extensions ['colcon_pkg']
[0.242s] colcon.colcon_core.package_identification Level 1 _identify(src/io/gimbal) by extension 'colcon_pkg'
[0.242s] colcon.colcon_core.package_identification Level 1 _identify(src/io/gimbal) by extensions ['colcon_meta']
[0.242s] colcon.colcon_core.package_identification Level 1 _identify(src/io/gimbal) by extension 'colcon_meta'
[0.242s] colcon.colcon_core.package_identification Level 1 _identify(src/io/gimbal) by extensions ['ros']
[0.243s] colcon.colcon_core.package_identification Level 1 _identify(src/io/gimbal) by extension 'ros'
[0.243s] colcon.colcon_core.package_identification DEBUG Package 'src/io/gimbal' with type 'ros.ament_cmake' and name 'gimbal'
[0.243s] colcon.colcon_core.package_identification Level 1 _identify(src/io/serial) by extensions ['ignore', 'ignore_ament_install']
[0.243s] colcon.colcon_core.package_identification Level 1 _identify(src/io/serial) by extension 'ignore'
[0.243s] colcon.colcon_core.package_identification Level 1 _identify(src/io/serial) by extension 'ignore_ament_install'
[0.243s] colcon.colcon_core.package_identification Level 1 _identify(src/io/serial) by extensions ['colcon_pkg']
[0.243s] colcon.colcon_core.package_identification Level 1 _identify(src/io/serial) by extension 'colcon_pkg'
[0.243s] colcon.colcon_core.package_identification Level 1 _identify(src/io/serial) by extensions ['colcon_meta']
[0.243s] colcon.colcon_core.package_identification Level 1 _identify(src/io/serial) by extension 'colcon_meta'
[0.243s] colcon.colcon_core.package_identification Level 1 _identify(src/io/serial) by extensions ['ros']
[0.243s] colcon.colcon_core.package_identification Level 1 _identify(src/io/serial) by extension 'ros'
[0.244s] colcon.colcon_core.package_identification DEBUG Package 'src/io/serial' with type 'ros.ament_cmake' and name 'serial'
[0.244s] colcon.colcon_core.package_identification Level 1 _identify(src/launch) by extensions ['ignore', 'ignore_ament_install']
[0.244s] colcon.colcon_core.package_identification Level 1 _identify(src/launch) by extension 'ignore'
[0.244s] colcon.colcon_core.package_identification Level 1 _identify(src/launch) by extension 'ignore_ament_install'
[0.244s] colcon.colcon_core.package_identification Level 1 _identify(src/launch) by extensions ['colcon_pkg']
[0.244s] colcon.colcon_core.package_identification Level 1 _identify(src/launch) by extension 'colcon_pkg'
[0.244s] colcon.colcon_core.package_identification Level 1 _identify(src/launch) by extensions ['colcon_meta']
[0.244s] colcon.colcon_core.package_identification Level 1 _identify(src/launch) by extension 'colcon_meta'
[0.244s] colcon.colcon_core.package_identification Level 1 _identify(src/launch) by extensions ['ros']
[0.244s] colcon.colcon_core.package_identification Level 1 _identify(src/launch) by extension 'ros'
[0.244s] colcon.colcon_core.package_identification DEBUG Package 'src/launch' with type 'ros.ament_cmake' and name 'launch_node'
[0.244s] colcon.colcon_core.package_identification Level 1 _identify(src/model) by extensions ['ignore', 'ignore_ament_install']
[0.244s] colcon.colcon_core.package_identification Level 1 _identify(src/model) by extension 'ignore'
[0.244s] colcon.colcon_core.package_identification Level 1 _identify(src/model) by extension 'ignore_ament_install'
[0.244s] colcon.colcon_core.package_identification Level 1 _identify(src/model) by extensions ['colcon_pkg']
[0.245s] colcon.colcon_core.package_identification Level 1 _identify(src/model) by extension 'colcon_pkg'
[0.245s] colcon.colcon_core.package_identification Level 1 _identify(src/model) by extensions ['colcon_meta']
[0.245s] colcon.colcon_core.package_identification Level 1 _identify(src/model) by extension 'colcon_meta'
[0.245s] colcon.colcon_core.package_identification Level 1 _identify(src/model) by extensions ['ros']
[0.245s] colcon.colcon_core.package_identification Level 1 _identify(src/model) by extension 'ros'
[0.245s] colcon.colcon_core.package_identification Level 1 _identify(src/model) by extensions ['cmake', 'python']
[0.245s] colcon.colcon_core.package_identification Level 1 _identify(src/model) by extension 'cmake'
[0.245s] colcon.colcon_core.package_identification Level 1 _identify(src/model) by extension 'python'
[0.245s] colcon.colcon_core.package_identification Level 1 _identify(src/model) by extensions ['python_setup_py']
[0.245s] colcon.colcon_core.package_identification Level 1 _identify(src/model) by extension 'python_setup_py'
[0.245s] colcon.colcon_core.package_identification Level 1 _identify(src/node) by extensions ['ignore', 'ignore_ament_install']
[0.245s] colcon.colcon_core.package_identification Level 1 _identify(src/node) by extension 'ignore'
[0.245s] colcon.colcon_core.package_identification Level 1 _identify(src/node) by extension 'ignore_ament_install'
[0.245s] colcon.colcon_core.package_identification Level 1 _identify(src/node) by extensions ['colcon_pkg']
[0.245s] colcon.colcon_core.package_identification Level 1 _identify(src/node) by extension 'colcon_pkg'
[0.245s] colcon.colcon_core.package_identification Level 1 _identify(src/node) by extensions ['colcon_meta']
[0.245s] colcon.colcon_core.package_identification Level 1 _identify(src/node) by extension 'colcon_meta'
[0.245s] colcon.colcon_core.package_identification Level 1 _identify(src/node) by extensions ['ros']
[0.245s] colcon.colcon_core.package_identification Level 1 _identify(src/node) by extension 'ros'
[0.246s] colcon.colcon_core.package_identification DEBUG Package 'src/node' with type 'ros.ament_cmake' and name 'pipeline'
[0.246s] colcon.colcon_core.package_discovery Level 1 discover_packages(recursive) using defaults
[0.246s] colcon.colcon_core.package_discovery Level 1 discover_packages(ignore) discover
[0.246s] colcon.colcon_core.package_discovery Level 1 discover_packages(ignore) using defaults
[0.246s] colcon.colcon_core.package_discovery Level 1 discover_packages(path) discover
[0.246s] colcon.colcon_core.package_discovery Level 1 discover_packages(path) using defaults
[0.246s] colcon.colcon_core.package_selection WARNING ignoring unknown package 'node' in --packages-select
[0.261s] colcon.colcon_core.package_selection INFO Skipping not selected package 'armor_pointer' in 'src/core/pointer'
[0.261s] colcon.colcon_core.package_selection INFO Skipping not selected package 'autoaim_msgs' in 'src/Messages'
[0.261s] colcon.colcon_core.package_selection INFO Skipping not selected package 'filter_lib' in 'src/core/algorithms'
[0.261s] colcon.colcon_core.package_selection INFO Skipping not selected package 'launch_node' in 'src/launch'
[0.261s] colcon.colcon_core.package_selection INFO Skipping not selected package 'utils' in 'src/core/utils'
[0.261s] colcon.colcon_core.package_selection INFO Skipping not selected package 'cboard' in 'src/io/cboard'
[0.261s] colcon.colcon_core.package_selection INFO Skipping not selected package 'detected' in 'src/core/detected'
[0.261s] colcon.colcon_core.package_selection INFO Skipping not selected package 'hikvision' in 'src/io/device/camera'
[0.261s] colcon.colcon_core.package_selection INFO Skipping not selected package 'motion_model' in 'src/core/target/motion_model'
[0.261s] colcon.colcon_core.package_selection INFO Skipping not selected package 'serial' in 'src/io/serial'
[0.261s] colcon.colcon_core.package_selection INFO Skipping not selected package 'dm_imu' in 'src/io/device/imu'
[0.261s] colcon.colcon_core.package_selection INFO Skipping not selected package 'gimbal' in 'src/io/gimbal'
[0.261s] colcon.colcon_core.package_selection INFO Skipping not selected package 'solver' in 'src/core/solver'
[0.261s] colcon.colcon_core.package_selection INFO Skipping not selected package 'predictor' in 'src/core/target/predictor'
[0.261s] colcon.colcon_core.package_selection INFO Skipping not selected package 'aimer' in 'src/core/aimer'
[0.261s] colcon.colcon_core.package_selection INFO Skipping not selected package 'planner' in 'src/core/planner'
[0.261s] colcon.colcon_core.package_selection INFO Skipping not selected package 'tracker' in 'src/core/tracker'
[0.261s] colcon.colcon_core.package_selection INFO Skipping not selected package 'pipeline' in 'src/node'
[0.262s] colcon.colcon_core.package_discovery Level 1 discover_packages(prefix_path) check parameters
[0.262s] colcon.colcon_core.package_discovery Level 1 discover_packages(prefix_path) discover
[0.264s] colcon.colcon_installed_package_information.package_discovery DEBUG Found 267 installed packages in /opt/ros/rolling
[0.265s] colcon.colcon_core.package_discovery Level 1 discover_packages(prefix_path) using defaults
[0.288s] colcon.colcon_core.executor INFO Executing jobs using 'parallel' executor
[0.289s] colcon.colcon_parallel_executor.executor.parallel DEBUG run_until_complete
[0.289s] colcon.colcon_parallel_executor.executor.parallel DEBUG closing loop
[0.289s] colcon.colcon_parallel_executor.executor.parallel DEBUG loop closed
[0.289s] colcon.colcon_parallel_executor.executor.parallel DEBUG run_until_complete finished with '0'
[0.289s] colcon.colcon_core.event_reactor DEBUG joining thread
[0.294s] colcon.colcon_core.plugin_system INFO Skipping extension 'colcon_notification.desktop_notification.terminal_notifier': Not used on non-Darwin systems
[0.294s] colcon.colcon_core.plugin_system INFO Skipping extension 'colcon_notification.desktop_notification.win32': Not used on non-Windows systems
[0.294s] colcon.colcon_notification.desktop_notification INFO Sending desktop notification using 'notify2'
[0.294s] colcon.colcon_notification.desktop_notification.notify2 DEBUG Failed to initialize notify2: org.freedesktop.DBus.Error.AccessDenied: Failed to connect to socket /run/user/1000/bus: Operation not permitted
[0.295s] colcon.colcon_core.event_reactor DEBUG joined thread
[0.297s] colcon.colcon_core.plugin_system INFO Skipping extension 'colcon_core.shell.bat': Not used on non-Windows systems
[0.297s] colcon.colcon_core.shell INFO Creating prefix script '/home/guo/ITL_sentry_auto_new/install/local_setup.ps1'
[0.297s] colcon.colcon_core.shell INFO Creating prefix util module '/home/guo/ITL_sentry_auto_new/install/_local_setup_util_ps1.py'
[0.298s] colcon.colcon_core.shell INFO Creating prefix chain script '/home/guo/ITL_sentry_auto_new/install/setup.ps1'
[0.299s] colcon.colcon_core.shell INFO Creating prefix script '/home/guo/ITL_sentry_auto_new/install/local_setup.sh'
[0.299s] colcon.colcon_core.shell INFO Creating prefix util module '/home/guo/ITL_sentry_auto_new/install/_local_setup_util_sh.py'
[0.300s] colcon.colcon_core.shell INFO Creating prefix chain script '/home/guo/ITL_sentry_auto_new/install/setup.sh'
[0.300s] colcon.colcon_core.shell INFO Creating prefix script '/home/guo/ITL_sentry_auto_new/install/local_setup.bash'
[0.301s] colcon.colcon_core.shell INFO Creating prefix chain script '/home/guo/ITL_sentry_auto_new/install/setup.bash'
[0.301s] colcon.colcon_core.shell INFO Creating prefix script '/home/guo/ITL_sentry_auto_new/install/local_setup.zsh'
[0.302s] colcon.colcon_core.shell INFO Creating prefix chain script '/home/guo/ITL_sentry_auto_new/install/setup.zsh'
