/home/guo/ITL_sentry_auto_new/src/core/auto_aim/planner/tinympc/src/admm.cpp: In function ‘tinyVector project_soc(tinyVector, float)’:
/home/guo/ITL_sentry_auto_new/src/core/auto_aim/planner/tinympc/src/admm.cpp:40:42: warning: ‘Eigen::placeholders::last’ is deprecated [-Wdeprecated-declarations]
   40 |     tinytype u0 = s(Eigen::placeholders::last) * mu;
      |                                          ^~~~
In file included from /usr/include/eigen3/Eigen/Core:265,
                 from /usr/include/eigen3/Eigen/Dense:1,
                 from /usr/include/eigen3/Eigen/Eigen:1,
                 from /home/guo/ITL_sentry_auto_new/build/auto_aim/generated_includes/tinympc/types.hpp:3,
                 from /home/guo/ITL_sentry_auto_new/build/auto_aim/generated_includes/tinympc/admm.hpp:3,
                 from /home/guo/ITL_sentry_auto_new/src/core/auto_aim/planner/tinympc/src/admm.cpp:3:
/usr/include/eigen3/Eigen/src/Core/util/IndexedViewHelper.h:180:40: note: declared here
  180 |   EIGEN_DEPRECATED static const last_t last = Eigen::last;   // PLEASE use Eigen::last   instead of Eigen::placeholders::last
      |                                        ^~~~
/home/guo/ITL_sentry_auto_new/src/core/auto_aim/planner/tinympc/src/admm.cpp: In function ‘int solve(TinySolver*)’:
/home/guo/ITL_sentry_auto_new/src/core/auto_aim/planner/tinympc/src/admm.cpp:333:22: warning: unused variable ‘pri_res_input’ [-Wunused-variable]
  333 |             tinytype pri_res_input = (solver->work->u - solver->work->znew).cwiseAbs().maxCoeff();
      |                      ^~~~~~~~~~~~~
/home/guo/ITL_sentry_auto_new/src/core/auto_aim/planner/tinympc/src/admm.cpp:334:22: warning: unused variable ‘pri_res_state’ [-Wunused-variable]
  334 |             tinytype pri_res_state = (solver->work->x - solver->work->vnew).cwiseAbs().maxCoeff();
      |                      ^~~~~~~~~~~~~
/home/guo/ITL_sentry_auto_new/src/core/auto_aim/planner/tinympc/src/admm.cpp:335:22: warning: unused variable ‘dua_res_input’ [-Wunused-variable]
  335 |             tinytype dua_res_input = solver->cache->rho * (solver->work->znew - z_prev).cwiseAbs().maxCoeff();
      |                      ^~~~~~~~~~~~~
/home/guo/ITL_sentry_auto_new/src/core/auto_aim/planner/tinympc/src/admm.cpp:336:22: warning: unused variable ‘dua_res_state’ [-Wunused-variable]
  336 |             tinytype dua_res_state = solver->cache->rho * (solver->work->vnew - v_prev).cwiseAbs().maxCoeff();
      |                      ^~~~~~~~~~~~~
/home/guo/ITL_sentry_auto_new/src/core/auto_aim/planner/src/planner.cpp: In member function ‘plan::Plan plan::Planner::plan(predict::Target, double)’:
/home/guo/ITL_sentry_auto_new/src/core/auto_aim/planner/src/planner.cpp:55:18: warning: missing initializer for member ‘plan::Plan::fire’ [-Wmissing-field-initializers]
   55 |     return {false};
      |                  ^
/home/guo/ITL_sentry_auto_new/src/core/auto_aim/planner/src/planner.cpp:55:18: warning: missing initializer for member ‘plan::Plan::target_yaw’ [-Wmissing-field-initializers]
/home/guo/ITL_sentry_auto_new/src/core/auto_aim/planner/src/planner.cpp:55:18: warning: missing initializer for member ‘plan::Plan::target_pitch’ [-Wmissing-field-initializers]
/home/guo/ITL_sentry_auto_new/src/core/auto_aim/planner/src/planner.cpp:55:18: warning: missing initializer for member ‘plan::Plan::yaw’ [-Wmissing-field-initializers]
/home/guo/ITL_sentry_auto_new/src/core/auto_aim/planner/src/planner.cpp:55:18: warning: missing initializer for member ‘plan::Plan::yaw_vel’ [-Wmissing-field-initializers]
/home/guo/ITL_sentry_auto_new/src/core/auto_aim/planner/src/planner.cpp:55:18: warning: missing initializer for member ‘plan::Plan::yaw_acc’ [-Wmissing-field-initializers]
/home/guo/ITL_sentry_auto_new/src/core/auto_aim/planner/src/planner.cpp:55:18: warning: missing initializer for member ‘plan::Plan::pitch’ [-Wmissing-field-initializers]
/home/guo/ITL_sentry_auto_new/src/core/auto_aim/planner/src/planner.cpp:55:18: warning: missing initializer for member ‘plan::Plan::pitch_vel’ [-Wmissing-field-initializers]
/home/guo/ITL_sentry_auto_new/src/core/auto_aim/planner/src/planner.cpp:55:18: warning: missing initializer for member ‘plan::Plan::pitch_acc’ [-Wmissing-field-initializers]
/home/guo/ITL_sentry_auto_new/src/core/auto_aim/planner/src/planner.cpp: In member function ‘plan::Plan plan::Planner::plan(std::optional<predict::Target>, double)’:
/home/guo/ITL_sentry_auto_new/src/core/auto_aim/planner/src/planner.cpp:98:41: warning: missing initializer for member ‘plan::Plan::fire’ [-Wmissing-field-initializers]
   98 |   if (!target.has_value()) return {false};
      |                                         ^
/home/guo/ITL_sentry_auto_new/src/core/auto_aim/planner/src/planner.cpp:98:41: warning: missing initializer for member ‘plan::Plan::target_yaw’ [-Wmissing-field-initializers]
/home/guo/ITL_sentry_auto_new/src/core/auto_aim/planner/src/planner.cpp:98:41: warning: missing initializer for member ‘plan::Plan::target_pitch’ [-Wmissing-field-initializers]
/home/guo/ITL_sentry_auto_new/src/core/auto_aim/planner/src/planner.cpp:98:41: warning: missing initializer for member ‘plan::Plan::yaw’ [-Wmissing-field-initializers]
/home/guo/ITL_sentry_auto_new/src/core/auto_aim/planner/src/planner.cpp:98:41: warning: missing initializer for member ‘plan::Plan::yaw_vel’ [-Wmissing-field-initializers]
/home/guo/ITL_sentry_auto_new/src/core/auto_aim/planner/src/planner.cpp:98:41: warning: missing initializer for member ‘plan::Plan::yaw_acc’ [-Wmissing-field-initializers]
/home/guo/ITL_sentry_auto_new/src/core/auto_aim/planner/src/planner.cpp:98:41: warning: missing initializer for member ‘plan::Plan::pitch’ [-Wmissing-field-initializers]
/home/guo/ITL_sentry_auto_new/src/core/auto_aim/planner/src/planner.cpp:98:41: warning: missing initializer for member ‘plan::Plan::pitch_vel’ [-Wmissing-field-initializers]
/home/guo/ITL_sentry_auto_new/src/core/auto_aim/planner/src/planner.cpp:98:41: warning: missing initializer for member ‘plan::Plan::pitch_acc’ [-Wmissing-field-initializers]
