-- Found ament_cmake: 2.3.2 (/opt/ros/rolling/share/ament_cmake/cmake)
-- Found rclcpp: 27.0.0 (/opt/ros/rolling/share/rclcpp/cmake)
-- Found rosidl_generator_c: 4.5.1 (/opt/ros/rolling/share/rosidl_generator_c/cmake)
-- Found rosidl_generator_cpp: 4.5.1 (/opt/ros/rolling/share/rosidl_generator_cpp/cmake)
-- Using all available rosidl_typesupport_c: rosidl_typesupport_fastrtps_c;rosidl_typesupport_introspection_c
-- Using all available rosidl_typesupport_cpp: rosidl_typesupport_fastrtps_cpp;rosidl_typesupport_introspection_cpp
-- Found rmw_implementation_cmake: 7.3.0 (/opt/ros/rolling/share/rmw_implementation_cmake/cmake)
-- Found rmw_fastrtps_cpp: 8.2.0 (/opt/ros/rolling/share/rmw_fastrtps_cpp/cmake)
-- Using RMW implementation 'rmw_fastrtps_cpp' as default
-- Found std_msgs: 5.3.0 (/opt/ros/rolling/share/std_msgs/cmake)
-- Found sensor_msgs: 5.3.0 (/opt/ros/rolling/share/sensor_msgs/cmake)
-- Found cv_bridge: 3.4.0 (/opt/ros/rolling/share/cv_bridge/cmake)
-- Found std_srvs: 5.3.0 (/opt/ros/rolling/share/std_srvs/cmake)
-- Found autoaim_msgs: 0.0.1 (/home/guo/ITL_sentry_auto_new/install/autoaim_msgs/share/autoaim_msgs/cmake)
-- Found utils: 1.0.0 (/home/guo/ITL_sentry_auto_new/install/utils/share/utils/cmake)
-- Found cboard: 1.0.0 (/home/guo/ITL_sentry_auto_new/install/cboard/share/cboard/cmake)
-- Configuring done (1.1s)
-- Generating done (0.0s)
-- Build files have been written to: /home/guo/ITL_sentry_auto_new/build/auto_aim
[  6%] Built target auto_aim_motion_model
[ 16%] Built target auto_aim_pointer
[ 35%] Built target auto_aim_detected
[ 54%] Built target auto_aim_solver
[ 61%] Built target auto_aim_predictor
[ 64%] Building CXX object CMakeFiles/auto_aim_planner.dir/planner/tinympc/src/tiny_api.cpp.o
[ 67%] Building CXX object CMakeFiles/auto_aim_planner.dir/planner/src/planner.cpp.o
[ 74%] Building CXX object CMakeFiles/auto_aim_planner.dir/planner/tinympc/src/rho_benchmark.cpp.o
[ 74%] Building CXX object CMakeFiles/auto_aim_planner.dir/planner/tinympc/src/codegen.cpp.o
[ 77%] Building CXX object CMakeFiles/auto_aim_planner.dir/planner/tinympc/src/admm.cpp.o
[ 83%] Built target auto_aim_aimer
[ 90%] Built target auto_aim_tracker
/home/guo/ITL_sentry_auto_new/src/core/auto_aim/planner/tinympc/src/admm.cpp: In function ‘tinyVector project_soc(tinyVector, float)’:
/home/guo/ITL_sentry_auto_new/src/core/auto_aim/planner/tinympc/src/admm.cpp:40:42: warning: ‘Eigen::placeholders::last’ is deprecated [-Wdeprecated-declarations]
   40 |     tinytype u0 = s(Eigen::placeholders::last) * mu;
      |                                          ^~~~
In file included from /usr/include/eigen3/Eigen/Core:265,
                 from /usr/include/eigen3/Eigen/Dense:1,
                 from /usr/include/eigen3/Eigen/Eigen:1,
                 from /home/guo/ITL_sentry_auto_new/build/auto_aim/generated_includes/tinympc/types.hpp:3,
                 from /home/guo/ITL_sentry_auto_new/build/auto_aim/generated_includes/tinympc/admm.hpp:3,
                 from /home/guo/ITL_sentry_auto_new/src/core/auto_aim/planner/tinympc/src/admm.cpp:3:
/usr/include/eigen3/Eigen/src/Core/util/IndexedViewHelper.h:180:40: note: declared here
  180 |   EIGEN_DEPRECATED static const last_t last = Eigen::last;   // PLEASE use Eigen::last   instead of Eigen::placeholders::last
      |                                        ^~~~
/home/guo/ITL_sentry_auto_new/src/core/auto_aim/planner/tinympc/src/admm.cpp: In function ‘int solve(TinySolver*)’:
/home/guo/ITL_sentry_auto_new/src/core/auto_aim/planner/tinympc/src/admm.cpp:333:22: warning: unused variable ‘pri_res_input’ [-Wunused-variable]
  333 |             tinytype pri_res_input = (solver->work->u - solver->work->znew).cwiseAbs().maxCoeff();
      |                      ^~~~~~~~~~~~~
/home/guo/ITL_sentry_auto_new/src/core/auto_aim/planner/tinympc/src/admm.cpp:334:22: warning: unused variable ‘pri_res_state’ [-Wunused-variable]
  334 |             tinytype pri_res_state = (solver->work->x - solver->work->vnew).cwiseAbs().maxCoeff();
      |                      ^~~~~~~~~~~~~
/home/guo/ITL_sentry_auto_new/src/core/auto_aim/planner/tinympc/src/admm.cpp:335:22: warning: unused variable ‘dua_res_input’ [-Wunused-variable]
  335 |             tinytype dua_res_input = solver->cache->rho * (solver->work->znew - z_prev).cwiseAbs().maxCoeff();
      |                      ^~~~~~~~~~~~~
/home/guo/ITL_sentry_auto_new/src/core/auto_aim/planner/tinympc/src/admm.cpp:336:22: warning: unused variable ‘dua_res_state’ [-Wunused-variable]
  336 |             tinytype dua_res_state = solver->cache->rho * (solver->work->vnew - v_prev).cwiseAbs().maxCoeff();
      |                      ^~~~~~~~~~~~~
/home/guo/ITL_sentry_auto_new/src/core/auto_aim/planner/src/planner.cpp: In member function ‘plan::Plan plan::Planner::plan(predict::Target, double)’:
/home/guo/ITL_sentry_auto_new/src/core/auto_aim/planner/src/planner.cpp:55:18: warning: missing initializer for member ‘plan::Plan::fire’ [-Wmissing-field-initializers]
   55 |     return {false};
      |                  ^
/home/guo/ITL_sentry_auto_new/src/core/auto_aim/planner/src/planner.cpp:55:18: warning: missing initializer for member ‘plan::Plan::target_yaw’ [-Wmissing-field-initializers]
/home/guo/ITL_sentry_auto_new/src/core/auto_aim/planner/src/planner.cpp:55:18: warning: missing initializer for member ‘plan::Plan::target_pitch’ [-Wmissing-field-initializers]
/home/guo/ITL_sentry_auto_new/src/core/auto_aim/planner/src/planner.cpp:55:18: warning: missing initializer for member ‘plan::Plan::yaw’ [-Wmissing-field-initializers]
/home/guo/ITL_sentry_auto_new/src/core/auto_aim/planner/src/planner.cpp:55:18: warning: missing initializer for member ‘plan::Plan::yaw_vel’ [-Wmissing-field-initializers]
/home/guo/ITL_sentry_auto_new/src/core/auto_aim/planner/src/planner.cpp:55:18: warning: missing initializer for member ‘plan::Plan::yaw_acc’ [-Wmissing-field-initializers]
/home/guo/ITL_sentry_auto_new/src/core/auto_aim/planner/src/planner.cpp:55:18: warning: missing initializer for member ‘plan::Plan::pitch’ [-Wmissing-field-initializers]
/home/guo/ITL_sentry_auto_new/src/core/auto_aim/planner/src/planner.cpp:55:18: warning: missing initializer for member ‘plan::Plan::pitch_vel’ [-Wmissing-field-initializers]
/home/guo/ITL_sentry_auto_new/src/core/auto_aim/planner/src/planner.cpp:55:18: warning: missing initializer for member ‘plan::Plan::pitch_acc’ [-Wmissing-field-initializers]
/home/guo/ITL_sentry_auto_new/src/core/auto_aim/planner/src/planner.cpp: In member function ‘plan::Plan plan::Planner::plan(std::optional<predict::Target>, double)’:
/home/guo/ITL_sentry_auto_new/src/core/auto_aim/planner/src/planner.cpp:98:41: warning: missing initializer for member ‘plan::Plan::fire’ [-Wmissing-field-initializers]
   98 |   if (!target.has_value()) return {false};
      |                                         ^
/home/guo/ITL_sentry_auto_new/src/core/auto_aim/planner/src/planner.cpp:98:41: warning: missing initializer for member ‘plan::Plan::target_yaw’ [-Wmissing-field-initializers]
/home/guo/ITL_sentry_auto_new/src/core/auto_aim/planner/src/planner.cpp:98:41: warning: missing initializer for member ‘plan::Plan::target_pitch’ [-Wmissing-field-initializers]
/home/guo/ITL_sentry_auto_new/src/core/auto_aim/planner/src/planner.cpp:98:41: warning: missing initializer for member ‘plan::Plan::yaw’ [-Wmissing-field-initializers]
/home/guo/ITL_sentry_auto_new/src/core/auto_aim/planner/src/planner.cpp:98:41: warning: missing initializer for member ‘plan::Plan::yaw_vel’ [-Wmissing-field-initializers]
/home/guo/ITL_sentry_auto_new/src/core/auto_aim/planner/src/planner.cpp:98:41: warning: missing initializer for member ‘plan::Plan::yaw_acc’ [-Wmissing-field-initializers]
/home/guo/ITL_sentry_auto_new/src/core/auto_aim/planner/src/planner.cpp:98:41: warning: missing initializer for member ‘plan::Plan::pitch’ [-Wmissing-field-initializers]
/home/guo/ITL_sentry_auto_new/src/core/auto_aim/planner/src/planner.cpp:98:41: warning: missing initializer for member ‘plan::Plan::pitch_vel’ [-Wmissing-field-initializers]
/home/guo/ITL_sentry_auto_new/src/core/auto_aim/planner/src/planner.cpp:98:41: warning: missing initializer for member ‘plan::Plan::pitch_acc’ [-Wmissing-field-initializers]
[ 93%] Linking CXX static library libauto_aim_planner.a
[ 93%] Built target auto_aim_planner
[ 96%] Building CXX object CMakeFiles/auto_aim.dir/src/auto_aim_module.cpp.o
[100%] Linking CXX shared library libauto_aim.so
[100%] Built target auto_aim
-- Install configuration: ""
-- Installing: /home/guo/ITL_sentry_auto_new/install/auto_aim/lib/libauto_aim.so
-- Set non-toolchain portion of runtime path of "/home/guo/ITL_sentry_auto_new/install/auto_aim/lib/libauto_aim.so" to ""
-- Installing: /home/guo/ITL_sentry_auto_new/install/auto_aim/lib/libauto_aim_aimer.a
-- Installing: /home/guo/ITL_sentry_auto_new/install/auto_aim/lib/libauto_aim_detected.a
-- Installing: /home/guo/ITL_sentry_auto_new/install/auto_aim/lib/libauto_aim_planner.a
-- Installing: /home/guo/ITL_sentry_auto_new/install/auto_aim/lib/libauto_aim_pointer.a
-- Installing: /home/guo/ITL_sentry_auto_new/install/auto_aim/lib/libauto_aim_solver.a
-- Installing: /home/guo/ITL_sentry_auto_new/install/auto_aim/lib/libauto_aim_motion_model.a
-- Installing: /home/guo/ITL_sentry_auto_new/install/auto_aim/lib/libauto_aim_predictor.a
-- Installing: /home/guo/ITL_sentry_auto_new/install/auto_aim/lib/libauto_aim_tracker.a
-- Installing: /home/guo/ITL_sentry_auto_new/install/auto_aim/include
-- Installing: /home/guo/ITL_sentry_auto_new/install/auto_aim/include/aimer.hpp
-- Up-to-date: /home/guo/ITL_sentry_auto_new/install/auto_aim/include
-- Installing: /home/guo/ITL_sentry_auto_new/install/auto_aim/include/common
-- Installing: /home/guo/ITL_sentry_auto_new/install/auto_aim/include/common/armor.hpp
-- Installing: /home/guo/ITL_sentry_auto_new/install/auto_aim/include/node
-- Installing: /home/guo/ITL_sentry_auto_new/install/auto_aim/include/node/armor_detector_node.hpp
-- Installing: /home/guo/ITL_sentry_auto_new/install/auto_aim/include/classifier
-- Installing: /home/guo/ITL_sentry_auto_new/install/auto_aim/include/classifier/armor_classifier.hpp
-- Installing: /home/guo/ITL_sentry_auto_new/install/auto_aim/include/detector
-- Installing: /home/guo/ITL_sentry_auto_new/install/auto_aim/include/detector/common_detector.hpp
-- Installing: /home/guo/ITL_sentry_auto_new/install/auto_aim/include/detector/yolo11.hpp
-- Up-to-date: /home/guo/ITL_sentry_auto_new/install/auto_aim/include
-- Installing: /home/guo/ITL_sentry_auto_new/install/auto_aim/include/planner.hpp
-- Up-to-date: /home/guo/ITL_sentry_auto_new/install/auto_aim/include
-- Installing: /home/guo/ITL_sentry_auto_new/install/auto_aim/include/types.hpp
-- Installing: /home/guo/ITL_sentry_auto_new/install/auto_aim/include/lightbar_detector.hpp
-- Installing: /home/guo/ITL_sentry_auto_new/install/auto_aim/include/image_processor.hpp
-- Up-to-date: /home/guo/ITL_sentry_auto_new/install/auto_aim/include
-- Installing: /home/guo/ITL_sentry_auto_new/install/auto_aim/include/solver_node.hpp
-- Installing: /home/guo/ITL_sentry_auto_new/install/auto_aim/include/module
-- Installing: /home/guo/ITL_sentry_auto_new/install/auto_aim/include/module/coord_converter.hpp
-- Installing: /home/guo/ITL_sentry_auto_new/install/auto_aim/include/module/optimize_yaw.hpp
-- Installing: /home/guo/ITL_sentry_auto_new/install/auto_aim/include/module/solver.hpp
-- Installing: /home/guo/ITL_sentry_auto_new/install/auto_aim/include/module/pnp_solver.hpp
-- Up-to-date: /home/guo/ITL_sentry_auto_new/install/auto_aim/include
-- Installing: /home/guo/ITL_sentry_auto_new/install/auto_aim/include/target.hpp
-- Up-to-date: /home/guo/ITL_sentry_auto_new/install/auto_aim/include
-- Installing: /home/guo/ITL_sentry_auto_new/install/auto_aim/include/full_model.hpp
-- Up-to-date: /home/guo/ITL_sentry_auto_new/install/auto_aim/include
-- Installing: /home/guo/ITL_sentry_auto_new/install/auto_aim/include/tracker.hpp
-- Installing: /home/guo/ITL_sentry_auto_new/install/auto_aim/include/tinympc
-- Installing: /home/guo/ITL_sentry_auto_new/install/auto_aim/include/tinympc/admm.hpp
-- Installing: /home/guo/ITL_sentry_auto_new/install/auto_aim/include/tinympc/rho_benchmark.hpp
-- Installing: /home/guo/ITL_sentry_auto_new/install/auto_aim/include/tinympc/codegen.hpp
-- Installing: /home/guo/ITL_sentry_auto_new/install/auto_aim/include/tinympc/types.hpp
-- Installing: /home/guo/ITL_sentry_auto_new/install/auto_aim/include/tinympc/tiny_api_constants.hpp
-- Installing: /home/guo/ITL_sentry_auto_new/install/auto_aim/include/tinympc/error.hpp
-- Installing: /home/guo/ITL_sentry_auto_new/install/auto_aim/include/tinympc/tiny_api.hpp
-- Installing: /home/guo/ITL_sentry_auto_new/install/auto_aim/share/auto_aim/environment/library_path.sh
-- Installing: /home/guo/ITL_sentry_auto_new/install/auto_aim/share/auto_aim/environment/library_path.dsv
-- Installing: /home/guo/ITL_sentry_auto_new/install/auto_aim/share/auto_aim/package.xml
-- Installing: /home/guo/ITL_sentry_auto_new/install/auto_aim/share/ament_index/resource_index/package_run_dependencies/auto_aim
-- Installing: /home/guo/ITL_sentry_auto_new/install/auto_aim/share/ament_index/resource_index/parent_prefix_path/auto_aim
-- Installing: /home/guo/ITL_sentry_auto_new/install/auto_aim/share/auto_aim/environment/ament_prefix_path.sh
-- Installing: /home/guo/ITL_sentry_auto_new/install/auto_aim/share/auto_aim/environment/ament_prefix_path.dsv
-- Installing: /home/guo/ITL_sentry_auto_new/install/auto_aim/share/auto_aim/environment/path.sh
-- Installing: /home/guo/ITL_sentry_auto_new/install/auto_aim/share/auto_aim/environment/path.dsv
-- Installing: /home/guo/ITL_sentry_auto_new/install/auto_aim/share/auto_aim/local_setup.bash
-- Installing: /home/guo/ITL_sentry_auto_new/install/auto_aim/share/auto_aim/local_setup.sh
-- Installing: /home/guo/ITL_sentry_auto_new/install/auto_aim/share/auto_aim/local_setup.zsh
-- Installing: /home/guo/ITL_sentry_auto_new/install/auto_aim/share/auto_aim/local_setup.dsv
-- Installing: /home/guo/ITL_sentry_auto_new/install/auto_aim/share/auto_aim/package.dsv
-- Installing: /home/guo/ITL_sentry_auto_new/install/auto_aim/share/ament_index/resource_index/packages/auto_aim
-- Installing: /home/guo/ITL_sentry_auto_new/install/auto_aim/share/auto_aim/cmake/auto_aimTargetsExport.cmake
-- Installing: /home/guo/ITL_sentry_auto_new/install/auto_aim/share/auto_aim/cmake/auto_aimTargetsExport-noconfig.cmake
-- Installing: /home/guo/ITL_sentry_auto_new/install/auto_aim/share/auto_aim/cmake/ament_cmake_export_include_directories-extras.cmake
-- Installing: /home/guo/ITL_sentry_auto_new/install/auto_aim/share/auto_aim/cmake/ament_cmake_export_targets-extras.cmake
-- Installing: /home/guo/ITL_sentry_auto_new/install/auto_aim/share/auto_aim/cmake/ament_cmake_export_dependencies-extras.cmake
-- Installing: /home/guo/ITL_sentry_auto_new/install/auto_aim/share/auto_aim/cmake/auto_aimConfig.cmake
-- Installing: /home/guo/ITL_sentry_auto_new/install/auto_aim/share/auto_aim/cmake/auto_aimConfig-version.cmake
-- Up-to-date: /home/guo/ITL_sentry_auto_new/install/auto_aim/share/auto_aim/package.xml
