[0.010s] Invoking command in '/home/guo/ITL_sentry_auto_new/build/utils': CMAKE_PREFIX_PATH=${CMAKE_PREFIX_PATH}:/opt/ros/rolling /usr/local/bin/cmake /home/guo/ITL_sentry_auto_new/src/core/utils -DCMAKE_INSTALL_PREFIX=/home/guo/ITL_sentry_auto_new/install/utils
[0.055s] -- The C compiler identification is GNU 11.4.0
[0.101s] -- The CXX compiler identification is GNU 11.4.0
[0.114s] -- Detecting C compiler ABI info
[0.170s] -- Detecting C compiler ABI info - done
[0.178s] -- Check for working C compiler: /usr/bin/cc - skipped
[0.178s] -- Detecting C compile features
[0.179s] -- Detecting C compile features - done
[0.188s] -- Detecting CXX compiler ABI info
[0.253s] -- Detecting CXX compiler ABI info - done
[0.262s] -- Check for working CXX compiler: /usr/bin/c++ - skipped
[0.263s] -- Detecting CXX compile features
[0.263s] -- Detecting CXX compile features - done
[0.265s] -- Found ament_cmake: 2.3.2 (/opt/ros/rolling/share/ament_cmake/cmake)
[0.653s] -- Found Python3: /usr/bin/python3.10 (found version "3.10.12") found components: Interpreter 
[0.722s] -- Found rclcpp: 27.0.0 (/opt/ros/rolling/share/rclcpp/cmake)
[0.753s] -- Found rosidl_generator_c: 4.5.1 (/opt/ros/rolling/share/rosidl_generator_c/cmake)
[0.764s] -- Found rosidl_generator_cpp: 4.5.1 (/opt/ros/rolling/share/rosidl_generator_cpp/cmake)
[0.780s] -- Using all available rosidl_typesupport_c: rosidl_typesupport_fastrtps_c;rosidl_typesupport_introspection_c
[0.800s] -- Using all available rosidl_typesupport_cpp: rosidl_typesupport_fastrtps_cpp;rosidl_typesupport_introspection_cpp
[0.974s] -- Found rmw_implementation_cmake: 7.3.0 (/opt/ros/rolling/share/rmw_implementation_cmake/cmake)
[0.976s] -- Found rmw_fastrtps_cpp: 8.2.0 (/opt/ros/rolling/share/rmw_fastrtps_cpp/cmake)
[1.073s] -- Found OpenSSL: /usr/lib/x86_64-linux-gnu/libcrypto.so (found version "3.0.2")  
[1.101s] -- Found FastRTPS: /opt/ros/rolling/include  
[1.148s] -- Using RMW implementation 'rmw_fastrtps_cpp' as default
[1.376s] -- Found OpenCV: /usr (found version "4.5.4") 
[1.447s] -- Configuring done (1.4s)
[1.459s] -- Generating done (0.0s)
[1.461s] -- Build files have been written to: /home/guo/ITL_sentry_auto_new/build/utils
[1.470s] Invoked command in '/home/guo/ITL_sentry_auto_new/build/utils' returned '0': CMAKE_PREFIX_PATH=${CMAKE_PREFIX_PATH}:/opt/ros/rolling /usr/local/bin/cmake /home/guo/ITL_sentry_auto_new/src/core/utils -DCMAKE_INSTALL_PREFIX=/home/guo/ITL_sentry_auto_new/install/utils
[1.470s] Invoking command in '/home/guo/ITL_sentry_auto_new/build/utils': CMAKE_PREFIX_PATH=${CMAKE_PREFIX_PATH}:/opt/ros/rolling /usr/local/bin/cmake --build /home/guo/ITL_sentry_auto_new/build/utils -- -j24 -l24
[1.493s] [ 33%] [32mBuilding CXX object CMakeFiles/utils.dir/src/imu_data_processor.cpp.o[0m
[1.493s] [ 33%] [32mBuilding CXX object CMakeFiles/utils.dir/src/math_tools.cpp.o[0m
[1.493s] [ 50%] [32mBuilding CXX object CMakeFiles/utils.dir/src/crc.cpp.o[0m
[1.494s] [ 66%] [32mBuilding CXX object CMakeFiles/utils.dir/src/logger.cpp.o[0m
[1.494s] [ 83%] [32mBuilding CXX object CMakeFiles/utils.dir/src/trajectory.cpp.o[0m
[8.629s] [100%] [32m[1mLinking CXX static library libutils.a[0m
[8.760s] [100%] Built target utils
[8.765s] Invoked command in '/home/guo/ITL_sentry_auto_new/build/utils' returned '0': CMAKE_PREFIX_PATH=${CMAKE_PREFIX_PATH}:/opt/ros/rolling /usr/local/bin/cmake --build /home/guo/ITL_sentry_auto_new/build/utils -- -j24 -l24
[8.768s] Invoking command in '/home/guo/ITL_sentry_auto_new/build/utils': CMAKE_PREFIX_PATH=${CMAKE_PREFIX_PATH}:/opt/ros/rolling /usr/local/bin/cmake --install /home/guo/ITL_sentry_auto_new/build/utils
[8.770s] -- Install configuration: ""
[8.770s] -- Installing: /home/guo/ITL_sentry_auto_new/install/utils/share/utils/environment/library_path.sh
[8.770s] -- Installing: /home/guo/ITL_sentry_auto_new/install/utils/share/utils/environment/library_path.dsv
[8.771s] -- Installing: /home/guo/ITL_sentry_auto_new/install/utils/include
[8.771s] -- Installing: /home/guo/ITL_sentry_auto_new/install/utils/include/draw_tools.hpp
[8.771s] -- Installing: /home/guo/ITL_sentry_auto_new/install/utils/include/thread_safe_queue.hpp
[8.771s] -- Installing: /home/guo/ITL_sentry_auto_new/install/utils/include/math_tools.hpp
[8.771s] -- Installing: /home/guo/ITL_sentry_auto_new/install/utils/include/yaml.hpp
[8.771s] -- Installing: /home/guo/ITL_sentry_auto_new/install/utils/include/detector_tools.hpp
[8.771s] -- Installing: /home/guo/ITL_sentry_auto_new/install/utils/include/trajectory.hpp
[8.772s] -- Installing: /home/guo/ITL_sentry_auto_new/install/utils/include/performance_monitor.hpp
[8.772s] -- Installing: /home/guo/ITL_sentry_auto_new/install/utils/include/logger.hpp
[8.772s] -- Installing: /home/guo/ITL_sentry_auto_new/install/utils/include/crc.hpp
[8.772s] -- Installing: /home/guo/ITL_sentry_auto_new/install/utils/include/imu_data_processor.hpp
[8.772s] -- Installing: /home/guo/ITL_sentry_auto_new/install/utils/include/roi_tools.hpp
[8.772s] -- Installing: /home/guo/ITL_sentry_auto_new/install/utils/lib/libutils.a
[8.781s] -- Installing: /home/guo/ITL_sentry_auto_new/install/utils/share/utils/cmake/utilsTargets.cmake
[8.781s] -- Installing: /home/guo/ITL_sentry_auto_new/install/utils/share/utils/cmake/utilsTargets-noconfig.cmake
[8.781s] -- Installing: /home/guo/ITL_sentry_auto_new/install/utils/share/ament_index/resource_index/package_run_dependencies/utils
[8.781s] -- Installing: /home/guo/ITL_sentry_auto_new/install/utils/share/ament_index/resource_index/parent_prefix_path/utils
[8.781s] -- Installing: /home/guo/ITL_sentry_auto_new/install/utils/share/utils/environment/ament_prefix_path.sh
[8.781s] -- Installing: /home/guo/ITL_sentry_auto_new/install/utils/share/utils/environment/ament_prefix_path.dsv
[8.782s] -- Installing: /home/guo/ITL_sentry_auto_new/install/utils/share/utils/environment/path.sh
[8.782s] -- Installing: /home/guo/ITL_sentry_auto_new/install/utils/share/utils/environment/path.dsv
[8.782s] -- Installing: /home/guo/ITL_sentry_auto_new/install/utils/share/utils/local_setup.bash
[8.782s] -- Installing: /home/guo/ITL_sentry_auto_new/install/utils/share/utils/local_setup.sh
[8.782s] -- Installing: /home/guo/ITL_sentry_auto_new/install/utils/share/utils/local_setup.zsh
[8.782s] -- Installing: /home/guo/ITL_sentry_auto_new/install/utils/share/utils/local_setup.dsv
[8.782s] -- Installing: /home/guo/ITL_sentry_auto_new/install/utils/share/utils/package.dsv
[8.783s] -- Installing: /home/guo/ITL_sentry_auto_new/install/utils/share/ament_index/resource_index/packages/utils
[8.783s] -- Installing: /home/guo/ITL_sentry_auto_new/install/utils/share/utils/cmake/utilsTargetsExport.cmake
[8.783s] -- Installing: /home/guo/ITL_sentry_auto_new/install/utils/share/utils/cmake/utilsTargetsExport-noconfig.cmake
[8.783s] -- Installing: /home/guo/ITL_sentry_auto_new/install/utils/share/utils/cmake/ament_cmake_export_include_directories-extras.cmake
[8.783s] -- Installing: /home/guo/ITL_sentry_auto_new/install/utils/share/utils/cmake/ament_cmake_export_libraries-extras.cmake
[8.783s] -- Installing: /home/guo/ITL_sentry_auto_new/install/utils/share/utils/cmake/ament_cmake_export_dependencies-extras.cmake
[8.784s] -- Installing: /home/guo/ITL_sentry_auto_new/install/utils/share/utils/cmake/ament_cmake_export_targets-extras.cmake
[8.784s] -- Installing: /home/guo/ITL_sentry_auto_new/install/utils/share/utils/cmake/utilsConfig.cmake
[8.784s] -- Installing: /home/guo/ITL_sentry_auto_new/install/utils/share/utils/cmake/utilsConfig-version.cmake
[8.784s] -- Installing: /home/guo/ITL_sentry_auto_new/install/utils/share/utils/package.xml
[8.785s] Invoked command in '/home/guo/ITL_sentry_auto_new/build/utils' returned '0': CMAKE_PREFIX_PATH=${CMAKE_PREFIX_PATH}:/opt/ros/rolling /usr/local/bin/cmake --install /home/guo/ITL_sentry_auto_new/build/utils
