[0.011s] Invoking command in '/home/guo/ITL_sentry_auto_new/build/serial': AMENT_PREFIX_PATH=/home/guo/ITL_sentry_auto_new/install/autoaim_msgs:${AMENT_PREFIX_PATH} CMAKE_PREFIX_PATH=/home/guo/ITL_sentry_auto_new/install/autoaim_msgs:/opt/ros/rolling LD_LIBRARY_PATH=/home/guo/ITL_sentry_auto_new/install/autoaim_msgs/lib:/usr/lib/x86_64-linux-gnu:/opt/ros/rolling/opt/rviz_ogre_vendor/lib:/opt/ros/rolling/lib/x86_64-linux-gnu:/opt/ros/rolling/lib:/opt/MVS/lib/64:/opt/MVS/lib/32:/usr/local/TensorRT.10.7.0.23/lib:/usr/lib/x86_64-linux-gnu:/usr/local/cuda/lib64:/opt/MVS/lib/64:/opt/MVS/lib/32:/opt/MVS/lib/64:/opt/MVS/lib/32 PYTHONPATH=/home/guo/ITL_sentry_auto_new/install/autoaim_msgs/lib/python3.10/site-packages:${PYTHONPATH} /usr/local/bin/cmake --build /home/guo/ITL_sentry_auto_new/build/serial -- -j24 -l24
[0.032s] [100%] Built target serial
[0.036s] Invoked command in '/home/guo/ITL_sentry_auto_new/build/serial' returned '0': AMENT_PREFIX_PATH=/home/guo/ITL_sentry_auto_new/install/autoaim_msgs:${AMENT_PREFIX_PATH} CMAKE_PREFIX_PATH=/home/guo/ITL_sentry_auto_new/install/autoaim_msgs:/opt/ros/rolling LD_LIBRARY_PATH=/home/guo/ITL_sentry_auto_new/install/autoaim_msgs/lib:/usr/lib/x86_64-linux-gnu:/opt/ros/rolling/opt/rviz_ogre_vendor/lib:/opt/ros/rolling/lib/x86_64-linux-gnu:/opt/ros/rolling/lib:/opt/MVS/lib/64:/opt/MVS/lib/32:/usr/local/TensorRT.10.7.0.23/lib:/usr/lib/x86_64-linux-gnu:/usr/local/cuda/lib64:/opt/MVS/lib/64:/opt/MVS/lib/32:/opt/MVS/lib/64:/opt/MVS/lib/32 PYTHONPATH=/home/guo/ITL_sentry_auto_new/install/autoaim_msgs/lib/python3.10/site-packages:${PYTHONPATH} /usr/local/bin/cmake --build /home/guo/ITL_sentry_auto_new/build/serial -- -j24 -l24
[0.037s] Invoking command in '/home/guo/ITL_sentry_auto_new/build/serial': AMENT_PREFIX_PATH=/home/guo/ITL_sentry_auto_new/install/autoaim_msgs:${AMENT_PREFIX_PATH} CMAKE_PREFIX_PATH=/home/guo/ITL_sentry_auto_new/install/autoaim_msgs:/opt/ros/rolling LD_LIBRARY_PATH=/home/guo/ITL_sentry_auto_new/install/autoaim_msgs/lib:/usr/lib/x86_64-linux-gnu:/opt/ros/rolling/opt/rviz_ogre_vendor/lib:/opt/ros/rolling/lib/x86_64-linux-gnu:/opt/ros/rolling/lib:/opt/MVS/lib/64:/opt/MVS/lib/32:/usr/local/TensorRT.10.7.0.23/lib:/usr/lib/x86_64-linux-gnu:/usr/local/cuda/lib64:/opt/MVS/lib/64:/opt/MVS/lib/32:/opt/MVS/lib/64:/opt/MVS/lib/32 PYTHONPATH=/home/guo/ITL_sentry_auto_new/install/autoaim_msgs/lib/python3.10/site-packages:${PYTHONPATH} /usr/local/bin/cmake --install /home/guo/ITL_sentry_auto_new/build/serial
[0.039s] -- Install configuration: ""
[0.039s] -- Up-to-date: /home/guo/ITL_sentry_auto_new/install/serial/include
[0.039s] -- Up-to-date: /home/guo/ITL_sentry_auto_new/install/serial/include/serial
[0.039s] -- Up-to-date: /home/guo/ITL_sentry_auto_new/install/serial/include/serial/serial.h
[0.039s] -- Up-to-date: /home/guo/ITL_sentry_auto_new/install/serial/include/serial/v8stdint.h
[0.039s] -- Up-to-date: /home/guo/ITL_sentry_auto_new/install/serial/include/serial/impl
[0.039s] -- Up-to-date: /home/guo/ITL_sentry_auto_new/install/serial/include/serial/impl/win.h
[0.039s] -- Up-to-date: /home/guo/ITL_sentry_auto_new/install/serial/include/serial/impl/unix.h
[0.039s] -- Up-to-date: /home/guo/ITL_sentry_auto_new/install/serial/lib/libserial.so
[0.039s] -- Up-to-date: /home/guo/ITL_sentry_auto_new/install/serial/share/serial/environment/library_path.sh
[0.039s] -- Up-to-date: /home/guo/ITL_sentry_auto_new/install/serial/share/serial/environment/library_path.dsv
[0.039s] -- Up-to-date: /home/guo/ITL_sentry_auto_new/install/serial/share/ament_index/resource_index/package_run_dependencies/serial
[0.039s] -- Up-to-date: /home/guo/ITL_sentry_auto_new/install/serial/share/ament_index/resource_index/parent_prefix_path/serial
[0.039s] -- Up-to-date: /home/guo/ITL_sentry_auto_new/install/serial/share/serial/environment/ament_prefix_path.sh
[0.040s] -- Up-to-date: /home/guo/ITL_sentry_auto_new/install/serial/share/serial/environment/ament_prefix_path.dsv
[0.040s] -- Up-to-date: /home/guo/ITL_sentry_auto_new/install/serial/share/serial/environment/path.sh
[0.040s] -- Up-to-date: /home/guo/ITL_sentry_auto_new/install/serial/share/serial/environment/path.dsv
[0.040s] -- Up-to-date: /home/guo/ITL_sentry_auto_new/install/serial/share/serial/local_setup.bash
[0.040s] -- Up-to-date: /home/guo/ITL_sentry_auto_new/install/serial/share/serial/local_setup.sh
[0.040s] -- Up-to-date: /home/guo/ITL_sentry_auto_new/install/serial/share/serial/local_setup.zsh
[0.040s] -- Up-to-date: /home/guo/ITL_sentry_auto_new/install/serial/share/serial/local_setup.dsv
[0.040s] -- Up-to-date: /home/guo/ITL_sentry_auto_new/install/serial/share/serial/package.dsv
[0.040s] -- Up-to-date: /home/guo/ITL_sentry_auto_new/install/serial/share/ament_index/resource_index/packages/serial
[0.040s] -- Up-to-date: /home/guo/ITL_sentry_auto_new/install/serial/share/serial/cmake/export_serialExport.cmake
[0.040s] -- Up-to-date: /home/guo/ITL_sentry_auto_new/install/serial/share/serial/cmake/export_serialExport-noconfig.cmake
[0.040s] -- Up-to-date: /home/guo/ITL_sentry_auto_new/install/serial/share/serial/cmake/ament_cmake_export_targets-extras.cmake
[0.040s] -- Up-to-date: /home/guo/ITL_sentry_auto_new/install/serial/share/serial/cmake/ament_cmake_export_include_directories-extras.cmake
[0.040s] -- Up-to-date: /home/guo/ITL_sentry_auto_new/install/serial/share/serial/cmake/ament_cmake_export_libraries-extras.cmake
[0.040s] -- Up-to-date: /home/guo/ITL_sentry_auto_new/install/serial/share/serial/cmake/serialConfig.cmake
[0.040s] -- Up-to-date: /home/guo/ITL_sentry_auto_new/install/serial/share/serial/cmake/serialConfig-version.cmake
[0.040s] -- Up-to-date: /home/guo/ITL_sentry_auto_new/install/serial/share/serial/package.xml
[0.045s] Invoked command in '/home/guo/ITL_sentry_auto_new/build/serial' returned '0': AMENT_PREFIX_PATH=/home/guo/ITL_sentry_auto_new/install/autoaim_msgs:${AMENT_PREFIX_PATH} CMAKE_PREFIX_PATH=/home/guo/ITL_sentry_auto_new/install/autoaim_msgs:/opt/ros/rolling LD_LIBRARY_PATH=/home/guo/ITL_sentry_auto_new/install/autoaim_msgs/lib:/usr/lib/x86_64-linux-gnu:/opt/ros/rolling/opt/rviz_ogre_vendor/lib:/opt/ros/rolling/lib/x86_64-linux-gnu:/opt/ros/rolling/lib:/opt/MVS/lib/64:/opt/MVS/lib/32:/usr/local/TensorRT.10.7.0.23/lib:/usr/lib/x86_64-linux-gnu:/usr/local/cuda/lib64:/opt/MVS/lib/64:/opt/MVS/lib/32:/opt/MVS/lib/64:/opt/MVS/lib/32 PYTHONPATH=/home/guo/ITL_sentry_auto_new/install/autoaim_msgs/lib/python3.10/site-packages:${PYTHONPATH} /usr/local/bin/cmake --install /home/guo/ITL_sentry_auto_new/build/serial
