[ 50%] Built target tracker_lib
[ 75%] [32mBuilding CXX object CMakeFiles/tracker_node.dir/src/tracker_node.cpp.o[0m
In file included from [01m[K/home/guo/ITL_sentry_auto_new/src/core/tracker/include/tracker_node.hpp:9[m[K,
                 from [01m[K/home/guo/ITL_sentry_auto_new/src/core/tracker/src/tracker_node.cpp:1[m[K:
[01m[K/opt/ros/rolling/include/cv_bridge/cv_bridge/cv_bridge.h:42:2:[m[K [01;35m[Kwarning: [m[K#warning This header is obsolete, please include cv_bridge/cv_bridge.hpp instead [[01;35m[K]8;;https://gcc.gnu.org/onlinedocs/gcc/Warning-Options.html#index-Wcpp-Wcpp]8;;[m[K]
   42 | #[01;35m[Kwarning[m[K This header is obsolete, please include cv_bridge/cv_bridge.hpp instead
      |  [01;35m[K^~~~~~~[m[K
[01m[K/home/guo/ITL_sentry_auto_new/src/core/tracker/src/tracker_node.cpp:[m[K In member function ‘[01m[Kvoid tracker::TrackerNode::processArmors()[m[K’:
[01m[K/home/guo/ITL_sentry_auto_new/src/core/tracker/src/tracker_node.cpp:125:18:[m[K [01;35m[Kwarning: [m[Kunused variable ‘[01m[Karmor_number[m[K’ [[01;35m[K]8;;https://gcc.gnu.org/onlinedocs/gcc/Warning-Options.html#index-Wunused-variable-Wunused-variable]8;;[m[K]
  125 |             auto [01;35m[Karmor_number[m[K = armor_list.size();
      |                  [01;35m[K^~~~~~~~~~~~[m[K
[100%] [32m[1mLinking CXX executable tracker_node[0m
[100%] Built target tracker_node
-- Install configuration: ""
-- Installing: /home/guo/ITL_sentry_auto_new/install/tracker/lib/tracker/tracker_node
-- Set non-toolchain portion of runtime path of "/home/guo/ITL_sentry_auto_new/install/tracker/lib/tracker/tracker_node" to ""
-- Up-to-date: /home/guo/ITL_sentry_auto_new/install/tracker/lib/libtracker_lib.a
-- Up-to-date: /home/guo/ITL_sentry_auto_new/install/tracker/include
-- Up-to-date: /home/guo/ITL_sentry_auto_new/install/tracker/include/tracker.hpp
-- Up-to-date: /home/guo/ITL_sentry_auto_new/install/tracker/include/tracker_node.hpp
-- Up-to-date: /home/guo/ITL_sentry_auto_new/install/tracker/share/tracker/environment/library_path.sh
-- Up-to-date: /home/guo/ITL_sentry_auto_new/install/tracker/share/tracker/environment/library_path.dsv
-- Up-to-date: /home/guo/ITL_sentry_auto_new/install/tracker/share/ament_index/resource_index/package_run_dependencies/tracker
-- Up-to-date: /home/guo/ITL_sentry_auto_new/install/tracker/share/ament_index/resource_index/parent_prefix_path/tracker
-- Up-to-date: /home/guo/ITL_sentry_auto_new/install/tracker/share/tracker/environment/ament_prefix_path.sh
-- Up-to-date: /home/guo/ITL_sentry_auto_new/install/tracker/share/tracker/environment/ament_prefix_path.dsv
-- Up-to-date: /home/guo/ITL_sentry_auto_new/install/tracker/share/tracker/environment/path.sh
-- Up-to-date: /home/guo/ITL_sentry_auto_new/install/tracker/share/tracker/environment/path.dsv
-- Up-to-date: /home/guo/ITL_sentry_auto_new/install/tracker/share/tracker/local_setup.bash
-- Up-to-date: /home/guo/ITL_sentry_auto_new/install/tracker/share/tracker/local_setup.sh
-- Up-to-date: /home/guo/ITL_sentry_auto_new/install/tracker/share/tracker/local_setup.zsh
-- Up-to-date: /home/guo/ITL_sentry_auto_new/install/tracker/share/tracker/local_setup.dsv
-- Installing: /home/guo/ITL_sentry_auto_new/install/tracker/share/tracker/package.dsv
-- Up-to-date: /home/guo/ITL_sentry_auto_new/install/tracker/share/ament_index/resource_index/packages/tracker
-- Up-to-date: /home/guo/ITL_sentry_auto_new/install/tracker/share/tracker/cmake/ament_cmake_export_include_directories-extras.cmake
-- Up-to-date: /home/guo/ITL_sentry_auto_new/install/tracker/share/tracker/cmake/ament_cmake_export_libraries-extras.cmake
-- Up-to-date: /home/guo/ITL_sentry_auto_new/install/tracker/share/tracker/cmake/ament_cmake_export_dependencies-extras.cmake
-- Up-to-date: /home/guo/ITL_sentry_auto_new/install/tracker/share/tracker/cmake/trackerConfig.cmake
-- Up-to-date: /home/guo/ITL_sentry_auto_new/install/tracker/share/tracker/cmake/trackerConfig-version.cmake
-- Up-to-date: /home/guo/ITL_sentry_auto_new/install/tracker/share/tracker/package.xml
