[  1%] Built target autoaim_msgs__rosidl_generator_type_description
[  1%] Built target ament_cmake_python_copy_autoaim_msgs
[  1%] Built target autoaim_msgs__cpp
[ 26%] Built target autoaim_msgs__rosidl_generator_c
[ 36%] Built target autoaim_msgs__rosidl_typesupport_c
[ 46%] Built target autoaim_msgs__rosidl_typesupport_introspection_c
[ 55%] Built target autoaim_msgs__rosidl_typesupport_fastrtps_cpp
[ 65%] Built target autoaim_msgs__rosidl_typesupport_fastrtps_c
[ 75%] Built target autoaim_msgs__rosidl_typesupport_introspection_cpp
[ 84%] Built target autoaim_msgs__rosidl_typesupport_cpp
[ 84%] Built target autoaim_msgs
[ 85%] Built target autoaim_msgs__py
[ 94%] Built target autoaim_msgs__rosidl_generator_py
[ 96%] Built target autoaim_msgs__rosidl_typesupport_introspection_c__pyext
[ 98%] Built target autoaim_msgs__rosidl_typesupport_c__pyext
[100%] Built target autoaim_msgs__rosidl_typesupport_fastrtps_c__pyext
running egg_info
writing autoaim_msgs.egg-info/PKG-INFO
writing dependency_links to autoaim_msgs.egg-info/dependency_links.txt
writing top-level names to autoaim_msgs.egg-info/top_level.txt
reading manifest file 'autoaim_msgs.egg-info/SOURCES.txt'
writing manifest file 'autoaim_msgs.egg-info/SOURCES.txt'
[100%] Built target ament_cmake_python_build_autoaim_msgs_egg
-- Install configuration: ""
-- Up-to-date: /home/guo/ITL_sentry_auto_new/install/autoaim_msgs/share/ament_index/resource_index/rosidl_interfaces/autoaim_msgs
-- Up-to-date: /home/guo/ITL_sentry_auto_new/install/autoaim_msgs/share/autoaim_msgs/msg/Target.json
-- Up-to-date: /home/guo/ITL_sentry_auto_new/install/autoaim_msgs/share/autoaim_msgs/msg/Targets.json
-- Up-to-date: /home/guo/ITL_sentry_auto_new/install/autoaim_msgs/share/autoaim_msgs/msg/Armor.json
-- Up-to-date: /home/guo/ITL_sentry_auto_new/install/autoaim_msgs/share/autoaim_msgs/msg/Armorresult.json
-- Up-to-date: /home/guo/ITL_sentry_auto_new/install/autoaim_msgs/share/autoaim_msgs/msg/Prediction.json
-- Up-to-date: /home/guo/ITL_sentry_auto_new/install/autoaim_msgs/share/autoaim_msgs/msg/Predictions.json
-- Up-to-date: /home/guo/ITL_sentry_auto_new/install/autoaim_msgs/share/autoaim_msgs/msg/Serialcmd.json
-- Up-to-date: /home/guo/ITL_sentry_auto_new/install/autoaim_msgs/share/autoaim_msgs/msg/Debug.json
-- Up-to-date: /home/guo/ITL_sentry_auto_new/install/autoaim_msgs/include/autoaim_msgs/autoaim_msgs
-- Up-to-date: /home/guo/ITL_sentry_auto_new/install/autoaim_msgs/include/autoaim_msgs/autoaim_msgs/msg
-- Up-to-date: /home/guo/ITL_sentry_auto_new/install/autoaim_msgs/include/autoaim_msgs/autoaim_msgs/msg/serialcmd.h
-- Up-to-date: /home/guo/ITL_sentry_auto_new/install/autoaim_msgs/include/autoaim_msgs/autoaim_msgs/msg/rosidl_generator_c__visibility_control.h
-- Up-to-date: /home/guo/ITL_sentry_auto_new/install/autoaim_msgs/include/autoaim_msgs/autoaim_msgs/msg/detail
-- Up-to-date: /home/guo/ITL_sentry_auto_new/install/autoaim_msgs/include/autoaim_msgs/autoaim_msgs/msg/detail/target__type_support.h
-- Up-to-date: /home/guo/ITL_sentry_auto_new/install/autoaim_msgs/include/autoaim_msgs/autoaim_msgs/msg/detail/armorresult__type_support.c
-- Up-to-date: /home/guo/ITL_sentry_auto_new/install/autoaim_msgs/include/autoaim_msgs/autoaim_msgs/msg/detail/predictions__type_support.c
-- Up-to-date: /home/guo/ITL_sentry_auto_new/install/autoaim_msgs/include/autoaim_msgs/autoaim_msgs/msg/detail/targets__functions.h
-- Up-to-date: /home/guo/ITL_sentry_auto_new/install/autoaim_msgs/include/autoaim_msgs/autoaim_msgs/msg/detail/target__description.c
-- Up-to-date: /home/guo/ITL_sentry_auto_new/install/autoaim_msgs/include/autoaim_msgs/autoaim_msgs/msg/detail/predictions__type_support.h
-- Up-to-date: /home/guo/ITL_sentry_auto_new/install/autoaim_msgs/include/autoaim_msgs/autoaim_msgs/msg/detail/prediction__type_support.h
-- Up-to-date: /home/guo/ITL_sentry_auto_new/install/autoaim_msgs/include/autoaim_msgs/autoaim_msgs/msg/detail/predictions__struct.h
-- Up-to-date: /home/guo/ITL_sentry_auto_new/install/autoaim_msgs/include/autoaim_msgs/autoaim_msgs/msg/detail/armor__functions.c
-- Up-to-date: /home/guo/ITL_sentry_auto_new/install/autoaim_msgs/include/autoaim_msgs/autoaim_msgs/msg/detail/serialcmd__functions.h
-- Up-to-date: /home/guo/ITL_sentry_auto_new/install/autoaim_msgs/include/autoaim_msgs/autoaim_msgs/msg/detail/targets__type_support.c
-- Up-to-date: /home/guo/ITL_sentry_auto_new/install/autoaim_msgs/include/autoaim_msgs/autoaim_msgs/msg/detail/prediction__functions.h
-- Up-to-date: /home/guo/ITL_sentry_auto_new/install/autoaim_msgs/include/autoaim_msgs/autoaim_msgs/msg/detail/serialcmd__functions.c
-- Up-to-date: /home/guo/ITL_sentry_auto_new/install/autoaim_msgs/include/autoaim_msgs/autoaim_msgs/msg/detail/debug__functions.h
-- Up-to-date: /home/guo/ITL_sentry_auto_new/install/autoaim_msgs/include/autoaim_msgs/autoaim_msgs/msg/detail/armor__functions.h
-- Up-to-date: /home/guo/ITL_sentry_auto_new/install/autoaim_msgs/include/autoaim_msgs/autoaim_msgs/msg/detail/target__functions.c
-- Up-to-date: /home/guo/ITL_sentry_auto_new/install/autoaim_msgs/include/autoaim_msgs/autoaim_msgs/msg/detail/serialcmd__type_support.c
-- Up-to-date: /home/guo/ITL_sentry_auto_new/install/autoaim_msgs/include/autoaim_msgs/autoaim_msgs/msg/detail/debug__type_support.h
-- Up-to-date: /home/guo/ITL_sentry_auto_new/install/autoaim_msgs/include/autoaim_msgs/autoaim_msgs/msg/detail/predictions__functions.h
-- Up-to-date: /home/guo/ITL_sentry_auto_new/install/autoaim_msgs/include/autoaim_msgs/autoaim_msgs/msg/detail/armorresult__functions.c
-- Up-to-date: /home/guo/ITL_sentry_auto_new/install/autoaim_msgs/include/autoaim_msgs/autoaim_msgs/msg/detail/armor__description.c
-- Up-to-date: /home/guo/ITL_sentry_auto_new/install/autoaim_msgs/include/autoaim_msgs/autoaim_msgs/msg/detail/prediction__struct.h
-- Up-to-date: /home/guo/ITL_sentry_auto_new/install/autoaim_msgs/include/autoaim_msgs/autoaim_msgs/msg/detail/armorresult__description.c
-- Up-to-date: /home/guo/ITL_sentry_auto_new/install/autoaim_msgs/include/autoaim_msgs/autoaim_msgs/msg/detail/targets__description.c
-- Up-to-date: /home/guo/ITL_sentry_auto_new/install/autoaim_msgs/include/autoaim_msgs/autoaim_msgs/msg/detail/target__functions.h
-- Up-to-date: /home/guo/ITL_sentry_auto_new/install/autoaim_msgs/include/autoaim_msgs/autoaim_msgs/msg/detail/predictions__functions.c
-- Up-to-date: /home/guo/ITL_sentry_auto_new/install/autoaim_msgs/include/autoaim_msgs/autoaim_msgs/msg/detail/serialcmd__struct.h
-- Up-to-date: /home/guo/ITL_sentry_auto_new/install/autoaim_msgs/include/autoaim_msgs/autoaim_msgs/msg/detail/armor__struct.h
-- Up-to-date: /home/guo/ITL_sentry_auto_new/install/autoaim_msgs/include/autoaim_msgs/autoaim_msgs/msg/detail/serialcmd__type_support.h
-- Up-to-date: /home/guo/ITL_sentry_auto_new/install/autoaim_msgs/include/autoaim_msgs/autoaim_msgs/msg/detail/predictions__description.c
-- Up-to-date: /home/guo/ITL_sentry_auto_new/install/autoaim_msgs/include/autoaim_msgs/autoaim_msgs/msg/detail/armor__type_support.c
-- Up-to-date: /home/guo/ITL_sentry_auto_new/install/autoaim_msgs/include/autoaim_msgs/autoaim_msgs/msg/detail/debug__type_support.c
-- Up-to-date: /home/guo/ITL_sentry_auto_new/install/autoaim_msgs/include/autoaim_msgs/autoaim_msgs/msg/detail/serialcmd__description.c
-- Up-to-date: /home/guo/ITL_sentry_auto_new/install/autoaim_msgs/include/autoaim_msgs/autoaim_msgs/msg/detail/prediction__functions.c
-- Up-to-date: /home/guo/ITL_sentry_auto_new/install/autoaim_msgs/include/autoaim_msgs/autoaim_msgs/msg/detail/debug__functions.c
-- Up-to-date: /home/guo/ITL_sentry_auto_new/install/autoaim_msgs/include/autoaim_msgs/autoaim_msgs/msg/detail/debug__struct.h
-- Up-to-date: /home/guo/ITL_sentry_auto_new/install/autoaim_msgs/include/autoaim_msgs/autoaim_msgs/msg/detail/prediction__description.c
-- Up-to-date: /home/guo/ITL_sentry_auto_new/install/autoaim_msgs/include/autoaim_msgs/autoaim_msgs/msg/detail/armor__type_support.h
-- Up-to-date: /home/guo/ITL_sentry_auto_new/install/autoaim_msgs/include/autoaim_msgs/autoaim_msgs/msg/detail/armorresult__type_support.h
-- Up-to-date: /home/guo/ITL_sentry_auto_new/install/autoaim_msgs/include/autoaim_msgs/autoaim_msgs/msg/detail/armorresult__struct.h
-- Up-to-date: /home/guo/ITL_sentry_auto_new/install/autoaim_msgs/include/autoaim_msgs/autoaim_msgs/msg/detail/target__type_support.c
-- Up-to-date: /home/guo/ITL_sentry_auto_new/install/autoaim_msgs/include/autoaim_msgs/autoaim_msgs/msg/detail/targets__struct.h
-- Up-to-date: /home/guo/ITL_sentry_auto_new/install/autoaim_msgs/include/autoaim_msgs/autoaim_msgs/msg/detail/debug__description.c
-- Up-to-date: /home/guo/ITL_sentry_auto_new/install/autoaim_msgs/include/autoaim_msgs/autoaim_msgs/msg/detail/targets__type_support.h
-- Up-to-date: /home/guo/ITL_sentry_auto_new/install/autoaim_msgs/include/autoaim_msgs/autoaim_msgs/msg/detail/targets__functions.c
-- Up-to-date: /home/guo/ITL_sentry_auto_new/install/autoaim_msgs/include/autoaim_msgs/autoaim_msgs/msg/detail/armorresult__functions.h
-- Up-to-date: /home/guo/ITL_sentry_auto_new/install/autoaim_msgs/include/autoaim_msgs/autoaim_msgs/msg/detail/prediction__type_support.c
-- Up-to-date: /home/guo/ITL_sentry_auto_new/install/autoaim_msgs/include/autoaim_msgs/autoaim_msgs/msg/detail/target__struct.h
-- Up-to-date: /home/guo/ITL_sentry_auto_new/install/autoaim_msgs/include/autoaim_msgs/autoaim_msgs/msg/target.h
-- Up-to-date: /home/guo/ITL_sentry_auto_new/install/autoaim_msgs/include/autoaim_msgs/autoaim_msgs/msg/prediction.h
-- Up-to-date: /home/guo/ITL_sentry_auto_new/install/autoaim_msgs/include/autoaim_msgs/autoaim_msgs/msg/armorresult.h
-- Up-to-date: /home/guo/ITL_sentry_auto_new/install/autoaim_msgs/include/autoaim_msgs/autoaim_msgs/msg/predictions.h
-- Up-to-date: /home/guo/ITL_sentry_auto_new/install/autoaim_msgs/include/autoaim_msgs/autoaim_msgs/msg/armor.h
-- Up-to-date: /home/guo/ITL_sentry_auto_new/install/autoaim_msgs/include/autoaim_msgs/autoaim_msgs/msg/debug.h
-- Up-to-date: /home/guo/ITL_sentry_auto_new/install/autoaim_msgs/include/autoaim_msgs/autoaim_msgs/msg/targets.h
-- Up-to-date: /home/guo/ITL_sentry_auto_new/install/autoaim_msgs/share/autoaim_msgs/environment/library_path.sh
-- Up-to-date: /home/guo/ITL_sentry_auto_new/install/autoaim_msgs/share/autoaim_msgs/environment/library_path.dsv
-- Up-to-date: /home/guo/ITL_sentry_auto_new/install/autoaim_msgs/lib/libautoaim_msgs__rosidl_generator_c.so
-- Up-to-date: /home/guo/ITL_sentry_auto_new/install/autoaim_msgs/include/autoaim_msgs/autoaim_msgs
-- Up-to-date: /home/guo/ITL_sentry_auto_new/install/autoaim_msgs/include/autoaim_msgs/autoaim_msgs/msg
-- Up-to-date: /home/guo/ITL_sentry_auto_new/install/autoaim_msgs/include/autoaim_msgs/autoaim_msgs/msg/detail
-- Up-to-date: /home/guo/ITL_sentry_auto_new/install/autoaim_msgs/include/autoaim_msgs/autoaim_msgs/msg/detail/predictions__rosidl_typesupport_fastrtps_c.h
-- Up-to-date: /home/guo/ITL_sentry_auto_new/install/autoaim_msgs/include/autoaim_msgs/autoaim_msgs/msg/detail/debug__rosidl_typesupport_fastrtps_c.h
-- Up-to-date: /home/guo/ITL_sentry_auto_new/install/autoaim_msgs/include/autoaim_msgs/autoaim_msgs/msg/detail/serialcmd__rosidl_typesupport_fastrtps_c.h
-- Up-to-date: /home/guo/ITL_sentry_auto_new/install/autoaim_msgs/include/autoaim_msgs/autoaim_msgs/msg/detail/prediction__rosidl_typesupport_fastrtps_c.h
-- Up-to-date: /home/guo/ITL_sentry_auto_new/install/autoaim_msgs/include/autoaim_msgs/autoaim_msgs/msg/detail/targets__rosidl_typesupport_fastrtps_c.h
-- Up-to-date: /home/guo/ITL_sentry_auto_new/install/autoaim_msgs/include/autoaim_msgs/autoaim_msgs/msg/detail/armor__rosidl_typesupport_fastrtps_c.h
-- Up-to-date: /home/guo/ITL_sentry_auto_new/install/autoaim_msgs/include/autoaim_msgs/autoaim_msgs/msg/detail/target__rosidl_typesupport_fastrtps_c.h
-- Up-to-date: /home/guo/ITL_sentry_auto_new/install/autoaim_msgs/include/autoaim_msgs/autoaim_msgs/msg/detail/armorresult__rosidl_typesupport_fastrtps_c.h
-- Up-to-date: /home/guo/ITL_sentry_auto_new/install/autoaim_msgs/include/autoaim_msgs/autoaim_msgs/msg/rosidl_typesupport_fastrtps_c__visibility_control.h
-- Up-to-date: /home/guo/ITL_sentry_auto_new/install/autoaim_msgs/lib/libautoaim_msgs__rosidl_typesupport_fastrtps_c.so
-- Up-to-date: /home/guo/ITL_sentry_auto_new/install/autoaim_msgs/include/autoaim_msgs/autoaim_msgs
-- Up-to-date: /home/guo/ITL_sentry_auto_new/install/autoaim_msgs/include/autoaim_msgs/autoaim_msgs/msg
-- Up-to-date: /home/guo/ITL_sentry_auto_new/install/autoaim_msgs/include/autoaim_msgs/autoaim_msgs/msg/rosidl_typesupport_introspection_c__visibility_control.h
-- Up-to-date: /home/guo/ITL_sentry_auto_new/install/autoaim_msgs/include/autoaim_msgs/autoaim_msgs/msg/detail
-- Up-to-date: /home/guo/ITL_sentry_auto_new/install/autoaim_msgs/include/autoaim_msgs/autoaim_msgs/msg/detail/armorresult__type_support.c
-- Up-to-date: /home/guo/ITL_sentry_auto_new/install/autoaim_msgs/include/autoaim_msgs/autoaim_msgs/msg/detail/predictions__type_support.c
-- Up-to-date: /home/guo/ITL_sentry_auto_new/install/autoaim_msgs/include/autoaim_msgs/autoaim_msgs/msg/detail/prediction__rosidl_typesupport_introspection_c.h
-- Up-to-date: /home/guo/ITL_sentry_auto_new/install/autoaim_msgs/include/autoaim_msgs/autoaim_msgs/msg/detail/targets__type_support.c
-- Up-to-date: /home/guo/ITL_sentry_auto_new/install/autoaim_msgs/include/autoaim_msgs/autoaim_msgs/msg/detail/armor__rosidl_typesupport_introspection_c.h
-- Up-to-date: /home/guo/ITL_sentry_auto_new/install/autoaim_msgs/include/autoaim_msgs/autoaim_msgs/msg/detail/serialcmd__type_support.c
-- Up-to-date: /home/guo/ITL_sentry_auto_new/install/autoaim_msgs/include/autoaim_msgs/autoaim_msgs/msg/detail/armorresult__rosidl_typesupport_introspection_c.h
-- Up-to-date: /home/guo/ITL_sentry_auto_new/install/autoaim_msgs/include/autoaim_msgs/autoaim_msgs/msg/detail/target__rosidl_typesupport_introspection_c.h
-- Up-to-date: /home/guo/ITL_sentry_auto_new/install/autoaim_msgs/include/autoaim_msgs/autoaim_msgs/msg/detail/debug__rosidl_typesupport_introspection_c.h
-- Up-to-date: /home/guo/ITL_sentry_auto_new/install/autoaim_msgs/include/autoaim_msgs/autoaim_msgs/msg/detail/predictions__rosidl_typesupport_introspection_c.h
-- Up-to-date: /home/guo/ITL_sentry_auto_new/install/autoaim_msgs/include/autoaim_msgs/autoaim_msgs/msg/detail/armor__type_support.c
-- Up-to-date: /home/guo/ITL_sentry_auto_new/install/autoaim_msgs/include/autoaim_msgs/autoaim_msgs/msg/detail/debug__type_support.c
-- Up-to-date: /home/guo/ITL_sentry_auto_new/install/autoaim_msgs/include/autoaim_msgs/autoaim_msgs/msg/detail/serialcmd__rosidl_typesupport_introspection_c.h
-- Up-to-date: /home/guo/ITL_sentry_auto_new/install/autoaim_msgs/include/autoaim_msgs/autoaim_msgs/msg/detail/target__type_support.c
-- Up-to-date: /home/guo/ITL_sentry_auto_new/install/autoaim_msgs/include/autoaim_msgs/autoaim_msgs/msg/detail/prediction__type_support.c
-- Up-to-date: /home/guo/ITL_sentry_auto_new/install/autoaim_msgs/include/autoaim_msgs/autoaim_msgs/msg/detail/targets__rosidl_typesupport_introspection_c.h
-- Up-to-date: /home/guo/ITL_sentry_auto_new/install/autoaim_msgs/lib/libautoaim_msgs__rosidl_typesupport_introspection_c.so
-- Up-to-date: /home/guo/ITL_sentry_auto_new/install/autoaim_msgs/lib/libautoaim_msgs__rosidl_typesupport_c.so
-- Up-to-date: /home/guo/ITL_sentry_auto_new/install/autoaim_msgs/include/autoaim_msgs/autoaim_msgs
-- Up-to-date: /home/guo/ITL_sentry_auto_new/install/autoaim_msgs/include/autoaim_msgs/autoaim_msgs/msg
-- Up-to-date: /home/guo/ITL_sentry_auto_new/install/autoaim_msgs/include/autoaim_msgs/autoaim_msgs/msg/targets.hpp
-- Up-to-date: /home/guo/ITL_sentry_auto_new/install/autoaim_msgs/include/autoaim_msgs/autoaim_msgs/msg/armor.hpp
-- Up-to-date: /home/guo/ITL_sentry_auto_new/install/autoaim_msgs/include/autoaim_msgs/autoaim_msgs/msg/debug.hpp
-- Up-to-date: /home/guo/ITL_sentry_auto_new/install/autoaim_msgs/include/autoaim_msgs/autoaim_msgs/msg/detail
-- Up-to-date: /home/guo/ITL_sentry_auto_new/install/autoaim_msgs/include/autoaim_msgs/autoaim_msgs/msg/detail/serialcmd__traits.hpp
-- Up-to-date: /home/guo/ITL_sentry_auto_new/install/autoaim_msgs/include/autoaim_msgs/autoaim_msgs/msg/detail/debug__type_support.hpp
-- Up-to-date: /home/guo/ITL_sentry_auto_new/install/autoaim_msgs/include/autoaim_msgs/autoaim_msgs/msg/detail/targets__type_support.hpp
-- Up-to-date: /home/guo/ITL_sentry_auto_new/install/autoaim_msgs/include/autoaim_msgs/autoaim_msgs/msg/detail/predictions__builder.hpp
-- Up-to-date: /home/guo/ITL_sentry_auto_new/install/autoaim_msgs/include/autoaim_msgs/autoaim_msgs/msg/detail/armor__traits.hpp
-- Up-to-date: /home/guo/ITL_sentry_auto_new/install/autoaim_msgs/include/autoaim_msgs/autoaim_msgs/msg/detail/armorresult__traits.hpp
-- Up-to-date: /home/guo/ITL_sentry_auto_new/install/autoaim_msgs/include/autoaim_msgs/autoaim_msgs/msg/detail/targets__struct.hpp
-- Up-to-date: /home/guo/ITL_sentry_auto_new/install/autoaim_msgs/include/autoaim_msgs/autoaim_msgs/msg/detail/targets__traits.hpp
-- Up-to-date: /home/guo/ITL_sentry_auto_new/install/autoaim_msgs/include/autoaim_msgs/autoaim_msgs/msg/detail/armorresult__type_support.hpp
-- Up-to-date: /home/guo/ITL_sentry_auto_new/install/autoaim_msgs/include/autoaim_msgs/autoaim_msgs/msg/detail/prediction__builder.hpp
-- Up-to-date: /home/guo/ITL_sentry_auto_new/install/autoaim_msgs/include/autoaim_msgs/autoaim_msgs/msg/detail/armor__type_support.hpp
-- Up-to-date: /home/guo/ITL_sentry_auto_new/install/autoaim_msgs/include/autoaim_msgs/autoaim_msgs/msg/detail/serialcmd__builder.hpp
-- Up-to-date: /home/guo/ITL_sentry_auto_new/install/autoaim_msgs/include/autoaim_msgs/autoaim_msgs/msg/detail/predictions__traits.hpp
-- Up-to-date: /home/guo/ITL_sentry_auto_new/install/autoaim_msgs/include/autoaim_msgs/autoaim_msgs/msg/detail/armorresult__builder.hpp
-- Up-to-date: /home/guo/ITL_sentry_auto_new/install/autoaim_msgs/include/autoaim_msgs/autoaim_msgs/msg/detail/predictions__struct.hpp
-- Up-to-date: /home/guo/ITL_sentry_auto_new/install/autoaim_msgs/include/autoaim_msgs/autoaim_msgs/msg/detail/target__traits.hpp
-- Up-to-date: /home/guo/ITL_sentry_auto_new/install/autoaim_msgs/include/autoaim_msgs/autoaim_msgs/msg/detail/prediction__type_support.hpp
-- Up-to-date: /home/guo/ITL_sentry_auto_new/install/autoaim_msgs/include/autoaim_msgs/autoaim_msgs/msg/detail/serialcmd__type_support.hpp
-- Up-to-date: /home/guo/ITL_sentry_auto_new/install/autoaim_msgs/include/autoaim_msgs/autoaim_msgs/msg/detail/armorresult__struct.hpp
-- Up-to-date: /home/guo/ITL_sentry_auto_new/install/autoaim_msgs/include/autoaim_msgs/autoaim_msgs/msg/detail/targets__builder.hpp
-- Up-to-date: /home/guo/ITL_sentry_auto_new/install/autoaim_msgs/include/autoaim_msgs/autoaim_msgs/msg/detail/target__type_support.hpp
-- Up-to-date: /home/guo/ITL_sentry_auto_new/install/autoaim_msgs/include/autoaim_msgs/autoaim_msgs/msg/detail/debug__struct.hpp
-- Up-to-date: /home/guo/ITL_sentry_auto_new/install/autoaim_msgs/include/autoaim_msgs/autoaim_msgs/msg/detail/prediction__traits.hpp
-- Up-to-date: /home/guo/ITL_sentry_auto_new/install/autoaim_msgs/include/autoaim_msgs/autoaim_msgs/msg/detail/target__builder.hpp
-- Up-to-date: /home/guo/ITL_sentry_auto_new/install/autoaim_msgs/include/autoaim_msgs/autoaim_msgs/msg/detail/debug__builder.hpp
-- Up-to-date: /home/guo/ITL_sentry_auto_new/install/autoaim_msgs/include/autoaim_msgs/autoaim_msgs/msg/detail/serialcmd__struct.hpp
-- Up-to-date: /home/guo/ITL_sentry_auto_new/install/autoaim_msgs/include/autoaim_msgs/autoaim_msgs/msg/detail/target__struct.hpp
-- Up-to-date: /home/guo/ITL_sentry_auto_new/install/autoaim_msgs/include/autoaim_msgs/autoaim_msgs/msg/detail/prediction__struct.hpp
-- Up-to-date: /home/guo/ITL_sentry_auto_new/install/autoaim_msgs/include/autoaim_msgs/autoaim_msgs/msg/detail/armor__builder.hpp
-- Up-to-date: /home/guo/ITL_sentry_auto_new/install/autoaim_msgs/include/autoaim_msgs/autoaim_msgs/msg/detail/armor__struct.hpp
-- Up-to-date: /home/guo/ITL_sentry_auto_new/install/autoaim_msgs/include/autoaim_msgs/autoaim_msgs/msg/detail/debug__traits.hpp
-- Up-to-date: /home/guo/ITL_sentry_auto_new/install/autoaim_msgs/include/autoaim_msgs/autoaim_msgs/msg/detail/predictions__type_support.hpp
-- Up-to-date: /home/guo/ITL_sentry_auto_new/install/autoaim_msgs/include/autoaim_msgs/autoaim_msgs/msg/predictions.hpp
-- Up-to-date: /home/guo/ITL_sentry_auto_new/install/autoaim_msgs/include/autoaim_msgs/autoaim_msgs/msg/serialcmd.hpp
-- Up-to-date: /home/guo/ITL_sentry_auto_new/install/autoaim_msgs/include/autoaim_msgs/autoaim_msgs/msg/armorresult.hpp
-- Up-to-date: /home/guo/ITL_sentry_auto_new/install/autoaim_msgs/include/autoaim_msgs/autoaim_msgs/msg/target.hpp
-- Up-to-date: /home/guo/ITL_sentry_auto_new/install/autoaim_msgs/include/autoaim_msgs/autoaim_msgs/msg/rosidl_generator_cpp__visibility_control.hpp
-- Up-to-date: /home/guo/ITL_sentry_auto_new/install/autoaim_msgs/include/autoaim_msgs/autoaim_msgs/msg/prediction.hpp
-- Up-to-date: /home/guo/ITL_sentry_auto_new/install/autoaim_msgs/include/autoaim_msgs/autoaim_msgs
-- Up-to-date: /home/guo/ITL_sentry_auto_new/install/autoaim_msgs/include/autoaim_msgs/autoaim_msgs/msg
-- Up-to-date: /home/guo/ITL_sentry_auto_new/install/autoaim_msgs/include/autoaim_msgs/autoaim_msgs/msg/rosidl_typesupport_fastrtps_cpp__visibility_control.h
-- Up-to-date: /home/guo/ITL_sentry_auto_new/install/autoaim_msgs/include/autoaim_msgs/autoaim_msgs/msg/detail
-- Up-to-date: /home/guo/ITL_sentry_auto_new/install/autoaim_msgs/include/autoaim_msgs/autoaim_msgs/msg/detail/prediction__rosidl_typesupport_fastrtps_cpp.hpp
-- Up-to-date: /home/guo/ITL_sentry_auto_new/install/autoaim_msgs/include/autoaim_msgs/autoaim_msgs/msg/detail/targets__rosidl_typesupport_fastrtps_cpp.hpp
-- Up-to-date: /home/guo/ITL_sentry_auto_new/install/autoaim_msgs/include/autoaim_msgs/autoaim_msgs/msg/detail/target__rosidl_typesupport_fastrtps_cpp.hpp
-- Up-to-date: /home/guo/ITL_sentry_auto_new/install/autoaim_msgs/include/autoaim_msgs/autoaim_msgs/msg/detail/armorresult__rosidl_typesupport_fastrtps_cpp.hpp
-- Up-to-date: /home/guo/ITL_sentry_auto_new/install/autoaim_msgs/include/autoaim_msgs/autoaim_msgs/msg/detail/serialcmd__rosidl_typesupport_fastrtps_cpp.hpp
-- Up-to-date: /home/guo/ITL_sentry_auto_new/install/autoaim_msgs/include/autoaim_msgs/autoaim_msgs/msg/detail/debug__rosidl_typesupport_fastrtps_cpp.hpp
-- Up-to-date: /home/guo/ITL_sentry_auto_new/install/autoaim_msgs/include/autoaim_msgs/autoaim_msgs/msg/detail/dds_fastrtps
-- Up-to-date: /home/guo/ITL_sentry_auto_new/install/autoaim_msgs/include/autoaim_msgs/autoaim_msgs/msg/detail/armor__rosidl_typesupport_fastrtps_cpp.hpp
-- Up-to-date: /home/guo/ITL_sentry_auto_new/install/autoaim_msgs/include/autoaim_msgs/autoaim_msgs/msg/detail/predictions__rosidl_typesupport_fastrtps_cpp.hpp
-- Up-to-date: /home/guo/ITL_sentry_auto_new/install/autoaim_msgs/lib/libautoaim_msgs__rosidl_typesupport_fastrtps_cpp.so
-- Up-to-date: /home/guo/ITL_sentry_auto_new/install/autoaim_msgs/include/autoaim_msgs/autoaim_msgs
-- Up-to-date: /home/guo/ITL_sentry_auto_new/install/autoaim_msgs/include/autoaim_msgs/autoaim_msgs/msg
-- Up-to-date: /home/guo/ITL_sentry_auto_new/install/autoaim_msgs/include/autoaim_msgs/autoaim_msgs/msg/detail
-- Up-to-date: /home/guo/ITL_sentry_auto_new/install/autoaim_msgs/include/autoaim_msgs/autoaim_msgs/msg/detail/target__type_support.cpp
-- Up-to-date: /home/guo/ITL_sentry_auto_new/install/autoaim_msgs/include/autoaim_msgs/autoaim_msgs/msg/detail/armorresult__type_support.cpp
-- Up-to-date: /home/guo/ITL_sentry_auto_new/install/autoaim_msgs/include/autoaim_msgs/autoaim_msgs/msg/detail/predictions__rosidl_typesupport_introspection_cpp.hpp
-- Up-to-date: /home/guo/ITL_sentry_auto_new/install/autoaim_msgs/include/autoaim_msgs/autoaim_msgs/msg/detail/serialcmd__type_support.cpp
-- Up-to-date: /home/guo/ITL_sentry_auto_new/install/autoaim_msgs/include/autoaim_msgs/autoaim_msgs/msg/detail/armor__type_support.cpp
-- Up-to-date: /home/guo/ITL_sentry_auto_new/install/autoaim_msgs/include/autoaim_msgs/autoaim_msgs/msg/detail/serialcmd__rosidl_typesupport_introspection_cpp.hpp
-- Up-to-date: /home/guo/ITL_sentry_auto_new/install/autoaim_msgs/include/autoaim_msgs/autoaim_msgs/msg/detail/debug__type_support.cpp
-- Up-to-date: /home/guo/ITL_sentry_auto_new/install/autoaim_msgs/include/autoaim_msgs/autoaim_msgs/msg/detail/armorresult__rosidl_typesupport_introspection_cpp.hpp
-- Up-to-date: /home/guo/ITL_sentry_auto_new/install/autoaim_msgs/include/autoaim_msgs/autoaim_msgs/msg/detail/prediction__rosidl_typesupport_introspection_cpp.hpp
-- Up-to-date: /home/guo/ITL_sentry_auto_new/install/autoaim_msgs/include/autoaim_msgs/autoaim_msgs/msg/detail/targets__rosidl_typesupport_introspection_cpp.hpp
-- Up-to-date: /home/guo/ITL_sentry_auto_new/install/autoaim_msgs/include/autoaim_msgs/autoaim_msgs/msg/detail/predictions__type_support.cpp
-- Up-to-date: /home/guo/ITL_sentry_auto_new/install/autoaim_msgs/include/autoaim_msgs/autoaim_msgs/msg/detail/targets__type_support.cpp
-- Up-to-date: /home/guo/ITL_sentry_auto_new/install/autoaim_msgs/include/autoaim_msgs/autoaim_msgs/msg/detail/armor__rosidl_typesupport_introspection_cpp.hpp
-- Up-to-date: /home/guo/ITL_sentry_auto_new/install/autoaim_msgs/include/autoaim_msgs/autoaim_msgs/msg/detail/prediction__type_support.cpp
-- Up-to-date: /home/guo/ITL_sentry_auto_new/install/autoaim_msgs/include/autoaim_msgs/autoaim_msgs/msg/detail/target__rosidl_typesupport_introspection_cpp.hpp
-- Up-to-date: /home/guo/ITL_sentry_auto_new/install/autoaim_msgs/include/autoaim_msgs/autoaim_msgs/msg/detail/debug__rosidl_typesupport_introspection_cpp.hpp
-- Up-to-date: /home/guo/ITL_sentry_auto_new/install/autoaim_msgs/lib/libautoaim_msgs__rosidl_typesupport_introspection_cpp.so
-- Up-to-date: /home/guo/ITL_sentry_auto_new/install/autoaim_msgs/lib/libautoaim_msgs__rosidl_typesupport_cpp.so
-- Up-to-date: /home/guo/ITL_sentry_auto_new/install/autoaim_msgs/share/autoaim_msgs/environment/pythonpath.sh
-- Up-to-date: /home/guo/ITL_sentry_auto_new/install/autoaim_msgs/share/autoaim_msgs/environment/pythonpath.dsv
-- Up-to-date: /home/guo/ITL_sentry_auto_new/install/autoaim_msgs/lib/python3.10/site-packages/autoaim_msgs-0.0.1-py3.10.egg-info
-- Installing: /home/guo/ITL_sentry_auto_new/install/autoaim_msgs/lib/python3.10/site-packages/autoaim_msgs-0.0.1-py3.10.egg-info/dependency_links.txt
-- Installing: /home/guo/ITL_sentry_auto_new/install/autoaim_msgs/lib/python3.10/site-packages/autoaim_msgs-0.0.1-py3.10.egg-info/top_level.txt
-- Installing: /home/guo/ITL_sentry_auto_new/install/autoaim_msgs/lib/python3.10/site-packages/autoaim_msgs-0.0.1-py3.10.egg-info/PKG-INFO
-- Installing: /home/guo/ITL_sentry_auto_new/install/autoaim_msgs/lib/python3.10/site-packages/autoaim_msgs-0.0.1-py3.10.egg-info/SOURCES.txt
-- Up-to-date: /home/guo/ITL_sentry_auto_new/install/autoaim_msgs/lib/python3.10/site-packages/autoaim_msgs
-- Up-to-date: /home/guo/ITL_sentry_auto_new/install/autoaim_msgs/lib/python3.10/site-packages/autoaim_msgs/_autoaim_msgs_s.ep.rosidl_typesupport_c.c
-- Up-to-date: /home/guo/ITL_sentry_auto_new/install/autoaim_msgs/lib/python3.10/site-packages/autoaim_msgs/_autoaim_msgs_s.ep.rosidl_typesupport_fastrtps_c.c
-- Up-to-date: /home/guo/ITL_sentry_auto_new/install/autoaim_msgs/lib/python3.10/site-packages/autoaim_msgs/_autoaim_msgs_s.ep.rosidl_typesupport_introspection_c.c
-- Up-to-date: /home/guo/ITL_sentry_auto_new/install/autoaim_msgs/lib/python3.10/site-packages/autoaim_msgs/__init__.py
-- Up-to-date: /home/guo/ITL_sentry_auto_new/install/autoaim_msgs/lib/python3.10/site-packages/autoaim_msgs/msg
-- Up-to-date: /home/guo/ITL_sentry_auto_new/install/autoaim_msgs/lib/python3.10/site-packages/autoaim_msgs/msg/_armor.py
-- Up-to-date: /home/guo/ITL_sentry_auto_new/install/autoaim_msgs/lib/python3.10/site-packages/autoaim_msgs/msg/_prediction_s.c
-- Up-to-date: /home/guo/ITL_sentry_auto_new/install/autoaim_msgs/lib/python3.10/site-packages/autoaim_msgs/msg/_armorresult_s.c
-- Up-to-date: /home/guo/ITL_sentry_auto_new/install/autoaim_msgs/lib/python3.10/site-packages/autoaim_msgs/msg/_predictions_s.c
-- Up-to-date: /home/guo/ITL_sentry_auto_new/install/autoaim_msgs/lib/python3.10/site-packages/autoaim_msgs/msg/_predictions.py
-- Up-to-date: /home/guo/ITL_sentry_auto_new/install/autoaim_msgs/lib/python3.10/site-packages/autoaim_msgs/msg/_serialcmd.py
-- Up-to-date: /home/guo/ITL_sentry_auto_new/install/autoaim_msgs/lib/python3.10/site-packages/autoaim_msgs/msg/_serialcmd_s.c
-- Up-to-date: /home/guo/ITL_sentry_auto_new/install/autoaim_msgs/lib/python3.10/site-packages/autoaim_msgs/msg/_target.py
-- Up-to-date: /home/guo/ITL_sentry_auto_new/install/autoaim_msgs/lib/python3.10/site-packages/autoaim_msgs/msg/_targets_s.c
-- Up-to-date: /home/guo/ITL_sentry_auto_new/install/autoaim_msgs/lib/python3.10/site-packages/autoaim_msgs/msg/_targets.py
-- Up-to-date: /home/guo/ITL_sentry_auto_new/install/autoaim_msgs/lib/python3.10/site-packages/autoaim_msgs/msg/_prediction.py
-- Up-to-date: /home/guo/ITL_sentry_auto_new/install/autoaim_msgs/lib/python3.10/site-packages/autoaim_msgs/msg/__init__.py
-- Up-to-date: /home/guo/ITL_sentry_auto_new/install/autoaim_msgs/lib/python3.10/site-packages/autoaim_msgs/msg/_armor_s.c
-- Up-to-date: /home/guo/ITL_sentry_auto_new/install/autoaim_msgs/lib/python3.10/site-packages/autoaim_msgs/msg/_target_s.c
-- Up-to-date: /home/guo/ITL_sentry_auto_new/install/autoaim_msgs/lib/python3.10/site-packages/autoaim_msgs/msg/_debug_s.c
-- Up-to-date: /home/guo/ITL_sentry_auto_new/install/autoaim_msgs/lib/python3.10/site-packages/autoaim_msgs/msg/_armorresult.py
-- Up-to-date: /home/guo/ITL_sentry_auto_new/install/autoaim_msgs/lib/python3.10/site-packages/autoaim_msgs/msg/_debug.py
Listing '/home/guo/ITL_sentry_auto_new/install/autoaim_msgs/lib/python3.10/site-packages/autoaim_msgs'...
Listing '/home/guo/ITL_sentry_auto_new/install/autoaim_msgs/lib/python3.10/site-packages/autoaim_msgs/msg'...
-- Up-to-date: /home/guo/ITL_sentry_auto_new/install/autoaim_msgs/lib/python3.10/site-packages/autoaim_msgs/autoaim_msgs_s__rosidl_typesupport_fastrtps_c.cpython-310-x86_64-linux-gnu.so
-- Up-to-date: /home/guo/ITL_sentry_auto_new/install/autoaim_msgs/lib/python3.10/site-packages/autoaim_msgs/autoaim_msgs_s__rosidl_typesupport_introspection_c.cpython-310-x86_64-linux-gnu.so
-- Up-to-date: /home/guo/ITL_sentry_auto_new/install/autoaim_msgs/lib/python3.10/site-packages/autoaim_msgs/autoaim_msgs_s__rosidl_typesupport_c.cpython-310-x86_64-linux-gnu.so
-- Up-to-date: /home/guo/ITL_sentry_auto_new/install/autoaim_msgs/lib/libautoaim_msgs__rosidl_generator_py.so
-- Up-to-date: /home/guo/ITL_sentry_auto_new/install/autoaim_msgs/share/autoaim_msgs/msg/Target.idl
-- Up-to-date: /home/guo/ITL_sentry_auto_new/install/autoaim_msgs/share/autoaim_msgs/msg/Targets.idl
-- Up-to-date: /home/guo/ITL_sentry_auto_new/install/autoaim_msgs/share/autoaim_msgs/msg/Armor.idl
-- Up-to-date: /home/guo/ITL_sentry_auto_new/install/autoaim_msgs/share/autoaim_msgs/msg/Armorresult.idl
-- Up-to-date: /home/guo/ITL_sentry_auto_new/install/autoaim_msgs/share/autoaim_msgs/msg/Prediction.idl
-- Up-to-date: /home/guo/ITL_sentry_auto_new/install/autoaim_msgs/share/autoaim_msgs/msg/Predictions.idl
-- Up-to-date: /home/guo/ITL_sentry_auto_new/install/autoaim_msgs/share/autoaim_msgs/msg/Serialcmd.idl
-- Up-to-date: /home/guo/ITL_sentry_auto_new/install/autoaim_msgs/share/autoaim_msgs/msg/Debug.idl
-- Up-to-date: /home/guo/ITL_sentry_auto_new/install/autoaim_msgs/share/autoaim_msgs/msg/Target.msg
-- Up-to-date: /home/guo/ITL_sentry_auto_new/install/autoaim_msgs/share/autoaim_msgs/msg/Targets.msg
-- Up-to-date: /home/guo/ITL_sentry_auto_new/install/autoaim_msgs/share/autoaim_msgs/msg/Armor.msg
-- Up-to-date: /home/guo/ITL_sentry_auto_new/install/autoaim_msgs/share/autoaim_msgs/msg/Armorresult.msg
-- Up-to-date: /home/guo/ITL_sentry_auto_new/install/autoaim_msgs/share/autoaim_msgs/msg/Prediction.msg
-- Up-to-date: /home/guo/ITL_sentry_auto_new/install/autoaim_msgs/share/autoaim_msgs/msg/Predictions.msg
-- Up-to-date: /home/guo/ITL_sentry_auto_new/install/autoaim_msgs/share/autoaim_msgs/msg/Serialcmd.msg
-- Up-to-date: /home/guo/ITL_sentry_auto_new/install/autoaim_msgs/share/autoaim_msgs/msg/Debug.msg
-- Up-to-date: /home/guo/ITL_sentry_auto_new/install/autoaim_msgs/include
-- Up-to-date: /home/guo/ITL_sentry_auto_new/install/autoaim_msgs/include/autoaim_constants.hpp
-- Up-to-date: /home/guo/ITL_sentry_auto_new/install/autoaim_msgs/share/ament_index/resource_index/package_run_dependencies/autoaim_msgs
-- Up-to-date: /home/guo/ITL_sentry_auto_new/install/autoaim_msgs/share/ament_index/resource_index/parent_prefix_path/autoaim_msgs
-- Up-to-date: /home/guo/ITL_sentry_auto_new/install/autoaim_msgs/share/autoaim_msgs/environment/ament_prefix_path.sh
-- Up-to-date: /home/guo/ITL_sentry_auto_new/install/autoaim_msgs/share/autoaim_msgs/environment/ament_prefix_path.dsv
-- Up-to-date: /home/guo/ITL_sentry_auto_new/install/autoaim_msgs/share/autoaim_msgs/environment/path.sh
-- Up-to-date: /home/guo/ITL_sentry_auto_new/install/autoaim_msgs/share/autoaim_msgs/environment/path.dsv
-- Up-to-date: /home/guo/ITL_sentry_auto_new/install/autoaim_msgs/share/autoaim_msgs/local_setup.bash
-- Up-to-date: /home/guo/ITL_sentry_auto_new/install/autoaim_msgs/share/autoaim_msgs/local_setup.sh
-- Up-to-date: /home/guo/ITL_sentry_auto_new/install/autoaim_msgs/share/autoaim_msgs/local_setup.zsh
-- Up-to-date: /home/guo/ITL_sentry_auto_new/install/autoaim_msgs/share/autoaim_msgs/local_setup.dsv
-- Installing: /home/guo/ITL_sentry_auto_new/install/autoaim_msgs/share/autoaim_msgs/package.dsv
-- Up-to-date: /home/guo/ITL_sentry_auto_new/install/autoaim_msgs/share/ament_index/resource_index/packages/autoaim_msgs
-- Up-to-date: /home/guo/ITL_sentry_auto_new/install/autoaim_msgs/share/autoaim_msgs/cmake/export_autoaim_msgs__rosidl_generator_cExport.cmake
-- Up-to-date: /home/guo/ITL_sentry_auto_new/install/autoaim_msgs/share/autoaim_msgs/cmake/export_autoaim_msgs__rosidl_generator_cExport-noconfig.cmake
-- Up-to-date: /home/guo/ITL_sentry_auto_new/install/autoaim_msgs/share/autoaim_msgs/cmake/export_autoaim_msgs__rosidl_typesupport_fastrtps_cExport.cmake
-- Up-to-date: /home/guo/ITL_sentry_auto_new/install/autoaim_msgs/share/autoaim_msgs/cmake/export_autoaim_msgs__rosidl_typesupport_fastrtps_cExport-noconfig.cmake
-- Up-to-date: /home/guo/ITL_sentry_auto_new/install/autoaim_msgs/share/autoaim_msgs/cmake/autoaim_msgs__rosidl_typesupport_introspection_cExport.cmake
-- Up-to-date: /home/guo/ITL_sentry_auto_new/install/autoaim_msgs/share/autoaim_msgs/cmake/autoaim_msgs__rosidl_typesupport_introspection_cExport-noconfig.cmake
-- Up-to-date: /home/guo/ITL_sentry_auto_new/install/autoaim_msgs/share/autoaim_msgs/cmake/autoaim_msgs__rosidl_typesupport_cExport.cmake
-- Up-to-date: /home/guo/ITL_sentry_auto_new/install/autoaim_msgs/share/autoaim_msgs/cmake/autoaim_msgs__rosidl_typesupport_cExport-noconfig.cmake
-- Up-to-date: /home/guo/ITL_sentry_auto_new/install/autoaim_msgs/share/autoaim_msgs/cmake/export_autoaim_msgs__rosidl_generator_cppExport.cmake
-- Up-to-date: /home/guo/ITL_sentry_auto_new/install/autoaim_msgs/share/autoaim_msgs/cmake/export_autoaim_msgs__rosidl_typesupport_fastrtps_cppExport.cmake
-- Up-to-date: /home/guo/ITL_sentry_auto_new/install/autoaim_msgs/share/autoaim_msgs/cmake/export_autoaim_msgs__rosidl_typesupport_fastrtps_cppExport-noconfig.cmake
-- Up-to-date: /home/guo/ITL_sentry_auto_new/install/autoaim_msgs/share/autoaim_msgs/cmake/autoaim_msgs__rosidl_typesupport_introspection_cppExport.cmake
-- Up-to-date: /home/guo/ITL_sentry_auto_new/install/autoaim_msgs/share/autoaim_msgs/cmake/autoaim_msgs__rosidl_typesupport_introspection_cppExport-noconfig.cmake
-- Up-to-date: /home/guo/ITL_sentry_auto_new/install/autoaim_msgs/share/autoaim_msgs/cmake/autoaim_msgs__rosidl_typesupport_cppExport.cmake
-- Up-to-date: /home/guo/ITL_sentry_auto_new/install/autoaim_msgs/share/autoaim_msgs/cmake/autoaim_msgs__rosidl_typesupport_cppExport-noconfig.cmake
-- Up-to-date: /home/guo/ITL_sentry_auto_new/install/autoaim_msgs/share/autoaim_msgs/cmake/export_autoaim_msgs__rosidl_generator_pyExport.cmake
-- Up-to-date: /home/guo/ITL_sentry_auto_new/install/autoaim_msgs/share/autoaim_msgs/cmake/export_autoaim_msgs__rosidl_generator_pyExport-noconfig.cmake
-- Up-to-date: /home/guo/ITL_sentry_auto_new/install/autoaim_msgs/share/autoaim_msgs/cmake/rosidl_cmake-extras.cmake
-- Up-to-date: /home/guo/ITL_sentry_auto_new/install/autoaim_msgs/share/autoaim_msgs/cmake/ament_cmake_export_dependencies-extras.cmake
-- Up-to-date: /home/guo/ITL_sentry_auto_new/install/autoaim_msgs/share/autoaim_msgs/cmake/ament_cmake_export_include_directories-extras.cmake
-- Up-to-date: /home/guo/ITL_sentry_auto_new/install/autoaim_msgs/share/autoaim_msgs/cmake/ament_cmake_export_libraries-extras.cmake
-- Up-to-date: /home/guo/ITL_sentry_auto_new/install/autoaim_msgs/share/autoaim_msgs/cmake/ament_cmake_export_targets-extras.cmake
-- Up-to-date: /home/guo/ITL_sentry_auto_new/install/autoaim_msgs/share/autoaim_msgs/cmake/rosidl_cmake_export_typesupport_targets-extras.cmake
-- Up-to-date: /home/guo/ITL_sentry_auto_new/install/autoaim_msgs/share/autoaim_msgs/cmake/rosidl_cmake_export_typesupport_libraries-extras.cmake
-- Up-to-date: /home/guo/ITL_sentry_auto_new/install/autoaim_msgs/share/autoaim_msgs/cmake/autoaim_msgsConfig.cmake
-- Up-to-date: /home/guo/ITL_sentry_auto_new/install/autoaim_msgs/share/autoaim_msgs/cmake/autoaim_msgsConfig-version.cmake
-- Up-to-date: /home/guo/ITL_sentry_auto_new/install/autoaim_msgs/share/autoaim_msgs/package.xml
