[0.020s] Invoking command in '/home/guo/ITL_Auto_aim/build/auto_buff': CMAKE_PREFIX_PATH=/home/guo/ITL_Auto_aim/install/auto_aim:/home/guo/ITL_Auto_aim/install/deveice:/home/guo/ITL_Auto_aim/install/serial:/home/guo/ITL_Auto_aim/install/utils:/home/guo/ITL_Auto_aim/install/autoaim_msgs:/home/guo/ITL_Auto_aim/install/pipeline:/home/guo/ITL_Auto_aim/install/auto_buff:/home/guo/ITL_Auto_aim/install/launch_node:/home/guo/ws_livox/install/livox_ros2_driver:/home/guo/ws_livox/install/livox_sdk_vendor:/home/guo/ws_livox/install/livox_interfaces:/opt/ros/rolling LD_LIBRARY_PATH=/home/guo/ITL_Auto_aim/install/auto_aim/lib:/home/guo/ITL_Auto_aim/install/deveice/lib:/home/guo/ITL_Auto_aim/install/serial/lib:/home/guo/ITL_Auto_aim/install/autoaim_msgs/lib:/home/guo/ITL_Auto_aim/install/auto_buff/lib:/home/guo/ITL_Auto_aim/install/utils/lib:/home/guo/ws_livox/install/livox_ros2_driver/lib:/home/guo/ws_livox/install/livox_interfaces/lib:/usr/lib/x86_64-linux-gnu:/opt/ros/rolling/opt/rviz_ogre_vendor/lib:/opt/ros/rolling/lib/x86_64-linux-gnu:/opt/ros/rolling/lib:/opt/MVS/lib/64:/opt/MVS/lib/32:/usr/local/TensorRT.10.7.0.23/lib:/usr/lib/x86_64-linux-gnu:/usr/local/cuda/lib64:/opt/MVS/lib/64:/opt/MVS/lib/32:/opt/MVS/lib/64:/opt/MVS/lib/32 /usr/local/bin/cmake --build /home/guo/ITL_Auto_aim/build/auto_buff -- -j24 -l24
[0.045s] [ 15%] Built target auto_buff_data_type
[0.060s] [ 30%] Built target auto_buff_solver
[0.060s] [ 53%] Built target auto_buff_detect
[0.074s] [ 69%] Built target auto_buff_tagret
[0.093s] [ 84%] Built target auto_buff_aimer
[0.101s] [ 92%] [32m[1mLinking CXX shared library libauto_buff.so[0m
[1.914s] [100%] Built target auto_buff
[1.918s] Invoked command in '/home/guo/ITL_Auto_aim/build/auto_buff' returned '0': CMAKE_PREFIX_PATH=/home/guo/ITL_Auto_aim/install/auto_aim:/home/guo/ITL_Auto_aim/install/deveice:/home/guo/ITL_Auto_aim/install/serial:/home/guo/ITL_Auto_aim/install/utils:/home/guo/ITL_Auto_aim/install/autoaim_msgs:/home/guo/ITL_Auto_aim/install/pipeline:/home/guo/ITL_Auto_aim/install/auto_buff:/home/guo/ITL_Auto_aim/install/launch_node:/home/guo/ws_livox/install/livox_ros2_driver:/home/guo/ws_livox/install/livox_sdk_vendor:/home/guo/ws_livox/install/livox_interfaces:/opt/ros/rolling LD_LIBRARY_PATH=/home/guo/ITL_Auto_aim/install/auto_aim/lib:/home/guo/ITL_Auto_aim/install/deveice/lib:/home/guo/ITL_Auto_aim/install/serial/lib:/home/guo/ITL_Auto_aim/install/autoaim_msgs/lib:/home/guo/ITL_Auto_aim/install/auto_buff/lib:/home/guo/ITL_Auto_aim/install/utils/lib:/home/guo/ws_livox/install/livox_ros2_driver/lib:/home/guo/ws_livox/install/livox_interfaces/lib:/usr/lib/x86_64-linux-gnu:/opt/ros/rolling/opt/rviz_ogre_vendor/lib:/opt/ros/rolling/lib/x86_64-linux-gnu:/opt/ros/rolling/lib:/opt/MVS/lib/64:/opt/MVS/lib/32:/usr/local/TensorRT.10.7.0.23/lib:/usr/lib/x86_64-linux-gnu:/usr/local/cuda/lib64:/opt/MVS/lib/64:/opt/MVS/lib/32:/opt/MVS/lib/64:/opt/MVS/lib/32 /usr/local/bin/cmake --build /home/guo/ITL_Auto_aim/build/auto_buff -- -j24 -l24
[1.919s] Invoking command in '/home/guo/ITL_Auto_aim/build/auto_buff': CMAKE_PREFIX_PATH=/home/guo/ITL_Auto_aim/install/auto_aim:/home/guo/ITL_Auto_aim/install/deveice:/home/guo/ITL_Auto_aim/install/serial:/home/guo/ITL_Auto_aim/install/utils:/home/guo/ITL_Auto_aim/install/autoaim_msgs:/home/guo/ITL_Auto_aim/install/pipeline:/home/guo/ITL_Auto_aim/install/auto_buff:/home/guo/ITL_Auto_aim/install/launch_node:/home/guo/ws_livox/install/livox_ros2_driver:/home/guo/ws_livox/install/livox_sdk_vendor:/home/guo/ws_livox/install/livox_interfaces:/opt/ros/rolling LD_LIBRARY_PATH=/home/guo/ITL_Auto_aim/install/auto_aim/lib:/home/guo/ITL_Auto_aim/install/deveice/lib:/home/guo/ITL_Auto_aim/install/serial/lib:/home/guo/ITL_Auto_aim/install/autoaim_msgs/lib:/home/guo/ITL_Auto_aim/install/auto_buff/lib:/home/guo/ITL_Auto_aim/install/utils/lib:/home/guo/ws_livox/install/livox_ros2_driver/lib:/home/guo/ws_livox/install/livox_interfaces/lib:/usr/lib/x86_64-linux-gnu:/opt/ros/rolling/opt/rviz_ogre_vendor/lib:/opt/ros/rolling/lib/x86_64-linux-gnu:/opt/ros/rolling/lib:/opt/MVS/lib/64:/opt/MVS/lib/32:/usr/local/TensorRT.10.7.0.23/lib:/usr/lib/x86_64-linux-gnu:/usr/local/cuda/lib64:/opt/MVS/lib/64:/opt/MVS/lib/32:/opt/MVS/lib/64:/opt/MVS/lib/32 /usr/local/bin/cmake --install /home/guo/ITL_Auto_aim/build/auto_buff
[1.921s] -- Install configuration: ""
[1.921s] -- Installing: /home/guo/ITL_Auto_aim/install/auto_buff/lib/libauto_buff.so
[1.939s] -- Set non-toolchain portion of runtime path of "/home/guo/ITL_Auto_aim/install/auto_buff/lib/libauto_buff.so" to ""
[1.939s] -- Up-to-date: /home/guo/ITL_Auto_aim/install/auto_buff/lib/libauto_buff_data_type.a
[1.939s] -- Up-to-date: /home/guo/ITL_Auto_aim/install/auto_buff/lib/libauto_buff_detect.a
[1.939s] -- Up-to-date: /home/guo/ITL_Auto_aim/install/auto_buff/lib/libauto_buff_solver.a
[1.940s] -- Up-to-date: /home/guo/ITL_Auto_aim/install/auto_buff/lib/libauto_buff_tagret.a
[1.940s] -- Up-to-date: /home/guo/ITL_Auto_aim/install/auto_buff/lib/libauto_buff_aimer.a
[1.940s] -- Up-to-date: /home/guo/ITL_Auto_aim/install/auto_buff/include
[1.940s] -- Up-to-date: /home/guo/ITL_Auto_aim/install/auto_buff/include/buff_type.hpp
[1.940s] -- Up-to-date: /home/guo/ITL_Auto_aim/install/auto_buff/include
[1.940s] -- Up-to-date: /home/guo/ITL_Auto_aim/install/auto_buff/include/buff_detector.hpp
[1.940s] -- Up-to-date: /home/guo/ITL_Auto_aim/install/auto_buff/include/yolo11_buff.hpp
[1.940s] -- Up-to-date: /home/guo/ITL_Auto_aim/install/auto_buff/include
[1.940s] -- Up-to-date: /home/guo/ITL_Auto_aim/install/auto_buff/include/buff_solver.hpp
[1.940s] -- Up-to-date: /home/guo/ITL_Auto_aim/install/auto_buff/include
[1.940s] -- Up-to-date: /home/guo/ITL_Auto_aim/install/auto_buff/include/buff_predict.hpp
[1.940s] -- Up-to-date: /home/guo/ITL_Auto_aim/install/auto_buff/include/buff_target.hpp
[1.940s] -- Up-to-date: /home/guo/ITL_Auto_aim/install/auto_buff/include
[1.940s] -- Up-to-date: /home/guo/ITL_Auto_aim/install/auto_buff/include/buff_aimer.hpp
[1.940s] -- Up-to-date: /home/guo/ITL_Auto_aim/install/auto_buff/share/auto_buff/environment/library_path.sh
[1.940s] -- Up-to-date: /home/guo/ITL_Auto_aim/install/auto_buff/share/auto_buff/environment/library_path.dsv
[1.940s] -- Up-to-date: /home/guo/ITL_Auto_aim/install/auto_buff/share/auto_buff/package.xml
[1.941s] -- Up-to-date: /home/guo/ITL_Auto_aim/install/auto_buff/share/ament_index/resource_index/package_run_dependencies/auto_buff
[1.941s] -- Up-to-date: /home/guo/ITL_Auto_aim/install/auto_buff/share/ament_index/resource_index/parent_prefix_path/auto_buff
[1.941s] -- Up-to-date: /home/guo/ITL_Auto_aim/install/auto_buff/share/auto_buff/environment/ament_prefix_path.sh
[1.941s] -- Up-to-date: /home/guo/ITL_Auto_aim/install/auto_buff/share/auto_buff/environment/ament_prefix_path.dsv
[1.941s] -- Up-to-date: /home/guo/ITL_Auto_aim/install/auto_buff/share/auto_buff/environment/path.sh
[1.941s] -- Up-to-date: /home/guo/ITL_Auto_aim/install/auto_buff/share/auto_buff/environment/path.dsv
[1.941s] -- Up-to-date: /home/guo/ITL_Auto_aim/install/auto_buff/share/auto_buff/local_setup.bash
[1.941s] -- Up-to-date: /home/guo/ITL_Auto_aim/install/auto_buff/share/auto_buff/local_setup.sh
[1.941s] -- Up-to-date: /home/guo/ITL_Auto_aim/install/auto_buff/share/auto_buff/local_setup.zsh
[1.941s] -- Up-to-date: /home/guo/ITL_Auto_aim/install/auto_buff/share/auto_buff/local_setup.dsv
[1.941s] -- Installing: /home/guo/ITL_Auto_aim/install/auto_buff/share/auto_buff/package.dsv
[1.941s] -- Up-to-date: /home/guo/ITL_Auto_aim/install/auto_buff/share/ament_index/resource_index/packages/auto_buff
[1.941s] -- Up-to-date: /home/guo/ITL_Auto_aim/install/auto_buff/share/auto_buff/cmake/auto_buffTargetsExport.cmake
[1.941s] -- Up-to-date: /home/guo/ITL_Auto_aim/install/auto_buff/share/auto_buff/cmake/auto_buffTargetsExport-noconfig.cmake
[1.941s] -- Up-to-date: /home/guo/ITL_Auto_aim/install/auto_buff/share/auto_buff/cmake/ament_cmake_export_include_directories-extras.cmake
[1.941s] -- Up-to-date: /home/guo/ITL_Auto_aim/install/auto_buff/share/auto_buff/cmake/ament_cmake_export_targets-extras.cmake
[1.941s] -- Up-to-date: /home/guo/ITL_Auto_aim/install/auto_buff/share/auto_buff/cmake/ament_cmake_export_dependencies-extras.cmake
[1.941s] -- Up-to-date: /home/guo/ITL_Auto_aim/install/auto_buff/share/auto_buff/cmake/auto_buffConfig.cmake
[1.941s] -- Up-to-date: /home/guo/ITL_Auto_aim/install/auto_buff/share/auto_buff/cmake/auto_buffConfig-version.cmake
[1.942s] -- Up-to-date: /home/guo/ITL_Auto_aim/install/auto_buff/share/auto_buff/package.xml
[1.943s] Invoked command in '/home/guo/ITL_Auto_aim/build/auto_buff' returned '0': CMAKE_PREFIX_PATH=/home/guo/ITL_Auto_aim/install/auto_aim:/home/guo/ITL_Auto_aim/install/deveice:/home/guo/ITL_Auto_aim/install/serial:/home/guo/ITL_Auto_aim/install/utils:/home/guo/ITL_Auto_aim/install/autoaim_msgs:/home/guo/ITL_Auto_aim/install/pipeline:/home/guo/ITL_Auto_aim/install/auto_buff:/home/guo/ITL_Auto_aim/install/launch_node:/home/guo/ws_livox/install/livox_ros2_driver:/home/guo/ws_livox/install/livox_sdk_vendor:/home/guo/ws_livox/install/livox_interfaces:/opt/ros/rolling LD_LIBRARY_PATH=/home/guo/ITL_Auto_aim/install/auto_aim/lib:/home/guo/ITL_Auto_aim/install/deveice/lib:/home/guo/ITL_Auto_aim/install/serial/lib:/home/guo/ITL_Auto_aim/install/autoaim_msgs/lib:/home/guo/ITL_Auto_aim/install/auto_buff/lib:/home/guo/ITL_Auto_aim/install/utils/lib:/home/guo/ws_livox/install/livox_ros2_driver/lib:/home/guo/ws_livox/install/livox_interfaces/lib:/usr/lib/x86_64-linux-gnu:/opt/ros/rolling/opt/rviz_ogre_vendor/lib:/opt/ros/rolling/lib/x86_64-linux-gnu:/opt/ros/rolling/lib:/opt/MVS/lib/64:/opt/MVS/lib/32:/usr/local/TensorRT.10.7.0.23/lib:/usr/lib/x86_64-linux-gnu:/usr/local/cuda/lib64:/opt/MVS/lib/64:/opt/MVS/lib/32:/opt/MVS/lib/64:/opt/MVS/lib/32 /usr/local/bin/cmake --install /home/guo/ITL_Auto_aim/build/auto_buff
