[0.024s] Invoking command in '/home/guo/ITL_Auto_aim/build/pipeline': CMAKE_PREFIX_PATH=/home/guo/ITL_Auto_aim/install/auto_buff:/home/guo/ITL_Auto_aim/install/auto_aim:/home/guo/ITL_Auto_aim/install/deveice:/home/guo/ITL_Auto_aim/install/serial:/home/guo/ITL_Auto_aim/install/utils:/home/guo/ITL_Auto_aim/install/autoaim_msgs:/home/guo/ITL_Auto_aim/install/pipeline:/home/guo/ITL_Auto_aim/install/launch_node:/home/guo/ws_livox/install/livox_ros2_driver:/home/guo/ws_livox/install/livox_sdk_vendor:/home/guo/ws_livox/install/livox_interfaces:/opt/ros/rolling LD_LIBRARY_PATH=/home/guo/ITL_Auto_aim/install/auto_buff/lib:/home/guo/ITL_Auto_aim/install/auto_aim/lib:/home/guo/ITL_Auto_aim/install/deveice/lib:/home/guo/ITL_Auto_aim/install/serial/lib:/home/guo/ITL_Auto_aim/install/autoaim_msgs/lib:/home/guo/ITL_Auto_aim/install/utils/lib:/home/guo/ws_livox/install/livox_ros2_driver/lib:/home/guo/ws_livox/install/livox_interfaces/lib:/usr/lib/x86_64-linux-gnu:/opt/ros/rolling/opt/rviz_ogre_vendor/lib:/opt/ros/rolling/lib/x86_64-linux-gnu:/opt/ros/rolling/lib:/opt/MVS/lib/64:/opt/MVS/lib/32:/usr/local/TensorRT.10.7.0.23/lib:/usr/lib/x86_64-linux-gnu:/usr/local/cuda/lib64:/opt/MVS/lib/64:/opt/MVS/lib/32:/opt/MVS/lib/64:/opt/MVS/lib/32 /usr/local/bin/cmake --build /home/guo/ITL_Auto_aim/build/pipeline -- -j24 -l24
[0.054s] [ 25%] [32m[1mLinking CXX executable video_node[0m
[0.060s] [ 50%] [32m[1mLinking CXX executable pipeline_node[0m
[1.604s] [ 75%] Built target video_node
[2.757s] [100%] Built target pipeline_node
[2.760s] Invoked command in '/home/guo/ITL_Auto_aim/build/pipeline' returned '0': CMAKE_PREFIX_PATH=/home/guo/ITL_Auto_aim/install/auto_buff:/home/guo/ITL_Auto_aim/install/auto_aim:/home/guo/ITL_Auto_aim/install/deveice:/home/guo/ITL_Auto_aim/install/serial:/home/guo/ITL_Auto_aim/install/utils:/home/guo/ITL_Auto_aim/install/autoaim_msgs:/home/guo/ITL_Auto_aim/install/pipeline:/home/guo/ITL_Auto_aim/install/launch_node:/home/guo/ws_livox/install/livox_ros2_driver:/home/guo/ws_livox/install/livox_sdk_vendor:/home/guo/ws_livox/install/livox_interfaces:/opt/ros/rolling LD_LIBRARY_PATH=/home/guo/ITL_Auto_aim/install/auto_buff/lib:/home/guo/ITL_Auto_aim/install/auto_aim/lib:/home/guo/ITL_Auto_aim/install/deveice/lib:/home/guo/ITL_Auto_aim/install/serial/lib:/home/guo/ITL_Auto_aim/install/autoaim_msgs/lib:/home/guo/ITL_Auto_aim/install/utils/lib:/home/guo/ws_livox/install/livox_ros2_driver/lib:/home/guo/ws_livox/install/livox_interfaces/lib:/usr/lib/x86_64-linux-gnu:/opt/ros/rolling/opt/rviz_ogre_vendor/lib:/opt/ros/rolling/lib/x86_64-linux-gnu:/opt/ros/rolling/lib:/opt/MVS/lib/64:/opt/MVS/lib/32:/usr/local/TensorRT.10.7.0.23/lib:/usr/lib/x86_64-linux-gnu:/usr/local/cuda/lib64:/opt/MVS/lib/64:/opt/MVS/lib/32:/opt/MVS/lib/64:/opt/MVS/lib/32 /usr/local/bin/cmake --build /home/guo/ITL_Auto_aim/build/pipeline -- -j24 -l24
[2.762s] Invoking command in '/home/guo/ITL_Auto_aim/build/pipeline': CMAKE_PREFIX_PATH=/home/guo/ITL_Auto_aim/install/auto_buff:/home/guo/ITL_Auto_aim/install/auto_aim:/home/guo/ITL_Auto_aim/install/deveice:/home/guo/ITL_Auto_aim/install/serial:/home/guo/ITL_Auto_aim/install/utils:/home/guo/ITL_Auto_aim/install/autoaim_msgs:/home/guo/ITL_Auto_aim/install/pipeline:/home/guo/ITL_Auto_aim/install/launch_node:/home/guo/ws_livox/install/livox_ros2_driver:/home/guo/ws_livox/install/livox_sdk_vendor:/home/guo/ws_livox/install/livox_interfaces:/opt/ros/rolling LD_LIBRARY_PATH=/home/guo/ITL_Auto_aim/install/auto_buff/lib:/home/guo/ITL_Auto_aim/install/auto_aim/lib:/home/guo/ITL_Auto_aim/install/deveice/lib:/home/guo/ITL_Auto_aim/install/serial/lib:/home/guo/ITL_Auto_aim/install/autoaim_msgs/lib:/home/guo/ITL_Auto_aim/install/utils/lib:/home/guo/ws_livox/install/livox_ros2_driver/lib:/home/guo/ws_livox/install/livox_interfaces/lib:/usr/lib/x86_64-linux-gnu:/opt/ros/rolling/opt/rviz_ogre_vendor/lib:/opt/ros/rolling/lib/x86_64-linux-gnu:/opt/ros/rolling/lib:/opt/MVS/lib/64:/opt/MVS/lib/32:/usr/local/TensorRT.10.7.0.23/lib:/usr/lib/x86_64-linux-gnu:/usr/local/cuda/lib64:/opt/MVS/lib/64:/opt/MVS/lib/32:/opt/MVS/lib/64:/opt/MVS/lib/32 /usr/local/bin/cmake --install /home/guo/ITL_Auto_aim/build/pipeline
[2.764s] -- Install configuration: ""
[2.764s] -- Installing: /home/guo/ITL_Auto_aim/install/pipeline/lib/pipeline/pipeline_node
[2.775s] -- Set non-toolchain portion of runtime path of "/home/guo/ITL_Auto_aim/install/pipeline/lib/pipeline/pipeline_node" to ""
[2.775s] -- Installing: /home/guo/ITL_Auto_aim/install/pipeline/lib/pipeline/video_node
[2.778s] -- Set non-toolchain portion of runtime path of "/home/guo/ITL_Auto_aim/install/pipeline/lib/pipeline/video_node" to ""
[2.778s] -- Up-to-date: /home/guo/ITL_Auto_aim/install/pipeline/include
[2.778s] -- Up-to-date: /home/guo/ITL_Auto_aim/install/pipeline/include/video_node.hpp
[2.778s] -- Up-to-date: /home/guo/ITL_Auto_aim/install/pipeline/include/test_node.hpp
[2.778s] -- Up-to-date: /home/guo/ITL_Auto_aim/install/pipeline/share/ament_index/resource_index/package_run_dependencies/pipeline
[2.778s] -- Up-to-date: /home/guo/ITL_Auto_aim/install/pipeline/share/ament_index/resource_index/parent_prefix_path/pipeline
[2.779s] -- Up-to-date: /home/guo/ITL_Auto_aim/install/pipeline/share/pipeline/environment/ament_prefix_path.sh
[2.779s] -- Up-to-date: /home/guo/ITL_Auto_aim/install/pipeline/share/pipeline/environment/ament_prefix_path.dsv
[2.779s] -- Up-to-date: /home/guo/ITL_Auto_aim/install/pipeline/share/pipeline/environment/path.sh
[2.779s] -- Up-to-date: /home/guo/ITL_Auto_aim/install/pipeline/share/pipeline/environment/path.dsv
[2.779s] -- Up-to-date: /home/guo/ITL_Auto_aim/install/pipeline/share/pipeline/local_setup.bash
[2.779s] -- Up-to-date: /home/guo/ITL_Auto_aim/install/pipeline/share/pipeline/local_setup.sh
[2.779s] -- Up-to-date: /home/guo/ITL_Auto_aim/install/pipeline/share/pipeline/local_setup.zsh
[2.779s] -- Up-to-date: /home/guo/ITL_Auto_aim/install/pipeline/share/pipeline/local_setup.dsv
[2.779s] -- Installing: /home/guo/ITL_Auto_aim/install/pipeline/share/pipeline/package.dsv
[2.779s] -- Up-to-date: /home/guo/ITL_Auto_aim/install/pipeline/share/ament_index/resource_index/packages/pipeline
[2.779s] -- Up-to-date: /home/guo/ITL_Auto_aim/install/pipeline/share/pipeline/cmake/pipelineConfig.cmake
[2.779s] -- Up-to-date: /home/guo/ITL_Auto_aim/install/pipeline/share/pipeline/cmake/pipelineConfig-version.cmake
[2.779s] -- Up-to-date: /home/guo/ITL_Auto_aim/install/pipeline/share/pipeline/package.xml
[2.780s] Invoked command in '/home/guo/ITL_Auto_aim/build/pipeline' returned '0': CMAKE_PREFIX_PATH=/home/guo/ITL_Auto_aim/install/auto_buff:/home/guo/ITL_Auto_aim/install/auto_aim:/home/guo/ITL_Auto_aim/install/deveice:/home/guo/ITL_Auto_aim/install/serial:/home/guo/ITL_Auto_aim/install/utils:/home/guo/ITL_Auto_aim/install/autoaim_msgs:/home/guo/ITL_Auto_aim/install/pipeline:/home/guo/ITL_Auto_aim/install/launch_node:/home/guo/ws_livox/install/livox_ros2_driver:/home/guo/ws_livox/install/livox_sdk_vendor:/home/guo/ws_livox/install/livox_interfaces:/opt/ros/rolling LD_LIBRARY_PATH=/home/guo/ITL_Auto_aim/install/auto_buff/lib:/home/guo/ITL_Auto_aim/install/auto_aim/lib:/home/guo/ITL_Auto_aim/install/deveice/lib:/home/guo/ITL_Auto_aim/install/serial/lib:/home/guo/ITL_Auto_aim/install/autoaim_msgs/lib:/home/guo/ITL_Auto_aim/install/utils/lib:/home/guo/ws_livox/install/livox_ros2_driver/lib:/home/guo/ws_livox/install/livox_interfaces/lib:/usr/lib/x86_64-linux-gnu:/opt/ros/rolling/opt/rviz_ogre_vendor/lib:/opt/ros/rolling/lib/x86_64-linux-gnu:/opt/ros/rolling/lib:/opt/MVS/lib/64:/opt/MVS/lib/32:/usr/local/TensorRT.10.7.0.23/lib:/usr/lib/x86_64-linux-gnu:/usr/local/cuda/lib64:/opt/MVS/lib/64:/opt/MVS/lib/32:/opt/MVS/lib/64:/opt/MVS/lib/32 /usr/local/bin/cmake --install /home/guo/ITL_Auto_aim/build/pipeline
