[0.014s] Invoking command in '/home/guo/ITL_sentry_auto_new/build/filter_lib': CMAKE_PREFIX_PATH=${CMAKE_PREFIX_PATH}:/opt/ros/rolling /usr/local/bin/cmake --build /home/guo/ITL_sentry_auto_new/build/filter_lib -- -j24 -l24
[0.041s] [100%] Built target filter_lib
[0.052s] Invoked command in '/home/guo/ITL_sentry_auto_new/build/filter_lib' returned '0': CMAKE_PREFIX_PATH=${CMAKE_PREFIX_PATH}:/opt/ros/rolling /usr/local/bin/cmake --build /home/guo/ITL_sentry_auto_new/build/filter_lib -- -j24 -l24
[0.054s] Invoking command in '/home/guo/ITL_sentry_auto_new/build/filter_lib': CMAKE_PREFIX_PATH=${CMAKE_PREFIX_PATH}:/opt/ros/rolling /usr/local/bin/cmake --install /home/guo/ITL_sentry_auto_new/build/filter_lib
[0.060s] -- Install configuration: ""
[0.060s] -- Up-to-date: /home/guo/ITL_sentry_auto_new/install/filter_lib/share/filter_lib/environment/library_path.sh
[0.060s] -- Up-to-date: /home/guo/ITL_sentry_auto_new/install/filter_lib/share/filter_lib/environment/library_path.dsv
[0.060s] -- Up-to-date: /home/guo/ITL_sentry_auto_new/install/filter_lib/include
[0.060s] -- Up-to-date: /home/guo/ITL_sentry_auto_new/install/filter_lib/include/base
[0.061s] -- Up-to-date: /home/guo/ITL_sentry_auto_new/install/filter_lib/include/base/kalman.hpp
[0.061s] -- Up-to-date: /home/guo/ITL_sentry_auto_new/install/filter_lib/include/base/filter.hpp
[0.061s] -- Up-to-date: /home/guo/ITL_sentry_auto_new/install/filter_lib/include/base/ekf.hpp
[0.061s] -- Up-to-date: /home/guo/ITL_sentry_auto_new/install/filter_lib/include/base/math.hpp
[0.061s] -- Up-to-date: /home/guo/ITL_sentry_auto_new/install/filter_lib/include/base/slide_weighted_avg.hpp
[0.062s] -- Up-to-date: /home/guo/ITL_sentry_auto_new/install/filter_lib/include/filter
[0.062s] -- Up-to-date: /home/guo/ITL_sentry_auto_new/install/filter_lib/include/filter/rotating_target_tracker.hpp
[0.062s] -- Up-to-date: /home/guo/ITL_sentry_auto_new/install/filter_lib/include/filter/track_queue_v4.hpp
[0.062s] -- Up-to-date: /home/guo/ITL_sentry_auto_new/install/filter_lib/include/filter/decoupled_tracker.hpp
[0.062s] -- Up-to-date: /home/guo/ITL_sentry_auto_new/install/filter_lib/include/filter/track_queue_v3.hpp
[0.062s] -- Up-to-date: /home/guo/ITL_sentry_auto_new/install/filter_lib/lib/libfilter_lib.a
[0.062s] -- Up-to-date: /home/guo/ITL_sentry_auto_new/install/filter_lib/share/ament_index/resource_index/package_run_dependencies/filter_lib
[0.062s] -- Up-to-date: /home/guo/ITL_sentry_auto_new/install/filter_lib/share/ament_index/resource_index/parent_prefix_path/filter_lib
[0.062s] -- Up-to-date: /home/guo/ITL_sentry_auto_new/install/filter_lib/share/filter_lib/environment/ament_prefix_path.sh
[0.062s] -- Up-to-date: /home/guo/ITL_sentry_auto_new/install/filter_lib/share/filter_lib/environment/ament_prefix_path.dsv
[0.062s] -- Up-to-date: /home/guo/ITL_sentry_auto_new/install/filter_lib/share/filter_lib/environment/path.sh
[0.062s] -- Up-to-date: /home/guo/ITL_sentry_auto_new/install/filter_lib/share/filter_lib/environment/path.dsv
[0.062s] -- Up-to-date: /home/guo/ITL_sentry_auto_new/install/filter_lib/share/filter_lib/local_setup.bash
[0.063s] -- Up-to-date: /home/guo/ITL_sentry_auto_new/install/filter_lib/share/filter_lib/local_setup.sh
[0.063s] -- Up-to-date: /home/guo/ITL_sentry_auto_new/install/filter_lib/share/filter_lib/local_setup.zsh
[0.063s] -- Up-to-date: /home/guo/ITL_sentry_auto_new/install/filter_lib/share/filter_lib/local_setup.dsv
[0.063s] -- Installing: /home/guo/ITL_sentry_auto_new/install/filter_lib/share/filter_lib/package.dsv
[0.064s] -- Up-to-date: /home/guo/ITL_sentry_auto_new/install/filter_lib/share/ament_index/resource_index/packages/filter_lib
[0.067s] -- Up-to-date: /home/guo/ITL_sentry_auto_new/install/filter_lib/share/filter_lib/cmake/filter_libTargetsExport.cmake
[0.068s] -- Up-to-date: /home/guo/ITL_sentry_auto_new/install/filter_lib/share/filter_lib/cmake/filter_libTargetsExport-noconfig.cmake
[0.068s] -- Up-to-date: /home/guo/ITL_sentry_auto_new/install/filter_lib/share/filter_lib/cmake/ament_cmake_export_targets-extras.cmake
[0.068s] -- Up-to-date: /home/guo/ITL_sentry_auto_new/install/filter_lib/share/filter_lib/cmake/ament_cmake_export_dependencies-extras.cmake
[0.068s] -- Up-to-date: /home/guo/ITL_sentry_auto_new/install/filter_lib/share/filter_lib/cmake/filter_libConfig.cmake
[0.068s] -- Up-to-date: /home/guo/ITL_sentry_auto_new/install/filter_lib/share/filter_lib/cmake/filter_libConfig-version.cmake
[0.068s] -- Up-to-date: /home/guo/ITL_sentry_auto_new/install/filter_lib/share/filter_lib/package.xml
[0.093s] Invoked command in '/home/guo/ITL_sentry_auto_new/build/filter_lib' returned '0': CMAKE_PREFIX_PATH=${CMAKE_PREFIX_PATH}:/opt/ros/rolling /usr/local/bin/cmake --install /home/guo/ITL_sentry_auto_new/build/filter_lib
