[0.019s] Invoking command in '/home/guo/ITL_sentry_auto_new/build/pipeline': AMENT_PREFIX_PATH=/home/guo/ITL_sentry_auto_new/install/auto_aim:/home/guo/ITL_sentry_auto_new/install/deveice:/home/guo/ITL_sentry_auto_new/install/serial:/home/guo/ITL_sentry_auto_new/install/auto_buff:/home/guo/ITL_sentry_auto_new/install/utils:/home/guo/ITL_sentry_auto_new/install/autoaim_msgs:${AMENT_PREFIX_PATH} CMAKE_PREFIX_PATH=/home/guo/ITL_sentry_auto_new/install/auto_aim:/home/guo/ITL_sentry_auto_new/install/deveice:/home/guo/ITL_sentry_auto_new/install/serial:/home/guo/ITL_sentry_auto_new/install/auto_buff:/home/guo/ITL_sentry_auto_new/install/utils:/home/guo/ITL_sentry_auto_new/install/autoaim_msgs:/opt/ros/rolling LD_LIBRARY_PATH=/home/guo/ITL_sentry_auto_new/install/auto_aim/lib:/home/guo/ITL_sentry_auto_new/install/deveice/lib:/home/guo/ITL_sentry_auto_new/install/serial/lib:/home/guo/ITL_sentry_auto_new/install/auto_buff/lib:/home/guo/ITL_sentry_auto_new/install/utils/lib:/home/guo/ITL_sentry_auto_new/install/autoaim_msgs/lib:/usr/lib/x86_64-linux-gnu:/opt/ros/rolling/opt/rviz_ogre_vendor/lib:/opt/ros/rolling/lib/x86_64-linux-gnu:/opt/ros/rolling/lib:/opt/MVS/lib/64:/opt/MVS/lib/32:/usr/local/TensorRT.10.7.0.23/lib:/usr/lib/x86_64-linux-gnu:/usr/local/cuda/lib64:/opt/MVS/lib/64:/opt/MVS/lib/32:/opt/MVS/lib/64:/opt/MVS/lib/32 PYTHONPATH=/home/guo/ITL_sentry_auto_new/install/autoaim_msgs/lib/python3.10/site-packages:${PYTHONPATH} /usr/local/bin/cmake --build /home/guo/ITL_sentry_auto_new/build/pipeline -- -j24 -l24
[0.049s] [ 50%] Built target pipeline_node
[0.050s] [ 75%] [32mBuilding CXX object CMakeFiles/video_node.dir/src/video_node.cpp.o[0m
[2.361s] [01m[K/home/guo/ITL_sentry_auto_new/src/node/src/video_node.cpp:[m[K In member function ‘[01m[Kvoid Application::VideoApp::visualize(const Application::VideoDebugPacket&)[m[K’:
[2.362s] [01m[K/home/guo/ITL_sentry_auto_new/src/node/src/video_node.cpp:136:15:[m[K [01;35m[Kwarning: [m[Kunused variable ‘[01m[Kframe_index[m[K’ [[01;35m[K]8;;https://gcc.gnu.org/onlinedocs/gcc/Warning-Options.html#index-Wunused-variable-Wunused-variable]8;;[m[K]
[2.362s]   136 |     const int [01;35m[Kframe_index[m[K = visualization_frame_counter_.fetch_add(1) + 1;
[2.362s]       |               [01;35m[K^~~~~~~~~~~[m[K
[5.701s] [100%] [32m[1mLinking CXX executable video_node[0m
[6.545s] [100%] Built target video_node
[6.549s] Invoked command in '/home/guo/ITL_sentry_auto_new/build/pipeline' returned '0': AMENT_PREFIX_PATH=/home/guo/ITL_sentry_auto_new/install/auto_aim:/home/guo/ITL_sentry_auto_new/install/deveice:/home/guo/ITL_sentry_auto_new/install/serial:/home/guo/ITL_sentry_auto_new/install/auto_buff:/home/guo/ITL_sentry_auto_new/install/utils:/home/guo/ITL_sentry_auto_new/install/autoaim_msgs:${AMENT_PREFIX_PATH} CMAKE_PREFIX_PATH=/home/guo/ITL_sentry_auto_new/install/auto_aim:/home/guo/ITL_sentry_auto_new/install/deveice:/home/guo/ITL_sentry_auto_new/install/serial:/home/guo/ITL_sentry_auto_new/install/auto_buff:/home/guo/ITL_sentry_auto_new/install/utils:/home/guo/ITL_sentry_auto_new/install/autoaim_msgs:/opt/ros/rolling LD_LIBRARY_PATH=/home/guo/ITL_sentry_auto_new/install/auto_aim/lib:/home/guo/ITL_sentry_auto_new/install/deveice/lib:/home/guo/ITL_sentry_auto_new/install/serial/lib:/home/guo/ITL_sentry_auto_new/install/auto_buff/lib:/home/guo/ITL_sentry_auto_new/install/utils/lib:/home/guo/ITL_sentry_auto_new/install/autoaim_msgs/lib:/usr/lib/x86_64-linux-gnu:/opt/ros/rolling/opt/rviz_ogre_vendor/lib:/opt/ros/rolling/lib/x86_64-linux-gnu:/opt/ros/rolling/lib:/opt/MVS/lib/64:/opt/MVS/lib/32:/usr/local/TensorRT.10.7.0.23/lib:/usr/lib/x86_64-linux-gnu:/usr/local/cuda/lib64:/opt/MVS/lib/64:/opt/MVS/lib/32:/opt/MVS/lib/64:/opt/MVS/lib/32 PYTHONPATH=/home/guo/ITL_sentry_auto_new/install/autoaim_msgs/lib/python3.10/site-packages:${PYTHONPATH} /usr/local/bin/cmake --build /home/guo/ITL_sentry_auto_new/build/pipeline -- -j24 -l24
[6.551s] Invoking command in '/home/guo/ITL_sentry_auto_new/build/pipeline': AMENT_PREFIX_PATH=/home/guo/ITL_sentry_auto_new/install/auto_aim:/home/guo/ITL_sentry_auto_new/install/deveice:/home/guo/ITL_sentry_auto_new/install/serial:/home/guo/ITL_sentry_auto_new/install/auto_buff:/home/guo/ITL_sentry_auto_new/install/utils:/home/guo/ITL_sentry_auto_new/install/autoaim_msgs:${AMENT_PREFIX_PATH} CMAKE_PREFIX_PATH=/home/guo/ITL_sentry_auto_new/install/auto_aim:/home/guo/ITL_sentry_auto_new/install/deveice:/home/guo/ITL_sentry_auto_new/install/serial:/home/guo/ITL_sentry_auto_new/install/auto_buff:/home/guo/ITL_sentry_auto_new/install/utils:/home/guo/ITL_sentry_auto_new/install/autoaim_msgs:/opt/ros/rolling LD_LIBRARY_PATH=/home/guo/ITL_sentry_auto_new/install/auto_aim/lib:/home/guo/ITL_sentry_auto_new/install/deveice/lib:/home/guo/ITL_sentry_auto_new/install/serial/lib:/home/guo/ITL_sentry_auto_new/install/auto_buff/lib:/home/guo/ITL_sentry_auto_new/install/utils/lib:/home/guo/ITL_sentry_auto_new/install/autoaim_msgs/lib:/usr/lib/x86_64-linux-gnu:/opt/ros/rolling/opt/rviz_ogre_vendor/lib:/opt/ros/rolling/lib/x86_64-linux-gnu:/opt/ros/rolling/lib:/opt/MVS/lib/64:/opt/MVS/lib/32:/usr/local/TensorRT.10.7.0.23/lib:/usr/lib/x86_64-linux-gnu:/usr/local/cuda/lib64:/opt/MVS/lib/64:/opt/MVS/lib/32:/opt/MVS/lib/64:/opt/MVS/lib/32 PYTHONPATH=/home/guo/ITL_sentry_auto_new/install/autoaim_msgs/lib/python3.10/site-packages:${PYTHONPATH} /usr/local/bin/cmake --install /home/guo/ITL_sentry_auto_new/build/pipeline
[6.552s] -- Install configuration: ""
[6.553s] -- Installing: /home/guo/ITL_sentry_auto_new/install/pipeline/lib/pipeline/pipeline_node
[6.564s] -- Set non-toolchain portion of runtime path of "/home/guo/ITL_sentry_auto_new/install/pipeline/lib/pipeline/pipeline_node" to ""
[6.564s] -- Installing: /home/guo/ITL_sentry_auto_new/install/pipeline/lib/pipeline/video_node
[6.568s] -- Set non-toolchain portion of runtime path of "/home/guo/ITL_sentry_auto_new/install/pipeline/lib/pipeline/video_node" to ""
[6.568s] -- Up-to-date: /home/guo/ITL_sentry_auto_new/install/pipeline/include
[6.568s] -- Installing: /home/guo/ITL_sentry_auto_new/install/pipeline/include/video_node.hpp
[6.568s] -- Installing: /home/guo/ITL_sentry_auto_new/install/pipeline/include/test_node.hpp
[6.568s] -- Installing: /home/guo/ITL_sentry_auto_new/install/pipeline/share/ament_index/resource_index/package_run_dependencies/pipeline
[6.568s] -- Installing: /home/guo/ITL_sentry_auto_new/install/pipeline/share/ament_index/resource_index/parent_prefix_path/pipeline
[6.568s] -- Up-to-date: /home/guo/ITL_sentry_auto_new/install/pipeline/share/pipeline/environment/ament_prefix_path.sh
[6.568s] -- Up-to-date: /home/guo/ITL_sentry_auto_new/install/pipeline/share/pipeline/environment/ament_prefix_path.dsv
[6.568s] -- Up-to-date: /home/guo/ITL_sentry_auto_new/install/pipeline/share/pipeline/environment/path.sh
[6.568s] -- Up-to-date: /home/guo/ITL_sentry_auto_new/install/pipeline/share/pipeline/environment/path.dsv
[6.568s] -- Up-to-date: /home/guo/ITL_sentry_auto_new/install/pipeline/share/pipeline/local_setup.bash
[6.568s] -- Up-to-date: /home/guo/ITL_sentry_auto_new/install/pipeline/share/pipeline/local_setup.sh
[6.569s] -- Up-to-date: /home/guo/ITL_sentry_auto_new/install/pipeline/share/pipeline/local_setup.zsh
[6.569s] -- Up-to-date: /home/guo/ITL_sentry_auto_new/install/pipeline/share/pipeline/local_setup.dsv
[6.569s] -- Installing: /home/guo/ITL_sentry_auto_new/install/pipeline/share/pipeline/package.dsv
[6.569s] -- Up-to-date: /home/guo/ITL_sentry_auto_new/install/pipeline/share/ament_index/resource_index/packages/pipeline
[6.569s] -- Up-to-date: /home/guo/ITL_sentry_auto_new/install/pipeline/share/pipeline/cmake/pipelineConfig.cmake
[6.569s] -- Up-to-date: /home/guo/ITL_sentry_auto_new/install/pipeline/share/pipeline/cmake/pipelineConfig-version.cmake
[6.569s] -- Installing: /home/guo/ITL_sentry_auto_new/install/pipeline/share/pipeline/package.xml
[6.570s] Invoked command in '/home/guo/ITL_sentry_auto_new/build/pipeline' returned '0': AMENT_PREFIX_PATH=/home/guo/ITL_sentry_auto_new/install/auto_aim:/home/guo/ITL_sentry_auto_new/install/deveice:/home/guo/ITL_sentry_auto_new/install/serial:/home/guo/ITL_sentry_auto_new/install/auto_buff:/home/guo/ITL_sentry_auto_new/install/utils:/home/guo/ITL_sentry_auto_new/install/autoaim_msgs:${AMENT_PREFIX_PATH} CMAKE_PREFIX_PATH=/home/guo/ITL_sentry_auto_new/install/auto_aim:/home/guo/ITL_sentry_auto_new/install/deveice:/home/guo/ITL_sentry_auto_new/install/serial:/home/guo/ITL_sentry_auto_new/install/auto_buff:/home/guo/ITL_sentry_auto_new/install/utils:/home/guo/ITL_sentry_auto_new/install/autoaim_msgs:/opt/ros/rolling LD_LIBRARY_PATH=/home/guo/ITL_sentry_auto_new/install/auto_aim/lib:/home/guo/ITL_sentry_auto_new/install/deveice/lib:/home/guo/ITL_sentry_auto_new/install/serial/lib:/home/guo/ITL_sentry_auto_new/install/auto_buff/lib:/home/guo/ITL_sentry_auto_new/install/utils/lib:/home/guo/ITL_sentry_auto_new/install/autoaim_msgs/lib:/usr/lib/x86_64-linux-gnu:/opt/ros/rolling/opt/rviz_ogre_vendor/lib:/opt/ros/rolling/lib/x86_64-linux-gnu:/opt/ros/rolling/lib:/opt/MVS/lib/64:/opt/MVS/lib/32:/usr/local/TensorRT.10.7.0.23/lib:/usr/lib/x86_64-linux-gnu:/usr/local/cuda/lib64:/opt/MVS/lib/64:/opt/MVS/lib/32:/opt/MVS/lib/64:/opt/MVS/lib/32 PYTHONPATH=/home/guo/ITL_sentry_auto_new/install/autoaim_msgs/lib/python3.10/site-packages:${PYTHONPATH} /usr/local/bin/cmake --install /home/guo/ITL_sentry_auto_new/build/pipeline
