[0.023s] Invoking command in '/home/guo/ITL_sentry_auto_new/build/planner': AMENT_PREFIX_PATH=/home/guo/ITL_sentry_auto_new/install/predictor:/home/guo/ITL_sentry_auto_new/install/solver:/home/guo/ITL_sentry_auto_new/install/motion_model:/home/guo/ITL_sentry_auto_new/install/detected:/home/guo/ITL_sentry_auto_new/install/utils:/home/guo/ITL_sentry_auto_new/install/filter_lib:/home/guo/ITL_sentry_auto_new/install/autoaim_msgs:${AMENT_PREFIX_PATH} CMAKE_PREFIX_PATH=/home/guo/ITL_sentry_auto_new/install/predictor:/home/guo/ITL_sentry_auto_new/install/solver:/home/guo/ITL_sentry_auto_new/install/motion_model:/home/guo/ITL_sentry_auto_new/install/detected:/home/guo/ITL_sentry_auto_new/install/utils:/home/guo/ITL_sentry_auto_new/install/filter_lib:/home/guo/ITL_sentry_auto_new/install/autoaim_msgs:/opt/ros/rolling LD_LIBRARY_PATH=/home/guo/ITL_sentry_auto_new/install/predictor/lib:/home/guo/ITL_sentry_auto_new/install/solver/lib:/home/guo/ITL_sentry_auto_new/install/motion_model/lib:/home/guo/ITL_sentry_auto_new/install/detected/lib:/home/guo/ITL_sentry_auto_new/install/utils/lib:/home/guo/ITL_sentry_auto_new/install/filter_lib/lib:/home/guo/ITL_sentry_auto_new/install/autoaim_msgs/lib:/opt/MVS/lib/64:/opt/MVS/lib/32:/opt/MVS/lib/64:/opt/MVS/lib/32 PYTHONPATH=/home/guo/ITL_sentry_auto_new/install/autoaim_msgs/lib/python3.10/site-packages:${PYTHONPATH} /usr/local/bin/cmake --build /home/guo/ITL_sentry_auto_new/build/planner -- -j24 -l24
[0.090s] [ 20%] Building CXX object CMakeFiles/planner.dir/src/planner.cpp.o
[2.005s] /home/guo/ITL_sentry_auto_new/src/core/planner/src/planner.cpp: In member function ‘plan::Plan plan::Planner::plan(predict::Target, double)’:
[2.005s] /home/guo/ITL_sentry_auto_new/src/core/planner/src/planner.cpp:55:18: warning: missing initializer for member ‘plan::Plan::fire’ [-Wmissing-field-initializers]
[2.005s]    55 |     return {false};
[2.005s]       |                  ^
[2.005s] /home/guo/ITL_sentry_auto_new/src/core/planner/src/planner.cpp:55:18: warning: missing initializer for member ‘plan::Plan::target_yaw’ [-Wmissing-field-initializers]
[2.005s] /home/guo/ITL_sentry_auto_new/src/core/planner/src/planner.cpp:55:18: warning: missing initializer for member ‘plan::Plan::target_pitch’ [-Wmissing-field-initializers]
[2.005s] /home/guo/ITL_sentry_auto_new/src/core/planner/src/planner.cpp:55:18: warning: missing initializer for member ‘plan::Plan::yaw’ [-Wmissing-field-initializers]
[2.005s] /home/guo/ITL_sentry_auto_new/src/core/planner/src/planner.cpp:55:18: warning: missing initializer for member ‘plan::Plan::yaw_vel’ [-Wmissing-field-initializers]
[2.005s] /home/guo/ITL_sentry_auto_new/src/core/planner/src/planner.cpp:55:18: warning: missing initializer for member ‘plan::Plan::yaw_acc’ [-Wmissing-field-initializers]
[2.005s] /home/guo/ITL_sentry_auto_new/src/core/planner/src/planner.cpp:55:18: warning: missing initializer for member ‘plan::Plan::pitch’ [-Wmissing-field-initializers]
[2.005s] /home/guo/ITL_sentry_auto_new/src/core/planner/src/planner.cpp:55:18: warning: missing initializer for member ‘plan::Plan::pitch_vel’ [-Wmissing-field-initializers]
[2.005s] /home/guo/ITL_sentry_auto_new/src/core/planner/src/planner.cpp:55:18: warning: missing initializer for member ‘plan::Plan::pitch_acc’ [-Wmissing-field-initializers]
[2.018s] /home/guo/ITL_sentry_auto_new/src/core/planner/src/planner.cpp: In member function ‘plan::Plan plan::Planner::plan(std::optional<predict::Target>, double)’:
[2.018s] /home/guo/ITL_sentry_auto_new/src/core/planner/src/planner.cpp:98:41: warning: missing initializer for member ‘plan::Plan::fire’ [-Wmissing-field-initializers]
[2.018s]    98 |   if (!target.has_value()) return {false};
[2.018s]       |                                         ^
[2.018s] /home/guo/ITL_sentry_auto_new/src/core/planner/src/planner.cpp:98:41: warning: missing initializer for member ‘plan::Plan::target_yaw’ [-Wmissing-field-initializers]
[2.018s] /home/guo/ITL_sentry_auto_new/src/core/planner/src/planner.cpp:98:41: warning: missing initializer for member ‘plan::Plan::target_pitch’ [-Wmissing-field-initializers]
[2.018s] /home/guo/ITL_sentry_auto_new/src/core/planner/src/planner.cpp:98:41: warning: missing initializer for member ‘plan::Plan::yaw’ [-Wmissing-field-initializers]
[2.018s] /home/guo/ITL_sentry_auto_new/src/core/planner/src/planner.cpp:98:41: warning: missing initializer for member ‘plan::Plan::yaw_vel’ [-Wmissing-field-initializers]
[2.018s] /home/guo/ITL_sentry_auto_new/src/core/planner/src/planner.cpp:98:41: warning: missing initializer for member ‘plan::Plan::yaw_acc’ [-Wmissing-field-initializers]
[2.018s] /home/guo/ITL_sentry_auto_new/src/core/planner/src/planner.cpp:98:41: warning: missing initializer for member ‘plan::Plan::pitch’ [-Wmissing-field-initializers]
[2.018s] /home/guo/ITL_sentry_auto_new/src/core/planner/src/planner.cpp:98:41: warning: missing initializer for member ‘plan::Plan::pitch_vel’ [-Wmissing-field-initializers]
[2.018s] /home/guo/ITL_sentry_auto_new/src/core/planner/src/planner.cpp:98:41: warning: missing initializer for member ‘plan::Plan::pitch_acc’ [-Wmissing-field-initializers]
[2.036s] /home/guo/ITL_sentry_auto_new/src/core/planner/src/planner.cpp: At global scope:
[2.036s] /home/guo/ITL_sentry_auto_new/src/core/planner/src/planner.cpp:156:48: error: ‘Target’ does not name a type
[2.036s]   156 | Eigen::Matrix<double, 2, 1> Planner::aim(const Target & target, double bullet_speed)
[2.036s]       |                                                ^~~~~~
[2.036s] /home/guo/ITL_sentry_auto_new/src/core/planner/src/planner.cpp:156:29: error: no declaration matches ‘Eigen::Matrix<double, 2, 1> plan::Planner::aim(const int&, double)’
[2.037s]   156 | Eigen::Matrix<double, 2, 1> Planner::aim(const Target & target, double bullet_speed)
[2.037s]       |                             ^~~~~~~
[2.037s] In file included from /home/guo/ITL_sentry_auto_new/src/core/planner/src/planner.cpp:1:
[2.037s] /home/guo/ITL_sentry_auto_new/src/core/planner/include/planner.hpp:54:31: note: candidate is: ‘Eigen::Matrix<double, 2, 1> plan::Planner::aim(const predict::Target&, double)’
[2.037s]    54 |   Eigen::Matrix<double, 2, 1> aim(const predict::Target & target, double bullet_speed);
[2.037s]       |                               ^~~
[2.037s] /home/guo/ITL_sentry_auto_new/src/core/planner/include/planner.hpp:33:7: note: ‘class plan::Planner’ defined here
[2.037s]    33 | class Planner
[2.037s]       |       ^~~~~~~
[3.539s] gmake[2]: *** [CMakeFiles/planner.dir/build.make:76：CMakeFiles/planner.dir/src/planner.cpp.o] 错误 1
[3.539s] gmake[1]: *** [CMakeFiles/Makefile2:137：CMakeFiles/planner.dir/all] 错误 2
[3.539s] gmake: *** [Makefile:146：all] 错误 2
[3.541s] Invoked command in '/home/guo/ITL_sentry_auto_new/build/planner' returned '2': AMENT_PREFIX_PATH=/home/guo/ITL_sentry_auto_new/install/predictor:/home/guo/ITL_sentry_auto_new/install/solver:/home/guo/ITL_sentry_auto_new/install/motion_model:/home/guo/ITL_sentry_auto_new/install/detected:/home/guo/ITL_sentry_auto_new/install/utils:/home/guo/ITL_sentry_auto_new/install/filter_lib:/home/guo/ITL_sentry_auto_new/install/autoaim_msgs:${AMENT_PREFIX_PATH} CMAKE_PREFIX_PATH=/home/guo/ITL_sentry_auto_new/install/predictor:/home/guo/ITL_sentry_auto_new/install/solver:/home/guo/ITL_sentry_auto_new/install/motion_model:/home/guo/ITL_sentry_auto_new/install/detected:/home/guo/ITL_sentry_auto_new/install/utils:/home/guo/ITL_sentry_auto_new/install/filter_lib:/home/guo/ITL_sentry_auto_new/install/autoaim_msgs:/opt/ros/rolling LD_LIBRARY_PATH=/home/guo/ITL_sentry_auto_new/install/predictor/lib:/home/guo/ITL_sentry_auto_new/install/solver/lib:/home/guo/ITL_sentry_auto_new/install/motion_model/lib:/home/guo/ITL_sentry_auto_new/install/detected/lib:/home/guo/ITL_sentry_auto_new/install/utils/lib:/home/guo/ITL_sentry_auto_new/install/filter_lib/lib:/home/guo/ITL_sentry_auto_new/install/autoaim_msgs/lib:/opt/MVS/lib/64:/opt/MVS/lib/32:/opt/MVS/lib/64:/opt/MVS/lib/32 PYTHONPATH=/home/guo/ITL_sentry_auto_new/install/autoaim_msgs/lib/python3.10/site-packages:${PYTHONPATH} /usr/local/bin/cmake --build /home/guo/ITL_sentry_auto_new/build/planner -- -j24 -l24
