[0.011s] Invoking command in '/home/guo/ITL_sentry_auto_new/build/armor_pointer': CMAKE_PREFIX_PATH=/opt/ros/rolling /usr/local/bin/cmake /home/guo/ITL_sentry_auto_new/src/core/pointer -DCMAKE_INSTALL_PREFIX=/home/guo/ITL_sentry_auto_new/install/armor_pointer
[0.071s] -- The C compiler identification is GNU 11.4.0
[0.119s] -- The CXX compiler identification is GNU 11.4.0
[0.134s] -- Detecting C compiler ABI info
[0.183s] -- Detecting C compiler ABI info - done
[0.192s] -- Check for working C compiler: /usr/bin/cc - skipped
[0.193s] -- Detecting C compile features
[0.193s] -- Detecting C compile features - done
[0.202s] -- Detecting CXX compiler ABI info
[0.267s] -- Detecting CXX compiler ABI info - done
[0.276s] -- Check for working CXX compiler: /usr/bin/c++ - skipped
[0.276s] -- Detecting CXX compile features
[0.277s] -- Detecting CXX compile features - done
[0.278s] -- Found ament_cmake: 2.3.2 (/opt/ros/rolling/share/ament_cmake/cmake)
[0.633s] -- Found Python3: /usr/bin/python3.10 (found version "3.10.12") found components: Interpreter 
[0.706s] -- Found OpenCV: /usr (found version "4.5.4") 
[0.763s] -- Configuring done (0.8s)
[0.769s] -- Generating done (0.0s)
[0.771s] -- Build files have been written to: /home/guo/ITL_sentry_auto_new/build/armor_pointer
[0.776s] Invoked command in '/home/guo/ITL_sentry_auto_new/build/armor_pointer' returned '0': CMAKE_PREFIX_PATH=/opt/ros/rolling /usr/local/bin/cmake /home/guo/ITL_sentry_auto_new/src/core/pointer -DCMAKE_INSTALL_PREFIX=/home/guo/ITL_sentry_auto_new/install/armor_pointer
[0.777s] Invoking command in '/home/guo/ITL_sentry_auto_new/build/armor_pointer': CMAKE_PREFIX_PATH=/opt/ros/rolling /usr/local/bin/cmake --build /home/guo/ITL_sentry_auto_new/build/armor_pointer -- -j24 -l24
[0.793s] [ 33%] [32mBuilding CXX object CMakeFiles/armor_pointer.dir/src/image_processor.cpp.o[0m
[0.794s] [ 66%] [32mBuilding CXX object CMakeFiles/armor_pointer.dir/src/lightbar_detector.cpp.o[0m
[2.789s] [100%] [32m[1mLinking CXX static library libarmor_pointer.a[0m
[2.813s] [100%] Built target armor_pointer
[2.818s] Invoked command in '/home/guo/ITL_sentry_auto_new/build/armor_pointer' returned '0': CMAKE_PREFIX_PATH=/opt/ros/rolling /usr/local/bin/cmake --build /home/guo/ITL_sentry_auto_new/build/armor_pointer -- -j24 -l24
[2.818s] Invoking command in '/home/guo/ITL_sentry_auto_new/build/armor_pointer': CMAKE_PREFIX_PATH=/opt/ros/rolling /usr/local/bin/cmake --install /home/guo/ITL_sentry_auto_new/build/armor_pointer
[2.820s] -- Install configuration: ""
[2.820s] -- Installing: /home/guo/ITL_sentry_auto_new/install/armor_pointer/share/armor_pointer/environment/library_path.sh
[2.820s] -- Installing: /home/guo/ITL_sentry_auto_new/install/armor_pointer/share/armor_pointer/environment/library_path.dsv
[2.820s] -- Installing: /home/guo/ITL_sentry_auto_new/install/armor_pointer/include
[2.820s] -- Installing: /home/guo/ITL_sentry_auto_new/install/armor_pointer/include/types.hpp
[2.821s] -- Installing: /home/guo/ITL_sentry_auto_new/install/armor_pointer/include/lightbar_detector.hpp
[2.821s] -- Installing: /home/guo/ITL_sentry_auto_new/install/armor_pointer/include/image_processor.hpp
[2.821s] -- Installing: /home/guo/ITL_sentry_auto_new/install/armor_pointer/lib/libarmor_pointer.a
[2.822s] -- Installing: /home/guo/ITL_sentry_auto_new/install/armor_pointer/share/ament_index/resource_index/package_run_dependencies/armor_pointer
[2.822s] -- Installing: /home/guo/ITL_sentry_auto_new/install/armor_pointer/share/ament_index/resource_index/parent_prefix_path/armor_pointer
[2.822s] -- Installing: /home/guo/ITL_sentry_auto_new/install/armor_pointer/share/armor_pointer/environment/ament_prefix_path.sh
[2.822s] -- Installing: /home/guo/ITL_sentry_auto_new/install/armor_pointer/share/armor_pointer/environment/ament_prefix_path.dsv
[2.822s] -- Installing: /home/guo/ITL_sentry_auto_new/install/armor_pointer/share/armor_pointer/environment/path.sh
[2.822s] -- Installing: /home/guo/ITL_sentry_auto_new/install/armor_pointer/share/armor_pointer/environment/path.dsv
[2.822s] -- Installing: /home/guo/ITL_sentry_auto_new/install/armor_pointer/share/armor_pointer/local_setup.bash
[2.822s] -- Installing: /home/guo/ITL_sentry_auto_new/install/armor_pointer/share/armor_pointer/local_setup.sh
[2.823s] -- Installing: /home/guo/ITL_sentry_auto_new/install/armor_pointer/share/armor_pointer/local_setup.zsh
[2.823s] -- Installing: /home/guo/ITL_sentry_auto_new/install/armor_pointer/share/armor_pointer/local_setup.dsv
[2.823s] -- Installing: /home/guo/ITL_sentry_auto_new/install/armor_pointer/share/armor_pointer/package.dsv
[2.823s] -- Installing: /home/guo/ITL_sentry_auto_new/install/armor_pointer/share/ament_index/resource_index/packages/armor_pointer
[2.823s] -- Installing: /home/guo/ITL_sentry_auto_new/install/armor_pointer/share/armor_pointer/cmake/armor_pointerTargetsExport.cmake
[2.823s] -- Installing: /home/guo/ITL_sentry_auto_new/install/armor_pointer/share/armor_pointer/cmake/armor_pointerTargetsExport-noconfig.cmake
[2.823s] -- Installing: /home/guo/ITL_sentry_auto_new/install/armor_pointer/share/armor_pointer/cmake/ament_cmake_export_targets-extras.cmake
[2.823s] -- Installing: /home/guo/ITL_sentry_auto_new/install/armor_pointer/share/armor_pointer/cmake/ament_cmake_export_dependencies-extras.cmake
[2.823s] -- Installing: /home/guo/ITL_sentry_auto_new/install/armor_pointer/share/armor_pointer/cmake/armor_pointerConfig.cmake
[2.823s] -- Installing: /home/guo/ITL_sentry_auto_new/install/armor_pointer/share/armor_pointer/cmake/armor_pointerConfig-version.cmake
[2.823s] -- Installing: /home/guo/ITL_sentry_auto_new/install/armor_pointer/share/armor_pointer/package.xml
[2.825s] Invoked command in '/home/guo/ITL_sentry_auto_new/build/armor_pointer' returned '0': CMAKE_PREFIX_PATH=/opt/ros/rolling /usr/local/bin/cmake --install /home/guo/ITL_sentry_auto_new/build/armor_pointer
