[0.020s] Invoking command in '/home/guo/ITL_Auto_aim/build/pipeline': AMENT_PREFIX_PATH=/home/guo/ITL_Auto_aim/install/auto_buff:/home/guo/ITL_Auto_aim/install/auto_aim:/home/guo/ITL_Auto_aim/install/deveice:/home/guo/ITL_Auto_aim/install/serial:/home/guo/ITL_Auto_aim/install/utils:/home/guo/ITL_Auto_aim/install/autoaim_msgs:${AMENT_PREFIX_PATH} CMAKE_PREFIX_PATH=/home/guo/ITL_Auto_aim/install/auto_buff:/home/guo/ITL_Auto_aim/install/auto_aim:/home/guo/ITL_Auto_aim/install/deveice:/home/guo/ITL_Auto_aim/install/serial:/home/guo/ITL_Auto_aim/install/utils:/home/guo/ITL_Auto_aim/install/autoaim_msgs:/opt/ros/rolling LD_LIBRARY_PATH=/home/guo/ITL_Auto_aim/install/auto_buff/lib:/home/guo/ITL_Auto_aim/install/auto_aim/lib:/home/guo/ITL_Auto_aim/install/deveice/lib:/home/guo/ITL_Auto_aim/install/serial/lib:/home/guo/ITL_Auto_aim/install/utils/lib:/home/guo/ITL_Auto_aim/install/autoaim_msgs/lib:/usr/lib/x86_64-linux-gnu:/opt/ros/rolling/opt/rviz_ogre_vendor/lib:/opt/ros/rolling/lib/x86_64-linux-gnu:/opt/ros/rolling/lib:/opt/MVS/lib/64:/opt/MVS/lib/32:/usr/local/TensorRT.10.7.0.23/lib:/usr/lib/x86_64-linux-gnu:/usr/local/cuda/lib64:/opt/MVS/lib/64:/opt/MVS/lib/32:/opt/MVS/lib/64:/opt/MVS/lib/32 PYTHONPATH=/home/guo/ITL_Auto_aim/install/autoaim_msgs/lib/python3.10/site-packages:${PYTHONPATH} /usr/local/bin/cmake --build /home/guo/ITL_Auto_aim/build/pipeline -- -j24 -l24
[0.049s] [ 25%] [32mBuilding CXX object CMakeFiles/video_node.dir/src/video_node.cpp.o[0m
[0.052s] [ 50%] [32mBuilding CXX object CMakeFiles/pipeline_node.dir/src/test_node.cpp.o[0m
[2.423s] [01m[K/home/guo/ITL_Auto_aim/src/node/src/video_node.cpp:[m[K In member function ‘[01m[Kvoid Application::VideoApp::visualize(const Application::VideoDebugPacket&)[m[K’:
[2.423s] [01m[K/home/guo/ITL_Auto_aim/src/node/src/video_node.cpp:152:15:[m[K [01;35m[Kwarning: [m[Kunused variable ‘[01m[Kframe_index[m[K’ [[01;35m[K]8;;https://gcc.gnu.org/onlinedocs/gcc/Warning-Options.html#index-Wunused-variable-Wunused-variable]8;;[m[K]
[2.423s]   152 |     const int [01;35m[Kframe_index[m[K = visualization_frame_counter_.fetch_add(1) + 1;
[2.423s]       |               [01;35m[K^~~~~~~~~~~[m[K
[5.771s] [ 75%] [32m[1mLinking CXX executable video_node[0m
[7.095s] [ 75%] Built target video_node
[9.010s] [100%] [32m[1mLinking CXX executable pipeline_node[0m
[11.397s] [100%] Built target pipeline_node
[11.400s] Invoked command in '/home/guo/ITL_Auto_aim/build/pipeline' returned '0': AMENT_PREFIX_PATH=/home/guo/ITL_Auto_aim/install/auto_buff:/home/guo/ITL_Auto_aim/install/auto_aim:/home/guo/ITL_Auto_aim/install/deveice:/home/guo/ITL_Auto_aim/install/serial:/home/guo/ITL_Auto_aim/install/utils:/home/guo/ITL_Auto_aim/install/autoaim_msgs:${AMENT_PREFIX_PATH} CMAKE_PREFIX_PATH=/home/guo/ITL_Auto_aim/install/auto_buff:/home/guo/ITL_Auto_aim/install/auto_aim:/home/guo/ITL_Auto_aim/install/deveice:/home/guo/ITL_Auto_aim/install/serial:/home/guo/ITL_Auto_aim/install/utils:/home/guo/ITL_Auto_aim/install/autoaim_msgs:/opt/ros/rolling LD_LIBRARY_PATH=/home/guo/ITL_Auto_aim/install/auto_buff/lib:/home/guo/ITL_Auto_aim/install/auto_aim/lib:/home/guo/ITL_Auto_aim/install/deveice/lib:/home/guo/ITL_Auto_aim/install/serial/lib:/home/guo/ITL_Auto_aim/install/utils/lib:/home/guo/ITL_Auto_aim/install/autoaim_msgs/lib:/usr/lib/x86_64-linux-gnu:/opt/ros/rolling/opt/rviz_ogre_vendor/lib:/opt/ros/rolling/lib/x86_64-linux-gnu:/opt/ros/rolling/lib:/opt/MVS/lib/64:/opt/MVS/lib/32:/usr/local/TensorRT.10.7.0.23/lib:/usr/lib/x86_64-linux-gnu:/usr/local/cuda/lib64:/opt/MVS/lib/64:/opt/MVS/lib/32:/opt/MVS/lib/64:/opt/MVS/lib/32 PYTHONPATH=/home/guo/ITL_Auto_aim/install/autoaim_msgs/lib/python3.10/site-packages:${PYTHONPATH} /usr/local/bin/cmake --build /home/guo/ITL_Auto_aim/build/pipeline -- -j24 -l24
[11.402s] Invoking command in '/home/guo/ITL_Auto_aim/build/pipeline': AMENT_PREFIX_PATH=/home/guo/ITL_Auto_aim/install/auto_buff:/home/guo/ITL_Auto_aim/install/auto_aim:/home/guo/ITL_Auto_aim/install/deveice:/home/guo/ITL_Auto_aim/install/serial:/home/guo/ITL_Auto_aim/install/utils:/home/guo/ITL_Auto_aim/install/autoaim_msgs:${AMENT_PREFIX_PATH} CMAKE_PREFIX_PATH=/home/guo/ITL_Auto_aim/install/auto_buff:/home/guo/ITL_Auto_aim/install/auto_aim:/home/guo/ITL_Auto_aim/install/deveice:/home/guo/ITL_Auto_aim/install/serial:/home/guo/ITL_Auto_aim/install/utils:/home/guo/ITL_Auto_aim/install/autoaim_msgs:/opt/ros/rolling LD_LIBRARY_PATH=/home/guo/ITL_Auto_aim/install/auto_buff/lib:/home/guo/ITL_Auto_aim/install/auto_aim/lib:/home/guo/ITL_Auto_aim/install/deveice/lib:/home/guo/ITL_Auto_aim/install/serial/lib:/home/guo/ITL_Auto_aim/install/utils/lib:/home/guo/ITL_Auto_aim/install/autoaim_msgs/lib:/usr/lib/x86_64-linux-gnu:/opt/ros/rolling/opt/rviz_ogre_vendor/lib:/opt/ros/rolling/lib/x86_64-linux-gnu:/opt/ros/rolling/lib:/opt/MVS/lib/64:/opt/MVS/lib/32:/usr/local/TensorRT.10.7.0.23/lib:/usr/lib/x86_64-linux-gnu:/usr/local/cuda/lib64:/opt/MVS/lib/64:/opt/MVS/lib/32:/opt/MVS/lib/64:/opt/MVS/lib/32 PYTHONPATH=/home/guo/ITL_Auto_aim/install/autoaim_msgs/lib/python3.10/site-packages:${PYTHONPATH} /usr/local/bin/cmake --install /home/guo/ITL_Auto_aim/build/pipeline
[11.403s] -- Install configuration: ""
[11.403s] -- Installing: /home/guo/ITL_Auto_aim/install/pipeline/lib/pipeline/pipeline_node
[11.412s] -- Set non-toolchain portion of runtime path of "/home/guo/ITL_Auto_aim/install/pipeline/lib/pipeline/pipeline_node" to ""
[11.412s] -- Installing: /home/guo/ITL_Auto_aim/install/pipeline/lib/pipeline/video_node
[11.414s] -- Set non-toolchain portion of runtime path of "/home/guo/ITL_Auto_aim/install/pipeline/lib/pipeline/video_node" to ""
[11.414s] -- Up-to-date: /home/guo/ITL_Auto_aim/install/pipeline/include
[11.415s] -- Up-to-date: /home/guo/ITL_Auto_aim/install/pipeline/include/video_node.hpp
[11.415s] -- Up-to-date: /home/guo/ITL_Auto_aim/install/pipeline/include/test_node.hpp
[11.415s] -- Up-to-date: /home/guo/ITL_Auto_aim/install/pipeline/share/ament_index/resource_index/package_run_dependencies/pipeline
[11.415s] -- Up-to-date: /home/guo/ITL_Auto_aim/install/pipeline/share/ament_index/resource_index/parent_prefix_path/pipeline
[11.415s] -- Up-to-date: /home/guo/ITL_Auto_aim/install/pipeline/share/pipeline/environment/ament_prefix_path.sh
[11.415s] -- Up-to-date: /home/guo/ITL_Auto_aim/install/pipeline/share/pipeline/environment/ament_prefix_path.dsv
[11.415s] -- Up-to-date: /home/guo/ITL_Auto_aim/install/pipeline/share/pipeline/environment/path.sh
[11.415s] -- Up-to-date: /home/guo/ITL_Auto_aim/install/pipeline/share/pipeline/environment/path.dsv
[11.415s] -- Up-to-date: /home/guo/ITL_Auto_aim/install/pipeline/share/pipeline/local_setup.bash
[11.415s] -- Up-to-date: /home/guo/ITL_Auto_aim/install/pipeline/share/pipeline/local_setup.sh
[11.415s] -- Up-to-date: /home/guo/ITL_Auto_aim/install/pipeline/share/pipeline/local_setup.zsh
[11.415s] -- Up-to-date: /home/guo/ITL_Auto_aim/install/pipeline/share/pipeline/local_setup.dsv
[11.415s] -- Installing: /home/guo/ITL_Auto_aim/install/pipeline/share/pipeline/package.dsv
[11.415s] -- Up-to-date: /home/guo/ITL_Auto_aim/install/pipeline/share/ament_index/resource_index/packages/pipeline
[11.415s] -- Up-to-date: /home/guo/ITL_Auto_aim/install/pipeline/share/pipeline/cmake/pipelineConfig.cmake
[11.415s] -- Up-to-date: /home/guo/ITL_Auto_aim/install/pipeline/share/pipeline/cmake/pipelineConfig-version.cmake
[11.415s] -- Up-to-date: /home/guo/ITL_Auto_aim/install/pipeline/share/pipeline/package.xml
[11.416s] Invoked command in '/home/guo/ITL_Auto_aim/build/pipeline' returned '0': AMENT_PREFIX_PATH=/home/guo/ITL_Auto_aim/install/auto_buff:/home/guo/ITL_Auto_aim/install/auto_aim:/home/guo/ITL_Auto_aim/install/deveice:/home/guo/ITL_Auto_aim/install/serial:/home/guo/ITL_Auto_aim/install/utils:/home/guo/ITL_Auto_aim/install/autoaim_msgs:${AMENT_PREFIX_PATH} CMAKE_PREFIX_PATH=/home/guo/ITL_Auto_aim/install/auto_buff:/home/guo/ITL_Auto_aim/install/auto_aim:/home/guo/ITL_Auto_aim/install/deveice:/home/guo/ITL_Auto_aim/install/serial:/home/guo/ITL_Auto_aim/install/utils:/home/guo/ITL_Auto_aim/install/autoaim_msgs:/opt/ros/rolling LD_LIBRARY_PATH=/home/guo/ITL_Auto_aim/install/auto_buff/lib:/home/guo/ITL_Auto_aim/install/auto_aim/lib:/home/guo/ITL_Auto_aim/install/deveice/lib:/home/guo/ITL_Auto_aim/install/serial/lib:/home/guo/ITL_Auto_aim/install/utils/lib:/home/guo/ITL_Auto_aim/install/autoaim_msgs/lib:/usr/lib/x86_64-linux-gnu:/opt/ros/rolling/opt/rviz_ogre_vendor/lib:/opt/ros/rolling/lib/x86_64-linux-gnu:/opt/ros/rolling/lib:/opt/MVS/lib/64:/opt/MVS/lib/32:/usr/local/TensorRT.10.7.0.23/lib:/usr/lib/x86_64-linux-gnu:/usr/local/cuda/lib64:/opt/MVS/lib/64:/opt/MVS/lib/32:/opt/MVS/lib/64:/opt/MVS/lib/32 PYTHONPATH=/home/guo/ITL_Auto_aim/install/autoaim_msgs/lib/python3.10/site-packages:${PYTHONPATH} /usr/local/bin/cmake --install /home/guo/ITL_Auto_aim/build/pipeline
