-- Found ament_cmake: 2.3.2 (/opt/ros/rolling/share/ament_cmake/cmake)
-- Found rclcpp: 27.0.0 (/opt/ros/rolling/share/rclcpp/cmake)
-- Found rosidl_generator_c: 4.5.1 (/opt/ros/rolling/share/rosidl_generator_c/cmake)
-- Found rosidl_generator_cpp: 4.5.1 (/opt/ros/rolling/share/rosidl_generator_cpp/cmake)
-- Using all available rosidl_typesupport_c: rosidl_typesupport_fastrtps_c;rosidl_typesupport_introspection_c
-- Using all available rosidl_typesupport_cpp: rosidl_typesupport_fastrtps_cpp;rosidl_typesupport_introspection_cpp
-- Found rmw_implementation_cmake: 7.3.0 (/opt/ros/rolling/share/rmw_implementation_cmake/cmake)
-- Found rmw_fastrtps_cpp: 8.2.0 (/opt/ros/rolling/share/rmw_fastrtps_cpp/cmake)
-- Using RMW implementation 'rmw_fastrtps_cpp' as default
-- Found sensor_msgs: 5.3.0 (/opt/ros/rolling/share/sensor_msgs/cmake)
-- Found tf2: 0.36.0 (/opt/ros/rolling/share/tf2/cmake)
-- Found tf2_ros: 0.36.0 (/opt/ros/rolling/share/tf2_ros/cmake)
-- Found autoaim_msgs: 0.0.1 (/home/guo/ITL_sentry_auto_new/install/autoaim_msgs/share/autoaim_msgs/cmake)
-- Found cv_bridge: 3.4.0 (/opt/ros/rolling/share/cv_bridge/cmake)
-- Found utils: 1.0.0 (/home/guo/ITL_sentry_auto_new/install/utils/share/utils/cmake)
-- Found solver: 0.0.0 (/home/guo/ITL_sentry_auto_new/install/solver/share/solver/cmake)
-- Found eigen3_cmake_module: 0.3.0 (/opt/ros/rolling/share/eigen3_cmake_module/cmake)
-- Ensuring Eigen3 include directory is part of orocos-kdl CMake target
-- Found predictor: 1.0.0 (/home/guo/ITL_sentry_auto_new/install/predictor/share/predictor/cmake)
-- Found ament_lint_auto: 0.16.3 (/opt/ros/rolling/share/ament_lint_auto/cmake)
-- Added test 'copyright' to check source files copyright and LICENSE
-- Added test 'cppcheck' to perform static code analysis on C / C++ code
-- Configured cppcheck include dirs: /home/guo/ITL_sentry_auto_new/src/core/tracker/include
-- Configured cppcheck exclude dirs and/or files: 
-- Added test 'cpplint' to check C / C++ code against the Google style
-- Configured cpplint exclude dirs and/or files: 
-- Added test 'lint_cmake' to check CMake code style
-- Added test 'uncrustify' to check C / C++ code style
-- Configured uncrustify additional arguments: 
-- Added test 'xmllint' to check XML markup files
-- Configuring done (1.9s)
-- Generating done (0.0s)
-- Build files have been written to: /home/guo/ITL_sentry_auto_new/build/tracker
[ 50%] [32mBuilding CXX object CMakeFiles/tracker_lib.dir/src/tracker.cpp.o[0m
[100%] [32m[1mLinking CXX static library libtracker_lib.a[0m
[100%] Built target tracker_lib
-- Install configuration: ""
-- Installing: /home/guo/ITL_sentry_auto_new/install/tracker/lib/libtracker_lib.a
-- Up-to-date: /home/guo/ITL_sentry_auto_new/install/tracker/include
-- Up-to-date: /home/guo/ITL_sentry_auto_new/install/tracker/include/tracker.hpp
-- Up-to-date: /home/guo/ITL_sentry_auto_new/install/tracker/share/tracker/environment/library_path.sh
-- Up-to-date: /home/guo/ITL_sentry_auto_new/install/tracker/share/tracker/environment/library_path.dsv
-- Installing: /home/guo/ITL_sentry_auto_new/install/tracker/share/ament_index/resource_index/package_run_dependencies/tracker
-- Installing: /home/guo/ITL_sentry_auto_new/install/tracker/share/ament_index/resource_index/parent_prefix_path/tracker
-- Up-to-date: /home/guo/ITL_sentry_auto_new/install/tracker/share/tracker/environment/ament_prefix_path.sh
-- Up-to-date: /home/guo/ITL_sentry_auto_new/install/tracker/share/tracker/environment/ament_prefix_path.dsv
-- Up-to-date: /home/guo/ITL_sentry_auto_new/install/tracker/share/tracker/environment/path.sh
-- Up-to-date: /home/guo/ITL_sentry_auto_new/install/tracker/share/tracker/environment/path.dsv
-- Up-to-date: /home/guo/ITL_sentry_auto_new/install/tracker/share/tracker/local_setup.bash
-- Up-to-date: /home/guo/ITL_sentry_auto_new/install/tracker/share/tracker/local_setup.sh
-- Up-to-date: /home/guo/ITL_sentry_auto_new/install/tracker/share/tracker/local_setup.zsh
-- Up-to-date: /home/guo/ITL_sentry_auto_new/install/tracker/share/tracker/local_setup.dsv
-- Installing: /home/guo/ITL_sentry_auto_new/install/tracker/share/tracker/package.dsv
-- Up-to-date: /home/guo/ITL_sentry_auto_new/install/tracker/share/ament_index/resource_index/packages/tracker
-- Up-to-date: /home/guo/ITL_sentry_auto_new/install/tracker/share/tracker/cmake/ament_cmake_export_include_directories-extras.cmake
-- Up-to-date: /home/guo/ITL_sentry_auto_new/install/tracker/share/tracker/cmake/ament_cmake_export_libraries-extras.cmake
-- Installing: /home/guo/ITL_sentry_auto_new/install/tracker/share/tracker/cmake/ament_cmake_export_dependencies-extras.cmake
-- Up-to-date: /home/guo/ITL_sentry_auto_new/install/tracker/share/tracker/cmake/trackerConfig.cmake
-- Up-to-date: /home/guo/ITL_sentry_auto_new/install/tracker/share/tracker/cmake/trackerConfig-version.cmake
-- Installing: /home/guo/ITL_sentry_auto_new/install/tracker/share/tracker/package.xml
