[0.009s] Invoking command in '/home/guo/ITL_sentry_auto_new/build/utils': CMAKE_PREFIX_PATH=${CMAKE_PREFIX_PATH}:/opt/ros/rolling /usr/local/bin/cmake /home/guo/ITL_sentry_auto_new/src/utils -DCMAKE_INSTALL_PREFIX=/home/guo/ITL_sentry_auto_new/install/utils
[0.015s] -- Found ament_cmake: 2.3.2 (/opt/ros/rolling/share/ament_cmake/cmake)
[0.193s] -- Found rclcpp: 27.0.0 (/opt/ros/rolling/share/rclcpp/cmake)
[0.215s] -- Found rosidl_generator_c: 4.5.1 (/opt/ros/rolling/share/rosidl_generator_c/cmake)
[0.223s] -- Found rosidl_generator_cpp: 4.5.1 (/opt/ros/rolling/share/rosidl_generator_cpp/cmake)
[0.235s] -- Using all available rosidl_typesupport_c: rosidl_typesupport_fastrtps_c;rosidl_typesupport_introspection_c
[0.247s] -- Using all available rosidl_typesupport_cpp: rosidl_typesupport_fastrtps_cpp;rosidl_typesupport_introspection_cpp
[0.385s] -- Found rmw_implementation_cmake: 7.3.0 (/opt/ros/rolling/share/rmw_implementation_cmake/cmake)
[0.386s] -- Found rmw_fastrtps_cpp: 8.2.0 (/opt/ros/rolling/share/rmw_fastrtps_cpp/cmake)
[0.496s] -- Using RMW implementation 'rmw_fastrtps_cpp' as default
[0.711s] -- Configuring done (0.7s)
[0.721s] -- Generating done (0.0s)
[0.723s] -- Build files have been written to: /home/guo/ITL_sentry_auto_new/build/utils
[0.728s] Invoked command in '/home/guo/ITL_sentry_auto_new/build/utils' returned '0': CMAKE_PREFIX_PATH=${CMAKE_PREFIX_PATH}:/opt/ros/rolling /usr/local/bin/cmake /home/guo/ITL_sentry_auto_new/src/utils -DCMAKE_INSTALL_PREFIX=/home/guo/ITL_sentry_auto_new/install/utils
[0.729s] Invoking command in '/home/guo/ITL_sentry_auto_new/build/utils': CMAKE_PREFIX_PATH=${CMAKE_PREFIX_PATH}:/opt/ros/rolling /usr/local/bin/cmake --build /home/guo/ITL_sentry_auto_new/build/utils -- -j24 -l24
[0.755s] [100%] Built target utils
[0.759s] Invoked command in '/home/guo/ITL_sentry_auto_new/build/utils' returned '0': CMAKE_PREFIX_PATH=${CMAKE_PREFIX_PATH}:/opt/ros/rolling /usr/local/bin/cmake --build /home/guo/ITL_sentry_auto_new/build/utils -- -j24 -l24
[0.760s] Invoking command in '/home/guo/ITL_sentry_auto_new/build/utils': CMAKE_PREFIX_PATH=${CMAKE_PREFIX_PATH}:/opt/ros/rolling /usr/local/bin/cmake --install /home/guo/ITL_sentry_auto_new/build/utils
[0.762s] -- Install configuration: "Release"
[0.762s] -- Up-to-date: /home/guo/ITL_sentry_auto_new/install/utils/share/utils/environment/library_path.sh
[0.762s] -- Up-to-date: /home/guo/ITL_sentry_auto_new/install/utils/share/utils/environment/library_path.dsv
[0.762s] -- Up-to-date: /home/guo/ITL_sentry_auto_new/install/utils/include
[0.762s] -- Up-to-date: /home/guo/ITL_sentry_auto_new/install/utils/include/draw_tools.hpp
[0.763s] -- Up-to-date: /home/guo/ITL_sentry_auto_new/install/utils/include/thread_safe_queue.hpp
[0.763s] -- Up-to-date: /home/guo/ITL_sentry_auto_new/install/utils/include/math_tools.hpp
[0.763s] -- Up-to-date: /home/guo/ITL_sentry_auto_new/install/utils/include/video.hpp
[0.763s] -- Up-to-date: /home/guo/ITL_sentry_auto_new/install/utils/include/yaml.hpp
[0.763s] -- Up-to-date: /home/guo/ITL_sentry_auto_new/install/utils/include/detector_tools.hpp
[0.763s] -- Up-to-date: /home/guo/ITL_sentry_auto_new/install/utils/include/trajectory.hpp
[0.763s] -- Up-to-date: /home/guo/ITL_sentry_auto_new/install/utils/include/performance_monitor.hpp
[0.763s] -- Up-to-date: /home/guo/ITL_sentry_auto_new/install/utils/include/extended_kalman_filter.hpp
[0.763s] -- Up-to-date: /home/guo/ITL_sentry_auto_new/install/utils/include/logger.hpp
[0.763s] -- Up-to-date: /home/guo/ITL_sentry_auto_new/install/utils/include/crc.hpp
[0.763s] -- Up-to-date: /home/guo/ITL_sentry_auto_new/install/utils/include/blocking_queue.hpp
[0.763s] -- Up-to-date: /home/guo/ITL_sentry_auto_new/install/utils/include/ransac_sine_fitter.hpp
[0.763s] -- Up-to-date: /home/guo/ITL_sentry_auto_new/install/utils/include/roi_tools.hpp
[0.763s] -- Up-to-date: /home/guo/ITL_sentry_auto_new/install/utils/lib/libutils.a
[0.763s] -- Up-to-date: /home/guo/ITL_sentry_auto_new/install/utils/share/utils/cmake/utilsTargets.cmake
[0.763s] -- Up-to-date: /home/guo/ITL_sentry_auto_new/install/utils/share/utils/cmake/utilsTargets-release.cmake
[0.763s] -- Up-to-date: /home/guo/ITL_sentry_auto_new/install/utils/share/ament_index/resource_index/package_run_dependencies/utils
[0.763s] -- Installing: /home/guo/ITL_sentry_auto_new/install/utils/share/ament_index/resource_index/parent_prefix_path/utils
[0.763s] -- Up-to-date: /home/guo/ITL_sentry_auto_new/install/utils/share/utils/environment/ament_prefix_path.sh
[0.763s] -- Up-to-date: /home/guo/ITL_sentry_auto_new/install/utils/share/utils/environment/ament_prefix_path.dsv
[0.763s] -- Up-to-date: /home/guo/ITL_sentry_auto_new/install/utils/share/utils/environment/path.sh
[0.763s] -- Up-to-date: /home/guo/ITL_sentry_auto_new/install/utils/share/utils/environment/path.dsv
[0.763s] -- Up-to-date: /home/guo/ITL_sentry_auto_new/install/utils/share/utils/local_setup.bash
[0.763s] -- Up-to-date: /home/guo/ITL_sentry_auto_new/install/utils/share/utils/local_setup.sh
[0.763s] -- Up-to-date: /home/guo/ITL_sentry_auto_new/install/utils/share/utils/local_setup.zsh
[0.763s] -- Up-to-date: /home/guo/ITL_sentry_auto_new/install/utils/share/utils/local_setup.dsv
[0.763s] -- Installing: /home/guo/ITL_sentry_auto_new/install/utils/share/utils/package.dsv
[0.763s] -- Up-to-date: /home/guo/ITL_sentry_auto_new/install/utils/share/ament_index/resource_index/packages/utils
[0.764s] -- Up-to-date: /home/guo/ITL_sentry_auto_new/install/utils/share/utils/cmake/utilsTargetsExport.cmake
[0.764s] -- Up-to-date: /home/guo/ITL_sentry_auto_new/install/utils/share/utils/cmake/utilsTargetsExport-release.cmake
[0.764s] -- Up-to-date: /home/guo/ITL_sentry_auto_new/install/utils/share/utils/cmake/ament_cmake_export_include_directories-extras.cmake
[0.764s] -- Up-to-date: /home/guo/ITL_sentry_auto_new/install/utils/share/utils/cmake/ament_cmake_export_libraries-extras.cmake
[0.764s] -- Up-to-date: /home/guo/ITL_sentry_auto_new/install/utils/share/utils/cmake/ament_cmake_export_dependencies-extras.cmake
[0.764s] -- Up-to-date: /home/guo/ITL_sentry_auto_new/install/utils/share/utils/cmake/ament_cmake_export_targets-extras.cmake
[0.764s] -- Up-to-date: /home/guo/ITL_sentry_auto_new/install/utils/share/utils/cmake/utilsConfig.cmake
[0.764s] -- Up-to-date: /home/guo/ITL_sentry_auto_new/install/utils/share/utils/cmake/utilsConfig-version.cmake
[0.764s] -- Up-to-date: /home/guo/ITL_sentry_auto_new/install/utils/share/utils/package.xml
[0.765s] Invoked command in '/home/guo/ITL_sentry_auto_new/build/utils' returned '0': CMAKE_PREFIX_PATH=${CMAKE_PREFIX_PATH}:/opt/ros/rolling /usr/local/bin/cmake --install /home/guo/ITL_sentry_auto_new/build/utils
