[0.050s] Invoking command in '/home/shaobing/rm_ws/build/launch_node': CMAKE_PREFIX_PATH=${CMAKE_PREFIX_PATH}:/home/shaobing/rm_ws/install/pkg02_helloworld_py:/opt/ros/humble /usr/bin/cmake --build /home/shaobing/rm_ws/build/launch_node -- -j16 -l16
[0.206s] Invoked command in '/home/shaobing/rm_ws/build/launch_node' returned '0': CMAKE_PREFIX_PATH=${CMAKE_PREFIX_PATH}:/home/shaobing/rm_ws/install/pkg02_helloworld_py:/opt/ros/humble /usr/bin/cmake --build /home/shaobing/rm_ws/build/launch_node -- -j16 -l16
[0.208s] Invoking command in '/home/shaobing/rm_ws/build/launch_node': CMAKE_PREFIX_PATH=${CMAKE_PREFIX_PATH}:/home/shaobing/rm_ws/install/pkg02_helloworld_py:/opt/ros/humble /usr/bin/cmake --install /home/shaobing/rm_ws/build/launch_node
[0.214s] -- Install configuration: ""
[0.214s] -- Up-to-date: /home/shaobing/rm_ws/install/launch_node/share/launch_node/launch
[0.214s] -- Up-to-date: /home/shaobing/rm_ws/install/launch_node/share/launch_node/launch/launch_blue.launch.py
[0.214s] -- Up-to-date: /home/shaobing/rm_ws/install/launch_node/share/launch_node/launch/launch_red.launch.py
[0.214s] -- Up-to-date: /home/shaobing/rm_ws/install/launch_node/share/launch_node/config
[0.214s] -- Up-to-date: /home/shaobing/rm_ws/install/launch_node/share/launch_node/config/angle_solver_params.xml
[0.214s] -- Up-to-date: /home/shaobing/rm_ws/install/launch_node/share/ament_index/resource_index/package_run_dependencies/launch_node
[0.215s] -- Up-to-date: /home/shaobing/rm_ws/install/launch_node/share/ament_index/resource_index/parent_prefix_path/launch_node
[0.215s] -- Up-to-date: /home/shaobing/rm_ws/install/launch_node/share/launch_node/environment/ament_prefix_path.sh
[0.215s] -- Up-to-date: /home/shaobing/rm_ws/install/launch_node/share/launch_node/environment/ament_prefix_path.dsv
[0.215s] -- Up-to-date: /home/shaobing/rm_ws/install/launch_node/share/launch_node/environment/path.sh
[0.215s] -- Up-to-date: /home/shaobing/rm_ws/install/launch_node/share/launch_node/environment/path.dsv
[0.215s] -- Up-to-date: /home/shaobing/rm_ws/install/launch_node/share/launch_node/local_setup.bash
[0.215s] -- Up-to-date: /home/shaobing/rm_ws/install/launch_node/share/launch_node/local_setup.sh
[0.215s] -- Up-to-date: /home/shaobing/rm_ws/install/launch_node/share/launch_node/local_setup.zsh
[0.215s] -- Up-to-date: /home/shaobing/rm_ws/install/launch_node/share/launch_node/local_setup.dsv
[0.215s] -- Up-to-date: /home/shaobing/rm_ws/install/launch_node/share/launch_node/package.dsv
[0.215s] -- Up-to-date: /home/shaobing/rm_ws/install/launch_node/share/ament_index/resource_index/packages/launch_node
[0.215s] -- Up-to-date: /home/shaobing/rm_ws/install/launch_node/share/launch_node/cmake/ament_cmake_export_dependencies-extras.cmake
[0.215s] -- Up-to-date: /home/shaobing/rm_ws/install/launch_node/share/launch_node/cmake/launch_nodeConfig.cmake
[0.215s] -- Up-to-date: /home/shaobing/rm_ws/install/launch_node/share/launch_node/cmake/launch_nodeConfig-version.cmake
[0.215s] -- Up-to-date: /home/shaobing/rm_ws/install/launch_node/share/launch_node/package.xml
[0.227s] Invoked command in '/home/shaobing/rm_ws/build/launch_node' returned '0': CMAKE_PREFIX_PATH=${CMAKE_PREFIX_PATH}:/home/shaobing/rm_ws/install/pkg02_helloworld_py:/opt/ros/humble /usr/bin/cmake --install /home/shaobing/rm_ws/build/launch_node
