[ 16%] Built target deveice_old_gimbal
[ 33%] Built target deveice_imu
[ 41%] [32mBuilding CXX object CMakeFiles/deveice_gimbal.dir/gimbal/src/gimbal.cpp.o[0m
[ 58%] Built target deveice_cboard
[ 75%] Built target deveice_camera
[ 83%] [32m[1mLinking CXX static library libdeveice_gimbal.a[0m
[ 83%] Built target deveice_gimbal
[ 91%] [32m[1mLinking CXX shared library libdeveice.so[0m
[100%] Built target deveice
-- Install configuration: ""
-- Installing: /home/guo/ITL_Auto_aim/install/deveice/lib/libdeveice.so
-- Set non-toolchain portion of runtime path of "/home/guo/ITL_Auto_aim/install/deveice/lib/libdeveice.so" to "/opt/MVS/lib/64"
-- Up-to-date: /home/guo/ITL_Auto_aim/install/deveice/lib/libdeveice_camera.a
-- Up-to-date: /home/guo/ITL_Auto_aim/install/deveice/lib/libdeveice_cboard.a
-- Installing: /home/guo/ITL_Auto_aim/install/deveice/lib/libdeveice_gimbal.a
-- Up-to-date: /home/guo/ITL_Auto_aim/install/deveice/lib/libdeveice_imu.a
-- Up-to-date: /home/guo/ITL_Auto_aim/install/deveice/lib/libdeveice_old_gimbal.a
-- Up-to-date: /home/guo/ITL_Auto_aim/install/deveice/include
-- Up-to-date: /home/guo/ITL_Auto_aim/install/deveice/include/hikcamera.hpp
-- Up-to-date: /home/guo/ITL_Auto_aim/install/deveice/include
-- Up-to-date: /home/guo/ITL_Auto_aim/install/deveice/include/command.hpp
-- Up-to-date: /home/guo/ITL_Auto_aim/install/deveice/include/cboard.hpp
-- Up-to-date: /home/guo/ITL_Auto_aim/install/deveice/include/socketcan.hpp
-- Up-to-date: /home/guo/ITL_Auto_aim/install/deveice/include
-- Installing: /home/guo/ITL_Auto_aim/install/deveice/include/gimbal.hpp
-- Up-to-date: /home/guo/ITL_Auto_aim/install/deveice/include
-- Up-to-date: /home/guo/ITL_Auto_aim/install/deveice/include/imu_driver.h
-- Up-to-date: /home/guo/ITL_Auto_aim/install/deveice/include
-- Up-to-date: /home/guo/ITL_Auto_aim/install/deveice/include/old_gimbal.hpp
-- Up-to-date: /home/guo/ITL_Auto_aim/install/deveice/share/deveice/imu/config
-- Up-to-date: /home/guo/ITL_Auto_aim/install/deveice/share/deveice/imu/config/imu_params.yaml
-- Up-to-date: /home/guo/ITL_Auto_aim/install/deveice/share/deveice/cmake/deveiceTargets.cmake
-- Up-to-date: /home/guo/ITL_Auto_aim/install/deveice/share/deveice/cmake/deveiceTargets-noconfig.cmake
-- Up-to-date: /home/guo/ITL_Auto_aim/install/deveice/share/deveice/environment/library_path.sh
-- Up-to-date: /home/guo/ITL_Auto_aim/install/deveice/share/deveice/environment/library_path.dsv
-- Up-to-date: /home/guo/ITL_Auto_aim/install/deveice/share/deveice/package.xml
-- Up-to-date: /home/guo/ITL_Auto_aim/install/deveice/share/ament_index/resource_index/package_run_dependencies/deveice
-- Up-to-date: /home/guo/ITL_Auto_aim/install/deveice/share/ament_index/resource_index/parent_prefix_path/deveice
-- Up-to-date: /home/guo/ITL_Auto_aim/install/deveice/share/deveice/environment/ament_prefix_path.sh
-- Up-to-date: /home/guo/ITL_Auto_aim/install/deveice/share/deveice/environment/ament_prefix_path.dsv
-- Up-to-date: /home/guo/ITL_Auto_aim/install/deveice/share/deveice/environment/path.sh
-- Up-to-date: /home/guo/ITL_Auto_aim/install/deveice/share/deveice/environment/path.dsv
-- Up-to-date: /home/guo/ITL_Auto_aim/install/deveice/share/deveice/local_setup.bash
-- Up-to-date: /home/guo/ITL_Auto_aim/install/deveice/share/deveice/local_setup.sh
-- Up-to-date: /home/guo/ITL_Auto_aim/install/deveice/share/deveice/local_setup.zsh
-- Up-to-date: /home/guo/ITL_Auto_aim/install/deveice/share/deveice/local_setup.dsv
-- Installing: /home/guo/ITL_Auto_aim/install/deveice/share/deveice/package.dsv
-- Up-to-date: /home/guo/ITL_Auto_aim/install/deveice/share/ament_index/resource_index/packages/deveice
-- Up-to-date: /home/guo/ITL_Auto_aim/install/deveice/share/deveice/cmake/deveiceTargetsExport.cmake
-- Up-to-date: /home/guo/ITL_Auto_aim/install/deveice/share/deveice/cmake/deveiceTargetsExport-noconfig.cmake
-- Up-to-date: /home/guo/ITL_Auto_aim/install/deveice/share/deveice/cmake/ament_cmake_export_include_directories-extras.cmake
-- Up-to-date: /home/guo/ITL_Auto_aim/install/deveice/share/deveice/cmake/ament_cmake_export_targets-extras.cmake
-- Up-to-date: /home/guo/ITL_Auto_aim/install/deveice/share/deveice/cmake/ament_cmake_export_dependencies-extras.cmake
-- Up-to-date: /home/guo/ITL_Auto_aim/install/deveice/share/deveice/cmake/deveiceConfig.cmake
-- Up-to-date: /home/guo/ITL_Auto_aim/install/deveice/share/deveice/cmake/deveiceConfig-version.cmake
-- Up-to-date: /home/guo/ITL_Auto_aim/install/deveice/share/deveice/package.xml
