[0.017s] Invoking command in '/home/guo/ITL_Auto_aim/build/deveice': CMAKE_PREFIX_PATH=/home/guo/ITL_Auto_aim/install/serial:/home/guo/ITL_Auto_aim/install/utils:/home/guo/ITL_Auto_aim/install/autoaim_msgs:/home/guo/ITL_Auto_aim/install/pipeline:/home/guo/ITL_Auto_aim/install/auto_buff:/home/guo/ITL_Auto_aim/install/auto_aim:/home/guo/ITL_Auto_aim/install/deveice:/home/guo/ITL_Auto_aim/install/launch_node:/home/guo/ws_livox/install/livox_ros2_driver:/home/guo/ws_livox/install/livox_sdk_vendor:/home/guo/ws_livox/install/livox_interfaces:/opt/ros/rolling LD_LIBRARY_PATH=/home/guo/ITL_Auto_aim/install/serial/lib:/home/guo/ITL_Auto_aim/install/autoaim_msgs/lib:/home/guo/ITL_Auto_aim/install/auto_buff/lib:/home/guo/ITL_Auto_aim/install/auto_aim/lib:/home/guo/ITL_Auto_aim/install/deveice/lib:/home/guo/ITL_Auto_aim/install/utils/lib:/home/guo/ws_livox/install/livox_ros2_driver/lib:/home/guo/ws_livox/install/livox_interfaces/lib:/usr/lib/x86_64-linux-gnu:/opt/ros/rolling/opt/rviz_ogre_vendor/lib:/opt/ros/rolling/lib/x86_64-linux-gnu:/opt/ros/rolling/lib:/opt/MVS/lib/64:/opt/MVS/lib/32:/usr/local/TensorRT.10.7.0.23/lib:/usr/lib/x86_64-linux-gnu:/usr/local/cuda/lib64:/opt/MVS/lib/64:/opt/MVS/lib/32:/opt/MVS/lib/64:/opt/MVS/lib/32 /usr/local/bin/cmake --build /home/guo/ITL_Auto_aim/build/deveice -- -j24 -l24
[0.041s] [ 16%] Built target deveice_old_gimbal
[0.041s] [ 33%] Built target deveice_imu
[0.042s] [ 41%] [32mBuilding CXX object CMakeFiles/deveice_gimbal.dir/gimbal/src/gimbal.cpp.o[0m
[0.044s] [ 58%] Built target deveice_cboard
[0.046s] [ 75%] Built target deveice_camera
[3.825s] [ 83%] [32m[1mLinking CXX static library libdeveice_gimbal.a[0m
[3.884s] [ 83%] Built target deveice_gimbal
[3.893s] [ 91%] [32m[1mLinking CXX shared library libdeveice.so[0m
[4.613s] [100%] Built target deveice
[4.617s] Invoked command in '/home/guo/ITL_Auto_aim/build/deveice' returned '0': CMAKE_PREFIX_PATH=/home/guo/ITL_Auto_aim/install/serial:/home/guo/ITL_Auto_aim/install/utils:/home/guo/ITL_Auto_aim/install/autoaim_msgs:/home/guo/ITL_Auto_aim/install/pipeline:/home/guo/ITL_Auto_aim/install/auto_buff:/home/guo/ITL_Auto_aim/install/auto_aim:/home/guo/ITL_Auto_aim/install/deveice:/home/guo/ITL_Auto_aim/install/launch_node:/home/guo/ws_livox/install/livox_ros2_driver:/home/guo/ws_livox/install/livox_sdk_vendor:/home/guo/ws_livox/install/livox_interfaces:/opt/ros/rolling LD_LIBRARY_PATH=/home/guo/ITL_Auto_aim/install/serial/lib:/home/guo/ITL_Auto_aim/install/autoaim_msgs/lib:/home/guo/ITL_Auto_aim/install/auto_buff/lib:/home/guo/ITL_Auto_aim/install/auto_aim/lib:/home/guo/ITL_Auto_aim/install/deveice/lib:/home/guo/ITL_Auto_aim/install/utils/lib:/home/guo/ws_livox/install/livox_ros2_driver/lib:/home/guo/ws_livox/install/livox_interfaces/lib:/usr/lib/x86_64-linux-gnu:/opt/ros/rolling/opt/rviz_ogre_vendor/lib:/opt/ros/rolling/lib/x86_64-linux-gnu:/opt/ros/rolling/lib:/opt/MVS/lib/64:/opt/MVS/lib/32:/usr/local/TensorRT.10.7.0.23/lib:/usr/lib/x86_64-linux-gnu:/usr/local/cuda/lib64:/opt/MVS/lib/64:/opt/MVS/lib/32:/opt/MVS/lib/64:/opt/MVS/lib/32 /usr/local/bin/cmake --build /home/guo/ITL_Auto_aim/build/deveice -- -j24 -l24
[4.618s] Invoking command in '/home/guo/ITL_Auto_aim/build/deveice': CMAKE_PREFIX_PATH=/home/guo/ITL_Auto_aim/install/serial:/home/guo/ITL_Auto_aim/install/utils:/home/guo/ITL_Auto_aim/install/autoaim_msgs:/home/guo/ITL_Auto_aim/install/pipeline:/home/guo/ITL_Auto_aim/install/auto_buff:/home/guo/ITL_Auto_aim/install/auto_aim:/home/guo/ITL_Auto_aim/install/deveice:/home/guo/ITL_Auto_aim/install/launch_node:/home/guo/ws_livox/install/livox_ros2_driver:/home/guo/ws_livox/install/livox_sdk_vendor:/home/guo/ws_livox/install/livox_interfaces:/opt/ros/rolling LD_LIBRARY_PATH=/home/guo/ITL_Auto_aim/install/serial/lib:/home/guo/ITL_Auto_aim/install/autoaim_msgs/lib:/home/guo/ITL_Auto_aim/install/auto_buff/lib:/home/guo/ITL_Auto_aim/install/auto_aim/lib:/home/guo/ITL_Auto_aim/install/deveice/lib:/home/guo/ITL_Auto_aim/install/utils/lib:/home/guo/ws_livox/install/livox_ros2_driver/lib:/home/guo/ws_livox/install/livox_interfaces/lib:/usr/lib/x86_64-linux-gnu:/opt/ros/rolling/opt/rviz_ogre_vendor/lib:/opt/ros/rolling/lib/x86_64-linux-gnu:/opt/ros/rolling/lib:/opt/MVS/lib/64:/opt/MVS/lib/32:/usr/local/TensorRT.10.7.0.23/lib:/usr/lib/x86_64-linux-gnu:/usr/local/cuda/lib64:/opt/MVS/lib/64:/opt/MVS/lib/32:/opt/MVS/lib/64:/opt/MVS/lib/32 /usr/local/bin/cmake --install /home/guo/ITL_Auto_aim/build/deveice
[4.621s] -- Install configuration: ""
[4.621s] -- Installing: /home/guo/ITL_Auto_aim/install/deveice/lib/libdeveice.so
[4.625s] -- Set non-toolchain portion of runtime path of "/home/guo/ITL_Auto_aim/install/deveice/lib/libdeveice.so" to "/opt/MVS/lib/64"
[4.625s] -- Up-to-date: /home/guo/ITL_Auto_aim/install/deveice/lib/libdeveice_camera.a
[4.625s] -- Up-to-date: /home/guo/ITL_Auto_aim/install/deveice/lib/libdeveice_cboard.a
[4.625s] -- Installing: /home/guo/ITL_Auto_aim/install/deveice/lib/libdeveice_gimbal.a
[4.630s] -- Up-to-date: /home/guo/ITL_Auto_aim/install/deveice/lib/libdeveice_imu.a
[4.630s] -- Up-to-date: /home/guo/ITL_Auto_aim/install/deveice/lib/libdeveice_old_gimbal.a
[4.630s] -- Up-to-date: /home/guo/ITL_Auto_aim/install/deveice/include
[4.630s] -- Up-to-date: /home/guo/ITL_Auto_aim/install/deveice/include/hikcamera.hpp
[4.630s] -- Up-to-date: /home/guo/ITL_Auto_aim/install/deveice/include
[4.630s] -- Up-to-date: /home/guo/ITL_Auto_aim/install/deveice/include/command.hpp
[4.630s] -- Up-to-date: /home/guo/ITL_Auto_aim/install/deveice/include/cboard.hpp
[4.630s] -- Up-to-date: /home/guo/ITL_Auto_aim/install/deveice/include/socketcan.hpp
[4.630s] -- Up-to-date: /home/guo/ITL_Auto_aim/install/deveice/include
[4.630s] -- Installing: /home/guo/ITL_Auto_aim/install/deveice/include/gimbal.hpp
[4.630s] -- Up-to-date: /home/guo/ITL_Auto_aim/install/deveice/include
[4.630s] -- Up-to-date: /home/guo/ITL_Auto_aim/install/deveice/include/imu_driver.h
[4.630s] -- Up-to-date: /home/guo/ITL_Auto_aim/install/deveice/include
[4.630s] -- Up-to-date: /home/guo/ITL_Auto_aim/install/deveice/include/old_gimbal.hpp
[4.631s] -- Up-to-date: /home/guo/ITL_Auto_aim/install/deveice/share/deveice/imu/config
[4.631s] -- Up-to-date: /home/guo/ITL_Auto_aim/install/deveice/share/deveice/imu/config/imu_params.yaml
[4.631s] -- Up-to-date: /home/guo/ITL_Auto_aim/install/deveice/share/deveice/cmake/deveiceTargets.cmake
[4.631s] -- Up-to-date: /home/guo/ITL_Auto_aim/install/deveice/share/deveice/cmake/deveiceTargets-noconfig.cmake
[4.631s] -- Up-to-date: /home/guo/ITL_Auto_aim/install/deveice/share/deveice/environment/library_path.sh
[4.631s] -- Up-to-date: /home/guo/ITL_Auto_aim/install/deveice/share/deveice/environment/library_path.dsv
[4.631s] -- Up-to-date: /home/guo/ITL_Auto_aim/install/deveice/share/deveice/package.xml
[4.631s] -- Up-to-date: /home/guo/ITL_Auto_aim/install/deveice/share/ament_index/resource_index/package_run_dependencies/deveice
[4.631s] -- Up-to-date: /home/guo/ITL_Auto_aim/install/deveice/share/ament_index/resource_index/parent_prefix_path/deveice
[4.631s] -- Up-to-date: /home/guo/ITL_Auto_aim/install/deveice/share/deveice/environment/ament_prefix_path.sh
[4.631s] -- Up-to-date: /home/guo/ITL_Auto_aim/install/deveice/share/deveice/environment/ament_prefix_path.dsv
[4.631s] -- Up-to-date: /home/guo/ITL_Auto_aim/install/deveice/share/deveice/environment/path.sh
[4.631s] -- Up-to-date: /home/guo/ITL_Auto_aim/install/deveice/share/deveice/environment/path.dsv
[4.631s] -- Up-to-date: /home/guo/ITL_Auto_aim/install/deveice/share/deveice/local_setup.bash
[4.631s] -- Up-to-date: /home/guo/ITL_Auto_aim/install/deveice/share/deveice/local_setup.sh
[4.631s] -- Up-to-date: /home/guo/ITL_Auto_aim/install/deveice/share/deveice/local_setup.zsh
[4.631s] -- Up-to-date: /home/guo/ITL_Auto_aim/install/deveice/share/deveice/local_setup.dsv
[4.631s] -- Installing: /home/guo/ITL_Auto_aim/install/deveice/share/deveice/package.dsv
[4.632s] -- Up-to-date: /home/guo/ITL_Auto_aim/install/deveice/share/ament_index/resource_index/packages/deveice
[4.632s] -- Up-to-date: /home/guo/ITL_Auto_aim/install/deveice/share/deveice/cmake/deveiceTargetsExport.cmake
[4.632s] -- Up-to-date: /home/guo/ITL_Auto_aim/install/deveice/share/deveice/cmake/deveiceTargetsExport-noconfig.cmake
[4.632s] -- Up-to-date: /home/guo/ITL_Auto_aim/install/deveice/share/deveice/cmake/ament_cmake_export_include_directories-extras.cmake
[4.632s] -- Up-to-date: /home/guo/ITL_Auto_aim/install/deveice/share/deveice/cmake/ament_cmake_export_targets-extras.cmake
[4.632s] -- Up-to-date: /home/guo/ITL_Auto_aim/install/deveice/share/deveice/cmake/ament_cmake_export_dependencies-extras.cmake
[4.632s] -- Up-to-date: /home/guo/ITL_Auto_aim/install/deveice/share/deveice/cmake/deveiceConfig.cmake
[4.632s] -- Up-to-date: /home/guo/ITL_Auto_aim/install/deveice/share/deveice/cmake/deveiceConfig-version.cmake
[4.632s] -- Up-to-date: /home/guo/ITL_Auto_aim/install/deveice/share/deveice/package.xml
[4.634s] Invoked command in '/home/guo/ITL_Auto_aim/build/deveice' returned '0': CMAKE_PREFIX_PATH=/home/guo/ITL_Auto_aim/install/serial:/home/guo/ITL_Auto_aim/install/utils:/home/guo/ITL_Auto_aim/install/autoaim_msgs:/home/guo/ITL_Auto_aim/install/pipeline:/home/guo/ITL_Auto_aim/install/auto_buff:/home/guo/ITL_Auto_aim/install/auto_aim:/home/guo/ITL_Auto_aim/install/deveice:/home/guo/ITL_Auto_aim/install/launch_node:/home/guo/ws_livox/install/livox_ros2_driver:/home/guo/ws_livox/install/livox_sdk_vendor:/home/guo/ws_livox/install/livox_interfaces:/opt/ros/rolling LD_LIBRARY_PATH=/home/guo/ITL_Auto_aim/install/serial/lib:/home/guo/ITL_Auto_aim/install/autoaim_msgs/lib:/home/guo/ITL_Auto_aim/install/auto_buff/lib:/home/guo/ITL_Auto_aim/install/auto_aim/lib:/home/guo/ITL_Auto_aim/install/deveice/lib:/home/guo/ITL_Auto_aim/install/utils/lib:/home/guo/ws_livox/install/livox_ros2_driver/lib:/home/guo/ws_livox/install/livox_interfaces/lib:/usr/lib/x86_64-linux-gnu:/opt/ros/rolling/opt/rviz_ogre_vendor/lib:/opt/ros/rolling/lib/x86_64-linux-gnu:/opt/ros/rolling/lib:/opt/MVS/lib/64:/opt/MVS/lib/32:/usr/local/TensorRT.10.7.0.23/lib:/usr/lib/x86_64-linux-gnu:/usr/local/cuda/lib64:/opt/MVS/lib/64:/opt/MVS/lib/32:/opt/MVS/lib/64:/opt/MVS/lib/32 /usr/local/bin/cmake --install /home/guo/ITL_Auto_aim/build/deveice
