[0.000000] (-) TimerEvent: {}
[0.000090] (-) JobUnselected: {'identifier': 'aimer'}
[0.000215] (-) JobUnselected: {'identifier': 'armor_pointer'}
[0.000238] (-) JobUnselected: {'identifier': 'autoaim_msgs'}
[0.000266] (-) JobUnselected: {'identifier': 'cboard'}
[0.000296] (-) JobUnselected: {'identifier': 'detected'}
[0.000315] (-) JobUnselected: {'identifier': 'dm_imu'}
[0.000334] (-) JobUnselected: {'identifier': 'filter_lib'}
[0.000353] (-) JobUnselected: {'identifier': 'gimbal'}
[0.000528] (-) JobUnselected: {'identifier': 'hikvision'}
[0.000552] (-) JobUnselected: {'identifier': 'launch_node'}
[0.000571] (-) JobUnselected: {'identifier': 'motion_model'}
[0.000680] (-) JobUnselected: {'identifier': 'pipeline'}
[0.000705] (-) JobUnselected: {'identifier': 'predictor'}
[0.000724] (-) JobUnselected: {'identifier': 'serial'}
[0.000872] (-) JobUnselected: {'identifier': 'solver'}
[0.000932] (-) JobUnselected: {'identifier': 'tracker'}
[0.000956] (-) JobUnselected: {'identifier': 'utils'}
[0.000978] (planner) JobQueued: {'identifier': 'planner', 'dependencies': OrderedDict([('autoaim_msgs', '/home/guo/ITL_sentry_auto_new/install/autoaim_msgs'), ('filter_lib', '/home/guo/ITL_sentry_auto_new/install/filter_lib'), ('utils', '/home/guo/ITL_sentry_auto_new/install/utils'), ('detected', '/home/guo/ITL_sentry_auto_new/install/detected'), ('motion_model', '/home/guo/ITL_sentry_auto_new/install/motion_model'), ('solver', '/home/guo/ITL_sentry_auto_new/install/solver'), ('predictor', '/home/guo/ITL_sentry_auto_new/install/predictor')])}
[0.001053] (planner) JobStarted: {'identifier': 'planner'}
[0.099472] (-) TimerEvent: {}
[0.199881] (-) TimerEvent: {}
[0.300355] (-) TimerEvent: {}
[0.400856] (-) TimerEvent: {}
[0.501301] (-) TimerEvent: {}
[0.601699] (-) TimerEvent: {}
[0.702104] (-) TimerEvent: {}
[0.802619] (-) TimerEvent: {}
[0.903024] (-) TimerEvent: {}
[1.003455] (-) TimerEvent: {}
[1.104047] (-) TimerEvent: {}
[1.204496] (-) TimerEvent: {}
[1.304793] (-) TimerEvent: {}
[1.405095] (-) TimerEvent: {}
[1.505413] (-) TimerEvent: {}
[1.605767] (-) TimerEvent: {}
[1.706074] (-) TimerEvent: {}
[1.806412] (-) TimerEvent: {}
[1.906764] (-) TimerEvent: {}
[2.007066] (-) TimerEvent: {}
[2.107388] (-) TimerEvent: {}
[2.207848] (-) TimerEvent: {}
[2.308203] (-) TimerEvent: {}
[2.408505] (-) TimerEvent: {}
[2.508880] (-) TimerEvent: {}
[2.609182] (-) TimerEvent: {}
[2.709524] (-) TimerEvent: {}
[2.809888] (-) TimerEvent: {}
[2.910157] (-) TimerEvent: {}
[3.010436] (-) TimerEvent: {}
[3.110773] (-) TimerEvent: {}
[3.211060] (-) TimerEvent: {}
[3.311440] (-) TimerEvent: {}
[3.411832] (-) TimerEvent: {}
[3.512107] (-) TimerEvent: {}
[3.612420] (-) TimerEvent: {}
[3.712849] (-) TimerEvent: {}
[3.813225] (-) TimerEvent: {}
[3.913607] (-) TimerEvent: {}
[4.014024] (-) TimerEvent: {}
[4.114419] (-) TimerEvent: {}
[4.214858] (-) TimerEvent: {}
[4.315166] (-) TimerEvent: {}
[4.415500] (-) TimerEvent: {}
[4.516039] (-) TimerEvent: {}
[4.616362] (-) TimerEvent: {}
[4.716734] (-) TimerEvent: {}
[4.817163] (-) TimerEvent: {}
[4.917472] (-) TimerEvent: {}
[5.017908] (-) TimerEvent: {}
[5.118193] (-) TimerEvent: {}
[5.218543] (-) TimerEvent: {}
[5.318932] (-) TimerEvent: {}
[5.419207] (-) TimerEvent: {}
[5.519573] (-) TimerEvent: {}
[5.619997] (-) TimerEvent: {}
[5.720341] (-) TimerEvent: {}
[5.820788] (-) TimerEvent: {}
[5.921256] (-) TimerEvent: {}
[6.021692] (-) TimerEvent: {}
[6.122063] (-) TimerEvent: {}
[6.222484] (-) TimerEvent: {}
[6.323044] (-) TimerEvent: {}
[6.423388] (-) TimerEvent: {}
[6.523759] (-) TimerEvent: {}
[6.624447] (-) TimerEvent: {}
[6.724964] (-) TimerEvent: {}
[6.825462] (-) TimerEvent: {}
[6.926073] (-) TimerEvent: {}
[7.026416] (-) TimerEvent: {}
[7.126831] (-) TimerEvent: {}
[7.227142] (-) TimerEvent: {}
[7.327453] (-) TimerEvent: {}
[7.427770] (-) TimerEvent: {}
[7.528088] (-) TimerEvent: {}
[7.628375] (-) TimerEvent: {}
[7.728767] (-) TimerEvent: {}
[7.829067] (-) TimerEvent: {}
[7.929361] (-) TimerEvent: {}
[8.029748] (-) TimerEvent: {}
[8.130055] (-) TimerEvent: {}
[8.230372] (-) TimerEvent: {}
[8.330759] (-) TimerEvent: {}
[8.431090] (-) TimerEvent: {}
[8.531402] (-) TimerEvent: {}
[8.631756] (-) TimerEvent: {}
[8.732073] (-) TimerEvent: {}
[8.832355] (-) TimerEvent: {}
[8.932732] (-) TimerEvent: {}
[9.033123] (-) TimerEvent: {}
[9.133416] (-) TimerEvent: {}
[9.233841] (-) TimerEvent: {}
[9.334190] (-) TimerEvent: {}
[9.434560] (-) TimerEvent: {}
[9.534922] (-) TimerEvent: {}
[9.635274] (-) TimerEvent: {}
