[0.018s] Invoking command in '/home/guo/ITL_sentry_auto_new/build/dm_imu': AMENT_PREFIX_PATH=/home/guo/ITL_sentry_auto_new/install/serial:/home/guo/ITL_sentry_auto_new/install/utils:/home/guo/ITL_sentry_auto_new/install/autoaim_msgs:${AMENT_PREFIX_PATH} CMAKE_PREFIX_PATH=/home/guo/ITL_sentry_auto_new/install/serial:/home/guo/ITL_sentry_auto_new/install/utils:/home/guo/ITL_sentry_auto_new/install/autoaim_msgs:/opt/ros/rolling LD_LIBRARY_PATH=/home/guo/ITL_sentry_auto_new/install/serial/lib:/home/guo/ITL_sentry_auto_new/install/utils/lib:/home/guo/ITL_sentry_auto_new/install/autoaim_msgs/lib:/usr/lib/x86_64-linux-gnu:/opt/ros/rolling/opt/rviz_ogre_vendor/lib:/opt/ros/rolling/lib/x86_64-linux-gnu:/opt/ros/rolling/lib:/opt/MVS/lib/64:/opt/MVS/lib/32:/usr/local/TensorRT.10.7.0.23/lib:/usr/lib/x86_64-linux-gnu:/usr/local/cuda/lib64:/opt/MVS/lib/64:/opt/MVS/lib/32:/opt/MVS/lib/64:/opt/MVS/lib/32 PYTHONPATH=/home/guo/ITL_sentry_auto_new/install/autoaim_msgs/lib/python3.10/site-packages:${PYTHONPATH} /usr/local/bin/cmake /home/guo/ITL_sentry_auto_new/src/io/device/imu -DCMAKE_INSTALL_PREFIX=/home/guo/ITL_sentry_auto_new/install/dm_imu
[0.060s] -- The C compiler identification is GNU 11.4.0
[0.125s] -- The CXX compiler identification is GNU 11.4.0
[0.142s] -- Detecting C compiler ABI info
[0.197s] -- Detecting C compiler ABI info - done
[0.206s] -- Check for working C compiler: /usr/bin/cc - skipped
[0.206s] -- Detecting C compile features
[0.207s] -- Detecting C compile features - done
[0.218s] -- Detecting CXX compiler ABI info
[0.284s] -- Detecting CXX compiler ABI info - done
[0.295s] -- Check for working CXX compiler: /usr/bin/c++ - skipped
[0.295s] -- Detecting CXX compile features
[0.296s] -- Detecting CXX compile features - done
[0.298s] -- Found ament_cmake: 2.3.2 (/opt/ros/rolling/share/ament_cmake/cmake)
[0.739s] -- Found Python3: /usr/bin/python3.10 (found version "3.10.12") found components: Interpreter 
[0.827s] -- Found utils: 1.0.0 (/home/guo/ITL_sentry_auto_new/install/utils/share/utils/cmake)
[0.888s] -- Found rosidl_generator_c: 4.5.1 (/opt/ros/rolling/share/rosidl_generator_c/cmake)
[0.905s] -- Found rosidl_generator_cpp: 4.5.1 (/opt/ros/rolling/share/rosidl_generator_cpp/cmake)
[0.923s] -- Using all available rosidl_typesupport_c: rosidl_typesupport_fastrtps_c;rosidl_typesupport_introspection_c
[0.943s] -- Using all available rosidl_typesupport_cpp: rosidl_typesupport_fastrtps_cpp;rosidl_typesupport_introspection_cpp
[1.119s] -- Found rmw_implementation_cmake: 7.3.0 (/opt/ros/rolling/share/rmw_implementation_cmake/cmake)
[1.121s] -- Found rmw_fastrtps_cpp: 8.2.0 (/opt/ros/rolling/share/rmw_fastrtps_cpp/cmake)
[1.205s] -- Found OpenSSL: /usr/lib/x86_64-linux-gnu/libcrypto.so (found version "3.0.2")  
[1.237s] -- Found FastRTPS: /opt/ros/rolling/include  
[1.282s] -- Using RMW implementation 'rmw_fastrtps_cpp' as default
[1.538s] -- Found serial: 0.1.0 (/home/guo/ITL_sentry_auto_new/install/serial/share/serial/cmake)
[1.622s] -- Configuring done (1.6s)
[1.640s] -- Generating done (0.0s)
[1.644s] -- Build files have been written to: /home/guo/ITL_sentry_auto_new/build/dm_imu
[1.651s] Invoked command in '/home/guo/ITL_sentry_auto_new/build/dm_imu' returned '0': AMENT_PREFIX_PATH=/home/guo/ITL_sentry_auto_new/install/serial:/home/guo/ITL_sentry_auto_new/install/utils:/home/guo/ITL_sentry_auto_new/install/autoaim_msgs:${AMENT_PREFIX_PATH} CMAKE_PREFIX_PATH=/home/guo/ITL_sentry_auto_new/install/serial:/home/guo/ITL_sentry_auto_new/install/utils:/home/guo/ITL_sentry_auto_new/install/autoaim_msgs:/opt/ros/rolling LD_LIBRARY_PATH=/home/guo/ITL_sentry_auto_new/install/serial/lib:/home/guo/ITL_sentry_auto_new/install/utils/lib:/home/guo/ITL_sentry_auto_new/install/autoaim_msgs/lib:/usr/lib/x86_64-linux-gnu:/opt/ros/rolling/opt/rviz_ogre_vendor/lib:/opt/ros/rolling/lib/x86_64-linux-gnu:/opt/ros/rolling/lib:/opt/MVS/lib/64:/opt/MVS/lib/32:/usr/local/TensorRT.10.7.0.23/lib:/usr/lib/x86_64-linux-gnu:/usr/local/cuda/lib64:/opt/MVS/lib/64:/opt/MVS/lib/32:/opt/MVS/lib/64:/opt/MVS/lib/32 PYTHONPATH=/home/guo/ITL_sentry_auto_new/install/autoaim_msgs/lib/python3.10/site-packages:${PYTHONPATH} /usr/local/bin/cmake /home/guo/ITL_sentry_auto_new/src/io/device/imu -DCMAKE_INSTALL_PREFIX=/home/guo/ITL_sentry_auto_new/install/dm_imu
[1.654s] Invoking command in '/home/guo/ITL_sentry_auto_new/build/dm_imu': AMENT_PREFIX_PATH=/home/guo/ITL_sentry_auto_new/install/serial:/home/guo/ITL_sentry_auto_new/install/utils:/home/guo/ITL_sentry_auto_new/install/autoaim_msgs:${AMENT_PREFIX_PATH} CMAKE_PREFIX_PATH=/home/guo/ITL_sentry_auto_new/install/serial:/home/guo/ITL_sentry_auto_new/install/utils:/home/guo/ITL_sentry_auto_new/install/autoaim_msgs:/opt/ros/rolling LD_LIBRARY_PATH=/home/guo/ITL_sentry_auto_new/install/serial/lib:/home/guo/ITL_sentry_auto_new/install/utils/lib:/home/guo/ITL_sentry_auto_new/install/autoaim_msgs/lib:/usr/lib/x86_64-linux-gnu:/opt/ros/rolling/opt/rviz_ogre_vendor/lib:/opt/ros/rolling/lib/x86_64-linux-gnu:/opt/ros/rolling/lib:/opt/MVS/lib/64:/opt/MVS/lib/32:/usr/local/TensorRT.10.7.0.23/lib:/usr/lib/x86_64-linux-gnu:/usr/local/cuda/lib64:/opt/MVS/lib/64:/opt/MVS/lib/32:/opt/MVS/lib/64:/opt/MVS/lib/32 PYTHONPATH=/home/guo/ITL_sentry_auto_new/install/autoaim_msgs/lib/python3.10/site-packages:${PYTHONPATH} /usr/local/bin/cmake --build /home/guo/ITL_sentry_auto_new/build/dm_imu -- -j24 -l24
[1.674s] [ 50%] [32mBuilding CXX object CMakeFiles/dm_imu.dir/src/imu_driver.cpp.o[0m
[7.205s] [100%] [32m[1mLinking CXX shared library libdm_imu.so[0m
[7.599s] [100%] Built target dm_imu
[7.604s] Invoked command in '/home/guo/ITL_sentry_auto_new/build/dm_imu' returned '0': AMENT_PREFIX_PATH=/home/guo/ITL_sentry_auto_new/install/serial:/home/guo/ITL_sentry_auto_new/install/utils:/home/guo/ITL_sentry_auto_new/install/autoaim_msgs:${AMENT_PREFIX_PATH} CMAKE_PREFIX_PATH=/home/guo/ITL_sentry_auto_new/install/serial:/home/guo/ITL_sentry_auto_new/install/utils:/home/guo/ITL_sentry_auto_new/install/autoaim_msgs:/opt/ros/rolling LD_LIBRARY_PATH=/home/guo/ITL_sentry_auto_new/install/serial/lib:/home/guo/ITL_sentry_auto_new/install/utils/lib:/home/guo/ITL_sentry_auto_new/install/autoaim_msgs/lib:/usr/lib/x86_64-linux-gnu:/opt/ros/rolling/opt/rviz_ogre_vendor/lib:/opt/ros/rolling/lib/x86_64-linux-gnu:/opt/ros/rolling/lib:/opt/MVS/lib/64:/opt/MVS/lib/32:/usr/local/TensorRT.10.7.0.23/lib:/usr/lib/x86_64-linux-gnu:/usr/local/cuda/lib64:/opt/MVS/lib/64:/opt/MVS/lib/32:/opt/MVS/lib/64:/opt/MVS/lib/32 PYTHONPATH=/home/guo/ITL_sentry_auto_new/install/autoaim_msgs/lib/python3.10/site-packages:${PYTHONPATH} /usr/local/bin/cmake --build /home/guo/ITL_sentry_auto_new/build/dm_imu -- -j24 -l24
[7.606s] Invoking command in '/home/guo/ITL_sentry_auto_new/build/dm_imu': AMENT_PREFIX_PATH=/home/guo/ITL_sentry_auto_new/install/serial:/home/guo/ITL_sentry_auto_new/install/utils:/home/guo/ITL_sentry_auto_new/install/autoaim_msgs:${AMENT_PREFIX_PATH} CMAKE_PREFIX_PATH=/home/guo/ITL_sentry_auto_new/install/serial:/home/guo/ITL_sentry_auto_new/install/utils:/home/guo/ITL_sentry_auto_new/install/autoaim_msgs:/opt/ros/rolling LD_LIBRARY_PATH=/home/guo/ITL_sentry_auto_new/install/serial/lib:/home/guo/ITL_sentry_auto_new/install/utils/lib:/home/guo/ITL_sentry_auto_new/install/autoaim_msgs/lib:/usr/lib/x86_64-linux-gnu:/opt/ros/rolling/opt/rviz_ogre_vendor/lib:/opt/ros/rolling/lib/x86_64-linux-gnu:/opt/ros/rolling/lib:/opt/MVS/lib/64:/opt/MVS/lib/32:/usr/local/TensorRT.10.7.0.23/lib:/usr/lib/x86_64-linux-gnu:/usr/local/cuda/lib64:/opt/MVS/lib/64:/opt/MVS/lib/32:/opt/MVS/lib/64:/opt/MVS/lib/32 PYTHONPATH=/home/guo/ITL_sentry_auto_new/install/autoaim_msgs/lib/python3.10/site-packages:${PYTHONPATH} /usr/local/bin/cmake --install /home/guo/ITL_sentry_auto_new/build/dm_imu
[7.609s] -- Install configuration: ""
[7.609s] -- Installing: /home/guo/ITL_sentry_auto_new/install/dm_imu/lib/libdm_imu.so
[7.614s] -- Set non-toolchain portion of runtime path of "/home/guo/ITL_sentry_auto_new/install/dm_imu/lib/libdm_imu.so" to ""
[7.614s] -- Installing: /home/guo/ITL_sentry_auto_new/install/dm_imu/include
[7.614s] -- Installing: /home/guo/ITL_sentry_auto_new/install/dm_imu/include/imu_driver.h
[7.615s] -- Installing: /home/guo/ITL_sentry_auto_new/install/dm_imu/share/dm_imu/config
[7.615s] -- Installing: /home/guo/ITL_sentry_auto_new/install/dm_imu/share/dm_imu/config/imu_params.yaml
[7.615s] -- Installing: /home/guo/ITL_sentry_auto_new/install/dm_imu/share/dm_imu/environment/library_path.sh
[7.615s] -- Installing: /home/guo/ITL_sentry_auto_new/install/dm_imu/share/dm_imu/environment/library_path.dsv
[7.615s] -- Installing: /home/guo/ITL_sentry_auto_new/install/dm_imu/share/ament_index/resource_index/package_run_dependencies/dm_imu
[7.615s] -- Installing: /home/guo/ITL_sentry_auto_new/install/dm_imu/share/ament_index/resource_index/parent_prefix_path/dm_imu
[7.615s] -- Installing: /home/guo/ITL_sentry_auto_new/install/dm_imu/share/dm_imu/environment/ament_prefix_path.sh
[7.615s] -- Installing: /home/guo/ITL_sentry_auto_new/install/dm_imu/share/dm_imu/environment/ament_prefix_path.dsv
[7.616s] -- Installing: /home/guo/ITL_sentry_auto_new/install/dm_imu/share/dm_imu/environment/path.sh
[7.616s] -- Installing: /home/guo/ITL_sentry_auto_new/install/dm_imu/share/dm_imu/environment/path.dsv
[7.616s] -- Installing: /home/guo/ITL_sentry_auto_new/install/dm_imu/share/dm_imu/local_setup.bash
[7.616s] -- Installing: /home/guo/ITL_sentry_auto_new/install/dm_imu/share/dm_imu/local_setup.sh
[7.616s] -- Installing: /home/guo/ITL_sentry_auto_new/install/dm_imu/share/dm_imu/local_setup.zsh
[7.616s] -- Installing: /home/guo/ITL_sentry_auto_new/install/dm_imu/share/dm_imu/local_setup.dsv
[7.617s] -- Installing: /home/guo/ITL_sentry_auto_new/install/dm_imu/share/dm_imu/package.dsv
[7.617s] -- Installing: /home/guo/ITL_sentry_auto_new/install/dm_imu/share/ament_index/resource_index/packages/dm_imu
[7.617s] -- Installing: /home/guo/ITL_sentry_auto_new/install/dm_imu/share/dm_imu/cmake/export_dm_imuExport.cmake
[7.617s] -- Installing: /home/guo/ITL_sentry_auto_new/install/dm_imu/share/dm_imu/cmake/export_dm_imuExport-noconfig.cmake
[7.617s] -- Installing: /home/guo/ITL_sentry_auto_new/install/dm_imu/share/dm_imu/cmake/ament_cmake_export_include_directories-extras.cmake
[7.617s] -- Installing: /home/guo/ITL_sentry_auto_new/install/dm_imu/share/dm_imu/cmake/ament_cmake_export_dependencies-extras.cmake
[7.617s] -- Installing: /home/guo/ITL_sentry_auto_new/install/dm_imu/share/dm_imu/cmake/ament_cmake_export_targets-extras.cmake
[7.618s] -- Installing: /home/guo/ITL_sentry_auto_new/install/dm_imu/share/dm_imu/cmake/dm_imuConfig.cmake
[7.618s] -- Installing: /home/guo/ITL_sentry_auto_new/install/dm_imu/share/dm_imu/cmake/dm_imuConfig-version.cmake
[7.618s] -- Installing: /home/guo/ITL_sentry_auto_new/install/dm_imu/share/dm_imu/package.xml
[7.619s] Invoked command in '/home/guo/ITL_sentry_auto_new/build/dm_imu' returned '0': AMENT_PREFIX_PATH=/home/guo/ITL_sentry_auto_new/install/serial:/home/guo/ITL_sentry_auto_new/install/utils:/home/guo/ITL_sentry_auto_new/install/autoaim_msgs:${AMENT_PREFIX_PATH} CMAKE_PREFIX_PATH=/home/guo/ITL_sentry_auto_new/install/serial:/home/guo/ITL_sentry_auto_new/install/utils:/home/guo/ITL_sentry_auto_new/install/autoaim_msgs:/opt/ros/rolling LD_LIBRARY_PATH=/home/guo/ITL_sentry_auto_new/install/serial/lib:/home/guo/ITL_sentry_auto_new/install/utils/lib:/home/guo/ITL_sentry_auto_new/install/autoaim_msgs/lib:/usr/lib/x86_64-linux-gnu:/opt/ros/rolling/opt/rviz_ogre_vendor/lib:/opt/ros/rolling/lib/x86_64-linux-gnu:/opt/ros/rolling/lib:/opt/MVS/lib/64:/opt/MVS/lib/32:/usr/local/TensorRT.10.7.0.23/lib:/usr/lib/x86_64-linux-gnu:/usr/local/cuda/lib64:/opt/MVS/lib/64:/opt/MVS/lib/32:/opt/MVS/lib/64:/opt/MVS/lib/32 PYTHONPATH=/home/guo/ITL_sentry_auto_new/install/autoaim_msgs/lib/python3.10/site-packages:${PYTHONPATH} /usr/local/bin/cmake --install /home/guo/ITL_sentry_auto_new/build/dm_imu
