[0.014s] Invoking command in '/home/guo/ITL_sentry_auto_new/build/armor_pointer': CMAKE_PREFIX_PATH=${CMAKE_PREFIX_PATH}:/opt/ros/rolling /usr/local/bin/cmake --build /home/guo/ITL_sentry_auto_new/build/armor_pointer -- -j24 -l24
[0.036s] [100%] Built target armor_pointer
[0.041s] Invoked command in '/home/guo/ITL_sentry_auto_new/build/armor_pointer' returned '0': CMAKE_PREFIX_PATH=${CMAKE_PREFIX_PATH}:/opt/ros/rolling /usr/local/bin/cmake --build /home/guo/ITL_sentry_auto_new/build/armor_pointer -- -j24 -l24
[0.047s] Invoking command in '/home/guo/ITL_sentry_auto_new/build/armor_pointer': CMAKE_PREFIX_PATH=${CMAKE_PREFIX_PATH}:/opt/ros/rolling /usr/local/bin/cmake --install /home/guo/ITL_sentry_auto_new/build/armor_pointer
[0.050s] -- Install configuration: ""
[0.051s] -- Up-to-date: /home/guo/ITL_sentry_auto_new/install/armor_pointer/share/armor_pointer/environment/library_path.sh
[0.051s] -- Up-to-date: /home/guo/ITL_sentry_auto_new/install/armor_pointer/share/armor_pointer/environment/library_path.dsv
[0.052s] -- Up-to-date: /home/guo/ITL_sentry_auto_new/install/armor_pointer/include
[0.052s] -- Up-to-date: /home/guo/ITL_sentry_auto_new/install/armor_pointer/include/types.hpp
[0.052s] -- Up-to-date: /home/guo/ITL_sentry_auto_new/install/armor_pointer/include/lightbar_detector.hpp
[0.052s] -- Up-to-date: /home/guo/ITL_sentry_auto_new/install/armor_pointer/include/image_processor.hpp
[0.052s] -- Up-to-date: /home/guo/ITL_sentry_auto_new/install/armor_pointer/lib/libarmor_pointer.a
[0.054s] -- Up-to-date: /home/guo/ITL_sentry_auto_new/install/armor_pointer/share/ament_index/resource_index/package_run_dependencies/armor_pointer
[0.055s] -- Up-to-date: /home/guo/ITL_sentry_auto_new/install/armor_pointer/share/ament_index/resource_index/parent_prefix_path/armor_pointer
[0.055s] -- Up-to-date: /home/guo/ITL_sentry_auto_new/install/armor_pointer/share/armor_pointer/environment/ament_prefix_path.sh
[0.055s] -- Up-to-date: /home/guo/ITL_sentry_auto_new/install/armor_pointer/share/armor_pointer/environment/ament_prefix_path.dsv
[0.055s] -- Up-to-date: /home/guo/ITL_sentry_auto_new/install/armor_pointer/share/armor_pointer/environment/path.sh
[0.055s] -- Up-to-date: /home/guo/ITL_sentry_auto_new/install/armor_pointer/share/armor_pointer/environment/path.dsv
[0.055s] -- Up-to-date: /home/guo/ITL_sentry_auto_new/install/armor_pointer/share/armor_pointer/local_setup.bash
[0.055s] -- Up-to-date: /home/guo/ITL_sentry_auto_new/install/armor_pointer/share/armor_pointer/local_setup.sh
[0.055s] -- Up-to-date: /home/guo/ITL_sentry_auto_new/install/armor_pointer/share/armor_pointer/local_setup.zsh
[0.055s] -- Up-to-date: /home/guo/ITL_sentry_auto_new/install/armor_pointer/share/armor_pointer/local_setup.dsv
[0.055s] -- Installing: /home/guo/ITL_sentry_auto_new/install/armor_pointer/share/armor_pointer/package.dsv
[0.055s] -- Up-to-date: /home/guo/ITL_sentry_auto_new/install/armor_pointer/share/ament_index/resource_index/packages/armor_pointer
[0.055s] -- Up-to-date: /home/guo/ITL_sentry_auto_new/install/armor_pointer/share/armor_pointer/cmake/armor_pointerTargetsExport.cmake
[0.056s] -- Up-to-date: /home/guo/ITL_sentry_auto_new/install/armor_pointer/share/armor_pointer/cmake/armor_pointerTargetsExport-noconfig.cmake
[0.056s] -- Up-to-date: /home/guo/ITL_sentry_auto_new/install/armor_pointer/share/armor_pointer/cmake/ament_cmake_export_targets-extras.cmake
[0.056s] -- Up-to-date: /home/guo/ITL_sentry_auto_new/install/armor_pointer/share/armor_pointer/cmake/ament_cmake_export_dependencies-extras.cmake
[0.056s] -- Up-to-date: /home/guo/ITL_sentry_auto_new/install/armor_pointer/share/armor_pointer/cmake/armor_pointerConfig.cmake
[0.056s] -- Up-to-date: /home/guo/ITL_sentry_auto_new/install/armor_pointer/share/armor_pointer/cmake/armor_pointerConfig-version.cmake
[0.056s] -- Up-to-date: /home/guo/ITL_sentry_auto_new/install/armor_pointer/share/armor_pointer/package.xml
[0.058s] Invoked command in '/home/guo/ITL_sentry_auto_new/build/armor_pointer' returned '0': CMAKE_PREFIX_PATH=${CMAKE_PREFIX_PATH}:/opt/ros/rolling /usr/local/bin/cmake --install /home/guo/ITL_sentry_auto_new/build/armor_pointer
