[0.013s] Invoking command in '/home/shaobing/rm_ws/build/anlesover': CMAKE_PREFIX_PATH=${CMAKE_PREFIX_PATH}:/home/shaobing/rm_ws/install/pkg02_helloworld_py:/opt/ros/humble /usr/bin/cmake /home/shaobing/rm_ws/src/anlesover -DCMAKE_INSTALL_PREFIX=/home/shaobing/rm_ws/install/anlesover
[0.097s] -- The C compiler identification is GNU 11.4.0
[0.156s] -- The CXX compiler identification is GNU 11.4.0
[0.162s] -- Detecting C compiler ABI info
[0.224s] -- Detecting C compiler ABI info - done
[0.229s] -- Check for working C compiler: /usr/bin/cc - skipped
[0.229s] -- Detecting C compile features
[0.230s] -- Detecting C compile features - done
[0.232s] -- Detecting CXX compiler ABI info
[0.306s] -- Detecting CXX compiler ABI info - done
[0.310s] -- Check for working CXX compiler: /usr/bin/c++ - skipped
[0.310s] -- Detecting CXX compile features
[0.310s] -- Detecting CXX compile features - done
[0.312s] -- Found ament_cmake: 1.3.11 (/opt/ros/humble/share/ament_cmake/cmake)
[0.422s] -- Found Python3: /usr/bin/python3 (found version "3.10.12") found components: Interpreter 
[0.501s] -- Found rclcpp: 16.0.11 (/opt/ros/humble/share/rclcpp/cmake)
[0.535s] -- Found rosidl_generator_c: 3.1.6 (/opt/ros/humble/share/rosidl_generator_c/cmake)
[0.539s] -- Found rosidl_adapter: 3.1.6 (/opt/ros/humble/share/rosidl_adapter/cmake)
[0.545s] -- Found rosidl_generator_cpp: 3.1.6 (/opt/ros/humble/share/rosidl_generator_cpp/cmake)
[0.556s] -- Using all available rosidl_typesupport_c: rosidl_typesupport_fastrtps_c;rosidl_typesupport_introspection_c
[0.569s] -- Using all available rosidl_typesupport_cpp: rosidl_typesupport_fastrtps_cpp;rosidl_typesupport_introspection_cpp
[0.605s] -- Found rmw_implementation_cmake: 6.1.2 (/opt/ros/humble/share/rmw_implementation_cmake/cmake)
[0.606s] -- Found rmw_fastrtps_cpp: 6.2.7 (/opt/ros/humble/share/rmw_fastrtps_cpp/cmake)
[0.679s] -- Found OpenSSL: /usr/lib/x86_64-linux-gnu/libcrypto.so (found version "3.0.2")  
[0.697s] -- Found FastRTPS: /opt/ros/humble/include  
[0.725s] -- Using RMW implementation 'rmw_fastrtps_cpp' as default
[0.731s] -- Looking for pthread.h
[0.790s] -- Looking for pthread.h - found
[0.791s] -- Performing Test CMAKE_HAVE_LIBC_PTHREAD
[0.847s] -- Performing Test CMAKE_HAVE_LIBC_PTHREAD - Success
[0.848s] -- Found Threads: TRUE  
[0.888s] -- Found OpenCV: /usr/local (found version "4.5.4") 
[0.889s] -- Found sensor_msgs: 4.2.4 (/opt/ros/humble/share/sensor_msgs/cmake)
[0.909s] -- Found cv_bridge: 3.2.1 (/opt/ros/humble/share/cv_bridge/cmake)
[0.913s] -- Found image_transport: 3.1.10 (/opt/ros/humble/share/image_transport/cmake)
[0.939s] -- Found ament_lint_auto: 0.12.11 (/opt/ros/humble/share/ament_lint_auto/cmake)
[0.994s] -- Added test 'cppcheck' to perform static code analysis on C / C++ code
[0.994s] -- Configured cppcheck include dirs: $<BUILD_INTERFACE:/home/shaobing/rm_ws/src/anlesover/include>
[0.994s] -- Configured cppcheck exclude dirs and/or files: 
[0.994s] -- Added test 'lint_cmake' to check CMake code style
[0.995s] -- Added test 'uncrustify' to check C / C++ code style
[0.995s] -- Configured uncrustify additional arguments: 
[0.995s] -- Added test 'xmllint' to check XML markup files
[0.996s] -- Configuring done
[1.002s] -- Generating done
[1.005s] -- Build files have been written to: /home/shaobing/rm_ws/build/anlesover
[1.013s] Invoked command in '/home/shaobing/rm_ws/build/anlesover' returned '0': CMAKE_PREFIX_PATH=${CMAKE_PREFIX_PATH}:/home/shaobing/rm_ws/install/pkg02_helloworld_py:/opt/ros/humble /usr/bin/cmake /home/shaobing/rm_ws/src/anlesover -DCMAKE_INSTALL_PREFIX=/home/shaobing/rm_ws/install/anlesover
[1.014s] Invoking command in '/home/shaobing/rm_ws/build/anlesover': CMAKE_PREFIX_PATH=${CMAKE_PREFIX_PATH}:/home/shaobing/rm_ws/install/pkg02_helloworld_py:/opt/ros/humble /usr/bin/cmake --build /home/shaobing/rm_ws/build/anlesover -- -j16 -l16
[1.049s] [ 50%] [32mBuilding CXX object CMakeFiles/anglesolve.dir/src/anglesolve.cpp.o[0m
[6.953s] [100%] [32m[1mLinking CXX executable anglesolve[0m
[7.232s] [100%] Built target anglesolve
[7.240s] Invoked command in '/home/shaobing/rm_ws/build/anlesover' returned '0': CMAKE_PREFIX_PATH=${CMAKE_PREFIX_PATH}:/home/shaobing/rm_ws/install/pkg02_helloworld_py:/opt/ros/humble /usr/bin/cmake --build /home/shaobing/rm_ws/build/anlesover -- -j16 -l16
[7.241s] Invoking command in '/home/shaobing/rm_ws/build/anlesover': CMAKE_PREFIX_PATH=${CMAKE_PREFIX_PATH}:/home/shaobing/rm_ws/install/pkg02_helloworld_py:/opt/ros/humble /usr/bin/cmake --install /home/shaobing/rm_ws/build/anlesover
[7.248s] -- Install configuration: ""
[7.248s] -- Installing: /home/shaobing/rm_ws/install/anlesover/lib/anlesover/anglesolve
[7.250s] -- Set runtime path of "/home/shaobing/rm_ws/install/anlesover/lib/anlesover/anglesolve" to ""
[7.250s] -- Installing: /home/shaobing/rm_ws/install/anlesover/share/ament_index/resource_index/package_run_dependencies/anlesover
[7.250s] -- Installing: /home/shaobing/rm_ws/install/anlesover/share/ament_index/resource_index/parent_prefix_path/anlesover
[7.250s] -- Installing: /home/shaobing/rm_ws/install/anlesover/share/anlesover/environment/ament_prefix_path.sh
[7.251s] -- Installing: /home/shaobing/rm_ws/install/anlesover/share/anlesover/environment/ament_prefix_path.dsv
[7.251s] -- Installing: /home/shaobing/rm_ws/install/anlesover/share/anlesover/environment/path.sh
[7.251s] -- Installing: /home/shaobing/rm_ws/install/anlesover/share/anlesover/environment/path.dsv
[7.251s] -- Installing: /home/shaobing/rm_ws/install/anlesover/share/anlesover/local_setup.bash
[7.251s] -- Installing: /home/shaobing/rm_ws/install/anlesover/share/anlesover/local_setup.sh
[7.251s] -- Installing: /home/shaobing/rm_ws/install/anlesover/share/anlesover/local_setup.zsh
[7.251s] -- Installing: /home/shaobing/rm_ws/install/anlesover/share/anlesover/local_setup.dsv
[7.251s] -- Installing: /home/shaobing/rm_ws/install/anlesover/share/anlesover/package.dsv
[7.251s] -- Installing: /home/shaobing/rm_ws/install/anlesover/share/ament_index/resource_index/packages/anlesover
[7.251s] -- Installing: /home/shaobing/rm_ws/install/anlesover/share/anlesover/cmake/anlesoverConfig.cmake
[7.251s] -- Installing: /home/shaobing/rm_ws/install/anlesover/share/anlesover/cmake/anlesoverConfig-version.cmake
[7.251s] -- Installing: /home/shaobing/rm_ws/install/anlesover/share/anlesover/package.xml
[7.252s] Invoked command in '/home/shaobing/rm_ws/build/anlesover' returned '0': CMAKE_PREFIX_PATH=${CMAKE_PREFIX_PATH}:/home/shaobing/rm_ws/install/pkg02_helloworld_py:/opt/ros/humble /usr/bin/cmake --install /home/shaobing/rm_ws/build/anlesover
