[0.018s] Invoking command in '/home/guo/ITL_sentry_auto_new/build/pipeline': CMAKE_PREFIX_PATH=/home/guo/ITL_sentry_auto_new/install/auto_aim:/home/guo/ITL_sentry_auto_new/install/deveice:/home/guo/ITL_sentry_auto_new/install/serial:/home/guo/ITL_sentry_auto_new/install/auto_buff:/home/guo/ITL_sentry_auto_new/install/utils:/home/guo/ITL_sentry_auto_new/install/autoaim_msgs:/home/guo/ITL_sentry_auto_new/install/pipeline:/home/guo/ITL_sentry_auto_new/install/launch_node:/opt/ros/rolling LD_LIBRARY_PATH=/home/guo/ITL_sentry_auto_new/install/auto_aim/lib:/home/guo/ITL_sentry_auto_new/install/deveice/lib:/home/guo/ITL_sentry_auto_new/install/serial/lib:/home/guo/ITL_sentry_auto_new/install/auto_buff/lib:/home/guo/ITL_sentry_auto_new/install/autoaim_msgs/lib:/home/guo/ITL_sentry_auto_new/install/utils/lib:/usr/lib/x86_64-linux-gnu:/opt/ros/rolling/opt/rviz_ogre_vendor/lib:/opt/ros/rolling/lib/x86_64-linux-gnu:/opt/ros/rolling/lib:/opt/MVS/lib/64:/opt/MVS/lib/32:/usr/local/TensorRT.10.7.0.23/lib:/usr/lib/x86_64-linux-gnu:/usr/local/cuda/lib64:/opt/MVS/lib/64:/opt/MVS/lib/32:/opt/MVS/lib/64:/opt/MVS/lib/32 /usr/local/bin/cmake --build /home/guo/ITL_sentry_auto_new/build/pipeline -- -j24 -l24
[0.047s] [ 50%] Built target video_node
[0.049s] [100%] Built target pipeline_node
[0.053s] Invoked command in '/home/guo/ITL_sentry_auto_new/build/pipeline' returned '0': CMAKE_PREFIX_PATH=/home/guo/ITL_sentry_auto_new/install/auto_aim:/home/guo/ITL_sentry_auto_new/install/deveice:/home/guo/ITL_sentry_auto_new/install/serial:/home/guo/ITL_sentry_auto_new/install/auto_buff:/home/guo/ITL_sentry_auto_new/install/utils:/home/guo/ITL_sentry_auto_new/install/autoaim_msgs:/home/guo/ITL_sentry_auto_new/install/pipeline:/home/guo/ITL_sentry_auto_new/install/launch_node:/opt/ros/rolling LD_LIBRARY_PATH=/home/guo/ITL_sentry_auto_new/install/auto_aim/lib:/home/guo/ITL_sentry_auto_new/install/deveice/lib:/home/guo/ITL_sentry_auto_new/install/serial/lib:/home/guo/ITL_sentry_auto_new/install/auto_buff/lib:/home/guo/ITL_sentry_auto_new/install/autoaim_msgs/lib:/home/guo/ITL_sentry_auto_new/install/utils/lib:/usr/lib/x86_64-linux-gnu:/opt/ros/rolling/opt/rviz_ogre_vendor/lib:/opt/ros/rolling/lib/x86_64-linux-gnu:/opt/ros/rolling/lib:/opt/MVS/lib/64:/opt/MVS/lib/32:/usr/local/TensorRT.10.7.0.23/lib:/usr/lib/x86_64-linux-gnu:/usr/local/cuda/lib64:/opt/MVS/lib/64:/opt/MVS/lib/32:/opt/MVS/lib/64:/opt/MVS/lib/32 /usr/local/bin/cmake --build /home/guo/ITL_sentry_auto_new/build/pipeline -- -j24 -l24
[0.054s] Invoking command in '/home/guo/ITL_sentry_auto_new/build/pipeline': CMAKE_PREFIX_PATH=/home/guo/ITL_sentry_auto_new/install/auto_aim:/home/guo/ITL_sentry_auto_new/install/deveice:/home/guo/ITL_sentry_auto_new/install/serial:/home/guo/ITL_sentry_auto_new/install/auto_buff:/home/guo/ITL_sentry_auto_new/install/utils:/home/guo/ITL_sentry_auto_new/install/autoaim_msgs:/home/guo/ITL_sentry_auto_new/install/pipeline:/home/guo/ITL_sentry_auto_new/install/launch_node:/opt/ros/rolling LD_LIBRARY_PATH=/home/guo/ITL_sentry_auto_new/install/auto_aim/lib:/home/guo/ITL_sentry_auto_new/install/deveice/lib:/home/guo/ITL_sentry_auto_new/install/serial/lib:/home/guo/ITL_sentry_auto_new/install/auto_buff/lib:/home/guo/ITL_sentry_auto_new/install/autoaim_msgs/lib:/home/guo/ITL_sentry_auto_new/install/utils/lib:/usr/lib/x86_64-linux-gnu:/opt/ros/rolling/opt/rviz_ogre_vendor/lib:/opt/ros/rolling/lib/x86_64-linux-gnu:/opt/ros/rolling/lib:/opt/MVS/lib/64:/opt/MVS/lib/32:/usr/local/TensorRT.10.7.0.23/lib:/usr/lib/x86_64-linux-gnu:/usr/local/cuda/lib64:/opt/MVS/lib/64:/opt/MVS/lib/32:/opt/MVS/lib/64:/opt/MVS/lib/32 /usr/local/bin/cmake --install /home/guo/ITL_sentry_auto_new/build/pipeline
[0.057s] -- Install configuration: ""
[0.057s] -- Up-to-date: /home/guo/ITL_sentry_auto_new/install/pipeline/lib/pipeline/pipeline_node
[0.057s] -- Up-to-date: /home/guo/ITL_sentry_auto_new/install/pipeline/lib/pipeline/video_node
[0.057s] -- Up-to-date: /home/guo/ITL_sentry_auto_new/install/pipeline/include
[0.057s] -- Up-to-date: /home/guo/ITL_sentry_auto_new/install/pipeline/include/video_node.hpp
[0.058s] -- Up-to-date: /home/guo/ITL_sentry_auto_new/install/pipeline/include/test_node.hpp
[0.058s] -- Up-to-date: /home/guo/ITL_sentry_auto_new/install/pipeline/share/ament_index/resource_index/package_run_dependencies/pipeline
[0.058s] -- Up-to-date: /home/guo/ITL_sentry_auto_new/install/pipeline/share/ament_index/resource_index/parent_prefix_path/pipeline
[0.058s] -- Up-to-date: /home/guo/ITL_sentry_auto_new/install/pipeline/share/pipeline/environment/ament_prefix_path.sh
[0.058s] -- Up-to-date: /home/guo/ITL_sentry_auto_new/install/pipeline/share/pipeline/environment/ament_prefix_path.dsv
[0.058s] -- Up-to-date: /home/guo/ITL_sentry_auto_new/install/pipeline/share/pipeline/environment/path.sh
[0.058s] -- Up-to-date: /home/guo/ITL_sentry_auto_new/install/pipeline/share/pipeline/environment/path.dsv
[0.058s] -- Up-to-date: /home/guo/ITL_sentry_auto_new/install/pipeline/share/pipeline/local_setup.bash
[0.058s] -- Up-to-date: /home/guo/ITL_sentry_auto_new/install/pipeline/share/pipeline/local_setup.sh
[0.058s] -- Up-to-date: /home/guo/ITL_sentry_auto_new/install/pipeline/share/pipeline/local_setup.zsh
[0.058s] -- Up-to-date: /home/guo/ITL_sentry_auto_new/install/pipeline/share/pipeline/local_setup.dsv
[0.058s] -- Installing: /home/guo/ITL_sentry_auto_new/install/pipeline/share/pipeline/package.dsv
[0.058s] -- Up-to-date: /home/guo/ITL_sentry_auto_new/install/pipeline/share/ament_index/resource_index/packages/pipeline
[0.058s] -- Up-to-date: /home/guo/ITL_sentry_auto_new/install/pipeline/share/pipeline/cmake/pipelineConfig.cmake
[0.058s] -- Up-to-date: /home/guo/ITL_sentry_auto_new/install/pipeline/share/pipeline/cmake/pipelineConfig-version.cmake
[0.058s] -- Up-to-date: /home/guo/ITL_sentry_auto_new/install/pipeline/share/pipeline/package.xml
[0.059s] Invoked command in '/home/guo/ITL_sentry_auto_new/build/pipeline' returned '0': CMAKE_PREFIX_PATH=/home/guo/ITL_sentry_auto_new/install/auto_aim:/home/guo/ITL_sentry_auto_new/install/deveice:/home/guo/ITL_sentry_auto_new/install/serial:/home/guo/ITL_sentry_auto_new/install/auto_buff:/home/guo/ITL_sentry_auto_new/install/utils:/home/guo/ITL_sentry_auto_new/install/autoaim_msgs:/home/guo/ITL_sentry_auto_new/install/pipeline:/home/guo/ITL_sentry_auto_new/install/launch_node:/opt/ros/rolling LD_LIBRARY_PATH=/home/guo/ITL_sentry_auto_new/install/auto_aim/lib:/home/guo/ITL_sentry_auto_new/install/deveice/lib:/home/guo/ITL_sentry_auto_new/install/serial/lib:/home/guo/ITL_sentry_auto_new/install/auto_buff/lib:/home/guo/ITL_sentry_auto_new/install/autoaim_msgs/lib:/home/guo/ITL_sentry_auto_new/install/utils/lib:/usr/lib/x86_64-linux-gnu:/opt/ros/rolling/opt/rviz_ogre_vendor/lib:/opt/ros/rolling/lib/x86_64-linux-gnu:/opt/ros/rolling/lib:/opt/MVS/lib/64:/opt/MVS/lib/32:/usr/local/TensorRT.10.7.0.23/lib:/usr/lib/x86_64-linux-gnu:/usr/local/cuda/lib64:/opt/MVS/lib/64:/opt/MVS/lib/32:/opt/MVS/lib/64:/opt/MVS/lib/32 /usr/local/bin/cmake --install /home/guo/ITL_sentry_auto_new/build/pipeline
