[0.048s] Invoking command in '/home/guo/ITL_sentry_auto_new/build/tracker': AMENT_PREFIX_PATH=/home/guo/ITL_sentry_auto_new/install/aimer:/home/guo/ITL_sentry_auto_new/install/predictor:/home/guo/ITL_sentry_auto_new/install/solver:/home/guo/ITL_sentry_auto_new/install/gimbal:/home/guo/ITL_sentry_auto_new/install/serial:/home/guo/ITL_sentry_auto_new/install/motion_model:/home/guo/ITL_sentry_auto_new/install/detected:/home/guo/ITL_sentry_auto_new/install/cboard:/home/guo/ITL_sentry_auto_new/install/utils:/home/guo/ITL_sentry_auto_new/install/filter_lib:/home/guo/ITL_sentry_auto_new/install/autoaim_msgs:${AMENT_PREFIX_PATH} CMAKE_PREFIX_PATH=/home/guo/ITL_sentry_auto_new/install/aimer:/home/guo/ITL_sentry_auto_new/install/predictor:/home/guo/ITL_sentry_auto_new/install/solver:/home/guo/ITL_sentry_auto_new/install/gimbal:/home/guo/ITL_sentry_auto_new/install/serial:/home/guo/ITL_sentry_auto_new/install/motion_model:/home/guo/ITL_sentry_auto_new/install/detected:/home/guo/ITL_sentry_auto_new/install/cboard:/home/guo/ITL_sentry_auto_new/install/utils:/home/guo/ITL_sentry_auto_new/install/filter_lib:/home/guo/ITL_sentry_auto_new/install/autoaim_msgs:/opt/ros/rolling LD_LIBRARY_PATH=/home/guo/ITL_sentry_auto_new/install/aimer/lib:/home/guo/ITL_sentry_auto_new/install/predictor/lib:/home/guo/ITL_sentry_auto_new/install/solver/lib:/home/guo/ITL_sentry_auto_new/install/gimbal/lib:/home/guo/ITL_sentry_auto_new/install/serial/lib:/home/guo/ITL_sentry_auto_new/install/motion_model/lib:/home/guo/ITL_sentry_auto_new/install/detected/lib:/home/guo/ITL_sentry_auto_new/install/cboard/lib:/home/guo/ITL_sentry_auto_new/install/utils/lib:/home/guo/ITL_sentry_auto_new/install/filter_lib/lib:/home/guo/ITL_sentry_auto_new/install/autoaim_msgs/lib:/opt/MVS/lib/64:/opt/MVS/lib/32:/opt/MVS/lib/64:/opt/MVS/lib/32 PYTHONPATH=/home/guo/ITL_sentry_auto_new/install/autoaim_msgs/lib/python3.10/site-packages:${PYTHONPATH} /usr/local/bin/cmake --build /home/guo/ITL_sentry_auto_new/build/tracker -- -j24 -l24
[0.076s] -- Found ament_cmake: 2.3.2 (/opt/ros/rolling/share/ament_cmake/cmake)
[0.253s] -- Found rclcpp: 27.0.0 (/opt/ros/rolling/share/rclcpp/cmake)
[0.275s] -- Found rosidl_generator_c: 4.5.1 (/opt/ros/rolling/share/rosidl_generator_c/cmake)
[0.283s] -- Found rosidl_generator_cpp: 4.5.1 (/opt/ros/rolling/share/rosidl_generator_cpp/cmake)
[0.293s] -- Using all available rosidl_typesupport_c: rosidl_typesupport_fastrtps_c;rosidl_typesupport_introspection_c
[0.307s] -- Using all available rosidl_typesupport_cpp: rosidl_typesupport_fastrtps_cpp;rosidl_typesupport_introspection_cpp
[0.441s] -- Found rmw_implementation_cmake: 7.3.0 (/opt/ros/rolling/share/rmw_implementation_cmake/cmake)
[0.443s] -- Found rmw_fastrtps_cpp: 8.2.0 (/opt/ros/rolling/share/rmw_fastrtps_cpp/cmake)
[0.537s] -- Using RMW implementation 'rmw_fastrtps_cpp' as default
[0.691s] -- Found sensor_msgs: 5.3.0 (/opt/ros/rolling/share/sensor_msgs/cmake)
[0.872s] -- Found tf2: 0.36.0 (/opt/ros/rolling/share/tf2/cmake)
[0.878s] -- Found tf2_ros: 0.36.0 (/opt/ros/rolling/share/tf2_ros/cmake)
[1.228s] -- Found autoaim_msgs: 0.0.1 (/home/guo/ITL_sentry_auto_new/install/autoaim_msgs/share/autoaim_msgs/cmake)
[1.339s] -- Found cv_bridge: 3.4.0 (/opt/ros/rolling/share/cv_bridge/cmake)
[1.364s] -- Found utils: 1.0.0 (/home/guo/ITL_sentry_auto_new/install/utils/share/utils/cmake)
[1.386s] -- Found solver: 0.0.0 (/home/guo/ITL_sentry_auto_new/install/solver/share/solver/cmake)
[1.403s] -- Found eigen3_cmake_module: 0.3.0 (/opt/ros/rolling/share/eigen3_cmake_module/cmake)
[1.404s] -- Ensuring Eigen3 include directory is part of orocos-kdl CMake target
[1.474s] -- Found predictor: 1.0.0 (/home/guo/ITL_sentry_auto_new/install/predictor/share/predictor/cmake)
[1.829s] -- Found AMD headers in: /usr/include/suitesparse
[1.829s] -- Found AMD library: /usr/lib/x86_64-linux-gnu/libamd.so
[1.830s] -- Found CAMD headers in: /usr/include/suitesparse
[1.830s] -- Found CAMD library: /usr/lib/x86_64-linux-gnu/libcamd.so
[1.830s] -- Found CCOLAMD headers in: /usr/include/suitesparse
[1.830s] -- Found CCOLAMD library: /usr/lib/x86_64-linux-gnu/libccolamd.so
[1.830s] -- Found CHOLMOD headers in: /usr/include/suitesparse
[1.830s] -- Found CHOLMOD library: /usr/lib/x86_64-linux-gnu/libcholmod.so
[1.830s] -- Found COLAMD headers in: /usr/include/suitesparse
[1.830s] -- Found COLAMD library: /usr/lib/x86_64-linux-gnu/libcolamd.so
[1.830s] -- Found SPQR headers in: /usr/include/suitesparse
[1.830s] -- Found SPQR library: /usr/lib/x86_64-linux-gnu/libspqr.so
[1.830s] -- Found Config headers in: /usr/include/suitesparse
[1.830s] -- Found Config library: /usr/lib/x86_64-linux-gnu/libsuitesparseconfig.so
[1.831s] -- Found Intel Thread Building Blocks (TBB) library (2021.5 / ) include location: . Assuming SuiteSparseQR was compiled with TBB.
[1.831s] -- Adding librt to SuiteSparse_config libraries (required on Linux & Unix [not OSX] if SuiteSparse is compiled with timing).
[1.834s] -- Could NOT find METIS (missing: METIS_INCLUDE_DIR METIS_LIBRARY) 
[1.937s] -- Found serial: 0.1.0 (/home/guo/ITL_sentry_auto_new/install/serial/share/serial/cmake)
[1.940s] -- Found gimbal: 1.0.0 (/home/guo/ITL_sentry_auto_new/install/gimbal/share/gimbal/cmake)
[1.963s] CMake Error at CMakeLists.txt:97 (install):
[1.963s]   install TARGETS given target "tracker_node" which does not exist.
[1.963s] 
[1.963s] 
[1.964s] -- Found ament_lint_auto: 0.16.3 (/opt/ros/rolling/share/ament_lint_auto/cmake)
[2.011s] -- Added test 'copyright' to check source files copyright and LICENSE
[2.012s] -- Added test 'cppcheck' to perform static code analysis on C / C++ code
[2.012s] -- Configured cppcheck include dirs: /home/guo/ITL_sentry_auto_new/src/core/tracker/include
[2.012s] -- Configured cppcheck exclude dirs and/or files: 
[2.013s] -- Added test 'cpplint' to check C / C++ code against the Google style
[2.013s] -- Configured cpplint exclude dirs and/or files: 
[2.013s] -- Added test 'lint_cmake' to check CMake code style
[2.014s] -- Added test 'uncrustify' to check C / C++ code style
[2.014s] -- Configured uncrustify additional arguments: 
[2.014s] -- Added test 'xmllint' to check XML markup files
[2.015s] -- Configuring incomplete, errors occurred!
[2.022s] gmake: *** [Makefile:308：cmake_check_build_system] 错误 1
[2.024s] Invoked command in '/home/guo/ITL_sentry_auto_new/build/tracker' returned '2': AMENT_PREFIX_PATH=/home/guo/ITL_sentry_auto_new/install/aimer:/home/guo/ITL_sentry_auto_new/install/predictor:/home/guo/ITL_sentry_auto_new/install/solver:/home/guo/ITL_sentry_auto_new/install/gimbal:/home/guo/ITL_sentry_auto_new/install/serial:/home/guo/ITL_sentry_auto_new/install/motion_model:/home/guo/ITL_sentry_auto_new/install/detected:/home/guo/ITL_sentry_auto_new/install/cboard:/home/guo/ITL_sentry_auto_new/install/utils:/home/guo/ITL_sentry_auto_new/install/filter_lib:/home/guo/ITL_sentry_auto_new/install/autoaim_msgs:${AMENT_PREFIX_PATH} CMAKE_PREFIX_PATH=/home/guo/ITL_sentry_auto_new/install/aimer:/home/guo/ITL_sentry_auto_new/install/predictor:/home/guo/ITL_sentry_auto_new/install/solver:/home/guo/ITL_sentry_auto_new/install/gimbal:/home/guo/ITL_sentry_auto_new/install/serial:/home/guo/ITL_sentry_auto_new/install/motion_model:/home/guo/ITL_sentry_auto_new/install/detected:/home/guo/ITL_sentry_auto_new/install/cboard:/home/guo/ITL_sentry_auto_new/install/utils:/home/guo/ITL_sentry_auto_new/install/filter_lib:/home/guo/ITL_sentry_auto_new/install/autoaim_msgs:/opt/ros/rolling LD_LIBRARY_PATH=/home/guo/ITL_sentry_auto_new/install/aimer/lib:/home/guo/ITL_sentry_auto_new/install/predictor/lib:/home/guo/ITL_sentry_auto_new/install/solver/lib:/home/guo/ITL_sentry_auto_new/install/gimbal/lib:/home/guo/ITL_sentry_auto_new/install/serial/lib:/home/guo/ITL_sentry_auto_new/install/motion_model/lib:/home/guo/ITL_sentry_auto_new/install/detected/lib:/home/guo/ITL_sentry_auto_new/install/cboard/lib:/home/guo/ITL_sentry_auto_new/install/utils/lib:/home/guo/ITL_sentry_auto_new/install/filter_lib/lib:/home/guo/ITL_sentry_auto_new/install/autoaim_msgs/lib:/opt/MVS/lib/64:/opt/MVS/lib/32:/opt/MVS/lib/64:/opt/MVS/lib/32 PYTHONPATH=/home/guo/ITL_sentry_auto_new/install/autoaim_msgs/lib/python3.10/site-packages:${PYTHONPATH} /usr/local/bin/cmake --build /home/guo/ITL_sentry_auto_new/build/tracker -- -j24 -l24
