-- The C compiler identification is GNU 11.4.0
-- The CXX compiler identification is GNU 11.4.0
-- Detecting C compiler ABI info
-- Detecting C compiler ABI info - done
-- Check for working C compiler: /usr/bin/cc - skipped
-- Detecting C compile features
-- Detecting C compile features - done
-- Detecting CXX compiler ABI info
-- Detecting CXX compiler ABI info - done
-- Check for working CXX compiler: /usr/bin/c++ - skipped
-- Detecting CXX compile features
-- Detecting CXX compile features - done
-- Found ament_cmake: 2.3.2 (/opt/ros/rolling/share/ament_cmake/cmake)
-- Found Python3: /usr/bin/python3.10 (found version "3.10.12") found components: Interpreter 
-- Found rclcpp: 27.0.0 (/opt/ros/rolling/share/rclcpp/cmake)
-- Found rosidl_generator_c: 4.5.1 (/opt/ros/rolling/share/rosidl_generator_c/cmake)
-- Found rosidl_generator_cpp: 4.5.1 (/opt/ros/rolling/share/rosidl_generator_cpp/cmake)
-- Using all available rosidl_typesupport_c: rosidl_typesupport_fastrtps_c;rosidl_typesupport_introspection_c
-- Using all available rosidl_typesupport_cpp: rosidl_typesupport_fastrtps_cpp;rosidl_typesupport_introspection_cpp
-- Found rmw_implementation_cmake: 7.3.0 (/opt/ros/rolling/share/rmw_implementation_cmake/cmake)
-- Found rmw_fastrtps_cpp: 8.2.0 (/opt/ros/rolling/share/rmw_fastrtps_cpp/cmake)
-- Found OpenSSL: /usr/lib/x86_64-linux-gnu/libcrypto.so (found version "3.0.2")  
-- Found FastRTPS: /opt/ros/rolling/include  
-- Using RMW implementation 'rmw_fastrtps_cpp' as default
-- Found OpenCV: /usr (found version "4.5.4") 
-- Found autoaim_msgs: 0.0.1 (/home/guo/ITL_sentry_auto_new/install/autoaim_msgs/share/autoaim_msgs/cmake)
-- Found ament_lint_auto: 0.16.3 (/opt/ros/rolling/share/ament_lint_auto/cmake)
-- Added test 'copyright' to check source files copyright and LICENSE
-- Added test 'cppcheck' to perform static code analysis on C / C++ code
-- Configured cppcheck include dirs: /home/guo/ITL_sentry_auto_new/src/core/target/motion_model/include;$<BUILD_INTERFACE:/home/guo/ITL_sentry_auto_new/src/core/target/motion_model/include>
-- Configured cppcheck exclude dirs and/or files: 
-- Added test 'cpplint' to check C / C++ code against the Google style
-- Configured cpplint exclude dirs and/or files: 
-- Added test 'lint_cmake' to check CMake code style
-- Added test 'uncrustify' to check C / C++ code style
-- Configured uncrustify additional arguments: 
-- Added test 'xmllint' to check XML markup files
-- Configuring done (1.8s)
-- Generating done (0.0s)
-- Build files have been written to: /home/guo/ITL_sentry_auto_new/build/motion_model
[ 50%] [32mBuilding CXX object CMakeFiles/motion_model.dir/src/full_model.cpp.o[0m
[100%] [32m[1mLinking CXX shared library libmotion_model.so[0m
[100%] Built target motion_model
-- Install configuration: ""
-- Installing: /home/guo/ITL_sentry_auto_new/install/motion_model/share/motion_model/environment/library_path.sh
-- Installing: /home/guo/ITL_sentry_auto_new/install/motion_model/share/motion_model/environment/library_path.dsv
-- Installing: /home/guo/ITL_sentry_auto_new/install/motion_model/lib/libmotion_model.so
-- Set non-toolchain portion of runtime path of "/home/guo/ITL_sentry_auto_new/install/motion_model/lib/libmotion_model.so" to ""
-- Installing: /home/guo/ITL_sentry_auto_new/install/motion_model/include
-- Installing: /home/guo/ITL_sentry_auto_new/install/motion_model/include/full_model.hpp
-- Installing: /home/guo/ITL_sentry_auto_new/install/motion_model/share/ament_index/resource_index/package_run_dependencies/motion_model
-- Installing: /home/guo/ITL_sentry_auto_new/install/motion_model/share/ament_index/resource_index/parent_prefix_path/motion_model
-- Installing: /home/guo/ITL_sentry_auto_new/install/motion_model/share/motion_model/environment/ament_prefix_path.sh
-- Installing: /home/guo/ITL_sentry_auto_new/install/motion_model/share/motion_model/environment/ament_prefix_path.dsv
-- Installing: /home/guo/ITL_sentry_auto_new/install/motion_model/share/motion_model/environment/path.sh
-- Installing: /home/guo/ITL_sentry_auto_new/install/motion_model/share/motion_model/environment/path.dsv
-- Installing: /home/guo/ITL_sentry_auto_new/install/motion_model/share/motion_model/local_setup.bash
-- Installing: /home/guo/ITL_sentry_auto_new/install/motion_model/share/motion_model/local_setup.sh
-- Installing: /home/guo/ITL_sentry_auto_new/install/motion_model/share/motion_model/local_setup.zsh
-- Installing: /home/guo/ITL_sentry_auto_new/install/motion_model/share/motion_model/local_setup.dsv
-- Installing: /home/guo/ITL_sentry_auto_new/install/motion_model/share/motion_model/package.dsv
-- Installing: /home/guo/ITL_sentry_auto_new/install/motion_model/share/ament_index/resource_index/packages/motion_model
-- Installing: /home/guo/ITL_sentry_auto_new/install/motion_model/share/motion_model/cmake/motion_model_targetsExport.cmake
-- Installing: /home/guo/ITL_sentry_auto_new/install/motion_model/share/motion_model/cmake/motion_model_targetsExport-noconfig.cmake
-- Installing: /home/guo/ITL_sentry_auto_new/install/motion_model/share/motion_model/cmake/ament_cmake_export_targets-extras.cmake
-- Installing: /home/guo/ITL_sentry_auto_new/install/motion_model/share/motion_model/cmake/ament_cmake_export_dependencies-extras.cmake
-- Installing: /home/guo/ITL_sentry_auto_new/install/motion_model/share/motion_model/cmake/motion_modelConfig.cmake
-- Installing: /home/guo/ITL_sentry_auto_new/install/motion_model/share/motion_model/cmake/motion_modelConfig-version.cmake
-- Installing: /home/guo/ITL_sentry_auto_new/install/motion_model/share/motion_model/package.xml
