[0.008s] Invoking command in '/home/guo/ITL_sentry_auto_new/build/motion_model': AMENT_PREFIX_PATH=/home/guo/ITL_sentry_auto_new/install/autoaim_msgs:${AMENT_PREFIX_PATH} CMAKE_PREFIX_PATH=/home/guo/ITL_sentry_auto_new/install/autoaim_msgs:/opt/ros/rolling LD_LIBRARY_PATH=/home/guo/ITL_sentry_auto_new/install/autoaim_msgs/lib:/usr/lib/x86_64-linux-gnu:/opt/ros/rolling/opt/rviz_ogre_vendor/lib:/opt/ros/rolling/lib/x86_64-linux-gnu:/opt/ros/rolling/lib:/opt/MVS/lib/64:/opt/MVS/lib/32:/usr/local/TensorRT.10.7.0.23/lib:/usr/lib/x86_64-linux-gnu:/usr/local/cuda/lib64:/opt/MVS/lib/64:/opt/MVS/lib/32:/opt/MVS/lib/64:/opt/MVS/lib/32 PYTHONPATH=/home/guo/ITL_sentry_auto_new/install/autoaim_msgs/lib/python3.10/site-packages:${PYTHONPATH} /usr/local/bin/cmake /home/guo/ITL_sentry_auto_new/src/core/target/motion_model -DCMAKE_INSTALL_PREFIX=/home/guo/ITL_sentry_auto_new/install/motion_model
[0.056s] -- The C compiler identification is GNU 11.4.0
[0.110s] -- The CXX compiler identification is GNU 11.4.0
[0.124s] -- Detecting C compiler ABI info
[0.178s] -- Detecting C compiler ABI info - done
[0.189s] -- Check for working C compiler: /usr/bin/cc - skipped
[0.189s] -- Detecting C compile features
[0.189s] -- Detecting C compile features - done
[0.198s] -- Detecting CXX compiler ABI info
[0.262s] -- Detecting CXX compiler ABI info - done
[0.272s] -- Check for working CXX compiler: /usr/bin/c++ - skipped
[0.272s] -- Detecting CXX compile features
[0.273s] -- Detecting CXX compile features - done
[0.275s] -- Found ament_cmake: 2.3.2 (/opt/ros/rolling/share/ament_cmake/cmake)
[0.664s] -- Found Python3: /usr/bin/python3.10 (found version "3.10.12") found components: Interpreter 
[0.730s] -- Found rclcpp: 27.0.0 (/opt/ros/rolling/share/rclcpp/cmake)
[0.762s] -- Found rosidl_generator_c: 4.5.1 (/opt/ros/rolling/share/rosidl_generator_c/cmake)
[0.772s] -- Found rosidl_generator_cpp: 4.5.1 (/opt/ros/rolling/share/rosidl_generator_cpp/cmake)
[0.786s] -- Using all available rosidl_typesupport_c: rosidl_typesupport_fastrtps_c;rosidl_typesupport_introspection_c
[0.804s] -- Using all available rosidl_typesupport_cpp: rosidl_typesupport_fastrtps_cpp;rosidl_typesupport_introspection_cpp
[0.975s] -- Found rmw_implementation_cmake: 7.3.0 (/opt/ros/rolling/share/rmw_implementation_cmake/cmake)
[0.977s] -- Found rmw_fastrtps_cpp: 8.2.0 (/opt/ros/rolling/share/rmw_fastrtps_cpp/cmake)
[1.061s] -- Found OpenSSL: /usr/lib/x86_64-linux-gnu/libcrypto.so (found version "3.0.2")  
[1.097s] -- Found FastRTPS: /opt/ros/rolling/include  
[1.142s] -- Using RMW implementation 'rmw_fastrtps_cpp' as default
[1.338s] -- Found OpenCV: /usr (found version "4.5.4") 
[1.338s] -- Found autoaim_msgs: 0.0.1 (/home/guo/ITL_sentry_auto_new/install/autoaim_msgs/share/autoaim_msgs/cmake)
[1.737s] -- Found ament_lint_auto: 0.16.3 (/opt/ros/rolling/share/ament_lint_auto/cmake)
[1.808s] -- Added test 'copyright' to check source files copyright and LICENSE
[1.809s] -- Added test 'cppcheck' to perform static code analysis on C / C++ code
[1.809s] -- Configured cppcheck include dirs: /home/guo/ITL_sentry_auto_new/src/core/target/motion_model/include;$<BUILD_INTERFACE:/home/guo/ITL_sentry_auto_new/src/core/target/motion_model/include>
[1.809s] -- Configured cppcheck exclude dirs and/or files: 
[1.810s] -- Added test 'cpplint' to check C / C++ code against the Google style
[1.810s] -- Configured cpplint exclude dirs and/or files: 
[1.811s] -- Added test 'lint_cmake' to check CMake code style
[1.811s] -- Added test 'uncrustify' to check C / C++ code style
[1.811s] -- Configured uncrustify additional arguments: 
[1.812s] -- Added test 'xmllint' to check XML markup files
[1.813s] -- Configuring done (1.8s)
[1.828s] -- Generating done (0.0s)
[1.832s] -- Build files have been written to: /home/guo/ITL_sentry_auto_new/build/motion_model
[1.842s] Invoked command in '/home/guo/ITL_sentry_auto_new/build/motion_model' returned '0': AMENT_PREFIX_PATH=/home/guo/ITL_sentry_auto_new/install/autoaim_msgs:${AMENT_PREFIX_PATH} CMAKE_PREFIX_PATH=/home/guo/ITL_sentry_auto_new/install/autoaim_msgs:/opt/ros/rolling LD_LIBRARY_PATH=/home/guo/ITL_sentry_auto_new/install/autoaim_msgs/lib:/usr/lib/x86_64-linux-gnu:/opt/ros/rolling/opt/rviz_ogre_vendor/lib:/opt/ros/rolling/lib/x86_64-linux-gnu:/opt/ros/rolling/lib:/opt/MVS/lib/64:/opt/MVS/lib/32:/usr/local/TensorRT.10.7.0.23/lib:/usr/lib/x86_64-linux-gnu:/usr/local/cuda/lib64:/opt/MVS/lib/64:/opt/MVS/lib/32:/opt/MVS/lib/64:/opt/MVS/lib/32 PYTHONPATH=/home/guo/ITL_sentry_auto_new/install/autoaim_msgs/lib/python3.10/site-packages:${PYTHONPATH} /usr/local/bin/cmake /home/guo/ITL_sentry_auto_new/src/core/target/motion_model -DCMAKE_INSTALL_PREFIX=/home/guo/ITL_sentry_auto_new/install/motion_model
[1.843s] Invoking command in '/home/guo/ITL_sentry_auto_new/build/motion_model': AMENT_PREFIX_PATH=/home/guo/ITL_sentry_auto_new/install/autoaim_msgs:${AMENT_PREFIX_PATH} CMAKE_PREFIX_PATH=/home/guo/ITL_sentry_auto_new/install/autoaim_msgs:/opt/ros/rolling LD_LIBRARY_PATH=/home/guo/ITL_sentry_auto_new/install/autoaim_msgs/lib:/usr/lib/x86_64-linux-gnu:/opt/ros/rolling/opt/rviz_ogre_vendor/lib:/opt/ros/rolling/lib/x86_64-linux-gnu:/opt/ros/rolling/lib:/opt/MVS/lib/64:/opt/MVS/lib/32:/usr/local/TensorRT.10.7.0.23/lib:/usr/lib/x86_64-linux-gnu:/usr/local/cuda/lib64:/opt/MVS/lib/64:/opt/MVS/lib/32:/opt/MVS/lib/64:/opt/MVS/lib/32 PYTHONPATH=/home/guo/ITL_sentry_auto_new/install/autoaim_msgs/lib/python3.10/site-packages:${PYTHONPATH} /usr/local/bin/cmake --build /home/guo/ITL_sentry_auto_new/build/motion_model -- -j24 -l24
[1.862s] [ 50%] [32mBuilding CXX object CMakeFiles/motion_model.dir/src/full_model.cpp.o[0m
[9.574s] [100%] [32m[1mLinking CXX shared library libmotion_model.so[0m
[10.045s] [100%] Built target motion_model
[10.050s] Invoked command in '/home/guo/ITL_sentry_auto_new/build/motion_model' returned '0': AMENT_PREFIX_PATH=/home/guo/ITL_sentry_auto_new/install/autoaim_msgs:${AMENT_PREFIX_PATH} CMAKE_PREFIX_PATH=/home/guo/ITL_sentry_auto_new/install/autoaim_msgs:/opt/ros/rolling LD_LIBRARY_PATH=/home/guo/ITL_sentry_auto_new/install/autoaim_msgs/lib:/usr/lib/x86_64-linux-gnu:/opt/ros/rolling/opt/rviz_ogre_vendor/lib:/opt/ros/rolling/lib/x86_64-linux-gnu:/opt/ros/rolling/lib:/opt/MVS/lib/64:/opt/MVS/lib/32:/usr/local/TensorRT.10.7.0.23/lib:/usr/lib/x86_64-linux-gnu:/usr/local/cuda/lib64:/opt/MVS/lib/64:/opt/MVS/lib/32:/opt/MVS/lib/64:/opt/MVS/lib/32 PYTHONPATH=/home/guo/ITL_sentry_auto_new/install/autoaim_msgs/lib/python3.10/site-packages:${PYTHONPATH} /usr/local/bin/cmake --build /home/guo/ITL_sentry_auto_new/build/motion_model -- -j24 -l24
[10.052s] Invoking command in '/home/guo/ITL_sentry_auto_new/build/motion_model': AMENT_PREFIX_PATH=/home/guo/ITL_sentry_auto_new/install/autoaim_msgs:${AMENT_PREFIX_PATH} CMAKE_PREFIX_PATH=/home/guo/ITL_sentry_auto_new/install/autoaim_msgs:/opt/ros/rolling LD_LIBRARY_PATH=/home/guo/ITL_sentry_auto_new/install/autoaim_msgs/lib:/usr/lib/x86_64-linux-gnu:/opt/ros/rolling/opt/rviz_ogre_vendor/lib:/opt/ros/rolling/lib/x86_64-linux-gnu:/opt/ros/rolling/lib:/opt/MVS/lib/64:/opt/MVS/lib/32:/usr/local/TensorRT.10.7.0.23/lib:/usr/lib/x86_64-linux-gnu:/usr/local/cuda/lib64:/opt/MVS/lib/64:/opt/MVS/lib/32:/opt/MVS/lib/64:/opt/MVS/lib/32 PYTHONPATH=/home/guo/ITL_sentry_auto_new/install/autoaim_msgs/lib/python3.10/site-packages:${PYTHONPATH} /usr/local/bin/cmake --install /home/guo/ITL_sentry_auto_new/build/motion_model
[10.055s] -- Install configuration: ""
[10.055s] -- Installing: /home/guo/ITL_sentry_auto_new/install/motion_model/share/motion_model/environment/library_path.sh
[10.055s] -- Installing: /home/guo/ITL_sentry_auto_new/install/motion_model/share/motion_model/environment/library_path.dsv
[10.055s] -- Installing: /home/guo/ITL_sentry_auto_new/install/motion_model/lib/libmotion_model.so
[10.060s] -- Set non-toolchain portion of runtime path of "/home/guo/ITL_sentry_auto_new/install/motion_model/lib/libmotion_model.so" to ""
[10.060s] -- Installing: /home/guo/ITL_sentry_auto_new/install/motion_model/include
[10.060s] -- Installing: /home/guo/ITL_sentry_auto_new/install/motion_model/include/full_model.hpp
[10.060s] -- Installing: /home/guo/ITL_sentry_auto_new/install/motion_model/share/ament_index/resource_index/package_run_dependencies/motion_model
[10.060s] -- Installing: /home/guo/ITL_sentry_auto_new/install/motion_model/share/ament_index/resource_index/parent_prefix_path/motion_model
[10.061s] -- Installing: /home/guo/ITL_sentry_auto_new/install/motion_model/share/motion_model/environment/ament_prefix_path.sh
[10.061s] -- Installing: /home/guo/ITL_sentry_auto_new/install/motion_model/share/motion_model/environment/ament_prefix_path.dsv
[10.061s] -- Installing: /home/guo/ITL_sentry_auto_new/install/motion_model/share/motion_model/environment/path.sh
[10.061s] -- Installing: /home/guo/ITL_sentry_auto_new/install/motion_model/share/motion_model/environment/path.dsv
[10.061s] -- Installing: /home/guo/ITL_sentry_auto_new/install/motion_model/share/motion_model/local_setup.bash
[10.061s] -- Installing: /home/guo/ITL_sentry_auto_new/install/motion_model/share/motion_model/local_setup.sh
[10.061s] -- Installing: /home/guo/ITL_sentry_auto_new/install/motion_model/share/motion_model/local_setup.zsh
[10.061s] -- Installing: /home/guo/ITL_sentry_auto_new/install/motion_model/share/motion_model/local_setup.dsv
[10.061s] -- Installing: /home/guo/ITL_sentry_auto_new/install/motion_model/share/motion_model/package.dsv
[10.061s] -- Installing: /home/guo/ITL_sentry_auto_new/install/motion_model/share/ament_index/resource_index/packages/motion_model
[10.061s] -- Installing: /home/guo/ITL_sentry_auto_new/install/motion_model/share/motion_model/cmake/motion_model_targetsExport.cmake
[10.061s] -- Installing: /home/guo/ITL_sentry_auto_new/install/motion_model/share/motion_model/cmake/motion_model_targetsExport-noconfig.cmake
[10.061s] -- Installing: /home/guo/ITL_sentry_auto_new/install/motion_model/share/motion_model/cmake/ament_cmake_export_targets-extras.cmake
[10.061s] -- Installing: /home/guo/ITL_sentry_auto_new/install/motion_model/share/motion_model/cmake/ament_cmake_export_dependencies-extras.cmake
[10.061s] -- Installing: /home/guo/ITL_sentry_auto_new/install/motion_model/share/motion_model/cmake/motion_modelConfig.cmake
[10.061s] -- Installing: /home/guo/ITL_sentry_auto_new/install/motion_model/share/motion_model/cmake/motion_modelConfig-version.cmake
[10.061s] -- Installing: /home/guo/ITL_sentry_auto_new/install/motion_model/share/motion_model/package.xml
[10.063s] Invoked command in '/home/guo/ITL_sentry_auto_new/build/motion_model' returned '0': AMENT_PREFIX_PATH=/home/guo/ITL_sentry_auto_new/install/autoaim_msgs:${AMENT_PREFIX_PATH} CMAKE_PREFIX_PATH=/home/guo/ITL_sentry_auto_new/install/autoaim_msgs:/opt/ros/rolling LD_LIBRARY_PATH=/home/guo/ITL_sentry_auto_new/install/autoaim_msgs/lib:/usr/lib/x86_64-linux-gnu:/opt/ros/rolling/opt/rviz_ogre_vendor/lib:/opt/ros/rolling/lib/x86_64-linux-gnu:/opt/ros/rolling/lib:/opt/MVS/lib/64:/opt/MVS/lib/32:/usr/local/TensorRT.10.7.0.23/lib:/usr/lib/x86_64-linux-gnu:/usr/local/cuda/lib64:/opt/MVS/lib/64:/opt/MVS/lib/32:/opt/MVS/lib/64:/opt/MVS/lib/32 PYTHONPATH=/home/guo/ITL_sentry_auto_new/install/autoaim_msgs/lib/python3.10/site-packages:${PYTHONPATH} /usr/local/bin/cmake --install /home/guo/ITL_sentry_auto_new/build/motion_model
