[0.027s] Invoking command in '/home/guo/ITL_sentry_auto_new/build/predictor': CMAKE_PREFIX_PATH=/home/guo/ITL_sentry_auto_new/install/solver:/home/guo/ITL_sentry_auto_new/install/motion_model:/home/guo/ITL_sentry_auto_new/install/detected:/home/guo/ITL_sentry_auto_new/install/utils:/home/guo/ITL_sentry_auto_new/install/filter_lib:/home/guo/ITL_sentry_auto_new/install/autoaim_msgs:/home/guo/ITL_sentry_auto_new/install/armor_pointer:/home/guo/ITL_sentry_auto_new/install/tracker:/home/guo/ITL_sentry_auto_new/install/predictor:/home/guo/ITL_sentry_auto_new/install/hikvision:/home/guo/ITL_sentry_auto_new/install/dm_imu:/opt/ros/rolling LD_LIBRARY_PATH=/home/guo/ITL_sentry_auto_new/install/solver/lib:/home/guo/ITL_sentry_auto_new/install/motion_model/lib:/home/guo/ITL_sentry_auto_new/install/detected/lib:/home/guo/ITL_sentry_auto_new/install/autoaim_msgs/lib:/home/guo/ITL_sentry_auto_new/install/tracker/lib:/home/guo/ITL_sentry_auto_new/install/predictor/lib:/home/guo/ITL_sentry_auto_new/install/utils/lib:/home/guo/ITL_sentry_auto_new/install/filter_lib/lib:/home/guo/ITL_sentry_auto_new/install/dm_imu/lib:/home/guo/ITL_sentry_auto_new/install/armor_pointer/lib:/opt/ros/rolling/opt/rviz_ogre_vendor/lib:/opt/ros/rolling/lib/x86_64-linux-gnu:/opt/ros/rolling/lib:/opt/MVS/lib/64:/opt/MVS/lib/32:/usr/local/TensorRT.10.7.0.23/lib:/usr/lib/x86_64-linux-gnu:/usr/local/cuda/lib64:/opt/MVS/lib/64:/opt/MVS/lib/32:/opt/MVS/lib/64:/opt/MVS/lib/32 /usr/local/bin/cmake --build /home/guo/ITL_sentry_auto_new/build/predictor -- -j24 -l24
[0.075s] [100%] Built target predictor
[0.080s] Invoked command in '/home/guo/ITL_sentry_auto_new/build/predictor' returned '0': CMAKE_PREFIX_PATH=/home/guo/ITL_sentry_auto_new/install/solver:/home/guo/ITL_sentry_auto_new/install/motion_model:/home/guo/ITL_sentry_auto_new/install/detected:/home/guo/ITL_sentry_auto_new/install/utils:/home/guo/ITL_sentry_auto_new/install/filter_lib:/home/guo/ITL_sentry_auto_new/install/autoaim_msgs:/home/guo/ITL_sentry_auto_new/install/armor_pointer:/home/guo/ITL_sentry_auto_new/install/tracker:/home/guo/ITL_sentry_auto_new/install/predictor:/home/guo/ITL_sentry_auto_new/install/hikvision:/home/guo/ITL_sentry_auto_new/install/dm_imu:/opt/ros/rolling LD_LIBRARY_PATH=/home/guo/ITL_sentry_auto_new/install/solver/lib:/home/guo/ITL_sentry_auto_new/install/motion_model/lib:/home/guo/ITL_sentry_auto_new/install/detected/lib:/home/guo/ITL_sentry_auto_new/install/autoaim_msgs/lib:/home/guo/ITL_sentry_auto_new/install/tracker/lib:/home/guo/ITL_sentry_auto_new/install/predictor/lib:/home/guo/ITL_sentry_auto_new/install/utils/lib:/home/guo/ITL_sentry_auto_new/install/filter_lib/lib:/home/guo/ITL_sentry_auto_new/install/dm_imu/lib:/home/guo/ITL_sentry_auto_new/install/armor_pointer/lib:/opt/ros/rolling/opt/rviz_ogre_vendor/lib:/opt/ros/rolling/lib/x86_64-linux-gnu:/opt/ros/rolling/lib:/opt/MVS/lib/64:/opt/MVS/lib/32:/usr/local/TensorRT.10.7.0.23/lib:/usr/lib/x86_64-linux-gnu:/usr/local/cuda/lib64:/opt/MVS/lib/64:/opt/MVS/lib/32:/opt/MVS/lib/64:/opt/MVS/lib/32 /usr/local/bin/cmake --build /home/guo/ITL_sentry_auto_new/build/predictor -- -j24 -l24
[0.082s] Invoking command in '/home/guo/ITL_sentry_auto_new/build/predictor': CMAKE_PREFIX_PATH=/home/guo/ITL_sentry_auto_new/install/solver:/home/guo/ITL_sentry_auto_new/install/motion_model:/home/guo/ITL_sentry_auto_new/install/detected:/home/guo/ITL_sentry_auto_new/install/utils:/home/guo/ITL_sentry_auto_new/install/filter_lib:/home/guo/ITL_sentry_auto_new/install/autoaim_msgs:/home/guo/ITL_sentry_auto_new/install/armor_pointer:/home/guo/ITL_sentry_auto_new/install/tracker:/home/guo/ITL_sentry_auto_new/install/predictor:/home/guo/ITL_sentry_auto_new/install/hikvision:/home/guo/ITL_sentry_auto_new/install/dm_imu:/opt/ros/rolling LD_LIBRARY_PATH=/home/guo/ITL_sentry_auto_new/install/solver/lib:/home/guo/ITL_sentry_auto_new/install/motion_model/lib:/home/guo/ITL_sentry_auto_new/install/detected/lib:/home/guo/ITL_sentry_auto_new/install/autoaim_msgs/lib:/home/guo/ITL_sentry_auto_new/install/tracker/lib:/home/guo/ITL_sentry_auto_new/install/predictor/lib:/home/guo/ITL_sentry_auto_new/install/utils/lib:/home/guo/ITL_sentry_auto_new/install/filter_lib/lib:/home/guo/ITL_sentry_auto_new/install/dm_imu/lib:/home/guo/ITL_sentry_auto_new/install/armor_pointer/lib:/opt/ros/rolling/opt/rviz_ogre_vendor/lib:/opt/ros/rolling/lib/x86_64-linux-gnu:/opt/ros/rolling/lib:/opt/MVS/lib/64:/opt/MVS/lib/32:/usr/local/TensorRT.10.7.0.23/lib:/usr/lib/x86_64-linux-gnu:/usr/local/cuda/lib64:/opt/MVS/lib/64:/opt/MVS/lib/32:/opt/MVS/lib/64:/opt/MVS/lib/32 /usr/local/bin/cmake --install /home/guo/ITL_sentry_auto_new/build/predictor
[0.085s] -- Install configuration: ""
[0.085s] -- Up-to-date: /home/guo/ITL_sentry_auto_new/install/predictor/share/predictor/environment/library_path.sh
[0.085s] -- Up-to-date: /home/guo/ITL_sentry_auto_new/install/predictor/share/predictor/environment/library_path.dsv
[0.085s] -- Up-to-date: /home/guo/ITL_sentry_auto_new/install/predictor/lib/libpredictor.a
[0.085s] -- Up-to-date: /home/guo/ITL_sentry_auto_new/install/predictor/include
[0.085s] -- Up-to-date: /home/guo/ITL_sentry_auto_new/install/predictor/include/target.hpp
[0.085s] -- Up-to-date: /home/guo/ITL_sentry_auto_new/install/predictor/share/predictor/cmake/predictorTargets.cmake
[0.085s] -- Up-to-date: /home/guo/ITL_sentry_auto_new/install/predictor/share/predictor/cmake/predictorTargets-noconfig.cmake
[0.085s] -- Up-to-date: /home/guo/ITL_sentry_auto_new/install/predictor/share/ament_index/resource_index/package_run_dependencies/predictor
[0.085s] -- Up-to-date: /home/guo/ITL_sentry_auto_new/install/predictor/share/ament_index/resource_index/parent_prefix_path/predictor
[0.085s] -- Up-to-date: /home/guo/ITL_sentry_auto_new/install/predictor/share/predictor/environment/ament_prefix_path.sh
[0.086s] -- Up-to-date: /home/guo/ITL_sentry_auto_new/install/predictor/share/predictor/environment/ament_prefix_path.dsv
[0.086s] -- Up-to-date: /home/guo/ITL_sentry_auto_new/install/predictor/share/predictor/environment/path.sh
[0.086s] -- Up-to-date: /home/guo/ITL_sentry_auto_new/install/predictor/share/predictor/environment/path.dsv
[0.086s] -- Up-to-date: /home/guo/ITL_sentry_auto_new/install/predictor/share/predictor/local_setup.bash
[0.086s] -- Up-to-date: /home/guo/ITL_sentry_auto_new/install/predictor/share/predictor/local_setup.sh
[0.086s] -- Up-to-date: /home/guo/ITL_sentry_auto_new/install/predictor/share/predictor/local_setup.zsh
[0.086s] -- Up-to-date: /home/guo/ITL_sentry_auto_new/install/predictor/share/predictor/local_setup.dsv
[0.086s] -- Installing: /home/guo/ITL_sentry_auto_new/install/predictor/share/predictor/package.dsv
[0.086s] -- Up-to-date: /home/guo/ITL_sentry_auto_new/install/predictor/share/ament_index/resource_index/packages/predictor
[0.086s] -- Up-to-date: /home/guo/ITL_sentry_auto_new/install/predictor/share/predictor/cmake/predictorTargetsExport.cmake
[0.086s] -- Up-to-date: /home/guo/ITL_sentry_auto_new/install/predictor/share/predictor/cmake/predictorTargetsExport-noconfig.cmake
[0.086s] -- Up-to-date: /home/guo/ITL_sentry_auto_new/install/predictor/share/predictor/cmake/ament_cmake_export_targets-extras.cmake
[0.086s] -- Up-to-date: /home/guo/ITL_sentry_auto_new/install/predictor/share/predictor/cmake/ament_cmake_export_dependencies-extras.cmake
[0.086s] -- Up-to-date: /home/guo/ITL_sentry_auto_new/install/predictor/share/predictor/cmake/ament_cmake_export_include_directories-extras.cmake
[0.086s] -- Up-to-date: /home/guo/ITL_sentry_auto_new/install/predictor/share/predictor/cmake/predictorConfig.cmake
[0.086s] -- Up-to-date: /home/guo/ITL_sentry_auto_new/install/predictor/share/predictor/cmake/predictorConfig-version.cmake
[0.086s] -- Up-to-date: /home/guo/ITL_sentry_auto_new/install/predictor/share/predictor/package.xml
[0.087s] Invoked command in '/home/guo/ITL_sentry_auto_new/build/predictor' returned '0': CMAKE_PREFIX_PATH=/home/guo/ITL_sentry_auto_new/install/solver:/home/guo/ITL_sentry_auto_new/install/motion_model:/home/guo/ITL_sentry_auto_new/install/detected:/home/guo/ITL_sentry_auto_new/install/utils:/home/guo/ITL_sentry_auto_new/install/filter_lib:/home/guo/ITL_sentry_auto_new/install/autoaim_msgs:/home/guo/ITL_sentry_auto_new/install/armor_pointer:/home/guo/ITL_sentry_auto_new/install/tracker:/home/guo/ITL_sentry_auto_new/install/predictor:/home/guo/ITL_sentry_auto_new/install/hikvision:/home/guo/ITL_sentry_auto_new/install/dm_imu:/opt/ros/rolling LD_LIBRARY_PATH=/home/guo/ITL_sentry_auto_new/install/solver/lib:/home/guo/ITL_sentry_auto_new/install/motion_model/lib:/home/guo/ITL_sentry_auto_new/install/detected/lib:/home/guo/ITL_sentry_auto_new/install/autoaim_msgs/lib:/home/guo/ITL_sentry_auto_new/install/tracker/lib:/home/guo/ITL_sentry_auto_new/install/predictor/lib:/home/guo/ITL_sentry_auto_new/install/utils/lib:/home/guo/ITL_sentry_auto_new/install/filter_lib/lib:/home/guo/ITL_sentry_auto_new/install/dm_imu/lib:/home/guo/ITL_sentry_auto_new/install/armor_pointer/lib:/opt/ros/rolling/opt/rviz_ogre_vendor/lib:/opt/ros/rolling/lib/x86_64-linux-gnu:/opt/ros/rolling/lib:/opt/MVS/lib/64:/opt/MVS/lib/32:/usr/local/TensorRT.10.7.0.23/lib:/usr/lib/x86_64-linux-gnu:/usr/local/cuda/lib64:/opt/MVS/lib/64:/opt/MVS/lib/32:/opt/MVS/lib/64:/opt/MVS/lib/32 /usr/local/bin/cmake --install /home/guo/ITL_sentry_auto_new/build/predictor
