[0.022s] Invoking command in '/home/guo/ITL_sentry_auto_new/build/launch_node': CMAKE_PREFIX_PATH=${CMAKE_PREFIX_PATH}:/opt/ros/rolling /usr/local/bin/cmake --build /home/guo/ITL_sentry_auto_new/build/launch_node -- -j24 -l24
[0.043s] Invoked command in '/home/guo/ITL_sentry_auto_new/build/launch_node' returned '0': CMAKE_PREFIX_PATH=${CMAKE_PREFIX_PATH}:/opt/ros/rolling /usr/local/bin/cmake --build /home/guo/ITL_sentry_auto_new/build/launch_node -- -j24 -l24
[0.048s] Invoking command in '/home/guo/ITL_sentry_auto_new/build/launch_node': CMAKE_PREFIX_PATH=${CMAKE_PREFIX_PATH}:/opt/ros/rolling /usr/local/bin/cmake --install /home/guo/ITL_sentry_auto_new/build/launch_node
[0.050s] -- Install configuration: ""
[0.050s] -- Up-to-date: /home/guo/ITL_sentry_auto_new/install/launch_node/share/launch_node/launch
[0.050s] -- Up-to-date: /home/guo/ITL_sentry_auto_new/install/launch_node/share/launch_node/launch/launch_node.launch.py
[0.051s] -- Up-to-date: /home/guo/ITL_sentry_auto_new/install/launch_node/share/launch_node/config
[0.051s] -- Up-to-date: /home/guo/ITL_sentry_auto_new/install/launch_node/share/launch_node/config/angle_solver_params.xml
[0.051s] -- Up-to-date: /home/guo/ITL_sentry_auto_new/install/launch_node/share/ament_index/resource_index/package_run_dependencies/launch_node
[0.051s] -- Up-to-date: /home/guo/ITL_sentry_auto_new/install/launch_node/share/ament_index/resource_index/parent_prefix_path/launch_node
[0.051s] -- Up-to-date: /home/guo/ITL_sentry_auto_new/install/launch_node/share/launch_node/environment/ament_prefix_path.sh
[0.051s] -- Up-to-date: /home/guo/ITL_sentry_auto_new/install/launch_node/share/launch_node/environment/ament_prefix_path.dsv
[0.051s] -- Up-to-date: /home/guo/ITL_sentry_auto_new/install/launch_node/share/launch_node/environment/path.sh
[0.051s] -- Up-to-date: /home/guo/ITL_sentry_auto_new/install/launch_node/share/launch_node/environment/path.dsv
[0.051s] -- Up-to-date: /home/guo/ITL_sentry_auto_new/install/launch_node/share/launch_node/local_setup.bash
[0.051s] -- Up-to-date: /home/guo/ITL_sentry_auto_new/install/launch_node/share/launch_node/local_setup.sh
[0.051s] -- Up-to-date: /home/guo/ITL_sentry_auto_new/install/launch_node/share/launch_node/local_setup.zsh
[0.051s] -- Up-to-date: /home/guo/ITL_sentry_auto_new/install/launch_node/share/launch_node/local_setup.dsv
[0.052s] -- Installing: /home/guo/ITL_sentry_auto_new/install/launch_node/share/launch_node/package.dsv
[0.052s] -- Up-to-date: /home/guo/ITL_sentry_auto_new/install/launch_node/share/ament_index/resource_index/packages/launch_node
[0.052s] -- Up-to-date: /home/guo/ITL_sentry_auto_new/install/launch_node/share/launch_node/cmake/ament_cmake_export_dependencies-extras.cmake
[0.052s] -- Up-to-date: /home/guo/ITL_sentry_auto_new/install/launch_node/share/launch_node/cmake/launch_nodeConfig.cmake
[0.052s] -- Up-to-date: /home/guo/ITL_sentry_auto_new/install/launch_node/share/launch_node/cmake/launch_nodeConfig-version.cmake
[0.052s] -- Up-to-date: /home/guo/ITL_sentry_auto_new/install/launch_node/share/launch_node/package.xml
[0.055s] Invoked command in '/home/guo/ITL_sentry_auto_new/build/launch_node' returned '0': CMAKE_PREFIX_PATH=${CMAKE_PREFIX_PATH}:/opt/ros/rolling /usr/local/bin/cmake --install /home/guo/ITL_sentry_auto_new/build/launch_node
