[0.016s] Invoking command in '/home/guo/ITL_Auto_aim/build/auto_aim': AMENT_PREFIX_PATH=/home/guo/ITL_Auto_aim/install/deveice:/home/guo/ITL_Auto_aim/install/serial:/home/guo/ITL_Auto_aim/install/utils:/home/guo/ITL_Auto_aim/install/autoaim_msgs:${AMENT_PREFIX_PATH} CMAKE_PREFIX_PATH=/home/guo/ITL_Auto_aim/install/deveice:/home/guo/ITL_Auto_aim/install/serial:/home/guo/ITL_Auto_aim/install/utils:/home/guo/ITL_Auto_aim/install/autoaim_msgs:/opt/ros/rolling LD_LIBRARY_PATH=/home/guo/ITL_Auto_aim/install/deveice/lib:/home/guo/ITL_Auto_aim/install/serial/lib:/home/guo/ITL_Auto_aim/install/utils/lib:/home/guo/ITL_Auto_aim/install/autoaim_msgs/lib:/usr/lib/x86_64-linux-gnu:/opt/ros/rolling/opt/rviz_ogre_vendor/lib:/opt/ros/rolling/lib/x86_64-linux-gnu:/opt/ros/rolling/lib:/opt/MVS/lib/64:/opt/MVS/lib/32:/usr/local/TensorRT.10.7.0.23/lib:/usr/lib/x86_64-linux-gnu:/usr/local/cuda/lib64:/opt/MVS/lib/64:/opt/MVS/lib/32:/opt/MVS/lib/64:/opt/MVS/lib/32 PYTHONPATH=/home/guo/ITL_Auto_aim/install/autoaim_msgs/lib/python3.10/site-packages:${PYTHONPATH} /usr/local/bin/cmake --build /home/guo/ITL_Auto_aim/build/auto_aim -- -j24 -l24
[0.042s] [  6%] Built target auto_aim_motion_model
[0.043s] [ 16%] Built target auto_aim_pointer
[0.047s] [ 35%] Built target auto_aim_detected
[0.076s] [ 54%] Built target auto_aim_solver
[0.091s] [ 61%] Built target auto_aim_predictor
[0.108s] [ 67%] Built target auto_aim_aimer
[0.117s] [ 87%] Built target auto_aim_planner
[0.126s] [ 93%] Built target auto_aim_tracker
[0.134s] [100%] Built target auto_aim
[0.138s] Invoked command in '/home/guo/ITL_Auto_aim/build/auto_aim' returned '0': AMENT_PREFIX_PATH=/home/guo/ITL_Auto_aim/install/deveice:/home/guo/ITL_Auto_aim/install/serial:/home/guo/ITL_Auto_aim/install/utils:/home/guo/ITL_Auto_aim/install/autoaim_msgs:${AMENT_PREFIX_PATH} CMAKE_PREFIX_PATH=/home/guo/ITL_Auto_aim/install/deveice:/home/guo/ITL_Auto_aim/install/serial:/home/guo/ITL_Auto_aim/install/utils:/home/guo/ITL_Auto_aim/install/autoaim_msgs:/opt/ros/rolling LD_LIBRARY_PATH=/home/guo/ITL_Auto_aim/install/deveice/lib:/home/guo/ITL_Auto_aim/install/serial/lib:/home/guo/ITL_Auto_aim/install/utils/lib:/home/guo/ITL_Auto_aim/install/autoaim_msgs/lib:/usr/lib/x86_64-linux-gnu:/opt/ros/rolling/opt/rviz_ogre_vendor/lib:/opt/ros/rolling/lib/x86_64-linux-gnu:/opt/ros/rolling/lib:/opt/MVS/lib/64:/opt/MVS/lib/32:/usr/local/TensorRT.10.7.0.23/lib:/usr/lib/x86_64-linux-gnu:/usr/local/cuda/lib64:/opt/MVS/lib/64:/opt/MVS/lib/32:/opt/MVS/lib/64:/opt/MVS/lib/32 PYTHONPATH=/home/guo/ITL_Auto_aim/install/autoaim_msgs/lib/python3.10/site-packages:${PYTHONPATH} /usr/local/bin/cmake --build /home/guo/ITL_Auto_aim/build/auto_aim -- -j24 -l24
[0.140s] Invoking command in '/home/guo/ITL_Auto_aim/build/auto_aim': AMENT_PREFIX_PATH=/home/guo/ITL_Auto_aim/install/deveice:/home/guo/ITL_Auto_aim/install/serial:/home/guo/ITL_Auto_aim/install/utils:/home/guo/ITL_Auto_aim/install/autoaim_msgs:${AMENT_PREFIX_PATH} CMAKE_PREFIX_PATH=/home/guo/ITL_Auto_aim/install/deveice:/home/guo/ITL_Auto_aim/install/serial:/home/guo/ITL_Auto_aim/install/utils:/home/guo/ITL_Auto_aim/install/autoaim_msgs:/opt/ros/rolling LD_LIBRARY_PATH=/home/guo/ITL_Auto_aim/install/deveice/lib:/home/guo/ITL_Auto_aim/install/serial/lib:/home/guo/ITL_Auto_aim/install/utils/lib:/home/guo/ITL_Auto_aim/install/autoaim_msgs/lib:/usr/lib/x86_64-linux-gnu:/opt/ros/rolling/opt/rviz_ogre_vendor/lib:/opt/ros/rolling/lib/x86_64-linux-gnu:/opt/ros/rolling/lib:/opt/MVS/lib/64:/opt/MVS/lib/32:/usr/local/TensorRT.10.7.0.23/lib:/usr/lib/x86_64-linux-gnu:/usr/local/cuda/lib64:/opt/MVS/lib/64:/opt/MVS/lib/32:/opt/MVS/lib/64:/opt/MVS/lib/32 PYTHONPATH=/home/guo/ITL_Auto_aim/install/autoaim_msgs/lib/python3.10/site-packages:${PYTHONPATH} /usr/local/bin/cmake --install /home/guo/ITL_Auto_aim/build/auto_aim
[0.141s] -- Install configuration: ""
[0.141s] -- Up-to-date: /home/guo/ITL_Auto_aim/install/auto_aim/lib/libauto_aim.so
[0.141s] -- Up-to-date: /home/guo/ITL_Auto_aim/install/auto_aim/lib/libauto_aim_aimer.a
[0.141s] -- Up-to-date: /home/guo/ITL_Auto_aim/install/auto_aim/lib/libauto_aim_detected.a
[0.142s] -- Up-to-date: /home/guo/ITL_Auto_aim/install/auto_aim/lib/libauto_aim_planner.a
[0.142s] -- Up-to-date: /home/guo/ITL_Auto_aim/install/auto_aim/lib/libauto_aim_pointer.a
[0.142s] -- Up-to-date: /home/guo/ITL_Auto_aim/install/auto_aim/lib/libauto_aim_solver.a
[0.142s] -- Up-to-date: /home/guo/ITL_Auto_aim/install/auto_aim/lib/libauto_aim_motion_model.a
[0.142s] -- Up-to-date: /home/guo/ITL_Auto_aim/install/auto_aim/lib/libauto_aim_predictor.a
[0.142s] -- Up-to-date: /home/guo/ITL_Auto_aim/install/auto_aim/lib/libauto_aim_tracker.a
[0.142s] -- Up-to-date: /home/guo/ITL_Auto_aim/install/auto_aim/include
[0.142s] -- Up-to-date: /home/guo/ITL_Auto_aim/install/auto_aim/include/aimer.hpp
[0.142s] -- Up-to-date: /home/guo/ITL_Auto_aim/install/auto_aim/include
[0.142s] -- Up-to-date: /home/guo/ITL_Auto_aim/install/auto_aim/include/common
[0.142s] -- Up-to-date: /home/guo/ITL_Auto_aim/install/auto_aim/include/common/armor.hpp
[0.142s] -- Up-to-date: /home/guo/ITL_Auto_aim/install/auto_aim/include/node
[0.142s] -- Up-to-date: /home/guo/ITL_Auto_aim/install/auto_aim/include/node/armor_detector_node.hpp
[0.142s] -- Up-to-date: /home/guo/ITL_Auto_aim/install/auto_aim/include/classifier
[0.142s] -- Up-to-date: /home/guo/ITL_Auto_aim/install/auto_aim/include/classifier/armor_classifier.hpp
[0.142s] -- Up-to-date: /home/guo/ITL_Auto_aim/install/auto_aim/include/detector
[0.142s] -- Up-to-date: /home/guo/ITL_Auto_aim/install/auto_aim/include/detector/common_detector.hpp
[0.142s] -- Up-to-date: /home/guo/ITL_Auto_aim/install/auto_aim/include/detector/yolo11.hpp
[0.142s] -- Up-to-date: /home/guo/ITL_Auto_aim/install/auto_aim/include
[0.142s] -- Up-to-date: /home/guo/ITL_Auto_aim/install/auto_aim/include/planner.hpp
[0.142s] -- Up-to-date: /home/guo/ITL_Auto_aim/install/auto_aim/include
[0.142s] -- Up-to-date: /home/guo/ITL_Auto_aim/install/auto_aim/include/types.hpp
[0.142s] -- Up-to-date: /home/guo/ITL_Auto_aim/install/auto_aim/include/lightbar_detector.hpp
[0.142s] -- Up-to-date: /home/guo/ITL_Auto_aim/install/auto_aim/include/image_processor.hpp
[0.143s] -- Up-to-date: /home/guo/ITL_Auto_aim/install/auto_aim/include
[0.143s] -- Up-to-date: /home/guo/ITL_Auto_aim/install/auto_aim/include/solver_node.hpp
[0.143s] -- Up-to-date: /home/guo/ITL_Auto_aim/install/auto_aim/include/module
[0.143s] -- Up-to-date: /home/guo/ITL_Auto_aim/install/auto_aim/include/module/coord_converter.hpp
[0.143s] -- Up-to-date: /home/guo/ITL_Auto_aim/install/auto_aim/include/module/optimize_yaw.hpp
[0.143s] -- Up-to-date: /home/guo/ITL_Auto_aim/install/auto_aim/include/module/solver.hpp
[0.143s] -- Up-to-date: /home/guo/ITL_Auto_aim/install/auto_aim/include/module/pnp_solver.hpp
[0.143s] -- Up-to-date: /home/guo/ITL_Auto_aim/install/auto_aim/include
[0.143s] -- Up-to-date: /home/guo/ITL_Auto_aim/install/auto_aim/include/target.hpp
[0.143s] -- Up-to-date: /home/guo/ITL_Auto_aim/install/auto_aim/include
[0.143s] -- Up-to-date: /home/guo/ITL_Auto_aim/install/auto_aim/include/full_model.hpp
[0.143s] -- Up-to-date: /home/guo/ITL_Auto_aim/install/auto_aim/include
[0.143s] -- Up-to-date: /home/guo/ITL_Auto_aim/install/auto_aim/include/tracker.hpp
[0.143s] -- Up-to-date: /home/guo/ITL_Auto_aim/install/auto_aim/include
[0.143s] -- Up-to-date: /home/guo/ITL_Auto_aim/install/auto_aim/include/tinympc
[0.143s] -- Up-to-date: /home/guo/ITL_Auto_aim/install/auto_aim/include/tinympc/admm.hpp
[0.143s] -- Up-to-date: /home/guo/ITL_Auto_aim/install/auto_aim/include/tinympc/rho_benchmark.hpp
[0.143s] -- Up-to-date: /home/guo/ITL_Auto_aim/install/auto_aim/include/tinympc/codegen.hpp
[0.143s] -- Up-to-date: /home/guo/ITL_Auto_aim/install/auto_aim/include/tinympc/types.hpp
[0.143s] -- Up-to-date: /home/guo/ITL_Auto_aim/install/auto_aim/include/tinympc/tiny_api_constants.hpp
[0.143s] -- Up-to-date: /home/guo/ITL_Auto_aim/install/auto_aim/include/tinympc/error.hpp
[0.143s] -- Up-to-date: /home/guo/ITL_Auto_aim/install/auto_aim/include/tinympc/tiny_api.hpp
[0.143s] -- Up-to-date: /home/guo/ITL_Auto_aim/install/auto_aim/share/auto_aim/environment/library_path.sh
[0.143s] -- Up-to-date: /home/guo/ITL_Auto_aim/install/auto_aim/share/auto_aim/environment/library_path.dsv
[0.143s] -- Up-to-date: /home/guo/ITL_Auto_aim/install/auto_aim/share/auto_aim/package.xml
[0.143s] -- Up-to-date: /home/guo/ITL_Auto_aim/install/auto_aim/share/ament_index/resource_index/package_run_dependencies/auto_aim
[0.143s] -- Up-to-date: /home/guo/ITL_Auto_aim/install/auto_aim/share/ament_index/resource_index/parent_prefix_path/auto_aim
[0.144s] -- Up-to-date: /home/guo/ITL_Auto_aim/install/auto_aim/share/auto_aim/environment/ament_prefix_path.sh
[0.144s] -- Up-to-date: /home/guo/ITL_Auto_aim/install/auto_aim/share/auto_aim/environment/ament_prefix_path.dsv
[0.144s] -- Up-to-date: /home/guo/ITL_Auto_aim/install/auto_aim/share/auto_aim/environment/path.sh
[0.144s] -- Up-to-date: /home/guo/ITL_Auto_aim/install/auto_aim/share/auto_aim/environment/path.dsv
[0.144s] -- Up-to-date: /home/guo/ITL_Auto_aim/install/auto_aim/share/auto_aim/local_setup.bash
[0.144s] -- Up-to-date: /home/guo/ITL_Auto_aim/install/auto_aim/share/auto_aim/local_setup.sh
[0.144s] -- Up-to-date: /home/guo/ITL_Auto_aim/install/auto_aim/share/auto_aim/local_setup.zsh
[0.144s] -- Up-to-date: /home/guo/ITL_Auto_aim/install/auto_aim/share/auto_aim/local_setup.dsv
[0.144s] -- Installing: /home/guo/ITL_Auto_aim/install/auto_aim/share/auto_aim/package.dsv
[0.144s] -- Up-to-date: /home/guo/ITL_Auto_aim/install/auto_aim/share/ament_index/resource_index/packages/auto_aim
[0.144s] -- Up-to-date: /home/guo/ITL_Auto_aim/install/auto_aim/share/auto_aim/cmake/auto_aimTargetsExport.cmake
[0.144s] -- Up-to-date: /home/guo/ITL_Auto_aim/install/auto_aim/share/auto_aim/cmake/auto_aimTargetsExport-noconfig.cmake
[0.144s] -- Up-to-date: /home/guo/ITL_Auto_aim/install/auto_aim/share/auto_aim/cmake/ament_cmake_export_include_directories-extras.cmake
[0.144s] -- Up-to-date: /home/guo/ITL_Auto_aim/install/auto_aim/share/auto_aim/cmake/ament_cmake_export_targets-extras.cmake
[0.144s] -- Up-to-date: /home/guo/ITL_Auto_aim/install/auto_aim/share/auto_aim/cmake/ament_cmake_export_dependencies-extras.cmake
[0.144s] -- Up-to-date: /home/guo/ITL_Auto_aim/install/auto_aim/share/auto_aim/cmake/auto_aimConfig.cmake
[0.144s] -- Up-to-date: /home/guo/ITL_Auto_aim/install/auto_aim/share/auto_aim/cmake/auto_aimConfig-version.cmake
[0.144s] -- Up-to-date: /home/guo/ITL_Auto_aim/install/auto_aim/share/auto_aim/package.xml
[0.145s] Invoked command in '/home/guo/ITL_Auto_aim/build/auto_aim' returned '0': AMENT_PREFIX_PATH=/home/guo/ITL_Auto_aim/install/deveice:/home/guo/ITL_Auto_aim/install/serial:/home/guo/ITL_Auto_aim/install/utils:/home/guo/ITL_Auto_aim/install/autoaim_msgs:${AMENT_PREFIX_PATH} CMAKE_PREFIX_PATH=/home/guo/ITL_Auto_aim/install/deveice:/home/guo/ITL_Auto_aim/install/serial:/home/guo/ITL_Auto_aim/install/utils:/home/guo/ITL_Auto_aim/install/autoaim_msgs:/opt/ros/rolling LD_LIBRARY_PATH=/home/guo/ITL_Auto_aim/install/deveice/lib:/home/guo/ITL_Auto_aim/install/serial/lib:/home/guo/ITL_Auto_aim/install/utils/lib:/home/guo/ITL_Auto_aim/install/autoaim_msgs/lib:/usr/lib/x86_64-linux-gnu:/opt/ros/rolling/opt/rviz_ogre_vendor/lib:/opt/ros/rolling/lib/x86_64-linux-gnu:/opt/ros/rolling/lib:/opt/MVS/lib/64:/opt/MVS/lib/32:/usr/local/TensorRT.10.7.0.23/lib:/usr/lib/x86_64-linux-gnu:/usr/local/cuda/lib64:/opt/MVS/lib/64:/opt/MVS/lib/32:/opt/MVS/lib/64:/opt/MVS/lib/32 PYTHONPATH=/home/guo/ITL_Auto_aim/install/autoaim_msgs/lib/python3.10/site-packages:${PYTHONPATH} /usr/local/bin/cmake --install /home/guo/ITL_Auto_aim/build/auto_aim
