[0.020s] Invoking command in '/home/guo/ITL_sentry_auto_new/build/detected': CMAKE_PREFIX_PATH=/home/guo/ITL_sentry_auto_new/install/utils:/home/guo/ITL_sentry_auto_new/install/autoaim_msgs:/home/guo/ITL_sentry_auto_new/install/armor_pointer:/home/guo/ITL_sentry_auto_new/install/tracker:/home/guo/ITL_sentry_auto_new/install/predictor:/home/guo/ITL_sentry_auto_new/install/solver:/home/guo/ITL_sentry_auto_new/install/hikvision:/home/guo/ITL_sentry_auto_new/install/detected:/home/guo/ITL_sentry_auto_new/install/motion_model:/home/guo/ITL_sentry_auto_new/install/filter_lib:/home/guo/ITL_sentry_auto_new/install/dm_imu:/opt/ros/rolling LD_LIBRARY_PATH=/home/guo/ITL_sentry_auto_new/install/autoaim_msgs/lib:/home/guo/ITL_sentry_auto_new/install/tracker/lib:/home/guo/ITL_sentry_auto_new/install/predictor/lib:/home/guo/ITL_sentry_auto_new/install/solver/lib:/home/guo/ITL_sentry_auto_new/install/detected/lib:/home/guo/ITL_sentry_auto_new/install/utils/lib:/home/guo/ITL_sentry_auto_new/install/motion_model/lib:/home/guo/ITL_sentry_auto_new/install/filter_lib/lib:/home/guo/ITL_sentry_auto_new/install/dm_imu/lib:/home/guo/ITL_sentry_auto_new/install/armor_pointer/lib:/opt/ros/rolling/opt/rviz_ogre_vendor/lib:/opt/ros/rolling/lib/x86_64-linux-gnu:/opt/ros/rolling/lib:/opt/MVS/lib/64:/opt/MVS/lib/32:/usr/local/TensorRT.10.7.0.23/lib:/usr/lib/x86_64-linux-gnu:/usr/local/cuda/lib64:/opt/MVS/lib/64:/opt/MVS/lib/32:/opt/MVS/lib/64:/opt/MVS/lib/32 /usr/local/bin/cmake /home/guo/ITL_sentry_auto_new/src/core/detected -DCMAKE_INSTALL_PREFIX=/home/guo/ITL_sentry_auto_new/install/detected
[0.076s] -- The C compiler identification is GNU 11.4.0
[0.132s] -- The CXX compiler identification is GNU 11.4.0
[0.155s] -- Detecting C compiler ABI info
[0.223s] -- Detecting C compiler ABI info - done
[0.233s] -- Check for working C compiler: /usr/bin/cc - skipped
[0.233s] -- Detecting C compile features
[0.234s] -- Detecting C compile features - done
[0.243s] -- Detecting CXX compiler ABI info
[0.314s] -- Detecting CXX compiler ABI info - done
[0.325s] -- Check for working CXX compiler: /usr/bin/c++ - skipped
[0.325s] -- Detecting CXX compile features
[0.325s] -- Detecting CXX compile features - done
[0.333s] -- Found ament_cmake: 2.3.2 (/opt/ros/rolling/share/ament_cmake/cmake)
[0.799s] -- Found Python3: /usr/bin/python3.10 (found version "3.10.12") found components: Interpreter 
[0.880s] -- Found rclcpp: 27.0.0 (/opt/ros/rolling/share/rclcpp/cmake)
[0.918s] -- Found rosidl_generator_c: 4.5.1 (/opt/ros/rolling/share/rosidl_generator_c/cmake)
[0.932s] -- Found rosidl_generator_cpp: 4.5.1 (/opt/ros/rolling/share/rosidl_generator_cpp/cmake)
[0.953s] -- Using all available rosidl_typesupport_c: rosidl_typesupport_fastrtps_c;rosidl_typesupport_introspection_c
[0.976s] -- Using all available rosidl_typesupport_cpp: rosidl_typesupport_fastrtps_cpp;rosidl_typesupport_introspection_cpp
[1.151s] -- Found rmw_implementation_cmake: 7.3.0 (/opt/ros/rolling/share/rmw_implementation_cmake/cmake)
[1.154s] -- Found rmw_fastrtps_cpp: 8.2.0 (/opt/ros/rolling/share/rmw_fastrtps_cpp/cmake)
[1.249s] -- Found OpenSSL: /usr/lib/x86_64-linux-gnu/libcrypto.so (found version "3.0.2")  
[1.282s] -- Found FastRTPS: /opt/ros/rolling/include  
[1.325s] -- Using RMW implementation 'rmw_fastrtps_cpp' as default
[1.523s] -- Found sensor_msgs: 5.3.0 (/opt/ros/rolling/share/sensor_msgs/cmake)
[1.727s] -- Found cv_bridge: 3.4.0 (/opt/ros/rolling/share/cv_bridge/cmake)
[1.755s] -- Found OpenCV: /usr (found version "4.5.4") 
[1.758s] -- Found image_transport: 5.1.0 (/opt/ros/rolling/share/image_transport/cmake)
[1.816s] -- Performing Test CMAKE_HAVE_LIBC_PTHREAD
[1.874s] -- Performing Test CMAKE_HAVE_LIBC_PTHREAD - Success
[1.876s] -- Found Threads: TRUE  
[1.877s] -- Found autoaim_msgs: 0.0.1 (/home/guo/ITL_sentry_auto_new/install/autoaim_msgs/share/autoaim_msgs/cmake)
[1.998s] -- Found armor_pointer: 1.0.0 (/home/guo/ITL_sentry_auto_new/install/armor_pointer/share/armor_pointer/cmake)
[2.004s] -- Found utils: 1.0.0 (/home/guo/ITL_sentry_auto_new/install/utils/share/utils/cmake)
[2.049s] -- Found ament_lint_auto: 0.16.3 (/opt/ros/rolling/share/ament_lint_auto/cmake)
[2.109s] -- Configuring done (2.1s)
[2.147s] -- Generating done (0.0s)
[2.155s] -- Build files have been written to: /home/guo/ITL_sentry_auto_new/build/detected
[2.163s] Invoked command in '/home/guo/ITL_sentry_auto_new/build/detected' returned '0': CMAKE_PREFIX_PATH=/home/guo/ITL_sentry_auto_new/install/utils:/home/guo/ITL_sentry_auto_new/install/autoaim_msgs:/home/guo/ITL_sentry_auto_new/install/armor_pointer:/home/guo/ITL_sentry_auto_new/install/tracker:/home/guo/ITL_sentry_auto_new/install/predictor:/home/guo/ITL_sentry_auto_new/install/solver:/home/guo/ITL_sentry_auto_new/install/hikvision:/home/guo/ITL_sentry_auto_new/install/detected:/home/guo/ITL_sentry_auto_new/install/motion_model:/home/guo/ITL_sentry_auto_new/install/filter_lib:/home/guo/ITL_sentry_auto_new/install/dm_imu:/opt/ros/rolling LD_LIBRARY_PATH=/home/guo/ITL_sentry_auto_new/install/autoaim_msgs/lib:/home/guo/ITL_sentry_auto_new/install/tracker/lib:/home/guo/ITL_sentry_auto_new/install/predictor/lib:/home/guo/ITL_sentry_auto_new/install/solver/lib:/home/guo/ITL_sentry_auto_new/install/detected/lib:/home/guo/ITL_sentry_auto_new/install/utils/lib:/home/guo/ITL_sentry_auto_new/install/motion_model/lib:/home/guo/ITL_sentry_auto_new/install/filter_lib/lib:/home/guo/ITL_sentry_auto_new/install/dm_imu/lib:/home/guo/ITL_sentry_auto_new/install/armor_pointer/lib:/opt/ros/rolling/opt/rviz_ogre_vendor/lib:/opt/ros/rolling/lib/x86_64-linux-gnu:/opt/ros/rolling/lib:/opt/MVS/lib/64:/opt/MVS/lib/32:/usr/local/TensorRT.10.7.0.23/lib:/usr/lib/x86_64-linux-gnu:/usr/local/cuda/lib64:/opt/MVS/lib/64:/opt/MVS/lib/32:/opt/MVS/lib/64:/opt/MVS/lib/32 /usr/local/bin/cmake /home/guo/ITL_sentry_auto_new/src/core/detected -DCMAKE_INSTALL_PREFIX=/home/guo/ITL_sentry_auto_new/install/detected
[2.164s] Invoking command in '/home/guo/ITL_sentry_auto_new/build/detected': CMAKE_PREFIX_PATH=/home/guo/ITL_sentry_auto_new/install/utils:/home/guo/ITL_sentry_auto_new/install/autoaim_msgs:/home/guo/ITL_sentry_auto_new/install/armor_pointer:/home/guo/ITL_sentry_auto_new/install/tracker:/home/guo/ITL_sentry_auto_new/install/predictor:/home/guo/ITL_sentry_auto_new/install/solver:/home/guo/ITL_sentry_auto_new/install/hikvision:/home/guo/ITL_sentry_auto_new/install/detected:/home/guo/ITL_sentry_auto_new/install/motion_model:/home/guo/ITL_sentry_auto_new/install/filter_lib:/home/guo/ITL_sentry_auto_new/install/dm_imu:/opt/ros/rolling LD_LIBRARY_PATH=/home/guo/ITL_sentry_auto_new/install/autoaim_msgs/lib:/home/guo/ITL_sentry_auto_new/install/tracker/lib:/home/guo/ITL_sentry_auto_new/install/predictor/lib:/home/guo/ITL_sentry_auto_new/install/solver/lib:/home/guo/ITL_sentry_auto_new/install/detected/lib:/home/guo/ITL_sentry_auto_new/install/utils/lib:/home/guo/ITL_sentry_auto_new/install/motion_model/lib:/home/guo/ITL_sentry_auto_new/install/filter_lib/lib:/home/guo/ITL_sentry_auto_new/install/dm_imu/lib:/home/guo/ITL_sentry_auto_new/install/armor_pointer/lib:/opt/ros/rolling/opt/rviz_ogre_vendor/lib:/opt/ros/rolling/lib/x86_64-linux-gnu:/opt/ros/rolling/lib:/opt/MVS/lib/64:/opt/MVS/lib/32:/usr/local/TensorRT.10.7.0.23/lib:/usr/lib/x86_64-linux-gnu:/usr/local/cuda/lib64:/opt/MVS/lib/64:/opt/MVS/lib/32:/opt/MVS/lib/64:/opt/MVS/lib/32 /usr/local/bin/cmake --build /home/guo/ITL_sentry_auto_new/build/detected -- -j24 -l24
[2.186s] [  9%] [32mBuilding CXX object CMakeFiles/armor_data_lib.dir/src/common/armor.cpp.o[0m
[3.484s] [ 18%] [32m[1mLinking CXX shared library libarmor_data_lib.so[0m
[3.636s] [ 18%] Built target armor_data_lib
[3.647s] [ 27%] [32mBuilding CXX object CMakeFiles/armor_detector_lib.dir/src/detector/armor_detector.cpp.o[0m
[3.647s] [ 45%] [32mBuilding CXX object CMakeFiles/armor_classifier_lib.dir/src/classifier/armor_classifier.cpp.o[0m
[3.647s] [ 45%] [32mBuilding CXX object CMakeFiles/armor_detector_lib.dir/src/detector/yolo11.cpp.o[0m
[9.878s] [ 54%] [32m[1mLinking CXX shared library libarmor_classifier_lib.so[0m
[10.085s] [ 54%] Built target armor_classifier_lib
[10.758s] [ 63%] [32m[1mLinking CXX shared library libarmor_detector_lib.so[0m
[10.966s] [ 63%] Built target armor_detector_lib
[10.975s] [ 72%] [32mBuilding CXX object CMakeFiles/armor_detector_node.dir/src/node/armor_detector_node.cpp.o[0m
[10.976s] [ 81%] [32mBuilding CXX object CMakeFiles/detector_classifer_node.dir/src/node/armor_detector_node.cpp.o[0m
[25.462s] [ 90%] [32m[1mLinking CXX executable armor_detector_node[0m
[25.462s] [100%] [32m[1mLinking CXX executable detector_classifer_node[0m
[25.928s] [100%] Built target armor_detector_node
[25.929s] [100%] Built target detector_classifer_node
[25.933s] Invoked command in '/home/guo/ITL_sentry_auto_new/build/detected' returned '0': CMAKE_PREFIX_PATH=/home/guo/ITL_sentry_auto_new/install/utils:/home/guo/ITL_sentry_auto_new/install/autoaim_msgs:/home/guo/ITL_sentry_auto_new/install/armor_pointer:/home/guo/ITL_sentry_auto_new/install/tracker:/home/guo/ITL_sentry_auto_new/install/predictor:/home/guo/ITL_sentry_auto_new/install/solver:/home/guo/ITL_sentry_auto_new/install/hikvision:/home/guo/ITL_sentry_auto_new/install/detected:/home/guo/ITL_sentry_auto_new/install/motion_model:/home/guo/ITL_sentry_auto_new/install/filter_lib:/home/guo/ITL_sentry_auto_new/install/dm_imu:/opt/ros/rolling LD_LIBRARY_PATH=/home/guo/ITL_sentry_auto_new/install/autoaim_msgs/lib:/home/guo/ITL_sentry_auto_new/install/tracker/lib:/home/guo/ITL_sentry_auto_new/install/predictor/lib:/home/guo/ITL_sentry_auto_new/install/solver/lib:/home/guo/ITL_sentry_auto_new/install/detected/lib:/home/guo/ITL_sentry_auto_new/install/utils/lib:/home/guo/ITL_sentry_auto_new/install/motion_model/lib:/home/guo/ITL_sentry_auto_new/install/filter_lib/lib:/home/guo/ITL_sentry_auto_new/install/dm_imu/lib:/home/guo/ITL_sentry_auto_new/install/armor_pointer/lib:/opt/ros/rolling/opt/rviz_ogre_vendor/lib:/opt/ros/rolling/lib/x86_64-linux-gnu:/opt/ros/rolling/lib:/opt/MVS/lib/64:/opt/MVS/lib/32:/usr/local/TensorRT.10.7.0.23/lib:/usr/lib/x86_64-linux-gnu:/usr/local/cuda/lib64:/opt/MVS/lib/64:/opt/MVS/lib/32:/opt/MVS/lib/64:/opt/MVS/lib/32 /usr/local/bin/cmake --build /home/guo/ITL_sentry_auto_new/build/detected -- -j24 -l24
[25.935s] Invoking command in '/home/guo/ITL_sentry_auto_new/build/detected': CMAKE_PREFIX_PATH=/home/guo/ITL_sentry_auto_new/install/utils:/home/guo/ITL_sentry_auto_new/install/autoaim_msgs:/home/guo/ITL_sentry_auto_new/install/armor_pointer:/home/guo/ITL_sentry_auto_new/install/tracker:/home/guo/ITL_sentry_auto_new/install/predictor:/home/guo/ITL_sentry_auto_new/install/solver:/home/guo/ITL_sentry_auto_new/install/hikvision:/home/guo/ITL_sentry_auto_new/install/detected:/home/guo/ITL_sentry_auto_new/install/motion_model:/home/guo/ITL_sentry_auto_new/install/filter_lib:/home/guo/ITL_sentry_auto_new/install/dm_imu:/opt/ros/rolling LD_LIBRARY_PATH=/home/guo/ITL_sentry_auto_new/install/autoaim_msgs/lib:/home/guo/ITL_sentry_auto_new/install/tracker/lib:/home/guo/ITL_sentry_auto_new/install/predictor/lib:/home/guo/ITL_sentry_auto_new/install/solver/lib:/home/guo/ITL_sentry_auto_new/install/detected/lib:/home/guo/ITL_sentry_auto_new/install/utils/lib:/home/guo/ITL_sentry_auto_new/install/motion_model/lib:/home/guo/ITL_sentry_auto_new/install/filter_lib/lib:/home/guo/ITL_sentry_auto_new/install/dm_imu/lib:/home/guo/ITL_sentry_auto_new/install/armor_pointer/lib:/opt/ros/rolling/opt/rviz_ogre_vendor/lib:/opt/ros/rolling/lib/x86_64-linux-gnu:/opt/ros/rolling/lib:/opt/MVS/lib/64:/opt/MVS/lib/32:/usr/local/TensorRT.10.7.0.23/lib:/usr/lib/x86_64-linux-gnu:/usr/local/cuda/lib64:/opt/MVS/lib/64:/opt/MVS/lib/32:/opt/MVS/lib/64:/opt/MVS/lib/32 /usr/local/bin/cmake --install /home/guo/ITL_sentry_auto_new/build/detected
[25.937s] -- Install configuration: "Release"
[25.937s] -- Installing: /home/guo/ITL_sentry_auto_new/install/detected/lib/libarmor_data_lib.so
[25.937s] -- Set non-toolchain portion of runtime path of "/home/guo/ITL_sentry_auto_new/install/detected/lib/libarmor_data_lib.so" to ""
[25.938s] -- Installing: /home/guo/ITL_sentry_auto_new/install/detected/lib/libarmor_detector_lib.so
[25.938s] -- Set non-toolchain portion of runtime path of "/home/guo/ITL_sentry_auto_new/install/detected/lib/libarmor_detector_lib.so" to ""
[25.938s] -- Installing: /home/guo/ITL_sentry_auto_new/install/detected/lib/libarmor_classifier_lib.so
[25.938s] -- Set non-toolchain portion of runtime path of "/home/guo/ITL_sentry_auto_new/install/detected/lib/libarmor_classifier_lib.so" to ""
[25.939s] -- Installing: /home/guo/ITL_sentry_auto_new/install/detected/lib/detected/armor_detector_node
[25.939s] -- Set non-toolchain portion of runtime path of "/home/guo/ITL_sentry_auto_new/install/detected/lib/detected/armor_detector_node" to ""
[25.939s] -- Installing: /home/guo/ITL_sentry_auto_new/install/detected/lib/detected/detector_classifer_node
[25.940s] -- Set non-toolchain portion of runtime path of "/home/guo/ITL_sentry_auto_new/install/detected/lib/detected/detector_classifer_node" to ""
[25.940s] -- Installing: /home/guo/ITL_sentry_auto_new/install/detected/include
[25.940s] -- Installing: /home/guo/ITL_sentry_auto_new/install/detected/include/common
[25.940s] -- Installing: /home/guo/ITL_sentry_auto_new/install/detected/include/common/armor.hpp
[25.941s] -- Installing: /home/guo/ITL_sentry_auto_new/install/detected/include/node
[25.941s] -- Installing: /home/guo/ITL_sentry_auto_new/install/detected/include/node/armor_detector_node.hpp
[25.941s] -- Installing: /home/guo/ITL_sentry_auto_new/install/detected/include/classifier
[25.941s] -- Installing: /home/guo/ITL_sentry_auto_new/install/detected/include/classifier/armor_classifier.hpp
[25.941s] -- Installing: /home/guo/ITL_sentry_auto_new/install/detected/include/detector
[25.941s] -- Installing: /home/guo/ITL_sentry_auto_new/install/detected/include/detector/armor_detector.hpp
[25.941s] -- Installing: /home/guo/ITL_sentry_auto_new/install/detected/include/detector/yolo11.hpp
[25.941s] -- Installing: /home/guo/ITL_sentry_auto_new/install/detected/share/detected/environment/library_path.sh
[25.941s] -- Installing: /home/guo/ITL_sentry_auto_new/install/detected/share/detected/environment/library_path.dsv
[25.941s] -- Installing: /home/guo/ITL_sentry_auto_new/install/detected/share/ament_index/resource_index/package_run_dependencies/detected
[25.941s] -- Installing: /home/guo/ITL_sentry_auto_new/install/detected/share/ament_index/resource_index/parent_prefix_path/detected
[25.942s] -- Installing: /home/guo/ITL_sentry_auto_new/install/detected/share/detected/environment/ament_prefix_path.sh
[25.942s] -- Installing: /home/guo/ITL_sentry_auto_new/install/detected/share/detected/environment/ament_prefix_path.dsv
[25.942s] -- Installing: /home/guo/ITL_sentry_auto_new/install/detected/share/detected/environment/path.sh
[25.942s] -- Installing: /home/guo/ITL_sentry_auto_new/install/detected/share/detected/environment/path.dsv
[25.942s] -- Installing: /home/guo/ITL_sentry_auto_new/install/detected/share/detected/local_setup.bash
[25.942s] -- Installing: /home/guo/ITL_sentry_auto_new/install/detected/share/detected/local_setup.sh
[25.942s] -- Installing: /home/guo/ITL_sentry_auto_new/install/detected/share/detected/local_setup.zsh
[25.942s] -- Installing: /home/guo/ITL_sentry_auto_new/install/detected/share/detected/local_setup.dsv
[25.942s] -- Installing: /home/guo/ITL_sentry_auto_new/install/detected/share/detected/package.dsv
[25.942s] -- Installing: /home/guo/ITL_sentry_auto_new/install/detected/share/ament_index/resource_index/packages/detected
[25.942s] -- Installing: /home/guo/ITL_sentry_auto_new/install/detected/share/detected/cmake/ament_cmake_export_dependencies-extras.cmake
[25.942s] -- Installing: /home/guo/ITL_sentry_auto_new/install/detected/share/detected/cmake/ament_cmake_export_libraries-extras.cmake
[25.942s] -- Installing: /home/guo/ITL_sentry_auto_new/install/detected/share/detected/cmake/ament_cmake_export_include_directories-extras.cmake
[25.943s] -- Installing: /home/guo/ITL_sentry_auto_new/install/detected/share/detected/cmake/detectedConfig.cmake
[25.943s] -- Installing: /home/guo/ITL_sentry_auto_new/install/detected/share/detected/cmake/detectedConfig-version.cmake
[25.943s] -- Installing: /home/guo/ITL_sentry_auto_new/install/detected/share/detected/package.xml
[25.944s] Invoked command in '/home/guo/ITL_sentry_auto_new/build/detected' returned '0': CMAKE_PREFIX_PATH=/home/guo/ITL_sentry_auto_new/install/utils:/home/guo/ITL_sentry_auto_new/install/autoaim_msgs:/home/guo/ITL_sentry_auto_new/install/armor_pointer:/home/guo/ITL_sentry_auto_new/install/tracker:/home/guo/ITL_sentry_auto_new/install/predictor:/home/guo/ITL_sentry_auto_new/install/solver:/home/guo/ITL_sentry_auto_new/install/hikvision:/home/guo/ITL_sentry_auto_new/install/detected:/home/guo/ITL_sentry_auto_new/install/motion_model:/home/guo/ITL_sentry_auto_new/install/filter_lib:/home/guo/ITL_sentry_auto_new/install/dm_imu:/opt/ros/rolling LD_LIBRARY_PATH=/home/guo/ITL_sentry_auto_new/install/autoaim_msgs/lib:/home/guo/ITL_sentry_auto_new/install/tracker/lib:/home/guo/ITL_sentry_auto_new/install/predictor/lib:/home/guo/ITL_sentry_auto_new/install/solver/lib:/home/guo/ITL_sentry_auto_new/install/detected/lib:/home/guo/ITL_sentry_auto_new/install/utils/lib:/home/guo/ITL_sentry_auto_new/install/motion_model/lib:/home/guo/ITL_sentry_auto_new/install/filter_lib/lib:/home/guo/ITL_sentry_auto_new/install/dm_imu/lib:/home/guo/ITL_sentry_auto_new/install/armor_pointer/lib:/opt/ros/rolling/opt/rviz_ogre_vendor/lib:/opt/ros/rolling/lib/x86_64-linux-gnu:/opt/ros/rolling/lib:/opt/MVS/lib/64:/opt/MVS/lib/32:/usr/local/TensorRT.10.7.0.23/lib:/usr/lib/x86_64-linux-gnu:/usr/local/cuda/lib64:/opt/MVS/lib/64:/opt/MVS/lib/32:/opt/MVS/lib/64:/opt/MVS/lib/32 /usr/local/bin/cmake --install /home/guo/ITL_sentry_auto_new/build/detected
