[0.015s] Invoking command in '/home/guo/ITL_sentry_auto_new/build/utils': CMAKE_PREFIX_PATH=${CMAKE_PREFIX_PATH}:/opt/ros/rolling /usr/local/bin/cmake --build /home/guo/ITL_sentry_auto_new/build/utils -- -j24 -l24
[0.033s] -- Found ament_cmake: 2.3.2 (/opt/ros/rolling/share/ament_cmake/cmake)
[0.264s] -- Found rclcpp: 27.0.0 (/opt/ros/rolling/share/rclcpp/cmake)
[0.303s] -- Found rosidl_generator_c: 4.5.1 (/opt/ros/rolling/share/rosidl_generator_c/cmake)
[0.314s] -- Found rosidl_generator_cpp: 4.5.1 (/opt/ros/rolling/share/rosidl_generator_cpp/cmake)
[0.331s] -- Using all available rosidl_typesupport_c: rosidl_typesupport_fastrtps_c;rosidl_typesupport_introspection_c
[0.353s] -- Using all available rosidl_typesupport_cpp: rosidl_typesupport_fastrtps_cpp;rosidl_typesupport_introspection_cpp
[0.510s] -- Found rmw_implementation_cmake: 7.3.0 (/opt/ros/rolling/share/rmw_implementation_cmake/cmake)
[0.512s] -- Found rmw_fastrtps_cpp: 8.2.0 (/opt/ros/rolling/share/rmw_fastrtps_cpp/cmake)
[0.618s] -- Using RMW implementation 'rmw_fastrtps_cpp' as default
[0.849s] -- Configuring done (0.8s)
[0.863s] -- Generating done (0.0s)
[0.866s] -- Build files have been written to: /home/guo/ITL_sentry_auto_new/build/utils
[0.889s] [ 16%] [32mBuilding CXX object CMakeFiles/utils.dir/src/video.cpp.o[0m
[0.896s] [01m[K/home/guo/ITL_sentry_auto_new/src/core/utils/src/video.cpp:1:10:[m[K [01;31m[Kfatal error: [m[Kvideo.hpp: 没有那个文件或目录
[0.896s]     1 | #include [01;31m[K"video.hpp"[m[K
[0.896s]       |          [01;31m[K^~~~~~~~~~~[m[K
[0.896s] compilation terminated.
[0.897s] gmake[2]: *** [CMakeFiles/utils.dir/build.make:132：CMakeFiles/utils.dir/src/video.cpp.o] 错误 1
[0.897s] gmake[1]: *** [CMakeFiles/Makefile2:137：CMakeFiles/utils.dir/all] 错误 2
[0.897s] gmake: *** [Makefile:146：all] 错误 2
[0.899s] Invoked command in '/home/guo/ITL_sentry_auto_new/build/utils' returned '2': CMAKE_PREFIX_PATH=${CMAKE_PREFIX_PATH}:/opt/ros/rolling /usr/local/bin/cmake --build /home/guo/ITL_sentry_auto_new/build/utils -- -j24 -l24
