[0.017s] Invoking command in '/home/guo/ITL_Auto_aim/build/auto_buff': AMENT_PREFIX_PATH=/home/guo/ITL_Auto_aim/install/auto_aim:/home/guo/ITL_Auto_aim/install/deveice:/home/guo/ITL_Auto_aim/install/serial:/home/guo/ITL_Auto_aim/install/utils:/home/guo/ITL_Auto_aim/install/autoaim_msgs:${AMENT_PREFIX_PATH} CMAKE_PREFIX_PATH=/home/guo/ITL_Auto_aim/install/auto_aim:/home/guo/ITL_Auto_aim/install/deveice:/home/guo/ITL_Auto_aim/install/serial:/home/guo/ITL_Auto_aim/install/utils:/home/guo/ITL_Auto_aim/install/autoaim_msgs:/opt/ros/rolling LD_LIBRARY_PATH=/home/guo/ITL_Auto_aim/install/auto_aim/lib:/home/guo/ITL_Auto_aim/install/deveice/lib:/home/guo/ITL_Auto_aim/install/serial/lib:/home/guo/ITL_Auto_aim/install/utils/lib:/home/guo/ITL_Auto_aim/install/autoaim_msgs/lib:/usr/lib/x86_64-linux-gnu:/opt/ros/rolling/opt/rviz_ogre_vendor/lib:/opt/ros/rolling/lib/x86_64-linux-gnu:/opt/ros/rolling/lib:/opt/MVS/lib/64:/opt/MVS/lib/32:/usr/local/TensorRT.10.7.0.23/lib:/usr/lib/x86_64-linux-gnu:/usr/local/cuda/lib64:/opt/MVS/lib/64:/opt/MVS/lib/32:/opt/MVS/lib/64:/opt/MVS/lib/32 PYTHONPATH=/home/guo/ITL_Auto_aim/install/autoaim_msgs/lib/python3.10/site-packages:${PYTHONPATH} /usr/local/bin/cmake --build /home/guo/ITL_Auto_aim/build/auto_buff -- -j24 -l24
[0.040s] [ 15%] Built target auto_buff_data_type
[0.055s] [ 30%] Built target auto_buff_solver
[0.057s] [ 53%] Built target auto_buff_detect
[0.073s] [ 69%] Built target auto_buff_tagret
[0.090s] [ 84%] Built target auto_buff_aimer
[0.100s] [100%] Built target auto_buff
[0.104s] Invoked command in '/home/guo/ITL_Auto_aim/build/auto_buff' returned '0': AMENT_PREFIX_PATH=/home/guo/ITL_Auto_aim/install/auto_aim:/home/guo/ITL_Auto_aim/install/deveice:/home/guo/ITL_Auto_aim/install/serial:/home/guo/ITL_Auto_aim/install/utils:/home/guo/ITL_Auto_aim/install/autoaim_msgs:${AMENT_PREFIX_PATH} CMAKE_PREFIX_PATH=/home/guo/ITL_Auto_aim/install/auto_aim:/home/guo/ITL_Auto_aim/install/deveice:/home/guo/ITL_Auto_aim/install/serial:/home/guo/ITL_Auto_aim/install/utils:/home/guo/ITL_Auto_aim/install/autoaim_msgs:/opt/ros/rolling LD_LIBRARY_PATH=/home/guo/ITL_Auto_aim/install/auto_aim/lib:/home/guo/ITL_Auto_aim/install/deveice/lib:/home/guo/ITL_Auto_aim/install/serial/lib:/home/guo/ITL_Auto_aim/install/utils/lib:/home/guo/ITL_Auto_aim/install/autoaim_msgs/lib:/usr/lib/x86_64-linux-gnu:/opt/ros/rolling/opt/rviz_ogre_vendor/lib:/opt/ros/rolling/lib/x86_64-linux-gnu:/opt/ros/rolling/lib:/opt/MVS/lib/64:/opt/MVS/lib/32:/usr/local/TensorRT.10.7.0.23/lib:/usr/lib/x86_64-linux-gnu:/usr/local/cuda/lib64:/opt/MVS/lib/64:/opt/MVS/lib/32:/opt/MVS/lib/64:/opt/MVS/lib/32 PYTHONPATH=/home/guo/ITL_Auto_aim/install/autoaim_msgs/lib/python3.10/site-packages:${PYTHONPATH} /usr/local/bin/cmake --build /home/guo/ITL_Auto_aim/build/auto_buff -- -j24 -l24
[0.105s] Invoking command in '/home/guo/ITL_Auto_aim/build/auto_buff': AMENT_PREFIX_PATH=/home/guo/ITL_Auto_aim/install/auto_aim:/home/guo/ITL_Auto_aim/install/deveice:/home/guo/ITL_Auto_aim/install/serial:/home/guo/ITL_Auto_aim/install/utils:/home/guo/ITL_Auto_aim/install/autoaim_msgs:${AMENT_PREFIX_PATH} CMAKE_PREFIX_PATH=/home/guo/ITL_Auto_aim/install/auto_aim:/home/guo/ITL_Auto_aim/install/deveice:/home/guo/ITL_Auto_aim/install/serial:/home/guo/ITL_Auto_aim/install/utils:/home/guo/ITL_Auto_aim/install/autoaim_msgs:/opt/ros/rolling LD_LIBRARY_PATH=/home/guo/ITL_Auto_aim/install/auto_aim/lib:/home/guo/ITL_Auto_aim/install/deveice/lib:/home/guo/ITL_Auto_aim/install/serial/lib:/home/guo/ITL_Auto_aim/install/utils/lib:/home/guo/ITL_Auto_aim/install/autoaim_msgs/lib:/usr/lib/x86_64-linux-gnu:/opt/ros/rolling/opt/rviz_ogre_vendor/lib:/opt/ros/rolling/lib/x86_64-linux-gnu:/opt/ros/rolling/lib:/opt/MVS/lib/64:/opt/MVS/lib/32:/usr/local/TensorRT.10.7.0.23/lib:/usr/lib/x86_64-linux-gnu:/usr/local/cuda/lib64:/opt/MVS/lib/64:/opt/MVS/lib/32:/opt/MVS/lib/64:/opt/MVS/lib/32 PYTHONPATH=/home/guo/ITL_Auto_aim/install/autoaim_msgs/lib/python3.10/site-packages:${PYTHONPATH} /usr/local/bin/cmake --install /home/guo/ITL_Auto_aim/build/auto_buff
[0.107s] -- Install configuration: ""
[0.108s] -- Up-to-date: /home/guo/ITL_Auto_aim/install/auto_buff/lib/libauto_buff.so
[0.108s] -- Up-to-date: /home/guo/ITL_Auto_aim/install/auto_buff/lib/libauto_buff_data_type.a
[0.108s] -- Up-to-date: /home/guo/ITL_Auto_aim/install/auto_buff/lib/libauto_buff_detect.a
[0.108s] -- Up-to-date: /home/guo/ITL_Auto_aim/install/auto_buff/lib/libauto_buff_solver.a
[0.108s] -- Up-to-date: /home/guo/ITL_Auto_aim/install/auto_buff/lib/libauto_buff_tagret.a
[0.108s] -- Up-to-date: /home/guo/ITL_Auto_aim/install/auto_buff/lib/libauto_buff_aimer.a
[0.108s] -- Up-to-date: /home/guo/ITL_Auto_aim/install/auto_buff/include
[0.108s] -- Up-to-date: /home/guo/ITL_Auto_aim/install/auto_buff/include/buff_type.hpp
[0.108s] -- Up-to-date: /home/guo/ITL_Auto_aim/install/auto_buff/include
[0.108s] -- Up-to-date: /home/guo/ITL_Auto_aim/install/auto_buff/include/buff_detector.hpp
[0.108s] -- Up-to-date: /home/guo/ITL_Auto_aim/install/auto_buff/include/yolo11_buff.hpp
[0.108s] -- Up-to-date: /home/guo/ITL_Auto_aim/install/auto_buff/include
[0.108s] -- Up-to-date: /home/guo/ITL_Auto_aim/install/auto_buff/include/buff_solver.hpp
[0.108s] -- Up-to-date: /home/guo/ITL_Auto_aim/install/auto_buff/include
[0.108s] -- Up-to-date: /home/guo/ITL_Auto_aim/install/auto_buff/include/buff_predict.hpp
[0.108s] -- Up-to-date: /home/guo/ITL_Auto_aim/install/auto_buff/include/buff_target.hpp
[0.108s] -- Up-to-date: /home/guo/ITL_Auto_aim/install/auto_buff/include
[0.109s] -- Up-to-date: /home/guo/ITL_Auto_aim/install/auto_buff/include/buff_aimer.hpp
[0.109s] -- Up-to-date: /home/guo/ITL_Auto_aim/install/auto_buff/share/auto_buff/environment/library_path.sh
[0.109s] -- Up-to-date: /home/guo/ITL_Auto_aim/install/auto_buff/share/auto_buff/environment/library_path.dsv
[0.109s] -- Up-to-date: /home/guo/ITL_Auto_aim/install/auto_buff/share/auto_buff/package.xml
[0.109s] -- Up-to-date: /home/guo/ITL_Auto_aim/install/auto_buff/share/ament_index/resource_index/package_run_dependencies/auto_buff
[0.109s] -- Up-to-date: /home/guo/ITL_Auto_aim/install/auto_buff/share/ament_index/resource_index/parent_prefix_path/auto_buff
[0.109s] -- Up-to-date: /home/guo/ITL_Auto_aim/install/auto_buff/share/auto_buff/environment/ament_prefix_path.sh
[0.109s] -- Up-to-date: /home/guo/ITL_Auto_aim/install/auto_buff/share/auto_buff/environment/ament_prefix_path.dsv
[0.109s] -- Up-to-date: /home/guo/ITL_Auto_aim/install/auto_buff/share/auto_buff/environment/path.sh
[0.109s] -- Up-to-date: /home/guo/ITL_Auto_aim/install/auto_buff/share/auto_buff/environment/path.dsv
[0.109s] -- Up-to-date: /home/guo/ITL_Auto_aim/install/auto_buff/share/auto_buff/local_setup.bash
[0.109s] -- Up-to-date: /home/guo/ITL_Auto_aim/install/auto_buff/share/auto_buff/local_setup.sh
[0.109s] -- Up-to-date: /home/guo/ITL_Auto_aim/install/auto_buff/share/auto_buff/local_setup.zsh
[0.109s] -- Up-to-date: /home/guo/ITL_Auto_aim/install/auto_buff/share/auto_buff/local_setup.dsv
[0.109s] -- Installing: /home/guo/ITL_Auto_aim/install/auto_buff/share/auto_buff/package.dsv
[0.109s] -- Up-to-date: /home/guo/ITL_Auto_aim/install/auto_buff/share/ament_index/resource_index/packages/auto_buff
[0.109s] -- Up-to-date: /home/guo/ITL_Auto_aim/install/auto_buff/share/auto_buff/cmake/auto_buffTargetsExport.cmake
[0.109s] -- Up-to-date: /home/guo/ITL_Auto_aim/install/auto_buff/share/auto_buff/cmake/auto_buffTargetsExport-noconfig.cmake
[0.109s] -- Up-to-date: /home/guo/ITL_Auto_aim/install/auto_buff/share/auto_buff/cmake/ament_cmake_export_include_directories-extras.cmake
[0.110s] -- Up-to-date: /home/guo/ITL_Auto_aim/install/auto_buff/share/auto_buff/cmake/ament_cmake_export_targets-extras.cmake
[0.110s] -- Up-to-date: /home/guo/ITL_Auto_aim/install/auto_buff/share/auto_buff/cmake/ament_cmake_export_dependencies-extras.cmake
[0.110s] -- Up-to-date: /home/guo/ITL_Auto_aim/install/auto_buff/share/auto_buff/cmake/auto_buffConfig.cmake
[0.110s] -- Up-to-date: /home/guo/ITL_Auto_aim/install/auto_buff/share/auto_buff/cmake/auto_buffConfig-version.cmake
[0.110s] -- Up-to-date: /home/guo/ITL_Auto_aim/install/auto_buff/share/auto_buff/package.xml
[0.111s] Invoked command in '/home/guo/ITL_Auto_aim/build/auto_buff' returned '0': AMENT_PREFIX_PATH=/home/guo/ITL_Auto_aim/install/auto_aim:/home/guo/ITL_Auto_aim/install/deveice:/home/guo/ITL_Auto_aim/install/serial:/home/guo/ITL_Auto_aim/install/utils:/home/guo/ITL_Auto_aim/install/autoaim_msgs:${AMENT_PREFIX_PATH} CMAKE_PREFIX_PATH=/home/guo/ITL_Auto_aim/install/auto_aim:/home/guo/ITL_Auto_aim/install/deveice:/home/guo/ITL_Auto_aim/install/serial:/home/guo/ITL_Auto_aim/install/utils:/home/guo/ITL_Auto_aim/install/autoaim_msgs:/opt/ros/rolling LD_LIBRARY_PATH=/home/guo/ITL_Auto_aim/install/auto_aim/lib:/home/guo/ITL_Auto_aim/install/deveice/lib:/home/guo/ITL_Auto_aim/install/serial/lib:/home/guo/ITL_Auto_aim/install/utils/lib:/home/guo/ITL_Auto_aim/install/autoaim_msgs/lib:/usr/lib/x86_64-linux-gnu:/opt/ros/rolling/opt/rviz_ogre_vendor/lib:/opt/ros/rolling/lib/x86_64-linux-gnu:/opt/ros/rolling/lib:/opt/MVS/lib/64:/opt/MVS/lib/32:/usr/local/TensorRT.10.7.0.23/lib:/usr/lib/x86_64-linux-gnu:/usr/local/cuda/lib64:/opt/MVS/lib/64:/opt/MVS/lib/32:/opt/MVS/lib/64:/opt/MVS/lib/32 PYTHONPATH=/home/guo/ITL_Auto_aim/install/autoaim_msgs/lib/python3.10/site-packages:${PYTHONPATH} /usr/local/bin/cmake --install /home/guo/ITL_Auto_aim/build/auto_buff
