/home/guo/ITL_sentry_auto_new/src/core/auto_buff/buff_data_type/src/buff_type.cpp: In constructor ‘auto_buff::PowerRune::PowerRune(std::vector<auto_buff::FanBlade>&, cv::Point2f, std::optional<auto_buff::PowerRune>)’:
/home/guo/ITL_sentry_auto_new/src/core/auto_buff/buff_data_type/src/buff_type.cpp:29:52: warning: comparison of integer expressions of different signedness: ‘std::vector<auto_buff::FanBlade>::size_type’ {aka ‘long unsigned int’} and ‘int’ [-Wsign-compare]
   29 |   else if (last_powerrune.has_value() && ts.size() == last_powerrune.value().light_num) {
      |                                          ~~~~~~~~~~^~~~~~~~~~~~~~~~~~~~~~~~~~~~~~~~~~~
/home/guo/ITL_sentry_auto_new/src/core/auto_buff/buff_data_type/src/buff_type.cpp:88:37: warning: comparison of integer expressions of different signedness: ‘int’ and ‘std::vector<auto_buff::FanBlade>::size_type’ {aka ‘long unsigned int’} [-Wsign-compare]
   88 |   for (int i = 0, j = 0; i < 5 && j < ts.size(); i++) {
      |                                   ~~^~~~~~~~~~~
/home/guo/ITL_sentry_auto_new/src/core/auto_buff/buff_detect/src/yolo11_buff.cpp: In member function ‘std::vector<auto_buff::YOLO11_BUFF::Object> auto_buff::YOLO11_BUFF::get_multicandidateboxes(cv::Mat&)’:
/home/guo/ITL_sentry_auto_new/src/core/auto_buff/buff_detect/src/yolo11_buff.cpp:131:22: warning: unused variable ‘shape’ [-Wunused-variable]
  131 |     const cv::Size & shape = image.size();
      |                      ^~~~~
/home/guo/ITL_sentry_auto_new/src/core/auto_buff/buff_detect/src/yolo11_buff.cpp: In member function ‘std::vector<auto_buff::YOLO11_BUFF::Object> auto_buff::YOLO11_BUFF::get_onecandidatebox(cv::Mat&)’:
/home/guo/ITL_sentry_auto_new/src/core/auto_buff/buff_detect/src/yolo11_buff.cpp:216:22: warning: unused variable ‘shape’ [-Wunused-variable]
  216 |     const cv::Size & shape = image.size();
      |                      ^~~~~
In file included from /home/guo/ITL_sentry_auto_new/src/core/auto_buff/buff_detect/src/buff_detector.cpp:1:
/home/guo/ITL_sentry_auto_new/src/core/auto_buff/buff_detect/include/buff_detector.hpp: In constructor ‘auto_buff::Buff_Detector::Buff_Detector(const string&)’:
/home/guo/ITL_sentry_auto_new/src/core/auto_buff/buff_detect/include/buff_detector.hpp:35:7: warning: ‘auto_buff::Buff_Detector::lose_’ will be initialized after [-Wreorder]
   35 |   int lose_;  // 丢失的次数
      |       ^~~~~
/home/guo/ITL_sentry_auto_new/src/core/auto_buff/buff_detect/include/buff_detector.hpp:33:15: warning:   ‘auto_buff::YOLO11_BUFF auto_buff::Buff_Detector::MODE_’ [-Wreorder]
   33 |   YOLO11_BUFF MODE_;
      |               ^~~~~
/home/guo/ITL_sentry_auto_new/src/core/auto_buff/buff_detect/src/buff_detector.cpp:7:1: warning:   when initialized here [-Wreorder]
    7 | Buff_Detector::Buff_Detector(const std::string & config) : status_(LOSE), lose_(0), MODE_(config) {}
      | ^~~~~~~~~~~~~
