-- The CXX compiler identification is GNU 11.4.0
-- Detecting CXX compiler ABI info
-- Detecting CXX compiler ABI info - done
-- Check for working CXX compiler: /usr/bin/c++ - skipped
-- Detecting CXX compile features
-- Detecting CXX compile features - done
-- Found ament_cmake: 2.3.2 (/opt/ros/rolling/share/ament_cmake/cmake)
-- Found Python3: /usr/bin/python3.10 (found version "3.10.12") found components: Interpreter 
-- Found OpenCV: /usr (found version "4.5.4") 
-- Performing Test CMAKE_HAVE_LIBC_PTHREAD
-- Performing Test CMAKE_HAVE_LIBC_PTHREAD - Success
-- Found Threads: TRUE  
-- Found utils: 1.0.0 (/home/guo/ITL_sentry_auto_new/install/utils/share/utils/cmake)
-- Found rosidl_generator_c: 4.5.1 (/opt/ros/rolling/share/rosidl_generator_c/cmake)
-- Found rosidl_generator_cpp: 4.5.1 (/opt/ros/rolling/share/rosidl_generator_cpp/cmake)
-- Using all available rosidl_typesupport_c: rosidl_typesupport_fastrtps_c;rosidl_typesupport_introspection_c
-- Using all available rosidl_typesupport_cpp: rosidl_typesupport_fastrtps_cpp;rosidl_typesupport_introspection_cpp
-- Found rmw_implementation_cmake: 7.3.0 (/opt/ros/rolling/share/rmw_implementation_cmake/cmake)
-- Found rmw_fastrtps_cpp: 8.2.0 (/opt/ros/rolling/share/rmw_fastrtps_cpp/cmake)
-- Found OpenSSL: /usr/lib/x86_64-linux-gnu/libcrypto.so (found version "3.0.2")  
-- Found FastRTPS: /opt/ros/rolling/include  
-- Using RMW implementation 'rmw_fastrtps_cpp' as default
-- Configuring done (1.5s)
-- Generating done (0.0s)
-- Build files have been written to: /home/guo/ITL_sentry_auto_new/build/auto_buff
[ 14%] Building CXX object CMakeFiles/auto_buff_data_type.dir/buff_data_type/src/buff_type.cpp.o
/home/guo/ITL_sentry_auto_new/src/core/auto_buff/buff_data_type/src/buff_type.cpp: In constructor ‘auto_buff::PowerRune::PowerRune(std::vector<auto_buff::FanBlade>&, cv::Point2f, std::optional<auto_buff::PowerRune>)’:
/home/guo/ITL_sentry_auto_new/src/core/auto_buff/buff_data_type/src/buff_type.cpp:29:52: warning: comparison of integer expressions of different signedness: ‘std::vector<auto_buff::FanBlade>::size_type’ {aka ‘long unsigned int’} and ‘int’ [-Wsign-compare]
   29 |   else if (last_powerrune.has_value() && ts.size() == last_powerrune.value().light_num) {
      |                                          ~~~~~~~~~~^~~~~~~~~~~~~~~~~~~~~~~~~~~~~~~~~~~
/home/guo/ITL_sentry_auto_new/src/core/auto_buff/buff_data_type/src/buff_type.cpp:88:37: warning: comparison of integer expressions of different signedness: ‘int’ and ‘std::vector<auto_buff::FanBlade>::size_type’ {aka ‘long unsigned int’} [-Wsign-compare]
   88 |   for (int i = 0, j = 0; i < 5 && j < ts.size(); i++) {
      |                                   ~~^~~~~~~~~~~
[ 28%] Linking CXX static library libauto_buff_data_type.a
[ 28%] Built target auto_buff_data_type
[ 42%] Building CXX object CMakeFiles/auto_buff_detect.dir/buff_detect/src/buff_detector.cpp.o
[ 57%] Building CXX object CMakeFiles/auto_buff_detect.dir/buff_detect/src/yolo11_buff.cpp.o
/home/guo/ITL_sentry_auto_new/src/core/auto_buff/buff_detect/src/yolo11_buff.cpp: In member function ‘std::vector<auto_buff::YOLO11_BUFF::Object> auto_buff::YOLO11_BUFF::get_multicandidateboxes(cv::Mat&)’:
/home/guo/ITL_sentry_auto_new/src/core/auto_buff/buff_detect/src/yolo11_buff.cpp:131:22: warning: unused variable ‘shape’ [-Wunused-variable]
  131 |     const cv::Size & shape = image.size();
      |                      ^~~~~
/home/guo/ITL_sentry_auto_new/src/core/auto_buff/buff_detect/src/yolo11_buff.cpp: In member function ‘std::vector<auto_buff::YOLO11_BUFF::Object> auto_buff::YOLO11_BUFF::get_onecandidatebox(cv::Mat&)’:
/home/guo/ITL_sentry_auto_new/src/core/auto_buff/buff_detect/src/yolo11_buff.cpp:216:22: warning: unused variable ‘shape’ [-Wunused-variable]
  216 |     const cv::Size & shape = image.size();
      |                      ^~~~~
In file included from /home/guo/ITL_sentry_auto_new/src/core/auto_buff/buff_detect/src/buff_detector.cpp:1:
/home/guo/ITL_sentry_auto_new/src/core/auto_buff/buff_detect/include/buff_detector.hpp: In constructor ‘auto_buff::Buff_Detector::Buff_Detector(const string&)’:
/home/guo/ITL_sentry_auto_new/src/core/auto_buff/buff_detect/include/buff_detector.hpp:35:7: warning: ‘auto_buff::Buff_Detector::lose_’ will be initialized after [-Wreorder]
   35 |   int lose_;  // 丢失的次数
      |       ^~~~~
/home/guo/ITL_sentry_auto_new/src/core/auto_buff/buff_detect/include/buff_detector.hpp:33:15: warning:   ‘auto_buff::YOLO11_BUFF auto_buff::Buff_Detector::MODE_’ [-Wreorder]
   33 |   YOLO11_BUFF MODE_;
      |               ^~~~~
/home/guo/ITL_sentry_auto_new/src/core/auto_buff/buff_detect/src/buff_detector.cpp:7:1: warning:   when initialized here [-Wreorder]
    7 | Buff_Detector::Buff_Detector(const std::string & config) : status_(LOSE), lose_(0), MODE_(config) {}
      | ^~~~~~~~~~~~~
[ 71%] Linking CXX static library libauto_buff_detect.a
[ 71%] Built target auto_buff_detect
[ 85%] Building CXX object CMakeFiles/auto_buff.dir/auto_buff_force_link.cpp.o
[100%] Linking CXX shared library libauto_buff.so
[100%] Built target auto_buff
-- Install configuration: ""
-- Installing: /home/guo/ITL_sentry_auto_new/install/auto_buff/lib/libauto_buff.so
-- Set non-toolchain portion of runtime path of "/home/guo/ITL_sentry_auto_new/install/auto_buff/lib/libauto_buff.so" to ""
-- Installing: /home/guo/ITL_sentry_auto_new/install/auto_buff/lib/libauto_buff_data_type.a
-- Installing: /home/guo/ITL_sentry_auto_new/install/auto_buff/lib/libauto_buff_detect.a
-- Installing: /home/guo/ITL_sentry_auto_new/install/auto_buff/include
-- Installing: /home/guo/ITL_sentry_auto_new/install/auto_buff/include/buff_type.hpp
-- Up-to-date: /home/guo/ITL_sentry_auto_new/install/auto_buff/include
-- Installing: /home/guo/ITL_sentry_auto_new/install/auto_buff/include/buff_detector.hpp
-- Installing: /home/guo/ITL_sentry_auto_new/install/auto_buff/include/yolo11_buff.hpp
-- Installing: /home/guo/ITL_sentry_auto_new/install/auto_buff/share/auto_buff/environment/library_path.sh
-- Installing: /home/guo/ITL_sentry_auto_new/install/auto_buff/share/auto_buff/environment/library_path.dsv
-- Installing: /home/guo/ITL_sentry_auto_new/install/auto_buff/share/auto_buff/package.xml
-- Installing: /home/guo/ITL_sentry_auto_new/install/auto_buff/share/ament_index/resource_index/package_run_dependencies/auto_buff
-- Installing: /home/guo/ITL_sentry_auto_new/install/auto_buff/share/ament_index/resource_index/parent_prefix_path/auto_buff
-- Installing: /home/guo/ITL_sentry_auto_new/install/auto_buff/share/auto_buff/environment/ament_prefix_path.sh
-- Installing: /home/guo/ITL_sentry_auto_new/install/auto_buff/share/auto_buff/environment/ament_prefix_path.dsv
-- Installing: /home/guo/ITL_sentry_auto_new/install/auto_buff/share/auto_buff/environment/path.sh
-- Installing: /home/guo/ITL_sentry_auto_new/install/auto_buff/share/auto_buff/environment/path.dsv
-- Installing: /home/guo/ITL_sentry_auto_new/install/auto_buff/share/auto_buff/local_setup.bash
-- Installing: /home/guo/ITL_sentry_auto_new/install/auto_buff/share/auto_buff/local_setup.sh
-- Installing: /home/guo/ITL_sentry_auto_new/install/auto_buff/share/auto_buff/local_setup.zsh
-- Installing: /home/guo/ITL_sentry_auto_new/install/auto_buff/share/auto_buff/local_setup.dsv
-- Installing: /home/guo/ITL_sentry_auto_new/install/auto_buff/share/auto_buff/package.dsv
-- Installing: /home/guo/ITL_sentry_auto_new/install/auto_buff/share/ament_index/resource_index/packages/auto_buff
-- Installing: /home/guo/ITL_sentry_auto_new/install/auto_buff/share/auto_buff/cmake/auto_buffTargetsExport.cmake
-- Installing: /home/guo/ITL_sentry_auto_new/install/auto_buff/share/auto_buff/cmake/auto_buffTargetsExport-noconfig.cmake
-- Installing: /home/guo/ITL_sentry_auto_new/install/auto_buff/share/auto_buff/cmake/ament_cmake_export_include_directories-extras.cmake
-- Installing: /home/guo/ITL_sentry_auto_new/install/auto_buff/share/auto_buff/cmake/ament_cmake_export_targets-extras.cmake
-- Installing: /home/guo/ITL_sentry_auto_new/install/auto_buff/share/auto_buff/cmake/ament_cmake_export_dependencies-extras.cmake
-- Installing: /home/guo/ITL_sentry_auto_new/install/auto_buff/share/auto_buff/cmake/auto_buffConfig.cmake
-- Installing: /home/guo/ITL_sentry_auto_new/install/auto_buff/share/auto_buff/cmake/auto_buffConfig-version.cmake
-- Up-to-date: /home/guo/ITL_sentry_auto_new/install/auto_buff/share/auto_buff/package.xml
