[0.009s] Invoking command in '/home/guo/ITL_sentry_auto_new/build/auto_buff': AMENT_PREFIX_PATH=/home/guo/ITL_sentry_auto_new/install/utils:${AMENT_PREFIX_PATH} CMAKE_PREFIX_PATH=/home/guo/ITL_sentry_auto_new/install/utils:/opt/ros/rolling LD_LIBRARY_PATH=/home/guo/ITL_sentry_auto_new/install/utils/lib:${LD_LIBRARY_PATH} /usr/local/bin/cmake /home/guo/ITL_sentry_auto_new/src/core/auto_buff -DCMAKE_INSTALL_PREFIX=/home/guo/ITL_sentry_auto_new/install/auto_buff
[0.099s] -- The CXX compiler identification is GNU 11.4.0
[0.118s] -- Detecting CXX compiler ABI info
[0.213s] -- Detecting CXX compiler ABI info - done
[0.226s] -- Check for working CXX compiler: /usr/bin/c++ - skipped
[0.226s] -- Detecting CXX compile features
[0.227s] -- Detecting CXX compile features - done
[0.238s] -- Found ament_cmake: 2.3.2 (/opt/ros/rolling/share/ament_cmake/cmake)
[0.671s] -- Found Python3: /usr/bin/python3.10 (found version "3.10.12") found components: Interpreter 
[0.752s] -- Found OpenCV: /usr (found version "4.5.4") 
[0.756s] -- Performing Test CMAKE_HAVE_LIBC_PTHREAD
[0.836s] -- Performing Test CMAKE_HAVE_LIBC_PTHREAD - Success
[0.837s] -- Found Threads: TRUE  
[0.846s] -- Found utils: 1.0.0 (/home/guo/ITL_sentry_auto_new/install/utils/share/utils/cmake)
[0.905s] -- Found rosidl_generator_c: 4.5.1 (/opt/ros/rolling/share/rosidl_generator_c/cmake)
[0.917s] -- Found rosidl_generator_cpp: 4.5.1 (/opt/ros/rolling/share/rosidl_generator_cpp/cmake)
[0.935s] -- Using all available rosidl_typesupport_c: rosidl_typesupport_fastrtps_c;rosidl_typesupport_introspection_c
[0.954s] -- Using all available rosidl_typesupport_cpp: rosidl_typesupport_fastrtps_cpp;rosidl_typesupport_introspection_cpp
[1.112s] -- Found rmw_implementation_cmake: 7.3.0 (/opt/ros/rolling/share/rmw_implementation_cmake/cmake)
[1.115s] -- Found rmw_fastrtps_cpp: 8.2.0 (/opt/ros/rolling/share/rmw_fastrtps_cpp/cmake)
[1.215s] -- Found OpenSSL: /usr/lib/x86_64-linux-gnu/libcrypto.so (found version "3.0.2")  
[1.239s] -- Found FastRTPS: /opt/ros/rolling/include  
[1.275s] -- Using RMW implementation 'rmw_fastrtps_cpp' as default
[1.542s] -- Configuring done (1.5s)
[1.560s] -- Generating done (0.0s)
[1.564s] -- Build files have been written to: /home/guo/ITL_sentry_auto_new/build/auto_buff
[1.570s] Invoked command in '/home/guo/ITL_sentry_auto_new/build/auto_buff' returned '0': AMENT_PREFIX_PATH=/home/guo/ITL_sentry_auto_new/install/utils:${AMENT_PREFIX_PATH} CMAKE_PREFIX_PATH=/home/guo/ITL_sentry_auto_new/install/utils:/opt/ros/rolling LD_LIBRARY_PATH=/home/guo/ITL_sentry_auto_new/install/utils/lib:${LD_LIBRARY_PATH} /usr/local/bin/cmake /home/guo/ITL_sentry_auto_new/src/core/auto_buff -DCMAKE_INSTALL_PREFIX=/home/guo/ITL_sentry_auto_new/install/auto_buff
[1.570s] Invoking command in '/home/guo/ITL_sentry_auto_new/build/auto_buff': AMENT_PREFIX_PATH=/home/guo/ITL_sentry_auto_new/install/utils:${AMENT_PREFIX_PATH} CMAKE_PREFIX_PATH=/home/guo/ITL_sentry_auto_new/install/utils:/opt/ros/rolling LD_LIBRARY_PATH=/home/guo/ITL_sentry_auto_new/install/utils/lib:${LD_LIBRARY_PATH} /usr/local/bin/cmake --build /home/guo/ITL_sentry_auto_new/build/auto_buff -- -j24 -l24
[1.590s] [ 14%] Building CXX object CMakeFiles/auto_buff_data_type.dir/buff_data_type/src/buff_type.cpp.o
[3.119s] /home/guo/ITL_sentry_auto_new/src/core/auto_buff/buff_data_type/src/buff_type.cpp: In constructor ‘auto_buff::PowerRune::PowerRune(std::vector<auto_buff::FanBlade>&, cv::Point2f, std::optional<auto_buff::PowerRune>)’:
[3.119s] /home/guo/ITL_sentry_auto_new/src/core/auto_buff/buff_data_type/src/buff_type.cpp:29:52: warning: comparison of integer expressions of different signedness: ‘std::vector<auto_buff::FanBlade>::size_type’ {aka ‘long unsigned int’} and ‘int’ [-Wsign-compare]
[3.119s]    29 |   else if (last_powerrune.has_value() && ts.size() == last_powerrune.value().light_num) {
[3.119s]       |                                          ~~~~~~~~~~^~~~~~~~~~~~~~~~~~~~~~~~~~~~~~~~~~~
[3.121s] /home/guo/ITL_sentry_auto_new/src/core/auto_buff/buff_data_type/src/buff_type.cpp:88:37: warning: comparison of integer expressions of different signedness: ‘int’ and ‘std::vector<auto_buff::FanBlade>::size_type’ {aka ‘long unsigned int’} [-Wsign-compare]
[3.121s]    88 |   for (int i = 0, j = 0; i < 5 && j < ts.size(); i++) {
[3.121s]       |                                   ~~^~~~~~~~~~~
[6.100s] [ 28%] Linking CXX static library libauto_buff_data_type.a
[6.155s] [ 28%] Built target auto_buff_data_type
[6.163s] [ 42%] Building CXX object CMakeFiles/auto_buff_detect.dir/buff_detect/src/buff_detector.cpp.o
[6.164s] [ 57%] Building CXX object CMakeFiles/auto_buff_detect.dir/buff_detect/src/yolo11_buff.cpp.o
[7.649s] /home/guo/ITL_sentry_auto_new/src/core/auto_buff/buff_detect/src/yolo11_buff.cpp: In member function ‘std::vector<auto_buff::YOLO11_BUFF::Object> auto_buff::YOLO11_BUFF::get_multicandidateboxes(cv::Mat&)’:
[7.650s] /home/guo/ITL_sentry_auto_new/src/core/auto_buff/buff_detect/src/yolo11_buff.cpp:131:22: warning: unused variable ‘shape’ [-Wunused-variable]
[7.650s]   131 |     const cv::Size & shape = image.size();
[7.650s]       |                      ^~~~~
[7.651s] /home/guo/ITL_sentry_auto_new/src/core/auto_buff/buff_detect/src/yolo11_buff.cpp: In member function ‘std::vector<auto_buff::YOLO11_BUFF::Object> auto_buff::YOLO11_BUFF::get_onecandidatebox(cv::Mat&)’:
[7.651s] /home/guo/ITL_sentry_auto_new/src/core/auto_buff/buff_detect/src/yolo11_buff.cpp:216:22: warning: unused variable ‘shape’ [-Wunused-variable]
[7.651s]   216 |     const cv::Size & shape = image.size();
[7.651s]       |                      ^~~~~
[8.142s] In file included from /home/guo/ITL_sentry_auto_new/src/core/auto_buff/buff_detect/src/buff_detector.cpp:1:
[8.142s] /home/guo/ITL_sentry_auto_new/src/core/auto_buff/buff_detect/include/buff_detector.hpp: In constructor ‘auto_buff::Buff_Detector::Buff_Detector(const string&)’:
[8.142s] /home/guo/ITL_sentry_auto_new/src/core/auto_buff/buff_detect/include/buff_detector.hpp:35:7: warning: ‘auto_buff::Buff_Detector::lose_’ will be initialized after [-Wreorder]
[8.142s]    35 |   int lose_;  // 丢失的次数
[8.142s]       |       ^~~~~
[8.142s] /home/guo/ITL_sentry_auto_new/src/core/auto_buff/buff_detect/include/buff_detector.hpp:33:15: warning:   ‘auto_buff::YOLO11_BUFF auto_buff::Buff_Detector::MODE_’ [-Wreorder]
[8.142s]    33 |   YOLO11_BUFF MODE_;
[8.143s]       |               ^~~~~
[8.143s] /home/guo/ITL_sentry_auto_new/src/core/auto_buff/buff_detect/src/buff_detector.cpp:7:1: warning:   when initialized here [-Wreorder]
[8.143s]     7 | Buff_Detector::Buff_Detector(const std::string & config) : status_(LOSE), lose_(0), MODE_(config) {}
[8.143s]       | ^~~~~~~~~~~~~
[11.311s] [ 71%] Linking CXX static library libauto_buff_detect.a
[11.407s] [ 71%] Built target auto_buff_detect
[11.415s] [ 85%] Building CXX object CMakeFiles/auto_buff.dir/auto_buff_force_link.cpp.o
[11.434s] [100%] Linking CXX shared library libauto_buff.so
[11.907s] [100%] Built target auto_buff
[11.911s] Invoked command in '/home/guo/ITL_sentry_auto_new/build/auto_buff' returned '0': AMENT_PREFIX_PATH=/home/guo/ITL_sentry_auto_new/install/utils:${AMENT_PREFIX_PATH} CMAKE_PREFIX_PATH=/home/guo/ITL_sentry_auto_new/install/utils:/opt/ros/rolling LD_LIBRARY_PATH=/home/guo/ITL_sentry_auto_new/install/utils/lib:${LD_LIBRARY_PATH} /usr/local/bin/cmake --build /home/guo/ITL_sentry_auto_new/build/auto_buff -- -j24 -l24
[11.915s] Invoking command in '/home/guo/ITL_sentry_auto_new/build/auto_buff': AMENT_PREFIX_PATH=/home/guo/ITL_sentry_auto_new/install/utils:${AMENT_PREFIX_PATH} CMAKE_PREFIX_PATH=/home/guo/ITL_sentry_auto_new/install/utils:/opt/ros/rolling LD_LIBRARY_PATH=/home/guo/ITL_sentry_auto_new/install/utils/lib:${LD_LIBRARY_PATH} /usr/local/bin/cmake --install /home/guo/ITL_sentry_auto_new/build/auto_buff
[11.916s] -- Install configuration: ""
[11.917s] -- Installing: /home/guo/ITL_sentry_auto_new/install/auto_buff/lib/libauto_buff.so
[11.920s] -- Set non-toolchain portion of runtime path of "/home/guo/ITL_sentry_auto_new/install/auto_buff/lib/libauto_buff.so" to ""
[11.920s] -- Installing: /home/guo/ITL_sentry_auto_new/install/auto_buff/lib/libauto_buff_data_type.a
[11.923s] -- Installing: /home/guo/ITL_sentry_auto_new/install/auto_buff/lib/libauto_buff_detect.a
[11.930s] -- Installing: /home/guo/ITL_sentry_auto_new/install/auto_buff/include
[11.930s] -- Installing: /home/guo/ITL_sentry_auto_new/install/auto_buff/include/buff_type.hpp
[11.930s] -- Up-to-date: /home/guo/ITL_sentry_auto_new/install/auto_buff/include
[11.930s] -- Installing: /home/guo/ITL_sentry_auto_new/install/auto_buff/include/buff_detector.hpp
[11.930s] -- Installing: /home/guo/ITL_sentry_auto_new/install/auto_buff/include/yolo11_buff.hpp
[11.931s] -- Installing: /home/guo/ITL_sentry_auto_new/install/auto_buff/share/auto_buff/environment/library_path.sh
[11.931s] -- Installing: /home/guo/ITL_sentry_auto_new/install/auto_buff/share/auto_buff/environment/library_path.dsv
[11.931s] -- Installing: /home/guo/ITL_sentry_auto_new/install/auto_buff/share/auto_buff/package.xml
[11.931s] -- Installing: /home/guo/ITL_sentry_auto_new/install/auto_buff/share/ament_index/resource_index/package_run_dependencies/auto_buff
[11.931s] -- Installing: /home/guo/ITL_sentry_auto_new/install/auto_buff/share/ament_index/resource_index/parent_prefix_path/auto_buff
[11.931s] -- Installing: /home/guo/ITL_sentry_auto_new/install/auto_buff/share/auto_buff/environment/ament_prefix_path.sh
[11.931s] -- Installing: /home/guo/ITL_sentry_auto_new/install/auto_buff/share/auto_buff/environment/ament_prefix_path.dsv
[11.931s] -- Installing: /home/guo/ITL_sentry_auto_new/install/auto_buff/share/auto_buff/environment/path.sh
[11.931s] -- Installing: /home/guo/ITL_sentry_auto_new/install/auto_buff/share/auto_buff/environment/path.dsv
[11.931s] -- Installing: /home/guo/ITL_sentry_auto_new/install/auto_buff/share/auto_buff/local_setup.bash
[11.931s] -- Installing: /home/guo/ITL_sentry_auto_new/install/auto_buff/share/auto_buff/local_setup.sh
[11.931s] -- Installing: /home/guo/ITL_sentry_auto_new/install/auto_buff/share/auto_buff/local_setup.zsh
[11.931s] -- Installing: /home/guo/ITL_sentry_auto_new/install/auto_buff/share/auto_buff/local_setup.dsv
[11.931s] -- Installing: /home/guo/ITL_sentry_auto_new/install/auto_buff/share/auto_buff/package.dsv
[11.931s] -- Installing: /home/guo/ITL_sentry_auto_new/install/auto_buff/share/ament_index/resource_index/packages/auto_buff
[11.931s] -- Installing: /home/guo/ITL_sentry_auto_new/install/auto_buff/share/auto_buff/cmake/auto_buffTargetsExport.cmake
[11.931s] -- Installing: /home/guo/ITL_sentry_auto_new/install/auto_buff/share/auto_buff/cmake/auto_buffTargetsExport-noconfig.cmake
[11.931s] -- Installing: /home/guo/ITL_sentry_auto_new/install/auto_buff/share/auto_buff/cmake/ament_cmake_export_include_directories-extras.cmake
[11.931s] -- Installing: /home/guo/ITL_sentry_auto_new/install/auto_buff/share/auto_buff/cmake/ament_cmake_export_targets-extras.cmake
[11.931s] -- Installing: /home/guo/ITL_sentry_auto_new/install/auto_buff/share/auto_buff/cmake/ament_cmake_export_dependencies-extras.cmake
[11.931s] -- Installing: /home/guo/ITL_sentry_auto_new/install/auto_buff/share/auto_buff/cmake/auto_buffConfig.cmake
[11.931s] -- Installing: /home/guo/ITL_sentry_auto_new/install/auto_buff/share/auto_buff/cmake/auto_buffConfig-version.cmake
[11.931s] -- Up-to-date: /home/guo/ITL_sentry_auto_new/install/auto_buff/share/auto_buff/package.xml
[30.020s] Invoked command in '/home/guo/ITL_sentry_auto_new/build/auto_buff' returned '0': AMENT_PREFIX_PATH=/home/guo/ITL_sentry_auto_new/install/utils:${AMENT_PREFIX_PATH} CMAKE_PREFIX_PATH=/home/guo/ITL_sentry_auto_new/install/utils:/opt/ros/rolling LD_LIBRARY_PATH=/home/guo/ITL_sentry_auto_new/install/utils/lib:${LD_LIBRARY_PATH} /usr/local/bin/cmake --install /home/guo/ITL_sentry_auto_new/build/auto_buff
