[0.109s] colcon DEBUG Command line arguments: ['/usr/bin/colcon', 'list', '-p', '--base-paths', '/home/guo/ITL_sentry_auto']
[0.110s] colcon DEBUG Parsed command line arguments: Namespace(log_base=None, log_level=None, verb_name='list', build_base='build', ignore_user_meta=False, metas=['./colcon.meta'], base_paths=['/home/guo/ITL_sentry_auto'], packages_ignore=None, packages_ignore_regex=None, paths=None, packages_up_to=None, packages_up_to_regex=None, packages_above=None, packages_above_and_dependencies=None, packages_above_depth=None, packages_select_by_dep=None, packages_skip_by_dep=None, packages_skip_up_to=None, packages_select_build_failed=False, packages_skip_build_finished=False, packages_select_test_failures=False, packages_skip_test_passed=False, packages_select=None, packages_skip=None, packages_select_regex=None, packages_skip_regex=None, packages_start=None, packages_end=None, allow_overriding=[], topological_order=False, names_only=False, paths_only=True, topological_graph=False, topological_graph_dot=False, topological_graph_density=False, topological_graph_legend=False, topological_graph_dot_cluster=False, topological_graph_dot_include_skipped=False, verb_parser=<colcon_defaults.argument_parser.defaults.DefaultArgumentsDecorator object at 0x759f98802740>, verb_extension=<colcon_package_information.verb.list.ListVerb object at 0x759f988018d0>, main=<bound method ListVerb.main of <colcon_package_information.verb.list.ListVerb object at 0x759f988018d0>>)
[0.270s] colcon.colcon_core.package_discovery Level 1 discover_packages(colcon_meta) check parameters
[0.270s] colcon.colcon_core.package_discovery Level 1 discover_packages(recursive) check parameters
[0.271s] colcon.colcon_core.package_discovery Level 1 discover_packages(ignore) check parameters
[0.271s] colcon.colcon_core.package_discovery Level 1 discover_packages(path) check parameters
[0.271s] colcon.colcon_core.package_discovery Level 1 discover_packages(recursive) discover
[0.271s] colcon.colcon_core.package_discovery INFO Crawling recursively for packages in '/home/guo/ITL_sentry_auto'
[0.271s] colcon.colcon_core.package_identification Level 1 _identify(/home/guo/ITL_sentry_auto) by extensions ['ignore', 'ignore_ament_install']
[0.271s] colcon.colcon_core.package_identification Level 1 _identify(/home/guo/ITL_sentry_auto) by extension 'ignore'
[0.271s] colcon.colcon_core.package_identification Level 1 _identify(/home/guo/ITL_sentry_auto) by extension 'ignore_ament_install'
[0.271s] colcon.colcon_core.package_identification Level 1 _identify(/home/guo/ITL_sentry_auto) by extensions ['colcon_pkg']
[0.271s] colcon.colcon_core.package_identification Level 1 _identify(/home/guo/ITL_sentry_auto) by extension 'colcon_pkg'
[0.271s] colcon.colcon_core.package_identification Level 1 _identify(/home/guo/ITL_sentry_auto) by extensions ['colcon_meta']
[0.271s] colcon.colcon_core.package_identification Level 1 _identify(/home/guo/ITL_sentry_auto) by extension 'colcon_meta'
[0.271s] colcon.colcon_core.package_identification Level 1 _identify(/home/guo/ITL_sentry_auto) by extensions ['ros']
[0.271s] colcon.colcon_core.package_identification Level 1 _identify(/home/guo/ITL_sentry_auto) by extension 'ros'
[0.281s] colcon.colcon_core.package_identification Level 1 _identify(/home/guo/ITL_sentry_auto) by extensions ['cmake', 'python']
[0.281s] colcon.colcon_core.package_identification Level 1 _identify(/home/guo/ITL_sentry_auto) by extension 'cmake'
[0.282s] colcon.colcon_core.package_identification Level 1 _identify(/home/guo/ITL_sentry_auto) by extension 'python'
[0.282s] colcon.colcon_core.package_identification Level 1 _identify(/home/guo/ITL_sentry_auto) by extensions ['python_setup_py']
[0.282s] colcon.colcon_core.package_identification Level 1 _identify(/home/guo/ITL_sentry_auto) by extension 'python_setup_py'
[0.282s] colcon.colcon_core.package_identification Level 1 _identify(/home/guo/ITL_sentry_auto/build) by extensions ['ignore', 'ignore_ament_install']
[0.282s] colcon.colcon_core.package_identification Level 1 _identify(/home/guo/ITL_sentry_auto/build) by extension 'ignore'
[0.282s] colcon.colcon_core.package_identification Level 1 _identify(/home/guo/ITL_sentry_auto/build) ignored
[0.282s] colcon.colcon_core.package_identification Level 1 _identify(/home/guo/ITL_sentry_auto/install) by extensions ['ignore', 'ignore_ament_install']
[0.282s] colcon.colcon_core.package_identification Level 1 _identify(/home/guo/ITL_sentry_auto/install) by extension 'ignore'
[0.282s] colcon.colcon_core.package_identification Level 1 _identify(/home/guo/ITL_sentry_auto/install) ignored
[0.282s] colcon.colcon_core.package_identification Level 1 _identify(/home/guo/ITL_sentry_auto/log) by extensions ['ignore', 'ignore_ament_install']
[0.282s] colcon.colcon_core.package_identification Level 1 _identify(/home/guo/ITL_sentry_auto/log) by extension 'ignore'
[0.282s] colcon.colcon_core.package_identification Level 1 _identify(/home/guo/ITL_sentry_auto/log) ignored
[0.282s] colcon.colcon_core.package_identification Level 1 _identify(/home/guo/ITL_sentry_auto/src) by extensions ['ignore', 'ignore_ament_install']
[0.282s] colcon.colcon_core.package_identification Level 1 _identify(/home/guo/ITL_sentry_auto/src) by extension 'ignore'
[0.282s] colcon.colcon_core.package_identification Level 1 _identify(/home/guo/ITL_sentry_auto/src) by extension 'ignore_ament_install'
[0.282s] colcon.colcon_core.package_identification Level 1 _identify(/home/guo/ITL_sentry_auto/src) by extensions ['colcon_pkg']
[0.282s] colcon.colcon_core.package_identification Level 1 _identify(/home/guo/ITL_sentry_auto/src) by extension 'colcon_pkg'
[0.283s] colcon.colcon_core.package_identification Level 1 _identify(/home/guo/ITL_sentry_auto/src) by extensions ['colcon_meta']
[0.283s] colcon.colcon_core.package_identification Level 1 _identify(/home/guo/ITL_sentry_auto/src) by extension 'colcon_meta'
[0.283s] colcon.colcon_core.package_identification Level 1 _identify(/home/guo/ITL_sentry_auto/src) by extensions ['ros']
[0.283s] colcon.colcon_core.package_identification Level 1 _identify(/home/guo/ITL_sentry_auto/src) by extension 'ros'
[0.283s] colcon.colcon_core.package_identification Level 1 _identify(/home/guo/ITL_sentry_auto/src) by extensions ['cmake', 'python']
[0.283s] colcon.colcon_core.package_identification Level 1 _identify(/home/guo/ITL_sentry_auto/src) by extension 'cmake'
[0.283s] colcon.colcon_core.package_identification Level 1 _identify(/home/guo/ITL_sentry_auto/src) by extension 'python'
[0.283s] colcon.colcon_core.package_identification Level 1 _identify(/home/guo/ITL_sentry_auto/src) by extensions ['python_setup_py']
[0.283s] colcon.colcon_core.package_identification Level 1 _identify(/home/guo/ITL_sentry_auto/src) by extension 'python_setup_py'
[0.283s] colcon.colcon_core.package_identification Level 1 _identify(/home/guo/ITL_sentry_auto/src/anlesover) by extensions ['ignore', 'ignore_ament_install']
[0.283s] colcon.colcon_core.package_identification Level 1 _identify(/home/guo/ITL_sentry_auto/src/anlesover) by extension 'ignore'
[0.283s] colcon.colcon_core.package_identification Level 1 _identify(/home/guo/ITL_sentry_auto/src/anlesover) by extension 'ignore_ament_install'
[0.283s] colcon.colcon_core.package_identification Level 1 _identify(/home/guo/ITL_sentry_auto/src/anlesover) by extensions ['colcon_pkg']
[0.283s] colcon.colcon_core.package_identification Level 1 _identify(/home/guo/ITL_sentry_auto/src/anlesover) by extension 'colcon_pkg'
[0.283s] colcon.colcon_core.package_identification Level 1 _identify(/home/guo/ITL_sentry_auto/src/anlesover) by extensions ['colcon_meta']
[0.283s] colcon.colcon_core.package_identification Level 1 _identify(/home/guo/ITL_sentry_auto/src/anlesover) by extension 'colcon_meta'
[0.283s] colcon.colcon_core.package_identification Level 1 _identify(/home/guo/ITL_sentry_auto/src/anlesover) by extensions ['ros']
[0.283s] colcon.colcon_core.package_identification Level 1 _identify(/home/guo/ITL_sentry_auto/src/anlesover) by extension 'ros'
[0.293s] colcon.colcon_core.package_identification DEBUG Package '/home/guo/ITL_sentry_auto/src/anlesover' with type 'ros.ament_cmake' and name 'anlesover'
[0.293s] colcon.colcon_core.package_identification Level 1 _identify(/home/guo/ITL_sentry_auto/src/launch) by extensions ['ignore', 'ignore_ament_install']
[0.293s] colcon.colcon_core.package_identification Level 1 _identify(/home/guo/ITL_sentry_auto/src/launch) by extension 'ignore'
[0.293s] colcon.colcon_core.package_identification Level 1 _identify(/home/guo/ITL_sentry_auto/src/launch) by extension 'ignore_ament_install'
[0.293s] colcon.colcon_core.package_identification Level 1 _identify(/home/guo/ITL_sentry_auto/src/launch) by extensions ['colcon_pkg']
[0.293s] colcon.colcon_core.package_identification Level 1 _identify(/home/guo/ITL_sentry_auto/src/launch) by extension 'colcon_pkg'
[0.293s] colcon.colcon_core.package_identification Level 1 _identify(/home/guo/ITL_sentry_auto/src/launch) by extensions ['colcon_meta']
[0.293s] colcon.colcon_core.package_identification Level 1 _identify(/home/guo/ITL_sentry_auto/src/launch) by extension 'colcon_meta'
[0.293s] colcon.colcon_core.package_identification Level 1 _identify(/home/guo/ITL_sentry_auto/src/launch) by extensions ['ros']
[0.293s] colcon.colcon_core.package_identification Level 1 _identify(/home/guo/ITL_sentry_auto/src/launch) by extension 'ros'
[0.294s] colcon.colcon_core.package_identification DEBUG Package '/home/guo/ITL_sentry_auto/src/launch' with type 'ros.ament_cmake' and name 'launch_node'
[0.294s] colcon.colcon_core.package_identification Level 1 _identify(/home/guo/ITL_sentry_auto/src/pkg02_helloworld_py) by extensions ['ignore', 'ignore_ament_install']
[0.294s] colcon.colcon_core.package_identification Level 1 _identify(/home/guo/ITL_sentry_auto/src/pkg02_helloworld_py) by extension 'ignore'
[0.294s] colcon.colcon_core.package_identification Level 1 _identify(/home/guo/ITL_sentry_auto/src/pkg02_helloworld_py) by extension 'ignore_ament_install'
[0.294s] colcon.colcon_core.package_identification Level 1 _identify(/home/guo/ITL_sentry_auto/src/pkg02_helloworld_py) by extensions ['colcon_pkg']
[0.294s] colcon.colcon_core.package_identification Level 1 _identify(/home/guo/ITL_sentry_auto/src/pkg02_helloworld_py) by extension 'colcon_pkg'
[0.294s] colcon.colcon_core.package_identification Level 1 _identify(/home/guo/ITL_sentry_auto/src/pkg02_helloworld_py) by extensions ['colcon_meta']
[0.294s] colcon.colcon_core.package_identification Level 1 _identify(/home/guo/ITL_sentry_auto/src/pkg02_helloworld_py) by extension 'colcon_meta'
[0.294s] colcon.colcon_core.package_identification Level 1 _identify(/home/guo/ITL_sentry_auto/src/pkg02_helloworld_py) by extensions ['ros']
[0.294s] colcon.colcon_core.package_identification Level 1 _identify(/home/guo/ITL_sentry_auto/src/pkg02_helloworld_py) by extension 'ros'
[0.296s] colcon.colcon_core.package_identification DEBUG Package '/home/guo/ITL_sentry_auto/src/pkg02_helloworld_py' with type 'ros.ament_python' and name 'pkg02_helloworld_py'
[0.296s] colcon.colcon_core.package_discovery Level 1 discover_packages(recursive) using defaults
