[0.015s] Invoking command in '/home/guo/ITL_sentry_auto_new/build/deveice': AMENT_PREFIX_PATH=/home/guo/ITL_sentry_auto_new/install/serial:/home/guo/ITL_sentry_auto_new/install/utils:/home/guo/ITL_sentry_auto_new/install/autoaim_msgs:${AMENT_PREFIX_PATH} CMAKE_PREFIX_PATH=/home/guo/ITL_sentry_auto_new/install/serial:/home/guo/ITL_sentry_auto_new/install/utils:/home/guo/ITL_sentry_auto_new/install/autoaim_msgs:/opt/ros/rolling LD_LIBRARY_PATH=/home/guo/ITL_sentry_auto_new/install/serial/lib:/home/guo/ITL_sentry_auto_new/install/utils/lib:/home/guo/ITL_sentry_auto_new/install/autoaim_msgs/lib:/opt/MVS/lib/64:/opt/MVS/lib/32:/usr/lib/x86_64-linux-gnu:/opt/MVS/lib/64:/opt/MVS/lib/32:/usr/local/TensorRT.10.7.0.23/lib:/usr/lib/x86_64-linux-gnu:/usr/local/cuda/lib64:/usr/lib/x86_64-linux-gnu:/opt/MVS/lib/64:/opt/MVS/lib/32:/usr/local/TensorRT.10.7.0.23/lib:/usr/lib/x86_64-linux-gnu:/usr/local/cuda/lib64:/usr/lib/x86_64-linux-gnu:/opt/MVS/lib/64:/opt/MVS/lib/32:/usr/local/TensorRT.10.7.0.23/lib:/usr/lib/x86_64-linux-gnu:/usr/local/cuda/lib64:/usr/lib/x86_64-linux-gnu:/opt/ros/rolling/opt/rviz_ogre_vendor/lib:/opt/ros/rolling/lib/x86_64-linux-gnu:/opt/ros/rolling/lib:/opt/MVS/lib/64:/opt/MVS/lib/32:/usr/local/TensorRT.10.7.0.23/lib:/usr/lib/x86_64-linux-gnu:/usr/local/cuda/lib64:/opt/MVS/lib/64:/opt/MVS/lib/32:/opt/MVS/lib/64:/opt/MVS/lib/32 PYTHONPATH=/home/guo/ITL_sentry_auto_new/install/autoaim_msgs/lib/python3.10/site-packages:${PYTHONPATH} /usr/local/bin/cmake /home/guo/ITL_sentry_auto_new/src/io/deveice -DCMAKE_BUILD_TYPE=Release -DCMAKE_INSTALL_PREFIX=/home/guo/ITL_sentry_auto_new/install/deveice
[0.021s] -- Found ament_cmake: 2.3.2 (/opt/ros/rolling/share/ament_cmake/cmake)
[0.241s] -- Found rclcpp: 27.0.0 (/opt/ros/rolling/share/rclcpp/cmake)
[0.270s] -- Found rosidl_generator_c: 4.5.1 (/opt/ros/rolling/share/rosidl_generator_c/cmake)
[0.278s] -- Found rosidl_generator_cpp: 4.5.1 (/opt/ros/rolling/share/rosidl_generator_cpp/cmake)
[0.292s] -- Using all available rosidl_typesupport_c: rosidl_typesupport_fastrtps_c;rosidl_typesupport_introspection_c
[0.308s] -- Using all available rosidl_typesupport_cpp: rosidl_typesupport_fastrtps_cpp;rosidl_typesupport_introspection_cpp
[0.475s] -- Found rmw_implementation_cmake: 7.3.0 (/opt/ros/rolling/share/rmw_implementation_cmake/cmake)
[0.476s] -- Found rmw_fastrtps_cpp: 8.2.0 (/opt/ros/rolling/share/rmw_fastrtps_cpp/cmake)
[0.600s] -- Using RMW implementation 'rmw_fastrtps_cpp' as default
[0.774s] -- Found utils: 1.0.0 (/home/guo/ITL_sentry_auto_new/install/utils/share/utils/cmake)
[0.802s] -- Found serial: 0.1.0 (/home/guo/ITL_sentry_auto_new/install/serial/share/serial/cmake)
[0.878s] -- Configuring done (0.9s)
[0.912s] -- Generating done (0.0s)
[0.917s] -- Build files have been written to: /home/guo/ITL_sentry_auto_new/build/deveice
[0.922s] Invoked command in '/home/guo/ITL_sentry_auto_new/build/deveice' returned '0': AMENT_PREFIX_PATH=/home/guo/ITL_sentry_auto_new/install/serial:/home/guo/ITL_sentry_auto_new/install/utils:/home/guo/ITL_sentry_auto_new/install/autoaim_msgs:${AMENT_PREFIX_PATH} CMAKE_PREFIX_PATH=/home/guo/ITL_sentry_auto_new/install/serial:/home/guo/ITL_sentry_auto_new/install/utils:/home/guo/ITL_sentry_auto_new/install/autoaim_msgs:/opt/ros/rolling LD_LIBRARY_PATH=/home/guo/ITL_sentry_auto_new/install/serial/lib:/home/guo/ITL_sentry_auto_new/install/utils/lib:/home/guo/ITL_sentry_auto_new/install/autoaim_msgs/lib:/opt/MVS/lib/64:/opt/MVS/lib/32:/usr/lib/x86_64-linux-gnu:/opt/MVS/lib/64:/opt/MVS/lib/32:/usr/local/TensorRT.10.7.0.23/lib:/usr/lib/x86_64-linux-gnu:/usr/local/cuda/lib64:/usr/lib/x86_64-linux-gnu:/opt/MVS/lib/64:/opt/MVS/lib/32:/usr/local/TensorRT.10.7.0.23/lib:/usr/lib/x86_64-linux-gnu:/usr/local/cuda/lib64:/usr/lib/x86_64-linux-gnu:/opt/MVS/lib/64:/opt/MVS/lib/32:/usr/local/TensorRT.10.7.0.23/lib:/usr/lib/x86_64-linux-gnu:/usr/local/cuda/lib64:/usr/lib/x86_64-linux-gnu:/opt/ros/rolling/opt/rviz_ogre_vendor/lib:/opt/ros/rolling/lib/x86_64-linux-gnu:/opt/ros/rolling/lib:/opt/MVS/lib/64:/opt/MVS/lib/32:/usr/local/TensorRT.10.7.0.23/lib:/usr/lib/x86_64-linux-gnu:/usr/local/cuda/lib64:/opt/MVS/lib/64:/opt/MVS/lib/32:/opt/MVS/lib/64:/opt/MVS/lib/32 PYTHONPATH=/home/guo/ITL_sentry_auto_new/install/autoaim_msgs/lib/python3.10/site-packages:${PYTHONPATH} /usr/local/bin/cmake /home/guo/ITL_sentry_auto_new/src/io/deveice -DCMAKE_BUILD_TYPE=Release -DCMAKE_INSTALL_PREFIX=/home/guo/ITL_sentry_auto_new/install/deveice
[0.923s] Invoking command in '/home/guo/ITL_sentry_auto_new/build/deveice': AMENT_PREFIX_PATH=/home/guo/ITL_sentry_auto_new/install/serial:/home/guo/ITL_sentry_auto_new/install/utils:/home/guo/ITL_sentry_auto_new/install/autoaim_msgs:${AMENT_PREFIX_PATH} CMAKE_PREFIX_PATH=/home/guo/ITL_sentry_auto_new/install/serial:/home/guo/ITL_sentry_auto_new/install/utils:/home/guo/ITL_sentry_auto_new/install/autoaim_msgs:/opt/ros/rolling LD_LIBRARY_PATH=/home/guo/ITL_sentry_auto_new/install/serial/lib:/home/guo/ITL_sentry_auto_new/install/utils/lib:/home/guo/ITL_sentry_auto_new/install/autoaim_msgs/lib:/opt/MVS/lib/64:/opt/MVS/lib/32:/usr/lib/x86_64-linux-gnu:/opt/MVS/lib/64:/opt/MVS/lib/32:/usr/local/TensorRT.10.7.0.23/lib:/usr/lib/x86_64-linux-gnu:/usr/local/cuda/lib64:/usr/lib/x86_64-linux-gnu:/opt/MVS/lib/64:/opt/MVS/lib/32:/usr/local/TensorRT.10.7.0.23/lib:/usr/lib/x86_64-linux-gnu:/usr/local/cuda/lib64:/usr/lib/x86_64-linux-gnu:/opt/MVS/lib/64:/opt/MVS/lib/32:/usr/local/TensorRT.10.7.0.23/lib:/usr/lib/x86_64-linux-gnu:/usr/local/cuda/lib64:/usr/lib/x86_64-linux-gnu:/opt/ros/rolling/opt/rviz_ogre_vendor/lib:/opt/ros/rolling/lib/x86_64-linux-gnu:/opt/ros/rolling/lib:/opt/MVS/lib/64:/opt/MVS/lib/32:/usr/local/TensorRT.10.7.0.23/lib:/usr/lib/x86_64-linux-gnu:/usr/local/cuda/lib64:/opt/MVS/lib/64:/opt/MVS/lib/32:/opt/MVS/lib/64:/opt/MVS/lib/32 PYTHONPATH=/home/guo/ITL_sentry_auto_new/install/autoaim_msgs/lib/python3.10/site-packages:${PYTHONPATH} /usr/local/bin/cmake --build /home/guo/ITL_sentry_auto_new/build/deveice -- -j24 -l24
[0.943s] [  8%] Building CXX object CMakeFiles/deveice_old_gimbal.dir/old_gimbal/src/old_gimbal.cpp.o
[0.953s] [ 16%] Building CXX object CMakeFiles/deveice_imu.dir/imu/src/imu_driver.cpp.o
[0.955s] [ 25%] Building CXX object CMakeFiles/deveice_cboard.dir/cboard/src/cboard.cpp.o
[0.959s] [ 33%] Building CXX object CMakeFiles/deveice_gimbal.dir/gimbal/src/gimbal.cpp.o
[0.964s] [ 41%] Building CXX object CMakeFiles/deveice_camera.dir/camera/src/hikcamera.cpp.o
[6.406s] [ 50%] Linking CXX static library libdeveice_old_gimbal.a
[6.426s] [ 50%] Built target deveice_old_gimbal
[7.049s] [ 58%] Linking CXX static library libdeveice_gimbal.a
[7.070s] [ 58%] Built target deveice_gimbal
[7.201s] [ 66%] Linking CXX static library libdeveice_cboard.a
[7.220s] [ 66%] Built target deveice_cboard
[7.305s] [ 75%] Linking CXX static library libdeveice_imu.a
[7.326s] [ 75%] Built target deveice_imu
[10.334s] [ 83%] Linking CXX static library libdeveice_camera.a
[10.352s] [ 83%] Built target deveice_camera
[10.367s] [ 91%] Building CXX object CMakeFiles/deveice.dir/deveice_force_link.cpp.o
[10.392s] [100%] Linking CXX shared library libdeveice.so
[10.565s] [100%] Built target deveice
[10.569s] Invoked command in '/home/guo/ITL_sentry_auto_new/build/deveice' returned '0': AMENT_PREFIX_PATH=/home/guo/ITL_sentry_auto_new/install/serial:/home/guo/ITL_sentry_auto_new/install/utils:/home/guo/ITL_sentry_auto_new/install/autoaim_msgs:${AMENT_PREFIX_PATH} CMAKE_PREFIX_PATH=/home/guo/ITL_sentry_auto_new/install/serial:/home/guo/ITL_sentry_auto_new/install/utils:/home/guo/ITL_sentry_auto_new/install/autoaim_msgs:/opt/ros/rolling LD_LIBRARY_PATH=/home/guo/ITL_sentry_auto_new/install/serial/lib:/home/guo/ITL_sentry_auto_new/install/utils/lib:/home/guo/ITL_sentry_auto_new/install/autoaim_msgs/lib:/opt/MVS/lib/64:/opt/MVS/lib/32:/usr/lib/x86_64-linux-gnu:/opt/MVS/lib/64:/opt/MVS/lib/32:/usr/local/TensorRT.10.7.0.23/lib:/usr/lib/x86_64-linux-gnu:/usr/local/cuda/lib64:/usr/lib/x86_64-linux-gnu:/opt/MVS/lib/64:/opt/MVS/lib/32:/usr/local/TensorRT.10.7.0.23/lib:/usr/lib/x86_64-linux-gnu:/usr/local/cuda/lib64:/usr/lib/x86_64-linux-gnu:/opt/MVS/lib/64:/opt/MVS/lib/32:/usr/local/TensorRT.10.7.0.23/lib:/usr/lib/x86_64-linux-gnu:/usr/local/cuda/lib64:/usr/lib/x86_64-linux-gnu:/opt/ros/rolling/opt/rviz_ogre_vendor/lib:/opt/ros/rolling/lib/x86_64-linux-gnu:/opt/ros/rolling/lib:/opt/MVS/lib/64:/opt/MVS/lib/32:/usr/local/TensorRT.10.7.0.23/lib:/usr/lib/x86_64-linux-gnu:/usr/local/cuda/lib64:/opt/MVS/lib/64:/opt/MVS/lib/32:/opt/MVS/lib/64:/opt/MVS/lib/32 PYTHONPATH=/home/guo/ITL_sentry_auto_new/install/autoaim_msgs/lib/python3.10/site-packages:${PYTHONPATH} /usr/local/bin/cmake --build /home/guo/ITL_sentry_auto_new/build/deveice -- -j24 -l24
[10.572s] Invoking command in '/home/guo/ITL_sentry_auto_new/build/deveice': AMENT_PREFIX_PATH=/home/guo/ITL_sentry_auto_new/install/serial:/home/guo/ITL_sentry_auto_new/install/utils:/home/guo/ITL_sentry_auto_new/install/autoaim_msgs:${AMENT_PREFIX_PATH} CMAKE_PREFIX_PATH=/home/guo/ITL_sentry_auto_new/install/serial:/home/guo/ITL_sentry_auto_new/install/utils:/home/guo/ITL_sentry_auto_new/install/autoaim_msgs:/opt/ros/rolling LD_LIBRARY_PATH=/home/guo/ITL_sentry_auto_new/install/serial/lib:/home/guo/ITL_sentry_auto_new/install/utils/lib:/home/guo/ITL_sentry_auto_new/install/autoaim_msgs/lib:/opt/MVS/lib/64:/opt/MVS/lib/32:/usr/lib/x86_64-linux-gnu:/opt/MVS/lib/64:/opt/MVS/lib/32:/usr/local/TensorRT.10.7.0.23/lib:/usr/lib/x86_64-linux-gnu:/usr/local/cuda/lib64:/usr/lib/x86_64-linux-gnu:/opt/MVS/lib/64:/opt/MVS/lib/32:/usr/local/TensorRT.10.7.0.23/lib:/usr/lib/x86_64-linux-gnu:/usr/local/cuda/lib64:/usr/lib/x86_64-linux-gnu:/opt/MVS/lib/64:/opt/MVS/lib/32:/usr/local/TensorRT.10.7.0.23/lib:/usr/lib/x86_64-linux-gnu:/usr/local/cuda/lib64:/usr/lib/x86_64-linux-gnu:/opt/ros/rolling/opt/rviz_ogre_vendor/lib:/opt/ros/rolling/lib/x86_64-linux-gnu:/opt/ros/rolling/lib:/opt/MVS/lib/64:/opt/MVS/lib/32:/usr/local/TensorRT.10.7.0.23/lib:/usr/lib/x86_64-linux-gnu:/usr/local/cuda/lib64:/opt/MVS/lib/64:/opt/MVS/lib/32:/opt/MVS/lib/64:/opt/MVS/lib/32 PYTHONPATH=/home/guo/ITL_sentry_auto_new/install/autoaim_msgs/lib/python3.10/site-packages:${PYTHONPATH} /usr/local/bin/cmake --install /home/guo/ITL_sentry_auto_new/build/deveice
[10.574s] -- Install configuration: "Release"
[10.574s] -- Installing: /home/guo/ITL_sentry_auto_new/install/deveice/lib/libdeveice.so
[10.575s] -- Set non-toolchain portion of runtime path of "/home/guo/ITL_sentry_auto_new/install/deveice/lib/libdeveice.so" to "/opt/MVS/lib/64"
[10.575s] -- Installing: /home/guo/ITL_sentry_auto_new/install/deveice/lib/libdeveice_camera.a
[10.576s] -- Installing: /home/guo/ITL_sentry_auto_new/install/deveice/lib/libdeveice_cboard.a
[10.576s] -- Installing: /home/guo/ITL_sentry_auto_new/install/deveice/lib/libdeveice_gimbal.a
[10.577s] -- Installing: /home/guo/ITL_sentry_auto_new/install/deveice/lib/libdeveice_imu.a
[10.578s] -- Installing: /home/guo/ITL_sentry_auto_new/install/deveice/lib/libdeveice_old_gimbal.a
[10.579s] -- Up-to-date: /home/guo/ITL_sentry_auto_new/install/deveice/include
[10.579s] -- Up-to-date: /home/guo/ITL_sentry_auto_new/install/deveice/include/hikcamera.hpp
[10.579s] -- Up-to-date: /home/guo/ITL_sentry_auto_new/install/deveice/include
[10.579s] -- Up-to-date: /home/guo/ITL_sentry_auto_new/install/deveice/include/command.hpp
[10.579s] -- Up-to-date: /home/guo/ITL_sentry_auto_new/install/deveice/include/cboard.hpp
[10.579s] -- Up-to-date: /home/guo/ITL_sentry_auto_new/install/deveice/include/socketcan.hpp
[10.579s] -- Up-to-date: /home/guo/ITL_sentry_auto_new/install/deveice/include
[10.579s] -- Up-to-date: /home/guo/ITL_sentry_auto_new/install/deveice/include/gimbal.hpp
[10.579s] -- Up-to-date: /home/guo/ITL_sentry_auto_new/install/deveice/include
[10.579s] -- Up-to-date: /home/guo/ITL_sentry_auto_new/install/deveice/include/imu_driver.h
[10.579s] -- Up-to-date: /home/guo/ITL_sentry_auto_new/install/deveice/include
[10.579s] -- Installing: /home/guo/ITL_sentry_auto_new/install/deveice/include/old_gimbal.hpp
[10.579s] -- Up-to-date: /home/guo/ITL_sentry_auto_new/install/deveice/share/deveice/imu/config
[10.579s] -- Up-to-date: /home/guo/ITL_sentry_auto_new/install/deveice/share/deveice/imu/config/imu_params.yaml
[10.579s] -- Old export file "/home/guo/ITL_sentry_auto_new/install/deveice/share/deveice/cmake/deveiceTargets.cmake" will be replaced.  Removing files [/home/guo/ITL_sentry_auto_new/install/deveice/share/deveice/cmake/deveiceTargets-noconfig.cmake].
[10.579s] -- Installing: /home/guo/ITL_sentry_auto_new/install/deveice/share/deveice/cmake/deveiceTargets.cmake
[10.579s] -- Installing: /home/guo/ITL_sentry_auto_new/install/deveice/share/deveice/cmake/deveiceTargets-release.cmake
[10.580s] -- Up-to-date: /home/guo/ITL_sentry_auto_new/install/deveice/share/deveice/environment/library_path.sh
[10.580s] -- Up-to-date: /home/guo/ITL_sentry_auto_new/install/deveice/share/deveice/environment/library_path.dsv
[10.580s] -- Up-to-date: /home/guo/ITL_sentry_auto_new/install/deveice/share/deveice/package.xml
[10.580s] -- Up-to-date: /home/guo/ITL_sentry_auto_new/install/deveice/share/ament_index/resource_index/package_run_dependencies/deveice
[10.580s] -- Up-to-date: /home/guo/ITL_sentry_auto_new/install/deveice/share/ament_index/resource_index/parent_prefix_path/deveice
[10.580s] -- Up-to-date: /home/guo/ITL_sentry_auto_new/install/deveice/share/deveice/environment/ament_prefix_path.sh
[10.580s] -- Up-to-date: /home/guo/ITL_sentry_auto_new/install/deveice/share/deveice/environment/ament_prefix_path.dsv
[10.580s] -- Up-to-date: /home/guo/ITL_sentry_auto_new/install/deveice/share/deveice/environment/path.sh
[10.580s] -- Up-to-date: /home/guo/ITL_sentry_auto_new/install/deveice/share/deveice/environment/path.dsv
[10.580s] -- Up-to-date: /home/guo/ITL_sentry_auto_new/install/deveice/share/deveice/local_setup.bash
[10.580s] -- Up-to-date: /home/guo/ITL_sentry_auto_new/install/deveice/share/deveice/local_setup.sh
[10.580s] -- Up-to-date: /home/guo/ITL_sentry_auto_new/install/deveice/share/deveice/local_setup.zsh
[10.580s] -- Up-to-date: /home/guo/ITL_sentry_auto_new/install/deveice/share/deveice/local_setup.dsv
[10.580s] -- Installing: /home/guo/ITL_sentry_auto_new/install/deveice/share/deveice/package.dsv
[10.580s] -- Up-to-date: /home/guo/ITL_sentry_auto_new/install/deveice/share/ament_index/resource_index/packages/deveice
[10.580s] -- Old export file "/home/guo/ITL_sentry_auto_new/install/deveice/share/deveice/cmake/deveiceTargetsExport.cmake" will be replaced.  Removing files [/home/guo/ITL_sentry_auto_new/install/deveice/share/deveice/cmake/deveiceTargetsExport-noconfig.cmake].
[10.580s] -- Installing: /home/guo/ITL_sentry_auto_new/install/deveice/share/deveice/cmake/deveiceTargetsExport.cmake
[10.580s] -- Installing: /home/guo/ITL_sentry_auto_new/install/deveice/share/deveice/cmake/deveiceTargetsExport-release.cmake
[10.580s] -- Up-to-date: /home/guo/ITL_sentry_auto_new/install/deveice/share/deveice/cmake/ament_cmake_export_include_directories-extras.cmake
[10.580s] -- Up-to-date: /home/guo/ITL_sentry_auto_new/install/deveice/share/deveice/cmake/ament_cmake_export_targets-extras.cmake
[10.580s] -- Up-to-date: /home/guo/ITL_sentry_auto_new/install/deveice/share/deveice/cmake/ament_cmake_export_dependencies-extras.cmake
[10.580s] -- Up-to-date: /home/guo/ITL_sentry_auto_new/install/deveice/share/deveice/cmake/deveiceConfig.cmake
[10.580s] -- Up-to-date: /home/guo/ITL_sentry_auto_new/install/deveice/share/deveice/cmake/deveiceConfig-version.cmake
[10.580s] -- Up-to-date: /home/guo/ITL_sentry_auto_new/install/deveice/share/deveice/package.xml
[10.581s] Invoked command in '/home/guo/ITL_sentry_auto_new/build/deveice' returned '0': AMENT_PREFIX_PATH=/home/guo/ITL_sentry_auto_new/install/serial:/home/guo/ITL_sentry_auto_new/install/utils:/home/guo/ITL_sentry_auto_new/install/autoaim_msgs:${AMENT_PREFIX_PATH} CMAKE_PREFIX_PATH=/home/guo/ITL_sentry_auto_new/install/serial:/home/guo/ITL_sentry_auto_new/install/utils:/home/guo/ITL_sentry_auto_new/install/autoaim_msgs:/opt/ros/rolling LD_LIBRARY_PATH=/home/guo/ITL_sentry_auto_new/install/serial/lib:/home/guo/ITL_sentry_auto_new/install/utils/lib:/home/guo/ITL_sentry_auto_new/install/autoaim_msgs/lib:/opt/MVS/lib/64:/opt/MVS/lib/32:/usr/lib/x86_64-linux-gnu:/opt/MVS/lib/64:/opt/MVS/lib/32:/usr/local/TensorRT.10.7.0.23/lib:/usr/lib/x86_64-linux-gnu:/usr/local/cuda/lib64:/usr/lib/x86_64-linux-gnu:/opt/MVS/lib/64:/opt/MVS/lib/32:/usr/local/TensorRT.10.7.0.23/lib:/usr/lib/x86_64-linux-gnu:/usr/local/cuda/lib64:/usr/lib/x86_64-linux-gnu:/opt/MVS/lib/64:/opt/MVS/lib/32:/usr/local/TensorRT.10.7.0.23/lib:/usr/lib/x86_64-linux-gnu:/usr/local/cuda/lib64:/usr/lib/x86_64-linux-gnu:/opt/ros/rolling/opt/rviz_ogre_vendor/lib:/opt/ros/rolling/lib/x86_64-linux-gnu:/opt/ros/rolling/lib:/opt/MVS/lib/64:/opt/MVS/lib/32:/usr/local/TensorRT.10.7.0.23/lib:/usr/lib/x86_64-linux-gnu:/usr/local/cuda/lib64:/opt/MVS/lib/64:/opt/MVS/lib/32:/opt/MVS/lib/64:/opt/MVS/lib/32 PYTHONPATH=/home/guo/ITL_sentry_auto_new/install/autoaim_msgs/lib/python3.10/site-packages:${PYTHONPATH} /usr/local/bin/cmake --install /home/guo/ITL_sentry_auto_new/build/deveice
