[100%] Built target hik_camera_node
-- Install configuration: ""
-- Up-to-date: /home/guo/ITL_sentry_auto_new/install/hikvision/lib/hikvision/hik_camera_node
-- Up-to-date: /home/guo/ITL_sentry_auto_new/install/hikvision/include/hikvision
-- Up-to-date: /home/guo/ITL_sentry_auto_new/install/hikvision/include/hikvision/hikcamera.hpp
-- Up-to-date: /home/guo/ITL_sentry_auto_new/install/hikvision/share/ament_index/resource_index/package_run_dependencies/hikvision
-- Up-to-date: /home/guo/ITL_sentry_auto_new/install/hikvision/share/ament_index/resource_index/parent_prefix_path/hikvision
-- Up-to-date: /home/guo/ITL_sentry_auto_new/install/hikvision/share/hikvision/environment/ament_prefix_path.sh
-- Up-to-date: /home/guo/ITL_sentry_auto_new/install/hikvision/share/hikvision/environment/ament_prefix_path.dsv
-- Up-to-date: /home/guo/ITL_sentry_auto_new/install/hikvision/share/hikvision/environment/path.sh
-- Up-to-date: /home/guo/ITL_sentry_auto_new/install/hikvision/share/hikvision/environment/path.dsv
-- Up-to-date: /home/guo/ITL_sentry_auto_new/install/hikvision/share/hikvision/local_setup.bash
-- Up-to-date: /home/guo/ITL_sentry_auto_new/install/hikvision/share/hikvision/local_setup.sh
-- Up-to-date: /home/guo/ITL_sentry_auto_new/install/hikvision/share/hikvision/local_setup.zsh
-- Up-to-date: /home/guo/ITL_sentry_auto_new/install/hikvision/share/hikvision/local_setup.dsv
-- Installing: /home/guo/ITL_sentry_auto_new/install/hikvision/share/hikvision/package.dsv
-- Up-to-date: /home/guo/ITL_sentry_auto_new/install/hikvision/share/ament_index/resource_index/packages/hikvision
-- Up-to-date: /home/guo/ITL_sentry_auto_new/install/hikvision/share/hikvision/cmake/ament_cmake_export_dependencies-extras.cmake
-- Up-to-date: /home/guo/ITL_sentry_auto_new/install/hikvision/share/hikvision/cmake/hikvisionConfig.cmake
-- Up-to-date: /home/guo/ITL_sentry_auto_new/install/hikvision/share/hikvision/cmake/hikvisionConfig-version.cmake
-- Up-to-date: /home/guo/ITL_sentry_auto_new/install/hikvision/share/hikvision/package.xml
