[0.016s] Invoking command in '/home/guo/ITL_sentry_auto_new/build/auto_buff': CMAKE_PREFIX_PATH=/home/guo/ITL_sentry_auto_new/install/auto_aim:/home/guo/ITL_sentry_auto_new/install/deveice:/home/guo/ITL_sentry_auto_new/install/serial:/home/guo/ITL_sentry_auto_new/install/utils:/home/guo/ITL_sentry_auto_new/install/autoaim_msgs:/home/guo/ITL_sentry_auto_new/install/pipeline:/home/guo/ITL_sentry_auto_new/install/auto_buff:/home/guo/ITL_sentry_auto_new/install/launch_node:/opt/ros/rolling LD_LIBRARY_PATH=/home/guo/ITL_sentry_auto_new/install/auto_aim/lib:/home/guo/ITL_sentry_auto_new/install/deveice/lib:/home/guo/ITL_sentry_auto_new/install/serial/lib:/home/guo/ITL_sentry_auto_new/install/autoaim_msgs/lib:/home/guo/ITL_sentry_auto_new/install/auto_buff/lib:/home/guo/ITL_sentry_auto_new/install/utils/lib:/usr/lib/x86_64-linux-gnu:/opt/ros/rolling/opt/rviz_ogre_vendor/lib:/opt/ros/rolling/lib/x86_64-linux-gnu:/opt/ros/rolling/lib:/opt/MVS/lib/64:/opt/MVS/lib/32:/usr/local/TensorRT.10.7.0.23/lib:/usr/lib/x86_64-linux-gnu:/usr/local/cuda/lib64:/opt/MVS/lib/64:/opt/MVS/lib/32:/opt/MVS/lib/64:/opt/MVS/lib/32 /usr/local/bin/cmake --build /home/guo/ITL_sentry_auto_new/build/auto_buff -- -j24 -l24
[0.040s] [ 15%] Built target auto_buff_data_type
[0.054s] [ 30%] Built target auto_buff_solver
[0.055s] [ 53%] Built target auto_buff_detect
[0.068s] [ 69%] Built target auto_buff_tagret
[0.082s] [ 84%] Built target auto_buff_aimer
[0.090s] [100%] Built target auto_buff
[0.094s] Invoked command in '/home/guo/ITL_sentry_auto_new/build/auto_buff' returned '0': CMAKE_PREFIX_PATH=/home/guo/ITL_sentry_auto_new/install/auto_aim:/home/guo/ITL_sentry_auto_new/install/deveice:/home/guo/ITL_sentry_auto_new/install/serial:/home/guo/ITL_sentry_auto_new/install/utils:/home/guo/ITL_sentry_auto_new/install/autoaim_msgs:/home/guo/ITL_sentry_auto_new/install/pipeline:/home/guo/ITL_sentry_auto_new/install/auto_buff:/home/guo/ITL_sentry_auto_new/install/launch_node:/opt/ros/rolling LD_LIBRARY_PATH=/home/guo/ITL_sentry_auto_new/install/auto_aim/lib:/home/guo/ITL_sentry_auto_new/install/deveice/lib:/home/guo/ITL_sentry_auto_new/install/serial/lib:/home/guo/ITL_sentry_auto_new/install/autoaim_msgs/lib:/home/guo/ITL_sentry_auto_new/install/auto_buff/lib:/home/guo/ITL_sentry_auto_new/install/utils/lib:/usr/lib/x86_64-linux-gnu:/opt/ros/rolling/opt/rviz_ogre_vendor/lib:/opt/ros/rolling/lib/x86_64-linux-gnu:/opt/ros/rolling/lib:/opt/MVS/lib/64:/opt/MVS/lib/32:/usr/local/TensorRT.10.7.0.23/lib:/usr/lib/x86_64-linux-gnu:/usr/local/cuda/lib64:/opt/MVS/lib/64:/opt/MVS/lib/32:/opt/MVS/lib/64:/opt/MVS/lib/32 /usr/local/bin/cmake --build /home/guo/ITL_sentry_auto_new/build/auto_buff -- -j24 -l24
[0.095s] Invoking command in '/home/guo/ITL_sentry_auto_new/build/auto_buff': CMAKE_PREFIX_PATH=/home/guo/ITL_sentry_auto_new/install/auto_aim:/home/guo/ITL_sentry_auto_new/install/deveice:/home/guo/ITL_sentry_auto_new/install/serial:/home/guo/ITL_sentry_auto_new/install/utils:/home/guo/ITL_sentry_auto_new/install/autoaim_msgs:/home/guo/ITL_sentry_auto_new/install/pipeline:/home/guo/ITL_sentry_auto_new/install/auto_buff:/home/guo/ITL_sentry_auto_new/install/launch_node:/opt/ros/rolling LD_LIBRARY_PATH=/home/guo/ITL_sentry_auto_new/install/auto_aim/lib:/home/guo/ITL_sentry_auto_new/install/deveice/lib:/home/guo/ITL_sentry_auto_new/install/serial/lib:/home/guo/ITL_sentry_auto_new/install/autoaim_msgs/lib:/home/guo/ITL_sentry_auto_new/install/auto_buff/lib:/home/guo/ITL_sentry_auto_new/install/utils/lib:/usr/lib/x86_64-linux-gnu:/opt/ros/rolling/opt/rviz_ogre_vendor/lib:/opt/ros/rolling/lib/x86_64-linux-gnu:/opt/ros/rolling/lib:/opt/MVS/lib/64:/opt/MVS/lib/32:/usr/local/TensorRT.10.7.0.23/lib:/usr/lib/x86_64-linux-gnu:/usr/local/cuda/lib64:/opt/MVS/lib/64:/opt/MVS/lib/32:/opt/MVS/lib/64:/opt/MVS/lib/32 /usr/local/bin/cmake --install /home/guo/ITL_sentry_auto_new/build/auto_buff
[0.097s] -- Install configuration: "Release"
[0.097s] -- Up-to-date: /home/guo/ITL_sentry_auto_new/install/auto_buff/lib/libauto_buff.so
[0.098s] -- Up-to-date: /home/guo/ITL_sentry_auto_new/install/auto_buff/lib/libauto_buff_data_type.a
[0.098s] -- Up-to-date: /home/guo/ITL_sentry_auto_new/install/auto_buff/lib/libauto_buff_detect.a
[0.098s] -- Up-to-date: /home/guo/ITL_sentry_auto_new/install/auto_buff/lib/libauto_buff_solver.a
[0.098s] -- Up-to-date: /home/guo/ITL_sentry_auto_new/install/auto_buff/lib/libauto_buff_tagret.a
[0.098s] -- Up-to-date: /home/guo/ITL_sentry_auto_new/install/auto_buff/lib/libauto_buff_aimer.a
[0.098s] -- Up-to-date: /home/guo/ITL_sentry_auto_new/install/auto_buff/include
[0.098s] -- Up-to-date: /home/guo/ITL_sentry_auto_new/install/auto_buff/include/buff_type.hpp
[0.098s] -- Up-to-date: /home/guo/ITL_sentry_auto_new/install/auto_buff/include
[0.098s] -- Up-to-date: /home/guo/ITL_sentry_auto_new/install/auto_buff/include/buff_detector.hpp
[0.099s] -- Up-to-date: /home/guo/ITL_sentry_auto_new/install/auto_buff/include/yolo11_buff.hpp
[0.099s] -- Up-to-date: /home/guo/ITL_sentry_auto_new/install/auto_buff/include
[0.099s] -- Up-to-date: /home/guo/ITL_sentry_auto_new/install/auto_buff/include/buff_solver.hpp
[0.099s] -- Up-to-date: /home/guo/ITL_sentry_auto_new/install/auto_buff/include
[0.099s] -- Up-to-date: /home/guo/ITL_sentry_auto_new/install/auto_buff/include/buff_predict.hpp
[0.099s] -- Up-to-date: /home/guo/ITL_sentry_auto_new/install/auto_buff/include/buff_target.hpp
[0.099s] -- Up-to-date: /home/guo/ITL_sentry_auto_new/install/auto_buff/include
[0.099s] -- Up-to-date: /home/guo/ITL_sentry_auto_new/install/auto_buff/include/buff_aimer.hpp
[0.099s] -- Up-to-date: /home/guo/ITL_sentry_auto_new/install/auto_buff/share/auto_buff/environment/library_path.sh
[0.099s] -- Up-to-date: /home/guo/ITL_sentry_auto_new/install/auto_buff/share/auto_buff/environment/library_path.dsv
[0.100s] -- Up-to-date: /home/guo/ITL_sentry_auto_new/install/auto_buff/share/auto_buff/package.xml
[0.100s] -- Up-to-date: /home/guo/ITL_sentry_auto_new/install/auto_buff/share/ament_index/resource_index/package_run_dependencies/auto_buff
[0.100s] -- Up-to-date: /home/guo/ITL_sentry_auto_new/install/auto_buff/share/ament_index/resource_index/parent_prefix_path/auto_buff
[0.100s] -- Up-to-date: /home/guo/ITL_sentry_auto_new/install/auto_buff/share/auto_buff/environment/ament_prefix_path.sh
[0.100s] -- Up-to-date: /home/guo/ITL_sentry_auto_new/install/auto_buff/share/auto_buff/environment/ament_prefix_path.dsv
[0.100s] -- Up-to-date: /home/guo/ITL_sentry_auto_new/install/auto_buff/share/auto_buff/environment/path.sh
[0.101s] -- Up-to-date: /home/guo/ITL_sentry_auto_new/install/auto_buff/share/auto_buff/environment/path.dsv
[0.101s] -- Up-to-date: /home/guo/ITL_sentry_auto_new/install/auto_buff/share/auto_buff/local_setup.bash
[0.101s] -- Up-to-date: /home/guo/ITL_sentry_auto_new/install/auto_buff/share/auto_buff/local_setup.sh
[0.102s] -- Up-to-date: /home/guo/ITL_sentry_auto_new/install/auto_buff/share/auto_buff/local_setup.zsh
[0.102s] -- Up-to-date: /home/guo/ITL_sentry_auto_new/install/auto_buff/share/auto_buff/local_setup.dsv
[0.102s] -- Installing: /home/guo/ITL_sentry_auto_new/install/auto_buff/share/auto_buff/package.dsv
[0.102s] -- Up-to-date: /home/guo/ITL_sentry_auto_new/install/auto_buff/share/ament_index/resource_index/packages/auto_buff
[0.102s] -- Up-to-date: /home/guo/ITL_sentry_auto_new/install/auto_buff/share/auto_buff/cmake/auto_buffTargetsExport.cmake
[0.102s] -- Up-to-date: /home/guo/ITL_sentry_auto_new/install/auto_buff/share/auto_buff/cmake/auto_buffTargetsExport-release.cmake
[0.102s] -- Up-to-date: /home/guo/ITL_sentry_auto_new/install/auto_buff/share/auto_buff/cmake/ament_cmake_export_include_directories-extras.cmake
[0.102s] -- Up-to-date: /home/guo/ITL_sentry_auto_new/install/auto_buff/share/auto_buff/cmake/ament_cmake_export_targets-extras.cmake
[0.102s] -- Up-to-date: /home/guo/ITL_sentry_auto_new/install/auto_buff/share/auto_buff/cmake/ament_cmake_export_dependencies-extras.cmake
[0.102s] -- Up-to-date: /home/guo/ITL_sentry_auto_new/install/auto_buff/share/auto_buff/cmake/auto_buffConfig.cmake
[0.102s] -- Up-to-date: /home/guo/ITL_sentry_auto_new/install/auto_buff/share/auto_buff/cmake/auto_buffConfig-version.cmake
[0.102s] -- Up-to-date: /home/guo/ITL_sentry_auto_new/install/auto_buff/share/auto_buff/package.xml
[0.102s] Invoked command in '/home/guo/ITL_sentry_auto_new/build/auto_buff' returned '0': CMAKE_PREFIX_PATH=/home/guo/ITL_sentry_auto_new/install/auto_aim:/home/guo/ITL_sentry_auto_new/install/deveice:/home/guo/ITL_sentry_auto_new/install/serial:/home/guo/ITL_sentry_auto_new/install/utils:/home/guo/ITL_sentry_auto_new/install/autoaim_msgs:/home/guo/ITL_sentry_auto_new/install/pipeline:/home/guo/ITL_sentry_auto_new/install/auto_buff:/home/guo/ITL_sentry_auto_new/install/launch_node:/opt/ros/rolling LD_LIBRARY_PATH=/home/guo/ITL_sentry_auto_new/install/auto_aim/lib:/home/guo/ITL_sentry_auto_new/install/deveice/lib:/home/guo/ITL_sentry_auto_new/install/serial/lib:/home/guo/ITL_sentry_auto_new/install/autoaim_msgs/lib:/home/guo/ITL_sentry_auto_new/install/auto_buff/lib:/home/guo/ITL_sentry_auto_new/install/utils/lib:/usr/lib/x86_64-linux-gnu:/opt/ros/rolling/opt/rviz_ogre_vendor/lib:/opt/ros/rolling/lib/x86_64-linux-gnu:/opt/ros/rolling/lib:/opt/MVS/lib/64:/opt/MVS/lib/32:/usr/local/TensorRT.10.7.0.23/lib:/usr/lib/x86_64-linux-gnu:/usr/local/cuda/lib64:/opt/MVS/lib/64:/opt/MVS/lib/32:/opt/MVS/lib/64:/opt/MVS/lib/32 /usr/local/bin/cmake --install /home/guo/ITL_sentry_auto_new/build/auto_buff
