[0.016s] Invoking command in '/home/shaobing/rm_ws/build/anlesover': CMAKE_PREFIX_PATH=/opt/ros/humble /usr/bin/cmake --build /home/shaobing/rm_ws/build/anlesover -- -j16 -l16
[0.063s] [100%] Built target anglesolve
[0.226s] Invoked command in '/home/shaobing/rm_ws/build/anlesover' returned '0': CMAKE_PREFIX_PATH=/opt/ros/humble /usr/bin/cmake --build /home/shaobing/rm_ws/build/anlesover -- -j16 -l16
[0.227s] Invoking command in '/home/shaobing/rm_ws/build/anlesover': CMAKE_PREFIX_PATH=/opt/ros/humble /usr/bin/cmake --install /home/shaobing/rm_ws/build/anlesover
[0.232s] -- Install configuration: ""
[0.232s] -- Execute custom install script
[0.232s] -- Up-to-date symlink: /home/shaobing/rm_ws/install/anlesover/lib/anlesover/anglesolve
[0.233s] -- Up-to-date symlink: /home/shaobing/rm_ws/install/anlesover/share/ament_index/resource_index/package_run_dependencies/anlesover
[0.233s] -- Up-to-date symlink: /home/shaobing/rm_ws/install/anlesover/share/ament_index/resource_index/parent_prefix_path/anlesover
[0.233s] -- Up-to-date symlink: /home/shaobing/rm_ws/install/anlesover/share/anlesover/environment/ament_prefix_path.sh
[0.233s] -- Up-to-date symlink: /home/shaobing/rm_ws/install/anlesover/share/anlesover/environment/ament_prefix_path.dsv
[0.233s] -- Up-to-date symlink: /home/shaobing/rm_ws/install/anlesover/share/anlesover/environment/path.sh
[0.233s] -- Up-to-date symlink: /home/shaobing/rm_ws/install/anlesover/share/anlesover/environment/path.dsv
[0.233s] -- Up-to-date symlink: /home/shaobing/rm_ws/install/anlesover/share/anlesover/local_setup.bash
[0.234s] -- Up-to-date symlink: /home/shaobing/rm_ws/install/anlesover/share/anlesover/local_setup.sh
[0.234s] -- Up-to-date symlink: /home/shaobing/rm_ws/install/anlesover/share/anlesover/local_setup.zsh
[0.234s] -- Up-to-date symlink: /home/shaobing/rm_ws/install/anlesover/share/anlesover/local_setup.dsv
[0.234s] -- Symlinking: /home/shaobing/rm_ws/install/anlesover/share/anlesover/package.dsv
[0.243s] -- Up-to-date symlink: /home/shaobing/rm_ws/install/anlesover/share/ament_index/resource_index/packages/anlesover
[0.243s] -- Up-to-date symlink: /home/shaobing/rm_ws/install/anlesover/share/anlesover/cmake/anlesoverConfig.cmake
[0.243s] -- Up-to-date symlink: /home/shaobing/rm_ws/install/anlesover/share/anlesover/cmake/anlesoverConfig-version.cmake
[0.243s] -- Up-to-date symlink: /home/shaobing/rm_ws/install/anlesover/share/anlesover/package.xml
[0.245s] Invoked command in '/home/shaobing/rm_ws/build/anlesover' returned '0': CMAKE_PREFIX_PATH=/opt/ros/humble /usr/bin/cmake --install /home/shaobing/rm_ws/build/anlesover
