-- The C compiler identification is GNU 11.4.0
-- The CXX compiler identification is GNU 11.4.0
-- Detecting C compiler ABI info
-- Detecting C compiler ABI info - done
-- Check for working C compiler: /usr/bin/cc - skipped
-- Detecting C compile features
-- Detecting C compile features - done
-- Detecting CXX compiler ABI info
-- Detecting CXX compiler ABI info - done
-- Check for working CXX compiler: /usr/bin/c++ - skipped
-- Detecting CXX compile features
-- Detecting CXX compile features - done
-- Found ament_cmake: 2.3.2 (/opt/ros/rolling/share/ament_cmake/cmake)
-- Found Python3: /usr/bin/python3.10 (found version "3.10.12") found components: Interpreter 
-- Found rclcpp: 27.0.0 (/opt/ros/rolling/share/rclcpp/cmake)
-- Found rosidl_generator_c: 4.5.1 (/opt/ros/rolling/share/rosidl_generator_c/cmake)
-- Found rosidl_generator_cpp: 4.5.1 (/opt/ros/rolling/share/rosidl_generator_cpp/cmake)
-- Using all available rosidl_typesupport_c: rosidl_typesupport_fastrtps_c;rosidl_typesupport_introspection_c
-- Using all available rosidl_typesupport_cpp: rosidl_typesupport_fastrtps_cpp;rosidl_typesupport_introspection_cpp
-- Found rmw_implementation_cmake: 7.3.0 (/opt/ros/rolling/share/rmw_implementation_cmake/cmake)
-- Found rmw_fastrtps_cpp: 8.2.0 (/opt/ros/rolling/share/rmw_fastrtps_cpp/cmake)
-- Found OpenSSL: /usr/lib/x86_64-linux-gnu/libcrypto.so (found version "3.0.2")  
-- Found FastRTPS: /opt/ros/rolling/include  
-- Using RMW implementation 'rmw_fastrtps_cpp' as default
-- Found utils: 1.0.0 (/home/guo/ITL_sentry_auto_new/install/utils/share/utils/cmake)
-- Found cboard: 1.0.0 (/home/guo/ITL_sentry_auto_new/install/cboard/share/cboard/cmake)
-- Found detected: 0.0.2 (/home/guo/ITL_sentry_auto_new/install/detected/share/detected/cmake)
-- Found predictor: 1.0.0 (/home/guo/ITL_sentry_auto_new/install/predictor/share/predictor/cmake)
-- Found eigen3_cmake_module: 0.3.0 (/opt/ros/rolling/share/eigen3_cmake_module/cmake)
-- Found Eigen3: TRUE (found version "3.4.0") 
-- Ensuring Eigen3 include directory is part of orocos-kdl CMake target
-- Configuring done (2.8s)
-- Generating done (0.0s)
-- Build files have been written to: /home/guo/ITL_sentry_auto_new/build/aimer
[ 50%] [32mBuilding CXX object CMakeFiles/aimer.dir/src/aimer.cpp.o[0m
[100%] [32m[1mLinking CXX shared library libaimer.so[0m
[100%] Built target aimer
-- Install configuration: ""
-- Installing: /home/guo/ITL_sentry_auto_new/install/aimer/share/aimer/environment/library_path.sh
-- Installing: /home/guo/ITL_sentry_auto_new/install/aimer/share/aimer/environment/library_path.dsv
-- Installing: /home/guo/ITL_sentry_auto_new/install/aimer/include
-- Installing: /home/guo/ITL_sentry_auto_new/install/aimer/include/aimer.hpp
-- Installing: /home/guo/ITL_sentry_auto_new/install/aimer/lib/libaimer.so
-- Set non-toolchain portion of runtime path of "/home/guo/ITL_sentry_auto_new/install/aimer/lib/libaimer.so" to ""
-- Installing: /home/guo/ITL_sentry_auto_new/install/aimer/share/aimer/cmake/aimerTargets.cmake
-- Installing: /home/guo/ITL_sentry_auto_new/install/aimer/share/aimer/cmake/aimerTargets-noconfig.cmake
-- Installing: /home/guo/ITL_sentry_auto_new/install/aimer/share/ament_index/resource_index/package_run_dependencies/aimer
-- Installing: /home/guo/ITL_sentry_auto_new/install/aimer/share/ament_index/resource_index/parent_prefix_path/aimer
-- Installing: /home/guo/ITL_sentry_auto_new/install/aimer/share/aimer/environment/ament_prefix_path.sh
-- Installing: /home/guo/ITL_sentry_auto_new/install/aimer/share/aimer/environment/ament_prefix_path.dsv
-- Installing: /home/guo/ITL_sentry_auto_new/install/aimer/share/aimer/environment/path.sh
-- Installing: /home/guo/ITL_sentry_auto_new/install/aimer/share/aimer/environment/path.dsv
-- Installing: /home/guo/ITL_sentry_auto_new/install/aimer/share/aimer/local_setup.bash
-- Installing: /home/guo/ITL_sentry_auto_new/install/aimer/share/aimer/local_setup.sh
-- Installing: /home/guo/ITL_sentry_auto_new/install/aimer/share/aimer/local_setup.zsh
-- Installing: /home/guo/ITL_sentry_auto_new/install/aimer/share/aimer/local_setup.dsv
-- Installing: /home/guo/ITL_sentry_auto_new/install/aimer/share/aimer/package.dsv
-- Installing: /home/guo/ITL_sentry_auto_new/install/aimer/share/ament_index/resource_index/packages/aimer
-- Installing: /home/guo/ITL_sentry_auto_new/install/aimer/share/aimer/cmake/aimerTargetsExport.cmake
-- Installing: /home/guo/ITL_sentry_auto_new/install/aimer/share/aimer/cmake/aimerTargetsExport-noconfig.cmake
-- Installing: /home/guo/ITL_sentry_auto_new/install/aimer/share/aimer/cmake/ament_cmake_export_include_directories-extras.cmake
-- Installing: /home/guo/ITL_sentry_auto_new/install/aimer/share/aimer/cmake/ament_cmake_export_libraries-extras.cmake
-- Installing: /home/guo/ITL_sentry_auto_new/install/aimer/share/aimer/cmake/ament_cmake_export_dependencies-extras.cmake
-- Installing: /home/guo/ITL_sentry_auto_new/install/aimer/share/aimer/cmake/ament_cmake_export_targets-extras.cmake
-- Installing: /home/guo/ITL_sentry_auto_new/install/aimer/share/aimer/cmake/aimerConfig.cmake
-- Installing: /home/guo/ITL_sentry_auto_new/install/aimer/share/aimer/cmake/aimerConfig-version.cmake
-- Installing: /home/guo/ITL_sentry_auto_new/install/aimer/share/aimer/package.xml
