[0.070s] colcon DEBUG Command line arguments: ['/usr/bin/colcon', 'build', '--packages-select', 'solver', 'tracker', 'pipeline']
[0.070s] colcon DEBUG Parsed command line arguments: Namespace(log_base=None, log_level=None, verb_name='build', build_base='build', install_base='install', merge_install=False, symlink_install=False, test_result_base=None, continue_on_error=False, executor='parallel', parallel_workers=24, event_handlers=None, ignore_user_meta=False, metas=['./colcon.meta'], base_paths=['.'], packages_ignore=None, packages_ignore_regex=None, paths=None, packages_up_to=None, packages_up_to_regex=None, packages_above=None, packages_above_and_dependencies=None, packages_above_depth=None, packages_select_by_dep=None, packages_skip_by_dep=None, packages_skip_up_to=None, packages_select_build_failed=False, packages_skip_build_finished=False, packages_select_test_failures=False, packages_skip_test_passed=False, packages_select=['solver', 'tracker', 'pipeline'], packages_skip=None, packages_select_regex=None, packages_skip_regex=None, packages_start=None, packages_end=None, allow_overriding=[], cmake_args=None, cmake_target=None, cmake_target_skip_unavailable=False, cmake_clean_cache=False, cmake_clean_first=False, cmake_force_configure=False, ament_cmake_args=None, catkin_cmake_args=None, catkin_skip_building_tests=False, verb_parser=<colcon_defaults.argument_parser.defaults.DefaultArgumentsDecorator object at 0x742321111b40>, verb_extension=<colcon_core.verb.build.BuildVerb object at 0x7423213f6f50>, main=<bound method BuildVerb.main of <colcon_core.verb.build.BuildVerb object at 0x7423213f6f50>>)
[0.176s] colcon.colcon_core.package_discovery Level 1 discover_packages(colcon_meta) check parameters
[0.176s] colcon.colcon_core.package_discovery Level 1 discover_packages(recursive) check parameters
[0.177s] colcon.colcon_core.package_discovery Level 1 discover_packages(ignore) check parameters
[0.177s] colcon.colcon_core.package_discovery Level 1 discover_packages(path) check parameters
[0.177s] colcon.colcon_core.package_discovery Level 1 discover_packages(colcon_meta) discover
[0.177s] colcon.colcon_core.package_discovery Level 1 discover_packages(recursive) discover
[0.177s] colcon.colcon_core.package_discovery INFO Crawling recursively for packages in '/home/guo/ITL_sentry_auto_new'
[0.177s] colcon.colcon_core.package_identification Level 1 _identify(.) by extensions ['ignore', 'ignore_ament_install']
[0.177s] colcon.colcon_core.package_identification Level 1 _identify(.) by extension 'ignore'
[0.177s] colcon.colcon_core.package_identification Level 1 _identify(.) by extension 'ignore_ament_install'
[0.177s] colcon.colcon_core.package_identification Level 1 _identify(.) by extensions ['colcon_pkg']
[0.177s] colcon.colcon_core.package_identification Level 1 _identify(.) by extension 'colcon_pkg'
[0.177s] colcon.colcon_core.package_identification Level 1 _identify(.) by extensions ['colcon_meta']
[0.177s] colcon.colcon_core.package_identification Level 1 _identify(.) by extension 'colcon_meta'
[0.177s] colcon.colcon_core.package_identification Level 1 _identify(.) by extensions ['ros']
[0.177s] colcon.colcon_core.package_identification Level 1 _identify(.) by extension 'ros'
[0.190s] colcon.colcon_core.package_identification Level 1 _identify(.) by extensions ['cmake', 'python']
[0.190s] colcon.colcon_core.package_identification Level 1 _identify(.) by extension 'cmake'
[0.190s] colcon.colcon_core.package_identification Level 1 _identify(.) by extension 'python'
[0.190s] colcon.colcon_core.package_identification Level 1 _identify(.) by extensions ['python_setup_py']
[0.190s] colcon.colcon_core.package_identification Level 1 _identify(.) by extension 'python_setup_py'
[0.190s] colcon.colcon_core.package_identification Level 1 _identify(build) by extensions ['ignore', 'ignore_ament_install']
[0.190s] colcon.colcon_core.package_identification Level 1 _identify(build) by extension 'ignore'
[0.190s] colcon.colcon_core.package_identification Level 1 _identify(build) ignored
[0.190s] colcon.colcon_core.package_identification Level 1 _identify(data) by extensions ['ignore', 'ignore_ament_install']
[0.190s] colcon.colcon_core.package_identification Level 1 _identify(data) by extension 'ignore'
[0.190s] colcon.colcon_core.package_identification Level 1 _identify(data) by extension 'ignore_ament_install'
[0.190s] colcon.colcon_core.package_identification Level 1 _identify(data) by extensions ['colcon_pkg']
[0.190s] colcon.colcon_core.package_identification Level 1 _identify(data) by extension 'colcon_pkg'
[0.190s] colcon.colcon_core.package_identification Level 1 _identify(data) by extensions ['colcon_meta']
[0.190s] colcon.colcon_core.package_identification Level 1 _identify(data) by extension 'colcon_meta'
[0.190s] colcon.colcon_core.package_identification Level 1 _identify(data) by extensions ['ros']
[0.190s] colcon.colcon_core.package_identification Level 1 _identify(data) by extension 'ros'
[0.190s] colcon.colcon_core.package_identification Level 1 _identify(data) by extensions ['cmake', 'python']
[0.190s] colcon.colcon_core.package_identification Level 1 _identify(data) by extension 'cmake'
[0.190s] colcon.colcon_core.package_identification Level 1 _identify(data) by extension 'python'
[0.190s] colcon.colcon_core.package_identification Level 1 _identify(data) by extensions ['python_setup_py']
[0.190s] colcon.colcon_core.package_identification Level 1 _identify(data) by extension 'python_setup_py'
[0.190s] colcon.colcon_core.package_identification Level 1 _identify(data/distance) by extensions ['ignore', 'ignore_ament_install']
[0.190s] colcon.colcon_core.package_identification Level 1 _identify(data/distance) by extension 'ignore'
[0.190s] colcon.colcon_core.package_identification Level 1 _identify(data/distance) by extension 'ignore_ament_install'
[0.190s] colcon.colcon_core.package_identification Level 1 _identify(data/distance) by extensions ['colcon_pkg']
[0.190s] colcon.colcon_core.package_identification Level 1 _identify(data/distance) by extension 'colcon_pkg'
[0.190s] colcon.colcon_core.package_identification Level 1 _identify(data/distance) by extensions ['colcon_meta']
[0.190s] colcon.colcon_core.package_identification Level 1 _identify(data/distance) by extension 'colcon_meta'
[0.191s] colcon.colcon_core.package_identification Level 1 _identify(data/distance) by extensions ['ros']
[0.191s] colcon.colcon_core.package_identification Level 1 _identify(data/distance) by extension 'ros'
[0.191s] colcon.colcon_core.package_identification Level 1 _identify(data/distance) by extensions ['cmake', 'python']
[0.191s] colcon.colcon_core.package_identification Level 1 _identify(data/distance) by extension 'cmake'
[0.191s] colcon.colcon_core.package_identification Level 1 _identify(data/distance) by extension 'python'
[0.191s] colcon.colcon_core.package_identification Level 1 _identify(data/distance) by extensions ['python_setup_py']
[0.191s] colcon.colcon_core.package_identification Level 1 _identify(data/distance) by extension 'python_setup_py'
[0.191s] colcon.colcon_core.package_identification Level 1 _identify(data/predict) by extensions ['ignore', 'ignore_ament_install']
[0.191s] colcon.colcon_core.package_identification Level 1 _identify(data/predict) by extension 'ignore'
[0.191s] colcon.colcon_core.package_identification Level 1 _identify(data/predict) by extension 'ignore_ament_install'
[0.191s] colcon.colcon_core.package_identification Level 1 _identify(data/predict) by extensions ['colcon_pkg']
[0.191s] colcon.colcon_core.package_identification Level 1 _identify(data/predict) by extension 'colcon_pkg'
[0.191s] colcon.colcon_core.package_identification Level 1 _identify(data/predict) by extensions ['colcon_meta']
[0.191s] colcon.colcon_core.package_identification Level 1 _identify(data/predict) by extension 'colcon_meta'
[0.191s] colcon.colcon_core.package_identification Level 1 _identify(data/predict) by extensions ['ros']
[0.191s] colcon.colcon_core.package_identification Level 1 _identify(data/predict) by extension 'ros'
[0.191s] colcon.colcon_core.package_identification Level 1 _identify(data/predict) by extensions ['cmake', 'python']
[0.191s] colcon.colcon_core.package_identification Level 1 _identify(data/predict) by extension 'cmake'
[0.191s] colcon.colcon_core.package_identification Level 1 _identify(data/predict) by extension 'python'
[0.191s] colcon.colcon_core.package_identification Level 1 _identify(data/predict) by extensions ['python_setup_py']
[0.191s] colcon.colcon_core.package_identification Level 1 _identify(data/predict) by extension 'python_setup_py'
[0.191s] colcon.colcon_core.package_identification Level 1 _identify(data/predict/rosbag2_2025_07_01-13_07_04) by extensions ['ignore', 'ignore_ament_install']
[0.191s] colcon.colcon_core.package_identification Level 1 _identify(data/predict/rosbag2_2025_07_01-13_07_04) by extension 'ignore'
[0.191s] colcon.colcon_core.package_identification Level 1 _identify(data/predict/rosbag2_2025_07_01-13_07_04) by extension 'ignore_ament_install'
[0.191s] colcon.colcon_core.package_identification Level 1 _identify(data/predict/rosbag2_2025_07_01-13_07_04) by extensions ['colcon_pkg']
[0.191s] colcon.colcon_core.package_identification Level 1 _identify(data/predict/rosbag2_2025_07_01-13_07_04) by extension 'colcon_pkg'
[0.191s] colcon.colcon_core.package_identification Level 1 _identify(data/predict/rosbag2_2025_07_01-13_07_04) by extensions ['colcon_meta']
[0.191s] colcon.colcon_core.package_identification Level 1 _identify(data/predict/rosbag2_2025_07_01-13_07_04) by extension 'colcon_meta'
[0.191s] colcon.colcon_core.package_identification Level 1 _identify(data/predict/rosbag2_2025_07_01-13_07_04) by extensions ['ros']
[0.191s] colcon.colcon_core.package_identification Level 1 _identify(data/predict/rosbag2_2025_07_01-13_07_04) by extension 'ros'
[0.191s] colcon.colcon_core.package_identification Level 1 _identify(data/predict/rosbag2_2025_07_01-13_07_04) by extensions ['cmake', 'python']
[0.191s] colcon.colcon_core.package_identification Level 1 _identify(data/predict/rosbag2_2025_07_01-13_07_04) by extension 'cmake'
[0.191s] colcon.colcon_core.package_identification Level 1 _identify(data/predict/rosbag2_2025_07_01-13_07_04) by extension 'python'
[0.191s] colcon.colcon_core.package_identification Level 1 _identify(data/predict/rosbag2_2025_07_01-13_07_04) by extensions ['python_setup_py']
[0.191s] colcon.colcon_core.package_identification Level 1 _identify(data/predict/rosbag2_2025_07_01-13_07_04) by extension 'python_setup_py'
[0.191s] colcon.colcon_core.package_identification Level 1 _identify(data/predict/rosbag2_2025_07_01-13_57_03) by extensions ['ignore', 'ignore_ament_install']
[0.192s] colcon.colcon_core.package_identification Level 1 _identify(data/predict/rosbag2_2025_07_01-13_57_03) by extension 'ignore'
[0.192s] colcon.colcon_core.package_identification Level 1 _identify(data/predict/rosbag2_2025_07_01-13_57_03) by extension 'ignore_ament_install'
[0.192s] colcon.colcon_core.package_identification Level 1 _identify(data/predict/rosbag2_2025_07_01-13_57_03) by extensions ['colcon_pkg']
[0.192s] colcon.colcon_core.package_identification Level 1 _identify(data/predict/rosbag2_2025_07_01-13_57_03) by extension 'colcon_pkg'
[0.192s] colcon.colcon_core.package_identification Level 1 _identify(data/predict/rosbag2_2025_07_01-13_57_03) by extensions ['colcon_meta']
[0.192s] colcon.colcon_core.package_identification Level 1 _identify(data/predict/rosbag2_2025_07_01-13_57_03) by extension 'colcon_meta'
[0.192s] colcon.colcon_core.package_identification Level 1 _identify(data/predict/rosbag2_2025_07_01-13_57_03) by extensions ['ros']
[0.192s] colcon.colcon_core.package_identification Level 1 _identify(data/predict/rosbag2_2025_07_01-13_57_03) by extension 'ros'
[0.192s] colcon.colcon_core.package_identification Level 1 _identify(data/predict/rosbag2_2025_07_01-13_57_03) by extensions ['cmake', 'python']
[0.192s] colcon.colcon_core.package_identification Level 1 _identify(data/predict/rosbag2_2025_07_01-13_57_03) by extension 'cmake'
[0.192s] colcon.colcon_core.package_identification Level 1 _identify(data/predict/rosbag2_2025_07_01-13_57_03) by extension 'python'
[0.192s] colcon.colcon_core.package_identification Level 1 _identify(data/predict/rosbag2_2025_07_01-13_57_03) by extensions ['python_setup_py']
[0.192s] colcon.colcon_core.package_identification Level 1 _identify(data/predict/rosbag2_2025_07_01-13_57_03) by extension 'python_setup_py'
[0.192s] colcon.colcon_core.package_identification Level 1 _identify(data/predict/rosbag2_2025_07_01-14_37_08) by extensions ['ignore', 'ignore_ament_install']
[0.192s] colcon.colcon_core.package_identification Level 1 _identify(data/predict/rosbag2_2025_07_01-14_37_08) by extension 'ignore'
[0.192s] colcon.colcon_core.package_identification Level 1 _identify(data/predict/rosbag2_2025_07_01-14_37_08) by extension 'ignore_ament_install'
[0.192s] colcon.colcon_core.package_identification Level 1 _identify(data/predict/rosbag2_2025_07_01-14_37_08) by extensions ['colcon_pkg']
[0.192s] colcon.colcon_core.package_identification Level 1 _identify(data/predict/rosbag2_2025_07_01-14_37_08) by extension 'colcon_pkg'
[0.192s] colcon.colcon_core.package_identification Level 1 _identify(data/predict/rosbag2_2025_07_01-14_37_08) by extensions ['colcon_meta']
[0.192s] colcon.colcon_core.package_identification Level 1 _identify(data/predict/rosbag2_2025_07_01-14_37_08) by extension 'colcon_meta'
[0.192s] colcon.colcon_core.package_identification Level 1 _identify(data/predict/rosbag2_2025_07_01-14_37_08) by extensions ['ros']
[0.192s] colcon.colcon_core.package_identification Level 1 _identify(data/predict/rosbag2_2025_07_01-14_37_08) by extension 'ros'
[0.192s] colcon.colcon_core.package_identification Level 1 _identify(data/predict/rosbag2_2025_07_01-14_37_08) by extensions ['cmake', 'python']
[0.192s] colcon.colcon_core.package_identification Level 1 _identify(data/predict/rosbag2_2025_07_01-14_37_08) by extension 'cmake'
[0.192s] colcon.colcon_core.package_identification Level 1 _identify(data/predict/rosbag2_2025_07_01-14_37_08) by extension 'python'
[0.192s] colcon.colcon_core.package_identification Level 1 _identify(data/predict/rosbag2_2025_07_01-14_37_08) by extensions ['python_setup_py']
[0.192s] colcon.colcon_core.package_identification Level 1 _identify(data/predict/rosbag2_2025_07_01-14_37_08) by extension 'python_setup_py'
[0.192s] colcon.colcon_core.package_identification Level 1 _identify(data/predict/rosbag2_2025_07_01-15_14_41) by extensions ['ignore', 'ignore_ament_install']
[0.192s] colcon.colcon_core.package_identification Level 1 _identify(data/predict/rosbag2_2025_07_01-15_14_41) by extension 'ignore'
[0.192s] colcon.colcon_core.package_identification Level 1 _identify(data/predict/rosbag2_2025_07_01-15_14_41) by extension 'ignore_ament_install'
[0.192s] colcon.colcon_core.package_identification Level 1 _identify(data/predict/rosbag2_2025_07_01-15_14_41) by extensions ['colcon_pkg']
[0.192s] colcon.colcon_core.package_identification Level 1 _identify(data/predict/rosbag2_2025_07_01-15_14_41) by extension 'colcon_pkg'
[0.192s] colcon.colcon_core.package_identification Level 1 _identify(data/predict/rosbag2_2025_07_01-15_14_41) by extensions ['colcon_meta']
[0.192s] colcon.colcon_core.package_identification Level 1 _identify(data/predict/rosbag2_2025_07_01-15_14_41) by extension 'colcon_meta'
[0.192s] colcon.colcon_core.package_identification Level 1 _identify(data/predict/rosbag2_2025_07_01-15_14_41) by extensions ['ros']
[0.192s] colcon.colcon_core.package_identification Level 1 _identify(data/predict/rosbag2_2025_07_01-15_14_41) by extension 'ros'
[0.192s] colcon.colcon_core.package_identification Level 1 _identify(data/predict/rosbag2_2025_07_01-15_14_41) by extensions ['cmake', 'python']
[0.192s] colcon.colcon_core.package_identification Level 1 _identify(data/predict/rosbag2_2025_07_01-15_14_41) by extension 'cmake'
[0.192s] colcon.colcon_core.package_identification Level 1 _identify(data/predict/rosbag2_2025_07_01-15_14_41) by extension 'python'
[0.192s] colcon.colcon_core.package_identification Level 1 _identify(data/predict/rosbag2_2025_07_01-15_14_41) by extensions ['python_setup_py']
[0.192s] colcon.colcon_core.package_identification Level 1 _identify(data/predict/rosbag2_2025_07_01-15_14_41) by extension 'python_setup_py'
[0.193s] colcon.colcon_core.package_identification Level 1 _identify(data/predict/rosbag2_2025_07_01-15_34_44) by extensions ['ignore', 'ignore_ament_install']
[0.193s] colcon.colcon_core.package_identification Level 1 _identify(data/predict/rosbag2_2025_07_01-15_34_44) by extension 'ignore'
[0.193s] colcon.colcon_core.package_identification Level 1 _identify(data/predict/rosbag2_2025_07_01-15_34_44) by extension 'ignore_ament_install'
[0.193s] colcon.colcon_core.package_identification Level 1 _identify(data/predict/rosbag2_2025_07_01-15_34_44) by extensions ['colcon_pkg']
[0.193s] colcon.colcon_core.package_identification Level 1 _identify(data/predict/rosbag2_2025_07_01-15_34_44) by extension 'colcon_pkg'
[0.193s] colcon.colcon_core.package_identification Level 1 _identify(data/predict/rosbag2_2025_07_01-15_34_44) by extensions ['colcon_meta']
[0.193s] colcon.colcon_core.package_identification Level 1 _identify(data/predict/rosbag2_2025_07_01-15_34_44) by extension 'colcon_meta'
[0.193s] colcon.colcon_core.package_identification Level 1 _identify(data/predict/rosbag2_2025_07_01-15_34_44) by extensions ['ros']
[0.193s] colcon.colcon_core.package_identification Level 1 _identify(data/predict/rosbag2_2025_07_01-15_34_44) by extension 'ros'
[0.193s] colcon.colcon_core.package_identification Level 1 _identify(data/predict/rosbag2_2025_07_01-15_34_44) by extensions ['cmake', 'python']
[0.193s] colcon.colcon_core.package_identification Level 1 _identify(data/predict/rosbag2_2025_07_01-15_34_44) by extension 'cmake'
[0.193s] colcon.colcon_core.package_identification Level 1 _identify(data/predict/rosbag2_2025_07_01-15_34_44) by extension 'python'
[0.193s] colcon.colcon_core.package_identification Level 1 _identify(data/predict/rosbag2_2025_07_01-15_34_44) by extensions ['python_setup_py']
[0.193s] colcon.colcon_core.package_identification Level 1 _identify(data/predict/rosbag2_2025_07_01-15_34_44) by extension 'python_setup_py'
[0.193s] colcon.colcon_core.package_identification Level 1 _identify(data/predict/rosbag2_2025_07_01-16_19_05) by extensions ['ignore', 'ignore_ament_install']
[0.193s] colcon.colcon_core.package_identification Level 1 _identify(data/predict/rosbag2_2025_07_01-16_19_05) by extension 'ignore'
[0.193s] colcon.colcon_core.package_identification Level 1 _identify(data/predict/rosbag2_2025_07_01-16_19_05) by extension 'ignore_ament_install'
[0.193s] colcon.colcon_core.package_identification Level 1 _identify(data/predict/rosbag2_2025_07_01-16_19_05) by extensions ['colcon_pkg']
[0.193s] colcon.colcon_core.package_identification Level 1 _identify(data/predict/rosbag2_2025_07_01-16_19_05) by extension 'colcon_pkg'
[0.193s] colcon.colcon_core.package_identification Level 1 _identify(data/predict/rosbag2_2025_07_01-16_19_05) by extensions ['colcon_meta']
[0.193s] colcon.colcon_core.package_identification Level 1 _identify(data/predict/rosbag2_2025_07_01-16_19_05) by extension 'colcon_meta'
[0.193s] colcon.colcon_core.package_identification Level 1 _identify(data/predict/rosbag2_2025_07_01-16_19_05) by extensions ['ros']
[0.193s] colcon.colcon_core.package_identification Level 1 _identify(data/predict/rosbag2_2025_07_01-16_19_05) by extension 'ros'
[0.193s] colcon.colcon_core.package_identification Level 1 _identify(data/predict/rosbag2_2025_07_01-16_19_05) by extensions ['cmake', 'python']
[0.193s] colcon.colcon_core.package_identification Level 1 _identify(data/predict/rosbag2_2025_07_01-16_19_05) by extension 'cmake'
[0.193s] colcon.colcon_core.package_identification Level 1 _identify(data/predict/rosbag2_2025_07_01-16_19_05) by extension 'python'
[0.193s] colcon.colcon_core.package_identification Level 1 _identify(data/predict/rosbag2_2025_07_01-16_19_05) by extensions ['python_setup_py']
[0.193s] colcon.colcon_core.package_identification Level 1 _identify(data/predict/rosbag2_2025_07_01-16_19_05) by extension 'python_setup_py'
[0.193s] colcon.colcon_core.package_identification Level 1 _identify(data/predict/rosbag2_2025_07_01-16_29_32) by extensions ['ignore', 'ignore_ament_install']
[0.193s] colcon.colcon_core.package_identification Level 1 _identify(data/predict/rosbag2_2025_07_01-16_29_32) by extension 'ignore'
[0.193s] colcon.colcon_core.package_identification Level 1 _identify(data/predict/rosbag2_2025_07_01-16_29_32) by extension 'ignore_ament_install'
[0.193s] colcon.colcon_core.package_identification Level 1 _identify(data/predict/rosbag2_2025_07_01-16_29_32) by extensions ['colcon_pkg']
[0.193s] colcon.colcon_core.package_identification Level 1 _identify(data/predict/rosbag2_2025_07_01-16_29_32) by extension 'colcon_pkg'
[0.193s] colcon.colcon_core.package_identification Level 1 _identify(data/predict/rosbag2_2025_07_01-16_29_32) by extensions ['colcon_meta']
[0.193s] colcon.colcon_core.package_identification Level 1 _identify(data/predict/rosbag2_2025_07_01-16_29_32) by extension 'colcon_meta'
[0.193s] colcon.colcon_core.package_identification Level 1 _identify(data/predict/rosbag2_2025_07_01-16_29_32) by extensions ['ros']
[0.193s] colcon.colcon_core.package_identification Level 1 _identify(data/predict/rosbag2_2025_07_01-16_29_32) by extension 'ros'
[0.193s] colcon.colcon_core.package_identification Level 1 _identify(data/predict/rosbag2_2025_07_01-16_29_32) by extensions ['cmake', 'python']
[0.193s] colcon.colcon_core.package_identification Level 1 _identify(data/predict/rosbag2_2025_07_01-16_29_32) by extension 'cmake'
[0.194s] colcon.colcon_core.package_identification Level 1 _identify(data/predict/rosbag2_2025_07_01-16_29_32) by extension 'python'
[0.194s] colcon.colcon_core.package_identification Level 1 _identify(data/predict/rosbag2_2025_07_01-16_29_32) by extensions ['python_setup_py']
[0.194s] colcon.colcon_core.package_identification Level 1 _identify(data/predict/rosbag2_2025_07_01-16_29_32) by extension 'python_setup_py'
[0.194s] colcon.colcon_core.package_identification Level 1 _identify(data/predict/rosbag2_2025_07_01-16_59_30) by extensions ['ignore', 'ignore_ament_install']
[0.194s] colcon.colcon_core.package_identification Level 1 _identify(data/predict/rosbag2_2025_07_01-16_59_30) by extension 'ignore'
[0.194s] colcon.colcon_core.package_identification Level 1 _identify(data/predict/rosbag2_2025_07_01-16_59_30) by extension 'ignore_ament_install'
[0.194s] colcon.colcon_core.package_identification Level 1 _identify(data/predict/rosbag2_2025_07_01-16_59_30) by extensions ['colcon_pkg']
[0.194s] colcon.colcon_core.package_identification Level 1 _identify(data/predict/rosbag2_2025_07_01-16_59_30) by extension 'colcon_pkg'
[0.194s] colcon.colcon_core.package_identification Level 1 _identify(data/predict/rosbag2_2025_07_01-16_59_30) by extensions ['colcon_meta']
[0.194s] colcon.colcon_core.package_identification Level 1 _identify(data/predict/rosbag2_2025_07_01-16_59_30) by extension 'colcon_meta'
[0.194s] colcon.colcon_core.package_identification Level 1 _identify(data/predict/rosbag2_2025_07_01-16_59_30) by extensions ['ros']
[0.194s] colcon.colcon_core.package_identification Level 1 _identify(data/predict/rosbag2_2025_07_01-16_59_30) by extension 'ros'
[0.194s] colcon.colcon_core.package_identification Level 1 _identify(data/predict/rosbag2_2025_07_01-16_59_30) by extensions ['cmake', 'python']
[0.194s] colcon.colcon_core.package_identification Level 1 _identify(data/predict/rosbag2_2025_07_01-16_59_30) by extension 'cmake'
[0.194s] colcon.colcon_core.package_identification Level 1 _identify(data/predict/rosbag2_2025_07_01-16_59_30) by extension 'python'
[0.194s] colcon.colcon_core.package_identification Level 1 _identify(data/predict/rosbag2_2025_07_01-16_59_30) by extensions ['python_setup_py']
[0.194s] colcon.colcon_core.package_identification Level 1 _identify(data/predict/rosbag2_2025_07_01-16_59_30) by extension 'python_setup_py'
[0.194s] colcon.colcon_core.package_identification Level 1 _identify(data/predict/rosbag2_2025_07_01-17_05_11) by extensions ['ignore', 'ignore_ament_install']
[0.194s] colcon.colcon_core.package_identification Level 1 _identify(data/predict/rosbag2_2025_07_01-17_05_11) by extension 'ignore'
[0.194s] colcon.colcon_core.package_identification Level 1 _identify(data/predict/rosbag2_2025_07_01-17_05_11) by extension 'ignore_ament_install'
[0.194s] colcon.colcon_core.package_identification Level 1 _identify(data/predict/rosbag2_2025_07_01-17_05_11) by extensions ['colcon_pkg']
[0.194s] colcon.colcon_core.package_identification Level 1 _identify(data/predict/rosbag2_2025_07_01-17_05_11) by extension 'colcon_pkg'
[0.194s] colcon.colcon_core.package_identification Level 1 _identify(data/predict/rosbag2_2025_07_01-17_05_11) by extensions ['colcon_meta']
[0.194s] colcon.colcon_core.package_identification Level 1 _identify(data/predict/rosbag2_2025_07_01-17_05_11) by extension 'colcon_meta'
[0.194s] colcon.colcon_core.package_identification Level 1 _identify(data/predict/rosbag2_2025_07_01-17_05_11) by extensions ['ros']
[0.194s] colcon.colcon_core.package_identification Level 1 _identify(data/predict/rosbag2_2025_07_01-17_05_11) by extension 'ros'
[0.194s] colcon.colcon_core.package_identification Level 1 _identify(data/predict/rosbag2_2025_07_01-17_05_11) by extensions ['cmake', 'python']
[0.194s] colcon.colcon_core.package_identification Level 1 _identify(data/predict/rosbag2_2025_07_01-17_05_11) by extension 'cmake'
[0.194s] colcon.colcon_core.package_identification Level 1 _identify(data/predict/rosbag2_2025_07_01-17_05_11) by extension 'python'
[0.194s] colcon.colcon_core.package_identification Level 1 _identify(data/predict/rosbag2_2025_07_01-17_05_11) by extensions ['python_setup_py']
[0.194s] colcon.colcon_core.package_identification Level 1 _identify(data/predict/rosbag2_2025_07_01-17_05_11) by extension 'python_setup_py'
[0.194s] colcon.colcon_core.package_identification Level 1 _identify(install) by extensions ['ignore', 'ignore_ament_install']
[0.194s] colcon.colcon_core.package_identification Level 1 _identify(install) by extension 'ignore'
[0.194s] colcon.colcon_core.package_identification Level 1 _identify(install) ignored
[0.194s] colcon.colcon_core.package_identification Level 1 _identify(log) by extensions ['ignore', 'ignore_ament_install']
[0.194s] colcon.colcon_core.package_identification Level 1 _identify(log) by extension 'ignore'
[0.195s] colcon.colcon_core.package_identification Level 1 _identify(log) ignored
[0.195s] colcon.colcon_core.package_identification Level 1 _identify(logs) by extensions ['ignore', 'ignore_ament_install']
[0.195s] colcon.colcon_core.package_identification Level 1 _identify(logs) by extension 'ignore'
[0.195s] colcon.colcon_core.package_identification Level 1 _identify(logs) by extension 'ignore_ament_install'
[0.195s] colcon.colcon_core.package_identification Level 1 _identify(logs) by extensions ['colcon_pkg']
[0.195s] colcon.colcon_core.package_identification Level 1 _identify(logs) by extension 'colcon_pkg'
[0.195s] colcon.colcon_core.package_identification Level 1 _identify(logs) by extensions ['colcon_meta']
[0.195s] colcon.colcon_core.package_identification Level 1 _identify(logs) by extension 'colcon_meta'
[0.195s] colcon.colcon_core.package_identification Level 1 _identify(logs) by extensions ['ros']
[0.195s] colcon.colcon_core.package_identification Level 1 _identify(logs) by extension 'ros'
[0.195s] colcon.colcon_core.package_identification Level 1 _identify(logs) by extensions ['cmake', 'python']
[0.195s] colcon.colcon_core.package_identification Level 1 _identify(logs) by extension 'cmake'
[0.195s] colcon.colcon_core.package_identification Level 1 _identify(logs) by extension 'python'
[0.195s] colcon.colcon_core.package_identification Level 1 _identify(logs) by extensions ['python_setup_py']
[0.195s] colcon.colcon_core.package_identification Level 1 _identify(logs) by extension 'python_setup_py'
[0.195s] colcon.colcon_core.package_identification Level 1 _identify(src) by extensions ['ignore', 'ignore_ament_install']
[0.195s] colcon.colcon_core.package_identification Level 1 _identify(src) by extension 'ignore'
[0.195s] colcon.colcon_core.package_identification Level 1 _identify(src) by extension 'ignore_ament_install'
[0.195s] colcon.colcon_core.package_identification Level 1 _identify(src) by extensions ['colcon_pkg']
[0.195s] colcon.colcon_core.package_identification Level 1 _identify(src) by extension 'colcon_pkg'
[0.195s] colcon.colcon_core.package_identification Level 1 _identify(src) by extensions ['colcon_meta']
[0.195s] colcon.colcon_core.package_identification Level 1 _identify(src) by extension 'colcon_meta'
[0.195s] colcon.colcon_core.package_identification Level 1 _identify(src) by extensions ['ros']
[0.195s] colcon.colcon_core.package_identification Level 1 _identify(src) by extension 'ros'
[0.195s] colcon.colcon_core.package_identification Level 1 _identify(src) by extensions ['cmake', 'python']
[0.195s] colcon.colcon_core.package_identification Level 1 _identify(src) by extension 'cmake'
[0.195s] colcon.colcon_core.package_identification Level 1 _identify(src) by extension 'python'
[0.195s] colcon.colcon_core.package_identification Level 1 _identify(src) by extensions ['python_setup_py']
[0.195s] colcon.colcon_core.package_identification Level 1 _identify(src) by extension 'python_setup_py'
[0.195s] colcon.colcon_core.package_identification Level 1 _identify(src/Messages) by extensions ['ignore', 'ignore_ament_install']
[0.195s] colcon.colcon_core.package_identification Level 1 _identify(src/Messages) by extension 'ignore'
[0.195s] colcon.colcon_core.package_identification Level 1 _identify(src/Messages) by extension 'ignore_ament_install'
[0.195s] colcon.colcon_core.package_identification Level 1 _identify(src/Messages) by extensions ['colcon_pkg']
[0.195s] colcon.colcon_core.package_identification Level 1 _identify(src/Messages) by extension 'colcon_pkg'
[0.195s] colcon.colcon_core.package_identification Level 1 _identify(src/Messages) by extensions ['colcon_meta']
[0.195s] colcon.colcon_core.package_identification Level 1 _identify(src/Messages) by extension 'colcon_meta'
[0.196s] colcon.colcon_core.package_identification Level 1 _identify(src/Messages) by extensions ['ros']
[0.196s] colcon.colcon_core.package_identification Level 1 _identify(src/Messages) by extension 'ros'
[0.197s] colcon.colcon_core.package_identification DEBUG Package 'src/Messages' with type 'ros.ament_cmake' and name 'autoaim_msgs'
[0.197s] colcon.colcon_core.package_identification Level 1 _identify(src/config) by extensions ['ignore', 'ignore_ament_install']
[0.197s] colcon.colcon_core.package_identification Level 1 _identify(src/config) by extension 'ignore'
[0.197s] colcon.colcon_core.package_identification Level 1 _identify(src/config) by extension 'ignore_ament_install'
[0.197s] colcon.colcon_core.package_identification Level 1 _identify(src/config) by extensions ['colcon_pkg']
[0.197s] colcon.colcon_core.package_identification Level 1 _identify(src/config) by extension 'colcon_pkg'
[0.197s] colcon.colcon_core.package_identification Level 1 _identify(src/config) by extensions ['colcon_meta']
[0.197s] colcon.colcon_core.package_identification Level 1 _identify(src/config) by extension 'colcon_meta'
[0.198s] colcon.colcon_core.package_identification Level 1 _identify(src/config) by extensions ['ros']
[0.198s] colcon.colcon_core.package_identification Level 1 _identify(src/config) by extension 'ros'
[0.198s] colcon.colcon_core.package_identification Level 1 _identify(src/config) by extensions ['cmake', 'python']
[0.198s] colcon.colcon_core.package_identification Level 1 _identify(src/config) by extension 'cmake'
[0.198s] colcon.colcon_core.package_identification Level 1 _identify(src/config) by extension 'python'
[0.198s] colcon.colcon_core.package_identification Level 1 _identify(src/config) by extensions ['python_setup_py']
[0.198s] colcon.colcon_core.package_identification Level 1 _identify(src/config) by extension 'python_setup_py'
[0.198s] colcon.colcon_core.package_identification Level 1 _identify(src/core) by extensions ['ignore', 'ignore_ament_install']
[0.198s] colcon.colcon_core.package_identification Level 1 _identify(src/core) by extension 'ignore'
[0.198s] colcon.colcon_core.package_identification Level 1 _identify(src/core) by extension 'ignore_ament_install'
[0.198s] colcon.colcon_core.package_identification Level 1 _identify(src/core) by extensions ['colcon_pkg']
[0.198s] colcon.colcon_core.package_identification Level 1 _identify(src/core) by extension 'colcon_pkg'
[0.198s] colcon.colcon_core.package_identification Level 1 _identify(src/core) by extensions ['colcon_meta']
[0.198s] colcon.colcon_core.package_identification Level 1 _identify(src/core) by extension 'colcon_meta'
[0.198s] colcon.colcon_core.package_identification Level 1 _identify(src/core) by extensions ['ros']
[0.198s] colcon.colcon_core.package_identification Level 1 _identify(src/core) by extension 'ros'
[0.198s] colcon.colcon_core.package_identification Level 1 _identify(src/core) by extensions ['cmake', 'python']
[0.198s] colcon.colcon_core.package_identification Level 1 _identify(src/core) by extension 'cmake'
[0.198s] colcon.colcon_core.package_identification Level 1 _identify(src/core) by extension 'python'
[0.198s] colcon.colcon_core.package_identification Level 1 _identify(src/core) by extensions ['python_setup_py']
[0.198s] colcon.colcon_core.package_identification Level 1 _identify(src/core) by extension 'python_setup_py'
[0.198s] colcon.colcon_core.package_identification Level 1 _identify(src/core/aimer) by extensions ['ignore', 'ignore_ament_install']
[0.198s] colcon.colcon_core.package_identification Level 1 _identify(src/core/aimer) by extension 'ignore'
[0.198s] colcon.colcon_core.package_identification Level 1 _identify(src/core/aimer) by extension 'ignore_ament_install'
[0.198s] colcon.colcon_core.package_identification Level 1 _identify(src/core/aimer) by extensions ['colcon_pkg']
[0.198s] colcon.colcon_core.package_identification Level 1 _identify(src/core/aimer) by extension 'colcon_pkg'
[0.198s] colcon.colcon_core.package_identification Level 1 _identify(src/core/aimer) by extensions ['colcon_meta']
[0.198s] colcon.colcon_core.package_identification Level 1 _identify(src/core/aimer) by extension 'colcon_meta'
[0.198s] colcon.colcon_core.package_identification Level 1 _identify(src/core/aimer) by extensions ['ros']
[0.198s] colcon.colcon_core.package_identification Level 1 _identify(src/core/aimer) by extension 'ros'
[0.199s] colcon.colcon_core.package_identification DEBUG Package 'src/core/aimer' with type 'ros.ament_cmake' and name 'aimer'
[0.199s] colcon.colcon_core.package_identification Level 1 _identify(src/core/algorithms) by extensions ['ignore', 'ignore_ament_install']
[0.199s] colcon.colcon_core.package_identification Level 1 _identify(src/core/algorithms) by extension 'ignore'
[0.199s] colcon.colcon_core.package_identification Level 1 _identify(src/core/algorithms) by extension 'ignore_ament_install'
[0.199s] colcon.colcon_core.package_identification Level 1 _identify(src/core/algorithms) by extensions ['colcon_pkg']
[0.199s] colcon.colcon_core.package_identification Level 1 _identify(src/core/algorithms) by extension 'colcon_pkg'
[0.199s] colcon.colcon_core.package_identification Level 1 _identify(src/core/algorithms) by extensions ['colcon_meta']
[0.199s] colcon.colcon_core.package_identification Level 1 _identify(src/core/algorithms) by extension 'colcon_meta'
[0.199s] colcon.colcon_core.package_identification Level 1 _identify(src/core/algorithms) by extensions ['ros']
[0.199s] colcon.colcon_core.package_identification Level 1 _identify(src/core/algorithms) by extension 'ros'
[0.200s] colcon.colcon_core.package_identification DEBUG Package 'src/core/algorithms' with type 'ros.ament_cmake' and name 'filter_lib'
[0.200s] colcon.colcon_core.package_identification Level 1 _identify(src/core/detected) by extensions ['ignore', 'ignore_ament_install']
[0.200s] colcon.colcon_core.package_identification Level 1 _identify(src/core/detected) by extension 'ignore'
[0.200s] colcon.colcon_core.package_identification Level 1 _identify(src/core/detected) by extension 'ignore_ament_install'
[0.200s] colcon.colcon_core.package_identification Level 1 _identify(src/core/detected) by extensions ['colcon_pkg']
[0.200s] colcon.colcon_core.package_identification Level 1 _identify(src/core/detected) by extension 'colcon_pkg'
[0.200s] colcon.colcon_core.package_identification Level 1 _identify(src/core/detected) by extensions ['colcon_meta']
[0.200s] colcon.colcon_core.package_identification Level 1 _identify(src/core/detected) by extension 'colcon_meta'
[0.200s] colcon.colcon_core.package_identification Level 1 _identify(src/core/detected) by extensions ['ros']
[0.200s] colcon.colcon_core.package_identification Level 1 _identify(src/core/detected) by extension 'ros'
[0.200s] colcon.colcon_core.package_identification DEBUG Package 'src/core/detected' with type 'ros.ament_cmake' and name 'detected'
[0.200s] colcon.colcon_core.package_identification Level 1 _identify(src/core/planner) by extensions ['ignore', 'ignore_ament_install']
[0.200s] colcon.colcon_core.package_identification Level 1 _identify(src/core/planner) by extension 'ignore'
[0.200s] colcon.colcon_core.package_identification Level 1 _identify(src/core/planner) by extension 'ignore_ament_install'
[0.201s] colcon.colcon_core.package_identification Level 1 _identify(src/core/planner) by extensions ['colcon_pkg']
[0.201s] colcon.colcon_core.package_identification Level 1 _identify(src/core/planner) by extension 'colcon_pkg'
[0.201s] colcon.colcon_core.package_identification Level 1 _identify(src/core/planner) by extensions ['colcon_meta']
[0.201s] colcon.colcon_core.package_identification Level 1 _identify(src/core/planner) by extension 'colcon_meta'
[0.201s] colcon.colcon_core.package_identification Level 1 _identify(src/core/planner) by extensions ['ros']
[0.201s] colcon.colcon_core.package_identification Level 1 _identify(src/core/planner) by extension 'ros'
[0.201s] colcon.colcon_core.package_identification DEBUG Failed to parse potential ROS package manifest in'src/core/planner': Error(s) in package 'src/core/planner/package.xml':
The manifest contains invalid XML:
no element found: line 1, column 0
[0.201s] colcon.colcon_core.package_identification Level 1 _identify(src/core/planner) by extensions ['cmake', 'python']
[0.201s] colcon.colcon_core.package_identification Level 1 _identify(src/core/planner) by extension 'cmake'
[0.201s] colcon.colcon_core.package_identification Level 1 _identify(src/core/planner) by extension 'python'
[0.201s] colcon.colcon_core.package_identification DEBUG Package 'src/core/planner' with type 'cmake' and name 'planner'
[0.202s] colcon.colcon_core.package_identification Level 1 _identify(src/core/pointer) by extensions ['ignore', 'ignore_ament_install']
[0.202s] colcon.colcon_core.package_identification Level 1 _identify(src/core/pointer) by extension 'ignore'
[0.202s] colcon.colcon_core.package_identification Level 1 _identify(src/core/pointer) by extension 'ignore_ament_install'
[0.202s] colcon.colcon_core.package_identification Level 1 _identify(src/core/pointer) by extensions ['colcon_pkg']
[0.202s] colcon.colcon_core.package_identification Level 1 _identify(src/core/pointer) by extension 'colcon_pkg'
[0.202s] colcon.colcon_core.package_identification Level 1 _identify(src/core/pointer) by extensions ['colcon_meta']
[0.202s] colcon.colcon_core.package_identification Level 1 _identify(src/core/pointer) by extension 'colcon_meta'
[0.202s] colcon.colcon_core.package_identification Level 1 _identify(src/core/pointer) by extensions ['ros']
[0.202s] colcon.colcon_core.package_identification Level 1 _identify(src/core/pointer) by extension 'ros'
[0.202s] colcon.colcon_core.package_identification DEBUG Package 'src/core/pointer' with type 'ros.ament_cmake' and name 'armor_pointer'
[0.202s] colcon.colcon_core.package_identification Level 1 _identify(src/core/solver) by extensions ['ignore', 'ignore_ament_install']
[0.202s] colcon.colcon_core.package_identification Level 1 _identify(src/core/solver) by extension 'ignore'
[0.202s] colcon.colcon_core.package_identification Level 1 _identify(src/core/solver) by extension 'ignore_ament_install'
[0.202s] colcon.colcon_core.package_identification Level 1 _identify(src/core/solver) by extensions ['colcon_pkg']
[0.202s] colcon.colcon_core.package_identification Level 1 _identify(src/core/solver) by extension 'colcon_pkg'
[0.202s] colcon.colcon_core.package_identification Level 1 _identify(src/core/solver) by extensions ['colcon_meta']
[0.202s] colcon.colcon_core.package_identification Level 1 _identify(src/core/solver) by extension 'colcon_meta'
[0.202s] colcon.colcon_core.package_identification Level 1 _identify(src/core/solver) by extensions ['ros']
[0.202s] colcon.colcon_core.package_identification Level 1 _identify(src/core/solver) by extension 'ros'
[0.203s] colcon.colcon_core.package_identification DEBUG Package 'src/core/solver' with type 'ros.ament_cmake' and name 'solver'
[0.203s] colcon.colcon_core.package_identification Level 1 _identify(src/core/target) by extensions ['ignore', 'ignore_ament_install']
[0.204s] colcon.colcon_core.package_identification Level 1 _identify(src/core/target) by extension 'ignore'
[0.204s] colcon.colcon_core.package_identification Level 1 _identify(src/core/target) by extension 'ignore_ament_install'
[0.204s] colcon.colcon_core.package_identification Level 1 _identify(src/core/target) by extensions ['colcon_pkg']
[0.204s] colcon.colcon_core.package_identification Level 1 _identify(src/core/target) by extension 'colcon_pkg'
[0.204s] colcon.colcon_core.package_identification Level 1 _identify(src/core/target) by extensions ['colcon_meta']
[0.204s] colcon.colcon_core.package_identification Level 1 _identify(src/core/target) by extension 'colcon_meta'
[0.204s] colcon.colcon_core.package_identification Level 1 _identify(src/core/target) by extensions ['ros']
[0.204s] colcon.colcon_core.package_identification Level 1 _identify(src/core/target) by extension 'ros'
[0.204s] colcon.colcon_core.package_identification Level 1 _identify(src/core/target) by extensions ['cmake', 'python']
[0.204s] colcon.colcon_core.package_identification Level 1 _identify(src/core/target) by extension 'cmake'
[0.204s] colcon.colcon_core.package_identification Level 1 _identify(src/core/target) by extension 'python'
[0.204s] colcon.colcon_core.package_identification Level 1 _identify(src/core/target) by extensions ['python_setup_py']
[0.204s] colcon.colcon_core.package_identification Level 1 _identify(src/core/target) by extension 'python_setup_py'
[0.204s] colcon.colcon_core.package_identification Level 1 _identify(src/core/target/motion_model) by extensions ['ignore', 'ignore_ament_install']
[0.204s] colcon.colcon_core.package_identification Level 1 _identify(src/core/target/motion_model) by extension 'ignore'
[0.204s] colcon.colcon_core.package_identification Level 1 _identify(src/core/target/motion_model) by extension 'ignore_ament_install'
[0.204s] colcon.colcon_core.package_identification Level 1 _identify(src/core/target/motion_model) by extensions ['colcon_pkg']
[0.204s] colcon.colcon_core.package_identification Level 1 _identify(src/core/target/motion_model) by extension 'colcon_pkg'
[0.204s] colcon.colcon_core.package_identification Level 1 _identify(src/core/target/motion_model) by extensions ['colcon_meta']
[0.204s] colcon.colcon_core.package_identification Level 1 _identify(src/core/target/motion_model) by extension 'colcon_meta'
[0.204s] colcon.colcon_core.package_identification Level 1 _identify(src/core/target/motion_model) by extensions ['ros']
[0.204s] colcon.colcon_core.package_identification Level 1 _identify(src/core/target/motion_model) by extension 'ros'
[0.205s] colcon.colcon_core.package_identification DEBUG Package 'src/core/target/motion_model' with type 'ros.ament_cmake' and name 'motion_model'
[0.205s] colcon.colcon_core.package_identification Level 1 _identify(src/core/target/predictor) by extensions ['ignore', 'ignore_ament_install']
[0.205s] colcon.colcon_core.package_identification Level 1 _identify(src/core/target/predictor) by extension 'ignore'
[0.205s] colcon.colcon_core.package_identification Level 1 _identify(src/core/target/predictor) by extension 'ignore_ament_install'
[0.205s] colcon.colcon_core.package_identification Level 1 _identify(src/core/target/predictor) by extensions ['colcon_pkg']
[0.205s] colcon.colcon_core.package_identification Level 1 _identify(src/core/target/predictor) by extension 'colcon_pkg'
[0.205s] colcon.colcon_core.package_identification Level 1 _identify(src/core/target/predictor) by extensions ['colcon_meta']
[0.205s] colcon.colcon_core.package_identification Level 1 _identify(src/core/target/predictor) by extension 'colcon_meta'
[0.205s] colcon.colcon_core.package_identification Level 1 _identify(src/core/target/predictor) by extensions ['ros']
[0.205s] colcon.colcon_core.package_identification Level 1 _identify(src/core/target/predictor) by extension 'ros'
[0.206s] colcon.colcon_core.package_identification DEBUG Package 'src/core/target/predictor' with type 'ros.ament_cmake' and name 'predictor'
[0.206s] colcon.colcon_core.package_identification Level 1 _identify(src/core/tracker) by extensions ['ignore', 'ignore_ament_install']
[0.206s] colcon.colcon_core.package_identification Level 1 _identify(src/core/tracker) by extension 'ignore'
[0.206s] colcon.colcon_core.package_identification Level 1 _identify(src/core/tracker) by extension 'ignore_ament_install'
[0.206s] colcon.colcon_core.package_identification Level 1 _identify(src/core/tracker) by extensions ['colcon_pkg']
[0.206s] colcon.colcon_core.package_identification Level 1 _identify(src/core/tracker) by extension 'colcon_pkg'
[0.206s] colcon.colcon_core.package_identification Level 1 _identify(src/core/tracker) by extensions ['colcon_meta']
[0.206s] colcon.colcon_core.package_identification Level 1 _identify(src/core/tracker) by extension 'colcon_meta'
[0.206s] colcon.colcon_core.package_identification Level 1 _identify(src/core/tracker) by extensions ['ros']
[0.206s] colcon.colcon_core.package_identification Level 1 _identify(src/core/tracker) by extension 'ros'
[0.207s] colcon.colcon_core.package_identification DEBUG Package 'src/core/tracker' with type 'ros.ament_cmake' and name 'tracker'
[0.207s] colcon.colcon_core.package_identification Level 1 _identify(src/core/utils) by extensions ['ignore', 'ignore_ament_install']
[0.207s] colcon.colcon_core.package_identification Level 1 _identify(src/core/utils) by extension 'ignore'
[0.207s] colcon.colcon_core.package_identification Level 1 _identify(src/core/utils) by extension 'ignore_ament_install'
[0.207s] colcon.colcon_core.package_identification Level 1 _identify(src/core/utils) by extensions ['colcon_pkg']
[0.207s] colcon.colcon_core.package_identification Level 1 _identify(src/core/utils) by extension 'colcon_pkg'
[0.207s] colcon.colcon_core.package_identification Level 1 _identify(src/core/utils) by extensions ['colcon_meta']
[0.207s] colcon.colcon_core.package_identification Level 1 _identify(src/core/utils) by extension 'colcon_meta'
[0.207s] colcon.colcon_core.package_identification Level 1 _identify(src/core/utils) by extensions ['ros']
[0.207s] colcon.colcon_core.package_identification Level 1 _identify(src/core/utils) by extension 'ros'
[0.208s] colcon.colcon_core.package_identification DEBUG Package 'src/core/utils' with type 'ros.ament_cmake' and name 'utils'
[0.208s] colcon.colcon_core.package_identification Level 1 _identify(src/io) by extensions ['ignore', 'ignore_ament_install']
[0.208s] colcon.colcon_core.package_identification Level 1 _identify(src/io) by extension 'ignore'
[0.208s] colcon.colcon_core.package_identification Level 1 _identify(src/io) by extension 'ignore_ament_install'
[0.208s] colcon.colcon_core.package_identification Level 1 _identify(src/io) by extensions ['colcon_pkg']
[0.208s] colcon.colcon_core.package_identification Level 1 _identify(src/io) by extension 'colcon_pkg'
[0.208s] colcon.colcon_core.package_identification Level 1 _identify(src/io) by extensions ['colcon_meta']
[0.208s] colcon.colcon_core.package_identification Level 1 _identify(src/io) by extension 'colcon_meta'
[0.208s] colcon.colcon_core.package_identification Level 1 _identify(src/io) by extensions ['ros']
[0.208s] colcon.colcon_core.package_identification Level 1 _identify(src/io) by extension 'ros'
[0.208s] colcon.colcon_core.package_identification Level 1 _identify(src/io) by extensions ['cmake', 'python']
[0.208s] colcon.colcon_core.package_identification Level 1 _identify(src/io) by extension 'cmake'
[0.208s] colcon.colcon_core.package_identification Level 1 _identify(src/io) by extension 'python'
[0.208s] colcon.colcon_core.package_identification Level 1 _identify(src/io) by extensions ['python_setup_py']
[0.208s] colcon.colcon_core.package_identification Level 1 _identify(src/io) by extension 'python_setup_py'
[0.208s] colcon.colcon_core.package_identification Level 1 _identify(src/io/cboard) by extensions ['ignore', 'ignore_ament_install']
[0.208s] colcon.colcon_core.package_identification Level 1 _identify(src/io/cboard) by extension 'ignore'
[0.208s] colcon.colcon_core.package_identification Level 1 _identify(src/io/cboard) by extension 'ignore_ament_install'
[0.208s] colcon.colcon_core.package_identification Level 1 _identify(src/io/cboard) by extensions ['colcon_pkg']
[0.208s] colcon.colcon_core.package_identification Level 1 _identify(src/io/cboard) by extension 'colcon_pkg'
[0.208s] colcon.colcon_core.package_identification Level 1 _identify(src/io/cboard) by extensions ['colcon_meta']
[0.208s] colcon.colcon_core.package_identification Level 1 _identify(src/io/cboard) by extension 'colcon_meta'
[0.208s] colcon.colcon_core.package_identification Level 1 _identify(src/io/cboard) by extensions ['ros']
[0.208s] colcon.colcon_core.package_identification Level 1 _identify(src/io/cboard) by extension 'ros'
[0.209s] colcon.colcon_core.package_identification DEBUG Package 'src/io/cboard' with type 'ros.ament_cmake' and name 'cboard'
[0.209s] colcon.colcon_core.package_identification Level 1 _identify(src/io/device) by extensions ['ignore', 'ignore_ament_install']
[0.209s] colcon.colcon_core.package_identification Level 1 _identify(src/io/device) by extension 'ignore'
[0.209s] colcon.colcon_core.package_identification Level 1 _identify(src/io/device) by extension 'ignore_ament_install'
[0.209s] colcon.colcon_core.package_identification Level 1 _identify(src/io/device) by extensions ['colcon_pkg']
[0.209s] colcon.colcon_core.package_identification Level 1 _identify(src/io/device) by extension 'colcon_pkg'
[0.209s] colcon.colcon_core.package_identification Level 1 _identify(src/io/device) by extensions ['colcon_meta']
[0.209s] colcon.colcon_core.package_identification Level 1 _identify(src/io/device) by extension 'colcon_meta'
[0.209s] colcon.colcon_core.package_identification Level 1 _identify(src/io/device) by extensions ['ros']
[0.209s] colcon.colcon_core.package_identification Level 1 _identify(src/io/device) by extension 'ros'
[0.209s] colcon.colcon_core.package_identification Level 1 _identify(src/io/device) by extensions ['cmake', 'python']
[0.209s] colcon.colcon_core.package_identification Level 1 _identify(src/io/device) by extension 'cmake'
[0.209s] colcon.colcon_core.package_identification Level 1 _identify(src/io/device) by extension 'python'
[0.209s] colcon.colcon_core.package_identification Level 1 _identify(src/io/device) by extensions ['python_setup_py']
[0.209s] colcon.colcon_core.package_identification Level 1 _identify(src/io/device) by extension 'python_setup_py'
[0.209s] colcon.colcon_core.package_identification Level 1 _identify(src/io/device/camera) by extensions ['ignore', 'ignore_ament_install']
[0.209s] colcon.colcon_core.package_identification Level 1 _identify(src/io/device/camera) by extension 'ignore'
[0.209s] colcon.colcon_core.package_identification Level 1 _identify(src/io/device/camera) by extension 'ignore_ament_install'
[0.209s] colcon.colcon_core.package_identification Level 1 _identify(src/io/device/camera) by extensions ['colcon_pkg']
[0.209s] colcon.colcon_core.package_identification Level 1 _identify(src/io/device/camera) by extension 'colcon_pkg'
[0.209s] colcon.colcon_core.package_identification Level 1 _identify(src/io/device/camera) by extensions ['colcon_meta']
[0.209s] colcon.colcon_core.package_identification Level 1 _identify(src/io/device/camera) by extension 'colcon_meta'
[0.209s] colcon.colcon_core.package_identification Level 1 _identify(src/io/device/camera) by extensions ['ros']
[0.209s] colcon.colcon_core.package_identification Level 1 _identify(src/io/device/camera) by extension 'ros'
[0.210s] colcon.colcon_core.package_identification DEBUG Package 'src/io/device/camera' with type 'ros.ament_cmake' and name 'hikvision'
[0.210s] colcon.colcon_core.package_identification Level 1 _identify(src/io/device/imu) by extensions ['ignore', 'ignore_ament_install']
[0.210s] colcon.colcon_core.package_identification Level 1 _identify(src/io/device/imu) by extension 'ignore'
[0.210s] colcon.colcon_core.package_identification Level 1 _identify(src/io/device/imu) by extension 'ignore_ament_install'
[0.210s] colcon.colcon_core.package_identification Level 1 _identify(src/io/device/imu) by extensions ['colcon_pkg']
[0.210s] colcon.colcon_core.package_identification Level 1 _identify(src/io/device/imu) by extension 'colcon_pkg'
[0.210s] colcon.colcon_core.package_identification Level 1 _identify(src/io/device/imu) by extensions ['colcon_meta']
[0.210s] colcon.colcon_core.package_identification Level 1 _identify(src/io/device/imu) by extension 'colcon_meta'
[0.210s] colcon.colcon_core.package_identification Level 1 _identify(src/io/device/imu) by extensions ['ros']
[0.210s] colcon.colcon_core.package_identification Level 1 _identify(src/io/device/imu) by extension 'ros'
[0.211s] colcon.colcon_core.package_identification DEBUG Package 'src/io/device/imu' with type 'ros.ament_cmake' and name 'dm_imu'
[0.211s] colcon.colcon_core.package_identification Level 1 _identify(src/io/gimbal) by extensions ['ignore', 'ignore_ament_install']
[0.211s] colcon.colcon_core.package_identification Level 1 _identify(src/io/gimbal) by extension 'ignore'
[0.211s] colcon.colcon_core.package_identification Level 1 _identify(src/io/gimbal) by extension 'ignore_ament_install'
[0.211s] colcon.colcon_core.package_identification Level 1 _identify(src/io/gimbal) by extensions ['colcon_pkg']
[0.211s] colcon.colcon_core.package_identification Level 1 _identify(src/io/gimbal) by extension 'colcon_pkg'
[0.211s] colcon.colcon_core.package_identification Level 1 _identify(src/io/gimbal) by extensions ['colcon_meta']
[0.211s] colcon.colcon_core.package_identification Level 1 _identify(src/io/gimbal) by extension 'colcon_meta'
[0.211s] colcon.colcon_core.package_identification Level 1 _identify(src/io/gimbal) by extensions ['ros']
[0.211s] colcon.colcon_core.package_identification Level 1 _identify(src/io/gimbal) by extension 'ros'
[0.211s] colcon.colcon_core.package_identification DEBUG Package 'src/io/gimbal' with type 'ros.ament_cmake' and name 'gimbal'
[0.212s] colcon.colcon_core.package_identification Level 1 _identify(src/io/serial) by extensions ['ignore', 'ignore_ament_install']
[0.212s] colcon.colcon_core.package_identification Level 1 _identify(src/io/serial) by extension 'ignore'
[0.212s] colcon.colcon_core.package_identification Level 1 _identify(src/io/serial) by extension 'ignore_ament_install'
[0.212s] colcon.colcon_core.package_identification Level 1 _identify(src/io/serial) by extensions ['colcon_pkg']
[0.212s] colcon.colcon_core.package_identification Level 1 _identify(src/io/serial) by extension 'colcon_pkg'
[0.212s] colcon.colcon_core.package_identification Level 1 _identify(src/io/serial) by extensions ['colcon_meta']
[0.212s] colcon.colcon_core.package_identification Level 1 _identify(src/io/serial) by extension 'colcon_meta'
[0.212s] colcon.colcon_core.package_identification Level 1 _identify(src/io/serial) by extensions ['ros']
[0.212s] colcon.colcon_core.package_identification Level 1 _identify(src/io/serial) by extension 'ros'
[0.212s] colcon.colcon_core.package_identification DEBUG Package 'src/io/serial' with type 'ros.ament_cmake' and name 'serial'
[0.212s] colcon.colcon_core.package_identification Level 1 _identify(src/launch) by extensions ['ignore', 'ignore_ament_install']
[0.212s] colcon.colcon_core.package_identification Level 1 _identify(src/launch) by extension 'ignore'
[0.212s] colcon.colcon_core.package_identification Level 1 _identify(src/launch) by extension 'ignore_ament_install'
[0.212s] colcon.colcon_core.package_identification Level 1 _identify(src/launch) by extensions ['colcon_pkg']
[0.212s] colcon.colcon_core.package_identification Level 1 _identify(src/launch) by extension 'colcon_pkg'
[0.212s] colcon.colcon_core.package_identification Level 1 _identify(src/launch) by extensions ['colcon_meta']
[0.212s] colcon.colcon_core.package_identification Level 1 _identify(src/launch) by extension 'colcon_meta'
[0.212s] colcon.colcon_core.package_identification Level 1 _identify(src/launch) by extensions ['ros']
[0.212s] colcon.colcon_core.package_identification Level 1 _identify(src/launch) by extension 'ros'
[0.213s] colcon.colcon_core.package_identification DEBUG Package 'src/launch' with type 'ros.ament_cmake' and name 'launch_node'
[0.213s] colcon.colcon_core.package_identification Level 1 _identify(src/model) by extensions ['ignore', 'ignore_ament_install']
[0.213s] colcon.colcon_core.package_identification Level 1 _identify(src/model) by extension 'ignore'
[0.213s] colcon.colcon_core.package_identification Level 1 _identify(src/model) by extension 'ignore_ament_install'
[0.213s] colcon.colcon_core.package_identification Level 1 _identify(src/model) by extensions ['colcon_pkg']
[0.213s] colcon.colcon_core.package_identification Level 1 _identify(src/model) by extension 'colcon_pkg'
[0.213s] colcon.colcon_core.package_identification Level 1 _identify(src/model) by extensions ['colcon_meta']
[0.213s] colcon.colcon_core.package_identification Level 1 _identify(src/model) by extension 'colcon_meta'
[0.213s] colcon.colcon_core.package_identification Level 1 _identify(src/model) by extensions ['ros']
[0.213s] colcon.colcon_core.package_identification Level 1 _identify(src/model) by extension 'ros'
[0.213s] colcon.colcon_core.package_identification Level 1 _identify(src/model) by extensions ['cmake', 'python']
[0.213s] colcon.colcon_core.package_identification Level 1 _identify(src/model) by extension 'cmake'
[0.213s] colcon.colcon_core.package_identification Level 1 _identify(src/model) by extension 'python'
[0.213s] colcon.colcon_core.package_identification Level 1 _identify(src/model) by extensions ['python_setup_py']
[0.213s] colcon.colcon_core.package_identification Level 1 _identify(src/model) by extension 'python_setup_py'
[0.213s] colcon.colcon_core.package_identification Level 1 _identify(src/node) by extensions ['ignore', 'ignore_ament_install']
[0.213s] colcon.colcon_core.package_identification Level 1 _identify(src/node) by extension 'ignore'
[0.213s] colcon.colcon_core.package_identification Level 1 _identify(src/node) by extension 'ignore_ament_install'
[0.213s] colcon.colcon_core.package_identification Level 1 _identify(src/node) by extensions ['colcon_pkg']
[0.213s] colcon.colcon_core.package_identification Level 1 _identify(src/node) by extension 'colcon_pkg'
[0.213s] colcon.colcon_core.package_identification Level 1 _identify(src/node) by extensions ['colcon_meta']
[0.213s] colcon.colcon_core.package_identification Level 1 _identify(src/node) by extension 'colcon_meta'
[0.213s] colcon.colcon_core.package_identification Level 1 _identify(src/node) by extensions ['ros']
[0.214s] colcon.colcon_core.package_identification Level 1 _identify(src/node) by extension 'ros'
[0.214s] colcon.colcon_core.package_identification DEBUG Package 'src/node' with type 'ros.ament_cmake' and name 'pipeline'
[0.214s] colcon.colcon_core.package_discovery Level 1 discover_packages(recursive) using defaults
[0.214s] colcon.colcon_core.package_discovery Level 1 discover_packages(ignore) discover
[0.214s] colcon.colcon_core.package_discovery Level 1 discover_packages(ignore) using defaults
[0.214s] colcon.colcon_core.package_discovery Level 1 discover_packages(path) discover
[0.214s] colcon.colcon_core.package_discovery Level 1 discover_packages(path) using defaults
[0.228s] colcon.colcon_core.package_selection INFO Skipping not selected package 'armor_pointer' in 'src/core/pointer'
[0.228s] colcon.colcon_core.package_selection INFO Skipping not selected package 'autoaim_msgs' in 'src/Messages'
[0.228s] colcon.colcon_core.package_selection INFO Skipping not selected package 'filter_lib' in 'src/core/algorithms'
[0.228s] colcon.colcon_core.package_selection INFO Skipping not selected package 'launch_node' in 'src/launch'
[0.228s] colcon.colcon_core.package_selection INFO Skipping not selected package 'planner' in 'src/core/planner'
[0.228s] colcon.colcon_core.package_selection INFO Skipping not selected package 'utils' in 'src/core/utils'
[0.228s] colcon.colcon_core.package_selection INFO Skipping not selected package 'cboard' in 'src/io/cboard'
[0.228s] colcon.colcon_core.package_selection INFO Skipping not selected package 'detected' in 'src/core/detected'
[0.228s] colcon.colcon_core.package_selection INFO Skipping not selected package 'hikvision' in 'src/io/device/camera'
[0.228s] colcon.colcon_core.package_selection INFO Skipping not selected package 'motion_model' in 'src/core/target/motion_model'
[0.228s] colcon.colcon_core.package_selection INFO Skipping not selected package 'serial' in 'src/io/serial'
[0.228s] colcon.colcon_core.package_selection INFO Skipping not selected package 'dm_imu' in 'src/io/device/imu'
[0.228s] colcon.colcon_core.package_selection INFO Skipping not selected package 'gimbal' in 'src/io/gimbal'
[0.228s] colcon.colcon_core.package_selection INFO Skipping not selected package 'predictor' in 'src/core/target/predictor'
[0.228s] colcon.colcon_core.package_selection INFO Skipping not selected package 'aimer' in 'src/core/aimer'
[0.228s] colcon.colcon_core.package_discovery Level 1 discover_packages(prefix_path) check parameters
[0.228s] colcon.colcon_core.package_discovery Level 1 discover_packages(prefix_path) discover
[0.229s] colcon.colcon_installed_package_information.package_discovery DEBUG Found 267 installed packages in /opt/ros/rolling
[0.230s] colcon.colcon_core.package_discovery Level 1 discover_packages(prefix_path) using defaults
[0.251s] colcon.colcon_core.verb Level 5 set package 'solver' build argument 'cmake_args' from command line to 'None'
[0.251s] colcon.colcon_core.verb Level 5 set package 'solver' build argument 'cmake_target' from command line to 'None'
[0.251s] colcon.colcon_core.verb Level 5 set package 'solver' build argument 'cmake_target_skip_unavailable' from command line to 'False'
[0.251s] colcon.colcon_core.verb Level 5 set package 'solver' build argument 'cmake_clean_cache' from command line to 'False'
[0.251s] colcon.colcon_core.verb Level 5 set package 'solver' build argument 'cmake_clean_first' from command line to 'False'
[0.251s] colcon.colcon_core.verb Level 5 set package 'solver' build argument 'cmake_force_configure' from command line to 'False'
[0.251s] colcon.colcon_core.verb Level 5 set package 'solver' build argument 'ament_cmake_args' from command line to 'None'
[0.251s] colcon.colcon_core.verb Level 5 set package 'solver' build argument 'catkin_cmake_args' from command line to 'None'
[0.251s] colcon.colcon_core.verb Level 5 set package 'solver' build argument 'catkin_skip_building_tests' from command line to 'False'
[0.251s] colcon.colcon_core.verb DEBUG Building package 'solver' with the following arguments: {'ament_cmake_args': None, 'build_base': '/home/guo/ITL_sentry_auto_new/build/solver', 'catkin_cmake_args': None, 'catkin_skip_building_tests': False, 'cmake_args': None, 'cmake_clean_cache': False, 'cmake_clean_first': False, 'cmake_force_configure': False, 'cmake_target': None, 'cmake_target_skip_unavailable': False, 'install_base': '/home/guo/ITL_sentry_auto_new/install/solver', 'merge_install': False, 'path': '/home/guo/ITL_sentry_auto_new/src/core/solver', 'symlink_install': False, 'test_result_base': None}
[0.252s] colcon.colcon_core.verb Level 5 set package 'pipeline' build argument 'cmake_args' from command line to 'None'
[0.252s] colcon.colcon_core.verb Level 5 set package 'pipeline' build argument 'cmake_target' from command line to 'None'
[0.252s] colcon.colcon_core.verb Level 5 set package 'pipeline' build argument 'cmake_target_skip_unavailable' from command line to 'False'
[0.252s] colcon.colcon_core.verb Level 5 set package 'pipeline' build argument 'cmake_clean_cache' from command line to 'False'
[0.252s] colcon.colcon_core.verb Level 5 set package 'pipeline' build argument 'cmake_clean_first' from command line to 'False'
[0.252s] colcon.colcon_core.verb Level 5 set package 'pipeline' build argument 'cmake_force_configure' from command line to 'False'
[0.252s] colcon.colcon_core.verb Level 5 set package 'pipeline' build argument 'ament_cmake_args' from command line to 'None'
[0.252s] colcon.colcon_core.verb Level 5 set package 'pipeline' build argument 'catkin_cmake_args' from command line to 'None'
[0.252s] colcon.colcon_core.verb Level 5 set package 'pipeline' build argument 'catkin_skip_building_tests' from command line to 'False'
[0.252s] colcon.colcon_core.verb DEBUG Building package 'pipeline' with the following arguments: {'ament_cmake_args': None, 'build_base': '/home/guo/ITL_sentry_auto_new/build/pipeline', 'catkin_cmake_args': None, 'catkin_skip_building_tests': False, 'cmake_args': None, 'cmake_clean_cache': False, 'cmake_clean_first': False, 'cmake_force_configure': False, 'cmake_target': None, 'cmake_target_skip_unavailable': False, 'install_base': '/home/guo/ITL_sentry_auto_new/install/pipeline', 'merge_install': False, 'path': '/home/guo/ITL_sentry_auto_new/src/node', 'symlink_install': False, 'test_result_base': None}
[0.252s] colcon.colcon_core.verb Level 5 set package 'tracker' build argument 'cmake_args' from command line to 'None'
[0.252s] colcon.colcon_core.verb Level 5 set package 'tracker' build argument 'cmake_target' from command line to 'None'
[0.252s] colcon.colcon_core.verb Level 5 set package 'tracker' build argument 'cmake_target_skip_unavailable' from command line to 'False'
[0.252s] colcon.colcon_core.verb Level 5 set package 'tracker' build argument 'cmake_clean_cache' from command line to 'False'
[0.252s] colcon.colcon_core.verb Level 5 set package 'tracker' build argument 'cmake_clean_first' from command line to 'False'
[0.252s] colcon.colcon_core.verb Level 5 set package 'tracker' build argument 'cmake_force_configure' from command line to 'False'
[0.252s] colcon.colcon_core.verb Level 5 set package 'tracker' build argument 'ament_cmake_args' from command line to 'None'
[0.252s] colcon.colcon_core.verb Level 5 set package 'tracker' build argument 'catkin_cmake_args' from command line to 'None'
[0.252s] colcon.colcon_core.verb Level 5 set package 'tracker' build argument 'catkin_skip_building_tests' from command line to 'False'
[0.252s] colcon.colcon_core.verb DEBUG Building package 'tracker' with the following arguments: {'ament_cmake_args': None, 'build_base': '/home/guo/ITL_sentry_auto_new/build/tracker', 'catkin_cmake_args': None, 'catkin_skip_building_tests': False, 'cmake_args': None, 'cmake_clean_cache': False, 'cmake_clean_first': False, 'cmake_force_configure': False, 'cmake_target': None, 'cmake_target_skip_unavailable': False, 'install_base': '/home/guo/ITL_sentry_auto_new/install/tracker', 'merge_install': False, 'path': '/home/guo/ITL_sentry_auto_new/src/core/tracker', 'symlink_install': False, 'test_result_base': None}
[0.252s] colcon.colcon_core.executor INFO Executing jobs using 'parallel' executor
[0.253s] colcon.colcon_parallel_executor.executor.parallel DEBUG run_until_complete
[0.253s] colcon.colcon_ros.task.ament_cmake.build INFO Building ROS package in '/home/guo/ITL_sentry_auto_new/src/core/solver' with build type 'ament_cmake'
[0.253s] colcon.colcon_cmake.task.cmake.build INFO Building CMake package in '/home/guo/ITL_sentry_auto_new/src/core/solver'
[0.255s] colcon.colcon_core.plugin_system INFO Skipping extension 'colcon_core.shell.bat': Not used on non-Windows systems
[0.255s] colcon.colcon_core.shell INFO Skip shell extension 'powershell' for command environment: Not usable outside of PowerShell
[0.255s] colcon.colcon_core.shell DEBUG Skip shell extension 'dsv' for command environment
[0.259s] colcon.colcon_ros.task.ament_cmake.build INFO Building ROS package in '/home/guo/ITL_sentry_auto_new/src/node' with build type 'ament_cmake'
[0.259s] colcon.colcon_cmake.task.cmake.build INFO Building CMake package in '/home/guo/ITL_sentry_auto_new/src/node'
[0.259s] colcon.colcon_core.shell INFO Skip shell extension 'powershell' for command environment: Not usable outside of PowerShell
[0.259s] colcon.colcon_core.shell DEBUG Skip shell extension 'dsv' for command environment
[0.270s] colcon.colcon_core.event_handler.log_command DEBUG Invoking command in '/home/guo/ITL_sentry_auto_new/build/solver': AMENT_PREFIX_PATH=/home/guo/ITL_sentry_auto_new/install/detected:/home/guo/ITL_sentry_auto_new/install/utils:/home/guo/ITL_sentry_auto_new/install/autoaim_msgs:${AMENT_PREFIX_PATH} CMAKE_PREFIX_PATH=/home/guo/ITL_sentry_auto_new/install/detected:/home/guo/ITL_sentry_auto_new/install/utils:/home/guo/ITL_sentry_auto_new/install/autoaim_msgs:/opt/ros/rolling LD_LIBRARY_PATH=/home/guo/ITL_sentry_auto_new/install/detected/lib:/home/guo/ITL_sentry_auto_new/install/utils/lib:/home/guo/ITL_sentry_auto_new/install/autoaim_msgs/lib:/opt/MVS/lib/64:/opt/MVS/lib/32:/opt/MVS/lib/64:/opt/MVS/lib/32 PYTHONPATH=/home/guo/ITL_sentry_auto_new/install/autoaim_msgs/lib/python3.10/site-packages:${PYTHONPATH} /usr/local/bin/cmake --build /home/guo/ITL_sentry_auto_new/build/solver -- -j24 -l24
[0.310s] colcon.colcon_core.event_handler.log_command DEBUG Invoking command in '/home/guo/ITL_sentry_auto_new/build/pipeline': AMENT_PREFIX_PATH=/home/guo/ITL_sentry_auto_new/install/dm_imu:/home/guo/ITL_sentry_auto_new/install/serial:/home/guo/ITL_sentry_auto_new/install/hikvision:/home/guo/ITL_sentry_auto_new/install/detected:/home/guo/ITL_sentry_auto_new/install/utils:/home/guo/ITL_sentry_auto_new/install/autoaim_msgs:${AMENT_PREFIX_PATH} CMAKE_PREFIX_PATH=/home/guo/ITL_sentry_auto_new/install/dm_imu:/home/guo/ITL_sentry_auto_new/install/serial:/home/guo/ITL_sentry_auto_new/install/hikvision:/home/guo/ITL_sentry_auto_new/install/detected:/home/guo/ITL_sentry_auto_new/install/utils:/home/guo/ITL_sentry_auto_new/install/autoaim_msgs:/opt/ros/rolling LD_LIBRARY_PATH=/home/guo/ITL_sentry_auto_new/install/dm_imu/lib:/home/guo/ITL_sentry_auto_new/install/serial/lib:/home/guo/ITL_sentry_auto_new/install/hikvision/lib:/home/guo/ITL_sentry_auto_new/install/detected/lib:/home/guo/ITL_sentry_auto_new/install/utils/lib:/home/guo/ITL_sentry_auto_new/install/autoaim_msgs/lib:/opt/MVS/lib/64:/opt/MVS/lib/32:/opt/MVS/lib/64:/opt/MVS/lib/32 PYTHONPATH=/home/guo/ITL_sentry_auto_new/install/autoaim_msgs/lib/python3.10/site-packages:${PYTHONPATH} /usr/local/bin/cmake --build /home/guo/ITL_sentry_auto_new/build/pipeline -- -j24 -l24
[0.513s] colcon.colcon_core.event_handler.log_command DEBUG Invoked command in '/home/guo/ITL_sentry_auto_new/build/solver' returned '0': AMENT_PREFIX_PATH=/home/guo/ITL_sentry_auto_new/install/detected:/home/guo/ITL_sentry_auto_new/install/utils:/home/guo/ITL_sentry_auto_new/install/autoaim_msgs:${AMENT_PREFIX_PATH} CMAKE_PREFIX_PATH=/home/guo/ITL_sentry_auto_new/install/detected:/home/guo/ITL_sentry_auto_new/install/utils:/home/guo/ITL_sentry_auto_new/install/autoaim_msgs:/opt/ros/rolling LD_LIBRARY_PATH=/home/guo/ITL_sentry_auto_new/install/detected/lib:/home/guo/ITL_sentry_auto_new/install/utils/lib:/home/guo/ITL_sentry_auto_new/install/autoaim_msgs/lib:/opt/MVS/lib/64:/opt/MVS/lib/32:/opt/MVS/lib/64:/opt/MVS/lib/32 PYTHONPATH=/home/guo/ITL_sentry_auto_new/install/autoaim_msgs/lib/python3.10/site-packages:${PYTHONPATH} /usr/local/bin/cmake --build /home/guo/ITL_sentry_auto_new/build/solver -- -j24 -l24
[0.517s] colcon.colcon_core.event_handler.log_command DEBUG Invoking command in '/home/guo/ITL_sentry_auto_new/build/solver': AMENT_PREFIX_PATH=/home/guo/ITL_sentry_auto_new/install/detected:/home/guo/ITL_sentry_auto_new/install/utils:/home/guo/ITL_sentry_auto_new/install/autoaim_msgs:${AMENT_PREFIX_PATH} CMAKE_PREFIX_PATH=/home/guo/ITL_sentry_auto_new/install/detected:/home/guo/ITL_sentry_auto_new/install/utils:/home/guo/ITL_sentry_auto_new/install/autoaim_msgs:/opt/ros/rolling LD_LIBRARY_PATH=/home/guo/ITL_sentry_auto_new/install/detected/lib:/home/guo/ITL_sentry_auto_new/install/utils/lib:/home/guo/ITL_sentry_auto_new/install/autoaim_msgs/lib:/opt/MVS/lib/64:/opt/MVS/lib/32:/opt/MVS/lib/64:/opt/MVS/lib/32 PYTHONPATH=/home/guo/ITL_sentry_auto_new/install/autoaim_msgs/lib/python3.10/site-packages:${PYTHONPATH} /usr/local/bin/cmake --install /home/guo/ITL_sentry_auto_new/build/solver
[0.524s] colcon.colcon_core.environment Level 1 create_environment_scripts_only(solver)
[0.524s] colcon.colcon_core.event_handler.log_command DEBUG Invoked command in '/home/guo/ITL_sentry_auto_new/build/solver' returned '0': AMENT_PREFIX_PATH=/home/guo/ITL_sentry_auto_new/install/detected:/home/guo/ITL_sentry_auto_new/install/utils:/home/guo/ITL_sentry_auto_new/install/autoaim_msgs:${AMENT_PREFIX_PATH} CMAKE_PREFIX_PATH=/home/guo/ITL_sentry_auto_new/install/detected:/home/guo/ITL_sentry_auto_new/install/utils:/home/guo/ITL_sentry_auto_new/install/autoaim_msgs:/opt/ros/rolling LD_LIBRARY_PATH=/home/guo/ITL_sentry_auto_new/install/detected/lib:/home/guo/ITL_sentry_auto_new/install/utils/lib:/home/guo/ITL_sentry_auto_new/install/autoaim_msgs/lib:/opt/MVS/lib/64:/opt/MVS/lib/32:/opt/MVS/lib/64:/opt/MVS/lib/32 PYTHONPATH=/home/guo/ITL_sentry_auto_new/install/autoaim_msgs/lib/python3.10/site-packages:${PYTHONPATH} /usr/local/bin/cmake --install /home/guo/ITL_sentry_auto_new/build/solver
[0.526s] colcon.colcon_core.environment Level 1 checking '/home/guo/ITL_sentry_auto_new/install/solver' for CMake module files
[0.526s] colcon.colcon_core.environment Level 1 checking '/home/guo/ITL_sentry_auto_new/install/solver' for CMake config files
[0.526s] colcon.colcon_core.shell Level 1 create_environment_hook('solver', 'cmake_prefix_path')
[0.526s] colcon.colcon_core.shell INFO Creating environment hook '/home/guo/ITL_sentry_auto_new/install/solver/share/solver/hook/cmake_prefix_path.ps1'
[0.527s] colcon.colcon_core.shell INFO Creating environment descriptor '/home/guo/ITL_sentry_auto_new/install/solver/share/solver/hook/cmake_prefix_path.dsv'
[0.527s] colcon.colcon_core.shell INFO Creating environment hook '/home/guo/ITL_sentry_auto_new/install/solver/share/solver/hook/cmake_prefix_path.sh'
[0.528s] colcon.colcon_core.environment Level 1 checking '/home/guo/ITL_sentry_auto_new/install/solver/lib'
[0.528s] colcon.colcon_core.shell Level 1 create_environment_hook('solver', 'ld_library_path_lib')
[0.528s] colcon.colcon_core.shell INFO Creating environment hook '/home/guo/ITL_sentry_auto_new/install/solver/share/solver/hook/ld_library_path_lib.ps1'
[0.528s] colcon.colcon_core.shell INFO Creating environment descriptor '/home/guo/ITL_sentry_auto_new/install/solver/share/solver/hook/ld_library_path_lib.dsv'
[0.528s] colcon.colcon_core.shell INFO Creating environment hook '/home/guo/ITL_sentry_auto_new/install/solver/share/solver/hook/ld_library_path_lib.sh'
[0.529s] colcon.colcon_core.environment Level 1 checking '/home/guo/ITL_sentry_auto_new/install/solver/bin'
[0.529s] colcon.colcon_core.environment Level 1 checking '/home/guo/ITL_sentry_auto_new/install/solver/lib/pkgconfig/solver.pc'
[0.529s] colcon.colcon_core.environment Level 1 checking '/home/guo/ITL_sentry_auto_new/install/solver/lib/python3.10/site-packages'
[0.529s] colcon.colcon_core.environment Level 1 checking '/home/guo/ITL_sentry_auto_new/install/solver/bin'
[0.529s] colcon.colcon_core.shell INFO Creating package script '/home/guo/ITL_sentry_auto_new/install/solver/share/solver/package.ps1'
[0.530s] colcon.colcon_core.shell INFO Creating package descriptor '/home/guo/ITL_sentry_auto_new/install/solver/share/solver/package.dsv'
[0.530s] colcon.colcon_core.shell INFO Creating package script '/home/guo/ITL_sentry_auto_new/install/solver/share/solver/package.sh'
[0.530s] colcon.colcon_core.shell INFO Creating package script '/home/guo/ITL_sentry_auto_new/install/solver/share/solver/package.bash'
[0.531s] colcon.colcon_core.shell INFO Creating package script '/home/guo/ITL_sentry_auto_new/install/solver/share/solver/package.zsh'
[0.531s] colcon.colcon_core.environment Level 1 create_file_with_runtime_dependencies(/home/guo/ITL_sentry_auto_new/install/solver/share/colcon-core/packages/solver)
[0.531s] colcon.colcon_core.environment Level 1 create_environment_scripts_only(solver)
[0.532s] colcon.colcon_core.environment Level 1 checking '/home/guo/ITL_sentry_auto_new/install/solver' for CMake module files
[0.532s] colcon.colcon_core.environment Level 1 checking '/home/guo/ITL_sentry_auto_new/install/solver' for CMake config files
[0.532s] colcon.colcon_core.shell Level 1 create_environment_hook('solver', 'cmake_prefix_path')
[0.532s] colcon.colcon_core.shell INFO Creating environment hook '/home/guo/ITL_sentry_auto_new/install/solver/share/solver/hook/cmake_prefix_path.ps1'
[0.532s] colcon.colcon_core.shell INFO Creating environment descriptor '/home/guo/ITL_sentry_auto_new/install/solver/share/solver/hook/cmake_prefix_path.dsv'
[0.533s] colcon.colcon_core.shell INFO Creating environment hook '/home/guo/ITL_sentry_auto_new/install/solver/share/solver/hook/cmake_prefix_path.sh'
[0.533s] colcon.colcon_core.environment Level 1 checking '/home/guo/ITL_sentry_auto_new/install/solver/lib'
[0.533s] colcon.colcon_core.shell Level 1 create_environment_hook('solver', 'ld_library_path_lib')
[0.533s] colcon.colcon_core.shell INFO Creating environment hook '/home/guo/ITL_sentry_auto_new/install/solver/share/solver/hook/ld_library_path_lib.ps1'
[0.533s] colcon.colcon_core.shell INFO Creating environment descriptor '/home/guo/ITL_sentry_auto_new/install/solver/share/solver/hook/ld_library_path_lib.dsv'
[0.533s] colcon.colcon_core.shell INFO Creating environment hook '/home/guo/ITL_sentry_auto_new/install/solver/share/solver/hook/ld_library_path_lib.sh'
[0.534s] colcon.colcon_core.environment Level 1 checking '/home/guo/ITL_sentry_auto_new/install/solver/bin'
[0.534s] colcon.colcon_core.environment Level 1 checking '/home/guo/ITL_sentry_auto_new/install/solver/lib/pkgconfig/solver.pc'
[0.534s] colcon.colcon_core.environment Level 1 checking '/home/guo/ITL_sentry_auto_new/install/solver/lib/python3.10/site-packages'
[0.534s] colcon.colcon_core.environment Level 1 checking '/home/guo/ITL_sentry_auto_new/install/solver/bin'
[0.534s] colcon.colcon_core.shell INFO Creating package script '/home/guo/ITL_sentry_auto_new/install/solver/share/solver/package.ps1'
[0.534s] colcon.colcon_core.shell INFO Creating package descriptor '/home/guo/ITL_sentry_auto_new/install/solver/share/solver/package.dsv'
[0.535s] colcon.colcon_core.shell INFO Creating package script '/home/guo/ITL_sentry_auto_new/install/solver/share/solver/package.sh'
[0.535s] colcon.colcon_core.shell INFO Creating package script '/home/guo/ITL_sentry_auto_new/install/solver/share/solver/package.bash'
[0.535s] colcon.colcon_core.shell INFO Creating package script '/home/guo/ITL_sentry_auto_new/install/solver/share/solver/package.zsh'
[0.535s] colcon.colcon_core.environment Level 1 create_file_with_runtime_dependencies(/home/guo/ITL_sentry_auto_new/install/solver/share/colcon-core/packages/solver)
[0.536s] colcon.colcon_ros.task.ament_cmake.build INFO Building ROS package in '/home/guo/ITL_sentry_auto_new/src/core/tracker' with build type 'ament_cmake'
[0.536s] colcon.colcon_cmake.task.cmake.build INFO Building CMake package in '/home/guo/ITL_sentry_auto_new/src/core/tracker'
[0.536s] colcon.colcon_core.shell INFO Skip shell extension 'powershell' for command environment: Not usable outside of PowerShell
[0.536s] colcon.colcon_core.shell DEBUG Skip shell extension 'dsv' for command environment
[0.575s] colcon.colcon_core.event_handler.log_command DEBUG Invoking command in '/home/guo/ITL_sentry_auto_new/build/tracker': AMENT_PREFIX_PATH=/home/guo/ITL_sentry_auto_new/install/aimer:/home/guo/ITL_sentry_auto_new/install/predictor:/home/guo/ITL_sentry_auto_new/install/solver:/home/guo/ITL_sentry_auto_new/install/gimbal:/home/guo/ITL_sentry_auto_new/install/serial:/home/guo/ITL_sentry_auto_new/install/motion_model:/home/guo/ITL_sentry_auto_new/install/detected:/home/guo/ITL_sentry_auto_new/install/cboard:/home/guo/ITL_sentry_auto_new/install/utils:/home/guo/ITL_sentry_auto_new/install/filter_lib:/home/guo/ITL_sentry_auto_new/install/autoaim_msgs:${AMENT_PREFIX_PATH} CMAKE_PREFIX_PATH=/home/guo/ITL_sentry_auto_new/install/aimer:/home/guo/ITL_sentry_auto_new/install/predictor:/home/guo/ITL_sentry_auto_new/install/solver:/home/guo/ITL_sentry_auto_new/install/gimbal:/home/guo/ITL_sentry_auto_new/install/serial:/home/guo/ITL_sentry_auto_new/install/motion_model:/home/guo/ITL_sentry_auto_new/install/detected:/home/guo/ITL_sentry_auto_new/install/cboard:/home/guo/ITL_sentry_auto_new/install/utils:/home/guo/ITL_sentry_auto_new/install/filter_lib:/home/guo/ITL_sentry_auto_new/install/autoaim_msgs:/opt/ros/rolling LD_LIBRARY_PATH=/home/guo/ITL_sentry_auto_new/install/aimer/lib:/home/guo/ITL_sentry_auto_new/install/predictor/lib:/home/guo/ITL_sentry_auto_new/install/solver/lib:/home/guo/ITL_sentry_auto_new/install/gimbal/lib:/home/guo/ITL_sentry_auto_new/install/serial/lib:/home/guo/ITL_sentry_auto_new/install/motion_model/lib:/home/guo/ITL_sentry_auto_new/install/detected/lib:/home/guo/ITL_sentry_auto_new/install/cboard/lib:/home/guo/ITL_sentry_auto_new/install/utils/lib:/home/guo/ITL_sentry_auto_new/install/filter_lib/lib:/home/guo/ITL_sentry_auto_new/install/autoaim_msgs/lib:/opt/MVS/lib/64:/opt/MVS/lib/32:/opt/MVS/lib/64:/opt/MVS/lib/32 PYTHONPATH=/home/guo/ITL_sentry_auto_new/install/autoaim_msgs/lib/python3.10/site-packages:${PYTHONPATH} /usr/local/bin/cmake --build /home/guo/ITL_sentry_auto_new/build/tracker -- -j24 -l24
[1.040s] colcon.colcon_core.event_handler.log_command DEBUG Invoked command in '/home/guo/ITL_sentry_auto_new/build/pipeline' returned '2': AMENT_PREFIX_PATH=/home/guo/ITL_sentry_auto_new/install/dm_imu:/home/guo/ITL_sentry_auto_new/install/serial:/home/guo/ITL_sentry_auto_new/install/hikvision:/home/guo/ITL_sentry_auto_new/install/detected:/home/guo/ITL_sentry_auto_new/install/utils:/home/guo/ITL_sentry_auto_new/install/autoaim_msgs:${AMENT_PREFIX_PATH} CMAKE_PREFIX_PATH=/home/guo/ITL_sentry_auto_new/install/dm_imu:/home/guo/ITL_sentry_auto_new/install/serial:/home/guo/ITL_sentry_auto_new/install/hikvision:/home/guo/ITL_sentry_auto_new/install/detected:/home/guo/ITL_sentry_auto_new/install/utils:/home/guo/ITL_sentry_auto_new/install/autoaim_msgs:/opt/ros/rolling LD_LIBRARY_PATH=/home/guo/ITL_sentry_auto_new/install/dm_imu/lib:/home/guo/ITL_sentry_auto_new/install/serial/lib:/home/guo/ITL_sentry_auto_new/install/hikvision/lib:/home/guo/ITL_sentry_auto_new/install/detected/lib:/home/guo/ITL_sentry_auto_new/install/utils/lib:/home/guo/ITL_sentry_auto_new/install/autoaim_msgs/lib:/opt/MVS/lib/64:/opt/MVS/lib/32:/opt/MVS/lib/64:/opt/MVS/lib/32 PYTHONPATH=/home/guo/ITL_sentry_auto_new/install/autoaim_msgs/lib/python3.10/site-packages:${PYTHONPATH} /usr/local/bin/cmake --build /home/guo/ITL_sentry_auto_new/build/pipeline -- -j24 -l24
[1.041s] colcon.colcon_core.environment Level 1 create_environment_scripts_only(pipeline)
[1.041s] colcon.colcon_core.environment Level 1 checking '/home/guo/ITL_sentry_auto_new/install/pipeline' for CMake module files
[1.042s] colcon.colcon_core.environment Level 1 checking '/home/guo/ITL_sentry_auto_new/install/pipeline' for CMake config files
[1.042s] colcon.colcon_core.shell Level 1 create_environment_hook('pipeline', 'cmake_prefix_path')
[1.042s] colcon.colcon_core.shell INFO Creating environment hook '/home/guo/ITL_sentry_auto_new/install/pipeline/share/pipeline/hook/cmake_prefix_path.ps1'
[1.043s] colcon.colcon_core.shell INFO Creating environment descriptor '/home/guo/ITL_sentry_auto_new/install/pipeline/share/pipeline/hook/cmake_prefix_path.dsv'
[1.043s] colcon.colcon_core.shell INFO Creating environment hook '/home/guo/ITL_sentry_auto_new/install/pipeline/share/pipeline/hook/cmake_prefix_path.sh'
[1.044s] colcon.colcon_core.environment Level 1 checking '/home/guo/ITL_sentry_auto_new/install/pipeline/lib'
[1.044s] colcon.colcon_core.environment Level 1 checking '/home/guo/ITL_sentry_auto_new/install/pipeline/bin'
[1.044s] colcon.colcon_core.environment Level 1 checking '/home/guo/ITL_sentry_auto_new/install/pipeline/lib/pkgconfig/pipeline.pc'
[1.044s] colcon.colcon_core.environment Level 1 checking '/home/guo/ITL_sentry_auto_new/install/pipeline/lib/python3.10/site-packages'
[1.044s] colcon.colcon_core.environment Level 1 checking '/home/guo/ITL_sentry_auto_new/install/pipeline/bin'
[1.045s] colcon.colcon_core.shell INFO Creating package script '/home/guo/ITL_sentry_auto_new/install/pipeline/share/pipeline/package.ps1'
[1.045s] colcon.colcon_core.shell INFO Creating package descriptor '/home/guo/ITL_sentry_auto_new/install/pipeline/share/pipeline/package.dsv'
[1.046s] colcon.colcon_core.shell INFO Creating package script '/home/guo/ITL_sentry_auto_new/install/pipeline/share/pipeline/package.sh'
[1.046s] colcon.colcon_core.shell INFO Creating package script '/home/guo/ITL_sentry_auto_new/install/pipeline/share/pipeline/package.bash'
[1.047s] colcon.colcon_core.shell INFO Creating package script '/home/guo/ITL_sentry_auto_new/install/pipeline/share/pipeline/package.zsh'
[1.047s] colcon.colcon_core.environment Level 1 create_file_with_runtime_dependencies(/home/guo/ITL_sentry_auto_new/install/pipeline/share/colcon-core/packages/pipeline)
