-- The C compiler identification is GNU 11.4.0
-- The CXX compiler identification is GNU 11.4.0
-- Detecting C compiler ABI info
-- Detecting C compiler ABI info - done
-- Check for working C compiler: /usr/bin/cc - skipped
-- Detecting C compile features
-- Detecting C compile features - done
-- Detecting CXX compiler ABI info
-- Detecting CXX compiler ABI info - done
-- Check for working CXX compiler: /usr/bin/c++ - skipped
-- Detecting CXX compile features
-- Detecting CXX compile features - done
-- Found ament_cmake: 2.3.2 (/opt/ros/rolling/share/ament_cmake/cmake)
-- Found Python3: /usr/bin/python3.10 (found version "3.10.12") found components: Interpreter 
-- Found rclcpp: 27.0.0 (/opt/ros/rolling/share/rclcpp/cmake)
-- Found rosidl_generator_c: 4.5.1 (/opt/ros/rolling/share/rosidl_generator_c/cmake)
-- Found rosidl_generator_cpp: 4.5.1 (/opt/ros/rolling/share/rosidl_generator_cpp/cmake)
-- Using all available rosidl_typesupport_c: rosidl_typesupport_fastrtps_c;rosidl_typesupport_introspection_c
-- Using all available rosidl_typesupport_cpp: rosidl_typesupport_fastrtps_cpp;rosidl_typesupport_introspection_cpp
-- Found rmw_implementation_cmake: 7.3.0 (/opt/ros/rolling/share/rmw_implementation_cmake/cmake)
-- Found rmw_fastrtps_cpp: 8.2.0 (/opt/ros/rolling/share/rmw_fastrtps_cpp/cmake)
-- Found OpenSSL: /usr/lib/x86_64-linux-gnu/libcrypto.so (found version "3.0.2")  
-- Found FastRTPS: /opt/ros/rolling/include  
-- Using RMW implementation 'rmw_fastrtps_cpp' as default
-- Found sensor_msgs: 5.3.0 (/opt/ros/rolling/share/sensor_msgs/cmake)
-- Found tf2: 0.36.0 (/opt/ros/rolling/share/tf2/cmake)
-- Found tf2_ros: 0.36.0 (/opt/ros/rolling/share/tf2_ros/cmake)
-- Found autoaim_msgs: 0.0.1 (/home/guo/ITL_sentry_auto_new/install/autoaim_msgs/share/autoaim_msgs/cmake)
-- Found cv_bridge: 3.4.0 (/opt/ros/rolling/share/cv_bridge/cmake)
-- Found OpenCV: /usr (found version "4.5.4") 
-- Found utils: 1.0.0 (/home/guo/ITL_sentry_auto_new/install/utils/share/utils/cmake)
-- Found solver: 0.0.0 (/home/guo/ITL_sentry_auto_new/install/solver/share/solver/cmake)
-- Found eigen3_cmake_module: 0.3.0 (/opt/ros/rolling/share/eigen3_cmake_module/cmake)
-- Found Eigen3: TRUE (found version "3.4.0") 
-- Ensuring Eigen3 include directory is part of orocos-kdl CMake target
-- Found predictor: 1.0.0 (/home/guo/ITL_sentry_auto_new/install/predictor/share/predictor/cmake)
-- Found serial: 0.1.0 (/home/guo/ITL_sentry_auto_new/install/serial/share/serial/cmake)
-- Found gimbal: 1.0.0 (/home/guo/ITL_sentry_auto_new/install/gimbal/share/gimbal/cmake)
-- Found ament_lint_auto: 0.16.3 (/opt/ros/rolling/share/ament_lint_auto/cmake)
-- Added test 'copyright' to check source files copyright and LICENSE
-- Added test 'cppcheck' to perform static code analysis on C / C++ code
-- Configured cppcheck include dirs: /home/guo/ITL_sentry_auto_new/src/core/tracker/include
-- Configured cppcheck exclude dirs and/or files: 
-- Added test 'cpplint' to check C / C++ code against the Google style
-- Configured cpplint exclude dirs and/or files: 
-- Added test 'lint_cmake' to check CMake code style
-- Added test 'uncrustify' to check C / C++ code style
-- Configured uncrustify additional arguments: 
-- Added test 'xmllint' to check XML markup files
-- Configuring done (2.7s)
-- Generating done (0.0s)
-- Build files have been written to: /home/guo/ITL_sentry_auto_new/build/tracker
[ 50%] [32mBuilding CXX object CMakeFiles/tracker_lib.dir/src/tracker.cpp.o[0m
In file included from [01m[K/opt/ros/rolling/include/rclcpp/rclcpp/logging.hpp:24[m[K,
                 from [01m[K/opt/ros/rolling/include/rclcpp/rclcpp/copy_all_parameter_values.hpp:27[m[K,
                 from [01m[K/opt/ros/rolling/include/rclcpp/rclcpp/rclcpp.hpp:171[m[K,
                 from [01m[K/home/guo/ITL_sentry_auto_new/src/core/tracker/src/tracker.cpp:5[m[K:
[01m[K/home/guo/ITL_sentry_auto_new/src/core/tracker/src/tracker.cpp:[m[K In member function ‘[01m[Kstd::__cxx11::list<predict::Target> tracker::Tracker::track(std::__cxx11::list<armor_auto_aim::Armor>&, std::chrono::_V2::steady_clock::time_point, bool)[m[K’:
[01m[K/home/guo/ITL_sentry_auto_new/src/core/tracker/src/tracker.cpp:126:19:[m[K [01;35m[Kwarning: [m[Kformat ‘[01m[K%d[m[K’ expects argument of type ‘[01m[Kint[m[K’, but argument 6 has type ‘[01m[Klong unsigned int[m[K’ [[01;35m[K]8;;https://gcc.gnu.org/onlinedocs/gcc/Warning-Options.html#index-Wformat=-Wformat=]8;;[m[K]
  126 |                   [01;35m[K"NIS失败率过高 (%d/%d)，重置为lost"[m[K,
      |                   [01;35m[K^~~~~~~~~~~~~~~~~~~~~~~~~~~~~~~~~~~[m[K
  127 |                   failures, [32m[Kekf.window_size[m[K);
      |                             [32m[K~~~~~~~~~~~~~~~[m[K
      |                                 [32m[K|[m[K
      |                                 [32m[Klong unsigned int[m[K
[01m[K/home/guo/ITL_sentry_auto_new/src/core/tracker/src/tracker.cpp:126:39:[m[K [01;36m[Knote: [m[Kformat string is defined here
  126 |                   "NIS失败率过高 (%d/[01;36m[K%d[m[K)，重置为lost",
      |                                      [01;36m[K~^[m[K
      |                                       [01;36m[K|[m[K
      |                                       [01;36m[Kint[m[K
      |                                      [32m[K%ld[m[K
[100%] [32m[1mLinking CXX static library libtracker_lib.a[0m
[100%] Built target tracker_lib
-- Install configuration: ""
-- Installing: /home/guo/ITL_sentry_auto_new/install/tracker/lib/libtracker_lib.a
-- Installing: /home/guo/ITL_sentry_auto_new/install/tracker/include
-- Installing: /home/guo/ITL_sentry_auto_new/install/tracker/include/tracker.hpp
-- Installing: /home/guo/ITL_sentry_auto_new/install/tracker/share/tracker/environment/library_path.sh
-- Installing: /home/guo/ITL_sentry_auto_new/install/tracker/share/tracker/environment/library_path.dsv
-- Installing: /home/guo/ITL_sentry_auto_new/install/tracker/share/ament_index/resource_index/package_run_dependencies/tracker
-- Installing: /home/guo/ITL_sentry_auto_new/install/tracker/share/ament_index/resource_index/parent_prefix_path/tracker
-- Installing: /home/guo/ITL_sentry_auto_new/install/tracker/share/tracker/environment/ament_prefix_path.sh
-- Installing: /home/guo/ITL_sentry_auto_new/install/tracker/share/tracker/environment/ament_prefix_path.dsv
-- Installing: /home/guo/ITL_sentry_auto_new/install/tracker/share/tracker/environment/path.sh
-- Installing: /home/guo/ITL_sentry_auto_new/install/tracker/share/tracker/environment/path.dsv
-- Installing: /home/guo/ITL_sentry_auto_new/install/tracker/share/tracker/local_setup.bash
-- Installing: /home/guo/ITL_sentry_auto_new/install/tracker/share/tracker/local_setup.sh
-- Installing: /home/guo/ITL_sentry_auto_new/install/tracker/share/tracker/local_setup.zsh
-- Installing: /home/guo/ITL_sentry_auto_new/install/tracker/share/tracker/local_setup.dsv
-- Installing: /home/guo/ITL_sentry_auto_new/install/tracker/share/tracker/package.dsv
-- Installing: /home/guo/ITL_sentry_auto_new/install/tracker/share/ament_index/resource_index/packages/tracker
-- Installing: /home/guo/ITL_sentry_auto_new/install/tracker/share/tracker/cmake/ament_cmake_export_include_directories-extras.cmake
-- Installing: /home/guo/ITL_sentry_auto_new/install/tracker/share/tracker/cmake/ament_cmake_export_libraries-extras.cmake
-- Installing: /home/guo/ITL_sentry_auto_new/install/tracker/share/tracker/cmake/ament_cmake_export_dependencies-extras.cmake
-- Installing: /home/guo/ITL_sentry_auto_new/install/tracker/share/tracker/cmake/trackerConfig.cmake
-- Installing: /home/guo/ITL_sentry_auto_new/install/tracker/share/tracker/cmake/trackerConfig-version.cmake
-- Installing: /home/guo/ITL_sentry_auto_new/install/tracker/share/tracker/package.xml
