[01m[K/home/guo/ITL_sentry_auto_new/src/core/solver/src/solver_node.cpp:[m[K In member function ‘[01m[Ksolver::Armor_pose solver::Solver::processArmor(solver::Armors, double)[m[K’:
[01m[K/home/guo/ITL_sentry_auto_new/src/core/solver/src/solver_node.cpp:30:31:[m[K [01;31m[Kerror: [m[Kexpected ‘[01m[K;[m[K’ before ‘[01m[Karmor_pose[m[K’
   30 |     armor_pose.id = armor.name
      |                               [01;31m[K^[m[K
      |                               [32m[K;[m[K
   31 |     [32m[Karmor_pose[m[K.type = armor.=type
      |     [32m[K~~~~~~~~~~[m[K                 
[01m[K/home/guo/ITL_sentry_auto_new/src/core/solver/src/solver_node.cpp:36:46:[m[K [01;31m[Kerror: [m[K‘[01m[Kcorners[m[K’ was not declared in this scope
   36 |     last_pnp_result_ = pnp_solver_->solvePnP([01;31m[Kcorners[m[K, armor_pose.type, timestamp);
      |                                              [01;31m[K^~~~~~~[m[K
[01m[K/home/guo/ITL_sentry_auto_new/src/core/solver/src/solver_node.cpp:[m[K At global scope:
[01m[K/home/guo/ITL_sentry_auto_new/src/core/solver/src/solver_node.cpp:305:26:[m[K [01;31m[Kerror: [m[Kno declaration matches ‘[01m[Kstd::vector<cv::Point_<float> > solver::Solver::extractCorners(solver::Armors&) const[m[K’
  305 | std::vector<cv::Point2f> [01;31m[KSolver[m[K::extractCorners(Armors& armor) const {
      |                          [01;31m[K^~~~~~[m[K
In file included from [01m[K/home/guo/ITL_sentry_auto_new/src/core/solver/src/solver_node.cpp:1[m[K:
[01m[K/home/guo/ITL_sentry_auto_new/src/core/solver/include/solver_node.hpp:42:30:[m[K [01;36m[Knote: [m[Kcandidate is: ‘[01m[Kstd::vector<cv::Point_<float> > solver::Solver::extractCorners(const Armor&) const[m[K’
   42 |     std::vector<cv::Point2f> [01;36m[KextractCorners[m[K(const autoaim_msgs::msg::Armor& armor_msg) const;
      |                              [01;36m[K^~~~~~~~~~~~~~[m[K
[01m[K/home/guo/ITL_sentry_auto_new/src/core/solver/include/solver_node.hpp:20:7:[m[K [01;36m[Knote: [m[K‘[01m[Kclass solver::Solver[m[K’ defined here
   20 | class [01;36m[KSolver[m[K {
      |       [01;36m[K^~~~~~[m[K
gmake[2]: *** [CMakeFiles/solver_interface.dir/build.make:76：CMakeFiles/solver_interface.dir/src/solver_node.cpp.o] 错误 1
gmake[1]: *** [CMakeFiles/Makefile2:252：CMakeFiles/solver_interface.dir/all] 错误 2
gmake: *** [Makefile:146：all] 错误 2
