[0.024s] Invoking command in '/home/guo/ITL_sentry_auto_new/build/solver': CMAKE_PREFIX_PATH=/home/guo/ITL_sentry_auto_new/install/detected:/home/guo/ITL_sentry_auto_new/install/utils:/home/guo/ITL_sentry_auto_new/install/autoaim_msgs:/home/guo/ITL_sentry_auto_new/install/tracker:/home/guo/ITL_sentry_auto_new/install/aimer:/home/guo/ITL_sentry_auto_new/install/predictor:/home/guo/ITL_sentry_auto_new/install/solver:/home/guo/ITL_sentry_auto_new/install/pipeline:/home/guo/ITL_sentry_auto_new/install/hikvision:/home/guo/ITL_sentry_auto_new/install/gimbal:/home/guo/ITL_sentry_auto_new/install/dm_imu:/home/guo/ITL_sentry_auto_new/install/cboard:/home/guo/ITL_sentry_auto_new/install/serial:/home/guo/ITL_sentry_auto_new/install/motion_model:/home/guo/ITL_sentry_auto_new/install/filter_lib:/home/guo/ITL_sentry_auto_new/install/armor_pointer:/opt/ros/rolling LD_LIBRARY_PATH=/home/guo/ITL_sentry_auto_new/install/detected/lib:/home/guo/ITL_sentry_auto_new/install/autoaim_msgs/lib:/home/guo/ITL_sentry_auto_new/install/tracker/lib:/home/guo/ITL_sentry_auto_new/install/aimer/lib:/home/guo/ITL_sentry_auto_new/install/predictor/lib:/home/guo/ITL_sentry_auto_new/install/solver/lib:/home/guo/ITL_sentry_auto_new/install/hikvision/lib:/home/guo/ITL_sentry_auto_new/install/gimbal/lib:/home/guo/ITL_sentry_auto_new/install/dm_imu/lib:/home/guo/ITL_sentry_auto_new/install/cboard/lib:/home/guo/ITL_sentry_auto_new/install/utils/lib:/home/guo/ITL_sentry_auto_new/install/serial/lib:/home/guo/ITL_sentry_auto_new/install/motion_model/lib:/home/guo/ITL_sentry_auto_new/install/filter_lib/lib:/home/guo/ITL_sentry_auto_new/install/armor_pointer/lib:/usr/lib/x86_64-linux-gnu:/opt/ros/rolling/opt/rviz_ogre_vendor/lib:/opt/ros/rolling/lib/x86_64-linux-gnu:/opt/ros/rolling/lib:/opt/MVS/lib/64:/opt/MVS/lib/32:/usr/local/TensorRT.10.7.0.23/lib:/usr/lib/x86_64-linux-gnu:/usr/local/cuda/lib64:/opt/MVS/lib/64:/opt/MVS/lib/32:/opt/MVS/lib/64:/opt/MVS/lib/32 /usr/local/bin/cmake --build /home/guo/ITL_sentry_auto_new/build/solver -- -j24 -l24
[0.052s] [ 20%] Built target solver_base
[0.069s] [ 40%] Built target coord_converter
[0.072s] [ 60%] Built target yaw_optimzier_lib
[0.073s] [ 80%] Built target pnp_solver_lib
[0.098s] [ 90%] [32mBuilding CXX object CMakeFiles/solver_interface.dir/src/solver_node.cpp.o[0m
[3.222s] [01m[K/home/guo/ITL_sentry_auto_new/src/core/solver/src/solver_node.cpp:[m[K In member function ‘[01m[Ksolver::Armor_pose solver::Solver::processArmor(solver::Armors, double)[m[K’:
[3.222s] [01m[K/home/guo/ITL_sentry_auto_new/src/core/solver/src/solver_node.cpp:30:31:[m[K [01;31m[Kerror: [m[Kexpected ‘[01m[K;[m[K’ before ‘[01m[Karmor_pose[m[K’
[3.222s]    30 |     armor_pose.id = armor.name
[3.222s]       |                               [01;31m[K^[m[K
[3.222s]       |                               [32m[K;[m[K
[3.222s]    31 |     [32m[Karmor_pose[m[K.type = armor.=type
[3.222s]       |     [32m[K~~~~~~~~~~[m[K                 
[3.229s] [01m[K/home/guo/ITL_sentry_auto_new/src/core/solver/src/solver_node.cpp:36:46:[m[K [01;31m[Kerror: [m[K‘[01m[Kcorners[m[K’ was not declared in this scope
[3.229s]    36 |     last_pnp_result_ = pnp_solver_->solvePnP([01;31m[Kcorners[m[K, armor_pose.type, timestamp);
[3.229s]       |                                              [01;31m[K^~~~~~~[m[K
[3.246s] [01m[K/home/guo/ITL_sentry_auto_new/src/core/solver/src/solver_node.cpp:[m[K At global scope:
[3.246s] [01m[K/home/guo/ITL_sentry_auto_new/src/core/solver/src/solver_node.cpp:305:26:[m[K [01;31m[Kerror: [m[Kno declaration matches ‘[01m[Kstd::vector<cv::Point_<float> > solver::Solver::extractCorners(solver::Armors&) const[m[K’
[3.246s]   305 | std::vector<cv::Point2f> [01;31m[KSolver[m[K::extractCorners(Armors& armor) const {
[3.246s]       |                          [01;31m[K^~~~~~[m[K
[3.247s] In file included from [01m[K/home/guo/ITL_sentry_auto_new/src/core/solver/src/solver_node.cpp:1[m[K:
[3.247s] [01m[K/home/guo/ITL_sentry_auto_new/src/core/solver/include/solver_node.hpp:42:30:[m[K [01;36m[Knote: [m[Kcandidate is: ‘[01m[Kstd::vector<cv::Point_<float> > solver::Solver::extractCorners(const Armor&) const[m[K’
[3.247s]    42 |     std::vector<cv::Point2f> [01;36m[KextractCorners[m[K(const autoaim_msgs::msg::Armor& armor_msg) const;
[3.247s]       |                              [01;36m[K^~~~~~~~~~~~~~[m[K
[3.247s] [01m[K/home/guo/ITL_sentry_auto_new/src/core/solver/include/solver_node.hpp:20:7:[m[K [01;36m[Knote: [m[K‘[01m[Kclass solver::Solver[m[K’ defined here
[3.247s]    20 | class [01;36m[KSolver[m[K {
[3.247s]       |       [01;36m[K^~~~~~[m[K
[5.196s] gmake[2]: *** [CMakeFiles/solver_interface.dir/build.make:76：CMakeFiles/solver_interface.dir/src/solver_node.cpp.o] 错误 1
[5.196s] gmake[1]: *** [CMakeFiles/Makefile2:252：CMakeFiles/solver_interface.dir/all] 错误 2
[5.196s] gmake: *** [Makefile:146：all] 错误 2
[5.198s] Invoked command in '/home/guo/ITL_sentry_auto_new/build/solver' returned '2': CMAKE_PREFIX_PATH=/home/guo/ITL_sentry_auto_new/install/detected:/home/guo/ITL_sentry_auto_new/install/utils:/home/guo/ITL_sentry_auto_new/install/autoaim_msgs:/home/guo/ITL_sentry_auto_new/install/tracker:/home/guo/ITL_sentry_auto_new/install/aimer:/home/guo/ITL_sentry_auto_new/install/predictor:/home/guo/ITL_sentry_auto_new/install/solver:/home/guo/ITL_sentry_auto_new/install/pipeline:/home/guo/ITL_sentry_auto_new/install/hikvision:/home/guo/ITL_sentry_auto_new/install/gimbal:/home/guo/ITL_sentry_auto_new/install/dm_imu:/home/guo/ITL_sentry_auto_new/install/cboard:/home/guo/ITL_sentry_auto_new/install/serial:/home/guo/ITL_sentry_auto_new/install/motion_model:/home/guo/ITL_sentry_auto_new/install/filter_lib:/home/guo/ITL_sentry_auto_new/install/armor_pointer:/opt/ros/rolling LD_LIBRARY_PATH=/home/guo/ITL_sentry_auto_new/install/detected/lib:/home/guo/ITL_sentry_auto_new/install/autoaim_msgs/lib:/home/guo/ITL_sentry_auto_new/install/tracker/lib:/home/guo/ITL_sentry_auto_new/install/aimer/lib:/home/guo/ITL_sentry_auto_new/install/predictor/lib:/home/guo/ITL_sentry_auto_new/install/solver/lib:/home/guo/ITL_sentry_auto_new/install/hikvision/lib:/home/guo/ITL_sentry_auto_new/install/gimbal/lib:/home/guo/ITL_sentry_auto_new/install/dm_imu/lib:/home/guo/ITL_sentry_auto_new/install/cboard/lib:/home/guo/ITL_sentry_auto_new/install/utils/lib:/home/guo/ITL_sentry_auto_new/install/serial/lib:/home/guo/ITL_sentry_auto_new/install/motion_model/lib:/home/guo/ITL_sentry_auto_new/install/filter_lib/lib:/home/guo/ITL_sentry_auto_new/install/armor_pointer/lib:/usr/lib/x86_64-linux-gnu:/opt/ros/rolling/opt/rviz_ogre_vendor/lib:/opt/ros/rolling/lib/x86_64-linux-gnu:/opt/ros/rolling/lib:/opt/MVS/lib/64:/opt/MVS/lib/32:/usr/local/TensorRT.10.7.0.23/lib:/usr/lib/x86_64-linux-gnu:/usr/local/cuda/lib64:/opt/MVS/lib/64:/opt/MVS/lib/32:/opt/MVS/lib/64:/opt/MVS/lib/32 /usr/local/bin/cmake --build /home/guo/ITL_sentry_auto_new/build/solver -- -j24 -l24
