[0.027s] Invoking command in '/home/guo/ITL_sentry_auto_new/build/auto_buff': AMENT_PREFIX_PATH=/home/guo/ITL_sentry_auto_new/install/auto_aim:/home/guo/ITL_sentry_auto_new/install/deveice:/home/guo/ITL_sentry_auto_new/install/serial:/home/guo/ITL_sentry_auto_new/install/utils:/home/guo/ITL_sentry_auto_new/install/autoaim_msgs:${AMENT_PREFIX_PATH} CMAKE_PREFIX_PATH=/home/guo/ITL_sentry_auto_new/install/auto_aim:/home/guo/ITL_sentry_auto_new/install/deveice:/home/guo/ITL_sentry_auto_new/install/serial:/home/guo/ITL_sentry_auto_new/install/utils:/home/guo/ITL_sentry_auto_new/install/autoaim_msgs:/opt/ros/rolling LD_LIBRARY_PATH=/home/guo/ITL_sentry_auto_new/install/auto_aim/lib:/home/guo/ITL_sentry_auto_new/install/deveice/lib:/home/guo/ITL_sentry_auto_new/install/serial/lib:/home/guo/ITL_sentry_auto_new/install/utils/lib:/home/guo/ITL_sentry_auto_new/install/autoaim_msgs/lib:/opt/MVS/lib/64:/opt/MVS/lib/32:/usr/lib/x86_64-linux-gnu:/opt/MVS/lib/64:/opt/MVS/lib/32:/usr/local/TensorRT.10.7.0.23/lib:/usr/lib/x86_64-linux-gnu:/usr/local/cuda/lib64:/usr/lib/x86_64-linux-gnu:/opt/MVS/lib/64:/opt/MVS/lib/32:/usr/local/TensorRT.10.7.0.23/lib:/usr/lib/x86_64-linux-gnu:/usr/local/cuda/lib64:/usr/lib/x86_64-linux-gnu:/opt/MVS/lib/64:/opt/MVS/lib/32:/usr/local/TensorRT.10.7.0.23/lib:/usr/lib/x86_64-linux-gnu:/usr/local/cuda/lib64:/usr/lib/x86_64-linux-gnu:/opt/ros/rolling/opt/rviz_ogre_vendor/lib:/opt/ros/rolling/lib/x86_64-linux-gnu:/opt/ros/rolling/lib:/opt/MVS/lib/64:/opt/MVS/lib/32:/usr/local/TensorRT.10.7.0.23/lib:/usr/lib/x86_64-linux-gnu:/usr/local/cuda/lib64:/opt/MVS/lib/64:/opt/MVS/lib/32:/opt/MVS/lib/64:/opt/MVS/lib/32 PYTHONPATH=/home/guo/ITL_sentry_auto_new/install/autoaim_msgs/lib/python3.10/site-packages:${PYTHONPATH} /usr/local/bin/cmake --build /home/guo/ITL_sentry_auto_new/build/auto_buff -- -j24 -l24
[0.068s] [ 15%] Built target auto_buff_data_type
[0.089s] [ 30%] Built target auto_buff_solver
[0.091s] [ 53%] Built target auto_buff_detect
[0.112s] [ 61%] Building CXX object CMakeFiles/auto_buff_tagret.dir/buff_tagret/src/buff_target.cpp.o
[2.304s] /home/guo/ITL_sentry_auto_new/src/core/auto_buff/buff_tagret/src/buff_target.cpp: In member function ‘virtual void auto_buff::BigTarget::predict(double)’:
[2.304s] /home/guo/ITL_sentry_auto_new/src/core/auto_buff/buff_tagret/src/buff_target.cpp:408:10: warning: unused variable ‘spd’ [-Wunused-variable]
[2.304s]   408 |   double spd = fit_spd_;
[2.304s]       |          ^~~
[9.149s] [ 69%] Linking CXX static library libauto_buff_tagret.a
[9.168s] [ 69%] Built target auto_buff_tagret
[9.201s] [ 76%] Building CXX object CMakeFiles/auto_buff_aimer.dir/buff_aimer/src/buff_aimer.cpp.o
[11.492s] /home/guo/ITL_sentry_auto_new/src/core/auto_buff/buff_aimer/src/buff_aimer.cpp: In member function ‘io::Command auto_buff::Aimer::aim(auto_buff::Target&, std::chrono::_V2::steady_clock::time_point&, double, bool)’:
[11.492s] /home/guo/ITL_sentry_auto_new/src/core/auto_buff/buff_aimer/src/buff_aimer.cpp:36:8: warning: unused variable ‘angle_changed’ [-Wunused-variable]
[11.492s]    36 |   bool angle_changed =
[11.492s]       |        ^~~~~~~~~~~~~
[11.493s] /home/guo/ITL_sentry_auto_new/src/core/auto_buff/buff_aimer/src/buff_aimer.cpp: In member function ‘plan::Plan auto_buff::Aimer::mpc_aim(auto_buff::Target&, std::chrono::_V2::steady_clock::time_point&, io::GimbalState, bool)’:
[11.493s] /home/guo/ITL_sentry_auto_new/src/core/auto_buff/buff_aimer/src/buff_aimer.cpp:89:8: warning: unused variable ‘angle_changed’ [-Wunused-variable]
[11.493s]    89 |   bool angle_changed =
[11.493s]       |        ^~~~~~~~~~~~~
[11.494s] /home/guo/ITL_sentry_auto_new/src/core/auto_buff/buff_aimer/src/buff_aimer.cpp: In member function ‘bool auto_buff::Aimer::get_send_angle(auto_buff::Target&, double, double, bool, double&, double&)’:
[11.494s] /home/guo/ITL_sentry_auto_new/src/core/auto_buff/buff_aimer/src/buff_aimer.cpp:152:14: warning: unused parameter ‘to_now’ [-Wunused-parameter]
[11.494s]   152 |   const bool to_now, double & yaw, double & pitch)
[11.494s]       |   ~~~~~~~~~~~^~~~~~
[16.399s] [ 84%] Linking CXX static library libauto_buff_aimer.a
[16.416s] [ 84%] Built target auto_buff_aimer
[16.432s] [ 92%] Building CXX object CMakeFiles/auto_buff.dir/auto_buff_force_link.cpp.o
[16.457s] [100%] Linking CXX shared library libauto_buff.so
[17.104s] [100%] Built target auto_buff
[17.108s] Invoked command in '/home/guo/ITL_sentry_auto_new/build/auto_buff' returned '0': AMENT_PREFIX_PATH=/home/guo/ITL_sentry_auto_new/install/auto_aim:/home/guo/ITL_sentry_auto_new/install/deveice:/home/guo/ITL_sentry_auto_new/install/serial:/home/guo/ITL_sentry_auto_new/install/utils:/home/guo/ITL_sentry_auto_new/install/autoaim_msgs:${AMENT_PREFIX_PATH} CMAKE_PREFIX_PATH=/home/guo/ITL_sentry_auto_new/install/auto_aim:/home/guo/ITL_sentry_auto_new/install/deveice:/home/guo/ITL_sentry_auto_new/install/serial:/home/guo/ITL_sentry_auto_new/install/utils:/home/guo/ITL_sentry_auto_new/install/autoaim_msgs:/opt/ros/rolling LD_LIBRARY_PATH=/home/guo/ITL_sentry_auto_new/install/auto_aim/lib:/home/guo/ITL_sentry_auto_new/install/deveice/lib:/home/guo/ITL_sentry_auto_new/install/serial/lib:/home/guo/ITL_sentry_auto_new/install/utils/lib:/home/guo/ITL_sentry_auto_new/install/autoaim_msgs/lib:/opt/MVS/lib/64:/opt/MVS/lib/32:/usr/lib/x86_64-linux-gnu:/opt/MVS/lib/64:/opt/MVS/lib/32:/usr/local/TensorRT.10.7.0.23/lib:/usr/lib/x86_64-linux-gnu:/usr/local/cuda/lib64:/usr/lib/x86_64-linux-gnu:/opt/MVS/lib/64:/opt/MVS/lib/32:/usr/local/TensorRT.10.7.0.23/lib:/usr/lib/x86_64-linux-gnu:/usr/local/cuda/lib64:/usr/lib/x86_64-linux-gnu:/opt/MVS/lib/64:/opt/MVS/lib/32:/usr/local/TensorRT.10.7.0.23/lib:/usr/lib/x86_64-linux-gnu:/usr/local/cuda/lib64:/usr/lib/x86_64-linux-gnu:/opt/ros/rolling/opt/rviz_ogre_vendor/lib:/opt/ros/rolling/lib/x86_64-linux-gnu:/opt/ros/rolling/lib:/opt/MVS/lib/64:/opt/MVS/lib/32:/usr/local/TensorRT.10.7.0.23/lib:/usr/lib/x86_64-linux-gnu:/usr/local/cuda/lib64:/opt/MVS/lib/64:/opt/MVS/lib/32:/opt/MVS/lib/64:/opt/MVS/lib/32 PYTHONPATH=/home/guo/ITL_sentry_auto_new/install/autoaim_msgs/lib/python3.10/site-packages:${PYTHONPATH} /usr/local/bin/cmake --build /home/guo/ITL_sentry_auto_new/build/auto_buff -- -j24 -l24
[17.109s] Invoking command in '/home/guo/ITL_sentry_auto_new/build/auto_buff': AMENT_PREFIX_PATH=/home/guo/ITL_sentry_auto_new/install/auto_aim:/home/guo/ITL_sentry_auto_new/install/deveice:/home/guo/ITL_sentry_auto_new/install/serial:/home/guo/ITL_sentry_auto_new/install/utils:/home/guo/ITL_sentry_auto_new/install/autoaim_msgs:${AMENT_PREFIX_PATH} CMAKE_PREFIX_PATH=/home/guo/ITL_sentry_auto_new/install/auto_aim:/home/guo/ITL_sentry_auto_new/install/deveice:/home/guo/ITL_sentry_auto_new/install/serial:/home/guo/ITL_sentry_auto_new/install/utils:/home/guo/ITL_sentry_auto_new/install/autoaim_msgs:/opt/ros/rolling LD_LIBRARY_PATH=/home/guo/ITL_sentry_auto_new/install/auto_aim/lib:/home/guo/ITL_sentry_auto_new/install/deveice/lib:/home/guo/ITL_sentry_auto_new/install/serial/lib:/home/guo/ITL_sentry_auto_new/install/utils/lib:/home/guo/ITL_sentry_auto_new/install/autoaim_msgs/lib:/opt/MVS/lib/64:/opt/MVS/lib/32:/usr/lib/x86_64-linux-gnu:/opt/MVS/lib/64:/opt/MVS/lib/32:/usr/local/TensorRT.10.7.0.23/lib:/usr/lib/x86_64-linux-gnu:/usr/local/cuda/lib64:/usr/lib/x86_64-linux-gnu:/opt/MVS/lib/64:/opt/MVS/lib/32:/usr/local/TensorRT.10.7.0.23/lib:/usr/lib/x86_64-linux-gnu:/usr/local/cuda/lib64:/usr/lib/x86_64-linux-gnu:/opt/MVS/lib/64:/opt/MVS/lib/32:/usr/local/TensorRT.10.7.0.23/lib:/usr/lib/x86_64-linux-gnu:/usr/local/cuda/lib64:/usr/lib/x86_64-linux-gnu:/opt/ros/rolling/opt/rviz_ogre_vendor/lib:/opt/ros/rolling/lib/x86_64-linux-gnu:/opt/ros/rolling/lib:/opt/MVS/lib/64:/opt/MVS/lib/32:/usr/local/TensorRT.10.7.0.23/lib:/usr/lib/x86_64-linux-gnu:/usr/local/cuda/lib64:/opt/MVS/lib/64:/opt/MVS/lib/32:/opt/MVS/lib/64:/opt/MVS/lib/32 PYTHONPATH=/home/guo/ITL_sentry_auto_new/install/autoaim_msgs/lib/python3.10/site-packages:${PYTHONPATH} /usr/local/bin/cmake --install /home/guo/ITL_sentry_auto_new/build/auto_buff
[17.111s] -- Install configuration: "Release"
[17.112s] -- Installing: /home/guo/ITL_sentry_auto_new/install/auto_buff/lib/libauto_buff.so
[17.113s] -- Set non-toolchain portion of runtime path of "/home/guo/ITL_sentry_auto_new/install/auto_buff/lib/libauto_buff.so" to ""
[17.113s] -- Installing: /home/guo/ITL_sentry_auto_new/install/auto_buff/lib/libauto_buff_data_type.a
[17.114s] -- Installing: /home/guo/ITL_sentry_auto_new/install/auto_buff/lib/libauto_buff_detect.a
[17.115s] -- Installing: /home/guo/ITL_sentry_auto_new/install/auto_buff/lib/libauto_buff_solver.a
[17.116s] -- Installing: /home/guo/ITL_sentry_auto_new/install/auto_buff/lib/libauto_buff_tagret.a
[17.116s] -- Installing: /home/guo/ITL_sentry_auto_new/install/auto_buff/lib/libauto_buff_aimer.a
[17.117s] -- Up-to-date: /home/guo/ITL_sentry_auto_new/install/auto_buff/include
[17.118s] -- Up-to-date: /home/guo/ITL_sentry_auto_new/install/auto_buff/include/buff_type.hpp
[17.118s] -- Up-to-date: /home/guo/ITL_sentry_auto_new/install/auto_buff/include
[17.118s] -- Up-to-date: /home/guo/ITL_sentry_auto_new/install/auto_buff/include/buff_detector.hpp
[17.118s] -- Up-to-date: /home/guo/ITL_sentry_auto_new/install/auto_buff/include/yolo11_buff.hpp
[17.118s] -- Up-to-date: /home/guo/ITL_sentry_auto_new/install/auto_buff/include
[17.118s] -- Installing: /home/guo/ITL_sentry_auto_new/install/auto_buff/include/buff_solver.hpp
[17.118s] -- Up-to-date: /home/guo/ITL_sentry_auto_new/install/auto_buff/include
[17.118s] -- Installing: /home/guo/ITL_sentry_auto_new/install/auto_buff/include/buff_predict.hpp
[17.118s] -- Installing: /home/guo/ITL_sentry_auto_new/install/auto_buff/include/buff_target.hpp
[17.118s] -- Up-to-date: /home/guo/ITL_sentry_auto_new/install/auto_buff/include
[17.118s] -- Installing: /home/guo/ITL_sentry_auto_new/install/auto_buff/include/buff_aimer.hpp
[17.118s] -- Up-to-date: /home/guo/ITL_sentry_auto_new/install/auto_buff/share/auto_buff/environment/library_path.sh
[17.118s] -- Up-to-date: /home/guo/ITL_sentry_auto_new/install/auto_buff/share/auto_buff/environment/library_path.dsv
[17.118s] -- Installing: /home/guo/ITL_sentry_auto_new/install/auto_buff/share/auto_buff/package.xml
[17.118s] -- Installing: /home/guo/ITL_sentry_auto_new/install/auto_buff/share/ament_index/resource_index/package_run_dependencies/auto_buff
[17.118s] -- Installing: /home/guo/ITL_sentry_auto_new/install/auto_buff/share/ament_index/resource_index/parent_prefix_path/auto_buff
[17.118s] -- Up-to-date: /home/guo/ITL_sentry_auto_new/install/auto_buff/share/auto_buff/environment/ament_prefix_path.sh
[17.118s] -- Up-to-date: /home/guo/ITL_sentry_auto_new/install/auto_buff/share/auto_buff/environment/ament_prefix_path.dsv
[17.118s] -- Up-to-date: /home/guo/ITL_sentry_auto_new/install/auto_buff/share/auto_buff/environment/path.sh
[17.118s] -- Up-to-date: /home/guo/ITL_sentry_auto_new/install/auto_buff/share/auto_buff/environment/path.dsv
[17.118s] -- Up-to-date: /home/guo/ITL_sentry_auto_new/install/auto_buff/share/auto_buff/local_setup.bash
[17.118s] -- Up-to-date: /home/guo/ITL_sentry_auto_new/install/auto_buff/share/auto_buff/local_setup.sh
[17.118s] -- Up-to-date: /home/guo/ITL_sentry_auto_new/install/auto_buff/share/auto_buff/local_setup.zsh
[17.118s] -- Up-to-date: /home/guo/ITL_sentry_auto_new/install/auto_buff/share/auto_buff/local_setup.dsv
[17.119s] -- Installing: /home/guo/ITL_sentry_auto_new/install/auto_buff/share/auto_buff/package.dsv
[17.119s] -- Up-to-date: /home/guo/ITL_sentry_auto_new/install/auto_buff/share/ament_index/resource_index/packages/auto_buff
[17.119s] -- Old export file "/home/guo/ITL_sentry_auto_new/install/auto_buff/share/auto_buff/cmake/auto_buffTargetsExport.cmake" will be replaced.  Removing files [/home/guo/ITL_sentry_auto_new/install/auto_buff/share/auto_buff/cmake/auto_buffTargetsExport-noconfig.cmake].
[17.119s] -- Installing: /home/guo/ITL_sentry_auto_new/install/auto_buff/share/auto_buff/cmake/auto_buffTargetsExport.cmake
[17.119s] -- Installing: /home/guo/ITL_sentry_auto_new/install/auto_buff/share/auto_buff/cmake/auto_buffTargetsExport-release.cmake
[17.119s] -- Up-to-date: /home/guo/ITL_sentry_auto_new/install/auto_buff/share/auto_buff/cmake/ament_cmake_export_include_directories-extras.cmake
[17.119s] -- Up-to-date: /home/guo/ITL_sentry_auto_new/install/auto_buff/share/auto_buff/cmake/ament_cmake_export_targets-extras.cmake
[17.119s] -- Installing: /home/guo/ITL_sentry_auto_new/install/auto_buff/share/auto_buff/cmake/ament_cmake_export_dependencies-extras.cmake
[17.119s] -- Up-to-date: /home/guo/ITL_sentry_auto_new/install/auto_buff/share/auto_buff/cmake/auto_buffConfig.cmake
[17.119s] -- Up-to-date: /home/guo/ITL_sentry_auto_new/install/auto_buff/share/auto_buff/cmake/auto_buffConfig-version.cmake
[17.119s] -- Up-to-date: /home/guo/ITL_sentry_auto_new/install/auto_buff/share/auto_buff/package.xml
[17.119s] Invoked command in '/home/guo/ITL_sentry_auto_new/build/auto_buff' returned '0': AMENT_PREFIX_PATH=/home/guo/ITL_sentry_auto_new/install/auto_aim:/home/guo/ITL_sentry_auto_new/install/deveice:/home/guo/ITL_sentry_auto_new/install/serial:/home/guo/ITL_sentry_auto_new/install/utils:/home/guo/ITL_sentry_auto_new/install/autoaim_msgs:${AMENT_PREFIX_PATH} CMAKE_PREFIX_PATH=/home/guo/ITL_sentry_auto_new/install/auto_aim:/home/guo/ITL_sentry_auto_new/install/deveice:/home/guo/ITL_sentry_auto_new/install/serial:/home/guo/ITL_sentry_auto_new/install/utils:/home/guo/ITL_sentry_auto_new/install/autoaim_msgs:/opt/ros/rolling LD_LIBRARY_PATH=/home/guo/ITL_sentry_auto_new/install/auto_aim/lib:/home/guo/ITL_sentry_auto_new/install/deveice/lib:/home/guo/ITL_sentry_auto_new/install/serial/lib:/home/guo/ITL_sentry_auto_new/install/utils/lib:/home/guo/ITL_sentry_auto_new/install/autoaim_msgs/lib:/opt/MVS/lib/64:/opt/MVS/lib/32:/usr/lib/x86_64-linux-gnu:/opt/MVS/lib/64:/opt/MVS/lib/32:/usr/local/TensorRT.10.7.0.23/lib:/usr/lib/x86_64-linux-gnu:/usr/local/cuda/lib64:/usr/lib/x86_64-linux-gnu:/opt/MVS/lib/64:/opt/MVS/lib/32:/usr/local/TensorRT.10.7.0.23/lib:/usr/lib/x86_64-linux-gnu:/usr/local/cuda/lib64:/usr/lib/x86_64-linux-gnu:/opt/MVS/lib/64:/opt/MVS/lib/32:/usr/local/TensorRT.10.7.0.23/lib:/usr/lib/x86_64-linux-gnu:/usr/local/cuda/lib64:/usr/lib/x86_64-linux-gnu:/opt/ros/rolling/opt/rviz_ogre_vendor/lib:/opt/ros/rolling/lib/x86_64-linux-gnu:/opt/ros/rolling/lib:/opt/MVS/lib/64:/opt/MVS/lib/32:/usr/local/TensorRT.10.7.0.23/lib:/usr/lib/x86_64-linux-gnu:/usr/local/cuda/lib64:/opt/MVS/lib/64:/opt/MVS/lib/32:/opt/MVS/lib/64:/opt/MVS/lib/32 PYTHONPATH=/home/guo/ITL_sentry_auto_new/install/autoaim_msgs/lib/python3.10/site-packages:${PYTHONPATH} /usr/local/bin/cmake --install /home/guo/ITL_sentry_auto_new/build/auto_buff
