[0.007s] Invoking command in '/home/guo/ITL_sentry_auto_new/build/utils': CMAKE_PREFIX_PATH=/opt/ros/rolling /usr/local/bin/cmake --build /home/guo/ITL_sentry_auto_new/build/utils -- -j24 -l24
[0.048s] [ 12%] Building CXX object CMakeFiles/utils.dir/src/extended_kalman_filter.cpp.o
[6.439s] [ 25%] Linking CXX static library libutils.a
[6.469s] [100%] Built target utils
[6.472s] Invoked command in '/home/guo/ITL_sentry_auto_new/build/utils' returned '0': CMAKE_PREFIX_PATH=/opt/ros/rolling /usr/local/bin/cmake --build /home/guo/ITL_sentry_auto_new/build/utils -- -j24 -l24
[6.476s] Invoking command in '/home/guo/ITL_sentry_auto_new/build/utils': CMAKE_PREFIX_PATH=/opt/ros/rolling /usr/local/bin/cmake --install /home/guo/ITL_sentry_auto_new/build/utils
[6.479s] -- Install configuration: "Release"
[6.479s] -- Up-to-date: /home/guo/ITL_sentry_auto_new/install/utils/share/utils/environment/library_path.sh
[6.479s] -- Up-to-date: /home/guo/ITL_sentry_auto_new/install/utils/share/utils/environment/library_path.dsv
[6.479s] -- Up-to-date: /home/guo/ITL_sentry_auto_new/install/utils/include
[6.479s] -- Up-to-date: /home/guo/ITL_sentry_auto_new/install/utils/include/draw_tools.hpp
[6.479s] -- Up-to-date: /home/guo/ITL_sentry_auto_new/install/utils/include/thread_safe_queue.hpp
[6.479s] -- Up-to-date: /home/guo/ITL_sentry_auto_new/install/utils/include/math_tools.hpp
[6.479s] -- Up-to-date: /home/guo/ITL_sentry_auto_new/install/utils/include/video.hpp
[6.479s] -- Up-to-date: /home/guo/ITL_sentry_auto_new/install/utils/include/yaml.hpp
[6.479s] -- Up-to-date: /home/guo/ITL_sentry_auto_new/install/utils/include/detector_tools.hpp
[6.479s] -- Up-to-date: /home/guo/ITL_sentry_auto_new/install/utils/include/trajectory.hpp
[6.480s] -- Up-to-date: /home/guo/ITL_sentry_auto_new/install/utils/include/performance_monitor.hpp
[6.480s] -- Installing: /home/guo/ITL_sentry_auto_new/install/utils/include/extended_kalman_filter.hpp
[6.480s] -- Up-to-date: /home/guo/ITL_sentry_auto_new/install/utils/include/logger.hpp
[6.480s] -- Up-to-date: /home/guo/ITL_sentry_auto_new/install/utils/include/crc.hpp
[6.480s] -- Up-to-date: /home/guo/ITL_sentry_auto_new/install/utils/include/blocking_queue.hpp
[6.480s] -- Up-to-date: /home/guo/ITL_sentry_auto_new/install/utils/include/ransac_sine_fitter.hpp
[6.480s] -- Up-to-date: /home/guo/ITL_sentry_auto_new/install/utils/include/roi_tools.hpp
[6.480s] -- Installing: /home/guo/ITL_sentry_auto_new/install/utils/lib/libutils.a
[6.482s] -- Up-to-date: /home/guo/ITL_sentry_auto_new/install/utils/share/utils/cmake/utilsTargets.cmake
[6.482s] -- Up-to-date: /home/guo/ITL_sentry_auto_new/install/utils/share/utils/cmake/utilsTargets-release.cmake
[6.482s] -- Up-to-date: /home/guo/ITL_sentry_auto_new/install/utils/share/ament_index/resource_index/package_run_dependencies/utils
[6.482s] -- Up-to-date: /home/guo/ITL_sentry_auto_new/install/utils/share/ament_index/resource_index/parent_prefix_path/utils
[6.482s] -- Up-to-date: /home/guo/ITL_sentry_auto_new/install/utils/share/utils/environment/ament_prefix_path.sh
[6.482s] -- Up-to-date: /home/guo/ITL_sentry_auto_new/install/utils/share/utils/environment/ament_prefix_path.dsv
[6.482s] -- Up-to-date: /home/guo/ITL_sentry_auto_new/install/utils/share/utils/environment/path.sh
[6.482s] -- Up-to-date: /home/guo/ITL_sentry_auto_new/install/utils/share/utils/environment/path.dsv
[6.482s] -- Up-to-date: /home/guo/ITL_sentry_auto_new/install/utils/share/utils/local_setup.bash
[6.483s] -- Up-to-date: /home/guo/ITL_sentry_auto_new/install/utils/share/utils/local_setup.sh
[6.483s] -- Up-to-date: /home/guo/ITL_sentry_auto_new/install/utils/share/utils/local_setup.zsh
[6.483s] -- Up-to-date: /home/guo/ITL_sentry_auto_new/install/utils/share/utils/local_setup.dsv
[6.483s] -- Installing: /home/guo/ITL_sentry_auto_new/install/utils/share/utils/package.dsv
[6.483s] -- Up-to-date: /home/guo/ITL_sentry_auto_new/install/utils/share/ament_index/resource_index/packages/utils
[6.483s] -- Up-to-date: /home/guo/ITL_sentry_auto_new/install/utils/share/utils/cmake/utilsTargetsExport.cmake
[6.483s] -- Up-to-date: /home/guo/ITL_sentry_auto_new/install/utils/share/utils/cmake/utilsTargetsExport-release.cmake
[6.483s] -- Up-to-date: /home/guo/ITL_sentry_auto_new/install/utils/share/utils/cmake/ament_cmake_export_include_directories-extras.cmake
[6.483s] -- Up-to-date: /home/guo/ITL_sentry_auto_new/install/utils/share/utils/cmake/ament_cmake_export_libraries-extras.cmake
[6.483s] -- Up-to-date: /home/guo/ITL_sentry_auto_new/install/utils/share/utils/cmake/ament_cmake_export_dependencies-extras.cmake
[6.483s] -- Up-to-date: /home/guo/ITL_sentry_auto_new/install/utils/share/utils/cmake/ament_cmake_export_targets-extras.cmake
[6.483s] -- Up-to-date: /home/guo/ITL_sentry_auto_new/install/utils/share/utils/cmake/utilsConfig.cmake
[6.483s] -- Up-to-date: /home/guo/ITL_sentry_auto_new/install/utils/share/utils/cmake/utilsConfig-version.cmake
[6.483s] -- Up-to-date: /home/guo/ITL_sentry_auto_new/install/utils/share/utils/package.xml
[6.483s] Invoked command in '/home/guo/ITL_sentry_auto_new/build/utils' returned '0': CMAKE_PREFIX_PATH=/opt/ros/rolling /usr/local/bin/cmake --install /home/guo/ITL_sentry_auto_new/build/utils
