[ 50%] [32mBuilding CXX object CMakeFiles/cboard.dir/src/cboard.cpp.o[0m
[100%] [32m[1mLinking CXX shared library libcboard.so[0m
[100%] Built target cboard
-- Install configuration: ""
-- Up-to-date: /home/guo/ITL_sentry_auto_new/install/cboard/share/cboard/environment/library_path.sh
-- Up-to-date: /home/guo/ITL_sentry_auto_new/install/cboard/share/cboard/environment/library_path.dsv
-- Up-to-date: /home/guo/ITL_sentry_auto_new/install/cboard/include
-- Up-to-date: /home/guo/ITL_sentry_auto_new/install/cboard/include/command.hpp
-- Up-to-date: /home/guo/ITL_sentry_auto_new/install/cboard/include/cboard.hpp
-- Up-to-date: /home/guo/ITL_sentry_auto_new/install/cboard/include/socketcan.hpp
-- Installing: /home/guo/ITL_sentry_auto_new/install/cboard/lib/libcboard.so
-- Set non-toolchain portion of runtime path of "/home/guo/ITL_sentry_auto_new/install/cboard/lib/libcboard.so" to ""
-- Up-to-date: /home/guo/ITL_sentry_auto_new/install/cboard/share/cboard/cmake/cboardTargets.cmake
-- Up-to-date: /home/guo/ITL_sentry_auto_new/install/cboard/share/cboard/cmake/cboardTargets-noconfig.cmake
-- Up-to-date: /home/guo/ITL_sentry_auto_new/install/cboard/share/ament_index/resource_index/package_run_dependencies/cboard
-- Up-to-date: /home/guo/ITL_sentry_auto_new/install/cboard/share/ament_index/resource_index/parent_prefix_path/cboard
-- Up-to-date: /home/guo/ITL_sentry_auto_new/install/cboard/share/cboard/environment/ament_prefix_path.sh
-- Up-to-date: /home/guo/ITL_sentry_auto_new/install/cboard/share/cboard/environment/ament_prefix_path.dsv
-- Up-to-date: /home/guo/ITL_sentry_auto_new/install/cboard/share/cboard/environment/path.sh
-- Up-to-date: /home/guo/ITL_sentry_auto_new/install/cboard/share/cboard/environment/path.dsv
-- Up-to-date: /home/guo/ITL_sentry_auto_new/install/cboard/share/cboard/local_setup.bash
-- Up-to-date: /home/guo/ITL_sentry_auto_new/install/cboard/share/cboard/local_setup.sh
-- Up-to-date: /home/guo/ITL_sentry_auto_new/install/cboard/share/cboard/local_setup.zsh
-- Up-to-date: /home/guo/ITL_sentry_auto_new/install/cboard/share/cboard/local_setup.dsv
-- Installing: /home/guo/ITL_sentry_auto_new/install/cboard/share/cboard/package.dsv
-- Up-to-date: /home/guo/ITL_sentry_auto_new/install/cboard/share/ament_index/resource_index/packages/cboard
-- Up-to-date: /home/guo/ITL_sentry_auto_new/install/cboard/share/cboard/cmake/cboardTargetsExport.cmake
-- Up-to-date: /home/guo/ITL_sentry_auto_new/install/cboard/share/cboard/cmake/cboardTargetsExport-noconfig.cmake
-- Up-to-date: /home/guo/ITL_sentry_auto_new/install/cboard/share/cboard/cmake/ament_cmake_export_include_directories-extras.cmake
-- Up-to-date: /home/guo/ITL_sentry_auto_new/install/cboard/share/cboard/cmake/ament_cmake_export_libraries-extras.cmake
-- Up-to-date: /home/guo/ITL_sentry_auto_new/install/cboard/share/cboard/cmake/ament_cmake_export_dependencies-extras.cmake
-- Up-to-date: /home/guo/ITL_sentry_auto_new/install/cboard/share/cboard/cmake/ament_cmake_export_targets-extras.cmake
-- Up-to-date: /home/guo/ITL_sentry_auto_new/install/cboard/share/cboard/cmake/cboardConfig.cmake
-- Up-to-date: /home/guo/ITL_sentry_auto_new/install/cboard/share/cboard/cmake/cboardConfig-version.cmake
-- Up-to-date: /home/guo/ITL_sentry_auto_new/install/cboard/share/cboard/package.xml
