[100%] Built target motion_model
-- Install configuration: ""
-- Up-to-date: /home/guo/ITL_sentry_auto_new/install/motion_model/share/motion_model/environment/library_path.sh
-- Up-to-date: /home/guo/ITL_sentry_auto_new/install/motion_model/share/motion_model/environment/library_path.dsv
-- Up-to-date: /home/guo/ITL_sentry_auto_new/install/motion_model/lib/libmotion_model.so
-- Up-to-date: /home/guo/ITL_sentry_auto_new/install/motion_model/include
-- Up-to-date: /home/guo/ITL_sentry_auto_new/install/motion_model/include/common_model_v1.hpp
-- Up-to-date: /home/guo/ITL_sentry_auto_new/install/motion_model/include/rotating_model.hpp
-- Up-to-date: /home/guo/ITL_sentry_auto_new/install/motion_model/include/common_model_v2.hpp
-- Up-to-date: /home/guo/ITL_sentry_auto_new/install/motion_model/include/full_model.hpp
-- Up-to-date: /home/guo/ITL_sentry_auto_new/install/motion_model/share/ament_index/resource_index/package_run_dependencies/motion_model
-- Up-to-date: /home/guo/ITL_sentry_auto_new/install/motion_model/share/ament_index/resource_index/parent_prefix_path/motion_model
-- Up-to-date: /home/guo/ITL_sentry_auto_new/install/motion_model/share/motion_model/environment/ament_prefix_path.sh
-- Up-to-date: /home/guo/ITL_sentry_auto_new/install/motion_model/share/motion_model/environment/ament_prefix_path.dsv
-- Up-to-date: /home/guo/ITL_sentry_auto_new/install/motion_model/share/motion_model/environment/path.sh
-- Up-to-date: /home/guo/ITL_sentry_auto_new/install/motion_model/share/motion_model/environment/path.dsv
-- Up-to-date: /home/guo/ITL_sentry_auto_new/install/motion_model/share/motion_model/local_setup.bash
-- Up-to-date: /home/guo/ITL_sentry_auto_new/install/motion_model/share/motion_model/local_setup.sh
-- Up-to-date: /home/guo/ITL_sentry_auto_new/install/motion_model/share/motion_model/local_setup.zsh
-- Up-to-date: /home/guo/ITL_sentry_auto_new/install/motion_model/share/motion_model/local_setup.dsv
-- Installing: /home/guo/ITL_sentry_auto_new/install/motion_model/share/motion_model/package.dsv
-- Up-to-date: /home/guo/ITL_sentry_auto_new/install/motion_model/share/ament_index/resource_index/packages/motion_model
-- Up-to-date: /home/guo/ITL_sentry_auto_new/install/motion_model/share/motion_model/cmake/motion_model_targetsExport.cmake
-- Up-to-date: /home/guo/ITL_sentry_auto_new/install/motion_model/share/motion_model/cmake/motion_model_targetsExport-noconfig.cmake
-- Up-to-date: /home/guo/ITL_sentry_auto_new/install/motion_model/share/motion_model/cmake/ament_cmake_export_targets-extras.cmake
-- Up-to-date: /home/guo/ITL_sentry_auto_new/install/motion_model/share/motion_model/cmake/ament_cmake_export_dependencies-extras.cmake
-- Up-to-date: /home/guo/ITL_sentry_auto_new/install/motion_model/share/motion_model/cmake/motion_modelConfig.cmake
-- Up-to-date: /home/guo/ITL_sentry_auto_new/install/motion_model/share/motion_model/cmake/motion_modelConfig-version.cmake
-- Up-to-date: /home/guo/ITL_sentry_auto_new/install/motion_model/share/motion_model/package.xml
