[0.015s] Invoking command in '/home/guo/ITL_sentry_auto_new/build/autoaim_msgs': CMAKE_PREFIX_PATH=${CMAKE_PREFIX_PATH}:/opt/ros/rolling /usr/local/bin/cmake --build /home/guo/ITL_sentry_auto_new/build/autoaim_msgs -- -j24 -l24
[0.044s] [  1%] Built target autoaim_msgs__rosidl_generator_type_description
[0.048s] [  1%] Built target ament_cmake_python_copy_autoaim_msgs
[0.066s] [  2%] Built target autoaim_msgs__cpp
[0.092s] [ 26%] Built target autoaim_msgs__rosidl_generator_c
[0.109s] [ 36%] Built target autoaim_msgs__rosidl_typesupport_introspection_c
[0.109s] [ 45%] Built target autoaim_msgs__rosidl_typesupport_fastrtps_c
[0.109s] [ 55%] Built target autoaim_msgs__rosidl_typesupport_c
[0.109s] [ 64%] Built target autoaim_msgs__rosidl_typesupport_fastrtps_cpp
[0.109s] [ 74%] Built target autoaim_msgs__rosidl_typesupport_cpp
[0.109s] [ 84%] Built target autoaim_msgs__rosidl_typesupport_introspection_cpp
[0.117s] [ 84%] Built target autoaim_msgs
[0.128s] [ 85%] Built target autoaim_msgs__py
[0.142s] [ 93%] Built target autoaim_msgs__rosidl_generator_py
[0.151s] [ 97%] Built target autoaim_msgs__rosidl_typesupport_introspection_c__pyext
[0.151s] [ 97%] Built target autoaim_msgs__rosidl_typesupport_fastrtps_c__pyext
[0.151s] [100%] Built target autoaim_msgs__rosidl_typesupport_c__pyext
[0.277s] running egg_info
[0.277s] writing autoaim_msgs.egg-info/PKG-INFO
[0.277s] writing dependency_links to autoaim_msgs.egg-info/dependency_links.txt
[0.277s] writing top-level names to autoaim_msgs.egg-info/top_level.txt
[0.279s] reading manifest file 'autoaim_msgs.egg-info/SOURCES.txt'
[0.279s] writing manifest file 'autoaim_msgs.egg-info/SOURCES.txt'
[0.294s] [100%] Built target ament_cmake_python_build_autoaim_msgs_egg
[0.299s] Invoked command in '/home/guo/ITL_sentry_auto_new/build/autoaim_msgs' returned '0': CMAKE_PREFIX_PATH=${CMAKE_PREFIX_PATH}:/opt/ros/rolling /usr/local/bin/cmake --build /home/guo/ITL_sentry_auto_new/build/autoaim_msgs -- -j24 -l24
[0.301s] Invoking command in '/home/guo/ITL_sentry_auto_new/build/autoaim_msgs': CMAKE_PREFIX_PATH=${CMAKE_PREFIX_PATH}:/opt/ros/rolling /usr/local/bin/cmake --install /home/guo/ITL_sentry_auto_new/build/autoaim_msgs
[0.304s] -- Install configuration: ""
[0.304s] -- Up-to-date: /home/guo/ITL_sentry_auto_new/install/autoaim_msgs/share/ament_index/resource_index/rosidl_interfaces/autoaim_msgs
[0.304s] -- Up-to-date: /home/guo/ITL_sentry_auto_new/install/autoaim_msgs/share/autoaim_msgs/msg/Target.json
[0.304s] -- Up-to-date: /home/guo/ITL_sentry_auto_new/install/autoaim_msgs/share/autoaim_msgs/msg/Targets.json
[0.304s] -- Up-to-date: /home/guo/ITL_sentry_auto_new/install/autoaim_msgs/share/autoaim_msgs/msg/Armor.json
[0.304s] -- Up-to-date: /home/guo/ITL_sentry_auto_new/install/autoaim_msgs/share/autoaim_msgs/msg/Armorresult.json
[0.304s] -- Up-to-date: /home/guo/ITL_sentry_auto_new/install/autoaim_msgs/share/autoaim_msgs/msg/Prediction.json
[0.304s] -- Up-to-date: /home/guo/ITL_sentry_auto_new/install/autoaim_msgs/share/autoaim_msgs/msg/Predictions.json
[0.304s] -- Up-to-date: /home/guo/ITL_sentry_auto_new/install/autoaim_msgs/share/autoaim_msgs/msg/Serialcmd.json
[0.304s] -- Up-to-date: /home/guo/ITL_sentry_auto_new/install/autoaim_msgs/include/autoaim_msgs/autoaim_msgs
[0.304s] -- Up-to-date: /home/guo/ITL_sentry_auto_new/install/autoaim_msgs/include/autoaim_msgs/autoaim_msgs/msg
[0.304s] -- Up-to-date: /home/guo/ITL_sentry_auto_new/install/autoaim_msgs/include/autoaim_msgs/autoaim_msgs/msg/serialcmd.h
[0.304s] -- Up-to-date: /home/guo/ITL_sentry_auto_new/install/autoaim_msgs/include/autoaim_msgs/autoaim_msgs/msg/rosidl_generator_c__visibility_control.h
[0.304s] -- Up-to-date: /home/guo/ITL_sentry_auto_new/install/autoaim_msgs/include/autoaim_msgs/autoaim_msgs/msg/detail
[0.304s] -- Up-to-date: /home/guo/ITL_sentry_auto_new/install/autoaim_msgs/include/autoaim_msgs/autoaim_msgs/msg/detail/target__type_support.h
[0.304s] -- Up-to-date: /home/guo/ITL_sentry_auto_new/install/autoaim_msgs/include/autoaim_msgs/autoaim_msgs/msg/detail/armorresult__type_support.c
[0.304s] -- Up-to-date: /home/guo/ITL_sentry_auto_new/install/autoaim_msgs/include/autoaim_msgs/autoaim_msgs/msg/detail/predictions__type_support.c
[0.304s] -- Up-to-date: /home/guo/ITL_sentry_auto_new/install/autoaim_msgs/include/autoaim_msgs/autoaim_msgs/msg/detail/targets__functions.h
[0.304s] -- Up-to-date: /home/guo/ITL_sentry_auto_new/install/autoaim_msgs/include/autoaim_msgs/autoaim_msgs/msg/detail/target__description.c
[0.304s] -- Up-to-date: /home/guo/ITL_sentry_auto_new/install/autoaim_msgs/include/autoaim_msgs/autoaim_msgs/msg/detail/predictions__type_support.h
[0.304s] -- Up-to-date: /home/guo/ITL_sentry_auto_new/install/autoaim_msgs/include/autoaim_msgs/autoaim_msgs/msg/detail/prediction__type_support.h
[0.304s] -- Up-to-date: /home/guo/ITL_sentry_auto_new/install/autoaim_msgs/include/autoaim_msgs/autoaim_msgs/msg/detail/predictions__struct.h
[0.305s] -- Up-to-date: /home/guo/ITL_sentry_auto_new/install/autoaim_msgs/include/autoaim_msgs/autoaim_msgs/msg/detail/armor__functions.c
[0.305s] -- Up-to-date: /home/guo/ITL_sentry_auto_new/install/autoaim_msgs/include/autoaim_msgs/autoaim_msgs/msg/detail/serialcmd__functions.h
[0.305s] -- Up-to-date: /home/guo/ITL_sentry_auto_new/install/autoaim_msgs/include/autoaim_msgs/autoaim_msgs/msg/detail/targets__type_support.c
[0.305s] -- Up-to-date: /home/guo/ITL_sentry_auto_new/install/autoaim_msgs/include/autoaim_msgs/autoaim_msgs/msg/detail/prediction__functions.h
[0.305s] -- Up-to-date: /home/guo/ITL_sentry_auto_new/install/autoaim_msgs/include/autoaim_msgs/autoaim_msgs/msg/detail/serialcmd__functions.c
[0.305s] -- Up-to-date: /home/guo/ITL_sentry_auto_new/install/autoaim_msgs/include/autoaim_msgs/autoaim_msgs/msg/detail/armor__functions.h
[0.305s] -- Up-to-date: /home/guo/ITL_sentry_auto_new/install/autoaim_msgs/include/autoaim_msgs/autoaim_msgs/msg/detail/target__functions.c
[0.305s] -- Up-to-date: /home/guo/ITL_sentry_auto_new/install/autoaim_msgs/include/autoaim_msgs/autoaim_msgs/msg/detail/serialcmd__type_support.c
[0.305s] -- Up-to-date: /home/guo/ITL_sentry_auto_new/install/autoaim_msgs/include/autoaim_msgs/autoaim_msgs/msg/detail/predictions__functions.h
[0.305s] -- Up-to-date: /home/guo/ITL_sentry_auto_new/install/autoaim_msgs/include/autoaim_msgs/autoaim_msgs/msg/detail/armorresult__functions.c
[0.305s] -- Up-to-date: /home/guo/ITL_sentry_auto_new/install/autoaim_msgs/include/autoaim_msgs/autoaim_msgs/msg/detail/armor__description.c
[0.305s] -- Up-to-date: /home/guo/ITL_sentry_auto_new/install/autoaim_msgs/include/autoaim_msgs/autoaim_msgs/msg/detail/prediction__struct.h
[0.305s] -- Up-to-date: /home/guo/ITL_sentry_auto_new/install/autoaim_msgs/include/autoaim_msgs/autoaim_msgs/msg/detail/armorresult__description.c
[0.305s] -- Up-to-date: /home/guo/ITL_sentry_auto_new/install/autoaim_msgs/include/autoaim_msgs/autoaim_msgs/msg/detail/targets__description.c
[0.305s] -- Up-to-date: /home/guo/ITL_sentry_auto_new/install/autoaim_msgs/include/autoaim_msgs/autoaim_msgs/msg/detail/target__functions.h
[0.305s] -- Up-to-date: /home/guo/ITL_sentry_auto_new/install/autoaim_msgs/include/autoaim_msgs/autoaim_msgs/msg/detail/predictions__functions.c
[0.305s] -- Up-to-date: /home/guo/ITL_sentry_auto_new/install/autoaim_msgs/include/autoaim_msgs/autoaim_msgs/msg/detail/serialcmd__struct.h
[0.305s] -- Up-to-date: /home/guo/ITL_sentry_auto_new/install/autoaim_msgs/include/autoaim_msgs/autoaim_msgs/msg/detail/armor__struct.h
[0.305s] -- Up-to-date: /home/guo/ITL_sentry_auto_new/install/autoaim_msgs/include/autoaim_msgs/autoaim_msgs/msg/detail/serialcmd__type_support.h
[0.305s] -- Up-to-date: /home/guo/ITL_sentry_auto_new/install/autoaim_msgs/include/autoaim_msgs/autoaim_msgs/msg/detail/predictions__description.c
[0.305s] -- Up-to-date: /home/guo/ITL_sentry_auto_new/install/autoaim_msgs/include/autoaim_msgs/autoaim_msgs/msg/detail/armor__type_support.c
[0.305s] -- Up-to-date: /home/guo/ITL_sentry_auto_new/install/autoaim_msgs/include/autoaim_msgs/autoaim_msgs/msg/detail/serialcmd__description.c
[0.305s] -- Up-to-date: /home/guo/ITL_sentry_auto_new/install/autoaim_msgs/include/autoaim_msgs/autoaim_msgs/msg/detail/prediction__functions.c
[0.305s] -- Up-to-date: /home/guo/ITL_sentry_auto_new/install/autoaim_msgs/include/autoaim_msgs/autoaim_msgs/msg/detail/prediction__description.c
[0.306s] -- Up-to-date: /home/guo/ITL_sentry_auto_new/install/autoaim_msgs/include/autoaim_msgs/autoaim_msgs/msg/detail/armor__type_support.h
[0.306s] -- Up-to-date: /home/guo/ITL_sentry_auto_new/install/autoaim_msgs/include/autoaim_msgs/autoaim_msgs/msg/detail/armorresult__type_support.h
[0.306s] -- Up-to-date: /home/guo/ITL_sentry_auto_new/install/autoaim_msgs/include/autoaim_msgs/autoaim_msgs/msg/detail/armorresult__struct.h
[0.306s] -- Up-to-date: /home/guo/ITL_sentry_auto_new/install/autoaim_msgs/include/autoaim_msgs/autoaim_msgs/msg/detail/target__type_support.c
[0.306s] -- Up-to-date: /home/guo/ITL_sentry_auto_new/install/autoaim_msgs/include/autoaim_msgs/autoaim_msgs/msg/detail/targets__struct.h
[0.306s] -- Up-to-date: /home/guo/ITL_sentry_auto_new/install/autoaim_msgs/include/autoaim_msgs/autoaim_msgs/msg/detail/targets__type_support.h
[0.306s] -- Up-to-date: /home/guo/ITL_sentry_auto_new/install/autoaim_msgs/include/autoaim_msgs/autoaim_msgs/msg/detail/targets__functions.c
[0.306s] -- Up-to-date: /home/guo/ITL_sentry_auto_new/install/autoaim_msgs/include/autoaim_msgs/autoaim_msgs/msg/detail/armorresult__functions.h
[0.306s] -- Up-to-date: /home/guo/ITL_sentry_auto_new/install/autoaim_msgs/include/autoaim_msgs/autoaim_msgs/msg/detail/prediction__type_support.c
[0.306s] -- Up-to-date: /home/guo/ITL_sentry_auto_new/install/autoaim_msgs/include/autoaim_msgs/autoaim_msgs/msg/detail/target__struct.h
[0.306s] -- Up-to-date: /home/guo/ITL_sentry_auto_new/install/autoaim_msgs/include/autoaim_msgs/autoaim_msgs/msg/target.h
[0.306s] -- Up-to-date: /home/guo/ITL_sentry_auto_new/install/autoaim_msgs/include/autoaim_msgs/autoaim_msgs/msg/prediction.h
[0.306s] -- Up-to-date: /home/guo/ITL_sentry_auto_new/install/autoaim_msgs/include/autoaim_msgs/autoaim_msgs/msg/armorresult.h
[0.306s] -- Up-to-date: /home/guo/ITL_sentry_auto_new/install/autoaim_msgs/include/autoaim_msgs/autoaim_msgs/msg/predictions.h
[0.306s] -- Up-to-date: /home/guo/ITL_sentry_auto_new/install/autoaim_msgs/include/autoaim_msgs/autoaim_msgs/msg/armor.h
[0.306s] -- Up-to-date: /home/guo/ITL_sentry_auto_new/install/autoaim_msgs/include/autoaim_msgs/autoaim_msgs/msg/targets.h
[0.306s] -- Up-to-date: /home/guo/ITL_sentry_auto_new/install/autoaim_msgs/share/autoaim_msgs/environment/library_path.sh
[0.306s] -- Up-to-date: /home/guo/ITL_sentry_auto_new/install/autoaim_msgs/share/autoaim_msgs/environment/library_path.dsv
[0.306s] -- Up-to-date: /home/guo/ITL_sentry_auto_new/install/autoaim_msgs/lib/libautoaim_msgs__rosidl_generator_c.so
[0.306s] -- Up-to-date: /home/guo/ITL_sentry_auto_new/install/autoaim_msgs/include/autoaim_msgs/autoaim_msgs
[0.306s] -- Up-to-date: /home/guo/ITL_sentry_auto_new/install/autoaim_msgs/include/autoaim_msgs/autoaim_msgs/msg
[0.306s] -- Up-to-date: /home/guo/ITL_sentry_auto_new/install/autoaim_msgs/include/autoaim_msgs/autoaim_msgs/msg/detail
[0.307s] -- Up-to-date: /home/guo/ITL_sentry_auto_new/install/autoaim_msgs/include/autoaim_msgs/autoaim_msgs/msg/detail/predictions__rosidl_typesupport_fastrtps_c.h
[0.307s] -- Up-to-date: /home/guo/ITL_sentry_auto_new/install/autoaim_msgs/include/autoaim_msgs/autoaim_msgs/msg/detail/serialcmd__rosidl_typesupport_fastrtps_c.h
[0.307s] -- Up-to-date: /home/guo/ITL_sentry_auto_new/install/autoaim_msgs/include/autoaim_msgs/autoaim_msgs/msg/detail/prediction__rosidl_typesupport_fastrtps_c.h
[0.307s] -- Up-to-date: /home/guo/ITL_sentry_auto_new/install/autoaim_msgs/include/autoaim_msgs/autoaim_msgs/msg/detail/targets__rosidl_typesupport_fastrtps_c.h
[0.307s] -- Up-to-date: /home/guo/ITL_sentry_auto_new/install/autoaim_msgs/include/autoaim_msgs/autoaim_msgs/msg/detail/armor__rosidl_typesupport_fastrtps_c.h
[0.307s] -- Up-to-date: /home/guo/ITL_sentry_auto_new/install/autoaim_msgs/include/autoaim_msgs/autoaim_msgs/msg/detail/target__rosidl_typesupport_fastrtps_c.h
[0.307s] -- Up-to-date: /home/guo/ITL_sentry_auto_new/install/autoaim_msgs/include/autoaim_msgs/autoaim_msgs/msg/detail/armorresult__rosidl_typesupport_fastrtps_c.h
[0.307s] -- Up-to-date: /home/guo/ITL_sentry_auto_new/install/autoaim_msgs/include/autoaim_msgs/autoaim_msgs/msg/rosidl_typesupport_fastrtps_c__visibility_control.h
[0.307s] -- Up-to-date: /home/guo/ITL_sentry_auto_new/install/autoaim_msgs/lib/libautoaim_msgs__rosidl_typesupport_fastrtps_c.so
[0.307s] -- Up-to-date: /home/guo/ITL_sentry_auto_new/install/autoaim_msgs/include/autoaim_msgs/autoaim_msgs
[0.307s] -- Up-to-date: /home/guo/ITL_sentry_auto_new/install/autoaim_msgs/include/autoaim_msgs/autoaim_msgs/msg
[0.307s] -- Up-to-date: /home/guo/ITL_sentry_auto_new/install/autoaim_msgs/include/autoaim_msgs/autoaim_msgs/msg/rosidl_typesupport_introspection_c__visibility_control.h
[0.307s] -- Up-to-date: /home/guo/ITL_sentry_auto_new/install/autoaim_msgs/include/autoaim_msgs/autoaim_msgs/msg/detail
[0.307s] -- Up-to-date: /home/guo/ITL_sentry_auto_new/install/autoaim_msgs/include/autoaim_msgs/autoaim_msgs/msg/detail/armorresult__type_support.c
[0.307s] -- Up-to-date: /home/guo/ITL_sentry_auto_new/install/autoaim_msgs/include/autoaim_msgs/autoaim_msgs/msg/detail/predictions__type_support.c
[0.307s] -- Up-to-date: /home/guo/ITL_sentry_auto_new/install/autoaim_msgs/include/autoaim_msgs/autoaim_msgs/msg/detail/prediction__rosidl_typesupport_introspection_c.h
[0.307s] -- Up-to-date: /home/guo/ITL_sentry_auto_new/install/autoaim_msgs/include/autoaim_msgs/autoaim_msgs/msg/detail/targets__type_support.c
[0.307s] -- Up-to-date: /home/guo/ITL_sentry_auto_new/install/autoaim_msgs/include/autoaim_msgs/autoaim_msgs/msg/detail/armor__rosidl_typesupport_introspection_c.h
[0.307s] -- Up-to-date: /home/guo/ITL_sentry_auto_new/install/autoaim_msgs/include/autoaim_msgs/autoaim_msgs/msg/detail/serialcmd__type_support.c
[0.307s] -- Up-to-date: /home/guo/ITL_sentry_auto_new/install/autoaim_msgs/include/autoaim_msgs/autoaim_msgs/msg/detail/armorresult__rosidl_typesupport_introspection_c.h
[0.307s] -- Up-to-date: /home/guo/ITL_sentry_auto_new/install/autoaim_msgs/include/autoaim_msgs/autoaim_msgs/msg/detail/target__rosidl_typesupport_introspection_c.h
[0.307s] -- Up-to-date: /home/guo/ITL_sentry_auto_new/install/autoaim_msgs/include/autoaim_msgs/autoaim_msgs/msg/detail/predictions__rosidl_typesupport_introspection_c.h
[0.307s] -- Up-to-date: /home/guo/ITL_sentry_auto_new/install/autoaim_msgs/include/autoaim_msgs/autoaim_msgs/msg/detail/armor__type_support.c
[0.307s] -- Up-to-date: /home/guo/ITL_sentry_auto_new/install/autoaim_msgs/include/autoaim_msgs/autoaim_msgs/msg/detail/serialcmd__rosidl_typesupport_introspection_c.h
[0.308s] -- Up-to-date: /home/guo/ITL_sentry_auto_new/install/autoaim_msgs/include/autoaim_msgs/autoaim_msgs/msg/detail/target__type_support.c
[0.308s] -- Up-to-date: /home/guo/ITL_sentry_auto_new/install/autoaim_msgs/include/autoaim_msgs/autoaim_msgs/msg/detail/prediction__type_support.c
[0.308s] -- Up-to-date: /home/guo/ITL_sentry_auto_new/install/autoaim_msgs/include/autoaim_msgs/autoaim_msgs/msg/detail/targets__rosidl_typesupport_introspection_c.h
[0.308s] -- Up-to-date: /home/guo/ITL_sentry_auto_new/install/autoaim_msgs/lib/libautoaim_msgs__rosidl_typesupport_introspection_c.so
[0.308s] -- Up-to-date: /home/guo/ITL_sentry_auto_new/install/autoaim_msgs/lib/libautoaim_msgs__rosidl_typesupport_c.so
[0.308s] -- Up-to-date: /home/guo/ITL_sentry_auto_new/install/autoaim_msgs/include/autoaim_msgs/autoaim_msgs
[0.308s] -- Up-to-date: /home/guo/ITL_sentry_auto_new/install/autoaim_msgs/include/autoaim_msgs/autoaim_msgs/msg
[0.308s] -- Up-to-date: /home/guo/ITL_sentry_auto_new/install/autoaim_msgs/include/autoaim_msgs/autoaim_msgs/msg/targets.hpp
[0.308s] -- Up-to-date: /home/guo/ITL_sentry_auto_new/install/autoaim_msgs/include/autoaim_msgs/autoaim_msgs/msg/armor.hpp
[0.308s] -- Up-to-date: /home/guo/ITL_sentry_auto_new/install/autoaim_msgs/include/autoaim_msgs/autoaim_msgs/msg/detail
[0.308s] -- Up-to-date: /home/guo/ITL_sentry_auto_new/install/autoaim_msgs/include/autoaim_msgs/autoaim_msgs/msg/detail/serialcmd__traits.hpp
[0.308s] -- Up-to-date: /home/guo/ITL_sentry_auto_new/install/autoaim_msgs/include/autoaim_msgs/autoaim_msgs/msg/detail/targets__type_support.hpp
[0.308s] -- Up-to-date: /home/guo/ITL_sentry_auto_new/install/autoaim_msgs/include/autoaim_msgs/autoaim_msgs/msg/detail/predictions__builder.hpp
[0.308s] -- Up-to-date: /home/guo/ITL_sentry_auto_new/install/autoaim_msgs/include/autoaim_msgs/autoaim_msgs/msg/detail/armor__traits.hpp
[0.308s] -- Up-to-date: /home/guo/ITL_sentry_auto_new/install/autoaim_msgs/include/autoaim_msgs/autoaim_msgs/msg/detail/armorresult__traits.hpp
[0.308s] -- Up-to-date: /home/guo/ITL_sentry_auto_new/install/autoaim_msgs/include/autoaim_msgs/autoaim_msgs/msg/detail/targets__struct.hpp
[0.308s] -- Up-to-date: /home/guo/ITL_sentry_auto_new/install/autoaim_msgs/include/autoaim_msgs/autoaim_msgs/msg/detail/targets__traits.hpp
[0.308s] -- Up-to-date: /home/guo/ITL_sentry_auto_new/install/autoaim_msgs/include/autoaim_msgs/autoaim_msgs/msg/detail/armorresult__type_support.hpp
[0.308s] -- Up-to-date: /home/guo/ITL_sentry_auto_new/install/autoaim_msgs/include/autoaim_msgs/autoaim_msgs/msg/detail/prediction__builder.hpp
[0.308s] -- Up-to-date: /home/guo/ITL_sentry_auto_new/install/autoaim_msgs/include/autoaim_msgs/autoaim_msgs/msg/detail/armor__type_support.hpp
[0.308s] -- Up-to-date: /home/guo/ITL_sentry_auto_new/install/autoaim_msgs/include/autoaim_msgs/autoaim_msgs/msg/detail/serialcmd__builder.hpp
[0.308s] -- Up-to-date: /home/guo/ITL_sentry_auto_new/install/autoaim_msgs/include/autoaim_msgs/autoaim_msgs/msg/detail/predictions__traits.hpp
[0.308s] -- Up-to-date: /home/guo/ITL_sentry_auto_new/install/autoaim_msgs/include/autoaim_msgs/autoaim_msgs/msg/detail/armorresult__builder.hpp
[0.308s] -- Up-to-date: /home/guo/ITL_sentry_auto_new/install/autoaim_msgs/include/autoaim_msgs/autoaim_msgs/msg/detail/predictions__struct.hpp
[0.308s] -- Up-to-date: /home/guo/ITL_sentry_auto_new/install/autoaim_msgs/include/autoaim_msgs/autoaim_msgs/msg/detail/target__traits.hpp
[0.308s] -- Up-to-date: /home/guo/ITL_sentry_auto_new/install/autoaim_msgs/include/autoaim_msgs/autoaim_msgs/msg/detail/prediction__type_support.hpp
[0.308s] -- Up-to-date: /home/guo/ITL_sentry_auto_new/install/autoaim_msgs/include/autoaim_msgs/autoaim_msgs/msg/detail/serialcmd__type_support.hpp
[0.308s] -- Up-to-date: /home/guo/ITL_sentry_auto_new/install/autoaim_msgs/include/autoaim_msgs/autoaim_msgs/msg/detail/armorresult__struct.hpp
[0.308s] -- Up-to-date: /home/guo/ITL_sentry_auto_new/install/autoaim_msgs/include/autoaim_msgs/autoaim_msgs/msg/detail/targets__builder.hpp
[0.308s] -- Up-to-date: /home/guo/ITL_sentry_auto_new/install/autoaim_msgs/include/autoaim_msgs/autoaim_msgs/msg/detail/target__type_support.hpp
[0.308s] -- Up-to-date: /home/guo/ITL_sentry_auto_new/install/autoaim_msgs/include/autoaim_msgs/autoaim_msgs/msg/detail/prediction__traits.hpp
[0.308s] -- Up-to-date: /home/guo/ITL_sentry_auto_new/install/autoaim_msgs/include/autoaim_msgs/autoaim_msgs/msg/detail/target__builder.hpp
[0.308s] -- Up-to-date: /home/guo/ITL_sentry_auto_new/install/autoaim_msgs/include/autoaim_msgs/autoaim_msgs/msg/detail/serialcmd__struct.hpp
[0.309s] -- Up-to-date: /home/guo/ITL_sentry_auto_new/install/autoaim_msgs/include/autoaim_msgs/autoaim_msgs/msg/detail/target__struct.hpp
[0.309s] -- Up-to-date: /home/guo/ITL_sentry_auto_new/install/autoaim_msgs/include/autoaim_msgs/autoaim_msgs/msg/detail/prediction__struct.hpp
[0.309s] -- Up-to-date: /home/guo/ITL_sentry_auto_new/install/autoaim_msgs/include/autoaim_msgs/autoaim_msgs/msg/detail/armor__builder.hpp
[0.309s] -- Up-to-date: /home/guo/ITL_sentry_auto_new/install/autoaim_msgs/include/autoaim_msgs/autoaim_msgs/msg/detail/armor__struct.hpp
[0.309s] -- Up-to-date: /home/guo/ITL_sentry_auto_new/install/autoaim_msgs/include/autoaim_msgs/autoaim_msgs/msg/detail/predictions__type_support.hpp
[0.309s] -- Up-to-date: /home/guo/ITL_sentry_auto_new/install/autoaim_msgs/include/autoaim_msgs/autoaim_msgs/msg/predictions.hpp
[0.309s] -- Up-to-date: /home/guo/ITL_sentry_auto_new/install/autoaim_msgs/include/autoaim_msgs/autoaim_msgs/msg/serialcmd.hpp
[0.309s] -- Up-to-date: /home/guo/ITL_sentry_auto_new/install/autoaim_msgs/include/autoaim_msgs/autoaim_msgs/msg/armorresult.hpp
[0.309s] -- Up-to-date: /home/guo/ITL_sentry_auto_new/install/autoaim_msgs/include/autoaim_msgs/autoaim_msgs/msg/target.hpp
[0.309s] -- Up-to-date: /home/guo/ITL_sentry_auto_new/install/autoaim_msgs/include/autoaim_msgs/autoaim_msgs/msg/rosidl_generator_cpp__visibility_control.hpp
[0.309s] -- Up-to-date: /home/guo/ITL_sentry_auto_new/install/autoaim_msgs/include/autoaim_msgs/autoaim_msgs/msg/prediction.hpp
[0.309s] -- Up-to-date: /home/guo/ITL_sentry_auto_new/install/autoaim_msgs/include/autoaim_msgs/autoaim_msgs
[0.309s] -- Up-to-date: /home/guo/ITL_sentry_auto_new/install/autoaim_msgs/include/autoaim_msgs/autoaim_msgs/msg
[0.309s] -- Up-to-date: /home/guo/ITL_sentry_auto_new/install/autoaim_msgs/include/autoaim_msgs/autoaim_msgs/msg/rosidl_typesupport_fastrtps_cpp__visibility_control.h
[0.309s] -- Up-to-date: /home/guo/ITL_sentry_auto_new/install/autoaim_msgs/include/autoaim_msgs/autoaim_msgs/msg/detail
[0.309s] -- Up-to-date: /home/guo/ITL_sentry_auto_new/install/autoaim_msgs/include/autoaim_msgs/autoaim_msgs/msg/detail/prediction__rosidl_typesupport_fastrtps_cpp.hpp
[0.309s] -- Up-to-date: /home/guo/ITL_sentry_auto_new/install/autoaim_msgs/include/autoaim_msgs/autoaim_msgs/msg/detail/targets__rosidl_typesupport_fastrtps_cpp.hpp
[0.309s] -- Up-to-date: /home/guo/ITL_sentry_auto_new/install/autoaim_msgs/include/autoaim_msgs/autoaim_msgs/msg/detail/target__rosidl_typesupport_fastrtps_cpp.hpp
[0.309s] -- Up-to-date: /home/guo/ITL_sentry_auto_new/install/autoaim_msgs/include/autoaim_msgs/autoaim_msgs/msg/detail/armorresult__rosidl_typesupport_fastrtps_cpp.hpp
[0.309s] -- Up-to-date: /home/guo/ITL_sentry_auto_new/install/autoaim_msgs/include/autoaim_msgs/autoaim_msgs/msg/detail/serialcmd__rosidl_typesupport_fastrtps_cpp.hpp
[0.309s] -- Up-to-date: /home/guo/ITL_sentry_auto_new/install/autoaim_msgs/include/autoaim_msgs/autoaim_msgs/msg/detail/dds_fastrtps
[0.309s] -- Up-to-date: /home/guo/ITL_sentry_auto_new/install/autoaim_msgs/include/autoaim_msgs/autoaim_msgs/msg/detail/armor__rosidl_typesupport_fastrtps_cpp.hpp
[0.309s] -- Up-to-date: /home/guo/ITL_sentry_auto_new/install/autoaim_msgs/include/autoaim_msgs/autoaim_msgs/msg/detail/predictions__rosidl_typesupport_fastrtps_cpp.hpp
[0.309s] -- Up-to-date: /home/guo/ITL_sentry_auto_new/install/autoaim_msgs/lib/libautoaim_msgs__rosidl_typesupport_fastrtps_cpp.so
[0.309s] -- Up-to-date: /home/guo/ITL_sentry_auto_new/install/autoaim_msgs/include/autoaim_msgs/autoaim_msgs
[0.309s] -- Up-to-date: /home/guo/ITL_sentry_auto_new/install/autoaim_msgs/include/autoaim_msgs/autoaim_msgs/msg
[0.309s] -- Up-to-date: /home/guo/ITL_sentry_auto_new/install/autoaim_msgs/include/autoaim_msgs/autoaim_msgs/msg/detail
[0.309s] -- Up-to-date: /home/guo/ITL_sentry_auto_new/install/autoaim_msgs/include/autoaim_msgs/autoaim_msgs/msg/detail/target__type_support.cpp
[0.309s] -- Up-to-date: /home/guo/ITL_sentry_auto_new/install/autoaim_msgs/include/autoaim_msgs/autoaim_msgs/msg/detail/armorresult__type_support.cpp
[0.309s] -- Up-to-date: /home/guo/ITL_sentry_auto_new/install/autoaim_msgs/include/autoaim_msgs/autoaim_msgs/msg/detail/predictions__rosidl_typesupport_introspection_cpp.hpp
[0.309s] -- Up-to-date: /home/guo/ITL_sentry_auto_new/install/autoaim_msgs/include/autoaim_msgs/autoaim_msgs/msg/detail/serialcmd__type_support.cpp
[0.309s] -- Up-to-date: /home/guo/ITL_sentry_auto_new/install/autoaim_msgs/include/autoaim_msgs/autoaim_msgs/msg/detail/armor__type_support.cpp
[0.310s] -- Up-to-date: /home/guo/ITL_sentry_auto_new/install/autoaim_msgs/include/autoaim_msgs/autoaim_msgs/msg/detail/serialcmd__rosidl_typesupport_introspection_cpp.hpp
[0.310s] -- Up-to-date: /home/guo/ITL_sentry_auto_new/install/autoaim_msgs/include/autoaim_msgs/autoaim_msgs/msg/detail/armorresult__rosidl_typesupport_introspection_cpp.hpp
[0.310s] -- Up-to-date: /home/guo/ITL_sentry_auto_new/install/autoaim_msgs/include/autoaim_msgs/autoaim_msgs/msg/detail/prediction__rosidl_typesupport_introspection_cpp.hpp
[0.310s] -- Up-to-date: /home/guo/ITL_sentry_auto_new/install/autoaim_msgs/include/autoaim_msgs/autoaim_msgs/msg/detail/targets__rosidl_typesupport_introspection_cpp.hpp
[0.310s] -- Up-to-date: /home/guo/ITL_sentry_auto_new/install/autoaim_msgs/include/autoaim_msgs/autoaim_msgs/msg/detail/predictions__type_support.cpp
[0.310s] -- Up-to-date: /home/guo/ITL_sentry_auto_new/install/autoaim_msgs/include/autoaim_msgs/autoaim_msgs/msg/detail/targets__type_support.cpp
[0.310s] -- Up-to-date: /home/guo/ITL_sentry_auto_new/install/autoaim_msgs/include/autoaim_msgs/autoaim_msgs/msg/detail/armor__rosidl_typesupport_introspection_cpp.hpp
[0.310s] -- Up-to-date: /home/guo/ITL_sentry_auto_new/install/autoaim_msgs/include/autoaim_msgs/autoaim_msgs/msg/detail/prediction__type_support.cpp
[0.310s] -- Up-to-date: /home/guo/ITL_sentry_auto_new/install/autoaim_msgs/include/autoaim_msgs/autoaim_msgs/msg/detail/target__rosidl_typesupport_introspection_cpp.hpp
[0.310s] -- Up-to-date: /home/guo/ITL_sentry_auto_new/install/autoaim_msgs/lib/libautoaim_msgs__rosidl_typesupport_introspection_cpp.so
[0.310s] -- Up-to-date: /home/guo/ITL_sentry_auto_new/install/autoaim_msgs/lib/libautoaim_msgs__rosidl_typesupport_cpp.so
[0.310s] -- Up-to-date: /home/guo/ITL_sentry_auto_new/install/autoaim_msgs/share/autoaim_msgs/environment/pythonpath.sh
[0.310s] -- Up-to-date: /home/guo/ITL_sentry_auto_new/install/autoaim_msgs/share/autoaim_msgs/environment/pythonpath.dsv
[0.310s] -- Up-to-date: /home/guo/ITL_sentry_auto_new/install/autoaim_msgs/lib/python3.10/site-packages/autoaim_msgs-0.0.1-py3.10.egg-info
[0.310s] -- Installing: /home/guo/ITL_sentry_auto_new/install/autoaim_msgs/lib/python3.10/site-packages/autoaim_msgs-0.0.1-py3.10.egg-info/dependency_links.txt
[0.310s] -- Installing: /home/guo/ITL_sentry_auto_new/install/autoaim_msgs/lib/python3.10/site-packages/autoaim_msgs-0.0.1-py3.10.egg-info/top_level.txt
[0.310s] -- Installing: /home/guo/ITL_sentry_auto_new/install/autoaim_msgs/lib/python3.10/site-packages/autoaim_msgs-0.0.1-py3.10.egg-info/PKG-INFO
[0.310s] -- Installing: /home/guo/ITL_sentry_auto_new/install/autoaim_msgs/lib/python3.10/site-packages/autoaim_msgs-0.0.1-py3.10.egg-info/SOURCES.txt
[0.310s] -- Up-to-date: /home/guo/ITL_sentry_auto_new/install/autoaim_msgs/lib/python3.10/site-packages/autoaim_msgs
[0.310s] -- Up-to-date: /home/guo/ITL_sentry_auto_new/install/autoaim_msgs/lib/python3.10/site-packages/autoaim_msgs/_autoaim_msgs_s.ep.rosidl_typesupport_c.c
[0.310s] -- Up-to-date: /home/guo/ITL_sentry_auto_new/install/autoaim_msgs/lib/python3.10/site-packages/autoaim_msgs/_autoaim_msgs_s.ep.rosidl_typesupport_fastrtps_c.c
[0.310s] -- Up-to-date: /home/guo/ITL_sentry_auto_new/install/autoaim_msgs/lib/python3.10/site-packages/autoaim_msgs/_autoaim_msgs_s.ep.rosidl_typesupport_introspection_c.c
[0.310s] -- Up-to-date: /home/guo/ITL_sentry_auto_new/install/autoaim_msgs/lib/python3.10/site-packages/autoaim_msgs/__init__.py
[0.310s] -- Up-to-date: /home/guo/ITL_sentry_auto_new/install/autoaim_msgs/lib/python3.10/site-packages/autoaim_msgs/msg
[0.310s] -- Up-to-date: /home/guo/ITL_sentry_auto_new/install/autoaim_msgs/lib/python3.10/site-packages/autoaim_msgs/msg/_armor.py
[0.310s] -- Up-to-date: /home/guo/ITL_sentry_auto_new/install/autoaim_msgs/lib/python3.10/site-packages/autoaim_msgs/msg/_prediction_s.c
[0.310s] -- Up-to-date: /home/guo/ITL_sentry_auto_new/install/autoaim_msgs/lib/python3.10/site-packages/autoaim_msgs/msg/_armorresult_s.c
[0.310s] -- Up-to-date: /home/guo/ITL_sentry_auto_new/install/autoaim_msgs/lib/python3.10/site-packages/autoaim_msgs/msg/_predictions_s.c
[0.310s] -- Up-to-date: /home/guo/ITL_sentry_auto_new/install/autoaim_msgs/lib/python3.10/site-packages/autoaim_msgs/msg/_predictions.py
[0.310s] -- Up-to-date: /home/guo/ITL_sentry_auto_new/install/autoaim_msgs/lib/python3.10/site-packages/autoaim_msgs/msg/_serialcmd.py
[0.310s] -- Up-to-date: /home/guo/ITL_sentry_auto_new/install/autoaim_msgs/lib/python3.10/site-packages/autoaim_msgs/msg/_serialcmd_s.c
[0.310s] -- Up-to-date: /home/guo/ITL_sentry_auto_new/install/autoaim_msgs/lib/python3.10/site-packages/autoaim_msgs/msg/_target.py
[0.310s] -- Up-to-date: /home/guo/ITL_sentry_auto_new/install/autoaim_msgs/lib/python3.10/site-packages/autoaim_msgs/msg/_targets_s.c
[0.311s] -- Up-to-date: /home/guo/ITL_sentry_auto_new/install/autoaim_msgs/lib/python3.10/site-packages/autoaim_msgs/msg/_targets.py
[0.311s] -- Up-to-date: /home/guo/ITL_sentry_auto_new/install/autoaim_msgs/lib/python3.10/site-packages/autoaim_msgs/msg/_prediction.py
[0.311s] -- Up-to-date: /home/guo/ITL_sentry_auto_new/install/autoaim_msgs/lib/python3.10/site-packages/autoaim_msgs/msg/__init__.py
[0.311s] -- Up-to-date: /home/guo/ITL_sentry_auto_new/install/autoaim_msgs/lib/python3.10/site-packages/autoaim_msgs/msg/_armor_s.c
[0.311s] -- Up-to-date: /home/guo/ITL_sentry_auto_new/install/autoaim_msgs/lib/python3.10/site-packages/autoaim_msgs/msg/_target_s.c
[0.311s] -- Up-to-date: /home/guo/ITL_sentry_auto_new/install/autoaim_msgs/lib/python3.10/site-packages/autoaim_msgs/msg/_armorresult.py
[0.331s] Listing '/home/guo/ITL_sentry_auto_new/install/autoaim_msgs/lib/python3.10/site-packages/autoaim_msgs'...
[0.331s] Listing '/home/guo/ITL_sentry_auto_new/install/autoaim_msgs/lib/python3.10/site-packages/autoaim_msgs/msg'...
[0.335s] -- Up-to-date: /home/guo/ITL_sentry_auto_new/install/autoaim_msgs/lib/python3.10/site-packages/autoaim_msgs/autoaim_msgs_s__rosidl_typesupport_fastrtps_c.cpython-310-x86_64-linux-gnu.so
[0.335s] -- Up-to-date: /home/guo/ITL_sentry_auto_new/install/autoaim_msgs/lib/python3.10/site-packages/autoaim_msgs/autoaim_msgs_s__rosidl_typesupport_introspection_c.cpython-310-x86_64-linux-gnu.so
[0.335s] -- Up-to-date: /home/guo/ITL_sentry_auto_new/install/autoaim_msgs/lib/python3.10/site-packages/autoaim_msgs/autoaim_msgs_s__rosidl_typesupport_c.cpython-310-x86_64-linux-gnu.so
[0.336s] -- Up-to-date: /home/guo/ITL_sentry_auto_new/install/autoaim_msgs/lib/libautoaim_msgs__rosidl_generator_py.so
[0.336s] -- Up-to-date: /home/guo/ITL_sentry_auto_new/install/autoaim_msgs/share/autoaim_msgs/msg/Target.idl
[0.336s] -- Up-to-date: /home/guo/ITL_sentry_auto_new/install/autoaim_msgs/share/autoaim_msgs/msg/Targets.idl
[0.336s] -- Up-to-date: /home/guo/ITL_sentry_auto_new/install/autoaim_msgs/share/autoaim_msgs/msg/Armor.idl
[0.336s] -- Up-to-date: /home/guo/ITL_sentry_auto_new/install/autoaim_msgs/share/autoaim_msgs/msg/Armorresult.idl
[0.336s] -- Up-to-date: /home/guo/ITL_sentry_auto_new/install/autoaim_msgs/share/autoaim_msgs/msg/Prediction.idl
[0.336s] -- Up-to-date: /home/guo/ITL_sentry_auto_new/install/autoaim_msgs/share/autoaim_msgs/msg/Predictions.idl
[0.336s] -- Up-to-date: /home/guo/ITL_sentry_auto_new/install/autoaim_msgs/share/autoaim_msgs/msg/Serialcmd.idl
[0.337s] -- Up-to-date: /home/guo/ITL_sentry_auto_new/install/autoaim_msgs/share/autoaim_msgs/msg/Target.msg
[0.337s] -- Up-to-date: /home/guo/ITL_sentry_auto_new/install/autoaim_msgs/share/autoaim_msgs/msg/Targets.msg
[0.337s] -- Up-to-date: /home/guo/ITL_sentry_auto_new/install/autoaim_msgs/share/autoaim_msgs/msg/Armor.msg
[0.337s] -- Up-to-date: /home/guo/ITL_sentry_auto_new/install/autoaim_msgs/share/autoaim_msgs/msg/Armorresult.msg
[0.337s] -- Up-to-date: /home/guo/ITL_sentry_auto_new/install/autoaim_msgs/share/autoaim_msgs/msg/Prediction.msg
[0.337s] -- Up-to-date: /home/guo/ITL_sentry_auto_new/install/autoaim_msgs/share/autoaim_msgs/msg/Predictions.msg
[0.337s] -- Up-to-date: /home/guo/ITL_sentry_auto_new/install/autoaim_msgs/share/autoaim_msgs/msg/Serialcmd.msg
[0.337s] -- Up-to-date: /home/guo/ITL_sentry_auto_new/install/autoaim_msgs/include
[0.337s] -- Up-to-date: /home/guo/ITL_sentry_auto_new/install/autoaim_msgs/include/autoaim_constants.hpp
[0.337s] -- Up-to-date: /home/guo/ITL_sentry_auto_new/install/autoaim_msgs/share/ament_index/resource_index/package_run_dependencies/autoaim_msgs
[0.337s] -- Up-to-date: /home/guo/ITL_sentry_auto_new/install/autoaim_msgs/share/ament_index/resource_index/parent_prefix_path/autoaim_msgs
[0.337s] -- Up-to-date: /home/guo/ITL_sentry_auto_new/install/autoaim_msgs/share/autoaim_msgs/environment/ament_prefix_path.sh
[0.337s] -- Up-to-date: /home/guo/ITL_sentry_auto_new/install/autoaim_msgs/share/autoaim_msgs/environment/ament_prefix_path.dsv
[0.337s] -- Up-to-date: /home/guo/ITL_sentry_auto_new/install/autoaim_msgs/share/autoaim_msgs/environment/path.sh
[0.337s] -- Up-to-date: /home/guo/ITL_sentry_auto_new/install/autoaim_msgs/share/autoaim_msgs/environment/path.dsv
[0.337s] -- Up-to-date: /home/guo/ITL_sentry_auto_new/install/autoaim_msgs/share/autoaim_msgs/local_setup.bash
[0.337s] -- Up-to-date: /home/guo/ITL_sentry_auto_new/install/autoaim_msgs/share/autoaim_msgs/local_setup.sh
[0.338s] -- Up-to-date: /home/guo/ITL_sentry_auto_new/install/autoaim_msgs/share/autoaim_msgs/local_setup.zsh
[0.338s] -- Up-to-date: /home/guo/ITL_sentry_auto_new/install/autoaim_msgs/share/autoaim_msgs/local_setup.dsv
[0.338s] -- Installing: /home/guo/ITL_sentry_auto_new/install/autoaim_msgs/share/autoaim_msgs/package.dsv
[0.338s] -- Up-to-date: /home/guo/ITL_sentry_auto_new/install/autoaim_msgs/share/ament_index/resource_index/packages/autoaim_msgs
[0.338s] -- Up-to-date: /home/guo/ITL_sentry_auto_new/install/autoaim_msgs/share/autoaim_msgs/cmake/export_autoaim_msgs__rosidl_generator_cExport.cmake
[0.338s] -- Up-to-date: /home/guo/ITL_sentry_auto_new/install/autoaim_msgs/share/autoaim_msgs/cmake/export_autoaim_msgs__rosidl_generator_cExport-noconfig.cmake
[0.338s] -- Up-to-date: /home/guo/ITL_sentry_auto_new/install/autoaim_msgs/share/autoaim_msgs/cmake/export_autoaim_msgs__rosidl_typesupport_fastrtps_cExport.cmake
[0.338s] -- Up-to-date: /home/guo/ITL_sentry_auto_new/install/autoaim_msgs/share/autoaim_msgs/cmake/export_autoaim_msgs__rosidl_typesupport_fastrtps_cExport-noconfig.cmake
[0.338s] -- Up-to-date: /home/guo/ITL_sentry_auto_new/install/autoaim_msgs/share/autoaim_msgs/cmake/autoaim_msgs__rosidl_typesupport_introspection_cExport.cmake
[0.338s] -- Up-to-date: /home/guo/ITL_sentry_auto_new/install/autoaim_msgs/share/autoaim_msgs/cmake/autoaim_msgs__rosidl_typesupport_introspection_cExport-noconfig.cmake
[0.338s] -- Up-to-date: /home/guo/ITL_sentry_auto_new/install/autoaim_msgs/share/autoaim_msgs/cmake/autoaim_msgs__rosidl_typesupport_cExport.cmake
[0.338s] -- Up-to-date: /home/guo/ITL_sentry_auto_new/install/autoaim_msgs/share/autoaim_msgs/cmake/autoaim_msgs__rosidl_typesupport_cExport-noconfig.cmake
[0.338s] -- Up-to-date: /home/guo/ITL_sentry_auto_new/install/autoaim_msgs/share/autoaim_msgs/cmake/export_autoaim_msgs__rosidl_generator_cppExport.cmake
[0.338s] -- Up-to-date: /home/guo/ITL_sentry_auto_new/install/autoaim_msgs/share/autoaim_msgs/cmake/export_autoaim_msgs__rosidl_typesupport_fastrtps_cppExport.cmake
[0.338s] -- Up-to-date: /home/guo/ITL_sentry_auto_new/install/autoaim_msgs/share/autoaim_msgs/cmake/export_autoaim_msgs__rosidl_typesupport_fastrtps_cppExport-noconfig.cmake
[0.338s] -- Up-to-date: /home/guo/ITL_sentry_auto_new/install/autoaim_msgs/share/autoaim_msgs/cmake/autoaim_msgs__rosidl_typesupport_introspection_cppExport.cmake
[0.338s] -- Up-to-date: /home/guo/ITL_sentry_auto_new/install/autoaim_msgs/share/autoaim_msgs/cmake/autoaim_msgs__rosidl_typesupport_introspection_cppExport-noconfig.cmake
[0.338s] -- Up-to-date: /home/guo/ITL_sentry_auto_new/install/autoaim_msgs/share/autoaim_msgs/cmake/autoaim_msgs__rosidl_typesupport_cppExport.cmake
[0.338s] -- Up-to-date: /home/guo/ITL_sentry_auto_new/install/autoaim_msgs/share/autoaim_msgs/cmake/autoaim_msgs__rosidl_typesupport_cppExport-noconfig.cmake
[0.338s] -- Up-to-date: /home/guo/ITL_sentry_auto_new/install/autoaim_msgs/share/autoaim_msgs/cmake/export_autoaim_msgs__rosidl_generator_pyExport.cmake
[0.338s] -- Up-to-date: /home/guo/ITL_sentry_auto_new/install/autoaim_msgs/share/autoaim_msgs/cmake/export_autoaim_msgs__rosidl_generator_pyExport-noconfig.cmake
[0.338s] -- Up-to-date: /home/guo/ITL_sentry_auto_new/install/autoaim_msgs/share/autoaim_msgs/cmake/rosidl_cmake-extras.cmake
[0.338s] -- Up-to-date: /home/guo/ITL_sentry_auto_new/install/autoaim_msgs/share/autoaim_msgs/cmake/ament_cmake_export_dependencies-extras.cmake
[0.339s] -- Up-to-date: /home/guo/ITL_sentry_auto_new/install/autoaim_msgs/share/autoaim_msgs/cmake/ament_cmake_export_include_directories-extras.cmake
[0.339s] -- Up-to-date: /home/guo/ITL_sentry_auto_new/install/autoaim_msgs/share/autoaim_msgs/cmake/ament_cmake_export_libraries-extras.cmake
[0.339s] -- Up-to-date: /home/guo/ITL_sentry_auto_new/install/autoaim_msgs/share/autoaim_msgs/cmake/ament_cmake_export_targets-extras.cmake
[0.339s] -- Up-to-date: /home/guo/ITL_sentry_auto_new/install/autoaim_msgs/share/autoaim_msgs/cmake/rosidl_cmake_export_typesupport_targets-extras.cmake
[0.339s] -- Up-to-date: /home/guo/ITL_sentry_auto_new/install/autoaim_msgs/share/autoaim_msgs/cmake/rosidl_cmake_export_typesupport_libraries-extras.cmake
[0.339s] -- Up-to-date: /home/guo/ITL_sentry_auto_new/install/autoaim_msgs/share/autoaim_msgs/cmake/autoaim_msgsConfig.cmake
[0.339s] -- Up-to-date: /home/guo/ITL_sentry_auto_new/install/autoaim_msgs/share/autoaim_msgs/cmake/autoaim_msgsConfig-version.cmake
[0.339s] -- Up-to-date: /home/guo/ITL_sentry_auto_new/install/autoaim_msgs/share/autoaim_msgs/package.xml
[0.340s] Invoked command in '/home/guo/ITL_sentry_auto_new/build/autoaim_msgs' returned '0': CMAKE_PREFIX_PATH=${CMAKE_PREFIX_PATH}:/opt/ros/rolling /usr/local/bin/cmake --install /home/guo/ITL_sentry_auto_new/build/autoaim_msgs
