[0.026s] Invoking command in '/home/guo/ITL_sentry_auto_new/build/tracker': CMAKE_PREFIX_PATH=/home/guo/ITL_sentry_auto_new/install/predictor:/home/guo/ITL_sentry_auto_new/install/solver:/home/guo/ITL_sentry_auto_new/install/motion_model:/home/guo/ITL_sentry_auto_new/install/detected:/home/guo/ITL_sentry_auto_new/install/utils:/home/guo/ITL_sentry_auto_new/install/filter_lib:/home/guo/ITL_sentry_auto_new/install/autoaim_msgs:/home/guo/ITL_sentry_auto_new/install/armor_pointer:/home/guo/ITL_sentry_auto_new/install/tracker:/home/guo/ITL_sentry_auto_new/install/hikvision:/home/guo/ITL_sentry_auto_new/install/dm_imu:/opt/ros/rolling LD_LIBRARY_PATH=/home/guo/ITL_sentry_auto_new/install/solver/lib:/home/guo/ITL_sentry_auto_new/install/motion_model/lib:/home/guo/ITL_sentry_auto_new/install/detected/lib:/home/guo/ITL_sentry_auto_new/install/autoaim_msgs/lib:/home/guo/ITL_sentry_auto_new/install/tracker/lib:/home/guo/ITL_sentry_auto_new/install/predictor/lib:/home/guo/ITL_sentry_auto_new/install/utils/lib:/home/guo/ITL_sentry_auto_new/install/filter_lib/lib:/home/guo/ITL_sentry_auto_new/install/dm_imu/lib:/home/guo/ITL_sentry_auto_new/install/armor_pointer/lib:/opt/ros/rolling/opt/rviz_ogre_vendor/lib:/opt/ros/rolling/lib/x86_64-linux-gnu:/opt/ros/rolling/lib:/opt/MVS/lib/64:/opt/MVS/lib/32:/usr/local/TensorRT.10.7.0.23/lib:/usr/lib/x86_64-linux-gnu:/usr/local/cuda/lib64:/opt/MVS/lib/64:/opt/MVS/lib/32:/opt/MVS/lib/64:/opt/MVS/lib/32 /usr/local/bin/cmake --build /home/guo/ITL_sentry_auto_new/build/tracker -- -j24 -l24
[0.059s] [ 50%] Built target tracker_lib
[0.081s] [ 75%] [32mBuilding CXX object CMakeFiles/tracker_node.dir/src/tracker_node.cpp.o[0m
[0.262s] In file included from [01m[K/home/guo/ITL_sentry_auto_new/src/core/tracker/include/tracker_node.hpp:9[m[K,
[0.262s]                  from [01m[K/home/guo/ITL_sentry_auto_new/src/core/tracker/src/tracker_node.cpp:1[m[K:
[0.262s] [01m[K/opt/ros/rolling/include/cv_bridge/cv_bridge/cv_bridge.h:42:2:[m[K [01;35m[Kwarning: [m[K#warning This header is obsolete, please include cv_bridge/cv_bridge.hpp instead [[01;35m[K]8;;https://gcc.gnu.org/onlinedocs/gcc/Warning-Options.html#index-Wcpp-Wcpp]8;;[m[K]
[0.262s]    42 | #[01;35m[Kwarning[m[K This header is obsolete, please include cv_bridge/cv_bridge.hpp instead
[0.262s]       |  [01;35m[K^~~~~~~[m[K
[3.486s] [01m[K/home/guo/ITL_sentry_auto_new/src/core/tracker/src/tracker_node.cpp:[m[K In member function ‘[01m[Kvoid tracker::TrackerNode::processArmors()[m[K’:
[3.486s] [01m[K/home/guo/ITL_sentry_auto_new/src/core/tracker/src/tracker_node.cpp:125:18:[m[K [01;35m[Kwarning: [m[Kunused variable ‘[01m[Karmor_number[m[K’ [[01;35m[K]8;;https://gcc.gnu.org/onlinedocs/gcc/Warning-Options.html#index-Wunused-variable-Wunused-variable]8;;[m[K]
[3.486s]   125 |             auto [01;35m[Karmor_number[m[K = armor_list.size();
[3.486s]       |                  [01;35m[K^~~~~~~~~~~~[m[K
[15.709s] [100%] [32m[1mLinking CXX executable tracker_node[0m
[17.729s] [100%] Built target tracker_node
[17.733s] Invoked command in '/home/guo/ITL_sentry_auto_new/build/tracker' returned '0': CMAKE_PREFIX_PATH=/home/guo/ITL_sentry_auto_new/install/predictor:/home/guo/ITL_sentry_auto_new/install/solver:/home/guo/ITL_sentry_auto_new/install/motion_model:/home/guo/ITL_sentry_auto_new/install/detected:/home/guo/ITL_sentry_auto_new/install/utils:/home/guo/ITL_sentry_auto_new/install/filter_lib:/home/guo/ITL_sentry_auto_new/install/autoaim_msgs:/home/guo/ITL_sentry_auto_new/install/armor_pointer:/home/guo/ITL_sentry_auto_new/install/tracker:/home/guo/ITL_sentry_auto_new/install/hikvision:/home/guo/ITL_sentry_auto_new/install/dm_imu:/opt/ros/rolling LD_LIBRARY_PATH=/home/guo/ITL_sentry_auto_new/install/solver/lib:/home/guo/ITL_sentry_auto_new/install/motion_model/lib:/home/guo/ITL_sentry_auto_new/install/detected/lib:/home/guo/ITL_sentry_auto_new/install/autoaim_msgs/lib:/home/guo/ITL_sentry_auto_new/install/tracker/lib:/home/guo/ITL_sentry_auto_new/install/predictor/lib:/home/guo/ITL_sentry_auto_new/install/utils/lib:/home/guo/ITL_sentry_auto_new/install/filter_lib/lib:/home/guo/ITL_sentry_auto_new/install/dm_imu/lib:/home/guo/ITL_sentry_auto_new/install/armor_pointer/lib:/opt/ros/rolling/opt/rviz_ogre_vendor/lib:/opt/ros/rolling/lib/x86_64-linux-gnu:/opt/ros/rolling/lib:/opt/MVS/lib/64:/opt/MVS/lib/32:/usr/local/TensorRT.10.7.0.23/lib:/usr/lib/x86_64-linux-gnu:/usr/local/cuda/lib64:/opt/MVS/lib/64:/opt/MVS/lib/32:/opt/MVS/lib/64:/opt/MVS/lib/32 /usr/local/bin/cmake --build /home/guo/ITL_sentry_auto_new/build/tracker -- -j24 -l24
[17.734s] Invoking command in '/home/guo/ITL_sentry_auto_new/build/tracker': CMAKE_PREFIX_PATH=/home/guo/ITL_sentry_auto_new/install/predictor:/home/guo/ITL_sentry_auto_new/install/solver:/home/guo/ITL_sentry_auto_new/install/motion_model:/home/guo/ITL_sentry_auto_new/install/detected:/home/guo/ITL_sentry_auto_new/install/utils:/home/guo/ITL_sentry_auto_new/install/filter_lib:/home/guo/ITL_sentry_auto_new/install/autoaim_msgs:/home/guo/ITL_sentry_auto_new/install/armor_pointer:/home/guo/ITL_sentry_auto_new/install/tracker:/home/guo/ITL_sentry_auto_new/install/hikvision:/home/guo/ITL_sentry_auto_new/install/dm_imu:/opt/ros/rolling LD_LIBRARY_PATH=/home/guo/ITL_sentry_auto_new/install/solver/lib:/home/guo/ITL_sentry_auto_new/install/motion_model/lib:/home/guo/ITL_sentry_auto_new/install/detected/lib:/home/guo/ITL_sentry_auto_new/install/autoaim_msgs/lib:/home/guo/ITL_sentry_auto_new/install/tracker/lib:/home/guo/ITL_sentry_auto_new/install/predictor/lib:/home/guo/ITL_sentry_auto_new/install/utils/lib:/home/guo/ITL_sentry_auto_new/install/filter_lib/lib:/home/guo/ITL_sentry_auto_new/install/dm_imu/lib:/home/guo/ITL_sentry_auto_new/install/armor_pointer/lib:/opt/ros/rolling/opt/rviz_ogre_vendor/lib:/opt/ros/rolling/lib/x86_64-linux-gnu:/opt/ros/rolling/lib:/opt/MVS/lib/64:/opt/MVS/lib/32:/usr/local/TensorRT.10.7.0.23/lib:/usr/lib/x86_64-linux-gnu:/usr/local/cuda/lib64:/opt/MVS/lib/64:/opt/MVS/lib/32:/opt/MVS/lib/64:/opt/MVS/lib/32 /usr/local/bin/cmake --install /home/guo/ITL_sentry_auto_new/build/tracker
[17.735s] -- Install configuration: ""
[17.736s] -- Installing: /home/guo/ITL_sentry_auto_new/install/tracker/lib/tracker/tracker_node
[17.744s] -- Set non-toolchain portion of runtime path of "/home/guo/ITL_sentry_auto_new/install/tracker/lib/tracker/tracker_node" to ""
[17.744s] -- Installing: /home/guo/ITL_sentry_auto_new/install/tracker/lib/libtracker_lib.a
[17.748s] -- Installing: /home/guo/ITL_sentry_auto_new/install/tracker/include
[17.748s] -- Installing: /home/guo/ITL_sentry_auto_new/install/tracker/include/tracker.hpp
[17.748s] -- Installing: /home/guo/ITL_sentry_auto_new/install/tracker/include/tracker_node.hpp
[17.748s] -- Installing: /home/guo/ITL_sentry_auto_new/install/tracker/share/tracker/environment/library_path.sh
[17.748s] -- Installing: /home/guo/ITL_sentry_auto_new/install/tracker/share/tracker/environment/library_path.dsv
[17.748s] -- Installing: /home/guo/ITL_sentry_auto_new/install/tracker/share/ament_index/resource_index/package_run_dependencies/tracker
[17.748s] -- Installing: /home/guo/ITL_sentry_auto_new/install/tracker/share/ament_index/resource_index/parent_prefix_path/tracker
[17.749s] -- Installing: /home/guo/ITL_sentry_auto_new/install/tracker/share/tracker/environment/ament_prefix_path.sh
[17.749s] -- Installing: /home/guo/ITL_sentry_auto_new/install/tracker/share/tracker/environment/ament_prefix_path.dsv
[17.749s] -- Installing: /home/guo/ITL_sentry_auto_new/install/tracker/share/tracker/environment/path.sh
[17.749s] -- Installing: /home/guo/ITL_sentry_auto_new/install/tracker/share/tracker/environment/path.dsv
[17.749s] -- Installing: /home/guo/ITL_sentry_auto_new/install/tracker/share/tracker/local_setup.bash
[17.749s] -- Installing: /home/guo/ITL_sentry_auto_new/install/tracker/share/tracker/local_setup.sh
[17.749s] -- Installing: /home/guo/ITL_sentry_auto_new/install/tracker/share/tracker/local_setup.zsh
[17.749s] -- Installing: /home/guo/ITL_sentry_auto_new/install/tracker/share/tracker/local_setup.dsv
[17.749s] -- Installing: /home/guo/ITL_sentry_auto_new/install/tracker/share/tracker/package.dsv
[17.749s] -- Installing: /home/guo/ITL_sentry_auto_new/install/tracker/share/ament_index/resource_index/packages/tracker
[17.749s] -- Installing: /home/guo/ITL_sentry_auto_new/install/tracker/share/tracker/cmake/ament_cmake_export_include_directories-extras.cmake
[17.749s] -- Installing: /home/guo/ITL_sentry_auto_new/install/tracker/share/tracker/cmake/ament_cmake_export_libraries-extras.cmake
[17.749s] -- Installing: /home/guo/ITL_sentry_auto_new/install/tracker/share/tracker/cmake/ament_cmake_export_dependencies-extras.cmake
[17.749s] -- Installing: /home/guo/ITL_sentry_auto_new/install/tracker/share/tracker/cmake/trackerConfig.cmake
[17.749s] -- Installing: /home/guo/ITL_sentry_auto_new/install/tracker/share/tracker/cmake/trackerConfig-version.cmake
[17.749s] -- Installing: /home/guo/ITL_sentry_auto_new/install/tracker/share/tracker/package.xml
[17.750s] Invoked command in '/home/guo/ITL_sentry_auto_new/build/tracker' returned '0': CMAKE_PREFIX_PATH=/home/guo/ITL_sentry_auto_new/install/predictor:/home/guo/ITL_sentry_auto_new/install/solver:/home/guo/ITL_sentry_auto_new/install/motion_model:/home/guo/ITL_sentry_auto_new/install/detected:/home/guo/ITL_sentry_auto_new/install/utils:/home/guo/ITL_sentry_auto_new/install/filter_lib:/home/guo/ITL_sentry_auto_new/install/autoaim_msgs:/home/guo/ITL_sentry_auto_new/install/armor_pointer:/home/guo/ITL_sentry_auto_new/install/tracker:/home/guo/ITL_sentry_auto_new/install/hikvision:/home/guo/ITL_sentry_auto_new/install/dm_imu:/opt/ros/rolling LD_LIBRARY_PATH=/home/guo/ITL_sentry_auto_new/install/solver/lib:/home/guo/ITL_sentry_auto_new/install/motion_model/lib:/home/guo/ITL_sentry_auto_new/install/detected/lib:/home/guo/ITL_sentry_auto_new/install/autoaim_msgs/lib:/home/guo/ITL_sentry_auto_new/install/tracker/lib:/home/guo/ITL_sentry_auto_new/install/predictor/lib:/home/guo/ITL_sentry_auto_new/install/utils/lib:/home/guo/ITL_sentry_auto_new/install/filter_lib/lib:/home/guo/ITL_sentry_auto_new/install/dm_imu/lib:/home/guo/ITL_sentry_auto_new/install/armor_pointer/lib:/opt/ros/rolling/opt/rviz_ogre_vendor/lib:/opt/ros/rolling/lib/x86_64-linux-gnu:/opt/ros/rolling/lib:/opt/MVS/lib/64:/opt/MVS/lib/32:/usr/local/TensorRT.10.7.0.23/lib:/usr/lib/x86_64-linux-gnu:/usr/local/cuda/lib64:/opt/MVS/lib/64:/opt/MVS/lib/32:/opt/MVS/lib/64:/opt/MVS/lib/32 /usr/local/bin/cmake --install /home/guo/ITL_sentry_auto_new/build/tracker
