[0.019s] Invoking command in '/home/guo/ITL_sentry_auto_new/build/solver': CMAKE_PREFIX_PATH=/home/guo/ITL_sentry_auto_new/install/detected:/home/guo/ITL_sentry_auto_new/install/utils:/home/guo/ITL_sentry_auto_new/install/autoaim_msgs:/home/guo/ITL_sentry_auto_new/install/pipeline:/home/guo/ITL_sentry_auto_new/install/tracker:/home/guo/ITL_sentry_auto_new/install/aimer:/home/guo/ITL_sentry_auto_new/install/predictor:/home/guo/ITL_sentry_auto_new/install/solver:/home/guo/ITL_sentry_auto_new/install/hikvision:/home/guo/ITL_sentry_auto_new/install/gimbal:/home/guo/ITL_sentry_auto_new/install/dm_imu:/home/guo/ITL_sentry_auto_new/install/cboard:/home/guo/ITL_sentry_auto_new/install/serial:/home/guo/ITL_sentry_auto_new/install/motion_model:/home/guo/ITL_sentry_auto_new/install/filter_lib:/home/guo/ITL_sentry_auto_new/install/armor_pointer:/opt/ros/rolling LD_LIBRARY_PATH=/home/guo/ITL_sentry_auto_new/install/detected/lib:/home/guo/ITL_sentry_auto_new/install/autoaim_msgs/lib:/home/guo/ITL_sentry_auto_new/install/tracker/lib:/home/guo/ITL_sentry_auto_new/install/aimer/lib:/home/guo/ITL_sentry_auto_new/install/predictor/lib:/home/guo/ITL_sentry_auto_new/install/solver/lib:/home/guo/ITL_sentry_auto_new/install/hikvision/lib:/home/guo/ITL_sentry_auto_new/install/gimbal/lib:/home/guo/ITL_sentry_auto_new/install/dm_imu/lib:/home/guo/ITL_sentry_auto_new/install/cboard/lib:/home/guo/ITL_sentry_auto_new/install/utils/lib:/home/guo/ITL_sentry_auto_new/install/serial/lib:/home/guo/ITL_sentry_auto_new/install/motion_model/lib:/home/guo/ITL_sentry_auto_new/install/filter_lib/lib:/home/guo/ITL_sentry_auto_new/install/armor_pointer/lib:/usr/lib/x86_64-linux-gnu:/opt/ros/rolling/opt/rviz_ogre_vendor/lib:/opt/ros/rolling/lib/x86_64-linux-gnu:/opt/ros/rolling/lib:/opt/MVS/lib/64:/opt/MVS/lib/32:/usr/local/TensorRT.10.7.0.23/lib:/usr/lib/x86_64-linux-gnu:/usr/local/cuda/lib64:/opt/MVS/lib/64:/opt/MVS/lib/32:/opt/MVS/lib/64:/opt/MVS/lib/32 /usr/local/bin/cmake --build /home/guo/ITL_sentry_auto_new/build/solver -- -j24 -l24
[0.050s] [ 20%] Built target solver_base
[0.069s] [ 40%] Built target coord_converter
[0.070s] [ 60%] Built target pnp_solver_lib
[0.071s] [ 80%] Built target yaw_optimzier_lib
[0.103s] [ 90%] [32mBuilding CXX object CMakeFiles/solver_interface.dir/src/solver_node.cpp.o[0m
[3.431s] [01m[K/home/guo/ITL_sentry_auto_new/src/core/solver/src/solver_node.cpp:[m[K In member function ‘[01m[Ksolver::Armor_pose solver::Solver::processArmor(solver::Armors, double)[m[K’:
[3.431s] [01m[K/home/guo/ITL_sentry_auto_new/src/core/solver/src/solver_node.cpp:57:10:[m[K [01;35m[Kwarning: [m[Kstructured binding declaration set but not used [[01;35m[K]8;;https://gcc.gnu.org/onlinedocs/gcc/Warning-Options.html#index-Wunused-but-set-variable-Wunused-but-set-variable]8;;[m[K]
[3.431s]    57 |     auto [01;35m[K[R_gimbal_to_imu, R_camera_to_gimbal][m[K = coord_converter_->getCameraToWorldRotation();
[3.431s]       |          [01;35m[K^~~~~~~~~~~~~~~~~~~~~~~~~~~~~~~~~~~~~[m[K
[3.431s] [01m[K/home/guo/ITL_sentry_auto_new/src/core/solver/src/solver_node.cpp:203:21:[m[K [01;35m[Kwarning: [m[Kvariable ‘[01m[Ktest_R_armor_to_camera[m[K’ set but not used [[01;35m[K]8;;https://gcc.gnu.org/onlinedocs/gcc/Warning-Options.html#index-Wunused-but-set-variable-Wunused-but-set-variable]8;;[m[K]
[3.431s]   203 |     Eigen::Matrix3d [01;35m[Ktest_R_armor_to_camera[m[K = coord_converter_->transformRotation(
[3.431s]       |                     [01;35m[K^~~~~~~~~~~~~~~~~~~~~~[m[K
[8.730s] [100%] [32m[1mLinking CXX shared library libsolver_interface.so[0m
[9.074s] [100%] Built target solver_interface
[9.078s] Invoked command in '/home/guo/ITL_sentry_auto_new/build/solver' returned '0': CMAKE_PREFIX_PATH=/home/guo/ITL_sentry_auto_new/install/detected:/home/guo/ITL_sentry_auto_new/install/utils:/home/guo/ITL_sentry_auto_new/install/autoaim_msgs:/home/guo/ITL_sentry_auto_new/install/pipeline:/home/guo/ITL_sentry_auto_new/install/tracker:/home/guo/ITL_sentry_auto_new/install/aimer:/home/guo/ITL_sentry_auto_new/install/predictor:/home/guo/ITL_sentry_auto_new/install/solver:/home/guo/ITL_sentry_auto_new/install/hikvision:/home/guo/ITL_sentry_auto_new/install/gimbal:/home/guo/ITL_sentry_auto_new/install/dm_imu:/home/guo/ITL_sentry_auto_new/install/cboard:/home/guo/ITL_sentry_auto_new/install/serial:/home/guo/ITL_sentry_auto_new/install/motion_model:/home/guo/ITL_sentry_auto_new/install/filter_lib:/home/guo/ITL_sentry_auto_new/install/armor_pointer:/opt/ros/rolling LD_LIBRARY_PATH=/home/guo/ITL_sentry_auto_new/install/detected/lib:/home/guo/ITL_sentry_auto_new/install/autoaim_msgs/lib:/home/guo/ITL_sentry_auto_new/install/tracker/lib:/home/guo/ITL_sentry_auto_new/install/aimer/lib:/home/guo/ITL_sentry_auto_new/install/predictor/lib:/home/guo/ITL_sentry_auto_new/install/solver/lib:/home/guo/ITL_sentry_auto_new/install/hikvision/lib:/home/guo/ITL_sentry_auto_new/install/gimbal/lib:/home/guo/ITL_sentry_auto_new/install/dm_imu/lib:/home/guo/ITL_sentry_auto_new/install/cboard/lib:/home/guo/ITL_sentry_auto_new/install/utils/lib:/home/guo/ITL_sentry_auto_new/install/serial/lib:/home/guo/ITL_sentry_auto_new/install/motion_model/lib:/home/guo/ITL_sentry_auto_new/install/filter_lib/lib:/home/guo/ITL_sentry_auto_new/install/armor_pointer/lib:/usr/lib/x86_64-linux-gnu:/opt/ros/rolling/opt/rviz_ogre_vendor/lib:/opt/ros/rolling/lib/x86_64-linux-gnu:/opt/ros/rolling/lib:/opt/MVS/lib/64:/opt/MVS/lib/32:/usr/local/TensorRT.10.7.0.23/lib:/usr/lib/x86_64-linux-gnu:/usr/local/cuda/lib64:/opt/MVS/lib/64:/opt/MVS/lib/32:/opt/MVS/lib/64:/opt/MVS/lib/32 /usr/local/bin/cmake --build /home/guo/ITL_sentry_auto_new/build/solver -- -j24 -l24
[9.079s] Invoking command in '/home/guo/ITL_sentry_auto_new/build/solver': CMAKE_PREFIX_PATH=/home/guo/ITL_sentry_auto_new/install/detected:/home/guo/ITL_sentry_auto_new/install/utils:/home/guo/ITL_sentry_auto_new/install/autoaim_msgs:/home/guo/ITL_sentry_auto_new/install/pipeline:/home/guo/ITL_sentry_auto_new/install/tracker:/home/guo/ITL_sentry_auto_new/install/aimer:/home/guo/ITL_sentry_auto_new/install/predictor:/home/guo/ITL_sentry_auto_new/install/solver:/home/guo/ITL_sentry_auto_new/install/hikvision:/home/guo/ITL_sentry_auto_new/install/gimbal:/home/guo/ITL_sentry_auto_new/install/dm_imu:/home/guo/ITL_sentry_auto_new/install/cboard:/home/guo/ITL_sentry_auto_new/install/serial:/home/guo/ITL_sentry_auto_new/install/motion_model:/home/guo/ITL_sentry_auto_new/install/filter_lib:/home/guo/ITL_sentry_auto_new/install/armor_pointer:/opt/ros/rolling LD_LIBRARY_PATH=/home/guo/ITL_sentry_auto_new/install/detected/lib:/home/guo/ITL_sentry_auto_new/install/autoaim_msgs/lib:/home/guo/ITL_sentry_auto_new/install/tracker/lib:/home/guo/ITL_sentry_auto_new/install/aimer/lib:/home/guo/ITL_sentry_auto_new/install/predictor/lib:/home/guo/ITL_sentry_auto_new/install/solver/lib:/home/guo/ITL_sentry_auto_new/install/hikvision/lib:/home/guo/ITL_sentry_auto_new/install/gimbal/lib:/home/guo/ITL_sentry_auto_new/install/dm_imu/lib:/home/guo/ITL_sentry_auto_new/install/cboard/lib:/home/guo/ITL_sentry_auto_new/install/utils/lib:/home/guo/ITL_sentry_auto_new/install/serial/lib:/home/guo/ITL_sentry_auto_new/install/motion_model/lib:/home/guo/ITL_sentry_auto_new/install/filter_lib/lib:/home/guo/ITL_sentry_auto_new/install/armor_pointer/lib:/usr/lib/x86_64-linux-gnu:/opt/ros/rolling/opt/rviz_ogre_vendor/lib:/opt/ros/rolling/lib/x86_64-linux-gnu:/opt/ros/rolling/lib:/opt/MVS/lib/64:/opt/MVS/lib/32:/usr/local/TensorRT.10.7.0.23/lib:/usr/lib/x86_64-linux-gnu:/usr/local/cuda/lib64:/opt/MVS/lib/64:/opt/MVS/lib/32:/opt/MVS/lib/64:/opt/MVS/lib/32 /usr/local/bin/cmake --install /home/guo/ITL_sentry_auto_new/build/solver
[9.081s] -- Install configuration: "Release"
[9.082s] -- Up-to-date: /home/guo/ITL_sentry_auto_new/install/solver/lib/libsolver_base.so
[9.082s] -- Up-to-date: /home/guo/ITL_sentry_auto_new/install/solver/lib/libcoord_converter.so
[9.082s] -- Up-to-date: /home/guo/ITL_sentry_auto_new/install/solver/lib/libpnp_solver_lib.so
[9.082s] -- Up-to-date: /home/guo/ITL_sentry_auto_new/install/solver/lib/libyaw_optimzier_lib.so
[9.082s] -- Installing: /home/guo/ITL_sentry_auto_new/install/solver/lib/libsolver_interface.so
[9.087s] -- Set non-toolchain portion of runtime path of "/home/guo/ITL_sentry_auto_new/install/solver/lib/libsolver_interface.so" to ""
[9.087s] -- Up-to-date: /home/guo/ITL_sentry_auto_new/install/solver/share/solver/cmake/solverTargets.cmake
[9.087s] -- Up-to-date: /home/guo/ITL_sentry_auto_new/install/solver/share/solver/cmake/solverTargets-release.cmake
[9.087s] -- Up-to-date: /home/guo/ITL_sentry_auto_new/install/solver/include
[9.088s] -- Up-to-date: /home/guo/ITL_sentry_auto_new/install/solver/include/solver_node.hpp
[9.088s] -- Up-to-date: /home/guo/ITL_sentry_auto_new/install/solver/include/module
[9.088s] -- Up-to-date: /home/guo/ITL_sentry_auto_new/install/solver/include/module/coord_converter.hpp
[9.088s] -- Up-to-date: /home/guo/ITL_sentry_auto_new/install/solver/include/module/optimize_yaw.hpp
[9.088s] -- Up-to-date: /home/guo/ITL_sentry_auto_new/install/solver/include/module/solver.hpp
[9.088s] -- Up-to-date: /home/guo/ITL_sentry_auto_new/install/solver/include/module/pnp_solver.hpp
[9.088s] -- Up-to-date: /home/guo/ITL_sentry_auto_new/install/solver/share/solver/environment/library_path.sh
[9.089s] -- Up-to-date: /home/guo/ITL_sentry_auto_new/install/solver/share/solver/environment/library_path.dsv
[9.089s] -- Up-to-date: /home/guo/ITL_sentry_auto_new/install/solver/share/ament_index/resource_index/package_run_dependencies/solver
[9.089s] -- Up-to-date: /home/guo/ITL_sentry_auto_new/install/solver/share/ament_index/resource_index/parent_prefix_path/solver
[9.089s] -- Up-to-date: /home/guo/ITL_sentry_auto_new/install/solver/share/solver/environment/ament_prefix_path.sh
[9.089s] -- Up-to-date: /home/guo/ITL_sentry_auto_new/install/solver/share/solver/environment/ament_prefix_path.dsv
[9.089s] -- Up-to-date: /home/guo/ITL_sentry_auto_new/install/solver/share/solver/environment/path.sh
[9.089s] -- Up-to-date: /home/guo/ITL_sentry_auto_new/install/solver/share/solver/environment/path.dsv
[9.089s] -- Up-to-date: /home/guo/ITL_sentry_auto_new/install/solver/share/solver/local_setup.bash
[9.089s] -- Up-to-date: /home/guo/ITL_sentry_auto_new/install/solver/share/solver/local_setup.sh
[9.090s] -- Up-to-date: /home/guo/ITL_sentry_auto_new/install/solver/share/solver/local_setup.zsh
[9.090s] -- Up-to-date: /home/guo/ITL_sentry_auto_new/install/solver/share/solver/local_setup.dsv
[9.090s] -- Installing: /home/guo/ITL_sentry_auto_new/install/solver/share/solver/package.dsv
[9.090s] -- Up-to-date: /home/guo/ITL_sentry_auto_new/install/solver/share/ament_index/resource_index/packages/solver
[9.090s] -- Up-to-date: /home/guo/ITL_sentry_auto_new/install/solver/share/solver/cmake/solver_targetsExport.cmake
[9.090s] -- Up-to-date: /home/guo/ITL_sentry_auto_new/install/solver/share/solver/cmake/solver_targetsExport-release.cmake
[9.090s] -- Up-to-date: /home/guo/ITL_sentry_auto_new/install/solver/share/solver/cmake/ament_cmake_export_include_directories-extras.cmake
[9.090s] -- Up-to-date: /home/guo/ITL_sentry_auto_new/install/solver/share/solver/cmake/ament_cmake_export_libraries-extras.cmake
[9.090s] -- Up-to-date: /home/guo/ITL_sentry_auto_new/install/solver/share/solver/cmake/ament_cmake_export_targets-extras.cmake
[9.090s] -- Up-to-date: /home/guo/ITL_sentry_auto_new/install/solver/share/solver/cmake/ament_cmake_export_dependencies-extras.cmake
[9.090s] -- Up-to-date: /home/guo/ITL_sentry_auto_new/install/solver/share/solver/cmake/solverConfig.cmake
[9.090s] -- Up-to-date: /home/guo/ITL_sentry_auto_new/install/solver/share/solver/cmake/solverConfig-version.cmake
[9.090s] -- Up-to-date: /home/guo/ITL_sentry_auto_new/install/solver/share/solver/package.xml
[9.091s] Invoked command in '/home/guo/ITL_sentry_auto_new/build/solver' returned '0': CMAKE_PREFIX_PATH=/home/guo/ITL_sentry_auto_new/install/detected:/home/guo/ITL_sentry_auto_new/install/utils:/home/guo/ITL_sentry_auto_new/install/autoaim_msgs:/home/guo/ITL_sentry_auto_new/install/pipeline:/home/guo/ITL_sentry_auto_new/install/tracker:/home/guo/ITL_sentry_auto_new/install/aimer:/home/guo/ITL_sentry_auto_new/install/predictor:/home/guo/ITL_sentry_auto_new/install/solver:/home/guo/ITL_sentry_auto_new/install/hikvision:/home/guo/ITL_sentry_auto_new/install/gimbal:/home/guo/ITL_sentry_auto_new/install/dm_imu:/home/guo/ITL_sentry_auto_new/install/cboard:/home/guo/ITL_sentry_auto_new/install/serial:/home/guo/ITL_sentry_auto_new/install/motion_model:/home/guo/ITL_sentry_auto_new/install/filter_lib:/home/guo/ITL_sentry_auto_new/install/armor_pointer:/opt/ros/rolling LD_LIBRARY_PATH=/home/guo/ITL_sentry_auto_new/install/detected/lib:/home/guo/ITL_sentry_auto_new/install/autoaim_msgs/lib:/home/guo/ITL_sentry_auto_new/install/tracker/lib:/home/guo/ITL_sentry_auto_new/install/aimer/lib:/home/guo/ITL_sentry_auto_new/install/predictor/lib:/home/guo/ITL_sentry_auto_new/install/solver/lib:/home/guo/ITL_sentry_auto_new/install/hikvision/lib:/home/guo/ITL_sentry_auto_new/install/gimbal/lib:/home/guo/ITL_sentry_auto_new/install/dm_imu/lib:/home/guo/ITL_sentry_auto_new/install/cboard/lib:/home/guo/ITL_sentry_auto_new/install/utils/lib:/home/guo/ITL_sentry_auto_new/install/serial/lib:/home/guo/ITL_sentry_auto_new/install/motion_model/lib:/home/guo/ITL_sentry_auto_new/install/filter_lib/lib:/home/guo/ITL_sentry_auto_new/install/armor_pointer/lib:/usr/lib/x86_64-linux-gnu:/opt/ros/rolling/opt/rviz_ogre_vendor/lib:/opt/ros/rolling/lib/x86_64-linux-gnu:/opt/ros/rolling/lib:/opt/MVS/lib/64:/opt/MVS/lib/32:/usr/local/TensorRT.10.7.0.23/lib:/usr/lib/x86_64-linux-gnu:/usr/local/cuda/lib64:/opt/MVS/lib/64:/opt/MVS/lib/32:/opt/MVS/lib/64:/opt/MVS/lib/32 /usr/local/bin/cmake --install /home/guo/ITL_sentry_auto_new/build/solver
