[0.012s] Invoking command in '/home/guo/ITL_sentry_auto/build/anlesover': CMAKE_PREFIX_PATH=${CMAKE_PREFIX_PATH}:/home/guo/ITL_sentry_auto/install/pkg02_helloworld_py:/opt/ros/rolling /usr/local/bin/cmake /home/guo/ITL_sentry_auto/src/anlesover -DCMAKE_INSTALL_PREFIX=/home/guo/ITL_sentry_auto/install/anlesover
[0.050s] -- The C compiler identification is GNU 11.4.0
[0.092s] -- The CXX compiler identification is GNU 11.4.0
[0.105s] -- Detecting C compiler ABI info
[0.154s] -- Detecting C compiler ABI info - done
[0.162s] -- Check for working C compiler: /usr/bin/cc - skipped
[0.162s] -- Detecting C compile features
[0.163s] -- Detecting C compile features - done
[0.171s] -- Detecting CXX compiler ABI info
[0.229s] -- Detecting CXX compiler ABI info - done
[0.239s] -- Check for working CXX compiler: /usr/bin/c++ - skipped
[0.239s] -- Detecting CXX compile features
[0.240s] -- Detecting CXX compile features - done
[0.241s] -- Found ament_cmake: 2.3.2 (/opt/ros/rolling/share/ament_cmake/cmake)
[0.595s] -- Found Python3: /usr/bin/python3.10 (found version "3.10.12") found components: Interpreter 
[0.657s] -- Found rclcpp: 27.0.0 (/opt/ros/rolling/share/rclcpp/cmake)
[0.686s] -- Found rosidl_generator_c: 4.5.1 (/opt/ros/rolling/share/rosidl_generator_c/cmake)
[0.695s] -- Found rosidl_generator_cpp: 4.5.1 (/opt/ros/rolling/share/rosidl_generator_cpp/cmake)
[0.707s] -- Using all available rosidl_typesupport_c: rosidl_typesupport_fastrtps_c;rosidl_typesupport_introspection_c
[0.723s] -- Using all available rosidl_typesupport_cpp: rosidl_typesupport_fastrtps_cpp;rosidl_typesupport_introspection_cpp
[0.859s] -- Found rmw_implementation_cmake: 7.3.0 (/opt/ros/rolling/share/rmw_implementation_cmake/cmake)
[0.860s] -- Found rmw_fastrtps_cpp: 8.2.0 (/opt/ros/rolling/share/rmw_fastrtps_cpp/cmake)
[0.949s] -- Found OpenSSL: /usr/lib/x86_64-linux-gnu/libcrypto.so (found version "3.0.2")  
[0.975s] -- Found FastRTPS: /opt/ros/rolling/include  
[1.013s] -- Using RMW implementation 'rmw_fastrtps_cpp' as default
[1.195s] -- Found OpenCV: /usr (found version "4.5.4") 
[1.196s] -- Found sensor_msgs: 5.3.0 (/opt/ros/rolling/share/sensor_msgs/cmake)
[1.389s] -- Found cv_bridge: 3.4.0 (/opt/ros/rolling/share/cv_bridge/cmake)
[1.405s] -- Found image_transport: 5.1.0 (/opt/ros/rolling/share/image_transport/cmake)
[1.455s] -- Found ament_lint_auto: 0.16.3 (/opt/ros/rolling/share/ament_lint_auto/cmake)
[1.509s] -- Added test 'cppcheck' to perform static code analysis on C / C++ code
[1.509s] -- Configured cppcheck include dirs: $<BUILD_INTERFACE:/home/guo/ITL_sentry_auto/src/anlesover/include>
[1.509s] -- Configured cppcheck exclude dirs and/or files: 
[1.510s] -- Added test 'lint_cmake' to check CMake code style
[1.511s] -- Added test 'uncrustify' to check C / C++ code style
[1.511s] -- Configured uncrustify additional arguments: 
[1.511s] -- Added test 'xmllint' to check XML markup files
[1.512s] -- Configuring done (1.5s)
[1.524s] -- Generating done (0.0s)
[1.528s] -- Build files have been written to: /home/guo/ITL_sentry_auto/build/anlesover
[1.536s] Invoked command in '/home/guo/ITL_sentry_auto/build/anlesover' returned '0': CMAKE_PREFIX_PATH=${CMAKE_PREFIX_PATH}:/home/guo/ITL_sentry_auto/install/pkg02_helloworld_py:/opt/ros/rolling /usr/local/bin/cmake /home/guo/ITL_sentry_auto/src/anlesover -DCMAKE_INSTALL_PREFIX=/home/guo/ITL_sentry_auto/install/anlesover
[1.538s] Invoking command in '/home/guo/ITL_sentry_auto/build/anlesover': CMAKE_PREFIX_PATH=${CMAKE_PREFIX_PATH}:/home/guo/ITL_sentry_auto/install/pkg02_helloworld_py:/opt/ros/rolling /usr/local/bin/cmake --build /home/guo/ITL_sentry_auto/build/anlesover -- -j24 -l24
[1.558s] [ 50%] [32mBuilding CXX object CMakeFiles/anglesolve.dir/src/anglesolve.cpp.o[0m
[7.559s] [100%] [32m[1mLinking CXX executable anglesolve[0m
[7.880s] [100%] Built target anglesolve
[7.884s] Invoked command in '/home/guo/ITL_sentry_auto/build/anlesover' returned '0': CMAKE_PREFIX_PATH=${CMAKE_PREFIX_PATH}:/home/guo/ITL_sentry_auto/install/pkg02_helloworld_py:/opt/ros/rolling /usr/local/bin/cmake --build /home/guo/ITL_sentry_auto/build/anlesover -- -j24 -l24
[7.885s] Invoking command in '/home/guo/ITL_sentry_auto/build/anlesover': CMAKE_PREFIX_PATH=${CMAKE_PREFIX_PATH}:/home/guo/ITL_sentry_auto/install/pkg02_helloworld_py:/opt/ros/rolling /usr/local/bin/cmake --install /home/guo/ITL_sentry_auto/build/anlesover
[7.886s] -- Install configuration: ""
[7.886s] -- Installing: /home/guo/ITL_sentry_auto/install/anlesover/lib/anlesover/anglesolve
[7.889s] -- Set non-toolchain portion of runtime path of "/home/guo/ITL_sentry_auto/install/anlesover/lib/anlesover/anglesolve" to ""
[7.889s] -- Installing: /home/guo/ITL_sentry_auto/install/anlesover/share/ament_index/resource_index/package_run_dependencies/anlesover
[7.889s] -- Installing: /home/guo/ITL_sentry_auto/install/anlesover/share/ament_index/resource_index/parent_prefix_path/anlesover
[7.889s] -- Installing: /home/guo/ITL_sentry_auto/install/anlesover/share/anlesover/environment/ament_prefix_path.sh
[7.889s] -- Installing: /home/guo/ITL_sentry_auto/install/anlesover/share/anlesover/environment/ament_prefix_path.dsv
[7.889s] -- Installing: /home/guo/ITL_sentry_auto/install/anlesover/share/anlesover/environment/path.sh
[7.889s] -- Installing: /home/guo/ITL_sentry_auto/install/anlesover/share/anlesover/environment/path.dsv
[7.889s] -- Installing: /home/guo/ITL_sentry_auto/install/anlesover/share/anlesover/local_setup.bash
[7.889s] -- Installing: /home/guo/ITL_sentry_auto/install/anlesover/share/anlesover/local_setup.sh
[7.890s] -- Installing: /home/guo/ITL_sentry_auto/install/anlesover/share/anlesover/local_setup.zsh
[7.890s] -- Installing: /home/guo/ITL_sentry_auto/install/anlesover/share/anlesover/local_setup.dsv
[7.890s] -- Installing: /home/guo/ITL_sentry_auto/install/anlesover/share/anlesover/package.dsv
[7.890s] -- Installing: /home/guo/ITL_sentry_auto/install/anlesover/share/ament_index/resource_index/packages/anlesover
[7.890s] -- Installing: /home/guo/ITL_sentry_auto/install/anlesover/share/anlesover/cmake/anlesoverConfig.cmake
[7.890s] -- Installing: /home/guo/ITL_sentry_auto/install/anlesover/share/anlesover/cmake/anlesoverConfig-version.cmake
[7.890s] -- Installing: /home/guo/ITL_sentry_auto/install/anlesover/share/anlesover/package.xml
[7.891s] Invoked command in '/home/guo/ITL_sentry_auto/build/anlesover' returned '0': CMAKE_PREFIX_PATH=${CMAKE_PREFIX_PATH}:/home/guo/ITL_sentry_auto/install/pkg02_helloworld_py:/opt/ros/rolling /usr/local/bin/cmake --install /home/guo/ITL_sentry_auto/build/anlesover
